Executing: autorest --use=/home/runner/work/bicep-types-az/bicep-types-az/src/autorest.bicep --bicep --output-folder=/tmp/_bcp_1625795651387/healthbot --multiapi --title=none --skip-semantics-validation /home/runner/work/bicep-types-az/bicep-types-az/workflow-temp/azure-rest-api-specs/specification/healthbot/resource-manager/readme.md --debug --verbose
AutoRest code generation utility [cli version: 3.2.1; node: v14.17.1, max-memory: 4096 MB]
(C) 2018 Microsoft Corporation.
https://aka.ms/autorest
No configuration found at 'file:///home/runner/work/bicep-types-az/bicep-types-az/src/generator/src/cmd/'.
> Including configuration file 'file:///home/runner/work/bicep-types-az/bicep-types-az/src/generator/node_modules/autorest/dist/resources/default-configuration.md'
> Including configuration file 'file:///home/runner/work/bicep-types-az/bicep-types-az/src/generator/node_modules/autorest/dist/resources/inspect.md'
> Including configuration file 'file:///home/runner/work/bicep-types-az/bicep-types-az/src/generator/node_modules/autorest/dist/resources/directives.md'
> Including configuration file 'file:///home/runner/work/bicep-types-az/bicep-types-az/src/generator/node_modules/autorest/dist/resources/pipeline.md'
> Including configuration file 'file:///home/runner/work/bicep-types-az/bicep-types-az/src/generator/node_modules/autorest/dist/resources/loader-openapi.md'
> Including configuration file 'file:///home/runner/work/bicep-types-az/bicep-types-az/src/generator/node_modules/autorest/dist/resources/miscellaneous.md'
> Including configuration file 'file:///home/runner/work/bicep-types-az/bicep-types-az/src/generator/node_modules/autorest/dist/resources/plugin-powershell.md'
> Including configuration file 'file:///home/runner/work/bicep-types-az/bicep-types-az/src/generator/node_modules/autorest/dist/resources/plugin-azureresourceschema.md'
> Including configuration file 'file:///home/runner/work/bicep-types-az/bicep-types-az/src/generator/node_modules/autorest/dist/resources/plugin-csharp.md'
> Including configuration file 'file:///home/runner/work/bicep-types-az/bicep-types-az/src/generator/node_modules/autorest/dist/resources/plugin-go.md'
> Including configuration file 'file:///home/runner/work/bicep-types-az/bicep-types-az/src/generator/node_modules/autorest/dist/resources/plugin-java.md'
> Including configuration file 'file:///home/runner/work/bicep-types-az/bicep-types-az/src/generator/node_modules/autorest/dist/resources/plugin-nodejs.md'
> Including configuration file 'file:///home/runner/work/bicep-types-az/bicep-types-az/src/generator/node_modules/autorest/dist/resources/plugin-php.md'
> Including configuration file 'file:///home/runner/work/bicep-types-az/bicep-types-az/src/generator/node_modules/autorest/dist/resources/plugin-python.md'
> Including configuration file 'file:///home/runner/work/bicep-types-az/bicep-types-az/src/generator/node_modules/autorest/dist/resources/plugin-ruby.md'
> Including configuration file 'file:///home/runner/work/bicep-types-az/bicep-types-az/src/generator/node_modules/autorest/dist/resources/plugin-typescript.md'
> Including configuration file 'file:///home/runner/work/bicep-types-az/bicep-types-az/src/generator/node_modules/autorest/dist/resources/plugin-validators.md'
> Including configuration file 'file:///home/runner/work/bicep-types-az/bicep-types-az/src/generator/node_modules/autorest/dist/resources/plugin-az.md'
> Including configuration file 'file:///home/runner/work/bicep-types-az/bicep-types-az/src/generator/node_modules/autorest/dist/resources/plugin-terraform.md'
> Including configuration file 'file:///home/runner/work/bicep-types-az/bicep-types-az/src/generator/node_modules/autorest/dist/resources/plugin-azure-functions.md'
> Including configuration file 'file:///home/runner/work/bicep-types-az/bicep-types-az/src/generator/node_modules/autorest/dist/resources/graphs.md'
> Including configuration file 'file:///home/runner/work/bicep-types-az/bicep-types-az/src/generator/node_modules/autorest/dist/resources/help-configuration.md'
> Loading local AutoRest extension '@autorest/bicep' (/home/runner/work/bicep-types-az/bicep-types-az/src/autorest.bicep)
> Including extension configuration file 'file:///home/runner/work/bicep-types-az/bicep-types-az/src/autorest.bicep/README.md'
> Including configuration file 'file:///home/runner/work/bicep-types-az/bicep-types-az/src/autorest.bicep/README.md'
> Loading AutoRest extension '@autorest/modelerfour' (https://tinyurl.com/yhlkz69y->4.20.0-ci.b8e3f92c0)
> Including extension configuration file 'file:///home/runner/.autorest/@autorest_modelerfour@4.20.0-ci.b8e3f92c0/node_modules/@autorest/modelerfour/readme.md'
> Including configuration file 'file:///home/runner/.autorest/@autorest_modelerfour@4.20.0-ci.b8e3f92c0/node_modules/@autorest/modelerfour/readme.md'
NOTE: AutoRest core version selected from configuration: https://tinyurl.com/yfjyy27f.
Network Enabled: true

There is a new version of AutoRest available (3.2.3).
 > You can install the newer version with with npm install -g autorest@latest

Starting @autorest/core from /home/runner/.autorest/@autorest_core@3.5.0-ci.b8e3f92c0/node_modules/@autorest/core
   Loading AutoRest core      '/home/runner/.autorest/@autorest_core@3.5.0-ci.b8e3f92c0/node_modules/@autorest/core/dist' (3.5.0-ci.b8e3f92c0)
VERBOSE [0.7 s]: > Including configuration file 'file:///home/runner/work/bicep-types-az/bicep-types-az/workflow-temp/azure-rest-api-specs/specification/healthbot/resource-manager/readme.bicep.md'
VERBOSE [0.71 s]: > Initial configuration file 'file:///home/runner/work/bicep-types-az/bicep-types-az/workflow-temp/azure-rest-api-specs/specification/healthbot/resource-manager/readme.md'
VERBOSE [0.71 s]: > Including configuration file 'file:///home/runner/work/bicep-types-az/bicep-types-az/workflow-temp/azure-rest-api-specs/specification/healthbot/resource-manager/readme.md'
VERBOSE [0.73 s]: > Including configuration file 'file:///home/runner/.autorest/@autorest_core@3.5.0-ci.b8e3f92c0/node_modules/@autorest/core/dist/resources/default-configuration.md'
VERBOSE [0.74 s]: > Including configuration file 'file:///home/runner/.autorest/@autorest_core@3.5.0-ci.b8e3f92c0/node_modules/@autorest/core/dist/resources/inspect.md'
VERBOSE [0.76 s]: > Including configuration file 'file:///home/runner/.autorest/@autorest_core@3.5.0-ci.b8e3f92c0/node_modules/@autorest/core/dist/resources/directives.md'
VERBOSE [0.77 s]: > Including configuration file 'file:///home/runner/.autorest/@autorest_core@3.5.0-ci.b8e3f92c0/node_modules/@autorest/core/dist/resources/pipeline.md'
VERBOSE [0.79 s]: > Including configuration file 'file:///home/runner/.autorest/@autorest_core@3.5.0-ci.b8e3f92c0/node_modules/@autorest/core/dist/resources/loader-openapi.md'
VERBOSE [0.81 s]: > Including configuration file 'file:///home/runner/.autorest/@autorest_core@3.5.0-ci.b8e3f92c0/node_modules/@autorest/core/dist/resources/miscellaneous.md'
VERBOSE [0.83 s]: > Including configuration file 'file:///home/runner/.autorest/@autorest_core@3.5.0-ci.b8e3f92c0/node_modules/@autorest/core/dist/resources/plugin-powershell.md'
VERBOSE [0.85 s]: > Including configuration file 'file:///home/runner/.autorest/@autorest_core@3.5.0-ci.b8e3f92c0/node_modules/@autorest/core/dist/resources/plugin-azureresourceschema.md'
VERBOSE [0.86 s]: > Including configuration file 'file:///home/runner/.autorest/@autorest_core@3.5.0-ci.b8e3f92c0/node_modules/@autorest/core/dist/resources/plugin-csharp.md'
VERBOSE [0.88 s]: > Including configuration file 'file:///home/runner/.autorest/@autorest_core@3.5.0-ci.b8e3f92c0/node_modules/@autorest/core/dist/resources/plugin-go.md'
VERBOSE [0.89 s]: > Including configuration file 'file:///home/runner/.autorest/@autorest_core@3.5.0-ci.b8e3f92c0/node_modules/@autorest/core/dist/resources/plugin-java.md'
VERBOSE [0.91 s]: > Including configuration file 'file:///home/runner/.autorest/@autorest_core@3.5.0-ci.b8e3f92c0/node_modules/@autorest/core/dist/resources/plugin-nodejs.md'
VERBOSE [0.93 s]: > Including configuration file 'file:///home/runner/.autorest/@autorest_core@3.5.0-ci.b8e3f92c0/node_modules/@autorest/core/dist/resources/plugin-php.md'
VERBOSE [0.95 s]: > Including configuration file 'file:///home/runner/.autorest/@autorest_core@3.5.0-ci.b8e3f92c0/node_modules/@autorest/core/dist/resources/plugin-python.md'
VERBOSE [0.97 s]: > Including configuration file 'file:///home/runner/.autorest/@autorest_core@3.5.0-ci.b8e3f92c0/node_modules/@autorest/core/dist/resources/plugin-ruby.md'
VERBOSE [0.99 s]: > Including configuration file 'file:///home/runner/.autorest/@autorest_core@3.5.0-ci.b8e3f92c0/node_modules/@autorest/core/dist/resources/plugin-typescript.md'
VERBOSE [1.02 s]: > Including configuration file 'file:///home/runner/.autorest/@autorest_core@3.5.0-ci.b8e3f92c0/node_modules/@autorest/core/dist/resources/plugin-validators.md'
VERBOSE [1.04 s]: > Including configuration file 'file:///home/runner/.autorest/@autorest_core@3.5.0-ci.b8e3f92c0/node_modules/@autorest/core/dist/resources/plugin-az.md'
VERBOSE [1.07 s]: > Including configuration file 'file:///home/runner/.autorest/@autorest_core@3.5.0-ci.b8e3f92c0/node_modules/@autorest/core/dist/resources/plugin-terraform.md'
VERBOSE [1.08 s]: > Including configuration file 'file:///home/runner/.autorest/@autorest_core@3.5.0-ci.b8e3f92c0/node_modules/@autorest/core/dist/resources/plugin-azure-functions.md'
VERBOSE [1.11 s]: > Including configuration file 'file:///home/runner/.autorest/@autorest_core@3.5.0-ci.b8e3f92c0/node_modules/@autorest/core/dist/resources/graphs.md'
VERBOSE [1.13 s]: > Including configuration file 'file:///home/runner/.autorest/@autorest_core@3.5.0-ci.b8e3f92c0/node_modules/@autorest/core/dist/resources/help-configuration.md'
INFORMATION: > Loading local AutoRest extension '@autorest/bicep' (/home/runner/work/bicep-types-az/bicep-types-az/src/autorest.bicep)
VERBOSE [1.21 s]: > Including extension configuration file 'file:///home/runner/work/bicep-types-az/bicep-types-az/src/autorest.bicep/README.md'
VERBOSE [1.21 s]: > Including configuration file 'file:///home/runner/work/bicep-types-az/bicep-types-az/src/autorest.bicep/README.md'
INFORMATION: > Loading AutoRest extension '@autorest/modelerfour' (https://tinyurl.com/yhlkz69y->4.20.0-ci.b8e3f92c0)
VERBOSE [1.84 s]: > Including extension configuration file 'file:///home/runner/.autorest/@autorest_modelerfour@4.20.0-ci.b8e3f92c0/node_modules/@autorest/modelerfour/readme.md'
VERBOSE [1.84 s]: > Including configuration file 'file:///home/runner/.autorest/@autorest_modelerfour@4.20.0-ci.b8e3f92c0/node_modules/@autorest/modelerfour/readme.md'
Processing batch task - {"tag":"microsoft.healthbot-2020-10-20-preview"} .
VERBOSE [2.06 s]: > Including configuration file 'file:///home/runner/work/bicep-types-az/bicep-types-az/workflow-temp/azure-rest-api-specs/specification/healthbot/resource-manager/readme.bicep.md'
VERBOSE [2.06 s]: > Initial configuration file 'file:///home/runner/work/bicep-types-az/bicep-types-az/workflow-temp/azure-rest-api-specs/specification/healthbot/resource-manager/readme.md'
VERBOSE [2.06 s]: > Including configuration file 'file:///home/runner/work/bicep-types-az/bicep-types-az/workflow-temp/azure-rest-api-specs/specification/healthbot/resource-manager/readme.md'
VERBOSE [2.07 s]: > Including configuration file 'file:///home/runner/.autorest/@autorest_core@3.5.0-ci.b8e3f92c0/node_modules/@autorest/core/dist/resources/default-configuration.md'
VERBOSE [2.08 s]: > Including configuration file 'file:///home/runner/.autorest/@autorest_core@3.5.0-ci.b8e3f92c0/node_modules/@autorest/core/dist/resources/inspect.md'
VERBOSE [2.09 s]: > Including configuration file 'file:///home/runner/.autorest/@autorest_core@3.5.0-ci.b8e3f92c0/node_modules/@autorest/core/dist/resources/directives.md'
VERBOSE [2.1 s]: > Including configuration file 'file:///home/runner/.autorest/@autorest_core@3.5.0-ci.b8e3f92c0/node_modules/@autorest/core/dist/resources/pipeline.md'
VERBOSE [2.11 s]: > Including configuration file 'file:///home/runner/.autorest/@autorest_core@3.5.0-ci.b8e3f92c0/node_modules/@autorest/core/dist/resources/loader-openapi.md'
VERBOSE [2.12 s]: > Including configuration file 'file:///home/runner/.autorest/@autorest_core@3.5.0-ci.b8e3f92c0/node_modules/@autorest/core/dist/resources/miscellaneous.md'
VERBOSE [2.14 s]: > Including configuration file 'file:///home/runner/.autorest/@autorest_core@3.5.0-ci.b8e3f92c0/node_modules/@autorest/core/dist/resources/plugin-powershell.md'
VERBOSE [2.16 s]: > Including configuration file 'file:///home/runner/.autorest/@autorest_core@3.5.0-ci.b8e3f92c0/node_modules/@autorest/core/dist/resources/plugin-azureresourceschema.md'
VERBOSE [2.17 s]: > Including configuration file 'file:///home/runner/.autorest/@autorest_core@3.5.0-ci.b8e3f92c0/node_modules/@autorest/core/dist/resources/plugin-csharp.md'
VERBOSE [2.18 s]: > Including configuration file 'file:///home/runner/.autorest/@autorest_core@3.5.0-ci.b8e3f92c0/node_modules/@autorest/core/dist/resources/plugin-go.md'
VERBOSE [2.2 s]: > Including configuration file 'file:///home/runner/.autorest/@autorest_core@3.5.0-ci.b8e3f92c0/node_modules/@autorest/core/dist/resources/plugin-java.md'
VERBOSE [2.21 s]: > Including configuration file 'file:///home/runner/.autorest/@autorest_core@3.5.0-ci.b8e3f92c0/node_modules/@autorest/core/dist/resources/plugin-nodejs.md'
VERBOSE [2.23 s]: > Including configuration file 'file:///home/runner/.autorest/@autorest_core@3.5.0-ci.b8e3f92c0/node_modules/@autorest/core/dist/resources/plugin-php.md'
VERBOSE [2.24 s]: > Including configuration file 'file:///home/runner/.autorest/@autorest_core@3.5.0-ci.b8e3f92c0/node_modules/@autorest/core/dist/resources/plugin-python.md'
VERBOSE [2.26 s]: > Including configuration file 'file:///home/runner/.autorest/@autorest_core@3.5.0-ci.b8e3f92c0/node_modules/@autorest/core/dist/resources/plugin-ruby.md'
VERBOSE [2.27 s]: > Including configuration file 'file:///home/runner/.autorest/@autorest_core@3.5.0-ci.b8e3f92c0/node_modules/@autorest/core/dist/resources/plugin-typescript.md'
VERBOSE [2.3 s]: > Including configuration file 'file:///home/runner/.autorest/@autorest_core@3.5.0-ci.b8e3f92c0/node_modules/@autorest/core/dist/resources/plugin-validators.md'
VERBOSE [2.31 s]: > Including configuration file 'file:///home/runner/.autorest/@autorest_core@3.5.0-ci.b8e3f92c0/node_modules/@autorest/core/dist/resources/plugin-az.md'
VERBOSE [2.34 s]: > Including configuration file 'file:///home/runner/.autorest/@autorest_core@3.5.0-ci.b8e3f92c0/node_modules/@autorest/core/dist/resources/plugin-terraform.md'
VERBOSE [2.35 s]: > Including configuration file 'file:///home/runner/.autorest/@autorest_core@3.5.0-ci.b8e3f92c0/node_modules/@autorest/core/dist/resources/plugin-azure-functions.md'
VERBOSE [2.38 s]: > Including configuration file 'file:///home/runner/.autorest/@autorest_core@3.5.0-ci.b8e3f92c0/node_modules/@autorest/core/dist/resources/graphs.md'
VERBOSE [2.4 s]: > Including configuration file 'file:///home/runner/.autorest/@autorest_core@3.5.0-ci.b8e3f92c0/node_modules/@autorest/core/dist/resources/help-configuration.md'
INFORMATION: > Loading local AutoRest extension '@autorest/bicep' (/home/runner/work/bicep-types-az/bicep-types-az/src/autorest.bicep)
VERBOSE [2.46 s]: > Including extension configuration file 'file:///home/runner/work/bicep-types-az/bicep-types-az/src/autorest.bicep/README.md'
VERBOSE [2.46 s]: > Including configuration file 'file:///home/runner/work/bicep-types-az/bicep-types-az/src/autorest.bicep/README.md'
INFORMATION: > Loading AutoRest extension '@autorest/modelerfour' (https://tinyurl.com/yhlkz69y->4.20.0-ci.b8e3f92c0)
VERBOSE [3.18 s]: > Including extension configuration file 'file:///home/runner/.autorest/@autorest_modelerfour@4.20.0-ci.b8e3f92c0/node_modules/@autorest/modelerfour/readme.md'
VERBOSE [3.18 s]: > Including configuration file 'file:///home/runner/.autorest/@autorest_modelerfour@4.20.0-ci.b8e3f92c0/node_modules/@autorest/modelerfour/readme.md'
DEBUG [3.78 s]: swagger-document/loader-swagger - START inputs = 0
DEBUG [3.79 s]: openapi-document/loader-openapi - START inputs = 0
DEBUG [3.79 s]: pipeline-emitter - START inputs = 0
DEBUG [3.79 s]: configuration-emitter - START inputs = 0
DEBUG [3.79 s]: pipeline-emitter - END [0.05 s][84 MB]
DEBUG [3.79 s]: configuration-emitter - END [0.05 s][84 MB]
VERBOSE [3.82 s]: Reading OpenAPI 2.0 file file:///home/runner/work/bicep-types-az/bicep-types-az/workflow-temp/azure-rest-api-specs/specification/healthbot/resource-manager/Microsoft.HealthBot/preview/2020-10-20-preview/healthbot.json
DEBUG [3.82 s]: openapi-document/loader-openapi - END [0.08 s][87 MB]
DEBUG [3.86 s]: openapi-document/individual/transform - SKIPPING
DEBUG [3.86 s]: openapi-document/individual/schema-validator-openapi - SKIPPING
DEBUG [3.86 s]: openapi-document/individual/identity - SKIPPING
DEBUG [3.89 s]: swagger-document/loader-swagger - END [0.15 s][88 MB]
DEBUG [3.89 s]: swagger-document/individual/transform - START inputs = 1
DEBUG [3.93 s]: swagger-document/individual/transform - END [0.04 s][96 MB]
DEBUG [3.93 s]: swagger-document/individual/schema-validator-swagger - START inputs = 1
DEBUG [4.22 s]: swagger-document/individual/schema-validator-swagger - END [0.28 s][93 MB]
DEBUG [4.22 s]: swagger-document/identity - START inputs = 1
DEBUG [4.22 s]: swagger-document/individual/identity - START inputs = 1
DEBUG [4.22 s]: swagger-document/identity - END [0 s][93 MB]
DEBUG [4.22 s]: swagger-document/individual/identity - END [0 s][93 MB]
DEBUG [4.22 s]: openapi-document/openapi-document-converter - START inputs = 1
DEBUG [4.26 s]: openapi-document/openapi-document-converter - END [0.03 s][102 MB]
DEBUG [4.26 s]: openapi-document/transform - START inputs = 1
DEBUG [4.27 s]: openapi-document/transform - END [0 s][104 MB]
DEBUG [4.27 s]: openapi-document/semantic-validator - START inputs = 1
WARNING: Semantic validation was skipped.
DEBUG [4.27 s]: openapi-document/semantic-validator - END [0 s][93 MB]
DEBUG [4.27 s]: openapi-document/allof-cleaner - START inputs = 1
DEBUG [4.27 s]: openapi-document/allof-cleaner - END [0 s][93 MB]
DEBUG [4.27 s]: openapi-document/tree-shaker - START inputs = 1
DEBUG [4.32 s]: openapi-document/tree-shaker - END [0.04 s][106 MB]
DEBUG [4.33 s]: openapi-document/multi-api-merger - START inputs = 1
DEBUG [4.38 s]: openapi-document/multi-api-merger - END [0.05 s][103 MB]
DEBUG [4.38 s]: openapi-document/components-cleaner - START inputs = 1
DEBUG [4.44 s]: openapi-document/components-cleaner - END [0.06 s][107 MB]
DEBUG [4.44 s]: openapi-document/component-modifiers - START inputs = 1
DEBUG [4.45 s]: openapi-document/component-modifiers - END [0 s][112 MB]
DEBUG [4.45 s]: openapi-document/api-version-parameter-handler - START inputs = 1
DEBUG [4.45 s]: openapi-document/api-version-parameter-handler - END [0 s][112 MB]
DEBUG [4.45 s]: openapi-document/profile-filter - START inputs = 1
DEBUG [4.45 s]: openapi-document/profile-filter - END [0 s][112 MB]
DEBUG [4.45 s]: openapi-document/model-deduplicator - START inputs = 1
DEBUG [4.45 s]: openapi-document/emitter - START inputs = 1
DEBUG [4.45 s]: openapi-document/model-deduplicator - END [0 s][112 MB]
DEBUG [4.45 s]: openapi-document/emitter - END [0 s][112 MB]
DEBUG [4.45 s]: openapi-document/enum-deduplicator - START inputs = 1
DEBUG [4.54 s]: openapi-document/enum-deduplicator - END [0.09 s][120 MB]
DEBUG [4.54 s]: openapi-document/subset-reducer - START inputs = 1
DEBUG [4.54 s]: openapi-document/subset-reducer - END [0 s][120 MB]
DEBUG [4.54 s]: openapi-document/quick-check - START inputs = 1
DEBUG [4.54 s]: openapi-document/multi-api/reset-identity - START inputs = 1
DEBUG [4.55 s]: openapi-document/quick-check - END [0 s][125 MB]
DEBUG [4.55 s]: openapi-document/multi-api/reset-identity - END [0 s][125 MB]
DEBUG [4.56 s]: openapi-document/multi-api/identity - START inputs = 1
DEBUG [4.56 s]: openapi-document/multi-api/identity - END [0 s][114 MB]
DEBUG [4.56 s]: openapi-document/multi-api/emitter - START inputs = 1
DEBUG [4.56 s]: prechecker - START inputs = 1
DEBUG [4.56 s]: openapi-document/multi-api/emitter - END [0 s][114 MB]

WARNING (PreCheck/SchemaMissingType): The schema 'Sku' with an undefined type and declared properties is a bit ambiguous. This has been auto-corrected to 'type:object'

WARNING (PreCheck/SchemaMissingType): The schema 'Resource' with an undefined type and declared properties is a bit ambiguous. This has been auto-corrected to 'type:object'

WARNING (PreCheck/SchemaMissingType): The schema 'TrackedResource' with an undefined type and declared properties is a bit ambiguous. This has been auto-corrected to 'type:object'

WARNING (PreCheck/SchemaMissingType): The schema 'HealthBotProperties' with an undefined type and declared properties is a bit ambiguous. This has been auto-corrected to 'type:object'

WARNING (PreCheck/SchemaMissingType): The schema 'ValidationResult' with an undefined type and declared properties is a bit ambiguous. This has been auto-corrected to 'type:object'

WARNING (PreCheck/SchemaMissingType): The schema 'Error' with an undefined type and declared properties is a bit ambiguous. This has been auto-corrected to 'type:object'

WARNING (PreCheck/SchemaMissingType): The schema 'ErrorAdditionalInfo' with an undefined type and declared properties is a bit ambiguous. This has been auto-corrected to 'type:object'

WARNING (PreCheck/SchemaMissingType): The schema 'BotResponseList' with an undefined type and declared properties is a bit ambiguous. This has been auto-corrected to 'type:object'

WARNING (PreCheck/CheckDuplicateSchemas): Checking for duplicate schemas, this could take a (long) while.  Run with --verbose for more detail.
VERBOSE [4.6 s]: Found and removed 0 duplicate schema
DEBUG [4.87 s]: prechecker - END [0.3 s][117 MB]
DEBUG [4.87 s]: modelerfour - START inputs = 2
VERBOSE [4.97 s]:   ModelerFour/api-version-mode:client
VERBOSE [4.97 s]:   ModelerFour/api-version-parameter:constant
VERBOSE [4.97 s]:   ModelerFour/use-model-namespace:false

WARNING (UnkownSecurityScheme): Security scheme azure_auth is unknown and will not be processed. Only supported types are AADToken,AzureKey,Anonymous
DEBUG [5.11 s]: modelerfour - END [0.24 s][119 MB]
DEBUG [5.11 s]: modelerfour/new-transform - START inputs = 2
DEBUG [5.11 s]: modelerfour/new-transform - END [0 s][119 MB]
DEBUG [5.12 s]: modelerfour/flattener - START inputs = 2
DEBUG [5.19 s]: modelerfour/flattener - END [0.07 s][122 MB]
DEBUG [5.19 s]: modelerfour/flattener/new-transform - START inputs = 2
DEBUG [5.19 s]: modelerfour/flattener/new-transform - END [0 s][122 MB]
DEBUG [5.19 s]: modelerfour/grouper - START inputs = 2
DEBUG [5.24 s]: modelerfour/grouper - END [0.04 s][124 MB]
DEBUG [5.24 s]: modelerfour/grouper/new-transform - START inputs = 2
DEBUG [5.24 s]: modelerfour/grouper/new-transform - END [0 s][124 MB]
DEBUG [5.24 s]: modelerfour/pre-namer - START inputs = 2
DEBUG [5.3 s]: modelerfour/pre-namer - END [0.05 s][126 MB]
DEBUG [5.3 s]: modelerfour/pre-namer/new-transform - START inputs = 2
DEBUG [5.3 s]: modelerfour/pre-namer/new-transform - END [0 s][126 MB]
DEBUG [5.3 s]: modelerfour/checker - START inputs = 4
DEBUG [5.34 s]: modelerfour/checker - END [0.03 s][128 MB]
DEBUG [5.34 s]: modelerfour/identity - START inputs = 2
DEBUG [5.34 s]: modelerfour/identity - END [0 s][128 MB]
DEBUG [5.34 s]: bicep - START inputs = 2
DEBUG [5.34 s]: modelerfour/emitter - START inputs = 2
DEBUG [5.34 s]: modelerfour/notags/emitter - START inputs = 2
DEBUG [5.34 s]: modelerfour/emitter - END [0 s][128 MB]
DEBUG [5.34 s]: modelerfour/notags/emitter - END [0 s][128 MB]
INFORMATION: autorest.bicep took 7ms
DEBUG [5.4 s]: bicep - END [0.05 s][129 MB]
DEBUG [5.4 s]: bicep/emitter - START inputs = 2
DEBUG [5.4 s]: Emitting 'bicep-files' at file:///tmp/_bcp_1625795651387/healthbot/microsoft.healthbot/2020-10-20-preview/types.json
DEBUG [5.4 s]: Emitting 'bicep-files' at file:///tmp/_bcp_1625795651387/healthbot/microsoft.healthbot/2020-10-20-preview/types.md
DEBUG [5.4 s]: bicep/emitter - END [0 s][129 MB]
Processing batch task - {"tag":"microsoft.healthbot-2020-10-20"} .
VERBOSE [5.41 s]: > Including configuration file 'file:///home/runner/work/bicep-types-az/bicep-types-az/workflow-temp/azure-rest-api-specs/specification/healthbot/resource-manager/readme.bicep.md'
VERBOSE [5.42 s]: > Initial configuration file 'file:///home/runner/work/bicep-types-az/bicep-types-az/workflow-temp/azure-rest-api-specs/specification/healthbot/resource-manager/readme.md'
VERBOSE [5.42 s]: > Including configuration file 'file:///home/runner/work/bicep-types-az/bicep-types-az/workflow-temp/azure-rest-api-specs/specification/healthbot/resource-manager/readme.md'
VERBOSE [5.42 s]: > Including configuration file 'file:///home/runner/.autorest/@autorest_core@3.5.0-ci.b8e3f92c0/node_modules/@autorest/core/dist/resources/default-configuration.md'
VERBOSE [5.43 s]: > Including configuration file 'file:///home/runner/.autorest/@autorest_core@3.5.0-ci.b8e3f92c0/node_modules/@autorest/core/dist/resources/inspect.md'
VERBOSE [5.44 s]: > Including configuration file 'file:///home/runner/.autorest/@autorest_core@3.5.0-ci.b8e3f92c0/node_modules/@autorest/core/dist/resources/directives.md'
VERBOSE [5.45 s]: > Including configuration file 'file:///home/runner/.autorest/@autorest_core@3.5.0-ci.b8e3f92c0/node_modules/@autorest/core/dist/resources/pipeline.md'
VERBOSE [5.46 s]: > Including configuration file 'file:///home/runner/.autorest/@autorest_core@3.5.0-ci.b8e3f92c0/node_modules/@autorest/core/dist/resources/loader-openapi.md'
VERBOSE [5.48 s]: > Including configuration file 'file:///home/runner/.autorest/@autorest_core@3.5.0-ci.b8e3f92c0/node_modules/@autorest/core/dist/resources/miscellaneous.md'
VERBOSE [5.49 s]: > Including configuration file 'file:///home/runner/.autorest/@autorest_core@3.5.0-ci.b8e3f92c0/node_modules/@autorest/core/dist/resources/plugin-powershell.md'
VERBOSE [5.5 s]: > Including configuration file 'file:///home/runner/.autorest/@autorest_core@3.5.0-ci.b8e3f92c0/node_modules/@autorest/core/dist/resources/plugin-azureresourceschema.md'
VERBOSE [5.51 s]: > Including configuration file 'file:///home/runner/.autorest/@autorest_core@3.5.0-ci.b8e3f92c0/node_modules/@autorest/core/dist/resources/plugin-csharp.md'
VERBOSE [5.53 s]: > Including configuration file 'file:///home/runner/.autorest/@autorest_core@3.5.0-ci.b8e3f92c0/node_modules/@autorest/core/dist/resources/plugin-go.md'
VERBOSE [5.54 s]: > Including configuration file 'file:///home/runner/.autorest/@autorest_core@3.5.0-ci.b8e3f92c0/node_modules/@autorest/core/dist/resources/plugin-java.md'
VERBOSE [5.56 s]: > Including configuration file 'file:///home/runner/.autorest/@autorest_core@3.5.0-ci.b8e3f92c0/node_modules/@autorest/core/dist/resources/plugin-nodejs.md'
VERBOSE [5.57 s]: > Including configuration file 'file:///home/runner/.autorest/@autorest_core@3.5.0-ci.b8e3f92c0/node_modules/@autorest/core/dist/resources/plugin-php.md'
VERBOSE [5.59 s]: > Including configuration file 'file:///home/runner/.autorest/@autorest_core@3.5.0-ci.b8e3f92c0/node_modules/@autorest/core/dist/resources/plugin-python.md'
VERBOSE [5.62 s]: > Including configuration file 'file:///home/runner/.autorest/@autorest_core@3.5.0-ci.b8e3f92c0/node_modules/@autorest/core/dist/resources/plugin-ruby.md'
VERBOSE [5.66 s]: > Including configuration file 'file:///home/runner/.autorest/@autorest_core@3.5.0-ci.b8e3f92c0/node_modules/@autorest/core/dist/resources/plugin-typescript.md'
VERBOSE [5.69 s]: > Including configuration file 'file:///home/runner/.autorest/@autorest_core@3.5.0-ci.b8e3f92c0/node_modules/@autorest/core/dist/resources/plugin-validators.md'
VERBOSE [5.71 s]: > Including configuration file 'file:///home/runner/.autorest/@autorest_core@3.5.0-ci.b8e3f92c0/node_modules/@autorest/core/dist/resources/plugin-az.md'
VERBOSE [5.73 s]: > Including configuration file 'file:///home/runner/.autorest/@autorest_core@3.5.0-ci.b8e3f92c0/node_modules/@autorest/core/dist/resources/plugin-terraform.md'
VERBOSE [5.75 s]: > Including configuration file 'file:///home/runner/.autorest/@autorest_core@3.5.0-ci.b8e3f92c0/node_modules/@autorest/core/dist/resources/plugin-azure-functions.md'
VERBOSE [5.77 s]: > Including configuration file 'file:///home/runner/.autorest/@autorest_core@3.5.0-ci.b8e3f92c0/node_modules/@autorest/core/dist/resources/graphs.md'
VERBOSE [5.79 s]: > Including configuration file 'file:///home/runner/.autorest/@autorest_core@3.5.0-ci.b8e3f92c0/node_modules/@autorest/core/dist/resources/help-configuration.md'
INFORMATION: > Loading local AutoRest extension '@autorest/bicep' (/home/runner/work/bicep-types-az/bicep-types-az/src/autorest.bicep)
VERBOSE [5.86 s]: > Including extension configuration file 'file:///home/runner/work/bicep-types-az/bicep-types-az/src/autorest.bicep/README.md'
VERBOSE [5.86 s]: > Including configuration file 'file:///home/runner/work/bicep-types-az/bicep-types-az/src/autorest.bicep/README.md'
INFORMATION: > Loading AutoRest extension '@autorest/modelerfour' (https://tinyurl.com/yhlkz69y->4.20.0-ci.b8e3f92c0)
VERBOSE [6.43 s]: > Including extension configuration file 'file:///home/runner/.autorest/@autorest_modelerfour@4.20.0-ci.b8e3f92c0/node_modules/@autorest/modelerfour/readme.md'
VERBOSE [6.44 s]: > Including configuration file 'file:///home/runner/.autorest/@autorest_modelerfour@4.20.0-ci.b8e3f92c0/node_modules/@autorest/modelerfour/readme.md'
DEBUG [6.72 s]: swagger-document/loader-swagger - START inputs = 0
DEBUG [6.72 s]: openapi-document/loader-openapi - START inputs = 0
DEBUG [6.72 s]: pipeline-emitter - START inputs = 0
DEBUG [6.72 s]: configuration-emitter - START inputs = 0
DEBUG [6.72 s]: pipeline-emitter - END [0.04 s][91 MB]
DEBUG [6.72 s]: configuration-emitter - END [0.04 s][91 MB]
VERBOSE [6.72 s]: Reading OpenAPI 2.0 file file:///home/runner/work/bicep-types-az/bicep-types-az/workflow-temp/azure-rest-api-specs/specification/healthbot/resource-manager/Microsoft.HealthBot/stable/2020-10-20/healthbot.json
DEBUG [6.72 s]: openapi-document/loader-openapi - END [0.04 s][93 MB]
DEBUG [6.75 s]: openapi-document/individual/transform - SKIPPING
DEBUG [6.75 s]: openapi-document/individual/schema-validator-openapi - SKIPPING
DEBUG [6.75 s]: openapi-document/individual/identity - SKIPPING
DEBUG [6.79 s]: swagger-document/loader-swagger - END [0.1 s][93 MB]
DEBUG [6.79 s]: swagger-document/individual/transform - START inputs = 1
DEBUG [6.82 s]: swagger-document/individual/transform - END [0.03 s][101 MB]
DEBUG [6.82 s]: swagger-document/individual/schema-validator-swagger - START inputs = 1
DEBUG [6.83 s]: swagger-document/individual/schema-validator-swagger - END [0 s][102 MB]
DEBUG [6.83 s]: swagger-document/identity - START inputs = 1
DEBUG [6.83 s]: swagger-document/individual/identity - START inputs = 1
DEBUG [6.83 s]: swagger-document/identity - END [0 s][102 MB]
DEBUG [6.83 s]: swagger-document/individual/identity - END [0 s][102 MB]
DEBUG [6.83 s]: openapi-document/openapi-document-converter - START inputs = 1
DEBUG [6.85 s]: openapi-document/openapi-document-converter - END [0.02 s][99 MB]
DEBUG [6.85 s]: openapi-document/transform - START inputs = 1
DEBUG [6.85 s]: openapi-document/transform - END [0 s][101 MB]
DEBUG [6.85 s]: openapi-document/semantic-validator - START inputs = 1
WARNING: Semantic validation was skipped.
DEBUG [6.85 s]: openapi-document/semantic-validator - END [0 s][101 MB]
DEBUG [6.85 s]: openapi-document/allof-cleaner - START inputs = 1
DEBUG [6.86 s]: openapi-document/allof-cleaner - END [0 s][102 MB]
DEBUG [6.86 s]: openapi-document/tree-shaker - START inputs = 1
DEBUG [6.89 s]: openapi-document/tree-shaker - END [0.03 s][102 MB]
DEBUG [6.89 s]: openapi-document/multi-api-merger - START inputs = 1
DEBUG [6.95 s]: openapi-document/multi-api-merger - END [0.05 s][111 MB]
DEBUG [6.95 s]: openapi-document/components-cleaner - START inputs = 1
DEBUG [7 s]: openapi-document/components-cleaner - END [0.05 s][114 MB]
DEBUG [7 s]: openapi-document/component-modifiers - START inputs = 1
DEBUG [7.01 s]: openapi-document/component-modifiers - END [0 s][119 MB]
DEBUG [7.01 s]: openapi-document/api-version-parameter-handler - START inputs = 1
DEBUG [7.01 s]: openapi-document/api-version-parameter-handler - END [0 s][119 MB]
DEBUG [7.01 s]: openapi-document/profile-filter - START inputs = 1
DEBUG [7.01 s]: openapi-document/profile-filter - END [0 s][119 MB]
DEBUG [7.01 s]: openapi-document/model-deduplicator - START inputs = 1
DEBUG [7.01 s]: openapi-document/emitter - START inputs = 1
DEBUG [7.01 s]: openapi-document/model-deduplicator - END [0 s][119 MB]
DEBUG [7.01 s]: openapi-document/emitter - END [0 s][119 MB]
DEBUG [7.01 s]: openapi-document/enum-deduplicator - START inputs = 1
DEBUG [7.08 s]: openapi-document/enum-deduplicator - END [0.06 s][126 MB]
DEBUG [7.08 s]: openapi-document/subset-reducer - START inputs = 1
DEBUG [7.08 s]: openapi-document/subset-reducer - END [0 s][115 MB]
DEBUG [7.08 s]: openapi-document/quick-check - START inputs = 1
DEBUG [7.08 s]: openapi-document/multi-api/reset-identity - START inputs = 1
DEBUG [7.09 s]: openapi-document/quick-check - END [0 s][120 MB]
DEBUG [7.09 s]: openapi-document/multi-api/reset-identity - END [0 s][120 MB]
DEBUG [7.09 s]: openapi-document/multi-api/identity - START inputs = 1
DEBUG [7.09 s]: openapi-document/multi-api/identity - END [0 s][120 MB]
DEBUG [7.09 s]: openapi-document/multi-api/emitter - START inputs = 1
DEBUG [7.09 s]: prechecker - START inputs = 1
DEBUG [7.09 s]: openapi-document/multi-api/emitter - END [0 s][120 MB]

WARNING (PreCheck/SchemaMissingType): The schema 'Sku' with an undefined type and declared properties is a bit ambiguous. This has been auto-corrected to 'type:object'

WARNING (PreCheck/SchemaMissingType): The schema 'Resource' with an undefined type and declared properties is a bit ambiguous. This has been auto-corrected to 'type:object'

WARNING (PreCheck/SchemaMissingType): The schema 'TrackedResource' with an undefined type and declared properties is a bit ambiguous. This has been auto-corrected to 'type:object'

WARNING (PreCheck/SchemaMissingType): The schema 'HealthBotProperties' with an undefined type and declared properties is a bit ambiguous. This has been auto-corrected to 'type:object'

WARNING (PreCheck/SchemaMissingType): The schema 'ValidationResult' with an undefined type and declared properties is a bit ambiguous. This has been auto-corrected to 'type:object'

WARNING (PreCheck/SchemaMissingType): The schema 'Error' with an undefined type and declared properties is a bit ambiguous. This has been auto-corrected to 'type:object'

WARNING (PreCheck/SchemaMissingType): The schema 'ErrorAdditionalInfo' with an undefined type and declared properties is a bit ambiguous. This has been auto-corrected to 'type:object'

WARNING (PreCheck/SchemaMissingType): The schema 'BotResponseList' with an undefined type and declared properties is a bit ambiguous. This has been auto-corrected to 'type:object'

WARNING (PreCheck/CheckDuplicateSchemas): Checking for duplicate schemas, this could take a (long) while.  Run with --verbose for more detail.
VERBOSE [7.11 s]: Found and removed 0 duplicate schema
DEBUG [7.13 s]: prechecker - END [0.03 s][123 MB]
DEBUG [7.13 s]: modelerfour - START inputs = 2
VERBOSE [7.14 s]:   ModelerFour/api-version-mode:client
VERBOSE [7.14 s]:   ModelerFour/api-version-parameter:constant
VERBOSE [7.14 s]:   ModelerFour/use-model-namespace:false

WARNING (UnkownSecurityScheme): Security scheme azure_auth is unknown and will not be processed. Only supported types are AADToken,AzureKey,Anonymous
DEBUG [7.2 s]: modelerfour - END [0.07 s][125 MB]
DEBUG [7.2 s]: modelerfour/new-transform - START inputs = 2
DEBUG [7.2 s]: modelerfour/new-transform - END [0 s][125 MB]
DEBUG [7.2 s]: modelerfour/flattener - START inputs = 2
DEBUG [7.24 s]: modelerfour/flattener - END [0.03 s][128 MB]
DEBUG [7.24 s]: modelerfour/flattener/new-transform - START inputs = 2
DEBUG [7.24 s]: modelerfour/flattener/new-transform - END [0 s][128 MB]
DEBUG [7.24 s]: modelerfour/grouper - START inputs = 2
DEBUG [7.28 s]: modelerfour/grouper - END [0.03 s][130 MB]
DEBUG [7.28 s]: modelerfour/grouper/new-transform - START inputs = 2
DEBUG [7.28 s]: modelerfour/grouper/new-transform - END [0 s][130 MB]
DEBUG [7.28 s]: modelerfour/pre-namer - START inputs = 2
DEBUG [7.32 s]: modelerfour/pre-namer - END [0.04 s][132 MB]
DEBUG [7.33 s]: modelerfour/pre-namer/new-transform - START inputs = 2
DEBUG [7.33 s]: modelerfour/pre-namer/new-transform - END [0 s][132 MB]
DEBUG [7.33 s]: modelerfour/checker - START inputs = 4
DEBUG [7.36 s]: modelerfour/checker - END [0.03 s][134 MB]
DEBUG [7.36 s]: modelerfour/identity - START inputs = 2
DEBUG [7.36 s]: modelerfour/identity - END [0 s][134 MB]
DEBUG [7.36 s]: bicep - START inputs = 2
DEBUG [7.36 s]: modelerfour/emitter - START inputs = 2
DEBUG [7.36 s]: modelerfour/notags/emitter - START inputs = 2
DEBUG [7.36 s]: modelerfour/emitter - END [0 s][134 MB]
DEBUG [7.36 s]: modelerfour/notags/emitter - END [0 s][134 MB]
INFORMATION: autorest.bicep took 1ms
DEBUG [7.39 s]: bicep - END [0.03 s][135 MB]
DEBUG [7.39 s]: bicep/emitter - START inputs = 2
DEBUG [7.39 s]: Emitting 'bicep-files' at file:///tmp/_bcp_1625795651387/healthbot/microsoft.healthbot/2020-10-20/types.json
DEBUG [7.4 s]: Emitting 'bicep-files' at file:///tmp/_bcp_1625795651387/healthbot/microsoft.healthbot/2020-10-20/types.md
DEBUG [7.4 s]: bicep/emitter - END [0 s][135 MB]
Processing batch task - {"tag":"microsoft.healthbot-2020-12-08-preview"} .
VERBOSE [7.4 s]: > Including configuration file 'file:///home/runner/work/bicep-types-az/bicep-types-az/workflow-temp/azure-rest-api-specs/specification/healthbot/resource-manager/readme.bicep.md'
VERBOSE [7.41 s]: > Initial configuration file 'file:///home/runner/work/bicep-types-az/bicep-types-az/workflow-temp/azure-rest-api-specs/specification/healthbot/resource-manager/readme.md'
VERBOSE [7.41 s]: > Including configuration file 'file:///home/runner/work/bicep-types-az/bicep-types-az/workflow-temp/azure-rest-api-specs/specification/healthbot/resource-manager/readme.md'
VERBOSE [7.41 s]: > Including configuration file 'file:///home/runner/.autorest/@autorest_core@3.5.0-ci.b8e3f92c0/node_modules/@autorest/core/dist/resources/default-configuration.md'
VERBOSE [7.43 s]: > Including configuration file 'file:///home/runner/.autorest/@autorest_core@3.5.0-ci.b8e3f92c0/node_modules/@autorest/core/dist/resources/inspect.md'
VERBOSE [7.43 s]: > Including configuration file 'file:///home/runner/.autorest/@autorest_core@3.5.0-ci.b8e3f92c0/node_modules/@autorest/core/dist/resources/directives.md'
VERBOSE [7.44 s]: > Including configuration file 'file:///home/runner/.autorest/@autorest_core@3.5.0-ci.b8e3f92c0/node_modules/@autorest/core/dist/resources/pipeline.md'
VERBOSE [7.45 s]: > Including configuration file 'file:///home/runner/.autorest/@autorest_core@3.5.0-ci.b8e3f92c0/node_modules/@autorest/core/dist/resources/loader-openapi.md'
VERBOSE [7.46 s]: > Including configuration file 'file:///home/runner/.autorest/@autorest_core@3.5.0-ci.b8e3f92c0/node_modules/@autorest/core/dist/resources/miscellaneous.md'
VERBOSE [7.47 s]: > Including configuration file 'file:///home/runner/.autorest/@autorest_core@3.5.0-ci.b8e3f92c0/node_modules/@autorest/core/dist/resources/plugin-powershell.md'
VERBOSE [7.48 s]: > Including configuration file 'file:///home/runner/.autorest/@autorest_core@3.5.0-ci.b8e3f92c0/node_modules/@autorest/core/dist/resources/plugin-azureresourceschema.md'
VERBOSE [7.49 s]: > Including configuration file 'file:///home/runner/.autorest/@autorest_core@3.5.0-ci.b8e3f92c0/node_modules/@autorest/core/dist/resources/plugin-csharp.md'
VERBOSE [7.51 s]: > Including configuration file 'file:///home/runner/.autorest/@autorest_core@3.5.0-ci.b8e3f92c0/node_modules/@autorest/core/dist/resources/plugin-go.md'
VERBOSE [7.52 s]: > Including configuration file 'file:///home/runner/.autorest/@autorest_core@3.5.0-ci.b8e3f92c0/node_modules/@autorest/core/dist/resources/plugin-java.md'
VERBOSE [7.54 s]: > Including configuration file 'file:///home/runner/.autorest/@autorest_core@3.5.0-ci.b8e3f92c0/node_modules/@autorest/core/dist/resources/plugin-nodejs.md'
VERBOSE [7.55 s]: > Including configuration file 'file:///home/runner/.autorest/@autorest_core@3.5.0-ci.b8e3f92c0/node_modules/@autorest/core/dist/resources/plugin-php.md'
VERBOSE [7.56 s]: > Including configuration file 'file:///home/runner/.autorest/@autorest_core@3.5.0-ci.b8e3f92c0/node_modules/@autorest/core/dist/resources/plugin-python.md'
VERBOSE [7.58 s]: > Including configuration file 'file:///home/runner/.autorest/@autorest_core@3.5.0-ci.b8e3f92c0/node_modules/@autorest/core/dist/resources/plugin-ruby.md'
VERBOSE [7.6 s]: > Including configuration file 'file:///home/runner/.autorest/@autorest_core@3.5.0-ci.b8e3f92c0/node_modules/@autorest/core/dist/resources/plugin-typescript.md'
VERBOSE [7.61 s]: > Including configuration file 'file:///home/runner/.autorest/@autorest_core@3.5.0-ci.b8e3f92c0/node_modules/@autorest/core/dist/resources/plugin-validators.md'
VERBOSE [7.63 s]: > Including configuration file 'file:///home/runner/.autorest/@autorest_core@3.5.0-ci.b8e3f92c0/node_modules/@autorest/core/dist/resources/plugin-az.md'
VERBOSE [7.65 s]: > Including configuration file 'file:///home/runner/.autorest/@autorest_core@3.5.0-ci.b8e3f92c0/node_modules/@autorest/core/dist/resources/plugin-terraform.md'
VERBOSE [7.67 s]: > Including configuration file 'file:///home/runner/.autorest/@autorest_core@3.5.0-ci.b8e3f92c0/node_modules/@autorest/core/dist/resources/plugin-azure-functions.md'
VERBOSE [7.69 s]: > Including configuration file 'file:///home/runner/.autorest/@autorest_core@3.5.0-ci.b8e3f92c0/node_modules/@autorest/core/dist/resources/graphs.md'
VERBOSE [7.71 s]: > Including configuration file 'file:///home/runner/.autorest/@autorest_core@3.5.0-ci.b8e3f92c0/node_modules/@autorest/core/dist/resources/help-configuration.md'
INFORMATION: > Loading local AutoRest extension '@autorest/bicep' (/home/runner/work/bicep-types-az/bicep-types-az/src/autorest.bicep)
VERBOSE [7.78 s]: > Including extension configuration file 'file:///home/runner/work/bicep-types-az/bicep-types-az/src/autorest.bicep/README.md'
VERBOSE [7.78 s]: > Including configuration file 'file:///home/runner/work/bicep-types-az/bicep-types-az/src/autorest.bicep/README.md'
INFORMATION: > Loading AutoRest extension '@autorest/modelerfour' (https://tinyurl.com/yhlkz69y->4.20.0-ci.b8e3f92c0)
VERBOSE [8.38 s]: > Including extension configuration file 'file:///home/runner/.autorest/@autorest_modelerfour@4.20.0-ci.b8e3f92c0/node_modules/@autorest/modelerfour/readme.md'
VERBOSE [8.38 s]: > Including configuration file 'file:///home/runner/.autorest/@autorest_modelerfour@4.20.0-ci.b8e3f92c0/node_modules/@autorest/modelerfour/readme.md'
DEBUG [8.66 s]: swagger-document/loader-swagger - START inputs = 0
DEBUG [8.66 s]: openapi-document/loader-openapi - START inputs = 0
DEBUG [8.66 s]: pipeline-emitter - START inputs = 0
DEBUG [8.66 s]: configuration-emitter - START inputs = 0
DEBUG [8.66 s]: pipeline-emitter - END [0.03 s][141 MB]
DEBUG [8.66 s]: configuration-emitter - END [0.03 s][141 MB]
VERBOSE [8.66 s]: Reading OpenAPI 2.0 file file:///home/runner/work/bicep-types-az/bicep-types-az/workflow-temp/azure-rest-api-specs/specification/healthbot/resource-manager/Microsoft.HealthBot/preview/2020-12-08-preview/healthbot.json
DEBUG [8.66 s]: openapi-document/loader-openapi - END [0.03 s][144 MB]
DEBUG [8.68 s]: openapi-document/individual/transform - SKIPPING
DEBUG [8.68 s]: openapi-document/individual/schema-validator-openapi - SKIPPING
DEBUG [8.68 s]: openapi-document/individual/identity - SKIPPING
DEBUG [8.7 s]: swagger-document/loader-swagger - END [0.07 s][146 MB]
DEBUG [8.7 s]: swagger-document/individual/transform - START inputs = 1
DEBUG [8.74 s]: swagger-document/individual/transform - END [0.03 s][154 MB]
DEBUG [8.74 s]: swagger-document/individual/schema-validator-swagger - START inputs = 1
DEBUG [8.74 s]: swagger-document/individual/schema-validator-swagger - END [0 s][155 MB]
DEBUG [8.74 s]: swagger-document/identity - START inputs = 1
DEBUG [8.74 s]: swagger-document/individual/identity - START inputs = 1
DEBUG [8.74 s]: swagger-document/identity - END [0 s][155 MB]
DEBUG [8.74 s]: swagger-document/individual/identity - END [0 s][155 MB]
DEBUG [8.74 s]: openapi-document/openapi-document-converter - START inputs = 1
DEBUG [8.76 s]: openapi-document/openapi-document-converter - END [0.01 s][152 MB]
DEBUG [8.76 s]: openapi-document/transform - START inputs = 1
DEBUG [8.77 s]: openapi-document/transform - END [0 s][154 MB]
DEBUG [8.77 s]: openapi-document/semantic-validator - START inputs = 1
WARNING: Semantic validation was skipped.
DEBUG [8.77 s]: openapi-document/semantic-validator - END [0 s][154 MB]
DEBUG [8.77 s]: openapi-document/allof-cleaner - START inputs = 1
DEBUG [8.77 s]: openapi-document/allof-cleaner - END [0 s][154 MB]
DEBUG [8.77 s]: openapi-document/tree-shaker - START inputs = 1
DEBUG [8.8 s]: openapi-document/tree-shaker - END [0.02 s][155 MB]
DEBUG [8.8 s]: openapi-document/multi-api-merger - START inputs = 1
DEBUG [8.84 s]: openapi-document/multi-api-merger - END [0.04 s][164 MB]
DEBUG [8.84 s]: openapi-document/components-cleaner - START inputs = 1
DEBUG [8.89 s]: openapi-document/components-cleaner - END [0.05 s][167 MB]
DEBUG [8.89 s]: openapi-document/component-modifiers - START inputs = 1
DEBUG [8.9 s]: openapi-document/component-modifiers - END [0 s][172 MB]
DEBUG [8.9 s]: openapi-document/api-version-parameter-handler - START inputs = 1
DEBUG [8.9 s]: openapi-document/api-version-parameter-handler - END [0 s][172 MB]
DEBUG [8.9 s]: openapi-document/profile-filter - START inputs = 1
DEBUG [8.9 s]: openapi-document/profile-filter - END [0 s][172 MB]
DEBUG [8.9 s]: openapi-document/model-deduplicator - START inputs = 1
DEBUG [8.9 s]: openapi-document/emitter - START inputs = 1
DEBUG [8.9 s]: openapi-document/model-deduplicator - END [0 s][172 MB]
DEBUG [8.9 s]: openapi-document/emitter - END [0 s][172 MB]
DEBUG [8.9 s]: openapi-document/enum-deduplicator - START inputs = 1
DEBUG [8.97 s]: openapi-document/enum-deduplicator - END [0.06 s][180 MB]
DEBUG [8.97 s]: openapi-document/subset-reducer - START inputs = 1
DEBUG [8.97 s]: openapi-document/subset-reducer - END [0 s][169 MB]
DEBUG [8.97 s]: openapi-document/quick-check - START inputs = 1
DEBUG [8.97 s]: openapi-document/multi-api/reset-identity - START inputs = 1
DEBUG [8.98 s]: openapi-document/quick-check - END [0 s][173 MB]
DEBUG [8.98 s]: openapi-document/multi-api/reset-identity - END [0 s][173 MB]
DEBUG [8.98 s]: openapi-document/multi-api/identity - START inputs = 1
DEBUG [8.98 s]: openapi-document/multi-api/identity - END [0 s][174 MB]
DEBUG [8.98 s]: openapi-document/multi-api/emitter - START inputs = 1
DEBUG [8.98 s]: prechecker - START inputs = 1
DEBUG [8.98 s]: openapi-document/multi-api/emitter - END [0 s][174 MB]

WARNING (PreCheck/SchemaMissingType): The schema 'Sku' with an undefined type and declared properties is a bit ambiguous. This has been auto-corrected to 'type:object'

WARNING (PreCheck/SchemaMissingType): The schema 'Resource' with an undefined type and declared properties is a bit ambiguous. This has been auto-corrected to 'type:object'

WARNING (PreCheck/SchemaMissingType): The schema 'TrackedResource' with an undefined type and declared properties is a bit ambiguous. This has been auto-corrected to 'type:object'

WARNING (PreCheck/SchemaMissingType): The schema 'HealthBotProperties' with an undefined type and declared properties is a bit ambiguous. This has been auto-corrected to 'type:object'

WARNING (PreCheck/SchemaMissingType): The schema 'ValidationResult' with an undefined type and declared properties is a bit ambiguous. This has been auto-corrected to 'type:object'

WARNING (PreCheck/SchemaMissingType): The schema 'Error' with an undefined type and declared properties is a bit ambiguous. This has been auto-corrected to 'type:object'

WARNING (PreCheck/SchemaMissingType): The schema 'ErrorAdditionalInfo' with an undefined type and declared properties is a bit ambiguous. This has been auto-corrected to 'type:object'

WARNING (PreCheck/SchemaMissingType): The schema 'BotResponseList' with an undefined type and declared properties is a bit ambiguous. This has been auto-corrected to 'type:object'

WARNING (PreCheck/CheckDuplicateSchemas): Checking for duplicate schemas, this could take a (long) while.  Run with --verbose for more detail.
VERBOSE [9 s]: Found and removed 0 duplicate schema
DEBUG [9.02 s]: prechecker - END [0.03 s][176 MB]
DEBUG [9.02 s]: modelerfour - START inputs = 2
VERBOSE [9.03 s]:   ModelerFour/api-version-mode:client
VERBOSE [9.03 s]:   ModelerFour/api-version-parameter:constant
VERBOSE [9.03 s]:   ModelerFour/use-model-namespace:false

WARNING (UnkownSecurityScheme): Security scheme azure_auth is unknown and will not be processed. Only supported types are AADToken,AzureKey,Anonymous
DEBUG [9.09 s]: modelerfour - END [0.07 s][179 MB]
DEBUG [9.09 s]: modelerfour/new-transform - START inputs = 2
DEBUG [9.09 s]: modelerfour/new-transform - END [0 s][179 MB]
DEBUG [9.09 s]: modelerfour/flattener - START inputs = 2
DEBUG [9.13 s]: modelerfour/flattener - END [0.04 s][181 MB]
DEBUG [9.13 s]: modelerfour/flattener/new-transform - START inputs = 2
DEBUG [9.14 s]: modelerfour/flattener/new-transform - END [0 s][181 MB]
DEBUG [9.14 s]: modelerfour/grouper - START inputs = 2
DEBUG [9.17 s]: modelerfour/grouper - END [0.03 s][183 MB]
DEBUG [9.17 s]: modelerfour/grouper/new-transform - START inputs = 2
DEBUG [9.17 s]: modelerfour/grouper/new-transform - END [0 s][183 MB]
DEBUG [9.17 s]: modelerfour/pre-namer - START inputs = 2
DEBUG [9.22 s]: modelerfour/pre-namer - END [0.04 s][185 MB]
DEBUG [9.22 s]: modelerfour/pre-namer/new-transform - START inputs = 2
DEBUG [9.22 s]: modelerfour/pre-namer/new-transform - END [0 s][185 MB]
DEBUG [9.22 s]: modelerfour/checker - START inputs = 4
DEBUG [9.25 s]: modelerfour/checker - END [0.03 s][187 MB]
DEBUG [9.25 s]: modelerfour/identity - START inputs = 2
DEBUG [9.26 s]: modelerfour/identity - END [0 s][187 MB]
DEBUG [9.26 s]: bicep - START inputs = 2
DEBUG [9.26 s]: modelerfour/emitter - START inputs = 2
DEBUG [9.26 s]: modelerfour/notags/emitter - START inputs = 2
DEBUG [9.26 s]: modelerfour/emitter - END [0 s][188 MB]
DEBUG [9.26 s]: modelerfour/notags/emitter - END [0 s][188 MB]
INFORMATION: autorest.bicep took 1ms
DEBUG [9.28 s]: bicep - END [0.02 s][188 MB]
DEBUG [9.28 s]: bicep/emitter - START inputs = 2
DEBUG [9.28 s]: Emitting 'bicep-files' at file:///tmp/_bcp_1625795651387/healthbot/microsoft.healthbot/2020-12-08-preview/types.json
DEBUG [9.28 s]: Emitting 'bicep-files' at file:///tmp/_bcp_1625795651387/healthbot/microsoft.healthbot/2020-12-08-preview/types.md
DEBUG [9.28 s]: bicep/emitter - END [0 s][189 MB]
Processing batch task - {"tag":"microsoft.healthbot-2020-12-08"} .
VERBOSE [9.29 s]: > Including configuration file 'file:///home/runner/work/bicep-types-az/bicep-types-az/workflow-temp/azure-rest-api-specs/specification/healthbot/resource-manager/readme.bicep.md'
VERBOSE [9.29 s]: > Initial configuration file 'file:///home/runner/work/bicep-types-az/bicep-types-az/workflow-temp/azure-rest-api-specs/specification/healthbot/resource-manager/readme.md'
VERBOSE [9.29 s]: > Including configuration file 'file:///home/runner/work/bicep-types-az/bicep-types-az/workflow-temp/azure-rest-api-specs/specification/healthbot/resource-manager/readme.md'
VERBOSE [9.3 s]: > Including configuration file 'file:///home/runner/.autorest/@autorest_core@3.5.0-ci.b8e3f92c0/node_modules/@autorest/core/dist/resources/default-configuration.md'
VERBOSE [9.31 s]: > Including configuration file 'file:///home/runner/.autorest/@autorest_core@3.5.0-ci.b8e3f92c0/node_modules/@autorest/core/dist/resources/inspect.md'
VERBOSE [9.32 s]: > Including configuration file 'file:///home/runner/.autorest/@autorest_core@3.5.0-ci.b8e3f92c0/node_modules/@autorest/core/dist/resources/directives.md'
VERBOSE [9.33 s]: > Including configuration file 'file:///home/runner/.autorest/@autorest_core@3.5.0-ci.b8e3f92c0/node_modules/@autorest/core/dist/resources/pipeline.md'
VERBOSE [9.33 s]: > Including configuration file 'file:///home/runner/.autorest/@autorest_core@3.5.0-ci.b8e3f92c0/node_modules/@autorest/core/dist/resources/loader-openapi.md'
VERBOSE [9.34 s]: > Including configuration file 'file:///home/runner/.autorest/@autorest_core@3.5.0-ci.b8e3f92c0/node_modules/@autorest/core/dist/resources/miscellaneous.md'
VERBOSE [9.36 s]: > Including configuration file 'file:///home/runner/.autorest/@autorest_core@3.5.0-ci.b8e3f92c0/node_modules/@autorest/core/dist/resources/plugin-powershell.md'
VERBOSE [9.37 s]: > Including configuration file 'file:///home/runner/.autorest/@autorest_core@3.5.0-ci.b8e3f92c0/node_modules/@autorest/core/dist/resources/plugin-azureresourceschema.md'
VERBOSE [9.38 s]: > Including configuration file 'file:///home/runner/.autorest/@autorest_core@3.5.0-ci.b8e3f92c0/node_modules/@autorest/core/dist/resources/plugin-csharp.md'
VERBOSE [9.4 s]: > Including configuration file 'file:///home/runner/.autorest/@autorest_core@3.5.0-ci.b8e3f92c0/node_modules/@autorest/core/dist/resources/plugin-go.md'
VERBOSE [9.41 s]: > Including configuration file 'file:///home/runner/.autorest/@autorest_core@3.5.0-ci.b8e3f92c0/node_modules/@autorest/core/dist/resources/plugin-java.md'
VERBOSE [9.42 s]: > Including configuration file 'file:///home/runner/.autorest/@autorest_core@3.5.0-ci.b8e3f92c0/node_modules/@autorest/core/dist/resources/plugin-nodejs.md'
VERBOSE [9.44 s]: > Including configuration file 'file:///home/runner/.autorest/@autorest_core@3.5.0-ci.b8e3f92c0/node_modules/@autorest/core/dist/resources/plugin-php.md'
VERBOSE [9.46 s]: > Including configuration file 'file:///home/runner/.autorest/@autorest_core@3.5.0-ci.b8e3f92c0/node_modules/@autorest/core/dist/resources/plugin-python.md'
VERBOSE [9.47 s]: > Including configuration file 'file:///home/runner/.autorest/@autorest_core@3.5.0-ci.b8e3f92c0/node_modules/@autorest/core/dist/resources/plugin-ruby.md'
VERBOSE [9.49 s]: > Including configuration file 'file:///home/runner/.autorest/@autorest_core@3.5.0-ci.b8e3f92c0/node_modules/@autorest/core/dist/resources/plugin-typescript.md'
VERBOSE [9.5 s]: > Including configuration file 'file:///home/runner/.autorest/@autorest_core@3.5.0-ci.b8e3f92c0/node_modules/@autorest/core/dist/resources/plugin-validators.md'
VERBOSE [9.52 s]: > Including configuration file 'file:///home/runner/.autorest/@autorest_core@3.5.0-ci.b8e3f92c0/node_modules/@autorest/core/dist/resources/plugin-az.md'
VERBOSE [9.54 s]: > Including configuration file 'file:///home/runner/.autorest/@autorest_core@3.5.0-ci.b8e3f92c0/node_modules/@autorest/core/dist/resources/plugin-terraform.md'
VERBOSE [9.56 s]: > Including configuration file 'file:///home/runner/.autorest/@autorest_core@3.5.0-ci.b8e3f92c0/node_modules/@autorest/core/dist/resources/plugin-azure-functions.md'
VERBOSE [9.58 s]: > Including configuration file 'file:///home/runner/.autorest/@autorest_core@3.5.0-ci.b8e3f92c0/node_modules/@autorest/core/dist/resources/graphs.md'
VERBOSE [9.6 s]: > Including configuration file 'file:///home/runner/.autorest/@autorest_core@3.5.0-ci.b8e3f92c0/node_modules/@autorest/core/dist/resources/help-configuration.md'
INFORMATION: > Loading local AutoRest extension '@autorest/bicep' (/home/runner/work/bicep-types-az/bicep-types-az/src/autorest.bicep)
VERBOSE [9.66 s]: > Including extension configuration file 'file:///home/runner/work/bicep-types-az/bicep-types-az/src/autorest.bicep/README.md'
VERBOSE [9.66 s]: > Including configuration file 'file:///home/runner/work/bicep-types-az/bicep-types-az/src/autorest.bicep/README.md'
INFORMATION: > Loading AutoRest extension '@autorest/modelerfour' (https://tinyurl.com/yhlkz69y->4.20.0-ci.b8e3f92c0)
VERBOSE [10.22 s]: > Including extension configuration file 'file:///home/runner/.autorest/@autorest_modelerfour@4.20.0-ci.b8e3f92c0/node_modules/@autorest/modelerfour/readme.md'
VERBOSE [10.22 s]: > Including configuration file 'file:///home/runner/.autorest/@autorest_modelerfour@4.20.0-ci.b8e3f92c0/node_modules/@autorest/modelerfour/readme.md'
DEBUG [10.48 s]: swagger-document/loader-swagger - START inputs = 0
DEBUG [10.48 s]: openapi-document/loader-openapi - START inputs = 0
DEBUG [10.48 s]: pipeline-emitter - START inputs = 0
DEBUG [10.48 s]: configuration-emitter - START inputs = 0
DEBUG [10.48 s]: pipeline-emitter - END [0.02 s][196 MB]
DEBUG [10.48 s]: configuration-emitter - END [0.02 s][196 MB]
VERBOSE [10.49 s]: Reading OpenAPI 2.0 file file:///home/runner/work/bicep-types-az/bicep-types-az/workflow-temp/azure-rest-api-specs/specification/healthbot/resource-manager/Microsoft.HealthBot/stable/2020-12-08/healthbot.json
DEBUG [10.49 s]: openapi-document/loader-openapi - END [0.03 s][198 MB]
DEBUG [10.5 s]: openapi-document/individual/transform - SKIPPING
DEBUG [10.5 s]: openapi-document/individual/schema-validator-openapi - SKIPPING
DEBUG [10.5 s]: openapi-document/individual/identity - SKIPPING
DEBUG [10.52 s]: swagger-document/loader-swagger - END [0.06 s][196 MB]
DEBUG [10.53 s]: swagger-document/individual/transform - START inputs = 1
DEBUG [10.56 s]: swagger-document/individual/transform - END [0.03 s][204 MB]
DEBUG [10.56 s]: swagger-document/individual/schema-validator-swagger - START inputs = 1
DEBUG [10.56 s]: swagger-document/individual/schema-validator-swagger - END [0 s][204 MB]
DEBUG [10.56 s]: swagger-document/identity - START inputs = 1
DEBUG [10.57 s]: swagger-document/individual/identity - START inputs = 1
DEBUG [10.57 s]: swagger-document/identity - END [0 s][205 MB]
DEBUG [10.57 s]: swagger-document/individual/identity - END [0 s][205 MB]
DEBUG [10.57 s]: openapi-document/openapi-document-converter - START inputs = 1
DEBUG [10.59 s]: openapi-document/openapi-document-converter - END [0.01 s][201 MB]
DEBUG [10.59 s]: openapi-document/transform - START inputs = 1
DEBUG [10.59 s]: openapi-document/transform - END [0 s][202 MB]
DEBUG [10.59 s]: openapi-document/semantic-validator - START inputs = 1
WARNING: Semantic validation was skipped.
DEBUG [10.59 s]: openapi-document/semantic-validator - END [0 s][203 MB]
DEBUG [10.59 s]: openapi-document/allof-cleaner - START inputs = 1
DEBUG [10.59 s]: openapi-document/allof-cleaner - END [0 s][203 MB]
DEBUG [10.59 s]: openapi-document/tree-shaker - START inputs = 1
DEBUG [10.61 s]: openapi-document/tree-shaker - END [0.02 s][214 MB]
DEBUG [10.62 s]: openapi-document/multi-api-merger - START inputs = 1
DEBUG [10.65 s]: openapi-document/multi-api-merger - END [0.03 s][209 MB]
DEBUG [10.65 s]: openapi-document/components-cleaner - START inputs = 1
DEBUG [10.69 s]: openapi-document/components-cleaner - END [0.03 s][220 MB]
DEBUG [10.69 s]: openapi-document/component-modifiers - START inputs = 1
DEBUG [10.7 s]: openapi-document/component-modifiers - END [0 s][224 MB]
DEBUG [10.7 s]: openapi-document/api-version-parameter-handler - START inputs = 1
DEBUG [10.7 s]: openapi-document/api-version-parameter-handler - END [0 s][214 MB]
DEBUG [10.7 s]: openapi-document/profile-filter - START inputs = 1
DEBUG [10.7 s]: openapi-document/profile-filter - END [0 s][214 MB]
DEBUG [10.71 s]: openapi-document/model-deduplicator - START inputs = 1
DEBUG [10.71 s]: openapi-document/emitter - START inputs = 1
DEBUG [10.71 s]: openapi-document/model-deduplicator - END [0 s][214 MB]
DEBUG [10.71 s]: openapi-document/emitter - END [0 s][215 MB]
DEBUG [10.71 s]: openapi-document/enum-deduplicator - START inputs = 1
DEBUG [10.75 s]: openapi-document/enum-deduplicator - END [0.04 s][230 MB]
DEBUG [10.75 s]: openapi-document/subset-reducer - START inputs = 1
DEBUG [10.75 s]: openapi-document/subset-reducer - END [0 s][217 MB]
DEBUG [10.75 s]: openapi-document/quick-check - START inputs = 1
DEBUG [10.75 s]: openapi-document/multi-api/reset-identity - START inputs = 1
DEBUG [10.76 s]: openapi-document/quick-check - END [0 s][221 MB]
DEBUG [10.76 s]: openapi-document/multi-api/reset-identity - END [0 s][221 MB]
DEBUG [10.76 s]: openapi-document/multi-api/identity - START inputs = 1
DEBUG [10.76 s]: openapi-document/multi-api/identity - END [0 s][221 MB]
DEBUG [10.76 s]: openapi-document/multi-api/emitter - START inputs = 1
DEBUG [10.76 s]: prechecker - START inputs = 1
DEBUG [10.76 s]: openapi-document/multi-api/emitter - END [0 s][221 MB]

WARNING (PreCheck/SchemaMissingType): The schema 'Sku' with an undefined type and declared properties is a bit ambiguous. This has been auto-corrected to 'type:object'

WARNING (PreCheck/SchemaMissingType): The schema 'Resource' with an undefined type and declared properties is a bit ambiguous. This has been auto-corrected to 'type:object'

WARNING (PreCheck/SchemaMissingType): The schema 'TrackedResource' with an undefined type and declared properties is a bit ambiguous. This has been auto-corrected to 'type:object'

WARNING (PreCheck/SchemaMissingType): The schema 'HealthBotProperties' with an undefined type and declared properties is a bit ambiguous. This has been auto-corrected to 'type:object'

WARNING (PreCheck/SchemaMissingType): The schema 'ValidationResult' with an undefined type and declared properties is a bit ambiguous. This has been auto-corrected to 'type:object'

WARNING (PreCheck/SchemaMissingType): The schema 'Error' with an undefined type and declared properties is a bit ambiguous. This has been auto-corrected to 'type:object'

WARNING (PreCheck/SchemaMissingType): The schema 'ErrorAdditionalInfo' with an undefined type and declared properties is a bit ambiguous. This has been auto-corrected to 'type:object'

WARNING (PreCheck/SchemaMissingType): The schema 'BotResponseList' with an undefined type and declared properties is a bit ambiguous. This has been auto-corrected to 'type:object'

WARNING (PreCheck/CheckDuplicateSchemas): Checking for duplicate schemas, this could take a (long) while.  Run with --verbose for more detail.
VERBOSE [10.78 s]: Found and removed 0 duplicate schema
DEBUG [10.79 s]: prechecker - END [0.03 s][224 MB]
DEBUG [10.79 s]: modelerfour - START inputs = 2
VERBOSE [10.81 s]:   ModelerFour/api-version-mode:client
VERBOSE [10.81 s]:   ModelerFour/api-version-parameter:constant
VERBOSE [10.81 s]:   ModelerFour/use-model-namespace:false

WARNING (UnkownSecurityScheme): Security scheme azure_auth is unknown and will not be processed. Only supported types are AADToken,AzureKey,Anonymous
DEBUG [10.86 s]: modelerfour - END [0.07 s][226 MB]
DEBUG [10.86 s]: modelerfour/new-transform - START inputs = 2
DEBUG [10.86 s]: modelerfour/new-transform - END [0 s][226 MB]
DEBUG [10.87 s]: modelerfour/flattener - START inputs = 2
DEBUG [10.9 s]: modelerfour/flattener - END [0.03 s][228 MB]
DEBUG [10.9 s]: modelerfour/flattener/new-transform - START inputs = 2
DEBUG [10.9 s]: modelerfour/flattener/new-transform - END [0 s][228 MB]
DEBUG [10.9 s]: modelerfour/grouper - START inputs = 2
DEBUG [10.93 s]: modelerfour/grouper - END [0.02 s][230 MB]
DEBUG [10.93 s]: modelerfour/grouper/new-transform - START inputs = 2
DEBUG [10.93 s]: modelerfour/grouper/new-transform - END [0 s][230 MB]
DEBUG [10.93 s]: modelerfour/pre-namer - START inputs = 2
DEBUG [10.97 s]: modelerfour/pre-namer - END [0.03 s][232 MB]
DEBUG [10.97 s]: modelerfour/pre-namer/new-transform - START inputs = 2
DEBUG [10.97 s]: modelerfour/pre-namer/new-transform - END [0 s][232 MB]
DEBUG [10.97 s]: modelerfour/checker - START inputs = 4
DEBUG [11 s]: modelerfour/checker - END [0.03 s][234 MB]
DEBUG [11 s]: modelerfour/identity - START inputs = 2
DEBUG [11 s]: modelerfour/identity - END [0 s][234 MB]
DEBUG [11 s]: bicep - START inputs = 2
DEBUG [11 s]: modelerfour/emitter - START inputs = 2
DEBUG [11 s]: modelerfour/notags/emitter - START inputs = 2
DEBUG [11 s]: modelerfour/emitter - END [0 s][234 MB]
DEBUG [11 s]: modelerfour/notags/emitter - END [0 s][234 MB]
INFORMATION: autorest.bicep took 1ms
DEBUG [11.02 s]: bicep - END [0.01 s][235 MB]
DEBUG [11.02 s]: bicep/emitter - START inputs = 2
DEBUG [11.02 s]: Emitting 'bicep-files' at file:///tmp/_bcp_1625795651387/healthbot/microsoft.healthbot/2020-12-08/types.json
DEBUG [11.02 s]: Emitting 'bicep-files' at file:///tmp/_bcp_1625795651387/healthbot/microsoft.healthbot/2020-12-08/types.md
DEBUG [11.02 s]: bicep/emitter - END [0 s][235 MB]
[11.02 s] Clearing Folders.
[11.02 s] Writing Outputs.
[11.02 s] Generation Complete
[11.02 s] Shutting Down.
[11.02 s] Exiting.
