AutoRest code generation utility [cli version: 3.2.1; node: v14.17.0, max-memory: 2048 MB]
(C) 2018 Microsoft Corporation.
https://aka.ms/autorest
   Loading AutoRest core      '/home/runner/work/bicep-types-az/bicep-types-az/src/generator/node_modules/@autorest/core/dist' (3.4.3)
INFORMATION: > Loading local AutoRest extension '@autorest/bicep' (/home/runner/work/bicep-types-az/bicep-types-az/src/autorest.bicep)
INFORMATION: > Loading AutoRest extension '@autorest/modelerfour' (4.16.2->4.16.2)
Processing batch task - {"tag":"microsoft.synapse-2021-04-01-preview"} .
INFORMATION: > Loading local AutoRest extension '@autorest/bicep' (/home/runner/work/bicep-types-az/bicep-types-az/src/autorest.bicep)
INFORMATION: > Loading AutoRest extension '@autorest/modelerfour' (4.16.2->4.16.2)
WARNING: Semantic validation was skipped.

WARNING (PreCheck/SchemaMissingType): The schema 'SubResource' with an undefined type and 'allOf'/'anyOf'/'oneOf' is a bit ambigious. This has been auto-corrected to 'type:object'

WARNING (PreCheck/SchemaMissingType): The schema 'ManagedIntegrationRuntimeOperationResult' with an undefined type and decalared properties is a bit ambigious. This has been auto-corrected to 'type:object'

WARNING (PreCheck/SchemaMissingType): The schema 'ManagedIntegrationRuntimeNode' with an undefined type and decalared properties is a bit ambigious. This has been auto-corrected to 'type:object'

WARNING (PreCheck/SchemaMissingType): The schema 'ManagedIntegrationRuntimeError' with an undefined type and decalared properties is a bit ambigious. This has been auto-corrected to 'type:object'

WARNING (PreCheck/SchemaMissingType): The schema 'SelfHostedIntegrationRuntimeNode' with an undefined type and decalared properties is a bit ambigious. This has been auto-corrected to 'type:object'

WARNING (PreCheck/SchemaMissingType): The schema 'IntegrationRuntimeResource' with an undefined type and decalared properties is a bit ambigious. This has been auto-corrected to 'type:object'

WARNING (PreCheck/SchemaMissingType): The schema 'IntegrationRuntimeStatusResponse' with an undefined type and decalared properties is a bit ambigious. This has been auto-corrected to 'type:object'

WARNING (PreCheck/SchemaMissingType): The schema 'LibraryResource' with an undefined type and decalared properties is a bit ambigious. This has been auto-corrected to 'type:object'

WARNING (PreCheck/SchemaMissingType): The schema 'SubResource' with an undefined type and 'allOf'/'anyOf'/'oneOf' is a bit ambigious. This has been auto-corrected to 'type:object'

WARNING (PreCheck/SchemaMissingType): The schema 'MetadataSyncConfig-properties' with an undefined type and decalared properties is a bit ambigious. This has been auto-corrected to 'type:object'

WARNING (PreCheck/SchemaMissingType): The schema 'GeoBackupPolicyProperties' with an undefined type and decalared properties is a bit ambigious. This has been auto-corrected to 'type:object'

WARNING (PreCheck/SchemaMissingType): The schema 'GeoBackupPolicy' with an undefined type and decalared properties is a bit ambigious. This has been auto-corrected to 'type:object'

WARNING (PreCheck/SchemaMissingType): The schema 'GeoBackupPolicyListResult' with an undefined type and decalared properties is a bit ambigious. This has been auto-corrected to 'type:object'

WARNING (PreCheck/SchemaMissingType): The schema 'TopQueries' with an undefined type and decalared properties is a bit ambigious. This has been auto-corrected to 'type:object'

WARNING (PreCheck/SchemaMissingType): The schema 'QueryStatistic' with an undefined type and decalared properties is a bit ambigious. This has been auto-corrected to 'type:object'

WARNING (PreCheck/SchemaMissingType): The schema 'QueryInterval' with an undefined type and decalared properties is a bit ambigious. This has been auto-corrected to 'type:object'

WARNING (PreCheck/SchemaMissingType): The schema 'QueryMetric' with an undefined type and decalared properties is a bit ambigious. This has been auto-corrected to 'type:object'

WARNING (PreCheck/SchemaMissingType): The schema 'TopQueriesListResult' with an undefined type and decalared properties is a bit ambigious. This has been auto-corrected to 'type:object'

WARNING (PreCheck/SchemaMissingType): The schema 'ReplicationLinkProperties' with an undefined type and decalared properties is a bit ambigious. This has been auto-corrected to 'type:object'

WARNING (PreCheck/SchemaMissingType): The schema 'ReplicationLink' with an undefined type and decalared properties is a bit ambigious. This has been auto-corrected to 'type:object'

WARNING (PreCheck/SchemaMissingType): The schema 'ReplicationLinkListResult' with an undefined type and decalared properties is a bit ambigious. This has been auto-corrected to 'type:object'

WARNING (PreCheck/SchemaMissingType): The schema 'TransparentDataEncryptionProperties' with an undefined type and decalared properties is a bit ambigious. This has been auto-corrected to 'type:object'

WARNING (PreCheck/SchemaMissingType): The schema 'TransparentDataEncryption' with an undefined type and decalared properties is a bit ambigious. This has been auto-corrected to 'type:object'

WARNING (PreCheck/SchemaMissingType): The schema 'SqlPoolUsage' with an undefined type and decalared properties is a bit ambigious. This has been auto-corrected to 'type:object'

WARNING (PreCheck/SchemaMissingType): The schema 'SqlPoolUsageListResult' with an undefined type and decalared properties is a bit ambigious. This has been auto-corrected to 'type:object'

WARNING (PreCheck/SchemaMissingType): The schema 'DataMaskingPolicyProperties' with an undefined type and decalared properties is a bit ambigious. This has been auto-corrected to 'type:object'

WARNING (PreCheck/SchemaMissingType): The schema 'DataMaskingPolicy' with an undefined type and decalared properties is a bit ambigious. This has been auto-corrected to 'type:object'

WARNING (PreCheck/SchemaMissingType): The schema 'DataMaskingRule' with an undefined type and decalared properties is a bit ambigious. This has been auto-corrected to 'type:object'

WARNING (PreCheck/SchemaMissingType): The schema 'DataMaskingRuleProperties' with an undefined type and decalared properties is a bit ambigious. This has been auto-corrected to 'type:object'

WARNING (PreCheck/SchemaMissingType): The schema 'DataMaskingRuleListResult' with an undefined type and decalared properties is a bit ambigious. This has been auto-corrected to 'type:object'

WARNING (PreCheck/SchemaMissingType): The schema 'ServerUsage' with an undefined type and decalared properties is a bit ambigious. This has been auto-corrected to 'type:object'

WARNING (PreCheck/SchemaMissingType): The schema 'ServerUsageListResult' with an undefined type and decalared properties is a bit ambigious. This has been auto-corrected to 'type:object'

WARNING (PreCheck/SchemaMissingType): The schema 'ManagedIdentitySqlControlSettingsModel-properties' with an undefined type and decalared properties is a bit ambigious. This has been auto-corrected to 'type:object'

WARNING (PreCheck/SchemaMissingType): The schema 'RestorableDroppedSqlPoolProperties' with an undefined type and decalared properties is a bit ambigious. This has been auto-corrected to 'type:object'

WARNING (PreCheck/SchemaMissingType): The schema 'RestorableDroppedSqlPool' with an undefined type and decalared properties is a bit ambigious. This has been auto-corrected to 'type:object'

WARNING (PreCheck/SchemaMissingType): The schema 'RestorableDroppedSqlPoolListResult' with an undefined type and decalared properties is a bit ambigious. This has been auto-corrected to 'type:object'

WARNING (PreCheck/SchemaMissingType): The schema 'OperationListResult' with an undefined type and decalared properties is a bit ambigious. This has been auto-corrected to 'type:object'

WARNING (PreCheck/SchemaMissingType): The schema 'Operation-display' with an undefined type and decalared properties is a bit ambigious. This has been auto-corrected to 'type:object'

WARNING (PreCheck/SchemaMissingType): The schema 'KustoPoolListResult' with an undefined type and decalared properties is a bit ambigious. This has been auto-corrected to 'type:object'

WARNING (PreCheck/SchemaMissingType): The schema 'KustoPoolProperties' with an undefined type and decalared properties is a bit ambigious. This has been auto-corrected to 'type:object'

WARNING (PreCheck/SchemaMissingType): The schema 'KustoPool' with an undefined type and decalared properties is a bit ambigious. This has been auto-corrected to 'type:object'

WARNING (PreCheck/SchemaMissingType): The schema 'KustoPoolUpdate' with an undefined type and decalared properties is a bit ambigious. This has been auto-corrected to 'type:object'

WARNING (PreCheck/SchemaMissingType): The schema 'DatabaseListResult' with an undefined type and decalared properties is a bit ambigious. This has been auto-corrected to 'type:object'

WARNING (PreCheck/SchemaMissingType): The schema 'Database' with an undefined type and decalared properties is a bit ambigious. This has been auto-corrected to 'type:object'

WARNING (PreCheck/SchemaMissingType): The schema 'ReadWriteDatabase' with an undefined type and decalared properties is a bit ambigious. This has been auto-corrected to 'type:object'

WARNING (PreCheck/SchemaMissingType): The schema 'ReadWriteDatabaseProperties' with an undefined type and decalared properties is a bit ambigious. This has been auto-corrected to 'type:object'

WARNING (PreCheck/SchemaMissingType): The schema 'DataConnectionListResult' with an undefined type and decalared properties is a bit ambigious. This has been auto-corrected to 'type:object'

WARNING (PreCheck/SchemaMissingType): The schema 'DataConnection' with an undefined type and decalared properties is a bit ambigious. This has been auto-corrected to 'type:object'

WARNING (PreCheck/SchemaMissingType): The schema 'EventHubDataConnection' with an undefined type and decalared properties is a bit ambigious. This has been auto-corrected to 'type:object'

WARNING (PreCheck/SchemaMissingType): The schema 'IotHubDataConnection' with an undefined type and decalared properties is a bit ambigious. This has been auto-corrected to 'type:object'

WARNING (PreCheck/SchemaMissingType): The schema 'EventGridDataConnection' with an undefined type and decalared properties is a bit ambigious. This has been auto-corrected to 'type:object'

WARNING (PreCheck/SchemaMissingType): The schema 'EventHubConnectionProperties' with an undefined type and decalared properties is a bit ambigious. This has been auto-corrected to 'type:object'

WARNING (PreCheck/SchemaMissingType): The schema 'IotHubConnectionProperties' with an undefined type and decalared properties is a bit ambigious. This has been auto-corrected to 'type:object'

WARNING (PreCheck/SchemaMissingType): The schema 'EventGridConnectionProperties' with an undefined type and decalared properties is a bit ambigious. This has been auto-corrected to 'type:object'

WARNING (PreCheck/SchemaMissingType): The schema 'ClusterPrincipalAssignmentListResult' with an undefined type and decalared properties is a bit ambigious. This has been auto-corrected to 'type:object'

WARNING (PreCheck/SchemaMissingType): The schema 'ClusterPrincipalAssignment' with an undefined type and decalared properties is a bit ambigious. This has been auto-corrected to 'type:object'

WARNING (PreCheck/SchemaMissingType): The schema 'DatabasePrincipalAssignmentListResult' with an undefined type and decalared properties is a bit ambigious. This has been auto-corrected to 'type:object'

WARNING (PreCheck/SchemaMissingType): The schema 'DatabasePrincipalAssignment' with an undefined type and decalared properties is a bit ambigious. This has been auto-corrected to 'type:object'

WARNING (PreCheck/SchemaMissingType): The schema 'Resource' with an undefined type and decalared properties is a bit ambigious. This has been auto-corrected to 'type:object'

WARNING (PreCheck/SchemaMissingType): The schema 'AzureEntityResource' with an undefined type and decalared properties is a bit ambigious. This has been auto-corrected to 'type:object'

WARNING (PreCheck/SchemaMissingType): The schema 'TrackedResource' with an undefined type and decalared properties is a bit ambigious. This has been auto-corrected to 'type:object'

WARNING (PreCheck/SchemaMissingType): The schema 'ProxyResource' with an undefined type and 'allOf'/'anyOf'/'oneOf' is a bit ambigious. This has been auto-corrected to 'type:object'

WARNING (PreCheck/SchemaMissingType): The schema 'ErrorDetail' with an undefined type and decalared properties is a bit ambigious. This has been auto-corrected to 'type:object'

WARNING (PreCheck/SchemaMissingType): The schema 'ErrorResponse' with an undefined type and decalared properties is a bit ambigious. This has been auto-corrected to 'type:object'

WARNING (PreCheck/SchemaMissingType): The schema 'ErrorAdditionalInfo' with an undefined type and decalared properties is a bit ambigious. This has been auto-corrected to 'type:object'

WARNING (PreCheck/SchemaMissingType): The schema 'Resource' with an undefined type and decalared properties is a bit ambigious. This has been auto-corrected to 'type:object'

WARNING (PreCheck/SchemaMissingType): The schema 'AzureEntityResource' with an undefined type and decalared properties is a bit ambigious. This has been auto-corrected to 'type:object'

WARNING (PreCheck/SchemaMissingType): The schema 'TrackedResource' with an undefined type and decalared properties is a bit ambigious. This has been auto-corrected to 'type:object'

WARNING (PreCheck/SchemaMissingType): The schema 'ProxyResource' with an undefined type and 'allOf'/'anyOf'/'oneOf' is a bit ambigious. This has been auto-corrected to 'type:object'

WARNING (PreCheck/SchemaMissingType): The schema 'PrivateEndpointConnectionForPrivateLinkHubBasic' with an undefined type and decalared properties is a bit ambigious. This has been auto-corrected to 'type:object'

WARNING (PreCheck/SchemaMissingType): The schema 'PrivateEndpointConnectionForPrivateLinkHub_ResourceCollectionResponse' with an undefined type and decalared properties is a bit ambigious. This has been auto-corrected to 'type:object'

WARNING (PreCheck/CheckDuplicateSchemas): Checking for duplicate schemas, this could take a (long) while.  Run with --verbose for more detail.

WARNING (PreCheck/DuplicateSchema): Duplicate Schema named PrivateEndpointConnectionForPrivateLinkHubBasic -- properties.id.$ref: undefined => "#/components/schemas/schemas:1387",properties.id.description: "identifier" => <none>,properties.id.readOnly: true => <none>,properties.properties.description: "Properties of private endpoint connection for private link hub" => <none>,properties.properties.x-ms-client-flatten: true => <none> 

WARNING (PreCheck/PropertyRedeclarationWarning): Schema 'ReplicationLink' has a property 'type' that is already declared the parent schema 'Resource' but isn't significantly different. The property has been removed from ReplicationLink

WARNING (PreNamer/DeduplicateName): Deduplicating schema name: 'SecurityAlertPolicyName' -> 'SecurityAlertPolicyNameAutoGenerated'

WARNING (PreNamer/DeduplicateName): Deduplicating schema name: 'PrivateEndpointConnectionForPrivateLinkHubBasic' -> 'PrivateEndpointConnectionForPrivateLinkHubBasicAutoGenerated'
INFORMATION: autorest.bicep took 30ms
Processing batch task - {"tag":"microsoft.synapse-2021-03-01"} .
INFORMATION: > Loading local AutoRest extension '@autorest/bicep' (/home/runner/work/bicep-types-az/bicep-types-az/src/autorest.bicep)
INFORMATION: > Loading AutoRest extension '@autorest/modelerfour' (4.16.2->4.16.2)
WARNING: Semantic validation was skipped.

WARNING (PreCheck/SchemaMissingType): The schema 'SubResource' with an undefined type and 'allOf'/'anyOf'/'oneOf' is a bit ambigious. This has been auto-corrected to 'type:object'

WARNING (PreCheck/SchemaMissingType): The schema 'ManagedIntegrationRuntimeOperationResult' with an undefined type and decalared properties is a bit ambigious. This has been auto-corrected to 'type:object'

WARNING (PreCheck/SchemaMissingType): The schema 'ManagedIntegrationRuntimeNode' with an undefined type and decalared properties is a bit ambigious. This has been auto-corrected to 'type:object'

WARNING (PreCheck/SchemaMissingType): The schema 'ManagedIntegrationRuntimeError' with an undefined type and decalared properties is a bit ambigious. This has been auto-corrected to 'type:object'

WARNING (PreCheck/SchemaMissingType): The schema 'SelfHostedIntegrationRuntimeNode' with an undefined type and decalared properties is a bit ambigious. This has been auto-corrected to 'type:object'

WARNING (PreCheck/SchemaMissingType): The schema 'IntegrationRuntimeResource' with an undefined type and decalared properties is a bit ambigious. This has been auto-corrected to 'type:object'

WARNING (PreCheck/SchemaMissingType): The schema 'IntegrationRuntimeStatusResponse' with an undefined type and decalared properties is a bit ambigious. This has been auto-corrected to 'type:object'

WARNING (PreCheck/SchemaMissingType): The schema 'LibraryResource' with an undefined type and decalared properties is a bit ambigious. This has been auto-corrected to 'type:object'

WARNING (PreCheck/SchemaMissingType): The schema 'SubResource' with an undefined type and 'allOf'/'anyOf'/'oneOf' is a bit ambigious. This has been auto-corrected to 'type:object'

WARNING (PreCheck/SchemaMissingType): The schema 'MetadataSyncConfig-properties' with an undefined type and decalared properties is a bit ambigious. This has been auto-corrected to 'type:object'

WARNING (PreCheck/SchemaMissingType): The schema 'GeoBackupPolicyProperties' with an undefined type and decalared properties is a bit ambigious. This has been auto-corrected to 'type:object'

WARNING (PreCheck/SchemaMissingType): The schema 'GeoBackupPolicy' with an undefined type and decalared properties is a bit ambigious. This has been auto-corrected to 'type:object'

WARNING (PreCheck/SchemaMissingType): The schema 'GeoBackupPolicyListResult' with an undefined type and decalared properties is a bit ambigious. This has been auto-corrected to 'type:object'

WARNING (PreCheck/SchemaMissingType): The schema 'TopQueries' with an undefined type and decalared properties is a bit ambigious. This has been auto-corrected to 'type:object'

WARNING (PreCheck/SchemaMissingType): The schema 'QueryStatistic' with an undefined type and decalared properties is a bit ambigious. This has been auto-corrected to 'type:object'

WARNING (PreCheck/SchemaMissingType): The schema 'QueryInterval' with an undefined type and decalared properties is a bit ambigious. This has been auto-corrected to 'type:object'

WARNING (PreCheck/SchemaMissingType): The schema 'QueryMetric' with an undefined type and decalared properties is a bit ambigious. This has been auto-corrected to 'type:object'

WARNING (PreCheck/SchemaMissingType): The schema 'TopQueriesListResult' with an undefined type and decalared properties is a bit ambigious. This has been auto-corrected to 'type:object'

WARNING (PreCheck/SchemaMissingType): The schema 'ReplicationLinkProperties' with an undefined type and decalared properties is a bit ambigious. This has been auto-corrected to 'type:object'

WARNING (PreCheck/SchemaMissingType): The schema 'ReplicationLink' with an undefined type and decalared properties is a bit ambigious. This has been auto-corrected to 'type:object'

WARNING (PreCheck/SchemaMissingType): The schema 'ReplicationLinkListResult' with an undefined type and decalared properties is a bit ambigious. This has been auto-corrected to 'type:object'

WARNING (PreCheck/SchemaMissingType): The schema 'TransparentDataEncryptionProperties' with an undefined type and decalared properties is a bit ambigious. This has been auto-corrected to 'type:object'

WARNING (PreCheck/SchemaMissingType): The schema 'TransparentDataEncryption' with an undefined type and decalared properties is a bit ambigious. This has been auto-corrected to 'type:object'

WARNING (PreCheck/SchemaMissingType): The schema 'SqlPoolUsage' with an undefined type and decalared properties is a bit ambigious. This has been auto-corrected to 'type:object'

WARNING (PreCheck/SchemaMissingType): The schema 'SqlPoolUsageListResult' with an undefined type and decalared properties is a bit ambigious. This has been auto-corrected to 'type:object'

WARNING (PreCheck/SchemaMissingType): The schema 'DataMaskingPolicyProperties' with an undefined type and decalared properties is a bit ambigious. This has been auto-corrected to 'type:object'

WARNING (PreCheck/SchemaMissingType): The schema 'DataMaskingPolicy' with an undefined type and decalared properties is a bit ambigious. This has been auto-corrected to 'type:object'

WARNING (PreCheck/SchemaMissingType): The schema 'DataMaskingRule' with an undefined type and decalared properties is a bit ambigious. This has been auto-corrected to 'type:object'

WARNING (PreCheck/SchemaMissingType): The schema 'DataMaskingRuleProperties' with an undefined type and decalared properties is a bit ambigious. This has been auto-corrected to 'type:object'

WARNING (PreCheck/SchemaMissingType): The schema 'DataMaskingRuleListResult' with an undefined type and decalared properties is a bit ambigious. This has been auto-corrected to 'type:object'

WARNING (PreCheck/SchemaMissingType): The schema 'ServerUsage' with an undefined type and decalared properties is a bit ambigious. This has been auto-corrected to 'type:object'

WARNING (PreCheck/SchemaMissingType): The schema 'ServerUsageListResult' with an undefined type and decalared properties is a bit ambigious. This has been auto-corrected to 'type:object'

WARNING (PreCheck/SchemaMissingType): The schema 'ManagedIdentitySqlControlSettingsModel-properties' with an undefined type and decalared properties is a bit ambigious. This has been auto-corrected to 'type:object'

WARNING (PreCheck/SchemaMissingType): The schema 'RestorableDroppedSqlPoolProperties' with an undefined type and decalared properties is a bit ambigious. This has been auto-corrected to 'type:object'

WARNING (PreCheck/SchemaMissingType): The schema 'RestorableDroppedSqlPool' with an undefined type and decalared properties is a bit ambigious. This has been auto-corrected to 'type:object'

WARNING (PreCheck/SchemaMissingType): The schema 'RestorableDroppedSqlPoolListResult' with an undefined type and decalared properties is a bit ambigious. This has been auto-corrected to 'type:object'

WARNING (PreCheck/SchemaMissingType): The schema 'Resource' with an undefined type and decalared properties is a bit ambigious. This has been auto-corrected to 'type:object'

WARNING (PreCheck/SchemaMissingType): The schema 'AzureEntityResource' with an undefined type and decalared properties is a bit ambigious. This has been auto-corrected to 'type:object'

WARNING (PreCheck/SchemaMissingType): The schema 'TrackedResource' with an undefined type and decalared properties is a bit ambigious. This has been auto-corrected to 'type:object'

WARNING (PreCheck/SchemaMissingType): The schema 'ProxyResource' with an undefined type and 'allOf'/'anyOf'/'oneOf' is a bit ambigious. This has been auto-corrected to 'type:object'

WARNING (PreCheck/SchemaMissingType): The schema 'ErrorDetail' with an undefined type and decalared properties is a bit ambigious. This has been auto-corrected to 'type:object'

WARNING (PreCheck/SchemaMissingType): The schema 'ErrorResponse' with an undefined type and decalared properties is a bit ambigious. This has been auto-corrected to 'type:object'

WARNING (PreCheck/SchemaMissingType): The schema 'ErrorAdditionalInfo' with an undefined type and decalared properties is a bit ambigious. This has been auto-corrected to 'type:object'

WARNING (PreCheck/SchemaMissingType): The schema 'Resource' with an undefined type and decalared properties is a bit ambigious. This has been auto-corrected to 'type:object'

WARNING (PreCheck/SchemaMissingType): The schema 'AzureEntityResource' with an undefined type and decalared properties is a bit ambigious. This has been auto-corrected to 'type:object'

WARNING (PreCheck/SchemaMissingType): The schema 'ProxyResource' with an undefined type and 'allOf'/'anyOf'/'oneOf' is a bit ambigious. This has been auto-corrected to 'type:object'

WARNING (PreCheck/SchemaMissingType): The schema 'PrivateEndpointConnectionForPrivateLinkHubBasic' with an undefined type and decalared properties is a bit ambigious. This has been auto-corrected to 'type:object'

WARNING (PreCheck/SchemaMissingType): The schema 'PrivateEndpointConnectionForPrivateLinkHub_ResourceCollectionResponse' with an undefined type and decalared properties is a bit ambigious. This has been auto-corrected to 'type:object'

WARNING (PreCheck/CheckDuplicateSchemas): Checking for duplicate schemas, this could take a (long) while.  Run with --verbose for more detail.

WARNING (PreCheck/DuplicateSchema): Duplicate Schema named PrivateEndpointConnectionForPrivateLinkHubBasic -- properties.id.$ref: undefined => "#/components/schemas/schemas:1275",properties.id.description: "identifier" => <none>,properties.id.readOnly: true => <none>,properties.properties.description: "Properties of private endpoint connection for private link hub" => <none>,properties.properties.x-ms-client-flatten: true => <none> 

WARNING (PreCheck/PropertyRedeclarationWarning): Schema 'ReplicationLink' has a property 'type' that is already declared the parent schema 'Resource' but isn't significantly different. The property has been removed from ReplicationLink

WARNING (PreNamer/DeduplicateName): Deduplicating schema name: 'SecurityAlertPolicyName' -> 'SecurityAlertPolicyNameAutoGenerated'

WARNING (PreNamer/DeduplicateName): Deduplicating schema name: 'PrivateEndpointConnectionForPrivateLinkHubBasic' -> 'PrivateEndpointConnectionForPrivateLinkHubBasicAutoGenerated'
INFORMATION: autorest.bicep took 21ms
Processing batch task - {"tag":"microsoft.synapse-2019-06-01-preview"} .
INFORMATION: > Loading local AutoRest extension '@autorest/bicep' (/home/runner/work/bicep-types-az/bicep-types-az/src/autorest.bicep)
INFORMATION: > Loading AutoRest extension '@autorest/modelerfour' (4.16.2->4.16.2)
WARNING: Semantic validation was skipped.

WARNING (PreCheck/SchemaMissingType): The schema 'MetadataSyncConfig-properties' with an undefined type and decalared properties is a bit ambigious. This has been auto-corrected to 'type:object'

WARNING (PreCheck/SchemaMissingType): The schema 'GeoBackupPolicyProperties' with an undefined type and decalared properties is a bit ambigious. This has been auto-corrected to 'type:object'

WARNING (PreCheck/SchemaMissingType): The schema 'GeoBackupPolicy' with an undefined type and decalared properties is a bit ambigious. This has been auto-corrected to 'type:object'

WARNING (PreCheck/SchemaMissingType): The schema 'GeoBackupPolicyListResult' with an undefined type and decalared properties is a bit ambigious. This has been auto-corrected to 'type:object'

WARNING (PreCheck/SchemaMissingType): The schema 'TopQueries' with an undefined type and decalared properties is a bit ambigious. This has been auto-corrected to 'type:object'

WARNING (PreCheck/SchemaMissingType): The schema 'QueryStatistic' with an undefined type and decalared properties is a bit ambigious. This has been auto-corrected to 'type:object'

WARNING (PreCheck/SchemaMissingType): The schema 'QueryInterval' with an undefined type and decalared properties is a bit ambigious. This has been auto-corrected to 'type:object'

WARNING (PreCheck/SchemaMissingType): The schema 'QueryMetric' with an undefined type and decalared properties is a bit ambigious. This has been auto-corrected to 'type:object'

WARNING (PreCheck/SchemaMissingType): The schema 'TopQueriesListResult' with an undefined type and decalared properties is a bit ambigious. This has been auto-corrected to 'type:object'

WARNING (PreCheck/SchemaMissingType): The schema 'ReplicationLinkProperties' with an undefined type and decalared properties is a bit ambigious. This has been auto-corrected to 'type:object'

WARNING (PreCheck/SchemaMissingType): The schema 'ReplicationLink' with an undefined type and decalared properties is a bit ambigious. This has been auto-corrected to 'type:object'

WARNING (PreCheck/SchemaMissingType): The schema 'ReplicationLinkListResult' with an undefined type and decalared properties is a bit ambigious. This has been auto-corrected to 'type:object'

WARNING (PreCheck/SchemaMissingType): The schema 'TransparentDataEncryptionProperties' with an undefined type and decalared properties is a bit ambigious. This has been auto-corrected to 'type:object'

WARNING (PreCheck/SchemaMissingType): The schema 'TransparentDataEncryption' with an undefined type and decalared properties is a bit ambigious. This has been auto-corrected to 'type:object'

WARNING (PreCheck/SchemaMissingType): The schema 'SqlPoolUsage' with an undefined type and decalared properties is a bit ambigious. This has been auto-corrected to 'type:object'

WARNING (PreCheck/SchemaMissingType): The schema 'SqlPoolUsageListResult' with an undefined type and decalared properties is a bit ambigious. This has been auto-corrected to 'type:object'

WARNING (PreCheck/SchemaMissingType): The schema 'DataMaskingPolicyProperties' with an undefined type and decalared properties is a bit ambigious. This has been auto-corrected to 'type:object'

WARNING (PreCheck/SchemaMissingType): The schema 'DataMaskingPolicy' with an undefined type and decalared properties is a bit ambigious. This has been auto-corrected to 'type:object'

WARNING (PreCheck/SchemaMissingType): The schema 'DataMaskingRule' with an undefined type and decalared properties is a bit ambigious. This has been auto-corrected to 'type:object'

WARNING (PreCheck/SchemaMissingType): The schema 'DataMaskingRuleProperties' with an undefined type and decalared properties is a bit ambigious. This has been auto-corrected to 'type:object'

WARNING (PreCheck/SchemaMissingType): The schema 'DataMaskingRuleListResult' with an undefined type and decalared properties is a bit ambigious. This has been auto-corrected to 'type:object'

WARNING (PreCheck/SchemaMissingType): The schema 'ManagedIdentitySqlControlSettingsModel-properties' with an undefined type and decalared properties is a bit ambigious. This has been auto-corrected to 'type:object'

WARNING (PreCheck/SchemaMissingType): The schema 'RestorableDroppedSqlPoolProperties' with an undefined type and decalared properties is a bit ambigious. This has been auto-corrected to 'type:object'

WARNING (PreCheck/SchemaMissingType): The schema 'RestorableDroppedSqlPool' with an undefined type and decalared properties is a bit ambigious. This has been auto-corrected to 'type:object'

WARNING (PreCheck/SchemaMissingType): The schema 'RestorableDroppedSqlPoolListResult' with an undefined type and decalared properties is a bit ambigious. This has been auto-corrected to 'type:object'

WARNING (PreCheck/SchemaMissingType): The schema 'SubResource' with an undefined type and 'allOf'/'anyOf'/'oneOf' is a bit ambigious. This has been auto-corrected to 'type:object'

WARNING (PreCheck/SchemaMissingType): The schema 'ManagedIntegrationRuntimeOperationResult' with an undefined type and decalared properties is a bit ambigious. This has been auto-corrected to 'type:object'

WARNING (PreCheck/SchemaMissingType): The schema 'ManagedIntegrationRuntimeNode' with an undefined type and decalared properties is a bit ambigious. This has been auto-corrected to 'type:object'

WARNING (PreCheck/SchemaMissingType): The schema 'ManagedIntegrationRuntimeError' with an undefined type and decalared properties is a bit ambigious. This has been auto-corrected to 'type:object'

WARNING (PreCheck/SchemaMissingType): The schema 'SelfHostedIntegrationRuntimeNode' with an undefined type and decalared properties is a bit ambigious. This has been auto-corrected to 'type:object'

WARNING (PreCheck/SchemaMissingType): The schema 'IntegrationRuntimeResource' with an undefined type and decalared properties is a bit ambigious. This has been auto-corrected to 'type:object'

WARNING (PreCheck/SchemaMissingType): The schema 'IntegrationRuntimeStatusResponse' with an undefined type and decalared properties is a bit ambigious. This has been auto-corrected to 'type:object'

WARNING (PreCheck/SchemaMissingType): The schema 'ManagedVirtualNetworkReference' with an undefined type and decalared properties is a bit ambigious. This has been auto-corrected to 'type:object'

WARNING (PreCheck/SchemaMissingType): The schema 'ServerUsage' with an undefined type and decalared properties is a bit ambigious. This has been auto-corrected to 'type:object'

WARNING (PreCheck/SchemaMissingType): The schema 'ServerUsageListResult' with an undefined type and decalared properties is a bit ambigious. This has been auto-corrected to 'type:object'

WARNING (PreCheck/SchemaMissingType): The schema 'Resource' with an undefined type and decalared properties is a bit ambigious. This has been auto-corrected to 'type:object'

WARNING (PreCheck/SchemaMissingType): The schema 'AzureEntityResource' with an undefined type and decalared properties is a bit ambigious. This has been auto-corrected to 'type:object'

WARNING (PreCheck/SchemaMissingType): The schema 'TrackedResource' with an undefined type and decalared properties is a bit ambigious. This has been auto-corrected to 'type:object'

WARNING (PreCheck/SchemaMissingType): The schema 'ProxyResource' with an undefined type and 'allOf'/'anyOf'/'oneOf' is a bit ambigious. This has been auto-corrected to 'type:object'

WARNING (PreCheck/SchemaMissingType): The schema 'ErrorResponse' with an undefined type and decalared properties is a bit ambigious. This has been auto-corrected to 'type:object'

WARNING (PreCheck/SchemaMissingType): The schema 'ErrorAdditionalInfo' with an undefined type and decalared properties is a bit ambigious. This has been auto-corrected to 'type:object'

WARNING (PreCheck/SchemaMissingType): The schema 'PrivateEndpointConnectionForPrivateLinkHubBasic' with an undefined type and decalared properties is a bit ambigious. This has been auto-corrected to 'type:object'

WARNING (PreCheck/SchemaMissingType): The schema 'PrivateEndpointConnectionForPrivateLinkHub_ResourceCollectionResponse' with an undefined type and decalared properties is a bit ambigious. This has been auto-corrected to 'type:object'

WARNING (PreCheck/CheckDuplicateSchemas): Checking for duplicate schemas, this could take a (long) while.  Run with --verbose for more detail.

WARNING (PreCheck/DuplicateSchema): Duplicate Schema named CloudError -- properties.error.$ref: undefined => "#/components/schemas/schemas:868" 

WARNING (PreCheck/DuplicateSchema): Duplicate Schema named CloudErrorBody -- properties.details.$ref: undefined => "#/components/schemas/schemas:872" 

WARNING (PreCheck/DuplicateSchema): Duplicate Schema named PrivateEndpointConnectionForPrivateLinkHubBasic -- properties.id.$ref: undefined => "#/components/schemas/schemas:1174",properties.id.description: "identifier" => <none>,properties.id.readOnly: true => <none>,properties.properties.description: "Properties of private endpoint connection for private link hub" => <none>,properties.properties.x-ms-client-flatten: true => <none> 

WARNING (PreCheck/PropertyRedeclarationWarning): Schema 'ReplicationLink' has a property 'type' that is already declared the parent schema 'Resource' but isn't significantly different. The property has been removed from ReplicationLink

WARNING (PreNamer/DeduplicateName): Deduplicating schema name: 'SecurityAlertPolicyName' -> 'SecurityAlertPolicyNameAutoGenerated'

WARNING (PreNamer/DeduplicateName): Deduplicating schema name: 'PrivateEndpointConnectionForPrivateLinkHubBasic' -> 'PrivateEndpointConnectionForPrivateLinkHubBasicAutoGenerated'

WARNING (PreNamer/DeduplicateName): Deduplicating schema name: 'CloudError' -> 'CloudErrorAutoGenerated'

WARNING (PreNamer/DeduplicateName): Deduplicating schema name: 'CloudErrorBody' -> 'CloudErrorBodyAutoGenerated'
INFORMATION: autorest.bicep took 24ms
Processing batch task - {"tag":"microsoft.synapse-2020-04-01-preview"} .
INFORMATION: > Loading local AutoRest extension '@autorest/bicep' (/home/runner/work/bicep-types-az/bicep-types-az/src/autorest.bicep)
INFORMATION: > Loading AutoRest extension '@autorest/modelerfour' (4.16.2->4.16.2)
WARNING: Semantic validation was skipped.

WARNING (PreCheck/SchemaMissingType): The schema 'Resource' with an undefined type and decalared properties is a bit ambigious. This has been auto-corrected to 'type:object'

WARNING (PreCheck/SchemaMissingType): The schema 'TrackedResource' with an undefined type and decalared properties is a bit ambigious. This has been auto-corrected to 'type:object'

WARNING (PreCheck/SchemaMissingType): The schema 'ErrorResponse' with an undefined type and decalared properties is a bit ambigious. This has been auto-corrected to 'type:object'

WARNING (PreCheck/SchemaMissingType): The schema 'ErrorAdditionalInfo' with an undefined type and decalared properties is a bit ambigious. This has been auto-corrected to 'type:object'

WARNING (PreCheck/CheckDuplicateSchemas): Checking for duplicate schemas, this could take a (long) while.  Run with --verbose for more detail.
INFORMATION: autorest.bicep took 3ms
Processing batch task - {"tag":"microsoft.synapse-2020-12-01"} .
INFORMATION: > Loading local AutoRest extension '@autorest/bicep' (/home/runner/work/bicep-types-az/bicep-types-az/src/autorest.bicep)
INFORMATION: > Loading AutoRest extension '@autorest/modelerfour' (4.16.2->4.16.2)
WARNING: Semantic validation was skipped.

WARNING (PreCheck/SchemaMissingType): The schema 'MetadataSyncConfig-properties' with an undefined type and decalared properties is a bit ambigious. This has been auto-corrected to 'type:object'

WARNING (PreCheck/SchemaMissingType): The schema 'GeoBackupPolicyProperties' with an undefined type and decalared properties is a bit ambigious. This has been auto-corrected to 'type:object'

WARNING (PreCheck/SchemaMissingType): The schema 'GeoBackupPolicy' with an undefined type and decalared properties is a bit ambigious. This has been auto-corrected to 'type:object'

WARNING (PreCheck/SchemaMissingType): The schema 'GeoBackupPolicyListResult' with an undefined type and decalared properties is a bit ambigious. This has been auto-corrected to 'type:object'

WARNING (PreCheck/SchemaMissingType): The schema 'TopQueries' with an undefined type and decalared properties is a bit ambigious. This has been auto-corrected to 'type:object'

WARNING (PreCheck/SchemaMissingType): The schema 'QueryStatistic' with an undefined type and decalared properties is a bit ambigious. This has been auto-corrected to 'type:object'

WARNING (PreCheck/SchemaMissingType): The schema 'QueryInterval' with an undefined type and decalared properties is a bit ambigious. This has been auto-corrected to 'type:object'

WARNING (PreCheck/SchemaMissingType): The schema 'QueryMetric' with an undefined type and decalared properties is a bit ambigious. This has been auto-corrected to 'type:object'

WARNING (PreCheck/SchemaMissingType): The schema 'TopQueriesListResult' with an undefined type and decalared properties is a bit ambigious. This has been auto-corrected to 'type:object'

WARNING (PreCheck/SchemaMissingType): The schema 'ReplicationLinkProperties' with an undefined type and decalared properties is a bit ambigious. This has been auto-corrected to 'type:object'

WARNING (PreCheck/SchemaMissingType): The schema 'ReplicationLink' with an undefined type and decalared properties is a bit ambigious. This has been auto-corrected to 'type:object'

WARNING (PreCheck/SchemaMissingType): The schema 'ReplicationLinkListResult' with an undefined type and decalared properties is a bit ambigious. This has been auto-corrected to 'type:object'

WARNING (PreCheck/SchemaMissingType): The schema 'TransparentDataEncryptionProperties' with an undefined type and decalared properties is a bit ambigious. This has been auto-corrected to 'type:object'

WARNING (PreCheck/SchemaMissingType): The schema 'TransparentDataEncryption' with an undefined type and decalared properties is a bit ambigious. This has been auto-corrected to 'type:object'

WARNING (PreCheck/SchemaMissingType): The schema 'SqlPoolUsage' with an undefined type and decalared properties is a bit ambigious. This has been auto-corrected to 'type:object'

WARNING (PreCheck/SchemaMissingType): The schema 'SqlPoolUsageListResult' with an undefined type and decalared properties is a bit ambigious. This has been auto-corrected to 'type:object'

WARNING (PreCheck/SchemaMissingType): The schema 'DataMaskingPolicyProperties' with an undefined type and decalared properties is a bit ambigious. This has been auto-corrected to 'type:object'

WARNING (PreCheck/SchemaMissingType): The schema 'DataMaskingPolicy' with an undefined type and decalared properties is a bit ambigious. This has been auto-corrected to 'type:object'

WARNING (PreCheck/SchemaMissingType): The schema 'DataMaskingRule' with an undefined type and decalared properties is a bit ambigious. This has been auto-corrected to 'type:object'

WARNING (PreCheck/SchemaMissingType): The schema 'DataMaskingRuleProperties' with an undefined type and decalared properties is a bit ambigious. This has been auto-corrected to 'type:object'

WARNING (PreCheck/SchemaMissingType): The schema 'DataMaskingRuleListResult' with an undefined type and decalared properties is a bit ambigious. This has been auto-corrected to 'type:object'

WARNING (PreCheck/SchemaMissingType): The schema 'ManagedIdentitySqlControlSettingsModel-properties' with an undefined type and decalared properties is a bit ambigious. This has been auto-corrected to 'type:object'

WARNING (PreCheck/SchemaMissingType): The schema 'RestorableDroppedSqlPoolProperties' with an undefined type and decalared properties is a bit ambigious. This has been auto-corrected to 'type:object'

WARNING (PreCheck/SchemaMissingType): The schema 'RestorableDroppedSqlPool' with an undefined type and decalared properties is a bit ambigious. This has been auto-corrected to 'type:object'

WARNING (PreCheck/SchemaMissingType): The schema 'RestorableDroppedSqlPoolListResult' with an undefined type and decalared properties is a bit ambigious. This has been auto-corrected to 'type:object'

WARNING (PreCheck/SchemaMissingType): The schema 'SubResource' with an undefined type and 'allOf'/'anyOf'/'oneOf' is a bit ambigious. This has been auto-corrected to 'type:object'

WARNING (PreCheck/SchemaMissingType): The schema 'ManagedIntegrationRuntimeOperationResult' with an undefined type and decalared properties is a bit ambigious. This has been auto-corrected to 'type:object'

WARNING (PreCheck/SchemaMissingType): The schema 'ManagedIntegrationRuntimeNode' with an undefined type and decalared properties is a bit ambigious. This has been auto-corrected to 'type:object'

WARNING (PreCheck/SchemaMissingType): The schema 'ManagedIntegrationRuntimeError' with an undefined type and decalared properties is a bit ambigious. This has been auto-corrected to 'type:object'

WARNING (PreCheck/SchemaMissingType): The schema 'SelfHostedIntegrationRuntimeNode' with an undefined type and decalared properties is a bit ambigious. This has been auto-corrected to 'type:object'

WARNING (PreCheck/SchemaMissingType): The schema 'IntegrationRuntimeResource' with an undefined type and decalared properties is a bit ambigious. This has been auto-corrected to 'type:object'

WARNING (PreCheck/SchemaMissingType): The schema 'IntegrationRuntimeStatusResponse' with an undefined type and decalared properties is a bit ambigious. This has been auto-corrected to 'type:object'

WARNING (PreCheck/SchemaMissingType): The schema 'ServerUsage' with an undefined type and decalared properties is a bit ambigious. This has been auto-corrected to 'type:object'

WARNING (PreCheck/SchemaMissingType): The schema 'ServerUsageListResult' with an undefined type and decalared properties is a bit ambigious. This has been auto-corrected to 'type:object'

WARNING (PreCheck/SchemaMissingType): The schema 'LibraryResource' with an undefined type and decalared properties is a bit ambigious. This has been auto-corrected to 'type:object'

WARNING (PreCheck/SchemaMissingType): The schema 'SubResource' with an undefined type and 'allOf'/'anyOf'/'oneOf' is a bit ambigious. This has been auto-corrected to 'type:object'

WARNING (PreCheck/SchemaMissingType): The schema 'Resource' with an undefined type and decalared properties is a bit ambigious. This has been auto-corrected to 'type:object'

WARNING (PreCheck/SchemaMissingType): The schema 'AzureEntityResource' with an undefined type and decalared properties is a bit ambigious. This has been auto-corrected to 'type:object'

WARNING (PreCheck/SchemaMissingType): The schema 'TrackedResource' with an undefined type and decalared properties is a bit ambigious. This has been auto-corrected to 'type:object'

WARNING (PreCheck/SchemaMissingType): The schema 'ProxyResource' with an undefined type and 'allOf'/'anyOf'/'oneOf' is a bit ambigious. This has been auto-corrected to 'type:object'

WARNING (PreCheck/SchemaMissingType): The schema 'ErrorDetail' with an undefined type and decalared properties is a bit ambigious. This has been auto-corrected to 'type:object'

WARNING (PreCheck/SchemaMissingType): The schema 'ErrorResponse' with an undefined type and decalared properties is a bit ambigious. This has been auto-corrected to 'type:object'

WARNING (PreCheck/SchemaMissingType): The schema 'ErrorAdditionalInfo' with an undefined type and decalared properties is a bit ambigious. This has been auto-corrected to 'type:object'

WARNING (PreCheck/SchemaMissingType): The schema 'Resource' with an undefined type and decalared properties is a bit ambigious. This has been auto-corrected to 'type:object'

WARNING (PreCheck/SchemaMissingType): The schema 'AzureEntityResource' with an undefined type and decalared properties is a bit ambigious. This has been auto-corrected to 'type:object'

WARNING (PreCheck/SchemaMissingType): The schema 'ProxyResource' with an undefined type and 'allOf'/'anyOf'/'oneOf' is a bit ambigious. This has been auto-corrected to 'type:object'

WARNING (PreCheck/SchemaMissingType): The schema 'PrivateEndpointConnectionForPrivateLinkHubBasic' with an undefined type and decalared properties is a bit ambigious. This has been auto-corrected to 'type:object'

WARNING (PreCheck/SchemaMissingType): The schema 'PrivateEndpointConnectionForPrivateLinkHub_ResourceCollectionResponse' with an undefined type and decalared properties is a bit ambigious. This has been auto-corrected to 'type:object'

WARNING (PreCheck/CheckDuplicateSchemas): Checking for duplicate schemas, this could take a (long) while.  Run with --verbose for more detail.

WARNING (PreCheck/DuplicateSchema): Duplicate Schema named PrivateEndpointConnectionForPrivateLinkHubBasic -- properties.id.$ref: undefined => "#/components/schemas/schemas:1273",properties.id.description: "identifier" => <none>,properties.id.readOnly: true => <none>,properties.properties.description: "Properties of private endpoint connection for private link hub" => <none>,properties.properties.x-ms-client-flatten: true => <none> 

WARNING (PreCheck/PropertyRedeclarationWarning): Schema 'ReplicationLink' has a property 'type' that is already declared the parent schema 'Resource' but isn't significantly different. The property has been removed from ReplicationLink

WARNING (PreNamer/DeduplicateName): Deduplicating schema name: 'SecurityAlertPolicyName' -> 'SecurityAlertPolicyNameAutoGenerated'

WARNING (PreNamer/DeduplicateName): Deduplicating schema name: 'PrivateEndpointConnectionForPrivateLinkHubBasic' -> 'PrivateEndpointConnectionForPrivateLinkHubBasicAutoGenerated'
INFORMATION: autorest.bicep took 27ms
[100.74 s] Generation Complete
