
Executing: autorest --use=/home/runner/work/bicep-types-az/bicep-types-az/src/generator --azureresourceschema --output-folder=/home/runner/work/bicep-types-az/bicep-types-az/generated/resources --multiapi /home/runner/work/bicep-types-az/bicep-types-az/workflow-temp/azure-rest-api-specs/specification/resources/resource-manager/readme.md
AutoRest code generation utility [cli version: 3.0.6322; node: v14.15.4, max-memory: 2048 MB]
(C) 2018 Microsoft Corporation.
https://aka.ms/autorest
   Loading AutoRest core      '/home/runner/work/bicep-types-az/bicep-types-az/src/generator/node_modules/@autorest/core/dist' (3.0.6351)
   Loading local AutoRest extension '@autorest/bicep' (/home/runner/work/bicep-types-az/bicep-types-az/src/generator)
   Loading AutoRest extension '@autorest/azureresourceschema' (~3.0.45->3.0.92)
Processing batch task - {"tag":"schema-solutions-2020-08-21-preview"} .
WARNING: Skipping resource PUT path '/{applicationId}': Unable to find type segments
WARNING: Skipping resource type Microsoft.Solutions/applicationDefinitions under path '/subscriptions/{subscriptionId}/resourceGroups/{resourceGroupName}/providers/Microsoft.Solutions/applicationDefinitions/{applicationDefinitionName}': Found multiple definitions for the same type
Processing batch task - {"tag":"schema-solutions-2019-07-01"} .
WARNING: Skipping resource PUT path '/{applicationId}': Unable to find type segments
WARNING: Skipping resource type Microsoft.Solutions/applicationDefinitions under path '/subscriptions/{subscriptionId}/resourceGroups/{resourceGroupName}/providers/Microsoft.Solutions/applicationDefinitions/{applicationDefinitionName}': Found multiple definitions for the same type
Processing batch task - {"tag":"schema-solutions-2018-06-01"} .
WARNING: Skipping resource PUT path '/{applicationId}': Unable to find type segments
WARNING: Skipping resource type Microsoft.Solutions/applicationDefinitions under path '/subscriptions/{subscriptionId}/resourceGroups/{resourceGroupName}/providers/Microsoft.Solutions/applicationDefinitions/{applicationDefinitionName}': Found multiple definitions for the same type
Processing batch task - {"tag":"schema-solutions-2017-09-01"} .
WARNING: Skipping resource PUT path '/{applicationId}': Unable to find type segments
WARNING: Skipping resource PUT path '/{applicationDefinitionId}': Unable to find type segments
Processing batch task - {"tag":"schema-solutions-2016-09-01-preview"} .
WARNING: Skipping resource PUT path '/{applianceId}': Unable to find type segments
WARNING: Skipping resource PUT path '/{applianceDefinitionId}': Unable to find type segments
Processing batch task - {"tag":"schema-resources-2020-10-01"} .
Processing batch task - {"tag":"schema-resources-2020-06-01"} .
WARNING: Skipping resource PUT path '/subscriptions/{subscriptionId}/resourcegroups/{resourceGroupName}/providers/{resourceProviderNamespace}/{parentResourcePath}/{resourceType}/{resourceName}': Unable to process parameterized provider namespace '{resourceProviderNamespace}'
WARNING: Skipping resource PUT path '/{resourceId}': Unable to find type segments
WARNING: Skipping resource PUT path '/subscriptions/{subscriptionId}/tagNames/{tagName}/tagValues/{tagValue}': Unable to find type segments
WARNING: Skipping resource PUT path '/subscriptions/{subscriptionId}/tagNames/{tagName}': Unable to find type segments
WARNING: Skipping resource type Microsoft.Resources/deployments under path '/{scope}/providers/Microsoft.Resources/deployments/{deploymentName}': Found multiple definitions for the same type
Processing batch task - {"tag":"schema-resources-2020-01-01"} .
Processing batch task - {"tag":"schema-resources-2019-11-01"} .
Processing batch task - {"tag":"schema-resources-2019-10-01-preview"} .
Processing batch task - {"tag":"schema-resources-2019-10-01"} .
WARNING: Skipping resource PUT path '/subscriptions/{subscriptionId}/resourcegroups/{resourceGroupName}/providers/{resourceProviderNamespace}/{parentResourcePath}/{resourceType}/{resourceName}': Unable to process parameterized provider namespace '{resourceProviderNamespace}'
WARNING: Skipping resource PUT path '/{resourceId}': Unable to find type segments
WARNING: Skipping resource PUT path '/subscriptions/{subscriptionId}/tagNames/{tagName}/tagValues/{tagValue}': Unable to find type segments
WARNING: Skipping resource PUT path '/subscriptions/{subscriptionId}/tagNames/{tagName}': Unable to find type segments
WARNING: Skipping resource type Microsoft.Resources/deployments under path '/{scope}/providers/Microsoft.Resources/deployments/{deploymentName}': Found multiple definitions for the same type
Processing batch task - {"tag":"schema-resources-2019-08-01"} .
WARNING: Skipping resource PUT path '/subscriptions/{subscriptionId}/resourcegroups/{resourceGroupName}/providers/{resourceProviderNamespace}/{parentResourcePath}/{resourceType}/{resourceName}': Unable to process parameterized provider namespace '{resourceProviderNamespace}'
WARNING: Skipping resource PUT path '/{resourceId}': Unable to find type segments
WARNING: Skipping resource PUT path '/subscriptions/{subscriptionId}/tagNames/{tagName}/tagValues/{tagValue}': Unable to find type segments
WARNING: Skipping resource PUT path '/subscriptions/{subscriptionId}/tagNames/{tagName}': Unable to find type segments
WARNING: Skipping resource type Microsoft.Resources/deployments under path '/{scope}/providers/Microsoft.Resources/deployments/{deploymentName}': Found multiple definitions for the same type
Processing batch task - {"tag":"schema-resources-2019-07-01"} .
WARNING: Skipping resource PUT path '/subscriptions/{subscriptionId}/resourcegroups/{resourceGroupName}/providers/{resourceProviderNamespace}/{parentResourcePath}/{resourceType}/{resourceName}': Unable to process parameterized provider namespace '{resourceProviderNamespace}'
WARNING: Skipping resource PUT path '/{resourceId}': Unable to find type segments
WARNING: Skipping resource PUT path '/subscriptions/{subscriptionId}/tagNames/{tagName}/tagValues/{tagValue}': Unable to find type segments
WARNING: Skipping resource PUT path '/subscriptions/{subscriptionId}/tagNames/{tagName}': Unable to find type segments
WARNING: Skipping resource type Microsoft.Resources/deployments under path '/{scope}/providers/Microsoft.Resources/deployments/{deploymentName}': Found multiple definitions for the same type
Processing batch task - {"tag":"schema-resources-2019-06-01-preview"} .
Processing batch task - {"tag":"schema-resources-2019-06-01"} .
Processing batch task - {"tag":"schema-resources-2019-05-10"} .
WARNING: Skipping resource PUT path '/subscriptions/{subscriptionId}/resourcegroups/{resourceGroupName}/providers/{resourceProviderNamespace}/{parentResourcePath}/{resourceType}/{resourceName}': Unable to process parameterized provider namespace '{resourceProviderNamespace}'
WARNING: Skipping resource PUT path '/{resourceId}': Unable to find type segments
WARNING: Skipping resource PUT path '/subscriptions/{subscriptionId}/tagNames/{tagName}/tagValues/{tagValue}': Unable to find type segments
WARNING: Skipping resource PUT path '/subscriptions/{subscriptionId}/tagNames/{tagName}': Unable to find type segments
WARNING: Skipping resource type Microsoft.Resources/deployments under path '/providers/Microsoft.Management/managementGroups/{groupId}/providers/Microsoft.Resources/deployments/{deploymentName}': Found multiple definitions for the same type
Processing batch task - {"tag":"schema-resources-2019-05-01"} .
WARNING: Skipping resource PUT path '/subscriptions/{subscriptionId}/resourcegroups/{resourceGroupName}/providers/{resourceProviderNamespace}/{parentResourcePath}/{resourceType}/{resourceName}': Unable to process parameterized provider namespace '{resourceProviderNamespace}'
WARNING: Skipping resource PUT path '/{resourceId}': Unable to find type segments
WARNING: Skipping resource PUT path '/subscriptions/{subscriptionId}/tagNames/{tagName}/tagValues/{tagValue}': Unable to find type segments
WARNING: Skipping resource PUT path '/subscriptions/{subscriptionId}/tagNames/{tagName}': Unable to find type segments
WARNING: Skipping resource type Microsoft.Resources/deployments under path '/providers/Microsoft.Management/managementGroups/{groupId}/providers/Microsoft.Resources/deployments/{deploymentName}': Found multiple definitions for the same type
Processing batch task - {"tag":"schema-resources-2019-03-01"} .
WARNING: Skipping resource PUT path '/subscriptions/{subscriptionId}/resourcegroups/{resourceGroupName}/providers/{resourceProviderNamespace}/{parentResourcePath}/{resourceType}/{resourceName}': Unable to process parameterized provider namespace '{resourceProviderNamespace}'
WARNING: Skipping resource PUT path '/{resourceId}': Unable to find type segments
WARNING: Skipping resource PUT path '/subscriptions/{subscriptionId}/tagNames/{tagName}/tagValues/{tagValue}': Unable to find type segments
WARNING: Skipping resource PUT path '/subscriptions/{subscriptionId}/tagNames/{tagName}': Unable to find type segments
WARNING: Skipping resource type Microsoft.Resources/deployments under path '/subscriptions/{subscriptionId}/providers/Microsoft.Resources/deployments/{deploymentName}': Found multiple definitions for the same type
Processing batch task - {"tag":"schema-resources-2018-06-01"} .
Processing batch task - {"tag":"schema-resources-2018-05-01"} .
WARNING: Skipping resource PUT path '/subscriptions/{subscriptionId}/resourcegroups/{resourceGroupName}/providers/{resourceProviderNamespace}/{parentResourcePath}/{resourceType}/{resourceName}': Unable to process parameterized provider namespace '{resourceProviderNamespace}'
WARNING: Skipping resource PUT path '/{resourceId}': Unable to find type segments
WARNING: Skipping resource PUT path '/subscriptions/{subscriptionId}/tagNames/{tagName}/tagValues/{tagValue}': Unable to find type segments
WARNING: Skipping resource PUT path '/subscriptions/{subscriptionId}/tagNames/{tagName}': Unable to find type segments
WARNING: Skipping resource type Microsoft.Resources/deployments under path '/subscriptions/{subscriptionId}/providers/Microsoft.Resources/deployments/{deploymentName}': Found multiple definitions for the same type
Processing batch task - {"tag":"schema-resources-2018-02-01"} .
WARNING: Skipping resource PUT path '/subscriptions/{subscriptionId}/resourcegroups/{resourceGroupName}/providers/{resourceProviderNamespace}/{parentResourcePath}/{resourceType}/{resourceName}': Unable to process parameterized provider namespace '{resourceProviderNamespace}'
WARNING: Skipping resource PUT path '/{resourceId}': Unable to find type segments
WARNING: Skipping resource PUT path '/subscriptions/{subscriptionId}/tagNames/{tagName}/tagValues/{tagValue}': Unable to find type segments
WARNING: Skipping resource PUT path '/subscriptions/{subscriptionId}/tagNames/{tagName}': Unable to find type segments
Processing batch task - {"tag":"schema-resources-2017-05-10"} .
WARNING: Skipping resource PUT path '/subscriptions/{subscriptionId}/resourcegroups/{resourceGroupName}/providers/{resourceProviderNamespace}/{parentResourcePath}/{resourceType}/{resourceName}': Unable to process parameterized provider namespace '{resourceProviderNamespace}'
WARNING: Skipping resource PUT path '/{resourceId}': Unable to find type segments
WARNING: Skipping resource PUT path '/subscriptions/{subscriptionId}/tagNames/{tagName}/tagValues/{tagValue}': Unable to find type segments
WARNING: Skipping resource PUT path '/subscriptions/{subscriptionId}/tagNames/{tagName}': Unable to find type segments
Processing batch task - {"tag":"schema-resources-2016-09-01"} .
WARNING: Skipping resource PUT path '/subscriptions/{subscriptionId}/resourcegroups/{resourceGroupName}/providers/{resourceProviderNamespace}/{parentResourcePath}/{resourceType}/{resourceName}': Unable to process parameterized provider namespace '{resourceProviderNamespace}'
WARNING: Skipping resource PUT path '/{resourceId}': Unable to find type segments
WARNING: Skipping resource PUT path '/subscriptions/{subscriptionId}/tagNames/{tagName}/tagValues/{tagValue}': Unable to find type segments
WARNING: Skipping resource PUT path '/subscriptions/{subscriptionId}/tagNames/{tagName}': Unable to find type segments
WARNING: Skipping resource PUT path '/{linkId}': Unable to find type segments
Processing batch task - {"tag":"schema-resources-2016-07-01"} .
WARNING: Skipping resource PUT path '/subscriptions/{subscriptionId}/resourcegroups/{resourceGroupName}/providers/{resourceProviderNamespace}/{parentResourcePath}/{resourceType}/{resourceName}': Unable to process parameterized provider namespace '{resourceProviderNamespace}'
WARNING: Skipping resource PUT path '/subscriptions/{subscriptionId}/tagNames/{tagName}/tagValues/{tagValue}': Unable to find type segments
WARNING: Skipping resource PUT path '/subscriptions/{subscriptionId}/tagNames/{tagName}': Unable to find type segments
Processing batch task - {"tag":"schema-resources-2016-06-01"} .
Processing batch task - {"tag":"schema-resources-2016-02-01"} .
WARNING: Skipping resource PUT path '/subscriptions/{subscriptionId}/resourcegroups/{resourceGroupName}/providers/{resourceProviderNamespace}/{parentResourcePath}/{resourceType}/{resourceName}': Unable to process parameterized provider namespace '{resourceProviderNamespace}'
WARNING: Skipping resource PUT path '/subscriptions/{subscriptionId}/tagNames/{tagName}/tagValues/{tagValue}': Unable to find type segments
WARNING: Skipping resource PUT path '/subscriptions/{subscriptionId}/tagNames/{tagName}': Unable to find type segments
Processing batch task - {"tag":"schema-resources-2015-11-01"} .
WARNING: Skipping resource PUT path '/subscriptions/{subscriptionId}/resourcegroups/{resourceGroupName}/providers/{resourceProviderNamespace}/{parentResourcePath}/{resourceType}/{resourceName}': Unable to process parameterized provider namespace '{resourceProviderNamespace}'
WARNING: Skipping resource PUT path '/subscriptions/{subscriptionId}/tagNames/{tagName}/tagValues/{tagValue}': Unable to find type segments
WARNING: Skipping resource PUT path '/subscriptions/{subscriptionId}/tagNames/{tagName}': Unable to find type segments
WARNING: Skipping resource PUT path '/{policyAssignmentId}': Unable to find type segments
Processing batch task - {"tag":"schema-features-2015-12-01"} .
Processing batch task - {"tag":"schema-authorization-2020-09-01"} .
WARNING: Skipping resource PUT path '/{policyAssignmentId}': Unable to find type segments
WARNING: Skipping resource type Microsoft.Authorization/policyDefinitions under path '/subscriptions/{subscriptionId}/providers/Microsoft.Authorization/policyDefinitions/{policyDefinitionName}': Found multiple definitions for the same type
WARNING: Skipping resource type Microsoft.Authorization/policySetDefinitions under path '/subscriptions/{subscriptionId}/providers/Microsoft.Authorization/policySetDefinitions/{policySetDefinitionName}': Found multiple definitions for the same type
Processing batch task - {"tag":"schema-authorization-2020-07-01-preview"} .
Processing batch task - {"tag":"schema-authorization-2020-03-01"} .
WARNING: Skipping resource PUT path '/{policyAssignmentId}': Unable to find type segments
WARNING: Skipping resource type Microsoft.Authorization/policyDefinitions under path '/subscriptions/{subscriptionId}/providers/Microsoft.Authorization/policyDefinitions/{policyDefinitionName}': Found multiple definitions for the same type
WARNING: Skipping resource type Microsoft.Authorization/policySetDefinitions under path '/subscriptions/{subscriptionId}/providers/Microsoft.Authorization/policySetDefinitions/{policySetDefinitionName}': Found multiple definitions for the same type
Processing batch task - {"tag":"schema-authorization-2019-09-01"} .
WARNING: Skipping resource PUT path '/{policyAssignmentId}': Unable to find type segments
WARNING: Skipping resource type Microsoft.Authorization/policyDefinitions under path '/subscriptions/{subscriptionId}/providers/Microsoft.Authorization/policyDefinitions/{policyDefinitionName}': Found multiple definitions for the same type
WARNING: Skipping resource type Microsoft.Authorization/policySetDefinitions under path '/subscriptions/{subscriptionId}/providers/Microsoft.Authorization/policySetDefinitions/{policySetDefinitionName}': Found multiple definitions for the same type
Processing batch task - {"tag":"schema-authorization-2019-06-01"} .
WARNING: Skipping resource PUT path '/{policyAssignmentId}': Unable to find type segments
WARNING: Skipping resource type Microsoft.Authorization/policyDefinitions under path '/subscriptions/{subscriptionId}/providers/Microsoft.Authorization/policyDefinitions/{policyDefinitionName}': Found multiple definitions for the same type
WARNING: Skipping resource type Microsoft.Authorization/policySetDefinitions under path '/subscriptions/{subscriptionId}/providers/Microsoft.Authorization/policySetDefinitions/{policySetDefinitionName}': Found multiple definitions for the same type
Processing batch task - {"tag":"schema-authorization-2019-01-01"} .
WARNING: Skipping resource PUT path '/{policyAssignmentId}': Unable to find type segments
WARNING: Skipping resource type Microsoft.Authorization/policyDefinitions under path '/subscriptions/{subscriptionId}/providers/Microsoft.Authorization/policyDefinitions/{policyDefinitionName}': Found multiple definitions for the same type
WARNING: Skipping resource type Microsoft.Authorization/policySetDefinitions under path '/subscriptions/{subscriptionId}/providers/Microsoft.Authorization/policySetDefinitions/{policySetDefinitionName}': Found multiple definitions for the same type
Processing batch task - {"tag":"schema-authorization-2018-05-01"} .
WARNING: Skipping resource PUT path '/{policyAssignmentId}': Unable to find type segments
WARNING: Skipping resource type Microsoft.Authorization/policyDefinitions under path '/subscriptions/{subscriptionId}/providers/Microsoft.Authorization/policyDefinitions/{policyDefinitionName}': Found multiple definitions for the same type
WARNING: Skipping resource type Microsoft.Authorization/policySetDefinitions under path '/subscriptions/{subscriptionId}/providers/Microsoft.Authorization/policySetDefinitions/{policySetDefinitionName}': Found multiple definitions for the same type
Processing batch task - {"tag":"schema-authorization-2018-03-01"} .
WARNING: Skipping resource PUT path '/{policyAssignmentId}': Unable to find type segments
WARNING: Skipping resource type Microsoft.Authorization/policyDefinitions under path '/subscriptions/{subscriptionId}/providers/Microsoft.Authorization/policyDefinitions/{policyDefinitionName}': Found multiple definitions for the same type
WARNING: Skipping resource type Microsoft.Authorization/policySetDefinitions under path '/subscriptions/{subscriptionId}/providers/Microsoft.Authorization/policySetDefinitions/{policySetDefinitionName}': Found multiple definitions for the same type
Processing batch task - {"tag":"schema-authorization-2017-06-01-preview"} .
WARNING: Skipping resource PUT path '/{policyAssignmentId}': Unable to find type segments
WARNING: Skipping resource type Microsoft.Authorization/policySetDefinitions under path '/subscriptions/{subscriptionId}/providers/Microsoft.Authorization/policySetDefinitions/{policySetDefinitionName}': Found multiple definitions for the same type
Processing batch task - {"tag":"schema-authorization-2016-12-01"} .
WARNING: Skipping resource PUT path '/{policyAssignmentId}': Unable to find type segments
WARNING: Skipping resource type Microsoft.Authorization/policyDefinitions under path '/subscriptions/{subscriptionId}/providers/Microsoft.Authorization/policyDefinitions/{policyDefinitionName}': Found multiple definitions for the same type
Processing batch task - {"tag":"schema-authorization-2016-09-01"} .
WARNING: Skipping resource type Microsoft.Authorization/locks under path '/subscriptions/{subscriptionId}/resourceGroups/{resourceGroupName}/providers/Microsoft.Authorization/locks/{lockName}': Found multiple definitions for the same type
Processing batch task - {"tag":"schema-authorization-2016-04-01"} .
WARNING: Skipping resource PUT path '/{policyAssignmentId}': Unable to find type segments
Processing batch task - {"tag":"schema-authorization-2015-10-01-preview"} .
WARNING: Skipping resource PUT path '/{policyAssignmentId}': Unable to find type segments
Processing batch task - {"tag":"schema-authorization-2015-01-01"} .
WARNING: Skipping resource type Microsoft.Authorization/locks under path '/subscriptions/{subscriptionId}/resourceGroups/{resourceGroupName}/providers/Microsoft.Authorization/locks/{lockName}': Found multiple definitions for the same type
[126.07 s] Generation Complete
