Generating types for 'specification/networkfunction/resource-manager/Microsoft.NetworkFunction/TrafficCollector/readme.md'
AutoRest code generation utility [cli version: 3.8.0; node: v22.22.2]
(C) 2018 Microsoft Corporation.
https://aka.ms/autorest
⚠️ AutoRest is deprecated and will be retired on July 1, 2026. Please migrate to TypeSpec: https://typespec.io — details: https://github.com/Azure/autorest/issues/5175
warning | SkippedSemanticValidation | Semantic validation was skipped.
warning | PreCheck/SchemaMissingType | The schema 'CollectorPolicy-systemData' with an undefined type and 'allOf'/'anyOf'/'oneOf' is a bit ambiguous. This has been auto-corrected to 'type:object'
    - file:///home/runner/work/bicep-types-az/bicep-types-az/workflow-temp/azure-rest-api-specs/specification/networkfunction/resource-manager/Microsoft.NetworkFunction/TrafficCollector/preview/2021-09-01-preview/AzureTrafficCollector.json:770:9
warning | PreCheck/SchemaMissingType | The schema 'TrackedResource-systemData' with an undefined type and 'allOf'/'anyOf'/'oneOf' is a bit ambiguous. This has been auto-corrected to 'type:object'
    - file:///home/runner/work/bicep-types-az/bicep-types-az/workflow-temp/azure-rest-api-specs/specification/networkfunction/resource-manager/Microsoft.NetworkFunction/TrafficCollector/preview/2021-09-01-preview/AzureTrafficCollector.json:816:9
warning | PreCheck/CheckDuplicateSchemas | Checking for duplicate schemas, this could take a (long) while.  Run with --verbose for more detail.
warning | SkippedSemanticValidation | Semantic validation was skipped.
warning | PreCheck/SchemaMissingType | The schema 'CollectorPolicy-systemData' with an undefined type and 'allOf'/'anyOf'/'oneOf' is a bit ambiguous. This has been auto-corrected to 'type:object'
    - file:///home/runner/work/bicep-types-az/bicep-types-az/workflow-temp/azure-rest-api-specs/specification/networkfunction/resource-manager/Microsoft.NetworkFunction/TrafficCollector/stable/2022-05-01/AzureTrafficCollector.json:770:9
warning | PreCheck/SchemaMissingType | The schema 'TrackedResource-systemData' with an undefined type and 'allOf'/'anyOf'/'oneOf' is a bit ambiguous. This has been auto-corrected to 'type:object'
    - file:///home/runner/work/bicep-types-az/bicep-types-az/workflow-temp/azure-rest-api-specs/specification/networkfunction/resource-manager/Microsoft.NetworkFunction/TrafficCollector/stable/2022-05-01/AzureTrafficCollector.json:816:9
warning | PreCheck/CheckDuplicateSchemas | Checking for duplicate schemas, this could take a (long) while.  Run with --verbose for more detail.
warning | SkippedSemanticValidation | Semantic validation was skipped.
warning | PreCheck/SchemaMissingType | The schema 'TrackedResource-systemData' with an undefined type and 'allOf'/'anyOf'/'oneOf' is a bit ambiguous. This has been auto-corrected to 'type:object'
    - file:///home/runner/work/bicep-types-az/bicep-types-az/workflow-temp/azure-rest-api-specs/specification/networkfunction/resource-manager/Microsoft.NetworkFunction/TrafficCollector/stable/2022-08-01/AzureTrafficCollector.json:807:9
warning | PreCheck/CheckDuplicateSchemas | Checking for duplicate schemas, this could take a (long) while.  Run with --verbose for more detail.
warning | SkippedSemanticValidation | Semantic validation was skipped.
warning | PreCheck/CheckDuplicateSchemas | Checking for duplicate schemas, this could take a (long) while.  Run with --verbose for more detail.
