WARNING: Unable to parse swagger path "Microsoft.Compute/CloudserviceRP/stable/2022-04-04/common.json"
WARNING: Unable to parse swagger path "Microsoft.Compute/ComputeRP/stable/2022-03-01/computeRPCommon.json"
WARNING: Unable to parse swagger path "Microsoft.Compute/ComputeRP/stable/2022-03-01/virtualMachineScaleSet.json"
WARNING: Unable to parse swagger path "Microsoft.Compute/ComputeRP/stable/2022-03-01/virtualMachine.json"
WARNING: Unable to parse swagger path "Microsoft.Compute/ComputeRP/stable/2022-03-01/virtualMachineImage.json"
WARNING: Unable to parse swagger path "Microsoft.Compute/ComputeRP/stable/2022-03-01/virtualMachineExtensionImage.json"
WARNING: Unable to parse swagger path "Microsoft.Compute/ComputeRP/stable/2022-03-01/availabilitySet.json"
WARNING: Unable to parse swagger path "Microsoft.Compute/ComputeRP/stable/2022-03-01/proximityPlacementGroup.json"
WARNING: Unable to parse swagger path "Microsoft.Compute/ComputeRP/stable/2022-03-01/dedicatedHost.json"
WARNING: Unable to parse swagger path "Microsoft.Compute/ComputeRP/stable/2022-03-01/sshPublicKey.json"
WARNING: Unable to parse swagger path "Microsoft.Compute/ComputeRP/stable/2022-03-01/image.json"
WARNING: Unable to parse swagger path "Microsoft.Compute/ComputeRP/stable/2022-03-01/restorePoint.json"
WARNING: Unable to parse swagger path "Microsoft.Compute/ComputeRP/stable/2022-03-01/capacityReservation.json"
WARNING: Unable to parse swagger path "Microsoft.Compute/ComputeRP/stable/2022-03-01/logAnalytic.json"
WARNING: Unable to parse swagger path "Microsoft.Compute/ComputeRP/stable/2022-03-01/runCommand.json"
WARNING: Unable to parse swagger path "Microsoft.Compute/DiskRP/stable/2022-03-02/diskRPCommon.json"
WARNING: Unable to parse swagger path "Microsoft.Compute/DiskRP/stable/2022-03-02/disk.json"
WARNING: Unable to parse swagger path "Microsoft.Compute/DiskRP/stable/2022-03-02/diskAccess.json"
WARNING: Unable to parse swagger path "Microsoft.Compute/DiskRP/stable/2022-03-02/diskEncryptionSet.json"
WARNING: Unable to parse swagger path "Microsoft.Compute/DiskRP/stable/2022-03-02/diskRestorePoint.json"
WARNING: Unable to parse swagger path "Microsoft.Compute/DiskRP/stable/2022-03-02/snapshot.json"
WARNING: Unable to parse swagger path "Microsoft.Compute/Skus/stable/2021-07-01/skus.json"
WARNING: Unable to parse swagger path "Microsoft.Compute/GalleryRP/stable/2022-01-03/galleryRPCommon.json"
WARNING: Unable to parse swagger path "Microsoft.Compute/GalleryRP/stable/2022-01-03/gallery.json"
WARNING: Unable to parse swagger path "Microsoft.Compute/GalleryRP/stable/2022-01-03/sharedGallery.json"
WARNING: Unable to parse swagger path "Microsoft.Compute/GalleryRP/stable/2022-01-03/communityGallery.json"
WARNING: Unable to parse swagger path "Microsoft.Compute/CloudserviceRP/stable/2022-04-04/cloudService.json"
WARNING: Unable to parse swagger path "Microsoft.Compute/DiskRP/stable/2022-03-02/common.json"
WARNING: Unable to parse swagger path "Microsoft.Compute/CloudserviceRP/stable/2021-03-01/cloudService.json"
WARNING: Unable to parse swagger path "Microsoft.Compute/DiskRP/stable/2021-12-01/disk.json"
WARNING: Unable to parse swagger path "Microsoft.Compute/GalleryRP/stable/2022-01-03/common.json"
WARNING: Unable to parse swagger path "Microsoft.Compute/ComputeRP/stable/2022-03-01/common.json"
WARNING: Unable to parse swagger path "Microsoft.Compute/GalleryRP/stable/2021-10-01/gallery.json"
WARNING: Unable to parse swagger path "Microsoft.Compute/GalleryRP/stable/2021-07-01/sharedGallery.json"
WARNING: Unable to parse swagger path "Microsoft.Compute/GalleryRP/stable/2021-07-01/communityGallery.json"
WARNING: Unable to parse swagger path "Microsoft.Compute/ComputeRP/stable/2021-11-01/compute.json"
WARNING: Unable to parse swagger path "Microsoft.Compute/ComputeRP/stable/2021-11-01/runCommands.json"
WARNING: Unable to parse swagger path "Microsoft.Compute/DiskRP/stable/2021-08-01/disk.json"
WARNING: Unable to parse swagger path "Microsoft.Compute/ComputeRP/stable/2021-07-01/compute.json"
WARNING: Unable to parse swagger path "Microsoft.Compute/ComputeRP/stable/2021-07-01/runCommands.json"
WARNING: Unable to parse swagger path "Microsoft.Compute/GalleryRP/stable/2021-07-01/gallery.json"
WARNING: Unable to parse swagger path "Microsoft.Compute/DiskRP/stable/2021-04-01/disk.json"
WARNING: Unable to parse swagger path "Microsoft.Compute/DiagnosticRP/preview/2021-06-01-preview/diagnostic.json"
WARNING: Unable to parse swagger path "Microsoft.Compute/ComputeRP/stable/2021-04-01/compute.json"
WARNING: Unable to parse swagger path "Microsoft.Compute/ComputeRP/stable/2021-04-01/runCommands.json"
WARNING: Unable to parse swagger path "Microsoft.Compute/Skus/stable/2019-04-01/skus.json"
WARNING: Unable to parse swagger path "Microsoft.Compute/GalleryRP/stable/2020-09-30/gallery.json"
WARNING: Unable to parse swagger path "Microsoft.Compute/GalleryRP/stable/2020-09-30/sharedGallery.json"
WARNING: Unable to parse swagger path "Microsoft.Compute/ComputeRP/stable/2021-03-01/compute.json"
WARNING: Unable to parse swagger path "Microsoft.Compute/ComputeRP/stable/2021-03-01/runCommands.json"
WARNING: Unable to parse swagger path "Microsoft.Compute/DiskRP/stable/2020-12-01/disk.json"
WARNING: Unable to parse swagger path "Microsoft.Compute/ComputeRP/stable/2020-12-01/compute.json"
WARNING: Unable to parse swagger path "Microsoft.Compute/ComputeRP/stable/2020-12-01/runCommands.json"
WARNING: Unable to parse swagger path "Microsoft.Compute/GalleryRP/stable/2019-12-01/gallery.json"
WARNING: Unable to parse swagger path "Microsoft.Compute/ComputeRP/stable/2020-06-01/compute.json"
WARNING: Unable to parse swagger path "Microsoft.Compute/ComputeRP/stable/2020-06-01/runCommands.json"
WARNING: Unable to parse swagger path "Microsoft.Compute/DiskRP/stable/2020-09-30/disk.json"
WARNING: Unable to parse swagger path "Microsoft.Compute/CloudserviceRP/preview/2020-10-01-preview/cloudService.json"
WARNING: Unable to parse swagger path "Microsoft.Compute/GalleryRP/preview/2020-09-30/gallery.json"
WARNING: Unable to parse swagger path "Microsoft.Compute/GalleryRP/preview/2020-09-30/sharedGallery.json"
WARNING: Unable to parse swagger path "Microsoft.Compute/DiskRP/stable/2020-06-30/disk.json"
WARNING: Unable to parse swagger path "Microsoft.Compute/DiskRP/stable/2020-05-01/disk.json"
WARNING: Unable to parse swagger path "Microsoft.Compute/ComputeRP/stable/2019-12-01/compute.json"
WARNING: Unable to parse swagger path "Microsoft.Compute/ComputeRP/stable/2019-12-01/runCommands.json"
WARNING: Unable to parse swagger path "Microsoft.Compute/DiskRP/stable/2019-11-01/disk.json"
WARNING: Unable to parse swagger path "Microsoft.Compute/ComputeRP/stable/2019-07-01/compute.json"
WARNING: Unable to parse swagger path "Microsoft.Compute/ComputeRP/stable/2019-07-01/runCommands.json"
WARNING: Unable to parse swagger path "Microsoft.Compute/GalleryRP/stable/2019-07-01/gallery.json"
WARNING: Unable to parse swagger path "Microsoft.Compute/DiskRP/stable/2019-07-01/disk.json"
WARNING: Unable to parse swagger path "Microsoft.Compute/ComputeRP/stable/2019-03-01/compute.json"
WARNING: Unable to parse swagger path "Microsoft.Compute/ComputeRP/stable/2019-03-01/runCommands.json"
WARNING: Unable to parse swagger path "Microsoft.Compute/DiskRP/stable/2019-03-01/disk.json"
WARNING: Unable to parse swagger path "Microsoft.Compute/GalleryRP/stable/2019-03-01/gallery.json"
WARNING: Unable to parse swagger path "Microsoft.Compute/ComputeRP/stable/2018-10-01/compute.json"
WARNING: Unable to parse swagger path "Microsoft.Compute/ComputeRP/stable/2018-10-01/runCommands.json"
WARNING: Unable to parse swagger path "Microsoft.Compute/Skus/stable/2017-09-01/skus.json"
WARNING: Unable to parse swagger path "Microsoft.Compute/DiskRP/stable/2018-09-30/disk.json"
WARNING: Unable to parse swagger path "Microsoft.Compute/GalleryRP/stable/2018-06-01/gallery.json"
WARNING: Unable to parse swagger path "Microsoft.Compute/DiskRP/stable/2018-06-01/disk.json"
WARNING: Unable to parse swagger path "Microsoft.Compute/ComputeRP/stable/2018-06-01/compute.json"
WARNING: Unable to parse swagger path "Microsoft.Compute/ComputeRP/stable/2018-06-01/runCommands.json"
WARNING: Unable to parse swagger path "Microsoft.Compute/ComputeRP/stable/2018-04-01/compute.json"
WARNING: Unable to parse swagger path "Microsoft.Compute/ComputeRP/stable/2018-04-01/runCommands.json"
WARNING: Unable to parse swagger path "Microsoft.Compute/DiskRP/stable/2018-04-01/disk.json"
WARNING: Unable to parse swagger path "Microsoft.Compute/ComputeRP/stable/2017-12-01/compute.json"
WARNING: Unable to parse swagger path "Microsoft.Compute/ComputeRP/stable/2017-12-01/runCommands.json"
WARNING: Unable to parse swagger path "Microsoft.Compute/DiskRP/stable/2017-03-30/disk.json"
WARNING: Unable to parse swagger path "Microsoft.Compute/ComputeRP/stable/2017-03-30/compute.json"
WARNING: Unable to parse swagger path "Microsoft.Compute/ComputeRP/stable/2017-03-30/runCommands.json"
WARNING: Unable to parse swagger path "Microsoft.Compute/ComputeRP/preview/2016-04-30-preview/compute.json"
WARNING: Unable to parse swagger path "Microsoft.Compute/DiskRP/preview/2016-04-30-preview/disk.json"
WARNING: Unable to parse swagger path "Microsoft.Compute/ComputeRP/stable/2016-03-30/compute.json"
WARNING: Unable to parse swagger path "Microsoft.Compute/ComputeRP/stable/2015-06-15/compute.json"
AutoRest code generation utility [cli version: 3.6.2; node: v16.17.0]
(C) 2018 Microsoft Corporation.
https://aka.ms/autorest
warning | DeprecatedConfig | Using directive.0.suppress which is deprecated and will be removed in the future.
warning | DeprecatedConfig | Using directive.1.suppress which is deprecated and will be removed in the future.
warning | DeprecatedConfig | Using directive.2.suppress which is deprecated and will be removed in the future.
warning | DeprecatedConfig | Using directive.3.suppress which is deprecated and will be removed in the future.
warning | DeprecatedConfig | Using directive.4.suppress which is deprecated and will be removed in the future.
warning | DeprecatedConfig | Using directive.5.suppress which is deprecated and will be removed in the future.
warning | DeprecatedConfig | Using directive.6.suppress which is deprecated and will be removed in the future.
warning | DeprecatedConfig | Using directive.7.suppress which is deprecated and will be removed in the future.
warning | DeprecatedConfig | Using directive.8.suppress which is deprecated and will be removed in the future.
warning | DeprecatedConfig | Using directive.9.suppress which is deprecated and will be removed in the future.
warning | DeprecatedConfig | Using directive.10.suppress which is deprecated and will be removed in the future.
warning | DeprecatedConfig | Using directive.11.suppress which is deprecated and will be removed in the future.
warning | DeprecatedConfig | Using directive.12.suppress which is deprecated and will be removed in the future.
warning | DeprecatedConfig | Using directive.13.suppress which is deprecated and will be removed in the future.
warning | DeprecatedConfig | Using directive.14.suppress which is deprecated and will be removed in the future.
warning | DeprecatedConfig | Using directive.15.suppress which is deprecated and will be removed in the future.
warning | DeprecatedConfig | Using directive.16.suppress which is deprecated and will be removed in the future.
warning | DeprecatedConfig | Using directive.17.suppress which is deprecated and will be removed in the future.
warning | DeprecatedConfig | Using directive.18.suppress which is deprecated and will be removed in the future.
warning | DeprecatedConfig | Using directive.19.suppress which is deprecated and will be removed in the future.
warning | DeprecatedConfig | Using directive.20.suppress which is deprecated and will be removed in the future.
warning | DeprecatedConfig | Using directive.21.suppress which is deprecated and will be removed in the future.
warning | DeprecatedConfig | Using directive.22.suppress which is deprecated and will be removed in the future.
warning | DeprecatedConfig | Using directive.23.suppress which is deprecated and will be removed in the future.
warning | DeprecatedConfig | Using directive.24.suppress which is deprecated and will be removed in the future.
warning | DeprecatedConfig | Using directive.25.suppress which is deprecated and will be removed in the future.
warning | DeprecatedConfig | Using directive.26.suppress which is deprecated and will be removed in the future.
warning | DeprecatedConfig | Using directive.27.suppress which is deprecated and will be removed in the future.
warning | DeprecatedConfig | Using directive.28.suppress which is deprecated and will be removed in the future.
warning | DeprecatedConfig | Using directive.29.suppress which is deprecated and will be removed in the future.
warning | DeprecatedConfig | Using directive.30.suppress which is deprecated and will be removed in the future.
warning | DeprecatedConfig | Using directive.31.suppress which is deprecated and will be removed in the future.
warning | DeprecatedConfig | Using directive.32.suppress which is deprecated and will be removed in the future.
warning | DeprecatedConfig | Using directive.33.suppress which is deprecated and will be removed in the future.
warning | DeprecatedConfig | Using directive.34.suppress which is deprecated and will be removed in the future.
warning | DeprecatedConfig | Using directive.35.suppress which is deprecated and will be removed in the future.
warning | DeprecatedConfig | Using directive.36.suppress which is deprecated and will be removed in the future.
warning | DeprecatedConfig | Using directive.37.suppress which is deprecated and will be removed in the future.
warning | DeprecatedConfig | Using directive.38.suppress which is deprecated and will be removed in the future.
warning | DeprecatedConfig | Using directive.39.suppress which is deprecated and will be removed in the future.
warning | DeprecatedConfig | Using directive.40.suppress which is deprecated and will be removed in the future.
warning | DeprecatedConfig | Using directive.41.suppress which is deprecated and will be removed in the future.
warning | DeprecatedConfig | Using directive.42.suppress which is deprecated and will be removed in the future.
warning | DeprecatedConfig | Using directive.43.suppress which is deprecated and will be removed in the future.
warning | DeprecatedConfig | Using directive.44.suppress which is deprecated and will be removed in the future.
warning | DeprecatedConfig | Using directive.45.suppress which is deprecated and will be removed in the future.
warning | DeprecatedConfig | Using directive.46.suppress which is deprecated and will be removed in the future.
warning | DeprecatedConfig | Using directive.47.suppress which is deprecated and will be removed in the future.
warning | DeprecatedConfig | Using directive.0.suppress which is deprecated and will be removed in the future.
warning | DeprecatedConfig | Using directive.1.suppress which is deprecated and will be removed in the future.
warning | DeprecatedConfig | Using directive.2.suppress which is deprecated and will be removed in the future.
warning | DeprecatedConfig | Using directive.3.suppress which is deprecated and will be removed in the future.
warning | DeprecatedConfig | Using directive.4.suppress which is deprecated and will be removed in the future.
warning | DeprecatedConfig | Using directive.5.suppress which is deprecated and will be removed in the future.
warning | DeprecatedConfig | Using directive.6.suppress which is deprecated and will be removed in the future.
warning | DeprecatedConfig | Using directive.7.suppress which is deprecated and will be removed in the future.
warning | DeprecatedConfig | Using directive.8.suppress which is deprecated and will be removed in the future.
warning | DeprecatedConfig | Using directive.9.suppress which is deprecated and will be removed in the future.
warning | DeprecatedConfig | Using directive.10.suppress which is deprecated and will be removed in the future.
warning | DeprecatedConfig | Using directive.11.suppress which is deprecated and will be removed in the future.
warning | DeprecatedConfig | Using directive.12.suppress which is deprecated and will be removed in the future.
warning | DeprecatedConfig | Using directive.13.suppress which is deprecated and will be removed in the future.
warning | DeprecatedConfig | Using directive.14.suppress which is deprecated and will be removed in the future.
warning | DeprecatedConfig | Using directive.15.suppress which is deprecated and will be removed in the future.
warning | DeprecatedConfig | Using directive.16.suppress which is deprecated and will be removed in the future.
warning | DeprecatedConfig | Using directive.17.suppress which is deprecated and will be removed in the future.
warning | DeprecatedConfig | Using directive.18.suppress which is deprecated and will be removed in the future.
warning | DeprecatedConfig | Using directive.19.suppress which is deprecated and will be removed in the future.
warning | DeprecatedConfig | Using directive.20.suppress which is deprecated and will be removed in the future.
warning | DeprecatedConfig | Using directive.21.suppress which is deprecated and will be removed in the future.
warning | DeprecatedConfig | Using directive.22.suppress which is deprecated and will be removed in the future.
warning | DeprecatedConfig | Using directive.23.suppress which is deprecated and will be removed in the future.
warning | DeprecatedConfig | Using directive.24.suppress which is deprecated and will be removed in the future.
warning | DeprecatedConfig | Using directive.25.suppress which is deprecated and will be removed in the future.
warning | DeprecatedConfig | Using directive.26.suppress which is deprecated and will be removed in the future.
warning | DeprecatedConfig | Using directive.27.suppress which is deprecated and will be removed in the future.
warning | DeprecatedConfig | Using directive.28.suppress which is deprecated and will be removed in the future.
warning | DeprecatedConfig | Using directive.29.suppress which is deprecated and will be removed in the future.
warning | DeprecatedConfig | Using directive.30.suppress which is deprecated and will be removed in the future.
warning | DeprecatedConfig | Using directive.31.suppress which is deprecated and will be removed in the future.
warning | DeprecatedConfig | Using directive.32.suppress which is deprecated and will be removed in the future.
warning | DeprecatedConfig | Using directive.33.suppress which is deprecated and will be removed in the future.
warning | DeprecatedConfig | Using directive.34.suppress which is deprecated and will be removed in the future.
warning | DeprecatedConfig | Using directive.35.suppress which is deprecated and will be removed in the future.
warning | DeprecatedConfig | Using directive.36.suppress which is deprecated and will be removed in the future.
warning | DeprecatedConfig | Using directive.37.suppress which is deprecated and will be removed in the future.
warning | DeprecatedConfig | Using directive.38.suppress which is deprecated and will be removed in the future.
warning | DeprecatedConfig | Using directive.39.suppress which is deprecated and will be removed in the future.
warning | DeprecatedConfig | Using directive.40.suppress which is deprecated and will be removed in the future.
warning | DeprecatedConfig | Using directive.41.suppress which is deprecated and will be removed in the future.
warning | DeprecatedConfig | Using directive.42.suppress which is deprecated and will be removed in the future.
warning | DeprecatedConfig | Using directive.43.suppress which is deprecated and will be removed in the future.
warning | DeprecatedConfig | Using directive.44.suppress which is deprecated and will be removed in the future.
warning | DeprecatedConfig | Using directive.45.suppress which is deprecated and will be removed in the future.
warning | DeprecatedConfig | Using directive.46.suppress which is deprecated and will be removed in the future.
warning | DeprecatedConfig | Using directive.47.suppress which is deprecated and will be removed in the future.
warning | SkippedSemanticValidation | Semantic validation was skipped.
warning | PreCheck/SchemaMissingType | The schema 'Resource' with an undefined type and declared properties is a bit ambiguous. This has been auto-corrected to 'type:object'
    - file:///home/runner/work/bicep-types-az/bicep-types-az/workflow-temp/azure-rest-api-specs/specification/compute/resource-manager/Microsoft.ContainerService/stable/2017-01-31/containerService.json:268:5
warning | PreCheck/SchemaMissingType | The schema 'ContainerServiceCustomProfile' with an undefined type and declared properties is a bit ambiguous. This has been auto-corrected to 'type:object'
    - file:///home/runner/work/bicep-types-az/bicep-types-az/workflow-temp/azure-rest-api-specs/specification/compute/resource-manager/Microsoft.ContainerService/stable/2017-01-31/containerService.json:303:5
warning | PreCheck/SchemaMissingType | The schema 'ContainerServiceServicePrincipalProfile' with an undefined type and declared properties is a bit ambiguous. This has been auto-corrected to 'type:object'
    - file:///home/runner/work/bicep-types-az/bicep-types-az/workflow-temp/azure-rest-api-specs/specification/compute/resource-manager/Microsoft.ContainerService/stable/2017-01-31/containerService.json:315:5
warning | PreCheck/SchemaMissingType | The schema 'ContainerServiceOrchestratorProfile' with an undefined type and declared properties is a bit ambiguous. This has been auto-corrected to 'type:object'
    - file:///home/runner/work/bicep-types-az/bicep-types-az/workflow-temp/azure-rest-api-specs/specification/compute/resource-manager/Microsoft.ContainerService/stable/2017-01-31/containerService.json:332:5
warning | PreCheck/SchemaMissingType | The schema 'ContainerServiceMasterProfile' with an undefined type and declared properties is a bit ambiguous. This has been auto-corrected to 'type:object'
    - file:///home/runner/work/bicep-types-az/bicep-types-az/workflow-temp/azure-rest-api-specs/specification/compute/resource-manager/Microsoft.ContainerService/stable/2017-01-31/containerService.json:354:5
warning | PreCheck/SchemaMissingType | The schema 'ContainerServiceAgentPoolProfile' with an undefined type and declared properties is a bit ambiguous. This has been auto-corrected to 'type:object'
    - file:///home/runner/work/bicep-types-az/bicep-types-az/workflow-temp/azure-rest-api-specs/specification/compute/resource-manager/Microsoft.ContainerService/stable/2017-01-31/containerService.json:382:5
warning | PreCheck/SchemaMissingType | The schema 'ContainerServiceWindowsProfile' with an undefined type and declared properties is a bit ambiguous. This has been auto-corrected to 'type:object'
    - file:///home/runner/work/bicep-types-az/bicep-types-az/workflow-temp/azure-rest-api-specs/specification/compute/resource-manager/Microsoft.ContainerService/stable/2017-01-31/containerService.json:471:5
warning | PreCheck/SchemaMissingType | The schema 'ContainerServiceLinuxProfile' with an undefined type and declared properties is a bit ambiguous. This has been auto-corrected to 'type:object'
    - file:///home/runner/work/bicep-types-az/bicep-types-az/workflow-temp/azure-rest-api-specs/specification/compute/resource-manager/Microsoft.ContainerService/stable/2017-01-31/containerService.json:490:5
warning | PreCheck/SchemaMissingType | The schema 'ContainerServiceSshConfiguration' with an undefined type and declared properties is a bit ambiguous. This has been auto-corrected to 'type:object'
    - file:///home/runner/work/bicep-types-az/bicep-types-az/workflow-temp/azure-rest-api-specs/specification/compute/resource-manager/Microsoft.ContainerService/stable/2017-01-31/containerService.json:508:5
warning | PreCheck/SchemaMissingType | The schema 'ContainerServiceSshPublicKey' with an undefined type and declared properties is a bit ambiguous. This has been auto-corrected to 'type:object'
    - file:///home/runner/work/bicep-types-az/bicep-types-az/workflow-temp/azure-rest-api-specs/specification/compute/resource-manager/Microsoft.ContainerService/stable/2017-01-31/containerService.json:523:5
warning | PreCheck/SchemaMissingType | The schema 'ContainerServiceDiagnosticsProfile' with an undefined type and declared properties is a bit ambiguous. This has been auto-corrected to 'type:object'
    - file:///home/runner/work/bicep-types-az/bicep-types-az/workflow-temp/azure-rest-api-specs/specification/compute/resource-manager/Microsoft.ContainerService/stable/2017-01-31/containerService.json:535:5
warning | PreCheck/SchemaMissingType | The schema 'ContainerServiceVMDiagnostics' with an undefined type and declared properties is a bit ambiguous. This has been auto-corrected to 'type:object'
    - file:///home/runner/work/bicep-types-az/bicep-types-az/workflow-temp/azure-rest-api-specs/specification/compute/resource-manager/Microsoft.ContainerService/stable/2017-01-31/containerService.json:546:5
warning | PreCheck/SchemaMissingType | The schema 'ContainerService' with an undefined type and declared properties is a bit ambiguous. This has been auto-corrected to 'type:object'
    - file:///home/runner/work/bicep-types-az/bicep-types-az/workflow-temp/azure-rest-api-specs/specification/compute/resource-manager/Microsoft.ContainerService/stable/2017-01-31/containerService.json:563:5
warning | PreCheck/SchemaMissingType | The schema 'ContainerServiceListResult' with an undefined type and declared properties is a bit ambiguous. This has been auto-corrected to 'type:object'
    - file:///home/runner/work/bicep-types-az/bicep-types-az/workflow-temp/azure-rest-api-specs/specification/compute/resource-manager/Microsoft.ContainerService/stable/2017-01-31/containerService.json:577:5
warning | PreCheck/SchemaMissingType | The schema 'ContainerServiceProperties' with an undefined type and declared properties is a bit ambiguous. This has been auto-corrected to 'type:object'
    - file:///home/runner/work/bicep-types-az/bicep-types-az/workflow-temp/azure-rest-api-specs/specification/compute/resource-manager/Microsoft.ContainerService/stable/2017-01-31/containerService.json:593:5
warning | PreCheck/CheckDuplicateSchemas | Checking for duplicate schemas, this could take a (long) while.  Run with --verbose for more detail.
warning | DeprecatedConfig | Using directive.0.suppress which is deprecated and will be removed in the future.
warning | DeprecatedConfig | Using directive.1.suppress which is deprecated and will be removed in the future.
warning | DeprecatedConfig | Using directive.2.suppress which is deprecated and will be removed in the future.
warning | DeprecatedConfig | Using directive.3.suppress which is deprecated and will be removed in the future.
warning | DeprecatedConfig | Using directive.4.suppress which is deprecated and will be removed in the future.
warning | DeprecatedConfig | Using directive.5.suppress which is deprecated and will be removed in the future.
warning | DeprecatedConfig | Using directive.6.suppress which is deprecated and will be removed in the future.
warning | DeprecatedConfig | Using directive.7.suppress which is deprecated and will be removed in the future.
warning | DeprecatedConfig | Using directive.8.suppress which is deprecated and will be removed in the future.
warning | DeprecatedConfig | Using directive.9.suppress which is deprecated and will be removed in the future.
warning | DeprecatedConfig | Using directive.10.suppress which is deprecated and will be removed in the future.
warning | DeprecatedConfig | Using directive.11.suppress which is deprecated and will be removed in the future.
warning | DeprecatedConfig | Using directive.12.suppress which is deprecated and will be removed in the future.
warning | DeprecatedConfig | Using directive.13.suppress which is deprecated and will be removed in the future.
warning | DeprecatedConfig | Using directive.14.suppress which is deprecated and will be removed in the future.
warning | DeprecatedConfig | Using directive.15.suppress which is deprecated and will be removed in the future.
warning | DeprecatedConfig | Using directive.16.suppress which is deprecated and will be removed in the future.
warning | DeprecatedConfig | Using directive.17.suppress which is deprecated and will be removed in the future.
warning | DeprecatedConfig | Using directive.18.suppress which is deprecated and will be removed in the future.
warning | DeprecatedConfig | Using directive.19.suppress which is deprecated and will be removed in the future.
warning | DeprecatedConfig | Using directive.20.suppress which is deprecated and will be removed in the future.
warning | DeprecatedConfig | Using directive.21.suppress which is deprecated and will be removed in the future.
warning | DeprecatedConfig | Using directive.22.suppress which is deprecated and will be removed in the future.
warning | DeprecatedConfig | Using directive.23.suppress which is deprecated and will be removed in the future.
warning | DeprecatedConfig | Using directive.24.suppress which is deprecated and will be removed in the future.
warning | DeprecatedConfig | Using directive.25.suppress which is deprecated and will be removed in the future.
warning | DeprecatedConfig | Using directive.26.suppress which is deprecated and will be removed in the future.
warning | DeprecatedConfig | Using directive.27.suppress which is deprecated and will be removed in the future.
warning | DeprecatedConfig | Using directive.28.suppress which is deprecated and will be removed in the future.
warning | DeprecatedConfig | Using directive.29.suppress which is deprecated and will be removed in the future.
warning | DeprecatedConfig | Using directive.30.suppress which is deprecated and will be removed in the future.
warning | DeprecatedConfig | Using directive.31.suppress which is deprecated and will be removed in the future.
warning | DeprecatedConfig | Using directive.32.suppress which is deprecated and will be removed in the future.
warning | DeprecatedConfig | Using directive.33.suppress which is deprecated and will be removed in the future.
warning | DeprecatedConfig | Using directive.34.suppress which is deprecated and will be removed in the future.
warning | DeprecatedConfig | Using directive.35.suppress which is deprecated and will be removed in the future.
warning | DeprecatedConfig | Using directive.36.suppress which is deprecated and will be removed in the future.
warning | DeprecatedConfig | Using directive.37.suppress which is deprecated and will be removed in the future.
warning | DeprecatedConfig | Using directive.38.suppress which is deprecated and will be removed in the future.
warning | DeprecatedConfig | Using directive.39.suppress which is deprecated and will be removed in the future.
warning | DeprecatedConfig | Using directive.40.suppress which is deprecated and will be removed in the future.
warning | DeprecatedConfig | Using directive.41.suppress which is deprecated and will be removed in the future.
warning | DeprecatedConfig | Using directive.42.suppress which is deprecated and will be removed in the future.
warning | DeprecatedConfig | Using directive.43.suppress which is deprecated and will be removed in the future.
warning | DeprecatedConfig | Using directive.44.suppress which is deprecated and will be removed in the future.
warning | DeprecatedConfig | Using directive.45.suppress which is deprecated and will be removed in the future.
warning | DeprecatedConfig | Using directive.46.suppress which is deprecated and will be removed in the future.
warning | DeprecatedConfig | Using directive.47.suppress which is deprecated and will be removed in the future.
warning | SkippedSemanticValidation | Semantic validation was skipped.
warning | PreCheck/SchemaMissingType | The schema 'Resource' with an undefined type and declared properties is a bit ambiguous. This has been auto-corrected to 'type:object'
    - file:///home/runner/work/bicep-types-az/bicep-types-az/workflow-temp/azure-rest-api-specs/specification/compute/resource-manager/Microsoft.ContainerService/stable/2016-09-30/containerService.json:225:5
warning | PreCheck/SchemaMissingType | The schema 'ContainerServiceCustomProfile' with an undefined type and declared properties is a bit ambiguous. This has been auto-corrected to 'type:object'
    - file:///home/runner/work/bicep-types-az/bicep-types-az/workflow-temp/azure-rest-api-specs/specification/compute/resource-manager/Microsoft.ContainerService/stable/2016-09-30/containerService.json:260:5
warning | PreCheck/SchemaMissingType | The schema 'ContainerServiceServicePrincipalProfile' with an undefined type and declared properties is a bit ambiguous. This has been auto-corrected to 'type:object'
    - file:///home/runner/work/bicep-types-az/bicep-types-az/workflow-temp/azure-rest-api-specs/specification/compute/resource-manager/Microsoft.ContainerService/stable/2016-09-30/containerService.json:272:5
warning | PreCheck/SchemaMissingType | The schema 'ContainerServiceOrchestratorProfile' with an undefined type and declared properties is a bit ambiguous. This has been auto-corrected to 'type:object'
    - file:///home/runner/work/bicep-types-az/bicep-types-az/workflow-temp/azure-rest-api-specs/specification/compute/resource-manager/Microsoft.ContainerService/stable/2016-09-30/containerService.json:289:5
warning | PreCheck/SchemaMissingType | The schema 'ContainerServiceMasterProfile' with an undefined type and declared properties is a bit ambiguous. This has been auto-corrected to 'type:object'
    - file:///home/runner/work/bicep-types-az/bicep-types-az/workflow-temp/azure-rest-api-specs/specification/compute/resource-manager/Microsoft.ContainerService/stable/2016-09-30/containerService.json:311:5
warning | PreCheck/SchemaMissingType | The schema 'ContainerServiceAgentPoolProfile' with an undefined type and declared properties is a bit ambiguous. This has been auto-corrected to 'type:object'
    - file:///home/runner/work/bicep-types-az/bicep-types-az/workflow-temp/azure-rest-api-specs/specification/compute/resource-manager/Microsoft.ContainerService/stable/2016-09-30/containerService.json:339:5
warning | PreCheck/SchemaMissingType | The schema 'ContainerServiceWindowsProfile' with an undefined type and declared properties is a bit ambiguous. This has been auto-corrected to 'type:object'
    - file:///home/runner/work/bicep-types-az/bicep-types-az/workflow-temp/azure-rest-api-specs/specification/compute/resource-manager/Microsoft.ContainerService/stable/2016-09-30/containerService.json:428:5
warning | PreCheck/SchemaMissingType | The schema 'ContainerServiceLinuxProfile' with an undefined type and declared properties is a bit ambiguous. This has been auto-corrected to 'type:object'
    - file:///home/runner/work/bicep-types-az/bicep-types-az/workflow-temp/azure-rest-api-specs/specification/compute/resource-manager/Microsoft.ContainerService/stable/2016-09-30/containerService.json:447:5
warning | PreCheck/SchemaMissingType | The schema 'ContainerServiceSshConfiguration' with an undefined type and declared properties is a bit ambiguous. This has been auto-corrected to 'type:object'
    - file:///home/runner/work/bicep-types-az/bicep-types-az/workflow-temp/azure-rest-api-specs/specification/compute/resource-manager/Microsoft.ContainerService/stable/2016-09-30/containerService.json:465:5
warning | PreCheck/SchemaMissingType | The schema 'ContainerServiceSshPublicKey' with an undefined type and declared properties is a bit ambiguous. This has been auto-corrected to 'type:object'
    - file:///home/runner/work/bicep-types-az/bicep-types-az/workflow-temp/azure-rest-api-specs/specification/compute/resource-manager/Microsoft.ContainerService/stable/2016-09-30/containerService.json:480:5
warning | PreCheck/SchemaMissingType | The schema 'ContainerServiceDiagnosticsProfile' with an undefined type and declared properties is a bit ambiguous. This has been auto-corrected to 'type:object'
    - file:///home/runner/work/bicep-types-az/bicep-types-az/workflow-temp/azure-rest-api-specs/specification/compute/resource-manager/Microsoft.ContainerService/stable/2016-09-30/containerService.json:492:5
warning | PreCheck/SchemaMissingType | The schema 'ContainerServiceVMDiagnostics' with an undefined type and declared properties is a bit ambiguous. This has been auto-corrected to 'type:object'
    - file:///home/runner/work/bicep-types-az/bicep-types-az/workflow-temp/azure-rest-api-specs/specification/compute/resource-manager/Microsoft.ContainerService/stable/2016-09-30/containerService.json:503:5
warning | PreCheck/SchemaMissingType | The schema 'ContainerService' with an undefined type and declared properties is a bit ambiguous. This has been auto-corrected to 'type:object'
    - file:///home/runner/work/bicep-types-az/bicep-types-az/workflow-temp/azure-rest-api-specs/specification/compute/resource-manager/Microsoft.ContainerService/stable/2016-09-30/containerService.json:520:5
warning | PreCheck/SchemaMissingType | The schema 'ContainerServiceListResult' with an undefined type and declared properties is a bit ambiguous. This has been auto-corrected to 'type:object'
    - file:///home/runner/work/bicep-types-az/bicep-types-az/workflow-temp/azure-rest-api-specs/specification/compute/resource-manager/Microsoft.ContainerService/stable/2016-09-30/containerService.json:534:5
warning | PreCheck/SchemaMissingType | The schema 'ContainerServiceProperties' with an undefined type and declared properties is a bit ambiguous. This has been auto-corrected to 'type:object'
    - file:///home/runner/work/bicep-types-az/bicep-types-az/workflow-temp/azure-rest-api-specs/specification/compute/resource-manager/Microsoft.ContainerService/stable/2016-09-30/containerService.json:550:5
warning | PreCheck/CheckDuplicateSchemas | Checking for duplicate schemas, this could take a (long) while.  Run with --verbose for more detail.
warning | DeprecatedConfig | Using directive.0.suppress which is deprecated and will be removed in the future.
warning | DeprecatedConfig | Using directive.1.suppress which is deprecated and will be removed in the future.
warning | DeprecatedConfig | Using directive.2.suppress which is deprecated and will be removed in the future.
warning | DeprecatedConfig | Using directive.3.suppress which is deprecated and will be removed in the future.
warning | DeprecatedConfig | Using directive.4.suppress which is deprecated and will be removed in the future.
warning | DeprecatedConfig | Using directive.5.suppress which is deprecated and will be removed in the future.
warning | DeprecatedConfig | Using directive.6.suppress which is deprecated and will be removed in the future.
warning | DeprecatedConfig | Using directive.7.suppress which is deprecated and will be removed in the future.
warning | DeprecatedConfig | Using directive.8.suppress which is deprecated and will be removed in the future.
warning | DeprecatedConfig | Using directive.9.suppress which is deprecated and will be removed in the future.
warning | DeprecatedConfig | Using directive.10.suppress which is deprecated and will be removed in the future.
warning | DeprecatedConfig | Using directive.11.suppress which is deprecated and will be removed in the future.
warning | DeprecatedConfig | Using directive.12.suppress which is deprecated and will be removed in the future.
warning | DeprecatedConfig | Using directive.13.suppress which is deprecated and will be removed in the future.
warning | DeprecatedConfig | Using directive.14.suppress which is deprecated and will be removed in the future.
warning | DeprecatedConfig | Using directive.15.suppress which is deprecated and will be removed in the future.
warning | DeprecatedConfig | Using directive.16.suppress which is deprecated and will be removed in the future.
warning | DeprecatedConfig | Using directive.17.suppress which is deprecated and will be removed in the future.
warning | DeprecatedConfig | Using directive.18.suppress which is deprecated and will be removed in the future.
warning | DeprecatedConfig | Using directive.19.suppress which is deprecated and will be removed in the future.
warning | DeprecatedConfig | Using directive.20.suppress which is deprecated and will be removed in the future.
warning | DeprecatedConfig | Using directive.21.suppress which is deprecated and will be removed in the future.
warning | DeprecatedConfig | Using directive.22.suppress which is deprecated and will be removed in the future.
warning | DeprecatedConfig | Using directive.23.suppress which is deprecated and will be removed in the future.
warning | DeprecatedConfig | Using directive.24.suppress which is deprecated and will be removed in the future.
warning | DeprecatedConfig | Using directive.25.suppress which is deprecated and will be removed in the future.
warning | DeprecatedConfig | Using directive.26.suppress which is deprecated and will be removed in the future.
warning | DeprecatedConfig | Using directive.27.suppress which is deprecated and will be removed in the future.
warning | DeprecatedConfig | Using directive.28.suppress which is deprecated and will be removed in the future.
warning | DeprecatedConfig | Using directive.29.suppress which is deprecated and will be removed in the future.
warning | DeprecatedConfig | Using directive.30.suppress which is deprecated and will be removed in the future.
warning | DeprecatedConfig | Using directive.31.suppress which is deprecated and will be removed in the future.
warning | DeprecatedConfig | Using directive.32.suppress which is deprecated and will be removed in the future.
warning | DeprecatedConfig | Using directive.33.suppress which is deprecated and will be removed in the future.
warning | DeprecatedConfig | Using directive.34.suppress which is deprecated and will be removed in the future.
warning | DeprecatedConfig | Using directive.35.suppress which is deprecated and will be removed in the future.
warning | DeprecatedConfig | Using directive.36.suppress which is deprecated and will be removed in the future.
warning | DeprecatedConfig | Using directive.37.suppress which is deprecated and will be removed in the future.
warning | DeprecatedConfig | Using directive.38.suppress which is deprecated and will be removed in the future.
warning | DeprecatedConfig | Using directive.39.suppress which is deprecated and will be removed in the future.
warning | DeprecatedConfig | Using directive.40.suppress which is deprecated and will be removed in the future.
warning | DeprecatedConfig | Using directive.41.suppress which is deprecated and will be removed in the future.
warning | DeprecatedConfig | Using directive.42.suppress which is deprecated and will be removed in the future.
warning | DeprecatedConfig | Using directive.43.suppress which is deprecated and will be removed in the future.
warning | DeprecatedConfig | Using directive.44.suppress which is deprecated and will be removed in the future.
warning | DeprecatedConfig | Using directive.45.suppress which is deprecated and will be removed in the future.
warning | DeprecatedConfig | Using directive.46.suppress which is deprecated and will be removed in the future.
warning | DeprecatedConfig | Using directive.47.suppress which is deprecated and will be removed in the future.
warning | SkippedSemanticValidation | Semantic validation was skipped.
warning | PreCheck/SchemaMissingType | The schema 'Resource' with an undefined type and declared properties is a bit ambiguous. This has been auto-corrected to 'type:object'
    - file:///home/runner/work/bicep-types-az/bicep-types-az/workflow-temp/azure-rest-api-specs/specification/compute/resource-manager/Microsoft.ContainerService/stable/2016-03-30/containerService.json:220:5
warning | PreCheck/SchemaMissingType | The schema 'ContainerServiceOrchestratorProfile' with an undefined type and declared properties is a bit ambiguous. This has been auto-corrected to 'type:object'
    - file:///home/runner/work/bicep-types-az/bicep-types-az/workflow-temp/azure-rest-api-specs/specification/compute/resource-manager/Microsoft.ContainerService/stable/2016-03-30/containerService.json:255:5
warning | PreCheck/SchemaMissingType | The schema 'ContainerServiceMasterProfile' with an undefined type and declared properties is a bit ambiguous. This has been auto-corrected to 'type:object'
    - file:///home/runner/work/bicep-types-az/bicep-types-az/workflow-temp/azure-rest-api-specs/specification/compute/resource-manager/Microsoft.ContainerService/stable/2016-03-30/containerService.json:275:5
warning | PreCheck/SchemaMissingType | The schema 'ContainerServiceAgentPoolProfile' with an undefined type and declared properties is a bit ambiguous. This has been auto-corrected to 'type:object'
    - file:///home/runner/work/bicep-types-az/bicep-types-az/workflow-temp/azure-rest-api-specs/specification/compute/resource-manager/Microsoft.ContainerService/stable/2016-03-30/containerService.json:303:5
warning | PreCheck/SchemaMissingType | The schema 'ContainerServiceWindowsProfile' with an undefined type and declared properties is a bit ambiguous. This has been auto-corrected to 'type:object'
    - file:///home/runner/work/bicep-types-az/bicep-types-az/workflow-temp/azure-rest-api-specs/specification/compute/resource-manager/Microsoft.ContainerService/stable/2016-03-30/containerService.json:390:5
warning | PreCheck/SchemaMissingType | The schema 'ContainerServiceLinuxProfile' with an undefined type and declared properties is a bit ambiguous. This has been auto-corrected to 'type:object'
    - file:///home/runner/work/bicep-types-az/bicep-types-az/workflow-temp/azure-rest-api-specs/specification/compute/resource-manager/Microsoft.ContainerService/stable/2016-03-30/containerService.json:407:5
warning | PreCheck/SchemaMissingType | The schema 'ContainerServiceSshConfiguration' with an undefined type and declared properties is a bit ambiguous. This has been auto-corrected to 'type:object'
    - file:///home/runner/work/bicep-types-az/bicep-types-az/workflow-temp/azure-rest-api-specs/specification/compute/resource-manager/Microsoft.ContainerService/stable/2016-03-30/containerService.json:424:5
warning | PreCheck/SchemaMissingType | The schema 'ContainerServiceSshPublicKey' with an undefined type and declared properties is a bit ambiguous. This has been auto-corrected to 'type:object'
    - file:///home/runner/work/bicep-types-az/bicep-types-az/workflow-temp/azure-rest-api-specs/specification/compute/resource-manager/Microsoft.ContainerService/stable/2016-03-30/containerService.json:439:5
warning | PreCheck/SchemaMissingType | The schema 'ContainerServiceDiagnosticsProfile' with an undefined type and declared properties is a bit ambiguous. This has been auto-corrected to 'type:object'
    - file:///home/runner/work/bicep-types-az/bicep-types-az/workflow-temp/azure-rest-api-specs/specification/compute/resource-manager/Microsoft.ContainerService/stable/2016-03-30/containerService.json:451:5
warning | PreCheck/SchemaMissingType | The schema 'ContainerServiceVMDiagnostics' with an undefined type and declared properties is a bit ambiguous. This has been auto-corrected to 'type:object'
    - file:///home/runner/work/bicep-types-az/bicep-types-az/workflow-temp/azure-rest-api-specs/specification/compute/resource-manager/Microsoft.ContainerService/stable/2016-03-30/containerService.json:462:5
warning | PreCheck/SchemaMissingType | The schema 'ContainerService' with an undefined type and declared properties is a bit ambiguous. This has been auto-corrected to 'type:object'
    - file:///home/runner/work/bicep-types-az/bicep-types-az/workflow-temp/azure-rest-api-specs/specification/compute/resource-manager/Microsoft.ContainerService/stable/2016-03-30/containerService.json:479:5
warning | PreCheck/SchemaMissingType | The schema 'ContainerServiceListResult' with an undefined type and declared properties is a bit ambiguous. This has been auto-corrected to 'type:object'
    - file:///home/runner/work/bicep-types-az/bicep-types-az/workflow-temp/azure-rest-api-specs/specification/compute/resource-manager/Microsoft.ContainerService/stable/2016-03-30/containerService.json:493:5
warning | PreCheck/SchemaMissingType | The schema 'ContainerServiceProperties' with an undefined type and declared properties is a bit ambiguous. This has been auto-corrected to 'type:object'
    - file:///home/runner/work/bicep-types-az/bicep-types-az/workflow-temp/azure-rest-api-specs/specification/compute/resource-manager/Microsoft.ContainerService/stable/2016-03-30/containerService.json:505:5
warning | PreCheck/CheckDuplicateSchemas | Checking for duplicate schemas, this could take a (long) while.  Run with --verbose for more detail.
warning | DeprecatedConfig | Using directive.0.suppress which is deprecated and will be removed in the future.
warning | DeprecatedConfig | Using directive.1.suppress which is deprecated and will be removed in the future.
warning | DeprecatedConfig | Using directive.2.suppress which is deprecated and will be removed in the future.
warning | DeprecatedConfig | Using directive.3.suppress which is deprecated and will be removed in the future.
warning | DeprecatedConfig | Using directive.4.suppress which is deprecated and will be removed in the future.
warning | DeprecatedConfig | Using directive.5.suppress which is deprecated and will be removed in the future.
warning | DeprecatedConfig | Using directive.6.suppress which is deprecated and will be removed in the future.
warning | DeprecatedConfig | Using directive.7.suppress which is deprecated and will be removed in the future.
warning | DeprecatedConfig | Using directive.8.suppress which is deprecated and will be removed in the future.
warning | DeprecatedConfig | Using directive.9.suppress which is deprecated and will be removed in the future.
warning | DeprecatedConfig | Using directive.10.suppress which is deprecated and will be removed in the future.
warning | DeprecatedConfig | Using directive.11.suppress which is deprecated and will be removed in the future.
warning | DeprecatedConfig | Using directive.12.suppress which is deprecated and will be removed in the future.
warning | DeprecatedConfig | Using directive.13.suppress which is deprecated and will be removed in the future.
warning | DeprecatedConfig | Using directive.14.suppress which is deprecated and will be removed in the future.
warning | DeprecatedConfig | Using directive.15.suppress which is deprecated and will be removed in the future.
warning | DeprecatedConfig | Using directive.16.suppress which is deprecated and will be removed in the future.
warning | DeprecatedConfig | Using directive.17.suppress which is deprecated and will be removed in the future.
warning | DeprecatedConfig | Using directive.18.suppress which is deprecated and will be removed in the future.
warning | DeprecatedConfig | Using directive.19.suppress which is deprecated and will be removed in the future.
warning | DeprecatedConfig | Using directive.20.suppress which is deprecated and will be removed in the future.
warning | DeprecatedConfig | Using directive.21.suppress which is deprecated and will be removed in the future.
warning | DeprecatedConfig | Using directive.22.suppress which is deprecated and will be removed in the future.
warning | DeprecatedConfig | Using directive.23.suppress which is deprecated and will be removed in the future.
warning | DeprecatedConfig | Using directive.24.suppress which is deprecated and will be removed in the future.
warning | DeprecatedConfig | Using directive.25.suppress which is deprecated and will be removed in the future.
warning | DeprecatedConfig | Using directive.26.suppress which is deprecated and will be removed in the future.
warning | DeprecatedConfig | Using directive.27.suppress which is deprecated and will be removed in the future.
warning | DeprecatedConfig | Using directive.28.suppress which is deprecated and will be removed in the future.
warning | DeprecatedConfig | Using directive.29.suppress which is deprecated and will be removed in the future.
warning | DeprecatedConfig | Using directive.30.suppress which is deprecated and will be removed in the future.
warning | DeprecatedConfig | Using directive.31.suppress which is deprecated and will be removed in the future.
warning | DeprecatedConfig | Using directive.32.suppress which is deprecated and will be removed in the future.
warning | DeprecatedConfig | Using directive.33.suppress which is deprecated and will be removed in the future.
warning | DeprecatedConfig | Using directive.34.suppress which is deprecated and will be removed in the future.
warning | DeprecatedConfig | Using directive.35.suppress which is deprecated and will be removed in the future.
warning | DeprecatedConfig | Using directive.36.suppress which is deprecated and will be removed in the future.
warning | DeprecatedConfig | Using directive.37.suppress which is deprecated and will be removed in the future.
warning | DeprecatedConfig | Using directive.38.suppress which is deprecated and will be removed in the future.
warning | DeprecatedConfig | Using directive.39.suppress which is deprecated and will be removed in the future.
warning | DeprecatedConfig | Using directive.40.suppress which is deprecated and will be removed in the future.
warning | DeprecatedConfig | Using directive.41.suppress which is deprecated and will be removed in the future.
warning | DeprecatedConfig | Using directive.42.suppress which is deprecated and will be removed in the future.
warning | DeprecatedConfig | Using directive.43.suppress which is deprecated and will be removed in the future.
warning | DeprecatedConfig | Using directive.44.suppress which is deprecated and will be removed in the future.
warning | DeprecatedConfig | Using directive.45.suppress which is deprecated and will be removed in the future.
warning | DeprecatedConfig | Using directive.46.suppress which is deprecated and will be removed in the future.
warning | DeprecatedConfig | Using directive.47.suppress which is deprecated and will be removed in the future.
warning | SkippedSemanticValidation | Semantic validation was skipped.
warning | PreCheck/SchemaMissingType | The schema 'Resource' with an undefined type and declared properties is a bit ambiguous. This has been auto-corrected to 'type:object'
    - file:///home/runner/work/bicep-types-az/bicep-types-az/workflow-temp/azure-rest-api-specs/specification/compute/resource-manager/Microsoft.ContainerService/preview/2015-11-01-preview/containerService.json:212:5
warning | PreCheck/SchemaMissingType | The schema 'ContainerServiceOrchestratorProfile' with an undefined type and declared properties is a bit ambiguous. This has been auto-corrected to 'type:object'
    - file:///home/runner/work/bicep-types-az/bicep-types-az/workflow-temp/azure-rest-api-specs/specification/compute/resource-manager/Microsoft.ContainerService/preview/2015-11-01-preview/containerService.json:247:5
warning | PreCheck/SchemaMissingType | The schema 'ContainerServiceMasterProfile' with an undefined type and declared properties is a bit ambiguous. This has been auto-corrected to 'type:object'
    - file:///home/runner/work/bicep-types-az/bicep-types-az/workflow-temp/azure-rest-api-specs/specification/compute/resource-manager/Microsoft.ContainerService/preview/2015-11-01-preview/containerService.json:265:5
warning | PreCheck/SchemaMissingType | The schema 'ContainerServiceAgentPoolProfile' with an undefined type and declared properties is a bit ambiguous. This has been auto-corrected to 'type:object'
    - file:///home/runner/work/bicep-types-az/bicep-types-az/workflow-temp/azure-rest-api-specs/specification/compute/resource-manager/Microsoft.ContainerService/preview/2015-11-01-preview/containerService.json:292:5
warning | PreCheck/SchemaMissingType | The schema 'ContainerServiceWindowsProfile' with an undefined type and declared properties is a bit ambiguous. This has been auto-corrected to 'type:object'
    - file:///home/runner/work/bicep-types-az/bicep-types-az/workflow-temp/azure-rest-api-specs/specification/compute/resource-manager/Microsoft.ContainerService/preview/2015-11-01-preview/containerService.json:378:5
warning | PreCheck/SchemaMissingType | The schema 'ContainerServiceLinuxProfile' with an undefined type and declared properties is a bit ambiguous. This has been auto-corrected to 'type:object'
    - file:///home/runner/work/bicep-types-az/bicep-types-az/workflow-temp/azure-rest-api-specs/specification/compute/resource-manager/Microsoft.ContainerService/preview/2015-11-01-preview/containerService.json:395:5
warning | PreCheck/SchemaMissingType | The schema 'ContainerServiceSshConfiguration' with an undefined type and declared properties is a bit ambiguous. This has been auto-corrected to 'type:object'
    - file:///home/runner/work/bicep-types-az/bicep-types-az/workflow-temp/azure-rest-api-specs/specification/compute/resource-manager/Microsoft.ContainerService/preview/2015-11-01-preview/containerService.json:412:5
warning | PreCheck/SchemaMissingType | The schema 'ContainerServiceSshPublicKey' with an undefined type and declared properties is a bit ambiguous. This has been auto-corrected to 'type:object'
    - file:///home/runner/work/bicep-types-az/bicep-types-az/workflow-temp/azure-rest-api-specs/specification/compute/resource-manager/Microsoft.ContainerService/preview/2015-11-01-preview/containerService.json:424:5
warning | PreCheck/SchemaMissingType | The schema 'ContainerServiceDiagnosticsProfile' with an undefined type and declared properties is a bit ambiguous. This has been auto-corrected to 'type:object'
    - file:///home/runner/work/bicep-types-az/bicep-types-az/workflow-temp/azure-rest-api-specs/specification/compute/resource-manager/Microsoft.ContainerService/preview/2015-11-01-preview/containerService.json:436:5
warning | PreCheck/SchemaMissingType | The schema 'ContainerServiceVMDiagnostics' with an undefined type and declared properties is a bit ambiguous. This has been auto-corrected to 'type:object'
    - file:///home/runner/work/bicep-types-az/bicep-types-az/workflow-temp/azure-rest-api-specs/specification/compute/resource-manager/Microsoft.ContainerService/preview/2015-11-01-preview/containerService.json:444:5
warning | PreCheck/SchemaMissingType | The schema 'ContainerService' with an undefined type and declared properties is a bit ambiguous. This has been auto-corrected to 'type:object'
    - file:///home/runner/work/bicep-types-az/bicep-types-az/workflow-temp/azure-rest-api-specs/specification/compute/resource-manager/Microsoft.ContainerService/preview/2015-11-01-preview/containerService.json:458:5
warning | PreCheck/SchemaMissingType | The schema 'ContainerServiceListResult' with an undefined type and declared properties is a bit ambiguous. This has been auto-corrected to 'type:object'
    - file:///home/runner/work/bicep-types-az/bicep-types-az/workflow-temp/azure-rest-api-specs/specification/compute/resource-manager/Microsoft.ContainerService/preview/2015-11-01-preview/containerService.json:472:5
warning | PreCheck/SchemaMissingType | The schema 'ContainerServiceProperties' with an undefined type and declared properties is a bit ambiguous. This has been auto-corrected to 'type:object'
    - file:///home/runner/work/bicep-types-az/bicep-types-az/workflow-temp/azure-rest-api-specs/specification/compute/resource-manager/Microsoft.ContainerService/preview/2015-11-01-preview/containerService.json:484:5
warning | PreCheck/CheckDuplicateSchemas | Checking for duplicate schemas, this could take a (long) while.  Run with --verbose for more detail.
