Executing: autorest --use=/home/runner/work/bicep-types-az/bicep-types-az/src/autorest.bicep --bicep --output-folder=/tmp/_bcp_1625795651387/agrifood --multiapi --title=none --skip-semantics-validation /home/runner/work/bicep-types-az/bicep-types-az/workflow-temp/azure-rest-api-specs/specification/agrifood/resource-manager/readme.md --debug --verbose
AutoRest code generation utility [cli version: 3.2.1; node: v14.17.1, max-memory: 4096 MB]
(C) 2018 Microsoft Corporation.
https://aka.ms/autorest
No configuration found at 'file:///home/runner/work/bicep-types-az/bicep-types-az/src/generator/src/cmd/'.
> Including configuration file 'file:///home/runner/work/bicep-types-az/bicep-types-az/src/generator/node_modules/autorest/dist/resources/default-configuration.md'
> Including configuration file 'file:///home/runner/work/bicep-types-az/bicep-types-az/src/generator/node_modules/autorest/dist/resources/inspect.md'
> Including configuration file 'file:///home/runner/work/bicep-types-az/bicep-types-az/src/generator/node_modules/autorest/dist/resources/directives.md'
> Including configuration file 'file:///home/runner/work/bicep-types-az/bicep-types-az/src/generator/node_modules/autorest/dist/resources/pipeline.md'
> Including configuration file 'file:///home/runner/work/bicep-types-az/bicep-types-az/src/generator/node_modules/autorest/dist/resources/loader-openapi.md'
> Including configuration file 'file:///home/runner/work/bicep-types-az/bicep-types-az/src/generator/node_modules/autorest/dist/resources/miscellaneous.md'
> Including configuration file 'file:///home/runner/work/bicep-types-az/bicep-types-az/src/generator/node_modules/autorest/dist/resources/plugin-powershell.md'
> Including configuration file 'file:///home/runner/work/bicep-types-az/bicep-types-az/src/generator/node_modules/autorest/dist/resources/plugin-azureresourceschema.md'
> Including configuration file 'file:///home/runner/work/bicep-types-az/bicep-types-az/src/generator/node_modules/autorest/dist/resources/plugin-csharp.md'
> Including configuration file 'file:///home/runner/work/bicep-types-az/bicep-types-az/src/generator/node_modules/autorest/dist/resources/plugin-go.md'
> Including configuration file 'file:///home/runner/work/bicep-types-az/bicep-types-az/src/generator/node_modules/autorest/dist/resources/plugin-java.md'
> Including configuration file 'file:///home/runner/work/bicep-types-az/bicep-types-az/src/generator/node_modules/autorest/dist/resources/plugin-nodejs.md'
> Including configuration file 'file:///home/runner/work/bicep-types-az/bicep-types-az/src/generator/node_modules/autorest/dist/resources/plugin-php.md'
> Including configuration file 'file:///home/runner/work/bicep-types-az/bicep-types-az/src/generator/node_modules/autorest/dist/resources/plugin-python.md'
> Including configuration file 'file:///home/runner/work/bicep-types-az/bicep-types-az/src/generator/node_modules/autorest/dist/resources/plugin-ruby.md'
> Including configuration file 'file:///home/runner/work/bicep-types-az/bicep-types-az/src/generator/node_modules/autorest/dist/resources/plugin-typescript.md'
> Including configuration file 'file:///home/runner/work/bicep-types-az/bicep-types-az/src/generator/node_modules/autorest/dist/resources/plugin-validators.md'
> Including configuration file 'file:///home/runner/work/bicep-types-az/bicep-types-az/src/generator/node_modules/autorest/dist/resources/plugin-az.md'
> Including configuration file 'file:///home/runner/work/bicep-types-az/bicep-types-az/src/generator/node_modules/autorest/dist/resources/plugin-terraform.md'
> Including configuration file 'file:///home/runner/work/bicep-types-az/bicep-types-az/src/generator/node_modules/autorest/dist/resources/plugin-azure-functions.md'
> Including configuration file 'file:///home/runner/work/bicep-types-az/bicep-types-az/src/generator/node_modules/autorest/dist/resources/graphs.md'
> Including configuration file 'file:///home/runner/work/bicep-types-az/bicep-types-az/src/generator/node_modules/autorest/dist/resources/help-configuration.md'
> Loading local AutoRest extension '@autorest/bicep' (/home/runner/work/bicep-types-az/bicep-types-az/src/autorest.bicep)
> Including extension configuration file 'file:///home/runner/work/bicep-types-az/bicep-types-az/src/autorest.bicep/README.md'
> Including configuration file 'file:///home/runner/work/bicep-types-az/bicep-types-az/src/autorest.bicep/README.md'
> Loading AutoRest extension '@autorest/modelerfour' (https://tinyurl.com/yhlkz69y->4.20.0-ci.b8e3f92c0)
> Including extension configuration file 'file:///home/runner/.autorest/@autorest_modelerfour@4.20.0-ci.b8e3f92c0/node_modules/@autorest/modelerfour/readme.md'
> Including configuration file 'file:///home/runner/.autorest/@autorest_modelerfour@4.20.0-ci.b8e3f92c0/node_modules/@autorest/modelerfour/readme.md'
NOTE: AutoRest core version selected from configuration: https://tinyurl.com/yfjyy27f.
Network Enabled: true

There is a new version of AutoRest available (3.2.3).
 > You can install the newer version with with npm install -g autorest@latest

Starting @autorest/core from /home/runner/.autorest/@autorest_core@3.5.0-ci.b8e3f92c0/node_modules/@autorest/core
   Loading AutoRest core      '/home/runner/.autorest/@autorest_core@3.5.0-ci.b8e3f92c0/node_modules/@autorest/core/dist' (3.5.0-ci.b8e3f92c0)
VERBOSE [0.69 s]: > Including configuration file 'file:///home/runner/work/bicep-types-az/bicep-types-az/workflow-temp/azure-rest-api-specs/specification/agrifood/resource-manager/readme.bicep.md'
VERBOSE [0.7 s]: > Initial configuration file 'file:///home/runner/work/bicep-types-az/bicep-types-az/workflow-temp/azure-rest-api-specs/specification/agrifood/resource-manager/readme.md'
VERBOSE [0.7 s]: > Including configuration file 'file:///home/runner/work/bicep-types-az/bicep-types-az/workflow-temp/azure-rest-api-specs/specification/agrifood/resource-manager/readme.md'
VERBOSE [0.72 s]: > Including configuration file 'file:///home/runner/.autorest/@autorest_core@3.5.0-ci.b8e3f92c0/node_modules/@autorest/core/dist/resources/default-configuration.md'
VERBOSE [0.73 s]: > Including configuration file 'file:///home/runner/.autorest/@autorest_core@3.5.0-ci.b8e3f92c0/node_modules/@autorest/core/dist/resources/inspect.md'
VERBOSE [0.74 s]: > Including configuration file 'file:///home/runner/.autorest/@autorest_core@3.5.0-ci.b8e3f92c0/node_modules/@autorest/core/dist/resources/directives.md'
VERBOSE [0.76 s]: > Including configuration file 'file:///home/runner/.autorest/@autorest_core@3.5.0-ci.b8e3f92c0/node_modules/@autorest/core/dist/resources/pipeline.md'
VERBOSE [0.77 s]: > Including configuration file 'file:///home/runner/.autorest/@autorest_core@3.5.0-ci.b8e3f92c0/node_modules/@autorest/core/dist/resources/loader-openapi.md'
VERBOSE [0.79 s]: > Including configuration file 'file:///home/runner/.autorest/@autorest_core@3.5.0-ci.b8e3f92c0/node_modules/@autorest/core/dist/resources/miscellaneous.md'
VERBOSE [0.81 s]: > Including configuration file 'file:///home/runner/.autorest/@autorest_core@3.5.0-ci.b8e3f92c0/node_modules/@autorest/core/dist/resources/plugin-powershell.md'
VERBOSE [0.82 s]: > Including configuration file 'file:///home/runner/.autorest/@autorest_core@3.5.0-ci.b8e3f92c0/node_modules/@autorest/core/dist/resources/plugin-azureresourceschema.md'
VERBOSE [0.84 s]: > Including configuration file 'file:///home/runner/.autorest/@autorest_core@3.5.0-ci.b8e3f92c0/node_modules/@autorest/core/dist/resources/plugin-csharp.md'
VERBOSE [0.86 s]: > Including configuration file 'file:///home/runner/.autorest/@autorest_core@3.5.0-ci.b8e3f92c0/node_modules/@autorest/core/dist/resources/plugin-go.md'
VERBOSE [0.87 s]: > Including configuration file 'file:///home/runner/.autorest/@autorest_core@3.5.0-ci.b8e3f92c0/node_modules/@autorest/core/dist/resources/plugin-java.md'
VERBOSE [0.89 s]: > Including configuration file 'file:///home/runner/.autorest/@autorest_core@3.5.0-ci.b8e3f92c0/node_modules/@autorest/core/dist/resources/plugin-nodejs.md'
VERBOSE [0.91 s]: > Including configuration file 'file:///home/runner/.autorest/@autorest_core@3.5.0-ci.b8e3f92c0/node_modules/@autorest/core/dist/resources/plugin-php.md'
VERBOSE [0.93 s]: > Including configuration file 'file:///home/runner/.autorest/@autorest_core@3.5.0-ci.b8e3f92c0/node_modules/@autorest/core/dist/resources/plugin-python.md'
VERBOSE [0.95 s]: > Including configuration file 'file:///home/runner/.autorest/@autorest_core@3.5.0-ci.b8e3f92c0/node_modules/@autorest/core/dist/resources/plugin-ruby.md'
VERBOSE [0.97 s]: > Including configuration file 'file:///home/runner/.autorest/@autorest_core@3.5.0-ci.b8e3f92c0/node_modules/@autorest/core/dist/resources/plugin-typescript.md'
VERBOSE [0.99 s]: > Including configuration file 'file:///home/runner/.autorest/@autorest_core@3.5.0-ci.b8e3f92c0/node_modules/@autorest/core/dist/resources/plugin-validators.md'
VERBOSE [1.02 s]: > Including configuration file 'file:///home/runner/.autorest/@autorest_core@3.5.0-ci.b8e3f92c0/node_modules/@autorest/core/dist/resources/plugin-az.md'
VERBOSE [1.04 s]: > Including configuration file 'file:///home/runner/.autorest/@autorest_core@3.5.0-ci.b8e3f92c0/node_modules/@autorest/core/dist/resources/plugin-terraform.md'
VERBOSE [1.06 s]: > Including configuration file 'file:///home/runner/.autorest/@autorest_core@3.5.0-ci.b8e3f92c0/node_modules/@autorest/core/dist/resources/plugin-azure-functions.md'
VERBOSE [1.08 s]: > Including configuration file 'file:///home/runner/.autorest/@autorest_core@3.5.0-ci.b8e3f92c0/node_modules/@autorest/core/dist/resources/graphs.md'
VERBOSE [1.1 s]: > Including configuration file 'file:///home/runner/.autorest/@autorest_core@3.5.0-ci.b8e3f92c0/node_modules/@autorest/core/dist/resources/help-configuration.md'
INFORMATION: > Loading local AutoRest extension '@autorest/bicep' (/home/runner/work/bicep-types-az/bicep-types-az/src/autorest.bicep)
VERBOSE [1.18 s]: > Including extension configuration file 'file:///home/runner/work/bicep-types-az/bicep-types-az/src/autorest.bicep/README.md'
VERBOSE [1.18 s]: > Including configuration file 'file:///home/runner/work/bicep-types-az/bicep-types-az/src/autorest.bicep/README.md'
INFORMATION: > Loading AutoRest extension '@autorest/modelerfour' (https://tinyurl.com/yhlkz69y->4.20.0-ci.b8e3f92c0)
VERBOSE [1.83 s]: > Including extension configuration file 'file:///home/runner/.autorest/@autorest_modelerfour@4.20.0-ci.b8e3f92c0/node_modules/@autorest/modelerfour/readme.md'
VERBOSE [1.83 s]: > Including configuration file 'file:///home/runner/.autorest/@autorest_modelerfour@4.20.0-ci.b8e3f92c0/node_modules/@autorest/modelerfour/readme.md'
Processing batch task - {"tag":"microsoft.agfoodplatform-2020-05-12-preview"} .
VERBOSE [2.05 s]: > Including configuration file 'file:///home/runner/work/bicep-types-az/bicep-types-az/workflow-temp/azure-rest-api-specs/specification/agrifood/resource-manager/readme.bicep.md'
VERBOSE [2.05 s]: > Initial configuration file 'file:///home/runner/work/bicep-types-az/bicep-types-az/workflow-temp/azure-rest-api-specs/specification/agrifood/resource-manager/readme.md'
VERBOSE [2.05 s]: > Including configuration file 'file:///home/runner/work/bicep-types-az/bicep-types-az/workflow-temp/azure-rest-api-specs/specification/agrifood/resource-manager/readme.md'
VERBOSE [2.06 s]: > Including configuration file 'file:///home/runner/.autorest/@autorest_core@3.5.0-ci.b8e3f92c0/node_modules/@autorest/core/dist/resources/default-configuration.md'
VERBOSE [2.07 s]: > Including configuration file 'file:///home/runner/.autorest/@autorest_core@3.5.0-ci.b8e3f92c0/node_modules/@autorest/core/dist/resources/inspect.md'
VERBOSE [2.08 s]: > Including configuration file 'file:///home/runner/.autorest/@autorest_core@3.5.0-ci.b8e3f92c0/node_modules/@autorest/core/dist/resources/directives.md'
VERBOSE [2.09 s]: > Including configuration file 'file:///home/runner/.autorest/@autorest_core@3.5.0-ci.b8e3f92c0/node_modules/@autorest/core/dist/resources/pipeline.md'
VERBOSE [2.1 s]: > Including configuration file 'file:///home/runner/.autorest/@autorest_core@3.5.0-ci.b8e3f92c0/node_modules/@autorest/core/dist/resources/loader-openapi.md'
VERBOSE [2.11 s]: > Including configuration file 'file:///home/runner/.autorest/@autorest_core@3.5.0-ci.b8e3f92c0/node_modules/@autorest/core/dist/resources/miscellaneous.md'
VERBOSE [2.12 s]: > Including configuration file 'file:///home/runner/.autorest/@autorest_core@3.5.0-ci.b8e3f92c0/node_modules/@autorest/core/dist/resources/plugin-powershell.md'
VERBOSE [2.13 s]: > Including configuration file 'file:///home/runner/.autorest/@autorest_core@3.5.0-ci.b8e3f92c0/node_modules/@autorest/core/dist/resources/plugin-azureresourceschema.md'
VERBOSE [2.15 s]: > Including configuration file 'file:///home/runner/.autorest/@autorest_core@3.5.0-ci.b8e3f92c0/node_modules/@autorest/core/dist/resources/plugin-csharp.md'
VERBOSE [2.16 s]: > Including configuration file 'file:///home/runner/.autorest/@autorest_core@3.5.0-ci.b8e3f92c0/node_modules/@autorest/core/dist/resources/plugin-go.md'
VERBOSE [2.18 s]: > Including configuration file 'file:///home/runner/.autorest/@autorest_core@3.5.0-ci.b8e3f92c0/node_modules/@autorest/core/dist/resources/plugin-java.md'
VERBOSE [2.19 s]: > Including configuration file 'file:///home/runner/.autorest/@autorest_core@3.5.0-ci.b8e3f92c0/node_modules/@autorest/core/dist/resources/plugin-nodejs.md'
VERBOSE [2.2 s]: > Including configuration file 'file:///home/runner/.autorest/@autorest_core@3.5.0-ci.b8e3f92c0/node_modules/@autorest/core/dist/resources/plugin-php.md'
VERBOSE [2.22 s]: > Including configuration file 'file:///home/runner/.autorest/@autorest_core@3.5.0-ci.b8e3f92c0/node_modules/@autorest/core/dist/resources/plugin-python.md'
VERBOSE [2.23 s]: > Including configuration file 'file:///home/runner/.autorest/@autorest_core@3.5.0-ci.b8e3f92c0/node_modules/@autorest/core/dist/resources/plugin-ruby.md'
VERBOSE [2.25 s]: > Including configuration file 'file:///home/runner/.autorest/@autorest_core@3.5.0-ci.b8e3f92c0/node_modules/@autorest/core/dist/resources/plugin-typescript.md'
VERBOSE [2.27 s]: > Including configuration file 'file:///home/runner/.autorest/@autorest_core@3.5.0-ci.b8e3f92c0/node_modules/@autorest/core/dist/resources/plugin-validators.md'
VERBOSE [2.29 s]: > Including configuration file 'file:///home/runner/.autorest/@autorest_core@3.5.0-ci.b8e3f92c0/node_modules/@autorest/core/dist/resources/plugin-az.md'
VERBOSE [2.3 s]: > Including configuration file 'file:///home/runner/.autorest/@autorest_core@3.5.0-ci.b8e3f92c0/node_modules/@autorest/core/dist/resources/plugin-terraform.md'
VERBOSE [2.32 s]: > Including configuration file 'file:///home/runner/.autorest/@autorest_core@3.5.0-ci.b8e3f92c0/node_modules/@autorest/core/dist/resources/plugin-azure-functions.md'
VERBOSE [2.34 s]: > Including configuration file 'file:///home/runner/.autorest/@autorest_core@3.5.0-ci.b8e3f92c0/node_modules/@autorest/core/dist/resources/graphs.md'
VERBOSE [2.36 s]: > Including configuration file 'file:///home/runner/.autorest/@autorest_core@3.5.0-ci.b8e3f92c0/node_modules/@autorest/core/dist/resources/help-configuration.md'
INFORMATION: > Loading local AutoRest extension '@autorest/bicep' (/home/runner/work/bicep-types-az/bicep-types-az/src/autorest.bicep)
VERBOSE [2.43 s]: > Including extension configuration file 'file:///home/runner/work/bicep-types-az/bicep-types-az/src/autorest.bicep/README.md'
VERBOSE [2.43 s]: > Including configuration file 'file:///home/runner/work/bicep-types-az/bicep-types-az/src/autorest.bicep/README.md'
INFORMATION: > Loading AutoRest extension '@autorest/modelerfour' (https://tinyurl.com/yhlkz69y->4.20.0-ci.b8e3f92c0)
VERBOSE [3 s]: > Including extension configuration file 'file:///home/runner/.autorest/@autorest_modelerfour@4.20.0-ci.b8e3f92c0/node_modules/@autorest/modelerfour/readme.md'
VERBOSE [3 s]: > Including configuration file 'file:///home/runner/.autorest/@autorest_modelerfour@4.20.0-ci.b8e3f92c0/node_modules/@autorest/modelerfour/readme.md'
DEBUG [3.6 s]: swagger-document/loader-swagger - START inputs = 0
DEBUG [3.6 s]: openapi-document/loader-openapi - START inputs = 0
DEBUG [3.6 s]: pipeline-emitter - START inputs = 0
DEBUG [3.61 s]: configuration-emitter - START inputs = 0
DEBUG [3.61 s]: pipeline-emitter - END [0.04 s][81 MB]
DEBUG [3.61 s]: configuration-emitter - END [0.04 s][81 MB]
VERBOSE [3.64 s]: Reading OpenAPI 2.0 file file:///home/runner/work/bicep-types-az/bicep-types-az/workflow-temp/azure-rest-api-specs/specification/agrifood/resource-manager/Microsoft.AgFoodPlatform/preview/2020-05-12-preview/agfood.json
DEBUG [3.64 s]: openapi-document/loader-openapi - END [0.08 s][85 MB]
VERBOSE [3.7 s]: Reading $ref'd file file:///home/runner/work/bicep-types-az/bicep-types-az/workflow-temp/azure-rest-api-specs/specification/common-types/resource-management/v2/types.json
DEBUG [3.7 s]: openapi-document/individual/transform - SKIPPING
DEBUG [3.71 s]: openapi-document/individual/schema-validator-openapi - SKIPPING
DEBUG [3.71 s]: openapi-document/individual/identity - SKIPPING
DEBUG [3.8 s]: swagger-document/loader-swagger - END [0.24 s][88 MB]
DEBUG [3.8 s]: swagger-document/individual/transform - START inputs = 2
DEBUG [3.9 s]: swagger-document/individual/transform - END [0.09 s][96 MB]
DEBUG [3.9 s]: swagger-document/individual/schema-validator-swagger - START inputs = 2
DEBUG [4.19 s]: swagger-document/individual/schema-validator-swagger - END [0.28 s][105 MB]
DEBUG [4.19 s]: swagger-document/identity - START inputs = 2
DEBUG [4.19 s]: swagger-document/individual/identity - START inputs = 2
DEBUG [4.19 s]: swagger-document/identity - END [0 s][105 MB]
DEBUG [4.19 s]: swagger-document/individual/identity - END [0 s][105 MB]
DEBUG [4.19 s]: openapi-document/openapi-document-converter - START inputs = 2
DEBUG [4.26 s]: openapi-document/openapi-document-converter - END [0.07 s][101 MB]
DEBUG [4.26 s]: openapi-document/transform - START inputs = 2
DEBUG [4.27 s]: openapi-document/transform - END [0 s][106 MB]
DEBUG [4.27 s]: openapi-document/semantic-validator - START inputs = 2
WARNING: Semantic validation was skipped.
DEBUG [4.27 s]: openapi-document/semantic-validator - END [0 s][106 MB]
DEBUG [4.27 s]: openapi-document/allof-cleaner - START inputs = 2
DEBUG [4.28 s]: openapi-document/allof-cleaner - END [0 s][107 MB]
DEBUG [4.28 s]: openapi-document/tree-shaker - START inputs = 2
DEBUG [4.37 s]: openapi-document/tree-shaker - END [0.09 s][117 MB]
DEBUG [4.37 s]: openapi-document/multi-api-merger - START inputs = 2
DEBUG [4.49 s]: openapi-document/multi-api-merger - END [0.11 s][121 MB]
DEBUG [4.49 s]: openapi-document/components-cleaner - START inputs = 1
DEBUG [4.59 s]: openapi-document/components-cleaner - END [0.09 s][138 MB]
DEBUG [4.6 s]: openapi-document/component-modifiers - START inputs = 1
DEBUG [4.68 s]: openapi-document/component-modifiers - END [0.07 s][77 MB]
DEBUG [4.68 s]: openapi-document/api-version-parameter-handler - START inputs = 1
DEBUG [4.68 s]: openapi-document/api-version-parameter-handler - END [0 s][77 MB]
DEBUG [4.68 s]: openapi-document/profile-filter - START inputs = 1
DEBUG [4.68 s]: openapi-document/profile-filter - END [0 s][77 MB]
DEBUG [4.68 s]: openapi-document/model-deduplicator - START inputs = 1
DEBUG [4.68 s]: openapi-document/emitter - START inputs = 1
DEBUG [4.68 s]: openapi-document/model-deduplicator - END [0 s][77 MB]
DEBUG [4.68 s]: openapi-document/emitter - END [0 s][77 MB]
DEBUG [4.68 s]: openapi-document/enum-deduplicator - START inputs = 1
DEBUG [4.83 s]: openapi-document/enum-deduplicator - END [0.14 s][88 MB]
DEBUG [4.83 s]: openapi-document/subset-reducer - START inputs = 1
DEBUG [4.83 s]: openapi-document/subset-reducer - END [0 s][88 MB]
DEBUG [4.83 s]: openapi-document/quick-check - START inputs = 1
DEBUG [4.83 s]: openapi-document/multi-api/reset-identity - START inputs = 1
DEBUG [4.84 s]: openapi-document/quick-check - END [0.01 s][97 MB]
DEBUG [4.84 s]: openapi-document/multi-api/reset-identity - END [0.01 s][97 MB]
DEBUG [4.85 s]: openapi-document/multi-api/identity - START inputs = 1
DEBUG [4.85 s]: openapi-document/multi-api/identity - END [0 s][88 MB]
DEBUG [4.85 s]: openapi-document/multi-api/emitter - START inputs = 1
DEBUG [4.85 s]: prechecker - START inputs = 1
DEBUG [4.85 s]: openapi-document/multi-api/emitter - END [0 s][88 MB]

WARNING (PreCheck/CheckDuplicateSchemas): Checking for duplicate schemas, this could take a (long) while.  Run with --verbose for more detail.
VERBOSE [4.9 s]: Found and removed 0 duplicate schema
DEBUG [5.15 s]: prechecker - END [0.29 s][90 MB]
DEBUG [5.15 s]: modelerfour - START inputs = 2
VERBOSE [5.21 s]:   ModelerFour/api-version-mode:client
VERBOSE [5.21 s]:   ModelerFour/api-version-parameter:constant
VERBOSE [5.21 s]:   ModelerFour/use-model-namespace:false

WARNING (UnkownSecurityScheme): Security scheme azure_auth is unknown and will not be processed. Only supported types are AADToken,AzureKey,Anonymous
DEBUG [5.38 s]: modelerfour - END [0.23 s][93 MB]
DEBUG [5.38 s]: modelerfour/new-transform - START inputs = 2
DEBUG [5.38 s]: modelerfour/new-transform - END [0 s][93 MB]
DEBUG [5.38 s]: modelerfour/flattener - START inputs = 2
DEBUG [5.47 s]: modelerfour/flattener - END [0.09 s][95 MB]
DEBUG [5.47 s]: modelerfour/flattener/new-transform - START inputs = 2
DEBUG [5.47 s]: modelerfour/flattener/new-transform - END [0 s][95 MB]
DEBUG [5.47 s]: modelerfour/grouper - START inputs = 2
DEBUG [5.56 s]: modelerfour/grouper - END [0.08 s][98 MB]
DEBUG [5.56 s]: modelerfour/grouper/new-transform - START inputs = 2
DEBUG [5.56 s]: modelerfour/grouper/new-transform - END [0 s][98 MB]
DEBUG [5.56 s]: modelerfour/pre-namer - START inputs = 2
DEBUG [5.64 s]: modelerfour/pre-namer - END [0.08 s][100 MB]
DEBUG [5.64 s]: modelerfour/pre-namer/new-transform - START inputs = 2
DEBUG [5.65 s]: modelerfour/pre-namer/new-transform - END [0 s][100 MB]
DEBUG [5.65 s]: modelerfour/checker - START inputs = 4
DEBUG [5.7 s]: modelerfour/checker - END [0.05 s][102 MB]
DEBUG [5.7 s]: modelerfour/identity - START inputs = 2
DEBUG [5.7 s]: modelerfour/identity - END [0 s][102 MB]
DEBUG [5.7 s]: bicep - START inputs = 2
DEBUG [5.7 s]: modelerfour/emitter - START inputs = 2
DEBUG [5.7 s]: modelerfour/notags/emitter - START inputs = 2
DEBUG [5.7 s]: modelerfour/emitter - END [0 s][102 MB]
DEBUG [5.7 s]: modelerfour/notags/emitter - END [0 s][102 MB]
INFORMATION: Resource type microsoft.agfoodplatform/farmbeats/extensions under path '/subscriptions/{subscriptionId}/resourceGroups/{resourceGroupName}/providers/Microsoft.AgFoodPlatform/farmBeats/{farmBeatsResourceName}/extensions/{extensionId}' has no body defined.
INFORMATION: autorest.bicep took 6ms
DEBUG [5.78 s]: bicep - END [0.07 s][103 MB]
DEBUG [5.78 s]: bicep/emitter - START inputs = 2
DEBUG [5.78 s]: Emitting 'bicep-files' at file:///tmp/_bcp_1625795651387/agrifood/microsoft.agfoodplatform/2020-05-12-preview/types.json
DEBUG [5.78 s]: Emitting 'bicep-files' at file:///tmp/_bcp_1625795651387/agrifood/microsoft.agfoodplatform/2020-05-12-preview/types.md
DEBUG [5.78 s]: bicep/emitter - END [0 s][103 MB]
[5.78 s] Clearing Folders.
[5.78 s] Writing Outputs.
[5.79 s] Generation Complete
[5.79 s] Shutting Down.
[5.79 s] Exiting.
