Generating types for 'specification/devcenter/resource-manager/readme.md'
AutoRest code generation utility [cli version: 3.7.2; node: v22.21.1]
(C) 2018 Microsoft Corporation.
https://aka.ms/autorest
warning | DeprecatedConfig | Using directive.0.suppress which is deprecated and will be removed in the future.
warning | DeprecatedConfig | Using directive.1.suppress which is deprecated and will be removed in the future.
warning | DeprecatedConfig | Using directive.2.suppress which is deprecated and will be removed in the future.
warning | DeprecatedConfig | Using directive.3.suppress which is deprecated and will be removed in the future.
warning | DeprecatedConfig | Using directive.4.suppress which is deprecated and will be removed in the future.
warning | DeprecatedConfig | Using directive.5.suppress which is deprecated and will be removed in the future.
warning | DeprecatedConfig | Using directive.6.suppress which is deprecated and will be removed in the future.
warning | DeprecatedConfig | Using directive.7.suppress which is deprecated and will be removed in the future.
warning | DeprecatedConfig | Using directive.8.suppress which is deprecated and will be removed in the future.
warning | DeprecatedConfig | Using directive.9.suppress which is deprecated and will be removed in the future.
warning | DeprecatedConfig | Using directive.10.suppress which is deprecated and will be removed in the future.
warning | DeprecatedConfig | Using directive.11.suppress which is deprecated and will be removed in the future.
warning | DeprecatedConfig | Using directive.12.suppress which is deprecated and will be removed in the future.
warning | DeprecatedConfig | Using directive.13.suppress which is deprecated and will be removed in the future.
warning | DeprecatedConfig | Using directive.14.suppress which is deprecated and will be removed in the future.
warning | DeprecatedConfig | Using directive.15.suppress which is deprecated and will be removed in the future.
warning | DeprecatedConfig | Using directive.16.suppress which is deprecated and will be removed in the future.
warning | DeprecatedConfig | Using directive.17.suppress which is deprecated and will be removed in the future.
warning | DeprecatedConfig | Using directive.18.suppress which is deprecated and will be removed in the future.
warning | DeprecatedConfig | Using directive.19.suppress which is deprecated and will be removed in the future.
warning | DeprecatedConfig | Using directive.20.suppress which is deprecated and will be removed in the future.
warning | DeprecatedConfig | Using directive.21.suppress which is deprecated and will be removed in the future.
warning | DeprecatedConfig | Using directive.22.suppress which is deprecated and will be removed in the future.
warning | DeprecatedConfig | Using directive.23.suppress which is deprecated and will be removed in the future.
warning | DeprecatedConfig | Using directive.24.suppress which is deprecated and will be removed in the future.
warning | DeprecatedConfig | Using directive.0.suppress which is deprecated and will be removed in the future.
warning | DeprecatedConfig | Using directive.1.suppress which is deprecated and will be removed in the future.
warning | DeprecatedConfig | Using directive.2.suppress which is deprecated and will be removed in the future.
warning | DeprecatedConfig | Using directive.3.suppress which is deprecated and will be removed in the future.
warning | DeprecatedConfig | Using directive.4.suppress which is deprecated and will be removed in the future.
warning | DeprecatedConfig | Using directive.5.suppress which is deprecated and will be removed in the future.
warning | DeprecatedConfig | Using directive.6.suppress which is deprecated and will be removed in the future.
warning | DeprecatedConfig | Using directive.7.suppress which is deprecated and will be removed in the future.
warning | DeprecatedConfig | Using directive.8.suppress which is deprecated and will be removed in the future.
warning | DeprecatedConfig | Using directive.9.suppress which is deprecated and will be removed in the future.
warning | DeprecatedConfig | Using directive.10.suppress which is deprecated and will be removed in the future.
warning | DeprecatedConfig | Using directive.11.suppress which is deprecated and will be removed in the future.
warning | DeprecatedConfig | Using directive.12.suppress which is deprecated and will be removed in the future.
warning | DeprecatedConfig | Using directive.13.suppress which is deprecated and will be removed in the future.
warning | DeprecatedConfig | Using directive.14.suppress which is deprecated and will be removed in the future.
warning | DeprecatedConfig | Using directive.15.suppress which is deprecated and will be removed in the future.
warning | DeprecatedConfig | Using directive.16.suppress which is deprecated and will be removed in the future.
warning | DeprecatedConfig | Using directive.17.suppress which is deprecated and will be removed in the future.
warning | DeprecatedConfig | Using directive.18.suppress which is deprecated and will be removed in the future.
warning | DeprecatedConfig | Using directive.19.suppress which is deprecated and will be removed in the future.
warning | DeprecatedConfig | Using directive.20.suppress which is deprecated and will be removed in the future.
warning | DeprecatedConfig | Using directive.21.suppress which is deprecated and will be removed in the future.
warning | DeprecatedConfig | Using directive.22.suppress which is deprecated and will be removed in the future.
warning | DeprecatedConfig | Using directive.23.suppress which is deprecated and will be removed in the future.
warning | DeprecatedConfig | Using directive.24.suppress which is deprecated and will be removed in the future.
warning | SkippedSemanticValidation | Semantic validation was skipped.
warning | PreCheck/CheckDuplicateSchemas | Checking for duplicate schemas, this could take a (long) while.  Run with --verbose for more detail.
warning | Modeler/MissingType | The schema 'components·pgz285·schemas·operationstatus·properties·properties·additionalproperties' has no type or format information whatsoever. Location:
   file:///home/runner/work/bicep-types-az/bicep-types-az/workflow-temp/azure-rest-api-specs/specification/devcenter/resource-manager/Microsoft.DevCenter/preview/2026-01-01-preview/DevCenterRP.json#/components/schemas/components·pgz285·schemas·operationstatus·properties·properties·additionalproperties
warning | DeprecatedConfig | Using directive.0.suppress which is deprecated and will be removed in the future.
warning | DeprecatedConfig | Using directive.1.suppress which is deprecated and will be removed in the future.
warning | DeprecatedConfig | Using directive.2.suppress which is deprecated and will be removed in the future.
warning | DeprecatedConfig | Using directive.3.suppress which is deprecated and will be removed in the future.
warning | DeprecatedConfig | Using directive.4.suppress which is deprecated and will be removed in the future.
warning | DeprecatedConfig | Using directive.5.suppress which is deprecated and will be removed in the future.
warning | DeprecatedConfig | Using directive.6.suppress which is deprecated and will be removed in the future.
warning | DeprecatedConfig | Using directive.7.suppress which is deprecated and will be removed in the future.
warning | DeprecatedConfig | Using directive.8.suppress which is deprecated and will be removed in the future.
warning | DeprecatedConfig | Using directive.9.suppress which is deprecated and will be removed in the future.
warning | DeprecatedConfig | Using directive.10.suppress which is deprecated and will be removed in the future.
warning | DeprecatedConfig | Using directive.11.suppress which is deprecated and will be removed in the future.
warning | DeprecatedConfig | Using directive.12.suppress which is deprecated and will be removed in the future.
warning | DeprecatedConfig | Using directive.13.suppress which is deprecated and will be removed in the future.
warning | DeprecatedConfig | Using directive.14.suppress which is deprecated and will be removed in the future.
warning | DeprecatedConfig | Using directive.15.suppress which is deprecated and will be removed in the future.
warning | DeprecatedConfig | Using directive.16.suppress which is deprecated and will be removed in the future.
warning | DeprecatedConfig | Using directive.17.suppress which is deprecated and will be removed in the future.
warning | DeprecatedConfig | Using directive.18.suppress which is deprecated and will be removed in the future.
warning | DeprecatedConfig | Using directive.19.suppress which is deprecated and will be removed in the future.
warning | DeprecatedConfig | Using directive.20.suppress which is deprecated and will be removed in the future.
warning | DeprecatedConfig | Using directive.21.suppress which is deprecated and will be removed in the future.
warning | DeprecatedConfig | Using directive.22.suppress which is deprecated and will be removed in the future.
warning | DeprecatedConfig | Using directive.23.suppress which is deprecated and will be removed in the future.
warning | DeprecatedConfig | Using directive.24.suppress which is deprecated and will be removed in the future.
warning | SkippedSemanticValidation | Semantic validation was skipped.
warning | PreCheck/CheckDuplicateSchemas | Checking for duplicate schemas, this could take a (long) while.  Run with --verbose for more detail.
warning | Modeler/MissingType | The schema 'components·pgz285·schemas·operationstatus·properties·properties·additionalproperties' has no type or format information whatsoever. Location:
   file:///home/runner/work/bicep-types-az/bicep-types-az/workflow-temp/azure-rest-api-specs/specification/devcenter/resource-manager/Microsoft.DevCenter/preview/2025-10-01-preview/DevCenterRP.json#/components/schemas/components·pgz285·schemas·operationstatus·properties·properties·additionalproperties
warning | DeprecatedConfig | Using directive.0.suppress which is deprecated and will be removed in the future.
warning | DeprecatedConfig | Using directive.1.suppress which is deprecated and will be removed in the future.
warning | DeprecatedConfig | Using directive.2.suppress which is deprecated and will be removed in the future.
warning | DeprecatedConfig | Using directive.3.suppress which is deprecated and will be removed in the future.
warning | DeprecatedConfig | Using directive.4.suppress which is deprecated and will be removed in the future.
warning | DeprecatedConfig | Using directive.5.suppress which is deprecated and will be removed in the future.
warning | DeprecatedConfig | Using directive.6.suppress which is deprecated and will be removed in the future.
warning | DeprecatedConfig | Using directive.7.suppress which is deprecated and will be removed in the future.
warning | DeprecatedConfig | Using directive.8.suppress which is deprecated and will be removed in the future.
warning | DeprecatedConfig | Using directive.9.suppress which is deprecated and will be removed in the future.
warning | DeprecatedConfig | Using directive.10.suppress which is deprecated and will be removed in the future.
warning | DeprecatedConfig | Using directive.11.suppress which is deprecated and will be removed in the future.
warning | DeprecatedConfig | Using directive.12.suppress which is deprecated and will be removed in the future.
warning | DeprecatedConfig | Using directive.13.suppress which is deprecated and will be removed in the future.
warning | DeprecatedConfig | Using directive.14.suppress which is deprecated and will be removed in the future.
warning | DeprecatedConfig | Using directive.15.suppress which is deprecated and will be removed in the future.
warning | DeprecatedConfig | Using directive.16.suppress which is deprecated and will be removed in the future.
warning | DeprecatedConfig | Using directive.17.suppress which is deprecated and will be removed in the future.
warning | DeprecatedConfig | Using directive.18.suppress which is deprecated and will be removed in the future.
warning | DeprecatedConfig | Using directive.19.suppress which is deprecated and will be removed in the future.
warning | DeprecatedConfig | Using directive.20.suppress which is deprecated and will be removed in the future.
warning | DeprecatedConfig | Using directive.21.suppress which is deprecated and will be removed in the future.
warning | DeprecatedConfig | Using directive.22.suppress which is deprecated and will be removed in the future.
warning | DeprecatedConfig | Using directive.23.suppress which is deprecated and will be removed in the future.
warning | DeprecatedConfig | Using directive.24.suppress which is deprecated and will be removed in the future.
warning | SkippedSemanticValidation | Semantic validation was skipped.
warning | PreCheck/CheckDuplicateSchemas | Checking for duplicate schemas, this could take a (long) while.  Run with --verbose for more detail.
warning | Modeler/MissingType | The schema 'components·pgz285·schemas·operationstatus·properties·properties·additionalproperties' has no type or format information whatsoever. Location:
   file:///home/runner/work/bicep-types-az/bicep-types-az/workflow-temp/azure-rest-api-specs/specification/devcenter/resource-manager/Microsoft.DevCenter/preview/2025-07-01-preview/DevCenterRP.json#/components/schemas/components·pgz285·schemas·operationstatus·properties·properties·additionalproperties
warning | DeprecatedConfig | Using directive.0.suppress which is deprecated and will be removed in the future.
warning | DeprecatedConfig | Using directive.1.suppress which is deprecated and will be removed in the future.
warning | DeprecatedConfig | Using directive.2.suppress which is deprecated and will be removed in the future.
warning | DeprecatedConfig | Using directive.3.suppress which is deprecated and will be removed in the future.
warning | DeprecatedConfig | Using directive.4.suppress which is deprecated and will be removed in the future.
warning | DeprecatedConfig | Using directive.5.suppress which is deprecated and will be removed in the future.
warning | DeprecatedConfig | Using directive.6.suppress which is deprecated and will be removed in the future.
warning | DeprecatedConfig | Using directive.7.suppress which is deprecated and will be removed in the future.
warning | DeprecatedConfig | Using directive.8.suppress which is deprecated and will be removed in the future.
warning | DeprecatedConfig | Using directive.9.suppress which is deprecated and will be removed in the future.
warning | DeprecatedConfig | Using directive.10.suppress which is deprecated and will be removed in the future.
warning | DeprecatedConfig | Using directive.11.suppress which is deprecated and will be removed in the future.
warning | DeprecatedConfig | Using directive.12.suppress which is deprecated and will be removed in the future.
warning | DeprecatedConfig | Using directive.13.suppress which is deprecated and will be removed in the future.
warning | DeprecatedConfig | Using directive.14.suppress which is deprecated and will be removed in the future.
warning | DeprecatedConfig | Using directive.15.suppress which is deprecated and will be removed in the future.
warning | DeprecatedConfig | Using directive.16.suppress which is deprecated and will be removed in the future.
warning | DeprecatedConfig | Using directive.17.suppress which is deprecated and will be removed in the future.
warning | DeprecatedConfig | Using directive.18.suppress which is deprecated and will be removed in the future.
warning | DeprecatedConfig | Using directive.19.suppress which is deprecated and will be removed in the future.
warning | DeprecatedConfig | Using directive.20.suppress which is deprecated and will be removed in the future.
warning | DeprecatedConfig | Using directive.21.suppress which is deprecated and will be removed in the future.
warning | DeprecatedConfig | Using directive.22.suppress which is deprecated and will be removed in the future.
warning | DeprecatedConfig | Using directive.23.suppress which is deprecated and will be removed in the future.
warning | DeprecatedConfig | Using directive.24.suppress which is deprecated and will be removed in the future.
warning | SkippedSemanticValidation | Semantic validation was skipped.
warning | PreCheck/CheckDuplicateSchemas | Checking for duplicate schemas, this could take a (long) while.  Run with --verbose for more detail.
warning | DeprecatedConfig | Using directive.0.suppress which is deprecated and will be removed in the future.
warning | DeprecatedConfig | Using directive.1.suppress which is deprecated and will be removed in the future.
warning | DeprecatedConfig | Using directive.2.suppress which is deprecated and will be removed in the future.
warning | DeprecatedConfig | Using directive.3.suppress which is deprecated and will be removed in the future.
warning | DeprecatedConfig | Using directive.4.suppress which is deprecated and will be removed in the future.
warning | DeprecatedConfig | Using directive.5.suppress which is deprecated and will be removed in the future.
warning | DeprecatedConfig | Using directive.6.suppress which is deprecated and will be removed in the future.
warning | DeprecatedConfig | Using directive.7.suppress which is deprecated and will be removed in the future.
warning | DeprecatedConfig | Using directive.8.suppress which is deprecated and will be removed in the future.
warning | DeprecatedConfig | Using directive.9.suppress which is deprecated and will be removed in the future.
warning | DeprecatedConfig | Using directive.10.suppress which is deprecated and will be removed in the future.
warning | DeprecatedConfig | Using directive.11.suppress which is deprecated and will be removed in the future.
warning | DeprecatedConfig | Using directive.12.suppress which is deprecated and will be removed in the future.
warning | DeprecatedConfig | Using directive.13.suppress which is deprecated and will be removed in the future.
warning | DeprecatedConfig | Using directive.14.suppress which is deprecated and will be removed in the future.
warning | DeprecatedConfig | Using directive.15.suppress which is deprecated and will be removed in the future.
warning | DeprecatedConfig | Using directive.16.suppress which is deprecated and will be removed in the future.
warning | DeprecatedConfig | Using directive.17.suppress which is deprecated and will be removed in the future.
warning | DeprecatedConfig | Using directive.18.suppress which is deprecated and will be removed in the future.
warning | DeprecatedConfig | Using directive.19.suppress which is deprecated and will be removed in the future.
warning | DeprecatedConfig | Using directive.20.suppress which is deprecated and will be removed in the future.
warning | DeprecatedConfig | Using directive.21.suppress which is deprecated and will be removed in the future.
warning | DeprecatedConfig | Using directive.22.suppress which is deprecated and will be removed in the future.
warning | DeprecatedConfig | Using directive.23.suppress which is deprecated and will be removed in the future.
warning | DeprecatedConfig | Using directive.24.suppress which is deprecated and will be removed in the future.
warning | SkippedSemanticValidation | Semantic validation was skipped.
warning | PreCheck/CheckDuplicateSchemas | Checking for duplicate schemas, this could take a (long) while.  Run with --verbose for more detail.
warning | DeprecatedConfig | Using directive.0.suppress which is deprecated and will be removed in the future.
warning | DeprecatedConfig | Using directive.1.suppress which is deprecated and will be removed in the future.
warning | DeprecatedConfig | Using directive.2.suppress which is deprecated and will be removed in the future.
warning | DeprecatedConfig | Using directive.3.suppress which is deprecated and will be removed in the future.
warning | DeprecatedConfig | Using directive.4.suppress which is deprecated and will be removed in the future.
warning | DeprecatedConfig | Using directive.5.suppress which is deprecated and will be removed in the future.
warning | DeprecatedConfig | Using directive.6.suppress which is deprecated and will be removed in the future.
warning | DeprecatedConfig | Using directive.7.suppress which is deprecated and will be removed in the future.
warning | DeprecatedConfig | Using directive.8.suppress which is deprecated and will be removed in the future.
warning | DeprecatedConfig | Using directive.9.suppress which is deprecated and will be removed in the future.
warning | DeprecatedConfig | Using directive.10.suppress which is deprecated and will be removed in the future.
warning | DeprecatedConfig | Using directive.11.suppress which is deprecated and will be removed in the future.
warning | DeprecatedConfig | Using directive.12.suppress which is deprecated and will be removed in the future.
warning | DeprecatedConfig | Using directive.13.suppress which is deprecated and will be removed in the future.
warning | DeprecatedConfig | Using directive.14.suppress which is deprecated and will be removed in the future.
warning | DeprecatedConfig | Using directive.15.suppress which is deprecated and will be removed in the future.
warning | DeprecatedConfig | Using directive.16.suppress which is deprecated and will be removed in the future.
warning | DeprecatedConfig | Using directive.17.suppress which is deprecated and will be removed in the future.
warning | DeprecatedConfig | Using directive.18.suppress which is deprecated and will be removed in the future.
warning | DeprecatedConfig | Using directive.19.suppress which is deprecated and will be removed in the future.
warning | DeprecatedConfig | Using directive.20.suppress which is deprecated and will be removed in the future.
warning | DeprecatedConfig | Using directive.21.suppress which is deprecated and will be removed in the future.
warning | DeprecatedConfig | Using directive.22.suppress which is deprecated and will be removed in the future.
warning | DeprecatedConfig | Using directive.23.suppress which is deprecated and will be removed in the future.
warning | DeprecatedConfig | Using directive.24.suppress which is deprecated and will be removed in the future.
warning | SkippedSemanticValidation | Semantic validation was skipped.
warning | PreCheck/CheckDuplicateSchemas | Checking for duplicate schemas, this could take a (long) while.  Run with --verbose for more detail.
warning | Unrecognized property type: any-object. Returning 'any'.
warning | DeprecatedConfig | Using directive.0.suppress which is deprecated and will be removed in the future.
warning | DeprecatedConfig | Using directive.1.suppress which is deprecated and will be removed in the future.
warning | DeprecatedConfig | Using directive.2.suppress which is deprecated and will be removed in the future.
warning | DeprecatedConfig | Using directive.3.suppress which is deprecated and will be removed in the future.
warning | DeprecatedConfig | Using directive.4.suppress which is deprecated and will be removed in the future.
warning | DeprecatedConfig | Using directive.5.suppress which is deprecated and will be removed in the future.
warning | DeprecatedConfig | Using directive.6.suppress which is deprecated and will be removed in the future.
warning | DeprecatedConfig | Using directive.7.suppress which is deprecated and will be removed in the future.
warning | DeprecatedConfig | Using directive.8.suppress which is deprecated and will be removed in the future.
warning | DeprecatedConfig | Using directive.9.suppress which is deprecated and will be removed in the future.
warning | DeprecatedConfig | Using directive.10.suppress which is deprecated and will be removed in the future.
warning | DeprecatedConfig | Using directive.11.suppress which is deprecated and will be removed in the future.
warning | DeprecatedConfig | Using directive.12.suppress which is deprecated and will be removed in the future.
warning | DeprecatedConfig | Using directive.13.suppress which is deprecated and will be removed in the future.
warning | DeprecatedConfig | Using directive.14.suppress which is deprecated and will be removed in the future.
warning | DeprecatedConfig | Using directive.15.suppress which is deprecated and will be removed in the future.
warning | DeprecatedConfig | Using directive.16.suppress which is deprecated and will be removed in the future.
warning | DeprecatedConfig | Using directive.17.suppress which is deprecated and will be removed in the future.
warning | DeprecatedConfig | Using directive.18.suppress which is deprecated and will be removed in the future.
warning | DeprecatedConfig | Using directive.19.suppress which is deprecated and will be removed in the future.
warning | DeprecatedConfig | Using directive.20.suppress which is deprecated and will be removed in the future.
warning | DeprecatedConfig | Using directive.21.suppress which is deprecated and will be removed in the future.
warning | DeprecatedConfig | Using directive.22.suppress which is deprecated and will be removed in the future.
warning | DeprecatedConfig | Using directive.23.suppress which is deprecated and will be removed in the future.
warning | DeprecatedConfig | Using directive.24.suppress which is deprecated and will be removed in the future.
warning | SkippedSemanticValidation | Semantic validation was skipped.
warning | PreCheck/CheckDuplicateSchemas | Checking for duplicate schemas, this could take a (long) while.  Run with --verbose for more detail.
warning | Unrecognized property type: any-object. Returning 'any'.
warning | DeprecatedConfig | Using directive.0.suppress which is deprecated and will be removed in the future.
warning | DeprecatedConfig | Using directive.1.suppress which is deprecated and will be removed in the future.
warning | DeprecatedConfig | Using directive.2.suppress which is deprecated and will be removed in the future.
warning | DeprecatedConfig | Using directive.3.suppress which is deprecated and will be removed in the future.
warning | DeprecatedConfig | Using directive.4.suppress which is deprecated and will be removed in the future.
warning | DeprecatedConfig | Using directive.5.suppress which is deprecated and will be removed in the future.
warning | DeprecatedConfig | Using directive.6.suppress which is deprecated and will be removed in the future.
warning | DeprecatedConfig | Using directive.7.suppress which is deprecated and will be removed in the future.
warning | DeprecatedConfig | Using directive.8.suppress which is deprecated and will be removed in the future.
warning | DeprecatedConfig | Using directive.9.suppress which is deprecated and will be removed in the future.
warning | DeprecatedConfig | Using directive.10.suppress which is deprecated and will be removed in the future.
warning | DeprecatedConfig | Using directive.11.suppress which is deprecated and will be removed in the future.
warning | DeprecatedConfig | Using directive.12.suppress which is deprecated and will be removed in the future.
warning | DeprecatedConfig | Using directive.13.suppress which is deprecated and will be removed in the future.
warning | DeprecatedConfig | Using directive.14.suppress which is deprecated and will be removed in the future.
warning | DeprecatedConfig | Using directive.15.suppress which is deprecated and will be removed in the future.
warning | DeprecatedConfig | Using directive.16.suppress which is deprecated and will be removed in the future.
warning | DeprecatedConfig | Using directive.17.suppress which is deprecated and will be removed in the future.
warning | DeprecatedConfig | Using directive.18.suppress which is deprecated and will be removed in the future.
warning | DeprecatedConfig | Using directive.19.suppress which is deprecated and will be removed in the future.
warning | DeprecatedConfig | Using directive.20.suppress which is deprecated and will be removed in the future.
warning | DeprecatedConfig | Using directive.21.suppress which is deprecated and will be removed in the future.
warning | DeprecatedConfig | Using directive.22.suppress which is deprecated and will be removed in the future.
warning | DeprecatedConfig | Using directive.23.suppress which is deprecated and will be removed in the future.
warning | DeprecatedConfig | Using directive.24.suppress which is deprecated and will be removed in the future.
warning | SkippedSemanticValidation | Semantic validation was skipped.
warning | PreCheck/CheckDuplicateSchemas | Checking for duplicate schemas, this could take a (long) while.  Run with --verbose for more detail.
warning | DeprecatedConfig | Using directive.0.suppress which is deprecated and will be removed in the future.
warning | DeprecatedConfig | Using directive.1.suppress which is deprecated and will be removed in the future.
warning | DeprecatedConfig | Using directive.2.suppress which is deprecated and will be removed in the future.
warning | DeprecatedConfig | Using directive.3.suppress which is deprecated and will be removed in the future.
warning | DeprecatedConfig | Using directive.4.suppress which is deprecated and will be removed in the future.
warning | DeprecatedConfig | Using directive.5.suppress which is deprecated and will be removed in the future.
warning | DeprecatedConfig | Using directive.6.suppress which is deprecated and will be removed in the future.
warning | DeprecatedConfig | Using directive.7.suppress which is deprecated and will be removed in the future.
warning | DeprecatedConfig | Using directive.8.suppress which is deprecated and will be removed in the future.
warning | DeprecatedConfig | Using directive.9.suppress which is deprecated and will be removed in the future.
warning | DeprecatedConfig | Using directive.10.suppress which is deprecated and will be removed in the future.
warning | DeprecatedConfig | Using directive.11.suppress which is deprecated and will be removed in the future.
warning | DeprecatedConfig | Using directive.12.suppress which is deprecated and will be removed in the future.
warning | DeprecatedConfig | Using directive.13.suppress which is deprecated and will be removed in the future.
warning | DeprecatedConfig | Using directive.14.suppress which is deprecated and will be removed in the future.
warning | DeprecatedConfig | Using directive.15.suppress which is deprecated and will be removed in the future.
warning | DeprecatedConfig | Using directive.16.suppress which is deprecated and will be removed in the future.
warning | DeprecatedConfig | Using directive.17.suppress which is deprecated and will be removed in the future.
warning | DeprecatedConfig | Using directive.18.suppress which is deprecated and will be removed in the future.
warning | DeprecatedConfig | Using directive.19.suppress which is deprecated and will be removed in the future.
warning | DeprecatedConfig | Using directive.20.suppress which is deprecated and will be removed in the future.
warning | DeprecatedConfig | Using directive.21.suppress which is deprecated and will be removed in the future.
warning | DeprecatedConfig | Using directive.22.suppress which is deprecated and will be removed in the future.
warning | DeprecatedConfig | Using directive.23.suppress which is deprecated and will be removed in the future.
warning | DeprecatedConfig | Using directive.24.suppress which is deprecated and will be removed in the future.
warning | SkippedSemanticValidation | Semantic validation was skipped.
warning | PreCheck/CheckDuplicateSchemas | Checking for duplicate schemas, this could take a (long) while.  Run with --verbose for more detail.
warning | DeprecatedConfig | Using directive.0.suppress which is deprecated and will be removed in the future.
warning | DeprecatedConfig | Using directive.1.suppress which is deprecated and will be removed in the future.
warning | DeprecatedConfig | Using directive.2.suppress which is deprecated and will be removed in the future.
warning | DeprecatedConfig | Using directive.3.suppress which is deprecated and will be removed in the future.
warning | DeprecatedConfig | Using directive.4.suppress which is deprecated and will be removed in the future.
warning | DeprecatedConfig | Using directive.5.suppress which is deprecated and will be removed in the future.
warning | DeprecatedConfig | Using directive.6.suppress which is deprecated and will be removed in the future.
warning | DeprecatedConfig | Using directive.7.suppress which is deprecated and will be removed in the future.
warning | DeprecatedConfig | Using directive.8.suppress which is deprecated and will be removed in the future.
warning | DeprecatedConfig | Using directive.9.suppress which is deprecated and will be removed in the future.
warning | DeprecatedConfig | Using directive.10.suppress which is deprecated and will be removed in the future.
warning | DeprecatedConfig | Using directive.11.suppress which is deprecated and will be removed in the future.
warning | DeprecatedConfig | Using directive.12.suppress which is deprecated and will be removed in the future.
warning | DeprecatedConfig | Using directive.13.suppress which is deprecated and will be removed in the future.
warning | DeprecatedConfig | Using directive.14.suppress which is deprecated and will be removed in the future.
warning | DeprecatedConfig | Using directive.15.suppress which is deprecated and will be removed in the future.
warning | DeprecatedConfig | Using directive.16.suppress which is deprecated and will be removed in the future.
warning | DeprecatedConfig | Using directive.17.suppress which is deprecated and will be removed in the future.
warning | DeprecatedConfig | Using directive.18.suppress which is deprecated and will be removed in the future.
warning | DeprecatedConfig | Using directive.19.suppress which is deprecated and will be removed in the future.
warning | DeprecatedConfig | Using directive.20.suppress which is deprecated and will be removed in the future.
warning | DeprecatedConfig | Using directive.21.suppress which is deprecated and will be removed in the future.
warning | DeprecatedConfig | Using directive.22.suppress which is deprecated and will be removed in the future.
warning | DeprecatedConfig | Using directive.23.suppress which is deprecated and will be removed in the future.
warning | DeprecatedConfig | Using directive.24.suppress which is deprecated and will be removed in the future.
warning | SkippedSemanticValidation | Semantic validation was skipped.
warning | PreCheck/CheckDuplicateSchemas | Checking for duplicate schemas, this could take a (long) while.  Run with --verbose for more detail.
warning | DeprecatedConfig | Using directive.0.suppress which is deprecated and will be removed in the future.
warning | DeprecatedConfig | Using directive.1.suppress which is deprecated and will be removed in the future.
warning | DeprecatedConfig | Using directive.2.suppress which is deprecated and will be removed in the future.
warning | DeprecatedConfig | Using directive.3.suppress which is deprecated and will be removed in the future.
warning | DeprecatedConfig | Using directive.4.suppress which is deprecated and will be removed in the future.
warning | DeprecatedConfig | Using directive.5.suppress which is deprecated and will be removed in the future.
warning | DeprecatedConfig | Using directive.6.suppress which is deprecated and will be removed in the future.
warning | DeprecatedConfig | Using directive.7.suppress which is deprecated and will be removed in the future.
warning | DeprecatedConfig | Using directive.8.suppress which is deprecated and will be removed in the future.
warning | DeprecatedConfig | Using directive.9.suppress which is deprecated and will be removed in the future.
warning | DeprecatedConfig | Using directive.10.suppress which is deprecated and will be removed in the future.
warning | DeprecatedConfig | Using directive.11.suppress which is deprecated and will be removed in the future.
warning | DeprecatedConfig | Using directive.12.suppress which is deprecated and will be removed in the future.
warning | DeprecatedConfig | Using directive.13.suppress which is deprecated and will be removed in the future.
warning | DeprecatedConfig | Using directive.14.suppress which is deprecated and will be removed in the future.
warning | DeprecatedConfig | Using directive.15.suppress which is deprecated and will be removed in the future.
warning | DeprecatedConfig | Using directive.16.suppress which is deprecated and will be removed in the future.
warning | DeprecatedConfig | Using directive.17.suppress which is deprecated and will be removed in the future.
warning | DeprecatedConfig | Using directive.18.suppress which is deprecated and will be removed in the future.
warning | DeprecatedConfig | Using directive.19.suppress which is deprecated and will be removed in the future.
warning | DeprecatedConfig | Using directive.20.suppress which is deprecated and will be removed in the future.
warning | DeprecatedConfig | Using directive.21.suppress which is deprecated and will be removed in the future.
warning | DeprecatedConfig | Using directive.22.suppress which is deprecated and will be removed in the future.
warning | DeprecatedConfig | Using directive.23.suppress which is deprecated and will be removed in the future.
warning | DeprecatedConfig | Using directive.24.suppress which is deprecated and will be removed in the future.
warning | SkippedSemanticValidation | Semantic validation was skipped.
warning | PreCheck/CheckDuplicateSchemas | Checking for duplicate schemas, this could take a (long) while.  Run with --verbose for more detail.
warning | DeprecatedConfig | Using directive.0.suppress which is deprecated and will be removed in the future.
warning | DeprecatedConfig | Using directive.1.suppress which is deprecated and will be removed in the future.
warning | DeprecatedConfig | Using directive.2.suppress which is deprecated and will be removed in the future.
warning | DeprecatedConfig | Using directive.3.suppress which is deprecated and will be removed in the future.
warning | DeprecatedConfig | Using directive.4.suppress which is deprecated and will be removed in the future.
warning | DeprecatedConfig | Using directive.5.suppress which is deprecated and will be removed in the future.
warning | DeprecatedConfig | Using directive.6.suppress which is deprecated and will be removed in the future.
warning | DeprecatedConfig | Using directive.7.suppress which is deprecated and will be removed in the future.
warning | DeprecatedConfig | Using directive.8.suppress which is deprecated and will be removed in the future.
warning | DeprecatedConfig | Using directive.9.suppress which is deprecated and will be removed in the future.
warning | DeprecatedConfig | Using directive.10.suppress which is deprecated and will be removed in the future.
warning | DeprecatedConfig | Using directive.11.suppress which is deprecated and will be removed in the future.
warning | DeprecatedConfig | Using directive.12.suppress which is deprecated and will be removed in the future.
warning | DeprecatedConfig | Using directive.13.suppress which is deprecated and will be removed in the future.
warning | DeprecatedConfig | Using directive.14.suppress which is deprecated and will be removed in the future.
warning | DeprecatedConfig | Using directive.15.suppress which is deprecated and will be removed in the future.
warning | DeprecatedConfig | Using directive.16.suppress which is deprecated and will be removed in the future.
warning | DeprecatedConfig | Using directive.17.suppress which is deprecated and will be removed in the future.
warning | DeprecatedConfig | Using directive.18.suppress which is deprecated and will be removed in the future.
warning | DeprecatedConfig | Using directive.19.suppress which is deprecated and will be removed in the future.
warning | DeprecatedConfig | Using directive.20.suppress which is deprecated and will be removed in the future.
warning | DeprecatedConfig | Using directive.21.suppress which is deprecated and will be removed in the future.
warning | DeprecatedConfig | Using directive.22.suppress which is deprecated and will be removed in the future.
warning | DeprecatedConfig | Using directive.23.suppress which is deprecated and will be removed in the future.
warning | DeprecatedConfig | Using directive.24.suppress which is deprecated and will be removed in the future.
warning | SkippedSemanticValidation | Semantic validation was skipped.
warning | PreCheck/CheckDuplicateSchemas | Checking for duplicate schemas, this could take a (long) while.  Run with --verbose for more detail.
warning | DeprecatedConfig | Using directive.0.suppress which is deprecated and will be removed in the future.
warning | DeprecatedConfig | Using directive.1.suppress which is deprecated and will be removed in the future.
warning | DeprecatedConfig | Using directive.2.suppress which is deprecated and will be removed in the future.
warning | DeprecatedConfig | Using directive.3.suppress which is deprecated and will be removed in the future.
warning | DeprecatedConfig | Using directive.4.suppress which is deprecated and will be removed in the future.
warning | DeprecatedConfig | Using directive.5.suppress which is deprecated and will be removed in the future.
warning | DeprecatedConfig | Using directive.6.suppress which is deprecated and will be removed in the future.
warning | DeprecatedConfig | Using directive.7.suppress which is deprecated and will be removed in the future.
warning | DeprecatedConfig | Using directive.8.suppress which is deprecated and will be removed in the future.
warning | DeprecatedConfig | Using directive.9.suppress which is deprecated and will be removed in the future.
warning | DeprecatedConfig | Using directive.10.suppress which is deprecated and will be removed in the future.
warning | DeprecatedConfig | Using directive.11.suppress which is deprecated and will be removed in the future.
warning | DeprecatedConfig | Using directive.12.suppress which is deprecated and will be removed in the future.
warning | DeprecatedConfig | Using directive.13.suppress which is deprecated and will be removed in the future.
warning | DeprecatedConfig | Using directive.14.suppress which is deprecated and will be removed in the future.
warning | DeprecatedConfig | Using directive.15.suppress which is deprecated and will be removed in the future.
warning | DeprecatedConfig | Using directive.16.suppress which is deprecated and will be removed in the future.
warning | DeprecatedConfig | Using directive.17.suppress which is deprecated and will be removed in the future.
warning | DeprecatedConfig | Using directive.18.suppress which is deprecated and will be removed in the future.
warning | DeprecatedConfig | Using directive.19.suppress which is deprecated and will be removed in the future.
warning | DeprecatedConfig | Using directive.20.suppress which is deprecated and will be removed in the future.
warning | DeprecatedConfig | Using directive.21.suppress which is deprecated and will be removed in the future.
warning | DeprecatedConfig | Using directive.22.suppress which is deprecated and will be removed in the future.
warning | DeprecatedConfig | Using directive.23.suppress which is deprecated and will be removed in the future.
warning | DeprecatedConfig | Using directive.24.suppress which is deprecated and will be removed in the future.
warning | SkippedSemanticValidation | Semantic validation was skipped.
warning | PreCheck/CheckDuplicateSchemas | Checking for duplicate schemas, this could take a (long) while.  Run with --verbose for more detail.
warning | DeprecatedConfig | Using directive.0.suppress which is deprecated and will be removed in the future.
warning | DeprecatedConfig | Using directive.1.suppress which is deprecated and will be removed in the future.
warning | DeprecatedConfig | Using directive.2.suppress which is deprecated and will be removed in the future.
warning | DeprecatedConfig | Using directive.3.suppress which is deprecated and will be removed in the future.
warning | DeprecatedConfig | Using directive.4.suppress which is deprecated and will be removed in the future.
warning | DeprecatedConfig | Using directive.5.suppress which is deprecated and will be removed in the future.
warning | DeprecatedConfig | Using directive.6.suppress which is deprecated and will be removed in the future.
warning | DeprecatedConfig | Using directive.7.suppress which is deprecated and will be removed in the future.
warning | DeprecatedConfig | Using directive.8.suppress which is deprecated and will be removed in the future.
warning | DeprecatedConfig | Using directive.9.suppress which is deprecated and will be removed in the future.
warning | DeprecatedConfig | Using directive.10.suppress which is deprecated and will be removed in the future.
warning | DeprecatedConfig | Using directive.11.suppress which is deprecated and will be removed in the future.
warning | DeprecatedConfig | Using directive.12.suppress which is deprecated and will be removed in the future.
warning | DeprecatedConfig | Using directive.13.suppress which is deprecated and will be removed in the future.
warning | DeprecatedConfig | Using directive.14.suppress which is deprecated and will be removed in the future.
warning | DeprecatedConfig | Using directive.15.suppress which is deprecated and will be removed in the future.
warning | DeprecatedConfig | Using directive.16.suppress which is deprecated and will be removed in the future.
warning | DeprecatedConfig | Using directive.17.suppress which is deprecated and will be removed in the future.
warning | DeprecatedConfig | Using directive.18.suppress which is deprecated and will be removed in the future.
warning | DeprecatedConfig | Using directive.19.suppress which is deprecated and will be removed in the future.
warning | DeprecatedConfig | Using directive.20.suppress which is deprecated and will be removed in the future.
warning | DeprecatedConfig | Using directive.21.suppress which is deprecated and will be removed in the future.
warning | DeprecatedConfig | Using directive.22.suppress which is deprecated and will be removed in the future.
warning | DeprecatedConfig | Using directive.23.suppress which is deprecated and will be removed in the future.
warning | DeprecatedConfig | Using directive.24.suppress which is deprecated and will be removed in the future.
warning | SkippedSemanticValidation | Semantic validation was skipped.
warning | PreCheck/CheckDuplicateSchemas | Checking for duplicate schemas, this could take a (long) while.  Run with --verbose for more detail.
warning | DeprecatedConfig | Using directive.0.suppress which is deprecated and will be removed in the future.
warning | DeprecatedConfig | Using directive.1.suppress which is deprecated and will be removed in the future.
warning | DeprecatedConfig | Using directive.2.suppress which is deprecated and will be removed in the future.
warning | DeprecatedConfig | Using directive.3.suppress which is deprecated and will be removed in the future.
warning | DeprecatedConfig | Using directive.4.suppress which is deprecated and will be removed in the future.
warning | DeprecatedConfig | Using directive.5.suppress which is deprecated and will be removed in the future.
warning | DeprecatedConfig | Using directive.6.suppress which is deprecated and will be removed in the future.
warning | DeprecatedConfig | Using directive.7.suppress which is deprecated and will be removed in the future.
warning | DeprecatedConfig | Using directive.8.suppress which is deprecated and will be removed in the future.
warning | DeprecatedConfig | Using directive.9.suppress which is deprecated and will be removed in the future.
warning | DeprecatedConfig | Using directive.10.suppress which is deprecated and will be removed in the future.
warning | DeprecatedConfig | Using directive.11.suppress which is deprecated and will be removed in the future.
warning | DeprecatedConfig | Using directive.12.suppress which is deprecated and will be removed in the future.
warning | DeprecatedConfig | Using directive.13.suppress which is deprecated and will be removed in the future.
warning | DeprecatedConfig | Using directive.14.suppress which is deprecated and will be removed in the future.
warning | DeprecatedConfig | Using directive.15.suppress which is deprecated and will be removed in the future.
warning | DeprecatedConfig | Using directive.16.suppress which is deprecated and will be removed in the future.
warning | DeprecatedConfig | Using directive.17.suppress which is deprecated and will be removed in the future.
warning | DeprecatedConfig | Using directive.18.suppress which is deprecated and will be removed in the future.
warning | DeprecatedConfig | Using directive.19.suppress which is deprecated and will be removed in the future.
warning | DeprecatedConfig | Using directive.20.suppress which is deprecated and will be removed in the future.
warning | DeprecatedConfig | Using directive.21.suppress which is deprecated and will be removed in the future.
warning | DeprecatedConfig | Using directive.22.suppress which is deprecated and will be removed in the future.
warning | DeprecatedConfig | Using directive.23.suppress which is deprecated and will be removed in the future.
warning | DeprecatedConfig | Using directive.24.suppress which is deprecated and will be removed in the future.
warning | SkippedSemanticValidation | Semantic validation was skipped.
warning | PreCheck/CheckDuplicateSchemas | Checking for duplicate schemas, this could take a (long) while.  Run with --verbose for more detail.
warning | DeprecatedConfig | Using directive.0.suppress which is deprecated and will be removed in the future.
warning | DeprecatedConfig | Using directive.1.suppress which is deprecated and will be removed in the future.
warning | DeprecatedConfig | Using directive.2.suppress which is deprecated and will be removed in the future.
warning | DeprecatedConfig | Using directive.3.suppress which is deprecated and will be removed in the future.
warning | DeprecatedConfig | Using directive.4.suppress which is deprecated and will be removed in the future.
warning | DeprecatedConfig | Using directive.5.suppress which is deprecated and will be removed in the future.
warning | DeprecatedConfig | Using directive.6.suppress which is deprecated and will be removed in the future.
warning | DeprecatedConfig | Using directive.7.suppress which is deprecated and will be removed in the future.
warning | DeprecatedConfig | Using directive.8.suppress which is deprecated and will be removed in the future.
warning | DeprecatedConfig | Using directive.9.suppress which is deprecated and will be removed in the future.
warning | DeprecatedConfig | Using directive.10.suppress which is deprecated and will be removed in the future.
warning | DeprecatedConfig | Using directive.11.suppress which is deprecated and will be removed in the future.
warning | DeprecatedConfig | Using directive.12.suppress which is deprecated and will be removed in the future.
warning | DeprecatedConfig | Using directive.13.suppress which is deprecated and will be removed in the future.
warning | DeprecatedConfig | Using directive.14.suppress which is deprecated and will be removed in the future.
warning | DeprecatedConfig | Using directive.15.suppress which is deprecated and will be removed in the future.
warning | DeprecatedConfig | Using directive.16.suppress which is deprecated and will be removed in the future.
warning | DeprecatedConfig | Using directive.17.suppress which is deprecated and will be removed in the future.
warning | DeprecatedConfig | Using directive.18.suppress which is deprecated and will be removed in the future.
warning | DeprecatedConfig | Using directive.19.suppress which is deprecated and will be removed in the future.
warning | DeprecatedConfig | Using directive.20.suppress which is deprecated and will be removed in the future.
warning | DeprecatedConfig | Using directive.21.suppress which is deprecated and will be removed in the future.
warning | DeprecatedConfig | Using directive.22.suppress which is deprecated and will be removed in the future.
warning | DeprecatedConfig | Using directive.23.suppress which is deprecated and will be removed in the future.
warning | DeprecatedConfig | Using directive.24.suppress which is deprecated and will be removed in the future.
warning | SkippedSemanticValidation | Semantic validation was skipped.
warning | PreCheck/CheckDuplicateSchemas | Checking for duplicate schemas, this could take a (long) while.  Run with --verbose for more detail.
warning | DeprecatedConfig | Using directive.0.suppress which is deprecated and will be removed in the future.
warning | DeprecatedConfig | Using directive.1.suppress which is deprecated and will be removed in the future.
warning | DeprecatedConfig | Using directive.2.suppress which is deprecated and will be removed in the future.
warning | DeprecatedConfig | Using directive.3.suppress which is deprecated and will be removed in the future.
warning | DeprecatedConfig | Using directive.4.suppress which is deprecated and will be removed in the future.
warning | DeprecatedConfig | Using directive.5.suppress which is deprecated and will be removed in the future.
warning | DeprecatedConfig | Using directive.6.suppress which is deprecated and will be removed in the future.
warning | DeprecatedConfig | Using directive.7.suppress which is deprecated and will be removed in the future.
warning | DeprecatedConfig | Using directive.8.suppress which is deprecated and will be removed in the future.
warning | DeprecatedConfig | Using directive.9.suppress which is deprecated and will be removed in the future.
warning | DeprecatedConfig | Using directive.10.suppress which is deprecated and will be removed in the future.
warning | DeprecatedConfig | Using directive.11.suppress which is deprecated and will be removed in the future.
warning | DeprecatedConfig | Using directive.12.suppress which is deprecated and will be removed in the future.
warning | DeprecatedConfig | Using directive.13.suppress which is deprecated and will be removed in the future.
warning | DeprecatedConfig | Using directive.14.suppress which is deprecated and will be removed in the future.
warning | DeprecatedConfig | Using directive.15.suppress which is deprecated and will be removed in the future.
warning | DeprecatedConfig | Using directive.16.suppress which is deprecated and will be removed in the future.
warning | DeprecatedConfig | Using directive.17.suppress which is deprecated and will be removed in the future.
warning | DeprecatedConfig | Using directive.18.suppress which is deprecated and will be removed in the future.
warning | DeprecatedConfig | Using directive.19.suppress which is deprecated and will be removed in the future.
warning | DeprecatedConfig | Using directive.20.suppress which is deprecated and will be removed in the future.
warning | DeprecatedConfig | Using directive.21.suppress which is deprecated and will be removed in the future.
warning | DeprecatedConfig | Using directive.22.suppress which is deprecated and will be removed in the future.
warning | DeprecatedConfig | Using directive.23.suppress which is deprecated and will be removed in the future.
warning | DeprecatedConfig | Using directive.24.suppress which is deprecated and will be removed in the future.
warning | SkippedSemanticValidation | Semantic validation was skipped.
warning | PreCheck/CheckDuplicateSchemas | Checking for duplicate schemas, this could take a (long) while.  Run with --verbose for more detail.
warning | DeprecatedConfig | Using directive.0.suppress which is deprecated and will be removed in the future.
warning | DeprecatedConfig | Using directive.1.suppress which is deprecated and will be removed in the future.
warning | DeprecatedConfig | Using directive.2.suppress which is deprecated and will be removed in the future.
warning | DeprecatedConfig | Using directive.3.suppress which is deprecated and will be removed in the future.
warning | DeprecatedConfig | Using directive.4.suppress which is deprecated and will be removed in the future.
warning | DeprecatedConfig | Using directive.5.suppress which is deprecated and will be removed in the future.
warning | DeprecatedConfig | Using directive.6.suppress which is deprecated and will be removed in the future.
warning | DeprecatedConfig | Using directive.7.suppress which is deprecated and will be removed in the future.
warning | DeprecatedConfig | Using directive.8.suppress which is deprecated and will be removed in the future.
warning | DeprecatedConfig | Using directive.9.suppress which is deprecated and will be removed in the future.
warning | DeprecatedConfig | Using directive.10.suppress which is deprecated and will be removed in the future.
warning | DeprecatedConfig | Using directive.11.suppress which is deprecated and will be removed in the future.
warning | DeprecatedConfig | Using directive.12.suppress which is deprecated and will be removed in the future.
warning | DeprecatedConfig | Using directive.13.suppress which is deprecated and will be removed in the future.
warning | DeprecatedConfig | Using directive.14.suppress which is deprecated and will be removed in the future.
warning | DeprecatedConfig | Using directive.15.suppress which is deprecated and will be removed in the future.
warning | DeprecatedConfig | Using directive.16.suppress which is deprecated and will be removed in the future.
warning | DeprecatedConfig | Using directive.17.suppress which is deprecated and will be removed in the future.
warning | DeprecatedConfig | Using directive.18.suppress which is deprecated and will be removed in the future.
warning | DeprecatedConfig | Using directive.19.suppress which is deprecated and will be removed in the future.
warning | DeprecatedConfig | Using directive.20.suppress which is deprecated and will be removed in the future.
warning | DeprecatedConfig | Using directive.21.suppress which is deprecated and will be removed in the future.
warning | DeprecatedConfig | Using directive.22.suppress which is deprecated and will be removed in the future.
warning | DeprecatedConfig | Using directive.23.suppress which is deprecated and will be removed in the future.
warning | DeprecatedConfig | Using directive.24.suppress which is deprecated and will be removed in the future.
warning | SkippedSemanticValidation | Semantic validation was skipped.
warning | PreCheck/CheckDuplicateSchemas | Checking for duplicate schemas, this could take a (long) while.  Run with --verbose for more detail.
warning | DeprecatedConfig | Using directive.0.suppress which is deprecated and will be removed in the future.
warning | DeprecatedConfig | Using directive.1.suppress which is deprecated and will be removed in the future.
warning | DeprecatedConfig | Using directive.2.suppress which is deprecated and will be removed in the future.
warning | DeprecatedConfig | Using directive.3.suppress which is deprecated and will be removed in the future.
warning | DeprecatedConfig | Using directive.4.suppress which is deprecated and will be removed in the future.
warning | DeprecatedConfig | Using directive.5.suppress which is deprecated and will be removed in the future.
warning | DeprecatedConfig | Using directive.6.suppress which is deprecated and will be removed in the future.
warning | DeprecatedConfig | Using directive.7.suppress which is deprecated and will be removed in the future.
warning | DeprecatedConfig | Using directive.8.suppress which is deprecated and will be removed in the future.
warning | DeprecatedConfig | Using directive.9.suppress which is deprecated and will be removed in the future.
warning | DeprecatedConfig | Using directive.10.suppress which is deprecated and will be removed in the future.
warning | DeprecatedConfig | Using directive.11.suppress which is deprecated and will be removed in the future.
warning | DeprecatedConfig | Using directive.12.suppress which is deprecated and will be removed in the future.
warning | DeprecatedConfig | Using directive.13.suppress which is deprecated and will be removed in the future.
warning | DeprecatedConfig | Using directive.14.suppress which is deprecated and will be removed in the future.
warning | DeprecatedConfig | Using directive.15.suppress which is deprecated and will be removed in the future.
warning | DeprecatedConfig | Using directive.16.suppress which is deprecated and will be removed in the future.
warning | DeprecatedConfig | Using directive.17.suppress which is deprecated and will be removed in the future.
warning | DeprecatedConfig | Using directive.18.suppress which is deprecated and will be removed in the future.
warning | DeprecatedConfig | Using directive.19.suppress which is deprecated and will be removed in the future.
warning | DeprecatedConfig | Using directive.20.suppress which is deprecated and will be removed in the future.
warning | DeprecatedConfig | Using directive.21.suppress which is deprecated and will be removed in the future.
warning | DeprecatedConfig | Using directive.22.suppress which is deprecated and will be removed in the future.
warning | DeprecatedConfig | Using directive.23.suppress which is deprecated and will be removed in the future.
warning | DeprecatedConfig | Using directive.24.suppress which is deprecated and will be removed in the future.
warning | SkippedSemanticValidation | Semantic validation was skipped.
warning | PreCheck/CheckDuplicateSchemas | Checking for duplicate schemas, this could take a (long) while.  Run with --verbose for more detail.
