Executing: autorest --use=/home/runner/work/bicep-types-az/bicep-types-az/src/autorest.bicep --bicep --output-folder=/tmp/_bcp_1625795651387/providerhub --multiapi --title=none --skip-semantics-validation /home/runner/work/bicep-types-az/bicep-types-az/workflow-temp/azure-rest-api-specs/specification/providerhub/resource-manager/readme.md --debug --verbose
AutoRest code generation utility [cli version: 3.2.1; node: v14.17.1, max-memory: 4096 MB]
(C) 2018 Microsoft Corporation.
https://aka.ms/autorest
No configuration found at 'file:///home/runner/work/bicep-types-az/bicep-types-az/src/generator/src/cmd/'.
> Including configuration file 'file:///home/runner/work/bicep-types-az/bicep-types-az/src/generator/node_modules/autorest/dist/resources/default-configuration.md'
> Including configuration file 'file:///home/runner/work/bicep-types-az/bicep-types-az/src/generator/node_modules/autorest/dist/resources/inspect.md'
> Including configuration file 'file:///home/runner/work/bicep-types-az/bicep-types-az/src/generator/node_modules/autorest/dist/resources/directives.md'
> Including configuration file 'file:///home/runner/work/bicep-types-az/bicep-types-az/src/generator/node_modules/autorest/dist/resources/pipeline.md'
> Including configuration file 'file:///home/runner/work/bicep-types-az/bicep-types-az/src/generator/node_modules/autorest/dist/resources/loader-openapi.md'
> Including configuration file 'file:///home/runner/work/bicep-types-az/bicep-types-az/src/generator/node_modules/autorest/dist/resources/miscellaneous.md'
> Including configuration file 'file:///home/runner/work/bicep-types-az/bicep-types-az/src/generator/node_modules/autorest/dist/resources/plugin-powershell.md'
> Including configuration file 'file:///home/runner/work/bicep-types-az/bicep-types-az/src/generator/node_modules/autorest/dist/resources/plugin-azureresourceschema.md'
> Including configuration file 'file:///home/runner/work/bicep-types-az/bicep-types-az/src/generator/node_modules/autorest/dist/resources/plugin-csharp.md'
> Including configuration file 'file:///home/runner/work/bicep-types-az/bicep-types-az/src/generator/node_modules/autorest/dist/resources/plugin-go.md'
> Including configuration file 'file:///home/runner/work/bicep-types-az/bicep-types-az/src/generator/node_modules/autorest/dist/resources/plugin-java.md'
> Including configuration file 'file:///home/runner/work/bicep-types-az/bicep-types-az/src/generator/node_modules/autorest/dist/resources/plugin-nodejs.md'
> Including configuration file 'file:///home/runner/work/bicep-types-az/bicep-types-az/src/generator/node_modules/autorest/dist/resources/plugin-php.md'
> Including configuration file 'file:///home/runner/work/bicep-types-az/bicep-types-az/src/generator/node_modules/autorest/dist/resources/plugin-python.md'
> Including configuration file 'file:///home/runner/work/bicep-types-az/bicep-types-az/src/generator/node_modules/autorest/dist/resources/plugin-ruby.md'
> Including configuration file 'file:///home/runner/work/bicep-types-az/bicep-types-az/src/generator/node_modules/autorest/dist/resources/plugin-typescript.md'
> Including configuration file 'file:///home/runner/work/bicep-types-az/bicep-types-az/src/generator/node_modules/autorest/dist/resources/plugin-validators.md'
> Including configuration file 'file:///home/runner/work/bicep-types-az/bicep-types-az/src/generator/node_modules/autorest/dist/resources/plugin-az.md'
> Including configuration file 'file:///home/runner/work/bicep-types-az/bicep-types-az/src/generator/node_modules/autorest/dist/resources/plugin-terraform.md'
> Including configuration file 'file:///home/runner/work/bicep-types-az/bicep-types-az/src/generator/node_modules/autorest/dist/resources/plugin-azure-functions.md'
> Including configuration file 'file:///home/runner/work/bicep-types-az/bicep-types-az/src/generator/node_modules/autorest/dist/resources/graphs.md'
> Including configuration file 'file:///home/runner/work/bicep-types-az/bicep-types-az/src/generator/node_modules/autorest/dist/resources/help-configuration.md'
> Loading local AutoRest extension '@autorest/bicep' (/home/runner/work/bicep-types-az/bicep-types-az/src/autorest.bicep)
> Including extension configuration file 'file:///home/runner/work/bicep-types-az/bicep-types-az/src/autorest.bicep/README.md'
> Including configuration file 'file:///home/runner/work/bicep-types-az/bicep-types-az/src/autorest.bicep/README.md'
> Loading AutoRest extension '@autorest/modelerfour' (https://tinyurl.com/yhlkz69y->4.20.0-ci.b8e3f92c0)
> Including extension configuration file 'file:///home/runner/.autorest/@autorest_modelerfour@4.20.0-ci.b8e3f92c0/node_modules/@autorest/modelerfour/readme.md'
> Including configuration file 'file:///home/runner/.autorest/@autorest_modelerfour@4.20.0-ci.b8e3f92c0/node_modules/@autorest/modelerfour/readme.md'
NOTE: AutoRest core version selected from configuration: https://tinyurl.com/yfjyy27f.
Network Enabled: true

There is a new version of AutoRest available (3.2.3).
 > You can install the newer version with with npm install -g autorest@latest

Starting @autorest/core from /home/runner/.autorest/@autorest_core@3.5.0-ci.b8e3f92c0/node_modules/@autorest/core
   Loading AutoRest core      '/home/runner/.autorest/@autorest_core@3.5.0-ci.b8e3f92c0/node_modules/@autorest/core/dist' (3.5.0-ci.b8e3f92c0)
VERBOSE [0.7 s]: > Including configuration file 'file:///home/runner/work/bicep-types-az/bicep-types-az/workflow-temp/azure-rest-api-specs/specification/providerhub/resource-manager/readme.bicep.md'
VERBOSE [0.72 s]: > Initial configuration file 'file:///home/runner/work/bicep-types-az/bicep-types-az/workflow-temp/azure-rest-api-specs/specification/providerhub/resource-manager/readme.md'
VERBOSE [0.72 s]: > Including configuration file 'file:///home/runner/work/bicep-types-az/bicep-types-az/workflow-temp/azure-rest-api-specs/specification/providerhub/resource-manager/readme.md'
VERBOSE [0.73 s]: > Including configuration file 'file:///home/runner/.autorest/@autorest_core@3.5.0-ci.b8e3f92c0/node_modules/@autorest/core/dist/resources/default-configuration.md'
VERBOSE [0.74 s]: > Including configuration file 'file:///home/runner/.autorest/@autorest_core@3.5.0-ci.b8e3f92c0/node_modules/@autorest/core/dist/resources/inspect.md'
VERBOSE [0.76 s]: > Including configuration file 'file:///home/runner/.autorest/@autorest_core@3.5.0-ci.b8e3f92c0/node_modules/@autorest/core/dist/resources/directives.md'
VERBOSE [0.77 s]: > Including configuration file 'file:///home/runner/.autorest/@autorest_core@3.5.0-ci.b8e3f92c0/node_modules/@autorest/core/dist/resources/pipeline.md'
VERBOSE [0.79 s]: > Including configuration file 'file:///home/runner/.autorest/@autorest_core@3.5.0-ci.b8e3f92c0/node_modules/@autorest/core/dist/resources/loader-openapi.md'
VERBOSE [0.81 s]: > Including configuration file 'file:///home/runner/.autorest/@autorest_core@3.5.0-ci.b8e3f92c0/node_modules/@autorest/core/dist/resources/miscellaneous.md'
VERBOSE [0.82 s]: > Including configuration file 'file:///home/runner/.autorest/@autorest_core@3.5.0-ci.b8e3f92c0/node_modules/@autorest/core/dist/resources/plugin-powershell.md'
VERBOSE [0.84 s]: > Including configuration file 'file:///home/runner/.autorest/@autorest_core@3.5.0-ci.b8e3f92c0/node_modules/@autorest/core/dist/resources/plugin-azureresourceschema.md'
VERBOSE [0.86 s]: > Including configuration file 'file:///home/runner/.autorest/@autorest_core@3.5.0-ci.b8e3f92c0/node_modules/@autorest/core/dist/resources/plugin-csharp.md'
VERBOSE [0.88 s]: > Including configuration file 'file:///home/runner/.autorest/@autorest_core@3.5.0-ci.b8e3f92c0/node_modules/@autorest/core/dist/resources/plugin-go.md'
VERBOSE [0.89 s]: > Including configuration file 'file:///home/runner/.autorest/@autorest_core@3.5.0-ci.b8e3f92c0/node_modules/@autorest/core/dist/resources/plugin-java.md'
VERBOSE [0.9 s]: > Including configuration file 'file:///home/runner/.autorest/@autorest_core@3.5.0-ci.b8e3f92c0/node_modules/@autorest/core/dist/resources/plugin-nodejs.md'
VERBOSE [0.92 s]: > Including configuration file 'file:///home/runner/.autorest/@autorest_core@3.5.0-ci.b8e3f92c0/node_modules/@autorest/core/dist/resources/plugin-php.md'
VERBOSE [0.94 s]: > Including configuration file 'file:///home/runner/.autorest/@autorest_core@3.5.0-ci.b8e3f92c0/node_modules/@autorest/core/dist/resources/plugin-python.md'
VERBOSE [0.96 s]: > Including configuration file 'file:///home/runner/.autorest/@autorest_core@3.5.0-ci.b8e3f92c0/node_modules/@autorest/core/dist/resources/plugin-ruby.md'
VERBOSE [0.98 s]: > Including configuration file 'file:///home/runner/.autorest/@autorest_core@3.5.0-ci.b8e3f92c0/node_modules/@autorest/core/dist/resources/plugin-typescript.md'
VERBOSE [1 s]: > Including configuration file 'file:///home/runner/.autorest/@autorest_core@3.5.0-ci.b8e3f92c0/node_modules/@autorest/core/dist/resources/plugin-validators.md'
VERBOSE [1.03 s]: > Including configuration file 'file:///home/runner/.autorest/@autorest_core@3.5.0-ci.b8e3f92c0/node_modules/@autorest/core/dist/resources/plugin-az.md'
VERBOSE [1.04 s]: > Including configuration file 'file:///home/runner/.autorest/@autorest_core@3.5.0-ci.b8e3f92c0/node_modules/@autorest/core/dist/resources/plugin-terraform.md'
VERBOSE [1.07 s]: > Including configuration file 'file:///home/runner/.autorest/@autorest_core@3.5.0-ci.b8e3f92c0/node_modules/@autorest/core/dist/resources/plugin-azure-functions.md'
VERBOSE [1.09 s]: > Including configuration file 'file:///home/runner/.autorest/@autorest_core@3.5.0-ci.b8e3f92c0/node_modules/@autorest/core/dist/resources/graphs.md'
VERBOSE [1.11 s]: > Including configuration file 'file:///home/runner/.autorest/@autorest_core@3.5.0-ci.b8e3f92c0/node_modules/@autorest/core/dist/resources/help-configuration.md'
INFORMATION: > Loading local AutoRest extension '@autorest/bicep' (/home/runner/work/bicep-types-az/bicep-types-az/src/autorest.bicep)
VERBOSE [1.18 s]: > Including extension configuration file 'file:///home/runner/work/bicep-types-az/bicep-types-az/src/autorest.bicep/README.md'
VERBOSE [1.19 s]: > Including configuration file 'file:///home/runner/work/bicep-types-az/bicep-types-az/src/autorest.bicep/README.md'
INFORMATION: > Loading AutoRest extension '@autorest/modelerfour' (https://tinyurl.com/yhlkz69y->4.20.0-ci.b8e3f92c0)
VERBOSE [1.87 s]: > Including extension configuration file 'file:///home/runner/.autorest/@autorest_modelerfour@4.20.0-ci.b8e3f92c0/node_modules/@autorest/modelerfour/readme.md'
VERBOSE [1.87 s]: > Including configuration file 'file:///home/runner/.autorest/@autorest_modelerfour@4.20.0-ci.b8e3f92c0/node_modules/@autorest/modelerfour/readme.md'
Processing batch task - {"tag":"microsoft.providerhub-2021-05-01-preview"} .
VERBOSE [2.1 s]: > Including configuration file 'file:///home/runner/work/bicep-types-az/bicep-types-az/workflow-temp/azure-rest-api-specs/specification/providerhub/resource-manager/readme.bicep.md'
VERBOSE [2.1 s]: > Initial configuration file 'file:///home/runner/work/bicep-types-az/bicep-types-az/workflow-temp/azure-rest-api-specs/specification/providerhub/resource-manager/readme.md'
VERBOSE [2.1 s]: > Including configuration file 'file:///home/runner/work/bicep-types-az/bicep-types-az/workflow-temp/azure-rest-api-specs/specification/providerhub/resource-manager/readme.md'
VERBOSE [2.11 s]: > Including configuration file 'file:///home/runner/.autorest/@autorest_core@3.5.0-ci.b8e3f92c0/node_modules/@autorest/core/dist/resources/default-configuration.md'
VERBOSE [2.12 s]: > Including configuration file 'file:///home/runner/.autorest/@autorest_core@3.5.0-ci.b8e3f92c0/node_modules/@autorest/core/dist/resources/inspect.md'
VERBOSE [2.13 s]: > Including configuration file 'file:///home/runner/.autorest/@autorest_core@3.5.0-ci.b8e3f92c0/node_modules/@autorest/core/dist/resources/directives.md'
VERBOSE [2.14 s]: > Including configuration file 'file:///home/runner/.autorest/@autorest_core@3.5.0-ci.b8e3f92c0/node_modules/@autorest/core/dist/resources/pipeline.md'
VERBOSE [2.15 s]: > Including configuration file 'file:///home/runner/.autorest/@autorest_core@3.5.0-ci.b8e3f92c0/node_modules/@autorest/core/dist/resources/loader-openapi.md'
VERBOSE [2.17 s]: > Including configuration file 'file:///home/runner/.autorest/@autorest_core@3.5.0-ci.b8e3f92c0/node_modules/@autorest/core/dist/resources/miscellaneous.md'
VERBOSE [2.18 s]: > Including configuration file 'file:///home/runner/.autorest/@autorest_core@3.5.0-ci.b8e3f92c0/node_modules/@autorest/core/dist/resources/plugin-powershell.md'
VERBOSE [2.19 s]: > Including configuration file 'file:///home/runner/.autorest/@autorest_core@3.5.0-ci.b8e3f92c0/node_modules/@autorest/core/dist/resources/plugin-azureresourceschema.md'
VERBOSE [2.2 s]: > Including configuration file 'file:///home/runner/.autorest/@autorest_core@3.5.0-ci.b8e3f92c0/node_modules/@autorest/core/dist/resources/plugin-csharp.md'
VERBOSE [2.22 s]: > Including configuration file 'file:///home/runner/.autorest/@autorest_core@3.5.0-ci.b8e3f92c0/node_modules/@autorest/core/dist/resources/plugin-go.md'
VERBOSE [2.23 s]: > Including configuration file 'file:///home/runner/.autorest/@autorest_core@3.5.0-ci.b8e3f92c0/node_modules/@autorest/core/dist/resources/plugin-java.md'
VERBOSE [2.24 s]: > Including configuration file 'file:///home/runner/.autorest/@autorest_core@3.5.0-ci.b8e3f92c0/node_modules/@autorest/core/dist/resources/plugin-nodejs.md'
VERBOSE [2.26 s]: > Including configuration file 'file:///home/runner/.autorest/@autorest_core@3.5.0-ci.b8e3f92c0/node_modules/@autorest/core/dist/resources/plugin-php.md'
VERBOSE [2.27 s]: > Including configuration file 'file:///home/runner/.autorest/@autorest_core@3.5.0-ci.b8e3f92c0/node_modules/@autorest/core/dist/resources/plugin-python.md'
VERBOSE [2.29 s]: > Including configuration file 'file:///home/runner/.autorest/@autorest_core@3.5.0-ci.b8e3f92c0/node_modules/@autorest/core/dist/resources/plugin-ruby.md'
VERBOSE [2.31 s]: > Including configuration file 'file:///home/runner/.autorest/@autorest_core@3.5.0-ci.b8e3f92c0/node_modules/@autorest/core/dist/resources/plugin-typescript.md'
VERBOSE [2.32 s]: > Including configuration file 'file:///home/runner/.autorest/@autorest_core@3.5.0-ci.b8e3f92c0/node_modules/@autorest/core/dist/resources/plugin-validators.md'
VERBOSE [2.34 s]: > Including configuration file 'file:///home/runner/.autorest/@autorest_core@3.5.0-ci.b8e3f92c0/node_modules/@autorest/core/dist/resources/plugin-az.md'
VERBOSE [2.36 s]: > Including configuration file 'file:///home/runner/.autorest/@autorest_core@3.5.0-ci.b8e3f92c0/node_modules/@autorest/core/dist/resources/plugin-terraform.md'
VERBOSE [2.38 s]: > Including configuration file 'file:///home/runner/.autorest/@autorest_core@3.5.0-ci.b8e3f92c0/node_modules/@autorest/core/dist/resources/plugin-azure-functions.md'
VERBOSE [2.4 s]: > Including configuration file 'file:///home/runner/.autorest/@autorest_core@3.5.0-ci.b8e3f92c0/node_modules/@autorest/core/dist/resources/graphs.md'
VERBOSE [2.42 s]: > Including configuration file 'file:///home/runner/.autorest/@autorest_core@3.5.0-ci.b8e3f92c0/node_modules/@autorest/core/dist/resources/help-configuration.md'
INFORMATION: > Loading local AutoRest extension '@autorest/bicep' (/home/runner/work/bicep-types-az/bicep-types-az/src/autorest.bicep)
VERBOSE [2.48 s]: > Including extension configuration file 'file:///home/runner/work/bicep-types-az/bicep-types-az/src/autorest.bicep/README.md'
VERBOSE [2.48 s]: > Including configuration file 'file:///home/runner/work/bicep-types-az/bicep-types-az/src/autorest.bicep/README.md'
INFORMATION: > Loading AutoRest extension '@autorest/modelerfour' (https://tinyurl.com/yhlkz69y->4.20.0-ci.b8e3f92c0)
VERBOSE [3.04 s]: > Including extension configuration file 'file:///home/runner/.autorest/@autorest_modelerfour@4.20.0-ci.b8e3f92c0/node_modules/@autorest/modelerfour/readme.md'
VERBOSE [3.04 s]: > Including configuration file 'file:///home/runner/.autorest/@autorest_modelerfour@4.20.0-ci.b8e3f92c0/node_modules/@autorest/modelerfour/readme.md'
DEBUG [3.65 s]: swagger-document/loader-swagger - START inputs = 0
DEBUG [3.65 s]: openapi-document/loader-openapi - START inputs = 0
DEBUG [3.65 s]: pipeline-emitter - START inputs = 0
DEBUG [3.65 s]: configuration-emitter - START inputs = 0
DEBUG [3.65 s]: pipeline-emitter - END [0.05 s][82 MB]
DEBUG [3.65 s]: configuration-emitter - END [0.05 s][82 MB]
VERBOSE [3.71 s]: Reading OpenAPI 2.0 file file:///home/runner/work/bicep-types-az/bicep-types-az/workflow-temp/azure-rest-api-specs/specification/providerhub/resource-manager/Microsoft.ProviderHub/preview/2021-05-01-preview/providerhub.json
DEBUG [3.71 s]: openapi-document/loader-openapi - END [0.11 s][97 MB]
VERBOSE [3.92 s]: Reading $ref'd file file:///home/runner/work/bicep-types-az/bicep-types-az/workflow-temp/azure-rest-api-specs/specification/common-types/resource-management/v2/types.json
DEBUG [3.92 s]: openapi-document/individual/transform - SKIPPING
DEBUG [3.92 s]: openapi-document/individual/schema-validator-openapi - SKIPPING
DEBUG [3.92 s]: openapi-document/individual/identity - SKIPPING
DEBUG [4.08 s]: swagger-document/loader-swagger - END [0.48 s][111 MB]
DEBUG [4.08 s]: swagger-document/individual/transform - START inputs = 2
DEBUG [4.33 s]: swagger-document/individual/transform - END [0.25 s][129 MB]
DEBUG [4.34 s]: swagger-document/individual/schema-validator-swagger - START inputs = 2
DEBUG [4.63 s]: swagger-document/individual/schema-validator-swagger - END [0.29 s][127 MB]
DEBUG [4.64 s]: swagger-document/identity - START inputs = 2
DEBUG [4.65 s]: swagger-document/individual/identity - START inputs = 2
DEBUG [4.65 s]: swagger-document/identity - END [0 s][127 MB]
DEBUG [4.65 s]: swagger-document/individual/identity - END [0 s][127 MB]
DEBUG [4.65 s]: openapi-document/openapi-document-converter - START inputs = 2
DEBUG [4.88 s]: openapi-document/openapi-document-converter - END [0.23 s][91 MB]
DEBUG [4.88 s]: openapi-document/transform - START inputs = 2
DEBUG [4.9 s]: openapi-document/transform - END [0.02 s][92 MB]
DEBUG [4.9 s]: openapi-document/semantic-validator - START inputs = 2
WARNING: Semantic validation was skipped.
DEBUG [4.9 s]: openapi-document/semantic-validator - END [0 s][92 MB]
DEBUG [4.9 s]: openapi-document/allof-cleaner - START inputs = 2
DEBUG [4.92 s]: openapi-document/allof-cleaner - END [0.01 s][95 MB]
DEBUG [4.92 s]: openapi-document/tree-shaker - START inputs = 2
DEBUG [5.19 s]: openapi-document/tree-shaker - END [0.27 s][100 MB]
DEBUG [5.19 s]: openapi-document/multi-api-merger - START inputs = 2
DEBUG [5.47 s]: openapi-document/multi-api-merger - END [0.27 s][137 MB]
DEBUG [5.47 s]: openapi-document/components-cleaner - START inputs = 1
DEBUG [5.84 s]: openapi-document/components-cleaner - END [0.36 s][143 MB]
DEBUG [5.84 s]: openapi-document/component-modifiers - START inputs = 1
DEBUG [5.9 s]: openapi-document/component-modifiers - END [0.06 s][152 MB]
DEBUG [5.9 s]: openapi-document/api-version-parameter-handler - START inputs = 1
DEBUG [5.9 s]: openapi-document/api-version-parameter-handler - END [0 s][152 MB]
DEBUG [5.9 s]: openapi-document/profile-filter - START inputs = 1
DEBUG [5.9 s]: openapi-document/profile-filter - END [0 s][152 MB]
DEBUG [5.91 s]: openapi-document/model-deduplicator - START inputs = 1
DEBUG [5.91 s]: openapi-document/emitter - START inputs = 1
DEBUG [5.91 s]: openapi-document/model-deduplicator - END [0 s][152 MB]
DEBUG [5.91 s]: openapi-document/emitter - END [0 s][152 MB]
DEBUG [5.91 s]: openapi-document/enum-deduplicator - START inputs = 1
DEBUG [6.26 s]: openapi-document/enum-deduplicator - END [0.35 s][177 MB]
DEBUG [6.26 s]: openapi-document/subset-reducer - START inputs = 1
DEBUG [6.26 s]: openapi-document/subset-reducer - END [0 s][177 MB]
DEBUG [6.26 s]: openapi-document/quick-check - START inputs = 1
DEBUG [6.26 s]: openapi-document/multi-api/reset-identity - START inputs = 1
DEBUG [6.32 s]: openapi-document/quick-check - END [0.06 s][186 MB]
DEBUG [6.32 s]: openapi-document/multi-api/reset-identity - END [0.06 s][186 MB]
DEBUG [6.32 s]: openapi-document/multi-api/identity - START inputs = 1
DEBUG [6.32 s]: openapi-document/multi-api/identity - END [0 s][186 MB]
DEBUG [6.32 s]: openapi-document/multi-api/emitter - START inputs = 1
DEBUG [6.32 s]: prechecker - START inputs = 1
DEBUG [6.32 s]: openapi-document/multi-api/emitter - END [0 s][186 MB]

WARNING (PreCheck/SchemaMissingType): The schema 'CustomRolloutSpecification-canary' with an undefined type and 'allOf'/'anyOf'/'oneOf' is a bit ambiguous. This has been auto-corrected to 'type:object'

WARNING (PreCheck/SchemaMissingType): The schema 'CustomRolloutSpecification-providerRegistration' with an undefined type and 'allOf'/'anyOf'/'oneOf' is a bit ambiguous. This has been auto-corrected to 'type:object'

WARNING (PreCheck/SchemaMissingType): The schema 'CustomRolloutProperties-specification' with an undefined type and 'allOf'/'anyOf'/'oneOf' is a bit ambiguous. This has been auto-corrected to 'type:object'

WARNING (PreCheck/SchemaMissingType): The schema 'CustomRolloutProperties-status' with an undefined type and 'allOf'/'anyOf'/'oneOf' is a bit ambiguous. This has been auto-corrected to 'type:object'

WARNING (PreCheck/SchemaMissingType): The schema 'CustomRollout-properties' with an undefined type and 'allOf'/'anyOf'/'oneOf' is a bit ambiguous. This has been auto-corrected to 'type:object'

WARNING (PreCheck/SchemaMissingType): The schema 'Error-innerError' with an undefined type and 'allOf'/'anyOf'/'oneOf' is a bit ambiguous. This has been auto-corrected to 'type:object'

WARNING (PreCheck/SchemaMissingType): The schema 'ErrorResponse-error' with an undefined type and 'allOf'/'anyOf'/'oneOf' is a bit ambiguous. This has been auto-corrected to 'type:object'

WARNING (PreCheck/SchemaMissingType): The schema 'DefaultRolloutSpecification-expeditedRollout' with an undefined type and 'allOf'/'anyOf'/'oneOf' is a bit ambiguous. This has been auto-corrected to 'type:object'

WARNING (PreCheck/SchemaMissingType): The schema 'DefaultRolloutSpecification-canary' with an undefined type and 'allOf'/'anyOf'/'oneOf' is a bit ambiguous. This has been auto-corrected to 'type:object'

WARNING (PreCheck/SchemaMissingType): The schema 'DefaultRolloutSpecification-lowTraffic' with an undefined type and 'allOf'/'anyOf'/'oneOf' is a bit ambiguous. This has been auto-corrected to 'type:object'

WARNING (PreCheck/SchemaMissingType): The schema 'DefaultRolloutSpecification-mediumTraffic' with an undefined type and 'allOf'/'anyOf'/'oneOf' is a bit ambiguous. This has been auto-corrected to 'type:object'

WARNING (PreCheck/SchemaMissingType): The schema 'DefaultRolloutSpecification-highTraffic' with an undefined type and 'allOf'/'anyOf'/'oneOf' is a bit ambiguous. This has been auto-corrected to 'type:object'

WARNING (PreCheck/SchemaMissingType): The schema 'DefaultRolloutSpecification-restOfTheWorldGroupOne' with an undefined type and 'allOf'/'anyOf'/'oneOf' is a bit ambiguous. This has been auto-corrected to 'type:object'

WARNING (PreCheck/SchemaMissingType): The schema 'DefaultRolloutSpecification-restOfTheWorldGroupTwo' with an undefined type and 'allOf'/'anyOf'/'oneOf' is a bit ambiguous. This has been auto-corrected to 'type:object'

WARNING (PreCheck/SchemaMissingType): The schema 'DefaultRolloutSpecification-providerRegistration' with an undefined type and 'allOf'/'anyOf'/'oneOf' is a bit ambiguous. This has been auto-corrected to 'type:object'

WARNING (PreCheck/SchemaMissingType): The schema 'DefaultRolloutProperties-specification' with an undefined type and 'allOf'/'anyOf'/'oneOf' is a bit ambiguous. This has been auto-corrected to 'type:object'

WARNING (PreCheck/SchemaMissingType): The schema 'DefaultRolloutProperties-status' with an undefined type and 'allOf'/'anyOf'/'oneOf' is a bit ambiguous. This has been auto-corrected to 'type:object'

WARNING (PreCheck/SchemaMissingType): The schema 'DefaultRollout-properties' with an undefined type and 'allOf'/'anyOf'/'oneOf' is a bit ambiguous. This has been auto-corrected to 'type:object'

WARNING (PreCheck/SchemaMissingType): The schema 'LoggingRule-hiddenPropertyPaths' with an undefined type and 'allOf'/'anyOf'/'oneOf' is a bit ambiguous. This has been auto-corrected to 'type:object'

WARNING (PreCheck/SchemaMissingType): The schema 'ResourceProviderEndpoint-featuresRule' with an undefined type and 'allOf'/'anyOf'/'oneOf' is a bit ambiguous. This has been auto-corrected to 'type:object'

WARNING (PreCheck/SchemaMissingType): The schema 'ResourceType-identityManagement' with an undefined type and 'allOf'/'anyOf'/'oneOf' is a bit ambiguous. This has been auto-corrected to 'type:object'

WARNING (PreCheck/SchemaMissingType): The schema 'ResourceType-featuresRule' with an undefined type and 'allOf'/'anyOf'/'oneOf' is a bit ambiguous. This has been auto-corrected to 'type:object'

WARNING (PreCheck/SchemaMissingType): The schema 'ResourceType-requestHeaderOptions' with an undefined type and 'allOf'/'anyOf'/'oneOf' is a bit ambiguous. This has been auto-corrected to 'type:object'

WARNING (PreCheck/SchemaMissingType): The schema 'ResourceType-templateDeploymentPolicy' with an undefined type and 'allOf'/'anyOf'/'oneOf' is a bit ambiguous. This has been auto-corrected to 'type:object'

WARNING (PreCheck/SchemaMissingType): The schema 'ResourceProviderManifest-providerAuthentication' with an undefined type and 'allOf'/'anyOf'/'oneOf' is a bit ambiguous. This has been auto-corrected to 'type:object'

WARNING (PreCheck/SchemaMissingType): The schema 'ResourceProviderManifest-featuresRule' with an undefined type and 'allOf'/'anyOf'/'oneOf' is a bit ambiguous. This has been auto-corrected to 'type:object'

WARNING (PreCheck/SchemaMissingType): The schema 'ResourceProviderManifest-requestHeaderOptions' with an undefined type and 'allOf'/'anyOf'/'oneOf' is a bit ambiguous. This has been auto-corrected to 'type:object'

WARNING (PreCheck/SchemaMissingType): The schema 'ResourceProviderManifest-management' with an undefined type and 'allOf'/'anyOf'/'oneOf' is a bit ambiguous. This has been auto-corrected to 'type:object'

WARNING (PreCheck/SchemaMissingType): The schema 'ResourceProviderManifest-reRegisterSubscriptionMetadata' with an undefined type and 'allOf'/'anyOf'/'oneOf' is a bit ambiguous. This has been auto-corrected to 'type:object'

WARNING (PreCheck/SchemaMissingType): The schema 'NotificationRegistration-properties' with an undefined type and 'allOf'/'anyOf'/'oneOf' is a bit ambiguous. This has been auto-corrected to 'type:object'

WARNING (PreCheck/SchemaMissingType): The schema 'OperationsDefinition-display' with an undefined type and 'allOf'/'anyOf'/'oneOf' is a bit ambiguous. This has been auto-corrected to 'type:object'

WARNING (PreCheck/SchemaMissingType): The schema 'ProviderHubMetadata-providerAuthentication' with an undefined type and 'allOf'/'anyOf'/'oneOf' is a bit ambiguous. This has been auto-corrected to 'type:object'

WARNING (PreCheck/SchemaMissingType): The schema 'ProviderHubMetadata-thirdPartyProviderAuthorization' with an undefined type and 'allOf'/'anyOf'/'oneOf' is a bit ambiguous. This has been auto-corrected to 'type:object'

WARNING (PreCheck/SchemaMissingType): The schema 'ResourceProviderManifestProperties-providerAuthentication' with an undefined type and 'allOf'/'anyOf'/'oneOf' is a bit ambiguous. This has been auto-corrected to 'type:object'

WARNING (PreCheck/SchemaMissingType): The schema 'ResourceProviderManifestProperties-featuresRule' with an undefined type and 'allOf'/'anyOf'/'oneOf' is a bit ambiguous. This has been auto-corrected to 'type:object'

WARNING (PreCheck/SchemaMissingType): The schema 'ResourceProviderManifestProperties-requestHeaderOptions' with an undefined type and 'allOf'/'anyOf'/'oneOf' is a bit ambiguous. This has been auto-corrected to 'type:object'

WARNING (PreCheck/SchemaMissingType): The schema 'ResourceProviderManifestProperties-management' with an undefined type and 'allOf'/'anyOf'/'oneOf' is a bit ambiguous. This has been auto-corrected to 'type:object'

WARNING (PreCheck/SchemaMissingType): The schema 'ProviderRegistrationProperties-providerHubMetadata' with an undefined type and 'allOf'/'anyOf'/'oneOf' is a bit ambiguous. This has been auto-corrected to 'type:object'

WARNING (PreCheck/SchemaMissingType): The schema 'ProviderRegistration-properties' with an undefined type and 'allOf'/'anyOf'/'oneOf' is a bit ambiguous. This has been auto-corrected to 'type:object'

WARNING (PreCheck/SchemaMissingType): The schema 'ResourceTypeEndpoint-featuresRule' with an undefined type and 'allOf'/'anyOf'/'oneOf' is a bit ambiguous. This has been auto-corrected to 'type:object'

WARNING (PreCheck/SchemaMissingType): The schema 'ResourceTypeExtensionOptions-resourceCreationBegin' with an undefined type and 'allOf'/'anyOf'/'oneOf' is a bit ambiguous. This has been auto-corrected to 'type:object'

WARNING (PreCheck/SchemaMissingType): The schema 'ResourceTypeRegistrationProperties-extensionOptions' with an undefined type and 'allOf'/'anyOf'/'oneOf' is a bit ambiguous. This has been auto-corrected to 'type:object'

WARNING (PreCheck/SchemaMissingType): The schema 'ResourceTypeRegistrationProperties-featuresRule' with an undefined type and 'allOf'/'anyOf'/'oneOf' is a bit ambiguous. This has been auto-corrected to 'type:object'

WARNING (PreCheck/SchemaMissingType): The schema 'ResourceTypeRegistrationProperties-subscriptionLifecycleNotificationSpecifications' with an undefined type and 'allOf'/'anyOf'/'oneOf' is a bit ambiguous. This has been auto-corrected to 'type:object'

WARNING (PreCheck/SchemaMissingType): The schema 'ResourceTypeRegistrationProperties-identityManagement' with an undefined type and 'allOf'/'anyOf'/'oneOf' is a bit ambiguous. This has been auto-corrected to 'type:object'

WARNING (PreCheck/SchemaMissingType): The schema 'ResourceTypeRegistrationProperties-checkNameAvailabilitySpecifications' with an undefined type and 'allOf'/'anyOf'/'oneOf' is a bit ambiguous. This has been auto-corrected to 'type:object'

WARNING (PreCheck/SchemaMissingType): The schema 'ResourceTypeRegistrationProperties-requestHeaderOptions' with an undefined type and 'allOf'/'anyOf'/'oneOf' is a bit ambiguous. This has been auto-corrected to 'type:object'

WARNING (PreCheck/SchemaMissingType): The schema 'ResourceTypeRegistrationProperties-templateDeploymentOptions' with an undefined type and 'allOf'/'anyOf'/'oneOf' is a bit ambiguous. This has been auto-corrected to 'type:object'

WARNING (PreCheck/SchemaMissingType): The schema 'ResourceTypeRegistrationProperties-resourceMovePolicy' with an undefined type and 'allOf'/'anyOf'/'oneOf' is a bit ambiguous. This has been auto-corrected to 'type:object'

WARNING (PreCheck/SchemaMissingType): The schema 'ResourceTypeRegistrationProperties-resourceGraphConfiguration' with an undefined type and 'allOf'/'anyOf'/'oneOf' is a bit ambiguous. This has been auto-corrected to 'type:object'

WARNING (PreCheck/SchemaMissingType): The schema 'ResourceTypeRegistrationProperties-management' with an undefined type and 'allOf'/'anyOf'/'oneOf' is a bit ambiguous. This has been auto-corrected to 'type:object'

WARNING (PreCheck/SchemaMissingType): The schema 'ResourceTypeRegistration-properties' with an undefined type and 'allOf'/'anyOf'/'oneOf' is a bit ambiguous. This has been auto-corrected to 'type:object'

WARNING (PreCheck/SchemaMissingType): The schema 'SkuSetting-capacity' with an undefined type and 'allOf'/'anyOf'/'oneOf' is a bit ambiguous. This has been auto-corrected to 'type:object'

WARNING (PreCheck/SchemaMissingType): The schema 'SkuResource-properties' with an undefined type and 'allOf'/'anyOf'/'oneOf' is a bit ambiguous. This has been auto-corrected to 'type:object'

WARNING (PreCheck/CheckDuplicateSchemas): Checking for duplicate schemas, this could take a (long) while.  Run with --verbose for more detail.
VERBOSE [6.42 s]: Found and removed 0 duplicate schema
DEBUG [6.76 s]: prechecker - END [0.43 s][194 MB]
DEBUG [6.76 s]: modelerfour - START inputs = 2
VERBOSE [6.85 s]:   ModelerFour/api-version-mode:client
VERBOSE [6.85 s]:   ModelerFour/api-version-parameter:constant
VERBOSE [6.85 s]:   ModelerFour/use-model-namespace:false

WARNING (UnkownSecurityScheme): Security scheme azure_auth is unknown and will not be processed. Only supported types are AADToken,AzureKey,Anonymous

WARNING (Modeler/MissingType): The schema 'ResourceProviderManagement-resourceAccessRolesItem' has no type or format information whatsoever. Location:
   file:///home/runner/work/bicep-types-az/bicep-types-az/workflow-temp/azure-rest-api-specs/specification/providerhub/resource-manager/Microsoft.ProviderHub/preview/2021-05-01-preview/providerhub.json#/components/schemas/ResourceProviderManagement-resourceAccessRolesItem

WARNING (Modeler/MissingType): The schema 'ResourceProviderManifestProperties-metadata' has no type or format information whatsoever. Location:
   file:///home/runner/work/bicep-types-az/bicep-types-az/workflow-temp/azure-rest-api-specs/specification/providerhub/resource-manager/Microsoft.ProviderHub/preview/2021-05-01-preview/providerhub.json#/components/schemas/ResourceProviderManifestProperties-metadata

WARNING (Modeler/MissingType): The schema 'ResourceType-metadata' has no type or format information whatsoever. Location:
   file:///home/runner/work/bicep-types-az/bicep-types-az/workflow-temp/azure-rest-api-specs/specification/providerhub/resource-manager/Microsoft.ProviderHub/preview/2021-05-01-preview/providerhub.json#/components/schemas/ResourceType-metadata

WARNING (Modeler/MissingType): The schema 'ResourceProviderManifest-metadata' has no type or format information whatsoever. Location:
   file:///home/runner/work/bicep-types-az/bicep-types-az/workflow-temp/azure-rest-api-specs/specification/providerhub/resource-manager/Microsoft.ProviderHub/preview/2021-05-01-preview/providerhub.json#/components/schemas/ResourceProviderManifest-metadata

WARNING (Modeler/MissingType): The schema 'OperationsDefinition-properties' has no type or format information whatsoever. Location:
   file:///home/runner/work/bicep-types-az/bicep-types-az/workflow-temp/azure-rest-api-specs/specification/providerhub/resource-manager/Microsoft.ProviderHub/preview/2021-05-01-preview/providerhub.json#/components/schemas/OperationsDefinition-properties
DEBUG [7.41 s]: modelerfour - END [0.65 s][206 MB]
DEBUG [7.42 s]: modelerfour/new-transform - START inputs = 2
DEBUG [7.42 s]: modelerfour/new-transform - END [0 s][206 MB]
DEBUG [7.42 s]: modelerfour/flattener - START inputs = 2
DEBUG [7.72 s]: modelerfour/flattener - END [0.29 s][193 MB]
DEBUG [7.72 s]: modelerfour/flattener/new-transform - START inputs = 2
DEBUG [7.72 s]: modelerfour/flattener/new-transform - END [0 s][193 MB]
DEBUG [7.72 s]: modelerfour/grouper - START inputs = 2
DEBUG [7.97 s]: modelerfour/grouper - END [0.25 s][197 MB]
DEBUG [7.97 s]: modelerfour/grouper/new-transform - START inputs = 2
DEBUG [7.97 s]: modelerfour/grouper/new-transform - END [0 s][197 MB]
DEBUG [7.97 s]: modelerfour/pre-namer - START inputs = 2

WARNING (PreNamer/DeduplicateName): Deduplicating schema name: 'CustomRolloutProperties' -> 'CustomRolloutPropertiesAutoGenerated'

WARNING (PreNamer/DeduplicateName): Deduplicating schema name: 'ProviderRegistrationProperties' -> 'ProviderRegistrationPropertiesAutoGenerated'

WARNING (PreNamer/DeduplicateName): Deduplicating schema name: 'ResourceTypeRegistrationProperties' -> 'ResourceTypeRegistrationPropertiesAutoGenerated'

WARNING (PreNamer/DeduplicateName): Deduplicating schema name: 'DefaultRolloutProperties' -> 'DefaultRolloutPropertiesAutoGenerated'

WARNING (PreNamer/DeduplicateName): Deduplicating schema name: 'NotificationRegistrationProperties' -> 'NotificationRegistrationPropertiesAutoGenerated'
DEBUG [8.32 s]: modelerfour/pre-namer - END [0.34 s][205 MB]
DEBUG [8.32 s]: modelerfour/pre-namer/new-transform - START inputs = 2
DEBUG [8.32 s]: modelerfour/pre-namer/new-transform - END [0 s][205 MB]
DEBUG [8.32 s]: modelerfour/checker - START inputs = 4
DEBUG [8.56 s]: modelerfour/checker - END [0.23 s][197 MB]
DEBUG [8.56 s]: modelerfour/identity - START inputs = 2
DEBUG [8.56 s]: modelerfour/identity - END [0 s][197 MB]
DEBUG [8.56 s]: bicep - START inputs = 2
DEBUG [8.56 s]: modelerfour/emitter - START inputs = 2
DEBUG [8.56 s]: modelerfour/notags/emitter - START inputs = 2
DEBUG [8.56 s]: modelerfour/emitter - END [0 s][197 MB]
DEBUG [8.56 s]: modelerfour/notags/emitter - END [0 s][197 MB]
WARNING: Unrecognized property type: any-object. Returning 'any'.
INFORMATION: autorest.bicep took 21ms
DEBUG [8.7 s]: bicep - END [0.14 s][200 MB]
DEBUG [8.7 s]: bicep/emitter - START inputs = 2
DEBUG [8.7 s]: Emitting 'bicep-files' at file:///tmp/_bcp_1625795651387/providerhub/microsoft.providerhub/2021-05-01-preview/types.json
DEBUG [8.7 s]: Emitting 'bicep-files' at file:///tmp/_bcp_1625795651387/providerhub/microsoft.providerhub/2021-05-01-preview/types.md
DEBUG [8.7 s]: bicep/emitter - END [0 s][200 MB]
Processing batch task - {"tag":"microsoft.providerhub-2020-11-20"} .
VERBOSE [8.71 s]: > Including configuration file 'file:///home/runner/work/bicep-types-az/bicep-types-az/workflow-temp/azure-rest-api-specs/specification/providerhub/resource-manager/readme.bicep.md'
VERBOSE [8.72 s]: > Initial configuration file 'file:///home/runner/work/bicep-types-az/bicep-types-az/workflow-temp/azure-rest-api-specs/specification/providerhub/resource-manager/readme.md'
VERBOSE [8.72 s]: > Including configuration file 'file:///home/runner/work/bicep-types-az/bicep-types-az/workflow-temp/azure-rest-api-specs/specification/providerhub/resource-manager/readme.md'
VERBOSE [8.72 s]: > Including configuration file 'file:///home/runner/.autorest/@autorest_core@3.5.0-ci.b8e3f92c0/node_modules/@autorest/core/dist/resources/default-configuration.md'
VERBOSE [8.73 s]: > Including configuration file 'file:///home/runner/.autorest/@autorest_core@3.5.0-ci.b8e3f92c0/node_modules/@autorest/core/dist/resources/inspect.md'
VERBOSE [8.73 s]: > Including configuration file 'file:///home/runner/.autorest/@autorest_core@3.5.0-ci.b8e3f92c0/node_modules/@autorest/core/dist/resources/directives.md'
VERBOSE [8.74 s]: > Including configuration file 'file:///home/runner/.autorest/@autorest_core@3.5.0-ci.b8e3f92c0/node_modules/@autorest/core/dist/resources/pipeline.md'
VERBOSE [8.75 s]: > Including configuration file 'file:///home/runner/.autorest/@autorest_core@3.5.0-ci.b8e3f92c0/node_modules/@autorest/core/dist/resources/loader-openapi.md'
VERBOSE [8.76 s]: > Including configuration file 'file:///home/runner/.autorest/@autorest_core@3.5.0-ci.b8e3f92c0/node_modules/@autorest/core/dist/resources/miscellaneous.md'
VERBOSE [8.78 s]: > Including configuration file 'file:///home/runner/.autorest/@autorest_core@3.5.0-ci.b8e3f92c0/node_modules/@autorest/core/dist/resources/plugin-powershell.md'
VERBOSE [8.79 s]: > Including configuration file 'file:///home/runner/.autorest/@autorest_core@3.5.0-ci.b8e3f92c0/node_modules/@autorest/core/dist/resources/plugin-azureresourceschema.md'
VERBOSE [8.8 s]: > Including configuration file 'file:///home/runner/.autorest/@autorest_core@3.5.0-ci.b8e3f92c0/node_modules/@autorest/core/dist/resources/plugin-csharp.md'
VERBOSE [8.81 s]: > Including configuration file 'file:///home/runner/.autorest/@autorest_core@3.5.0-ci.b8e3f92c0/node_modules/@autorest/core/dist/resources/plugin-go.md'
VERBOSE [8.83 s]: > Including configuration file 'file:///home/runner/.autorest/@autorest_core@3.5.0-ci.b8e3f92c0/node_modules/@autorest/core/dist/resources/plugin-java.md'
VERBOSE [8.85 s]: > Including configuration file 'file:///home/runner/.autorest/@autorest_core@3.5.0-ci.b8e3f92c0/node_modules/@autorest/core/dist/resources/plugin-nodejs.md'
VERBOSE [8.86 s]: > Including configuration file 'file:///home/runner/.autorest/@autorest_core@3.5.0-ci.b8e3f92c0/node_modules/@autorest/core/dist/resources/plugin-php.md'
VERBOSE [8.88 s]: > Including configuration file 'file:///home/runner/.autorest/@autorest_core@3.5.0-ci.b8e3f92c0/node_modules/@autorest/core/dist/resources/plugin-python.md'
VERBOSE [8.9 s]: > Including configuration file 'file:///home/runner/.autorest/@autorest_core@3.5.0-ci.b8e3f92c0/node_modules/@autorest/core/dist/resources/plugin-ruby.md'
VERBOSE [8.92 s]: > Including configuration file 'file:///home/runner/.autorest/@autorest_core@3.5.0-ci.b8e3f92c0/node_modules/@autorest/core/dist/resources/plugin-typescript.md'
VERBOSE [8.94 s]: > Including configuration file 'file:///home/runner/.autorest/@autorest_core@3.5.0-ci.b8e3f92c0/node_modules/@autorest/core/dist/resources/plugin-validators.md'
VERBOSE [8.96 s]: > Including configuration file 'file:///home/runner/.autorest/@autorest_core@3.5.0-ci.b8e3f92c0/node_modules/@autorest/core/dist/resources/plugin-az.md'
VERBOSE [8.98 s]: > Including configuration file 'file:///home/runner/.autorest/@autorest_core@3.5.0-ci.b8e3f92c0/node_modules/@autorest/core/dist/resources/plugin-terraform.md'
VERBOSE [8.99 s]: > Including configuration file 'file:///home/runner/.autorest/@autorest_core@3.5.0-ci.b8e3f92c0/node_modules/@autorest/core/dist/resources/plugin-azure-functions.md'
VERBOSE [9.02 s]: > Including configuration file 'file:///home/runner/.autorest/@autorest_core@3.5.0-ci.b8e3f92c0/node_modules/@autorest/core/dist/resources/graphs.md'
VERBOSE [9.04 s]: > Including configuration file 'file:///home/runner/.autorest/@autorest_core@3.5.0-ci.b8e3f92c0/node_modules/@autorest/core/dist/resources/help-configuration.md'
INFORMATION: > Loading local AutoRest extension '@autorest/bicep' (/home/runner/work/bicep-types-az/bicep-types-az/src/autorest.bicep)
VERBOSE [9.1 s]: > Including extension configuration file 'file:///home/runner/work/bicep-types-az/bicep-types-az/src/autorest.bicep/README.md'
VERBOSE [9.1 s]: > Including configuration file 'file:///home/runner/work/bicep-types-az/bicep-types-az/src/autorest.bicep/README.md'
INFORMATION: > Loading AutoRest extension '@autorest/modelerfour' (https://tinyurl.com/yhlkz69y->4.20.0-ci.b8e3f92c0)
VERBOSE [9.73 s]: > Including extension configuration file 'file:///home/runner/.autorest/@autorest_modelerfour@4.20.0-ci.b8e3f92c0/node_modules/@autorest/modelerfour/readme.md'
VERBOSE [9.73 s]: > Including configuration file 'file:///home/runner/.autorest/@autorest_modelerfour@4.20.0-ci.b8e3f92c0/node_modules/@autorest/modelerfour/readme.md'
DEBUG [10.01 s]: swagger-document/loader-swagger - START inputs = 0
DEBUG [10.01 s]: openapi-document/loader-openapi - START inputs = 0
DEBUG [10.01 s]: pipeline-emitter - START inputs = 0
DEBUG [10.01 s]: configuration-emitter - START inputs = 0
DEBUG [10.01 s]: pipeline-emitter - END [0.04 s][225 MB]
DEBUG [10.01 s]: configuration-emitter - END [0.04 s][225 MB]
VERBOSE [10.04 s]: Reading OpenAPI 2.0 file file:///home/runner/work/bicep-types-az/bicep-types-az/workflow-temp/azure-rest-api-specs/specification/providerhub/resource-manager/Microsoft.ProviderHub/stable/2020-11-20/providerhub.json
DEBUG [10.04 s]: openapi-document/loader-openapi - END [0.06 s][239 MB]
VERBOSE [10.16 s]: Reading $ref'd file file:///home/runner/work/bicep-types-az/bicep-types-az/workflow-temp/azure-rest-api-specs/specification/common-types/resource-management/v2/types.json
DEBUG [10.16 s]: openapi-document/individual/transform - SKIPPING
DEBUG [10.16 s]: openapi-document/individual/schema-validator-openapi - SKIPPING
DEBUG [10.16 s]: openapi-document/individual/identity - SKIPPING
DEBUG [10.28 s]: swagger-document/loader-swagger - END [0.3 s][248 MB]
DEBUG [10.28 s]: swagger-document/individual/transform - START inputs = 2
DEBUG [10.51 s]: swagger-document/individual/transform - END [0.23 s][267 MB]
DEBUG [10.51 s]: swagger-document/individual/schema-validator-swagger - START inputs = 2
DEBUG [10.53 s]: swagger-document/individual/schema-validator-swagger - END [0.01 s][270 MB]
DEBUG [10.53 s]: swagger-document/identity - START inputs = 2
DEBUG [10.53 s]: swagger-document/individual/identity - START inputs = 2
DEBUG [10.53 s]: swagger-document/identity - END [0 s][270 MB]
DEBUG [10.53 s]: swagger-document/individual/identity - END [0 s][270 MB]
DEBUG [10.53 s]: openapi-document/openapi-document-converter - START inputs = 2
DEBUG [10.64 s]: openapi-document/openapi-document-converter - END [0.11 s][275 MB]
DEBUG [10.64 s]: openapi-document/transform - START inputs = 2
DEBUG [10.66 s]: openapi-document/transform - END [0.01 s][287 MB]
DEBUG [10.66 s]: openapi-document/semantic-validator - START inputs = 2
WARNING: Semantic validation was skipped.
DEBUG [10.66 s]: openapi-document/semantic-validator - END [0 s][279 MB]
DEBUG [10.66 s]: openapi-document/allof-cleaner - START inputs = 2
DEBUG [10.67 s]: openapi-document/allof-cleaner - END [0.01 s][281 MB]
DEBUG [10.67 s]: openapi-document/tree-shaker - START inputs = 2
DEBUG [10.85 s]: openapi-document/tree-shaker - END [0.17 s][303 MB]
DEBUG [10.85 s]: openapi-document/multi-api-merger - START inputs = 2
DEBUG [11.11 s]: openapi-document/multi-api-merger - END [0.25 s][335 MB]
DEBUG [11.11 s]: openapi-document/components-cleaner - START inputs = 1
DEBUG [11.41 s]: openapi-document/components-cleaner - END [0.29 s][374 MB]
DEBUG [11.41 s]: openapi-document/component-modifiers - START inputs = 1
DEBUG [11.47 s]: openapi-document/component-modifiers - END [0.06 s][383 MB]
DEBUG [11.47 s]: openapi-document/api-version-parameter-handler - START inputs = 1
DEBUG [11.47 s]: openapi-document/api-version-parameter-handler - END [0 s][383 MB]
DEBUG [11.47 s]: openapi-document/profile-filter - START inputs = 1
DEBUG [11.47 s]: openapi-document/profile-filter - END [0 s][383 MB]
DEBUG [11.47 s]: openapi-document/model-deduplicator - START inputs = 1
DEBUG [11.47 s]: openapi-document/emitter - START inputs = 1
DEBUG [11.47 s]: openapi-document/model-deduplicator - END [0 s][383 MB]
DEBUG [11.47 s]: openapi-document/emitter - END [0 s][383 MB]
DEBUG [11.47 s]: openapi-document/enum-deduplicator - START inputs = 1
DEBUG [11.77 s]: openapi-document/enum-deduplicator - END [0.29 s][418 MB]
DEBUG [11.78 s]: openapi-document/subset-reducer - START inputs = 1
DEBUG [11.78 s]: openapi-document/subset-reducer - END [0 s][404 MB]
DEBUG [11.78 s]: openapi-document/quick-check - START inputs = 1
DEBUG [11.78 s]: openapi-document/multi-api/reset-identity - START inputs = 1
DEBUG [11.83 s]: openapi-document/quick-check - END [0.05 s][420 MB]
DEBUG [11.83 s]: openapi-document/multi-api/reset-identity - END [0.05 s][421 MB]
DEBUG [11.84 s]: openapi-document/multi-api/identity - START inputs = 1
DEBUG [11.84 s]: openapi-document/multi-api/identity - END [0 s][417 MB]
DEBUG [11.84 s]: openapi-document/multi-api/emitter - START inputs = 1
DEBUG [11.84 s]: prechecker - START inputs = 1
DEBUG [11.84 s]: openapi-document/multi-api/emitter - END [0 s][417 MB]

WARNING (PreCheck/SchemaMissingType): The schema 'CustomRolloutSpecification-canary' with an undefined type and 'allOf'/'anyOf'/'oneOf' is a bit ambiguous. This has been auto-corrected to 'type:object'

WARNING (PreCheck/SchemaMissingType): The schema 'CustomRolloutSpecification-providerRegistration' with an undefined type and 'allOf'/'anyOf'/'oneOf' is a bit ambiguous. This has been auto-corrected to 'type:object'

WARNING (PreCheck/SchemaMissingType): The schema 'CustomRolloutProperties-specification' with an undefined type and 'allOf'/'anyOf'/'oneOf' is a bit ambiguous. This has been auto-corrected to 'type:object'

WARNING (PreCheck/SchemaMissingType): The schema 'CustomRolloutProperties-status' with an undefined type and 'allOf'/'anyOf'/'oneOf' is a bit ambiguous. This has been auto-corrected to 'type:object'

WARNING (PreCheck/SchemaMissingType): The schema 'CustomRollout-properties' with an undefined type and 'allOf'/'anyOf'/'oneOf' is a bit ambiguous. This has been auto-corrected to 'type:object'

WARNING (PreCheck/SchemaMissingType): The schema 'Error-innerError' with an undefined type and 'allOf'/'anyOf'/'oneOf' is a bit ambiguous. This has been auto-corrected to 'type:object'

WARNING (PreCheck/SchemaMissingType): The schema 'ErrorResponse-error' with an undefined type and 'allOf'/'anyOf'/'oneOf' is a bit ambiguous. This has been auto-corrected to 'type:object'

WARNING (PreCheck/SchemaMissingType): The schema 'DefaultRolloutSpecification-canary' with an undefined type and 'allOf'/'anyOf'/'oneOf' is a bit ambiguous. This has been auto-corrected to 'type:object'

WARNING (PreCheck/SchemaMissingType): The schema 'DefaultRolloutSpecification-lowTraffic' with an undefined type and 'allOf'/'anyOf'/'oneOf' is a bit ambiguous. This has been auto-corrected to 'type:object'

WARNING (PreCheck/SchemaMissingType): The schema 'DefaultRolloutSpecification-mediumTraffic' with an undefined type and 'allOf'/'anyOf'/'oneOf' is a bit ambiguous. This has been auto-corrected to 'type:object'

WARNING (PreCheck/SchemaMissingType): The schema 'DefaultRolloutSpecification-highTraffic' with an undefined type and 'allOf'/'anyOf'/'oneOf' is a bit ambiguous. This has been auto-corrected to 'type:object'

WARNING (PreCheck/SchemaMissingType): The schema 'DefaultRolloutSpecification-restOfTheWorldGroupOne' with an undefined type and 'allOf'/'anyOf'/'oneOf' is a bit ambiguous. This has been auto-corrected to 'type:object'

WARNING (PreCheck/SchemaMissingType): The schema 'DefaultRolloutSpecification-restOfTheWorldGroupTwo' with an undefined type and 'allOf'/'anyOf'/'oneOf' is a bit ambiguous. This has been auto-corrected to 'type:object'

WARNING (PreCheck/SchemaMissingType): The schema 'DefaultRolloutSpecification-providerRegistration' with an undefined type and 'allOf'/'anyOf'/'oneOf' is a bit ambiguous. This has been auto-corrected to 'type:object'

WARNING (PreCheck/SchemaMissingType): The schema 'DefaultRolloutProperties-specification' with an undefined type and 'allOf'/'anyOf'/'oneOf' is a bit ambiguous. This has been auto-corrected to 'type:object'

WARNING (PreCheck/SchemaMissingType): The schema 'DefaultRolloutProperties-status' with an undefined type and 'allOf'/'anyOf'/'oneOf' is a bit ambiguous. This has been auto-corrected to 'type:object'

WARNING (PreCheck/SchemaMissingType): The schema 'DefaultRollout-properties' with an undefined type and 'allOf'/'anyOf'/'oneOf' is a bit ambiguous. This has been auto-corrected to 'type:object'

WARNING (PreCheck/SchemaMissingType): The schema 'LoggingRule-hiddenPropertyPaths' with an undefined type and 'allOf'/'anyOf'/'oneOf' is a bit ambiguous. This has been auto-corrected to 'type:object'

WARNING (PreCheck/SchemaMissingType): The schema 'ResourceProviderEndpoint-featuresRule' with an undefined type and 'allOf'/'anyOf'/'oneOf' is a bit ambiguous. This has been auto-corrected to 'type:object'

WARNING (PreCheck/SchemaMissingType): The schema 'ResourceType-identityManagement' with an undefined type and 'allOf'/'anyOf'/'oneOf' is a bit ambiguous. This has been auto-corrected to 'type:object'

WARNING (PreCheck/SchemaMissingType): The schema 'ResourceType-featuresRule' with an undefined type and 'allOf'/'anyOf'/'oneOf' is a bit ambiguous. This has been auto-corrected to 'type:object'

WARNING (PreCheck/SchemaMissingType): The schema 'ResourceType-requestHeaderOptions' with an undefined type and 'allOf'/'anyOf'/'oneOf' is a bit ambiguous. This has been auto-corrected to 'type:object'

WARNING (PreCheck/SchemaMissingType): The schema 'ResourceType-templateDeploymentPolicy' with an undefined type and 'allOf'/'anyOf'/'oneOf' is a bit ambiguous. This has been auto-corrected to 'type:object'

WARNING (PreCheck/SchemaMissingType): The schema 'ResourceProviderManifest-providerAuthentication' with an undefined type and 'allOf'/'anyOf'/'oneOf' is a bit ambiguous. This has been auto-corrected to 'type:object'

WARNING (PreCheck/SchemaMissingType): The schema 'ResourceProviderManifest-featuresRule' with an undefined type and 'allOf'/'anyOf'/'oneOf' is a bit ambiguous. This has been auto-corrected to 'type:object'

WARNING (PreCheck/SchemaMissingType): The schema 'ResourceProviderManifest-requestHeaderOptions' with an undefined type and 'allOf'/'anyOf'/'oneOf' is a bit ambiguous. This has been auto-corrected to 'type:object'

WARNING (PreCheck/SchemaMissingType): The schema 'ResourceProviderManifest-management' with an undefined type and 'allOf'/'anyOf'/'oneOf' is a bit ambiguous. This has been auto-corrected to 'type:object'

WARNING (PreCheck/SchemaMissingType): The schema 'ResourceProviderManifest-reRegisterSubscriptionMetadata' with an undefined type and 'allOf'/'anyOf'/'oneOf' is a bit ambiguous. This has been auto-corrected to 'type:object'

WARNING (PreCheck/SchemaMissingType): The schema 'NotificationRegistration-properties' with an undefined type and 'allOf'/'anyOf'/'oneOf' is a bit ambiguous. This has been auto-corrected to 'type:object'

WARNING (PreCheck/SchemaMissingType): The schema 'OperationsDefinition-display' with an undefined type and 'allOf'/'anyOf'/'oneOf' is a bit ambiguous. This has been auto-corrected to 'type:object'

WARNING (PreCheck/SchemaMissingType): The schema 'ProviderHubMetadata-providerAuthentication' with an undefined type and 'allOf'/'anyOf'/'oneOf' is a bit ambiguous. This has been auto-corrected to 'type:object'

WARNING (PreCheck/SchemaMissingType): The schema 'ProviderHubMetadata-thirdPartyProviderAuthorization' with an undefined type and 'allOf'/'anyOf'/'oneOf' is a bit ambiguous. This has been auto-corrected to 'type:object'

WARNING (PreCheck/SchemaMissingType): The schema 'ResourceProviderManifestProperties-providerAuthentication' with an undefined type and 'allOf'/'anyOf'/'oneOf' is a bit ambiguous. This has been auto-corrected to 'type:object'

WARNING (PreCheck/SchemaMissingType): The schema 'ResourceProviderManifestProperties-featuresRule' with an undefined type and 'allOf'/'anyOf'/'oneOf' is a bit ambiguous. This has been auto-corrected to 'type:object'

WARNING (PreCheck/SchemaMissingType): The schema 'ResourceProviderManifestProperties-requestHeaderOptions' with an undefined type and 'allOf'/'anyOf'/'oneOf' is a bit ambiguous. This has been auto-corrected to 'type:object'

WARNING (PreCheck/SchemaMissingType): The schema 'ResourceProviderManifestProperties-management' with an undefined type and 'allOf'/'anyOf'/'oneOf' is a bit ambiguous. This has been auto-corrected to 'type:object'

WARNING (PreCheck/SchemaMissingType): The schema 'ResourceProviderManifestProperties-templateDeploymentOptions' with an undefined type and 'allOf'/'anyOf'/'oneOf' is a bit ambiguous. This has been auto-corrected to 'type:object'

WARNING (PreCheck/SchemaMissingType): The schema 'ProviderRegistrationProperties-providerHubMetadata' with an undefined type and 'allOf'/'anyOf'/'oneOf' is a bit ambiguous. This has been auto-corrected to 'type:object'

WARNING (PreCheck/SchemaMissingType): The schema 'ProviderRegistrationProperties-subscriptionLifecycleNotificationSpecifications' with an undefined type and 'allOf'/'anyOf'/'oneOf' is a bit ambiguous. This has been auto-corrected to 'type:object'

WARNING (PreCheck/SchemaMissingType): The schema 'ProviderRegistration-properties' with an undefined type and 'allOf'/'anyOf'/'oneOf' is a bit ambiguous. This has been auto-corrected to 'type:object'

WARNING (PreCheck/SchemaMissingType): The schema 'ResourceTypeEndpoint-featuresRule' with an undefined type and 'allOf'/'anyOf'/'oneOf' is a bit ambiguous. This has been auto-corrected to 'type:object'

WARNING (PreCheck/SchemaMissingType): The schema 'ResourceTypeExtensionOptions-resourceCreationBegin' with an undefined type and 'allOf'/'anyOf'/'oneOf' is a bit ambiguous. This has been auto-corrected to 'type:object'

WARNING (PreCheck/SchemaMissingType): The schema 'ResourceTypeRegistrationProperties-extensionOptions' with an undefined type and 'allOf'/'anyOf'/'oneOf' is a bit ambiguous. This has been auto-corrected to 'type:object'

WARNING (PreCheck/SchemaMissingType): The schema 'ResourceTypeRegistrationProperties-featuresRule' with an undefined type and 'allOf'/'anyOf'/'oneOf' is a bit ambiguous. This has been auto-corrected to 'type:object'

WARNING (PreCheck/SchemaMissingType): The schema 'ResourceTypeRegistrationProperties-subscriptionLifecycleNotificationSpecifications' with an undefined type and 'allOf'/'anyOf'/'oneOf' is a bit ambiguous. This has been auto-corrected to 'type:object'

WARNING (PreCheck/SchemaMissingType): The schema 'ResourceTypeRegistrationProperties-identityManagement' with an undefined type and 'allOf'/'anyOf'/'oneOf' is a bit ambiguous. This has been auto-corrected to 'type:object'

WARNING (PreCheck/SchemaMissingType): The schema 'ResourceTypeRegistrationProperties-checkNameAvailabilitySpecifications' with an undefined type and 'allOf'/'anyOf'/'oneOf' is a bit ambiguous. This has been auto-corrected to 'type:object'

WARNING (PreCheck/SchemaMissingType): The schema 'ResourceTypeRegistrationProperties-requestHeaderOptions' with an undefined type and 'allOf'/'anyOf'/'oneOf' is a bit ambiguous. This has been auto-corrected to 'type:object'

WARNING (PreCheck/SchemaMissingType): The schema 'ResourceTypeRegistrationProperties-templateDeploymentOptions' with an undefined type and 'allOf'/'anyOf'/'oneOf' is a bit ambiguous. This has been auto-corrected to 'type:object'

WARNING (PreCheck/SchemaMissingType): The schema 'ResourceTypeRegistrationProperties-resourceMovePolicy' with an undefined type and 'allOf'/'anyOf'/'oneOf' is a bit ambiguous. This has been auto-corrected to 'type:object'

WARNING (PreCheck/SchemaMissingType): The schema 'ResourceTypeRegistration-properties' with an undefined type and 'allOf'/'anyOf'/'oneOf' is a bit ambiguous. This has been auto-corrected to 'type:object'

WARNING (PreCheck/SchemaMissingType): The schema 'SkuSetting-capacity' with an undefined type and 'allOf'/'anyOf'/'oneOf' is a bit ambiguous. This has been auto-corrected to 'type:object'

WARNING (PreCheck/SchemaMissingType): The schema 'SkuResource-properties' with an undefined type and 'allOf'/'anyOf'/'oneOf' is a bit ambiguous. This has been auto-corrected to 'type:object'

WARNING (PreCheck/CheckDuplicateSchemas): Checking for duplicate schemas, this could take a (long) while.  Run with --verbose for more detail.
VERBOSE [12.03 s]: Found and removed 0 duplicate schema
DEBUG [12.14 s]: prechecker - END [0.29 s][150 MB]
DEBUG [12.14 s]: modelerfour - START inputs = 2
VERBOSE [12.18 s]:   ModelerFour/api-version-mode:client
VERBOSE [12.18 s]:   ModelerFour/api-version-parameter:constant
VERBOSE [12.18 s]:   ModelerFour/use-model-namespace:false

WARNING (UnkownSecurityScheme): Security scheme azure_auth is unknown and will not be processed. Only supported types are AADToken,AzureKey,Anonymous

WARNING (Modeler/MissingType): The schema 'ResourceProviderManagement-resourceAccessRolesItem' has no type or format information whatsoever. Location:
   file:///home/runner/work/bicep-types-az/bicep-types-az/workflow-temp/azure-rest-api-specs/specification/providerhub/resource-manager/Microsoft.ProviderHub/stable/2020-11-20/providerhub.json#/components/schemas/ResourceProviderManagement-resourceAccessRolesItem

WARNING (Modeler/MissingType): The schema 'ResourceProviderManifestProperties-metadata' has no type or format information whatsoever. Location:
   file:///home/runner/work/bicep-types-az/bicep-types-az/workflow-temp/azure-rest-api-specs/specification/providerhub/resource-manager/Microsoft.ProviderHub/stable/2020-11-20/providerhub.json#/components/schemas/ResourceProviderManifestProperties-metadata

WARNING (Modeler/MissingType): The schema 'ResourceType-metadata' has no type or format information whatsoever. Location:
   file:///home/runner/work/bicep-types-az/bicep-types-az/workflow-temp/azure-rest-api-specs/specification/providerhub/resource-manager/Microsoft.ProviderHub/stable/2020-11-20/providerhub.json#/components/schemas/ResourceType-metadata

WARNING (Modeler/MissingType): The schema 'ResourceProviderManifest-metadata' has no type or format information whatsoever. Location:
   file:///home/runner/work/bicep-types-az/bicep-types-az/workflow-temp/azure-rest-api-specs/specification/providerhub/resource-manager/Microsoft.ProviderHub/stable/2020-11-20/providerhub.json#/components/schemas/ResourceProviderManifest-metadata

WARNING (Modeler/MissingType): The schema 'OperationsDefinition-properties' has no type or format information whatsoever. Location:
   file:///home/runner/work/bicep-types-az/bicep-types-az/workflow-temp/azure-rest-api-specs/specification/providerhub/resource-manager/Microsoft.ProviderHub/stable/2020-11-20/providerhub.json#/components/schemas/OperationsDefinition-properties
DEBUG [12.65 s]: modelerfour - END [0.5 s][157 MB]
DEBUG [12.65 s]: modelerfour/new-transform - START inputs = 2
DEBUG [12.65 s]: modelerfour/new-transform - END [0 s][158 MB]
DEBUG [12.65 s]: modelerfour/flattener - START inputs = 2
DEBUG [12.89 s]: modelerfour/flattener - END [0.23 s][151 MB]
DEBUG [12.89 s]: modelerfour/flattener/new-transform - START inputs = 2
DEBUG [12.89 s]: modelerfour/flattener/new-transform - END [0 s][151 MB]
DEBUG [12.89 s]: modelerfour/grouper - START inputs = 2
DEBUG [13.13 s]: modelerfour/grouper - END [0.23 s][159 MB]
DEBUG [13.13 s]: modelerfour/grouper/new-transform - START inputs = 2
DEBUG [13.13 s]: modelerfour/grouper/new-transform - END [0 s][159 MB]
DEBUG [13.13 s]: modelerfour/pre-namer - START inputs = 2

WARNING (PreNamer/DeduplicateName): Deduplicating schema name: 'CustomRolloutProperties' -> 'CustomRolloutPropertiesAutoGenerated'

WARNING (PreNamer/DeduplicateName): Deduplicating schema name: 'ProviderRegistrationProperties' -> 'ProviderRegistrationPropertiesAutoGenerated'

WARNING (PreNamer/DeduplicateName): Deduplicating schema name: 'ResourceTypeRegistrationProperties' -> 'ResourceTypeRegistrationPropertiesAutoGenerated'

WARNING (PreNamer/DeduplicateName): Deduplicating schema name: 'DefaultRolloutProperties' -> 'DefaultRolloutPropertiesAutoGenerated'

WARNING (PreNamer/DeduplicateName): Deduplicating schema name: 'NotificationRegistrationProperties' -> 'NotificationRegistrationPropertiesAutoGenerated'
DEBUG [13.45 s]: modelerfour/pre-namer - END [0.31 s][166 MB]
DEBUG [13.45 s]: modelerfour/pre-namer/new-transform - START inputs = 2
DEBUG [13.45 s]: modelerfour/pre-namer/new-transform - END [0 s][166 MB]
DEBUG [13.46 s]: modelerfour/checker - START inputs = 4
DEBUG [13.69 s]: modelerfour/checker - END [0.23 s][160 MB]
DEBUG [13.69 s]: modelerfour/identity - START inputs = 2
DEBUG [13.69 s]: modelerfour/identity - END [0 s][160 MB]
DEBUG [13.69 s]: bicep - START inputs = 2
DEBUG [13.69 s]: modelerfour/emitter - START inputs = 2
DEBUG [13.69 s]: modelerfour/notags/emitter - START inputs = 2
DEBUG [13.69 s]: modelerfour/emitter - END [0 s][160 MB]
DEBUG [13.7 s]: modelerfour/notags/emitter - END [0 s][160 MB]
WARNING: Unrecognized property type: any-object. Returning 'any'.
INFORMATION: autorest.bicep took 7ms
DEBUG [13.76 s]: bicep - END [0.06 s][162 MB]
DEBUG [13.76 s]: bicep/emitter - START inputs = 2
DEBUG [13.76 s]: Emitting 'bicep-files' at file:///tmp/_bcp_1625795651387/providerhub/microsoft.providerhub/2020-11-20/types.json
DEBUG [13.76 s]: Emitting 'bicep-files' at file:///tmp/_bcp_1625795651387/providerhub/microsoft.providerhub/2020-11-20/types.md
DEBUG [13.76 s]: bicep/emitter - END [0 s][162 MB]
[13.76 s] Clearing Folders.
[13.76 s] Writing Outputs.
[13.76 s] Generation Complete
[13.76 s] Shutting Down.
[13.77 s] Exiting.
