Executing: autorest --use=/home/runner/work/bicep-types-az/bicep-types-az/src/autorest.bicep --bicep --output-folder=/tmp/_bcp_1625795651387/cloudshell --multiapi --title=none --skip-semantics-validation /home/runner/work/bicep-types-az/bicep-types-az/workflow-temp/azure-rest-api-specs/specification/cloudshell/resource-manager/readme.md --debug --verbose
AutoRest code generation utility [cli version: 3.2.1; node: v14.17.1, max-memory: 4096 MB]
(C) 2018 Microsoft Corporation.
https://aka.ms/autorest
No configuration found at 'file:///home/runner/work/bicep-types-az/bicep-types-az/src/generator/src/cmd/'.
> Including configuration file 'file:///home/runner/work/bicep-types-az/bicep-types-az/src/generator/node_modules/autorest/dist/resources/default-configuration.md'
> Including configuration file 'file:///home/runner/work/bicep-types-az/bicep-types-az/src/generator/node_modules/autorest/dist/resources/inspect.md'
> Including configuration file 'file:///home/runner/work/bicep-types-az/bicep-types-az/src/generator/node_modules/autorest/dist/resources/directives.md'
> Including configuration file 'file:///home/runner/work/bicep-types-az/bicep-types-az/src/generator/node_modules/autorest/dist/resources/pipeline.md'
> Including configuration file 'file:///home/runner/work/bicep-types-az/bicep-types-az/src/generator/node_modules/autorest/dist/resources/loader-openapi.md'
> Including configuration file 'file:///home/runner/work/bicep-types-az/bicep-types-az/src/generator/node_modules/autorest/dist/resources/miscellaneous.md'
> Including configuration file 'file:///home/runner/work/bicep-types-az/bicep-types-az/src/generator/node_modules/autorest/dist/resources/plugin-powershell.md'
> Including configuration file 'file:///home/runner/work/bicep-types-az/bicep-types-az/src/generator/node_modules/autorest/dist/resources/plugin-azureresourceschema.md'
> Including configuration file 'file:///home/runner/work/bicep-types-az/bicep-types-az/src/generator/node_modules/autorest/dist/resources/plugin-csharp.md'
> Including configuration file 'file:///home/runner/work/bicep-types-az/bicep-types-az/src/generator/node_modules/autorest/dist/resources/plugin-go.md'
> Including configuration file 'file:///home/runner/work/bicep-types-az/bicep-types-az/src/generator/node_modules/autorest/dist/resources/plugin-java.md'
> Including configuration file 'file:///home/runner/work/bicep-types-az/bicep-types-az/src/generator/node_modules/autorest/dist/resources/plugin-nodejs.md'
> Including configuration file 'file:///home/runner/work/bicep-types-az/bicep-types-az/src/generator/node_modules/autorest/dist/resources/plugin-php.md'
> Including configuration file 'file:///home/runner/work/bicep-types-az/bicep-types-az/src/generator/node_modules/autorest/dist/resources/plugin-python.md'
> Including configuration file 'file:///home/runner/work/bicep-types-az/bicep-types-az/src/generator/node_modules/autorest/dist/resources/plugin-ruby.md'
> Including configuration file 'file:///home/runner/work/bicep-types-az/bicep-types-az/src/generator/node_modules/autorest/dist/resources/plugin-typescript.md'
> Including configuration file 'file:///home/runner/work/bicep-types-az/bicep-types-az/src/generator/node_modules/autorest/dist/resources/plugin-validators.md'
> Including configuration file 'file:///home/runner/work/bicep-types-az/bicep-types-az/src/generator/node_modules/autorest/dist/resources/plugin-az.md'
> Including configuration file 'file:///home/runner/work/bicep-types-az/bicep-types-az/src/generator/node_modules/autorest/dist/resources/plugin-terraform.md'
> Including configuration file 'file:///home/runner/work/bicep-types-az/bicep-types-az/src/generator/node_modules/autorest/dist/resources/plugin-azure-functions.md'
> Including configuration file 'file:///home/runner/work/bicep-types-az/bicep-types-az/src/generator/node_modules/autorest/dist/resources/graphs.md'
> Including configuration file 'file:///home/runner/work/bicep-types-az/bicep-types-az/src/generator/node_modules/autorest/dist/resources/help-configuration.md'
> Loading local AutoRest extension '@autorest/bicep' (/home/runner/work/bicep-types-az/bicep-types-az/src/autorest.bicep)
> Including extension configuration file 'file:///home/runner/work/bicep-types-az/bicep-types-az/src/autorest.bicep/README.md'
> Including configuration file 'file:///home/runner/work/bicep-types-az/bicep-types-az/src/autorest.bicep/README.md'
> Loading AutoRest extension '@autorest/modelerfour' (https://tinyurl.com/yhlkz69y->4.20.0-ci.b8e3f92c0)
> Including extension configuration file 'file:///home/runner/.autorest/@autorest_modelerfour@4.20.0-ci.b8e3f92c0/node_modules/@autorest/modelerfour/readme.md'
> Including configuration file 'file:///home/runner/.autorest/@autorest_modelerfour@4.20.0-ci.b8e3f92c0/node_modules/@autorest/modelerfour/readme.md'
NOTE: AutoRest core version selected from configuration: https://tinyurl.com/yfjyy27f.
Network Enabled: true

There is a new version of AutoRest available (3.2.3).
 > You can install the newer version with with npm install -g autorest@latest

Starting @autorest/core from /home/runner/.autorest/@autorest_core@3.5.0-ci.b8e3f92c0/node_modules/@autorest/core
   Loading AutoRest core      '/home/runner/.autorest/@autorest_core@3.5.0-ci.b8e3f92c0/node_modules/@autorest/core/dist' (3.5.0-ci.b8e3f92c0)
VERBOSE [0.69 s]: > Including configuration file 'file:///home/runner/work/bicep-types-az/bicep-types-az/workflow-temp/azure-rest-api-specs/specification/cloudshell/resource-manager/readme.bicep.md'
VERBOSE [0.71 s]: > Initial configuration file 'file:///home/runner/work/bicep-types-az/bicep-types-az/workflow-temp/azure-rest-api-specs/specification/cloudshell/resource-manager/readme.md'
VERBOSE [0.71 s]: > Including configuration file 'file:///home/runner/work/bicep-types-az/bicep-types-az/workflow-temp/azure-rest-api-specs/specification/cloudshell/resource-manager/readme.md'
VERBOSE [0.73 s]: > Including configuration file 'file:///home/runner/.autorest/@autorest_core@3.5.0-ci.b8e3f92c0/node_modules/@autorest/core/dist/resources/default-configuration.md'
VERBOSE [0.75 s]: > Including configuration file 'file:///home/runner/.autorest/@autorest_core@3.5.0-ci.b8e3f92c0/node_modules/@autorest/core/dist/resources/inspect.md'
VERBOSE [0.77 s]: > Including configuration file 'file:///home/runner/.autorest/@autorest_core@3.5.0-ci.b8e3f92c0/node_modules/@autorest/core/dist/resources/directives.md'
VERBOSE [0.78 s]: > Including configuration file 'file:///home/runner/.autorest/@autorest_core@3.5.0-ci.b8e3f92c0/node_modules/@autorest/core/dist/resources/pipeline.md'
VERBOSE [0.81 s]: > Including configuration file 'file:///home/runner/.autorest/@autorest_core@3.5.0-ci.b8e3f92c0/node_modules/@autorest/core/dist/resources/loader-openapi.md'
VERBOSE [0.83 s]: > Including configuration file 'file:///home/runner/.autorest/@autorest_core@3.5.0-ci.b8e3f92c0/node_modules/@autorest/core/dist/resources/miscellaneous.md'
VERBOSE [0.85 s]: > Including configuration file 'file:///home/runner/.autorest/@autorest_core@3.5.0-ci.b8e3f92c0/node_modules/@autorest/core/dist/resources/plugin-powershell.md'
VERBOSE [0.87 s]: > Including configuration file 'file:///home/runner/.autorest/@autorest_core@3.5.0-ci.b8e3f92c0/node_modules/@autorest/core/dist/resources/plugin-azureresourceschema.md'
VERBOSE [0.89 s]: > Including configuration file 'file:///home/runner/.autorest/@autorest_core@3.5.0-ci.b8e3f92c0/node_modules/@autorest/core/dist/resources/plugin-csharp.md'
VERBOSE [0.9 s]: > Including configuration file 'file:///home/runner/.autorest/@autorest_core@3.5.0-ci.b8e3f92c0/node_modules/@autorest/core/dist/resources/plugin-go.md'
VERBOSE [0.92 s]: > Including configuration file 'file:///home/runner/.autorest/@autorest_core@3.5.0-ci.b8e3f92c0/node_modules/@autorest/core/dist/resources/plugin-java.md'
VERBOSE [0.94 s]: > Including configuration file 'file:///home/runner/.autorest/@autorest_core@3.5.0-ci.b8e3f92c0/node_modules/@autorest/core/dist/resources/plugin-nodejs.md'
VERBOSE [0.96 s]: > Including configuration file 'file:///home/runner/.autorest/@autorest_core@3.5.0-ci.b8e3f92c0/node_modules/@autorest/core/dist/resources/plugin-php.md'
VERBOSE [0.98 s]: > Including configuration file 'file:///home/runner/.autorest/@autorest_core@3.5.0-ci.b8e3f92c0/node_modules/@autorest/core/dist/resources/plugin-python.md'
VERBOSE [1 s]: > Including configuration file 'file:///home/runner/.autorest/@autorest_core@3.5.0-ci.b8e3f92c0/node_modules/@autorest/core/dist/resources/plugin-ruby.md'
VERBOSE [1.02 s]: > Including configuration file 'file:///home/runner/.autorest/@autorest_core@3.5.0-ci.b8e3f92c0/node_modules/@autorest/core/dist/resources/plugin-typescript.md'
VERBOSE [1.04 s]: > Including configuration file 'file:///home/runner/.autorest/@autorest_core@3.5.0-ci.b8e3f92c0/node_modules/@autorest/core/dist/resources/plugin-validators.md'
VERBOSE [1.07 s]: > Including configuration file 'file:///home/runner/.autorest/@autorest_core@3.5.0-ci.b8e3f92c0/node_modules/@autorest/core/dist/resources/plugin-az.md'
VERBOSE [1.09 s]: > Including configuration file 'file:///home/runner/.autorest/@autorest_core@3.5.0-ci.b8e3f92c0/node_modules/@autorest/core/dist/resources/plugin-terraform.md'
VERBOSE [1.11 s]: > Including configuration file 'file:///home/runner/.autorest/@autorest_core@3.5.0-ci.b8e3f92c0/node_modules/@autorest/core/dist/resources/plugin-azure-functions.md'
VERBOSE [1.14 s]: > Including configuration file 'file:///home/runner/.autorest/@autorest_core@3.5.0-ci.b8e3f92c0/node_modules/@autorest/core/dist/resources/graphs.md'
VERBOSE [1.16 s]: > Including configuration file 'file:///home/runner/.autorest/@autorest_core@3.5.0-ci.b8e3f92c0/node_modules/@autorest/core/dist/resources/help-configuration.md'
INFORMATION: > Loading local AutoRest extension '@autorest/bicep' (/home/runner/work/bicep-types-az/bicep-types-az/src/autorest.bicep)
VERBOSE [1.24 s]: > Including extension configuration file 'file:///home/runner/work/bicep-types-az/bicep-types-az/src/autorest.bicep/README.md'
VERBOSE [1.24 s]: > Including configuration file 'file:///home/runner/work/bicep-types-az/bicep-types-az/src/autorest.bicep/README.md'
INFORMATION: > Loading AutoRest extension '@autorest/modelerfour' (https://tinyurl.com/yhlkz69y->4.20.0-ci.b8e3f92c0)
VERBOSE [1.86 s]: > Including extension configuration file 'file:///home/runner/.autorest/@autorest_modelerfour@4.20.0-ci.b8e3f92c0/node_modules/@autorest/modelerfour/readme.md'
VERBOSE [1.86 s]: > Including configuration file 'file:///home/runner/.autorest/@autorest_modelerfour@4.20.0-ci.b8e3f92c0/node_modules/@autorest/modelerfour/readme.md'
Processing batch task - {"tag":"microsoft.portal-2018-10-01"} .
VERBOSE [2.09 s]: > Including configuration file 'file:///home/runner/work/bicep-types-az/bicep-types-az/workflow-temp/azure-rest-api-specs/specification/cloudshell/resource-manager/readme.bicep.md'
VERBOSE [2.09 s]: > Initial configuration file 'file:///home/runner/work/bicep-types-az/bicep-types-az/workflow-temp/azure-rest-api-specs/specification/cloudshell/resource-manager/readme.md'
VERBOSE [2.09 s]: > Including configuration file 'file:///home/runner/work/bicep-types-az/bicep-types-az/workflow-temp/azure-rest-api-specs/specification/cloudshell/resource-manager/readme.md'
VERBOSE [2.1 s]: > Including configuration file 'file:///home/runner/.autorest/@autorest_core@3.5.0-ci.b8e3f92c0/node_modules/@autorest/core/dist/resources/default-configuration.md'
VERBOSE [2.12 s]: > Including configuration file 'file:///home/runner/.autorest/@autorest_core@3.5.0-ci.b8e3f92c0/node_modules/@autorest/core/dist/resources/inspect.md'
VERBOSE [2.12 s]: > Including configuration file 'file:///home/runner/.autorest/@autorest_core@3.5.0-ci.b8e3f92c0/node_modules/@autorest/core/dist/resources/directives.md'
VERBOSE [2.14 s]: > Including configuration file 'file:///home/runner/.autorest/@autorest_core@3.5.0-ci.b8e3f92c0/node_modules/@autorest/core/dist/resources/pipeline.md'
VERBOSE [2.15 s]: > Including configuration file 'file:///home/runner/.autorest/@autorest_core@3.5.0-ci.b8e3f92c0/node_modules/@autorest/core/dist/resources/loader-openapi.md'
VERBOSE [2.16 s]: > Including configuration file 'file:///home/runner/.autorest/@autorest_core@3.5.0-ci.b8e3f92c0/node_modules/@autorest/core/dist/resources/miscellaneous.md'
VERBOSE [2.19 s]: > Including configuration file 'file:///home/runner/.autorest/@autorest_core@3.5.0-ci.b8e3f92c0/node_modules/@autorest/core/dist/resources/plugin-powershell.md'
VERBOSE [2.2 s]: > Including configuration file 'file:///home/runner/.autorest/@autorest_core@3.5.0-ci.b8e3f92c0/node_modules/@autorest/core/dist/resources/plugin-azureresourceschema.md'
VERBOSE [2.22 s]: > Including configuration file 'file:///home/runner/.autorest/@autorest_core@3.5.0-ci.b8e3f92c0/node_modules/@autorest/core/dist/resources/plugin-csharp.md'
VERBOSE [2.23 s]: > Including configuration file 'file:///home/runner/.autorest/@autorest_core@3.5.0-ci.b8e3f92c0/node_modules/@autorest/core/dist/resources/plugin-go.md'
VERBOSE [2.25 s]: > Including configuration file 'file:///home/runner/.autorest/@autorest_core@3.5.0-ci.b8e3f92c0/node_modules/@autorest/core/dist/resources/plugin-java.md'
VERBOSE [2.26 s]: > Including configuration file 'file:///home/runner/.autorest/@autorest_core@3.5.0-ci.b8e3f92c0/node_modules/@autorest/core/dist/resources/plugin-nodejs.md'
VERBOSE [2.28 s]: > Including configuration file 'file:///home/runner/.autorest/@autorest_core@3.5.0-ci.b8e3f92c0/node_modules/@autorest/core/dist/resources/plugin-php.md'
VERBOSE [2.3 s]: > Including configuration file 'file:///home/runner/.autorest/@autorest_core@3.5.0-ci.b8e3f92c0/node_modules/@autorest/core/dist/resources/plugin-python.md'
VERBOSE [2.31 s]: > Including configuration file 'file:///home/runner/.autorest/@autorest_core@3.5.0-ci.b8e3f92c0/node_modules/@autorest/core/dist/resources/plugin-ruby.md'
VERBOSE [2.33 s]: > Including configuration file 'file:///home/runner/.autorest/@autorest_core@3.5.0-ci.b8e3f92c0/node_modules/@autorest/core/dist/resources/plugin-typescript.md'
VERBOSE [2.35 s]: > Including configuration file 'file:///home/runner/.autorest/@autorest_core@3.5.0-ci.b8e3f92c0/node_modules/@autorest/core/dist/resources/plugin-validators.md'
VERBOSE [2.37 s]: > Including configuration file 'file:///home/runner/.autorest/@autorest_core@3.5.0-ci.b8e3f92c0/node_modules/@autorest/core/dist/resources/plugin-az.md'
VERBOSE [2.39 s]: > Including configuration file 'file:///home/runner/.autorest/@autorest_core@3.5.0-ci.b8e3f92c0/node_modules/@autorest/core/dist/resources/plugin-terraform.md'
VERBOSE [2.41 s]: > Including configuration file 'file:///home/runner/.autorest/@autorest_core@3.5.0-ci.b8e3f92c0/node_modules/@autorest/core/dist/resources/plugin-azure-functions.md'
VERBOSE [2.44 s]: > Including configuration file 'file:///home/runner/.autorest/@autorest_core@3.5.0-ci.b8e3f92c0/node_modules/@autorest/core/dist/resources/graphs.md'
VERBOSE [2.46 s]: > Including configuration file 'file:///home/runner/.autorest/@autorest_core@3.5.0-ci.b8e3f92c0/node_modules/@autorest/core/dist/resources/help-configuration.md'
INFORMATION: > Loading local AutoRest extension '@autorest/bicep' (/home/runner/work/bicep-types-az/bicep-types-az/src/autorest.bicep)
VERBOSE [2.53 s]: > Including extension configuration file 'file:///home/runner/work/bicep-types-az/bicep-types-az/src/autorest.bicep/README.md'
VERBOSE [2.53 s]: > Including configuration file 'file:///home/runner/work/bicep-types-az/bicep-types-az/src/autorest.bicep/README.md'
INFORMATION: > Loading AutoRest extension '@autorest/modelerfour' (https://tinyurl.com/yhlkz69y->4.20.0-ci.b8e3f92c0)
VERBOSE [3.08 s]: > Including extension configuration file 'file:///home/runner/.autorest/@autorest_modelerfour@4.20.0-ci.b8e3f92c0/node_modules/@autorest/modelerfour/readme.md'
VERBOSE [3.08 s]: > Including configuration file 'file:///home/runner/.autorest/@autorest_modelerfour@4.20.0-ci.b8e3f92c0/node_modules/@autorest/modelerfour/readme.md'
DEBUG [3.71 s]: swagger-document/loader-swagger - START inputs = 0
DEBUG [3.71 s]: openapi-document/loader-openapi - START inputs = 0
DEBUG [3.71 s]: pipeline-emitter - START inputs = 0
DEBUG [3.71 s]: configuration-emitter - START inputs = 0
DEBUG [3.71 s]: pipeline-emitter - END [0.05 s][86 MB]
DEBUG [3.71 s]: configuration-emitter - END [0.05 s][86 MB]
VERBOSE [3.74 s]: Reading OpenAPI 2.0 file file:///home/runner/work/bicep-types-az/bicep-types-az/workflow-temp/azure-rest-api-specs/specification/cloudshell/resource-manager/Microsoft.Portal/stable/2018-10-01/CloudShell.json
DEBUG [3.74 s]: openapi-document/loader-openapi - END [0.08 s][90 MB]
DEBUG [3.79 s]: openapi-document/individual/transform - SKIPPING
DEBUG [3.79 s]: openapi-document/individual/schema-validator-openapi - SKIPPING
DEBUG [3.79 s]: openapi-document/individual/identity - SKIPPING
DEBUG [3.82 s]: swagger-document/loader-swagger - END [0.16 s][96 MB]
DEBUG [3.82 s]: swagger-document/individual/transform - START inputs = 1
DEBUG [3.87 s]: swagger-document/individual/transform - END [0.04 s][96 MB]
DEBUG [3.87 s]: swagger-document/individual/schema-validator-swagger - START inputs = 1
DEBUG [4.15 s]: swagger-document/individual/schema-validator-swagger - END [0.28 s][105 MB]
DEBUG [4.15 s]: swagger-document/identity - START inputs = 1
DEBUG [4.15 s]: swagger-document/individual/identity - START inputs = 1
DEBUG [4.15 s]: swagger-document/identity - END [0 s][105 MB]
DEBUG [4.15 s]: swagger-document/individual/identity - END [0 s][105 MB]
DEBUG [4.15 s]: openapi-document/openapi-document-converter - START inputs = 1
DEBUG [4.2 s]: openapi-document/openapi-document-converter - END [0.04 s][102 MB]
DEBUG [4.2 s]: openapi-document/transform - START inputs = 1
DEBUG [4.21 s]: openapi-document/transform - END [0 s][104 MB]
DEBUG [4.21 s]: openapi-document/semantic-validator - START inputs = 1
WARNING: Semantic validation was skipped.
DEBUG [4.21 s]: openapi-document/semantic-validator - END [0 s][104 MB]
DEBUG [4.21 s]: openapi-document/allof-cleaner - START inputs = 1
DEBUG [4.21 s]: openapi-document/allof-cleaner - END [0 s][105 MB]
DEBUG [4.21 s]: openapi-document/tree-shaker - START inputs = 1
DEBUG [4.26 s]: openapi-document/tree-shaker - END [0.05 s][107 MB]
DEBUG [4.26 s]: openapi-document/multi-api-merger - START inputs = 1
DEBUG [4.34 s]: openapi-document/multi-api-merger - END [0.07 s][106 MB]
DEBUG [4.34 s]: openapi-document/components-cleaner - START inputs = 1
DEBUG [4.4 s]: openapi-document/components-cleaner - END [0.05 s][113 MB]
DEBUG [4.4 s]: openapi-document/component-modifiers - START inputs = 1
DEBUG [4.41 s]: openapi-document/component-modifiers - END [0 s][118 MB]
DEBUG [4.41 s]: openapi-document/api-version-parameter-handler - START inputs = 1
DEBUG [4.41 s]: openapi-document/api-version-parameter-handler - END [0 s][118 MB]
DEBUG [4.41 s]: openapi-document/profile-filter - START inputs = 1
DEBUG [4.41 s]: openapi-document/profile-filter - END [0 s][118 MB]
DEBUG [4.41 s]: openapi-document/model-deduplicator - START inputs = 1
DEBUG [4.41 s]: openapi-document/emitter - START inputs = 1
DEBUG [4.41 s]: openapi-document/model-deduplicator - END [0 s][118 MB]
DEBUG [4.41 s]: openapi-document/emitter - END [0 s][118 MB]
DEBUG [4.41 s]: openapi-document/enum-deduplicator - START inputs = 1
DEBUG [4.52 s]: openapi-document/enum-deduplicator - END [0.1 s][119 MB]
DEBUG [4.52 s]: openapi-document/subset-reducer - START inputs = 1
DEBUG [4.52 s]: openapi-document/subset-reducer - END [0 s][119 MB]
DEBUG [4.52 s]: openapi-document/quick-check - START inputs = 1
DEBUG [4.52 s]: openapi-document/multi-api/reset-identity - START inputs = 1
DEBUG [4.53 s]: openapi-document/quick-check - END [0 s][124 MB]
DEBUG [4.53 s]: openapi-document/multi-api/reset-identity - END [0 s][124 MB]
DEBUG [4.53 s]: openapi-document/multi-api/identity - START inputs = 1
DEBUG [4.53 s]: openapi-document/multi-api/identity - END [0 s][124 MB]
DEBUG [4.53 s]: openapi-document/multi-api/emitter - START inputs = 1
DEBUG [4.53 s]: prechecker - START inputs = 1
DEBUG [4.53 s]: openapi-document/multi-api/emitter - END [0 s][124 MB]

WARNING (PreCheck/CheckDuplicateSchemas): Checking for duplicate schemas, this could take a (long) while.  Run with --verbose for more detail.
VERBOSE [4.57 s]: Found and removed 0 duplicate schema
DEBUG [4.8 s]: prechecker - END [0.27 s][126 MB]
DEBUG [4.8 s]: modelerfour - START inputs = 2
VERBOSE [4.85 s]:   ModelerFour/api-version-mode:client
VERBOSE [4.85 s]:   ModelerFour/api-version-parameter:constant
VERBOSE [4.85 s]:   ModelerFour/use-model-namespace:false

WARNING (UnkownSecurityScheme): Security scheme azure_auth is unknown and will not be processed. Only supported types are AADToken,AzureKey,Anonymous

WARNING (SecurityDefinedSpecAndConfig): OpenAPI spec has a security definition but autorest security config is defined. Security config from autorest will be used.

WARNING (Modeler/MissingType): The schema 'Resource' has no type or format information whatsoever. Location:
   file:///home/runner/work/bicep-types-az/bicep-types-az/workflow-temp/azure-rest-api-specs/specification/cloudshell/resource-manager/Microsoft.Portal/stable/2018-10-01/CloudShell.json#/components/schemas/Resource
DEBUG [4.95 s]: modelerfour - END [0.15 s][128 MB]
DEBUG [4.95 s]: modelerfour/new-transform - START inputs = 2
DEBUG [4.95 s]: modelerfour/new-transform - END [0 s][128 MB]
DEBUG [4.95 s]: modelerfour/flattener - START inputs = 2
DEBUG [5.02 s]: modelerfour/flattener - END [0.06 s][129 MB]
DEBUG [5.02 s]: modelerfour/flattener/new-transform - START inputs = 2
DEBUG [5.02 s]: modelerfour/flattener/new-transform - END [0 s][129 MB]
DEBUG [5.02 s]: modelerfour/grouper - START inputs = 2
DEBUG [5.07 s]: modelerfour/grouper - END [0.04 s][131 MB]
DEBUG [5.07 s]: modelerfour/grouper/new-transform - START inputs = 2
DEBUG [5.07 s]: modelerfour/grouper/new-transform - END [0 s][131 MB]
DEBUG [5.07 s]: modelerfour/pre-namer - START inputs = 2
DEBUG [5.12 s]: modelerfour/pre-namer - END [0.05 s][133 MB]
DEBUG [5.12 s]: modelerfour/pre-namer/new-transform - START inputs = 2
DEBUG [5.12 s]: modelerfour/pre-namer/new-transform - END [0 s][133 MB]
DEBUG [5.12 s]: modelerfour/checker - START inputs = 4
DEBUG [5.16 s]: modelerfour/checker - END [0.03 s][123 MB]
DEBUG [5.16 s]: modelerfour/identity - START inputs = 2
DEBUG [5.16 s]: modelerfour/identity - END [0 s][123 MB]
DEBUG [5.16 s]: bicep - START inputs = 2
DEBUG [5.16 s]: modelerfour/emitter - START inputs = 2
DEBUG [5.16 s]: modelerfour/notags/emitter - START inputs = 2
DEBUG [5.16 s]: modelerfour/emitter - END [0 s][123 MB]
DEBUG [5.16 s]: modelerfour/notags/emitter - END [0 s][123 MB]
WARNING: Skipping resource type microsoft.portal/locations/usersettings under path '/providers/Microsoft.Portal/locations/{location}/userSettings/{userSettingsName}': Unable to locate parameter with name 'userSettingsName'
WARNING: Skipping resource type microsoft.portal/locations/consoles under path '/providers/Microsoft.Portal/locations/{location}/consoles/{consoleName}': Unable to locate parameter with name 'consoleName'
WARNING: Skipping resource type microsoft.portal/usersettings under path '/providers/Microsoft.Portal/userSettings/{userSettingsName}': Unable to locate parameter with name 'userSettingsName'
WARNING: Skipping resource type microsoft.portal/consoles under path '/providers/Microsoft.Portal/consoles/{consoleName}': Unable to locate parameter with name 'consoleName'
INFORMATION: autorest.bicep took 3ms
DEBUG [5.22 s]: bicep - END [0.05 s][124 MB]
DEBUG [5.22 s]: bicep/emitter - START inputs = 2
DEBUG [5.22 s]: Emitting 'bicep-files' at file:///tmp/_bcp_1625795651387/cloudshell/microsoft.portal/2018-10-01/types.json
DEBUG [5.22 s]: Emitting 'bicep-files' at file:///tmp/_bcp_1625795651387/cloudshell/microsoft.portal/2018-10-01/types.md
DEBUG [5.22 s]: bicep/emitter - END [0 s][124 MB]
[5.22 s] Clearing Folders.
[5.22 s] Writing Outputs.
[5.22 s] Generation Complete
[5.22 s] Shutting Down.
[5.22 s] Exiting.
