Executing: autorest --use=/home/runner/work/bicep-types-az/bicep-types-az/src/autorest.bicep --bicep --output-folder=/tmp/_bcp_1625795651387/windowsesu --multiapi --title=none --skip-semantics-validation /home/runner/work/bicep-types-az/bicep-types-az/workflow-temp/azure-rest-api-specs/specification/windowsesu/resource-manager/readme.md --debug --verbose
AutoRest code generation utility [cli version: 3.2.1; node: v14.17.1, max-memory: 4096 MB]
(C) 2018 Microsoft Corporation.
https://aka.ms/autorest
No configuration found at 'file:///home/runner/work/bicep-types-az/bicep-types-az/src/generator/src/cmd/'.
> Including configuration file 'file:///home/runner/work/bicep-types-az/bicep-types-az/src/generator/node_modules/autorest/dist/resources/default-configuration.md'
> Including configuration file 'file:///home/runner/work/bicep-types-az/bicep-types-az/src/generator/node_modules/autorest/dist/resources/inspect.md'
> Including configuration file 'file:///home/runner/work/bicep-types-az/bicep-types-az/src/generator/node_modules/autorest/dist/resources/directives.md'
> Including configuration file 'file:///home/runner/work/bicep-types-az/bicep-types-az/src/generator/node_modules/autorest/dist/resources/pipeline.md'
> Including configuration file 'file:///home/runner/work/bicep-types-az/bicep-types-az/src/generator/node_modules/autorest/dist/resources/loader-openapi.md'
> Including configuration file 'file:///home/runner/work/bicep-types-az/bicep-types-az/src/generator/node_modules/autorest/dist/resources/miscellaneous.md'
> Including configuration file 'file:///home/runner/work/bicep-types-az/bicep-types-az/src/generator/node_modules/autorest/dist/resources/plugin-powershell.md'
> Including configuration file 'file:///home/runner/work/bicep-types-az/bicep-types-az/src/generator/node_modules/autorest/dist/resources/plugin-azureresourceschema.md'
> Including configuration file 'file:///home/runner/work/bicep-types-az/bicep-types-az/src/generator/node_modules/autorest/dist/resources/plugin-csharp.md'
> Including configuration file 'file:///home/runner/work/bicep-types-az/bicep-types-az/src/generator/node_modules/autorest/dist/resources/plugin-go.md'
> Including configuration file 'file:///home/runner/work/bicep-types-az/bicep-types-az/src/generator/node_modules/autorest/dist/resources/plugin-java.md'
> Including configuration file 'file:///home/runner/work/bicep-types-az/bicep-types-az/src/generator/node_modules/autorest/dist/resources/plugin-nodejs.md'
> Including configuration file 'file:///home/runner/work/bicep-types-az/bicep-types-az/src/generator/node_modules/autorest/dist/resources/plugin-php.md'
> Including configuration file 'file:///home/runner/work/bicep-types-az/bicep-types-az/src/generator/node_modules/autorest/dist/resources/plugin-python.md'
> Including configuration file 'file:///home/runner/work/bicep-types-az/bicep-types-az/src/generator/node_modules/autorest/dist/resources/plugin-ruby.md'
> Including configuration file 'file:///home/runner/work/bicep-types-az/bicep-types-az/src/generator/node_modules/autorest/dist/resources/plugin-typescript.md'
> Including configuration file 'file:///home/runner/work/bicep-types-az/bicep-types-az/src/generator/node_modules/autorest/dist/resources/plugin-validators.md'
> Including configuration file 'file:///home/runner/work/bicep-types-az/bicep-types-az/src/generator/node_modules/autorest/dist/resources/plugin-az.md'
> Including configuration file 'file:///home/runner/work/bicep-types-az/bicep-types-az/src/generator/node_modules/autorest/dist/resources/plugin-terraform.md'
> Including configuration file 'file:///home/runner/work/bicep-types-az/bicep-types-az/src/generator/node_modules/autorest/dist/resources/plugin-azure-functions.md'
> Including configuration file 'file:///home/runner/work/bicep-types-az/bicep-types-az/src/generator/node_modules/autorest/dist/resources/graphs.md'
> Including configuration file 'file:///home/runner/work/bicep-types-az/bicep-types-az/src/generator/node_modules/autorest/dist/resources/help-configuration.md'
> Loading local AutoRest extension '@autorest/bicep' (/home/runner/work/bicep-types-az/bicep-types-az/src/autorest.bicep)
> Including extension configuration file 'file:///home/runner/work/bicep-types-az/bicep-types-az/src/autorest.bicep/README.md'
> Including configuration file 'file:///home/runner/work/bicep-types-az/bicep-types-az/src/autorest.bicep/README.md'
> Loading AutoRest extension '@autorest/modelerfour' (https://tinyurl.com/yhlkz69y->4.20.0-ci.b8e3f92c0)
> Including extension configuration file 'file:///home/runner/.autorest/@autorest_modelerfour@4.20.0-ci.b8e3f92c0/node_modules/@autorest/modelerfour/readme.md'
> Including configuration file 'file:///home/runner/.autorest/@autorest_modelerfour@4.20.0-ci.b8e3f92c0/node_modules/@autorest/modelerfour/readme.md'
NOTE: AutoRest core version selected from configuration: https://tinyurl.com/yfjyy27f.
Network Enabled: true

There is a new version of AutoRest available (3.2.3).
 > You can install the newer version with with npm install -g autorest@latest

Starting @autorest/core from /home/runner/.autorest/@autorest_core@3.5.0-ci.b8e3f92c0/node_modules/@autorest/core
   Loading AutoRest core      '/home/runner/.autorest/@autorest_core@3.5.0-ci.b8e3f92c0/node_modules/@autorest/core/dist' (3.5.0-ci.b8e3f92c0)
VERBOSE [0.69 s]: > Including configuration file 'file:///home/runner/work/bicep-types-az/bicep-types-az/workflow-temp/azure-rest-api-specs/specification/windowsesu/resource-manager/readme.bicep.md'
VERBOSE [0.7 s]: > Initial configuration file 'file:///home/runner/work/bicep-types-az/bicep-types-az/workflow-temp/azure-rest-api-specs/specification/windowsesu/resource-manager/readme.md'
VERBOSE [0.7 s]: > Including configuration file 'file:///home/runner/work/bicep-types-az/bicep-types-az/workflow-temp/azure-rest-api-specs/specification/windowsesu/resource-manager/readme.md'
VERBOSE [0.72 s]: > Including configuration file 'file:///home/runner/.autorest/@autorest_core@3.5.0-ci.b8e3f92c0/node_modules/@autorest/core/dist/resources/default-configuration.md'
VERBOSE [0.73 s]: > Including configuration file 'file:///home/runner/.autorest/@autorest_core@3.5.0-ci.b8e3f92c0/node_modules/@autorest/core/dist/resources/inspect.md'
VERBOSE [0.74 s]: > Including configuration file 'file:///home/runner/.autorest/@autorest_core@3.5.0-ci.b8e3f92c0/node_modules/@autorest/core/dist/resources/directives.md'
VERBOSE [0.76 s]: > Including configuration file 'file:///home/runner/.autorest/@autorest_core@3.5.0-ci.b8e3f92c0/node_modules/@autorest/core/dist/resources/pipeline.md'
VERBOSE [0.77 s]: > Including configuration file 'file:///home/runner/.autorest/@autorest_core@3.5.0-ci.b8e3f92c0/node_modules/@autorest/core/dist/resources/loader-openapi.md'
VERBOSE [0.79 s]: > Including configuration file 'file:///home/runner/.autorest/@autorest_core@3.5.0-ci.b8e3f92c0/node_modules/@autorest/core/dist/resources/miscellaneous.md'
VERBOSE [0.8 s]: > Including configuration file 'file:///home/runner/.autorest/@autorest_core@3.5.0-ci.b8e3f92c0/node_modules/@autorest/core/dist/resources/plugin-powershell.md'
VERBOSE [0.82 s]: > Including configuration file 'file:///home/runner/.autorest/@autorest_core@3.5.0-ci.b8e3f92c0/node_modules/@autorest/core/dist/resources/plugin-azureresourceschema.md'
VERBOSE [0.84 s]: > Including configuration file 'file:///home/runner/.autorest/@autorest_core@3.5.0-ci.b8e3f92c0/node_modules/@autorest/core/dist/resources/plugin-csharp.md'
VERBOSE [0.86 s]: > Including configuration file 'file:///home/runner/.autorest/@autorest_core@3.5.0-ci.b8e3f92c0/node_modules/@autorest/core/dist/resources/plugin-go.md'
VERBOSE [0.87 s]: > Including configuration file 'file:///home/runner/.autorest/@autorest_core@3.5.0-ci.b8e3f92c0/node_modules/@autorest/core/dist/resources/plugin-java.md'
VERBOSE [0.88 s]: > Including configuration file 'file:///home/runner/.autorest/@autorest_core@3.5.0-ci.b8e3f92c0/node_modules/@autorest/core/dist/resources/plugin-nodejs.md'
VERBOSE [0.9 s]: > Including configuration file 'file:///home/runner/.autorest/@autorest_core@3.5.0-ci.b8e3f92c0/node_modules/@autorest/core/dist/resources/plugin-php.md'
VERBOSE [0.92 s]: > Including configuration file 'file:///home/runner/.autorest/@autorest_core@3.5.0-ci.b8e3f92c0/node_modules/@autorest/core/dist/resources/plugin-python.md'
VERBOSE [0.94 s]: > Including configuration file 'file:///home/runner/.autorest/@autorest_core@3.5.0-ci.b8e3f92c0/node_modules/@autorest/core/dist/resources/plugin-ruby.md'
VERBOSE [0.96 s]: > Including configuration file 'file:///home/runner/.autorest/@autorest_core@3.5.0-ci.b8e3f92c0/node_modules/@autorest/core/dist/resources/plugin-typescript.md'
VERBOSE [0.98 s]: > Including configuration file 'file:///home/runner/.autorest/@autorest_core@3.5.0-ci.b8e3f92c0/node_modules/@autorest/core/dist/resources/plugin-validators.md'
VERBOSE [1 s]: > Including configuration file 'file:///home/runner/.autorest/@autorest_core@3.5.0-ci.b8e3f92c0/node_modules/@autorest/core/dist/resources/plugin-az.md'
VERBOSE [1.02 s]: > Including configuration file 'file:///home/runner/.autorest/@autorest_core@3.5.0-ci.b8e3f92c0/node_modules/@autorest/core/dist/resources/plugin-terraform.md'
VERBOSE [1.04 s]: > Including configuration file 'file:///home/runner/.autorest/@autorest_core@3.5.0-ci.b8e3f92c0/node_modules/@autorest/core/dist/resources/plugin-azure-functions.md'
VERBOSE [1.06 s]: > Including configuration file 'file:///home/runner/.autorest/@autorest_core@3.5.0-ci.b8e3f92c0/node_modules/@autorest/core/dist/resources/graphs.md'
VERBOSE [1.09 s]: > Including configuration file 'file:///home/runner/.autorest/@autorest_core@3.5.0-ci.b8e3f92c0/node_modules/@autorest/core/dist/resources/help-configuration.md'
INFORMATION: > Loading local AutoRest extension '@autorest/bicep' (/home/runner/work/bicep-types-az/bicep-types-az/src/autorest.bicep)
VERBOSE [1.16 s]: > Including extension configuration file 'file:///home/runner/work/bicep-types-az/bicep-types-az/src/autorest.bicep/README.md'
VERBOSE [1.16 s]: > Including configuration file 'file:///home/runner/work/bicep-types-az/bicep-types-az/src/autorest.bicep/README.md'
INFORMATION: > Loading AutoRest extension '@autorest/modelerfour' (https://tinyurl.com/yhlkz69y->4.20.0-ci.b8e3f92c0)
VERBOSE [1.81 s]: > Including extension configuration file 'file:///home/runner/.autorest/@autorest_modelerfour@4.20.0-ci.b8e3f92c0/node_modules/@autorest/modelerfour/readme.md'
VERBOSE [1.81 s]: > Including configuration file 'file:///home/runner/.autorest/@autorest_modelerfour@4.20.0-ci.b8e3f92c0/node_modules/@autorest/modelerfour/readme.md'
Processing batch task - {"tag":"microsoft.windowsesu-2019-09-16-preview"} .
VERBOSE [2.02 s]: > Including configuration file 'file:///home/runner/work/bicep-types-az/bicep-types-az/workflow-temp/azure-rest-api-specs/specification/windowsesu/resource-manager/readme.bicep.md'
VERBOSE [2.02 s]: > Initial configuration file 'file:///home/runner/work/bicep-types-az/bicep-types-az/workflow-temp/azure-rest-api-specs/specification/windowsesu/resource-manager/readme.md'
VERBOSE [2.02 s]: > Including configuration file 'file:///home/runner/work/bicep-types-az/bicep-types-az/workflow-temp/azure-rest-api-specs/specification/windowsesu/resource-manager/readme.md'
VERBOSE [2.03 s]: > Including configuration file 'file:///home/runner/.autorest/@autorest_core@3.5.0-ci.b8e3f92c0/node_modules/@autorest/core/dist/resources/default-configuration.md'
VERBOSE [2.04 s]: > Including configuration file 'file:///home/runner/.autorest/@autorest_core@3.5.0-ci.b8e3f92c0/node_modules/@autorest/core/dist/resources/inspect.md'
VERBOSE [2.05 s]: > Including configuration file 'file:///home/runner/.autorest/@autorest_core@3.5.0-ci.b8e3f92c0/node_modules/@autorest/core/dist/resources/directives.md'
VERBOSE [2.07 s]: > Including configuration file 'file:///home/runner/.autorest/@autorest_core@3.5.0-ci.b8e3f92c0/node_modules/@autorest/core/dist/resources/pipeline.md'
VERBOSE [2.08 s]: > Including configuration file 'file:///home/runner/.autorest/@autorest_core@3.5.0-ci.b8e3f92c0/node_modules/@autorest/core/dist/resources/loader-openapi.md'
VERBOSE [2.09 s]: > Including configuration file 'file:///home/runner/.autorest/@autorest_core@3.5.0-ci.b8e3f92c0/node_modules/@autorest/core/dist/resources/miscellaneous.md'
VERBOSE [2.1 s]: > Including configuration file 'file:///home/runner/.autorest/@autorest_core@3.5.0-ci.b8e3f92c0/node_modules/@autorest/core/dist/resources/plugin-powershell.md'
VERBOSE [2.11 s]: > Including configuration file 'file:///home/runner/.autorest/@autorest_core@3.5.0-ci.b8e3f92c0/node_modules/@autorest/core/dist/resources/plugin-azureresourceschema.md'
VERBOSE [2.12 s]: > Including configuration file 'file:///home/runner/.autorest/@autorest_core@3.5.0-ci.b8e3f92c0/node_modules/@autorest/core/dist/resources/plugin-csharp.md'
VERBOSE [2.14 s]: > Including configuration file 'file:///home/runner/.autorest/@autorest_core@3.5.0-ci.b8e3f92c0/node_modules/@autorest/core/dist/resources/plugin-go.md'
VERBOSE [2.16 s]: > Including configuration file 'file:///home/runner/.autorest/@autorest_core@3.5.0-ci.b8e3f92c0/node_modules/@autorest/core/dist/resources/plugin-java.md'
VERBOSE [2.17 s]: > Including configuration file 'file:///home/runner/.autorest/@autorest_core@3.5.0-ci.b8e3f92c0/node_modules/@autorest/core/dist/resources/plugin-nodejs.md'
VERBOSE [2.19 s]: > Including configuration file 'file:///home/runner/.autorest/@autorest_core@3.5.0-ci.b8e3f92c0/node_modules/@autorest/core/dist/resources/plugin-php.md'
VERBOSE [2.2 s]: > Including configuration file 'file:///home/runner/.autorest/@autorest_core@3.5.0-ci.b8e3f92c0/node_modules/@autorest/core/dist/resources/plugin-python.md'
VERBOSE [2.22 s]: > Including configuration file 'file:///home/runner/.autorest/@autorest_core@3.5.0-ci.b8e3f92c0/node_modules/@autorest/core/dist/resources/plugin-ruby.md'
VERBOSE [2.23 s]: > Including configuration file 'file:///home/runner/.autorest/@autorest_core@3.5.0-ci.b8e3f92c0/node_modules/@autorest/core/dist/resources/plugin-typescript.md'
VERBOSE [2.25 s]: > Including configuration file 'file:///home/runner/.autorest/@autorest_core@3.5.0-ci.b8e3f92c0/node_modules/@autorest/core/dist/resources/plugin-validators.md'
VERBOSE [2.27 s]: > Including configuration file 'file:///home/runner/.autorest/@autorest_core@3.5.0-ci.b8e3f92c0/node_modules/@autorest/core/dist/resources/plugin-az.md'
VERBOSE [2.29 s]: > Including configuration file 'file:///home/runner/.autorest/@autorest_core@3.5.0-ci.b8e3f92c0/node_modules/@autorest/core/dist/resources/plugin-terraform.md'
VERBOSE [2.31 s]: > Including configuration file 'file:///home/runner/.autorest/@autorest_core@3.5.0-ci.b8e3f92c0/node_modules/@autorest/core/dist/resources/plugin-azure-functions.md'
VERBOSE [2.33 s]: > Including configuration file 'file:///home/runner/.autorest/@autorest_core@3.5.0-ci.b8e3f92c0/node_modules/@autorest/core/dist/resources/graphs.md'
VERBOSE [2.35 s]: > Including configuration file 'file:///home/runner/.autorest/@autorest_core@3.5.0-ci.b8e3f92c0/node_modules/@autorest/core/dist/resources/help-configuration.md'
INFORMATION: > Loading local AutoRest extension '@autorest/bicep' (/home/runner/work/bicep-types-az/bicep-types-az/src/autorest.bicep)
VERBOSE [2.41 s]: > Including extension configuration file 'file:///home/runner/work/bicep-types-az/bicep-types-az/src/autorest.bicep/README.md'
VERBOSE [2.41 s]: > Including configuration file 'file:///home/runner/work/bicep-types-az/bicep-types-az/src/autorest.bicep/README.md'
INFORMATION: > Loading AutoRest extension '@autorest/modelerfour' (https://tinyurl.com/yhlkz69y->4.20.0-ci.b8e3f92c0)
VERBOSE [2.99 s]: > Including extension configuration file 'file:///home/runner/.autorest/@autorest_modelerfour@4.20.0-ci.b8e3f92c0/node_modules/@autorest/modelerfour/readme.md'
VERBOSE [2.99 s]: > Including configuration file 'file:///home/runner/.autorest/@autorest_modelerfour@4.20.0-ci.b8e3f92c0/node_modules/@autorest/modelerfour/readme.md'
DEBUG [3.61 s]: swagger-document/loader-swagger - START inputs = 0
DEBUG [3.61 s]: openapi-document/loader-openapi - START inputs = 0
DEBUG [3.61 s]: pipeline-emitter - START inputs = 0
DEBUG [3.61 s]: configuration-emitter - START inputs = 0
DEBUG [3.61 s]: pipeline-emitter - END [0.06 s][81 MB]
DEBUG [3.61 s]: configuration-emitter - END [0.06 s][81 MB]
VERBOSE [3.63 s]: Reading OpenAPI 2.0 file file:///home/runner/work/bicep-types-az/bicep-types-az/workflow-temp/azure-rest-api-specs/specification/windowsesu/resource-manager/Microsoft.WindowsESU/preview/2019-09-16-preview/windowsesu.json
DEBUG [3.64 s]: openapi-document/loader-openapi - END [0.08 s][83 MB]
VERBOSE [3.67 s]: Reading $ref'd file file:///home/runner/work/bicep-types-az/bicep-types-az/workflow-temp/azure-rest-api-specs/specification/common-types/resource-management/v1/types.json
DEBUG [3.67 s]: openapi-document/individual/transform - SKIPPING
DEBUG [3.67 s]: openapi-document/individual/schema-validator-openapi - SKIPPING
DEBUG [3.67 s]: openapi-document/individual/identity - SKIPPING
DEBUG [3.72 s]: swagger-document/loader-swagger - END [0.17 s][91 MB]
DEBUG [3.74 s]: swagger-document/individual/transform - START inputs = 2
DEBUG [3.78 s]: swagger-document/individual/transform - END [0.04 s][91 MB]
DEBUG [3.78 s]: swagger-document/individual/schema-validator-swagger - START inputs = 2
DEBUG [4.07 s]: swagger-document/individual/schema-validator-swagger - END [0.28 s][99 MB]
DEBUG [4.07 s]: swagger-document/identity - START inputs = 2
DEBUG [4.07 s]: swagger-document/individual/identity - START inputs = 2
DEBUG [4.07 s]: swagger-document/identity - END [0 s][99 MB]
DEBUG [4.07 s]: swagger-document/individual/identity - END [0 s][99 MB]
DEBUG [4.07 s]: openapi-document/openapi-document-converter - START inputs = 2
DEBUG [4.11 s]: openapi-document/openapi-document-converter - END [0.04 s][96 MB]
DEBUG [4.11 s]: openapi-document/transform - START inputs = 2
DEBUG [4.12 s]: openapi-document/transform - END [0 s][98 MB]
DEBUG [4.12 s]: openapi-document/semantic-validator - START inputs = 2
WARNING: Semantic validation was skipped.
DEBUG [4.12 s]: openapi-document/semantic-validator - END [0 s][98 MB]
DEBUG [4.12 s]: openapi-document/allof-cleaner - START inputs = 2
DEBUG [4.12 s]: openapi-document/allof-cleaner - END [0 s][99 MB]
DEBUG [4.12 s]: openapi-document/tree-shaker - START inputs = 2
DEBUG [4.18 s]: openapi-document/tree-shaker - END [0.05 s][102 MB]
DEBUG [4.18 s]: openapi-document/multi-api-merger - START inputs = 2
DEBUG [4.26 s]: openapi-document/multi-api-merger - END [0.07 s][105 MB]
DEBUG [4.26 s]: openapi-document/components-cleaner - START inputs = 1
DEBUG [4.3 s]: openapi-document/components-cleaner - END [0.04 s][115 MB]
DEBUG [4.31 s]: openapi-document/component-modifiers - START inputs = 1
DEBUG [4.31 s]: openapi-document/component-modifiers - END [0 s][109 MB]
DEBUG [4.31 s]: openapi-document/api-version-parameter-handler - START inputs = 1
DEBUG [4.31 s]: openapi-document/api-version-parameter-handler - END [0 s][109 MB]
DEBUG [4.31 s]: openapi-document/profile-filter - START inputs = 1
DEBUG [4.31 s]: openapi-document/profile-filter - END [0 s][109 MB]
DEBUG [4.31 s]: openapi-document/model-deduplicator - START inputs = 1
DEBUG [4.31 s]: openapi-document/emitter - START inputs = 1
DEBUG [4.31 s]: openapi-document/model-deduplicator - END [0 s][109 MB]
DEBUG [4.31 s]: openapi-document/emitter - END [0 s][109 MB]
DEBUG [4.31 s]: openapi-document/enum-deduplicator - START inputs = 1
DEBUG [4.38 s]: openapi-document/enum-deduplicator - END [0.06 s][121 MB]
DEBUG [4.38 s]: openapi-document/subset-reducer - START inputs = 1
DEBUG [4.38 s]: openapi-document/subset-reducer - END [0 s][108 MB]
DEBUG [4.38 s]: openapi-document/quick-check - START inputs = 1
DEBUG [4.38 s]: openapi-document/multi-api/reset-identity - START inputs = 1
DEBUG [4.39 s]: openapi-document/quick-check - END [0 s][112 MB]
DEBUG [4.39 s]: openapi-document/multi-api/reset-identity - END [0 s][112 MB]
DEBUG [4.39 s]: openapi-document/multi-api/identity - START inputs = 1
DEBUG [4.39 s]: openapi-document/multi-api/identity - END [0 s][112 MB]
DEBUG [4.39 s]: openapi-document/multi-api/emitter - START inputs = 1
DEBUG [4.39 s]: prechecker - START inputs = 1
DEBUG [4.39 s]: openapi-document/multi-api/emitter - END [0 s][112 MB]

WARNING (PreCheck/SchemaMissingType): The schema 'ErrorResponse' with an undefined type and declared properties is a bit ambiguous. This has been auto-corrected to 'type:object'

WARNING (PreCheck/SchemaMissingType): The schema 'ErrorDefinition' with an undefined type and declared properties is a bit ambiguous. This has been auto-corrected to 'type:object'

WARNING (PreCheck/CheckDuplicateSchemas): Checking for duplicate schemas, this could take a (long) while.  Run with --verbose for more detail.
VERBOSE [4.43 s]: Found and removed 0 duplicate schema
DEBUG [4.63 s]: prechecker - END [0.23 s][114 MB]
DEBUG [4.63 s]: modelerfour - START inputs = 2
VERBOSE [4.68 s]:   ModelerFour/api-version-mode:client
VERBOSE [4.68 s]:   ModelerFour/api-version-parameter:constant
VERBOSE [4.68 s]:   ModelerFour/use-model-namespace:false

WARNING (UnkownSecurityScheme): Security scheme azure_auth is unknown and will not be processed. Only supported types are AADToken,AzureKey,Anonymous
DEBUG [4.77 s]: modelerfour - END [0.14 s][115 MB]
DEBUG [4.77 s]: modelerfour/new-transform - START inputs = 2
DEBUG [4.77 s]: modelerfour/new-transform - END [0 s][115 MB]
DEBUG [4.77 s]: modelerfour/flattener - START inputs = 2
DEBUG [4.82 s]: modelerfour/flattener - END [0.04 s][116 MB]
DEBUG [4.82 s]: modelerfour/flattener/new-transform - START inputs = 2
DEBUG [4.82 s]: modelerfour/flattener/new-transform - END [0 s][116 MB]
DEBUG [4.82 s]: modelerfour/grouper - START inputs = 2
DEBUG [4.86 s]: modelerfour/grouper - END [0.03 s][118 MB]
DEBUG [4.86 s]: modelerfour/grouper/new-transform - START inputs = 2
DEBUG [4.86 s]: modelerfour/grouper/new-transform - END [0 s][118 MB]
DEBUG [4.86 s]: modelerfour/pre-namer - START inputs = 2
DEBUG [4.91 s]: modelerfour/pre-namer - END [0.04 s][119 MB]
DEBUG [4.91 s]: modelerfour/pre-namer/new-transform - START inputs = 2
DEBUG [4.91 s]: modelerfour/pre-namer/new-transform - END [0 s][119 MB]
DEBUG [4.91 s]: modelerfour/checker - START inputs = 4
DEBUG [4.93 s]: modelerfour/checker - END [0.02 s][120 MB]
DEBUG [4.93 s]: modelerfour/identity - START inputs = 2
DEBUG [4.93 s]: modelerfour/identity - END [0 s][120 MB]
DEBUG [4.93 s]: bicep - START inputs = 2
DEBUG [4.93 s]: modelerfour/emitter - START inputs = 2
DEBUG [4.93 s]: modelerfour/notags/emitter - START inputs = 2
DEBUG [4.93 s]: modelerfour/emitter - END [0 s][120 MB]
DEBUG [4.94 s]: modelerfour/notags/emitter - END [0 s][120 MB]
INFORMATION: autorest.bicep took 6ms
DEBUG [4.98 s]: bicep - END [0.04 s][121 MB]
DEBUG [4.98 s]: bicep/emitter - START inputs = 2
DEBUG [4.98 s]: Emitting 'bicep-files' at file:///tmp/_bcp_1625795651387/windowsesu/microsoft.windowsesu/2019-09-16-preview/types.json
DEBUG [4.99 s]: Emitting 'bicep-files' at file:///tmp/_bcp_1625795651387/windowsesu/microsoft.windowsesu/2019-09-16-preview/types.md
DEBUG [4.99 s]: bicep/emitter - END [0 s][121 MB]
[4.99 s] Clearing Folders.
[4.99 s] Writing Outputs.
[4.99 s] Generation Complete
[4.99 s] Shutting Down.
[4.99 s] Exiting.
