Executing: autorest --use=/home/runner/work/bicep-types-az/bicep-types-az/src/autorest.bicep --bicep --output-folder=/tmp/_bcp_1625795651387/confidentialledger --multiapi --title=none --skip-semantics-validation /home/runner/work/bicep-types-az/bicep-types-az/workflow-temp/azure-rest-api-specs/specification/confidentialledger/resource-manager/readme.md --debug --verbose
AutoRest code generation utility [cli version: 3.2.1; node: v14.17.1, max-memory: 4096 MB]
(C) 2018 Microsoft Corporation.
https://aka.ms/autorest
No configuration found at 'file:///home/runner/work/bicep-types-az/bicep-types-az/src/generator/src/cmd/'.
> Including configuration file 'file:///home/runner/work/bicep-types-az/bicep-types-az/src/generator/node_modules/autorest/dist/resources/default-configuration.md'
> Including configuration file 'file:///home/runner/work/bicep-types-az/bicep-types-az/src/generator/node_modules/autorest/dist/resources/inspect.md'
> Including configuration file 'file:///home/runner/work/bicep-types-az/bicep-types-az/src/generator/node_modules/autorest/dist/resources/directives.md'
> Including configuration file 'file:///home/runner/work/bicep-types-az/bicep-types-az/src/generator/node_modules/autorest/dist/resources/pipeline.md'
> Including configuration file 'file:///home/runner/work/bicep-types-az/bicep-types-az/src/generator/node_modules/autorest/dist/resources/loader-openapi.md'
> Including configuration file 'file:///home/runner/work/bicep-types-az/bicep-types-az/src/generator/node_modules/autorest/dist/resources/miscellaneous.md'
> Including configuration file 'file:///home/runner/work/bicep-types-az/bicep-types-az/src/generator/node_modules/autorest/dist/resources/plugin-powershell.md'
> Including configuration file 'file:///home/runner/work/bicep-types-az/bicep-types-az/src/generator/node_modules/autorest/dist/resources/plugin-azureresourceschema.md'
> Including configuration file 'file:///home/runner/work/bicep-types-az/bicep-types-az/src/generator/node_modules/autorest/dist/resources/plugin-csharp.md'
> Including configuration file 'file:///home/runner/work/bicep-types-az/bicep-types-az/src/generator/node_modules/autorest/dist/resources/plugin-go.md'
> Including configuration file 'file:///home/runner/work/bicep-types-az/bicep-types-az/src/generator/node_modules/autorest/dist/resources/plugin-java.md'
> Including configuration file 'file:///home/runner/work/bicep-types-az/bicep-types-az/src/generator/node_modules/autorest/dist/resources/plugin-nodejs.md'
> Including configuration file 'file:///home/runner/work/bicep-types-az/bicep-types-az/src/generator/node_modules/autorest/dist/resources/plugin-php.md'
> Including configuration file 'file:///home/runner/work/bicep-types-az/bicep-types-az/src/generator/node_modules/autorest/dist/resources/plugin-python.md'
> Including configuration file 'file:///home/runner/work/bicep-types-az/bicep-types-az/src/generator/node_modules/autorest/dist/resources/plugin-ruby.md'
> Including configuration file 'file:///home/runner/work/bicep-types-az/bicep-types-az/src/generator/node_modules/autorest/dist/resources/plugin-typescript.md'
> Including configuration file 'file:///home/runner/work/bicep-types-az/bicep-types-az/src/generator/node_modules/autorest/dist/resources/plugin-validators.md'
> Including configuration file 'file:///home/runner/work/bicep-types-az/bicep-types-az/src/generator/node_modules/autorest/dist/resources/plugin-az.md'
> Including configuration file 'file:///home/runner/work/bicep-types-az/bicep-types-az/src/generator/node_modules/autorest/dist/resources/plugin-terraform.md'
> Including configuration file 'file:///home/runner/work/bicep-types-az/bicep-types-az/src/generator/node_modules/autorest/dist/resources/plugin-azure-functions.md'
> Including configuration file 'file:///home/runner/work/bicep-types-az/bicep-types-az/src/generator/node_modules/autorest/dist/resources/graphs.md'
> Including configuration file 'file:///home/runner/work/bicep-types-az/bicep-types-az/src/generator/node_modules/autorest/dist/resources/help-configuration.md'
> Loading local AutoRest extension '@autorest/bicep' (/home/runner/work/bicep-types-az/bicep-types-az/src/autorest.bicep)
> Including extension configuration file 'file:///home/runner/work/bicep-types-az/bicep-types-az/src/autorest.bicep/README.md'
> Including configuration file 'file:///home/runner/work/bicep-types-az/bicep-types-az/src/autorest.bicep/README.md'
> Loading AutoRest extension '@autorest/modelerfour' (https://tinyurl.com/yhlkz69y->4.20.0-ci.b8e3f92c0)
> Including extension configuration file 'file:///home/runner/.autorest/@autorest_modelerfour@4.20.0-ci.b8e3f92c0/node_modules/@autorest/modelerfour/readme.md'
> Including configuration file 'file:///home/runner/.autorest/@autorest_modelerfour@4.20.0-ci.b8e3f92c0/node_modules/@autorest/modelerfour/readme.md'
NOTE: AutoRest core version selected from configuration: https://tinyurl.com/yfjyy27f.
Network Enabled: true

There is a new version of AutoRest available (3.2.3).
 > You can install the newer version with with npm install -g autorest@latest

Starting @autorest/core from /home/runner/.autorest/@autorest_core@3.5.0-ci.b8e3f92c0/node_modules/@autorest/core
   Loading AutoRest core      '/home/runner/.autorest/@autorest_core@3.5.0-ci.b8e3f92c0/node_modules/@autorest/core/dist' (3.5.0-ci.b8e3f92c0)
VERBOSE [0.69 s]: > Including configuration file 'file:///home/runner/work/bicep-types-az/bicep-types-az/workflow-temp/azure-rest-api-specs/specification/confidentialledger/resource-manager/readme.bicep.md'
VERBOSE [0.7 s]: > Initial configuration file 'file:///home/runner/work/bicep-types-az/bicep-types-az/workflow-temp/azure-rest-api-specs/specification/confidentialledger/resource-manager/readme.md'
VERBOSE [0.7 s]: > Including configuration file 'file:///home/runner/work/bicep-types-az/bicep-types-az/workflow-temp/azure-rest-api-specs/specification/confidentialledger/resource-manager/readme.md'
VERBOSE [0.72 s]: > Including configuration file 'file:///home/runner/.autorest/@autorest_core@3.5.0-ci.b8e3f92c0/node_modules/@autorest/core/dist/resources/default-configuration.md'
VERBOSE [0.73 s]: > Including configuration file 'file:///home/runner/.autorest/@autorest_core@3.5.0-ci.b8e3f92c0/node_modules/@autorest/core/dist/resources/inspect.md'
VERBOSE [0.74 s]: > Including configuration file 'file:///home/runner/.autorest/@autorest_core@3.5.0-ci.b8e3f92c0/node_modules/@autorest/core/dist/resources/directives.md'
VERBOSE [0.76 s]: > Including configuration file 'file:///home/runner/.autorest/@autorest_core@3.5.0-ci.b8e3f92c0/node_modules/@autorest/core/dist/resources/pipeline.md'
VERBOSE [0.77 s]: > Including configuration file 'file:///home/runner/.autorest/@autorest_core@3.5.0-ci.b8e3f92c0/node_modules/@autorest/core/dist/resources/loader-openapi.md'
VERBOSE [0.79 s]: > Including configuration file 'file:///home/runner/.autorest/@autorest_core@3.5.0-ci.b8e3f92c0/node_modules/@autorest/core/dist/resources/miscellaneous.md'
VERBOSE [0.81 s]: > Including configuration file 'file:///home/runner/.autorest/@autorest_core@3.5.0-ci.b8e3f92c0/node_modules/@autorest/core/dist/resources/plugin-powershell.md'
VERBOSE [0.82 s]: > Including configuration file 'file:///home/runner/.autorest/@autorest_core@3.5.0-ci.b8e3f92c0/node_modules/@autorest/core/dist/resources/plugin-azureresourceschema.md'
VERBOSE [0.84 s]: > Including configuration file 'file:///home/runner/.autorest/@autorest_core@3.5.0-ci.b8e3f92c0/node_modules/@autorest/core/dist/resources/plugin-csharp.md'
VERBOSE [0.86 s]: > Including configuration file 'file:///home/runner/.autorest/@autorest_core@3.5.0-ci.b8e3f92c0/node_modules/@autorest/core/dist/resources/plugin-go.md'
VERBOSE [0.87 s]: > Including configuration file 'file:///home/runner/.autorest/@autorest_core@3.5.0-ci.b8e3f92c0/node_modules/@autorest/core/dist/resources/plugin-java.md'
VERBOSE [0.89 s]: > Including configuration file 'file:///home/runner/.autorest/@autorest_core@3.5.0-ci.b8e3f92c0/node_modules/@autorest/core/dist/resources/plugin-nodejs.md'
VERBOSE [0.91 s]: > Including configuration file 'file:///home/runner/.autorest/@autorest_core@3.5.0-ci.b8e3f92c0/node_modules/@autorest/core/dist/resources/plugin-php.md'
VERBOSE [0.92 s]: > Including configuration file 'file:///home/runner/.autorest/@autorest_core@3.5.0-ci.b8e3f92c0/node_modules/@autorest/core/dist/resources/plugin-python.md'
VERBOSE [0.95 s]: > Including configuration file 'file:///home/runner/.autorest/@autorest_core@3.5.0-ci.b8e3f92c0/node_modules/@autorest/core/dist/resources/plugin-ruby.md'
VERBOSE [0.97 s]: > Including configuration file 'file:///home/runner/.autorest/@autorest_core@3.5.0-ci.b8e3f92c0/node_modules/@autorest/core/dist/resources/plugin-typescript.md'
VERBOSE [0.99 s]: > Including configuration file 'file:///home/runner/.autorest/@autorest_core@3.5.0-ci.b8e3f92c0/node_modules/@autorest/core/dist/resources/plugin-validators.md'
VERBOSE [1.01 s]: > Including configuration file 'file:///home/runner/.autorest/@autorest_core@3.5.0-ci.b8e3f92c0/node_modules/@autorest/core/dist/resources/plugin-az.md'
VERBOSE [1.03 s]: > Including configuration file 'file:///home/runner/.autorest/@autorest_core@3.5.0-ci.b8e3f92c0/node_modules/@autorest/core/dist/resources/plugin-terraform.md'
VERBOSE [1.05 s]: > Including configuration file 'file:///home/runner/.autorest/@autorest_core@3.5.0-ci.b8e3f92c0/node_modules/@autorest/core/dist/resources/plugin-azure-functions.md'
VERBOSE [1.07 s]: > Including configuration file 'file:///home/runner/.autorest/@autorest_core@3.5.0-ci.b8e3f92c0/node_modules/@autorest/core/dist/resources/graphs.md'
VERBOSE [1.09 s]: > Including configuration file 'file:///home/runner/.autorest/@autorest_core@3.5.0-ci.b8e3f92c0/node_modules/@autorest/core/dist/resources/help-configuration.md'
INFORMATION: > Loading local AutoRest extension '@autorest/bicep' (/home/runner/work/bicep-types-az/bicep-types-az/src/autorest.bicep)
VERBOSE [1.17 s]: > Including extension configuration file 'file:///home/runner/work/bicep-types-az/bicep-types-az/src/autorest.bicep/README.md'
VERBOSE [1.17 s]: > Including configuration file 'file:///home/runner/work/bicep-types-az/bicep-types-az/src/autorest.bicep/README.md'
INFORMATION: > Loading AutoRest extension '@autorest/modelerfour' (https://tinyurl.com/yhlkz69y->4.20.0-ci.b8e3f92c0)
VERBOSE [2.13 s]: > Including extension configuration file 'file:///home/runner/.autorest/@autorest_modelerfour@4.20.0-ci.b8e3f92c0/node_modules/@autorest/modelerfour/readme.md'
VERBOSE [2.13 s]: > Including configuration file 'file:///home/runner/.autorest/@autorest_modelerfour@4.20.0-ci.b8e3f92c0/node_modules/@autorest/modelerfour/readme.md'
Processing batch task - {"tag":"microsoft.confidentialledger-2020-12-01-preview"} .
VERBOSE [2.35 s]: > Including configuration file 'file:///home/runner/work/bicep-types-az/bicep-types-az/workflow-temp/azure-rest-api-specs/specification/confidentialledger/resource-manager/readme.bicep.md'
VERBOSE [2.35 s]: > Initial configuration file 'file:///home/runner/work/bicep-types-az/bicep-types-az/workflow-temp/azure-rest-api-specs/specification/confidentialledger/resource-manager/readme.md'
VERBOSE [2.35 s]: > Including configuration file 'file:///home/runner/work/bicep-types-az/bicep-types-az/workflow-temp/azure-rest-api-specs/specification/confidentialledger/resource-manager/readme.md'
VERBOSE [2.36 s]: > Including configuration file 'file:///home/runner/.autorest/@autorest_core@3.5.0-ci.b8e3f92c0/node_modules/@autorest/core/dist/resources/default-configuration.md'
VERBOSE [2.36 s]: > Including configuration file 'file:///home/runner/.autorest/@autorest_core@3.5.0-ci.b8e3f92c0/node_modules/@autorest/core/dist/resources/inspect.md'
VERBOSE [2.37 s]: > Including configuration file 'file:///home/runner/.autorest/@autorest_core@3.5.0-ci.b8e3f92c0/node_modules/@autorest/core/dist/resources/directives.md'
VERBOSE [2.38 s]: > Including configuration file 'file:///home/runner/.autorest/@autorest_core@3.5.0-ci.b8e3f92c0/node_modules/@autorest/core/dist/resources/pipeline.md'
VERBOSE [2.39 s]: > Including configuration file 'file:///home/runner/.autorest/@autorest_core@3.5.0-ci.b8e3f92c0/node_modules/@autorest/core/dist/resources/loader-openapi.md'
VERBOSE [2.41 s]: > Including configuration file 'file:///home/runner/.autorest/@autorest_core@3.5.0-ci.b8e3f92c0/node_modules/@autorest/core/dist/resources/miscellaneous.md'
VERBOSE [2.42 s]: > Including configuration file 'file:///home/runner/.autorest/@autorest_core@3.5.0-ci.b8e3f92c0/node_modules/@autorest/core/dist/resources/plugin-powershell.md'
VERBOSE [2.43 s]: > Including configuration file 'file:///home/runner/.autorest/@autorest_core@3.5.0-ci.b8e3f92c0/node_modules/@autorest/core/dist/resources/plugin-azureresourceschema.md'
VERBOSE [2.44 s]: > Including configuration file 'file:///home/runner/.autorest/@autorest_core@3.5.0-ci.b8e3f92c0/node_modules/@autorest/core/dist/resources/plugin-csharp.md'
VERBOSE [2.46 s]: > Including configuration file 'file:///home/runner/.autorest/@autorest_core@3.5.0-ci.b8e3f92c0/node_modules/@autorest/core/dist/resources/plugin-go.md'
VERBOSE [2.48 s]: > Including configuration file 'file:///home/runner/.autorest/@autorest_core@3.5.0-ci.b8e3f92c0/node_modules/@autorest/core/dist/resources/plugin-java.md'
VERBOSE [2.49 s]: > Including configuration file 'file:///home/runner/.autorest/@autorest_core@3.5.0-ci.b8e3f92c0/node_modules/@autorest/core/dist/resources/plugin-nodejs.md'
VERBOSE [2.51 s]: > Including configuration file 'file:///home/runner/.autorest/@autorest_core@3.5.0-ci.b8e3f92c0/node_modules/@autorest/core/dist/resources/plugin-php.md'
VERBOSE [2.52 s]: > Including configuration file 'file:///home/runner/.autorest/@autorest_core@3.5.0-ci.b8e3f92c0/node_modules/@autorest/core/dist/resources/plugin-python.md'
VERBOSE [2.54 s]: > Including configuration file 'file:///home/runner/.autorest/@autorest_core@3.5.0-ci.b8e3f92c0/node_modules/@autorest/core/dist/resources/plugin-ruby.md'
VERBOSE [2.55 s]: > Including configuration file 'file:///home/runner/.autorest/@autorest_core@3.5.0-ci.b8e3f92c0/node_modules/@autorest/core/dist/resources/plugin-typescript.md'
VERBOSE [2.57 s]: > Including configuration file 'file:///home/runner/.autorest/@autorest_core@3.5.0-ci.b8e3f92c0/node_modules/@autorest/core/dist/resources/plugin-validators.md'
VERBOSE [2.59 s]: > Including configuration file 'file:///home/runner/.autorest/@autorest_core@3.5.0-ci.b8e3f92c0/node_modules/@autorest/core/dist/resources/plugin-az.md'
VERBOSE [2.61 s]: > Including configuration file 'file:///home/runner/.autorest/@autorest_core@3.5.0-ci.b8e3f92c0/node_modules/@autorest/core/dist/resources/plugin-terraform.md'
VERBOSE [2.63 s]: > Including configuration file 'file:///home/runner/.autorest/@autorest_core@3.5.0-ci.b8e3f92c0/node_modules/@autorest/core/dist/resources/plugin-azure-functions.md'
VERBOSE [2.64 s]: > Including configuration file 'file:///home/runner/.autorest/@autorest_core@3.5.0-ci.b8e3f92c0/node_modules/@autorest/core/dist/resources/graphs.md'
VERBOSE [2.67 s]: > Including configuration file 'file:///home/runner/.autorest/@autorest_core@3.5.0-ci.b8e3f92c0/node_modules/@autorest/core/dist/resources/help-configuration.md'
INFORMATION: > Loading local AutoRest extension '@autorest/bicep' (/home/runner/work/bicep-types-az/bicep-types-az/src/autorest.bicep)
VERBOSE [2.73 s]: > Including extension configuration file 'file:///home/runner/work/bicep-types-az/bicep-types-az/src/autorest.bicep/README.md'
VERBOSE [2.73 s]: > Including configuration file 'file:///home/runner/work/bicep-types-az/bicep-types-az/src/autorest.bicep/README.md'
INFORMATION: > Loading AutoRest extension '@autorest/modelerfour' (https://tinyurl.com/yhlkz69y->4.20.0-ci.b8e3f92c0)
VERBOSE [3.29 s]: > Including extension configuration file 'file:///home/runner/.autorest/@autorest_modelerfour@4.20.0-ci.b8e3f92c0/node_modules/@autorest/modelerfour/readme.md'
VERBOSE [3.29 s]: > Including configuration file 'file:///home/runner/.autorest/@autorest_modelerfour@4.20.0-ci.b8e3f92c0/node_modules/@autorest/modelerfour/readme.md'
DEBUG [3.9 s]: swagger-document/loader-swagger - START inputs = 0
DEBUG [3.9 s]: openapi-document/loader-openapi - START inputs = 0
DEBUG [3.9 s]: pipeline-emitter - START inputs = 0
DEBUG [3.9 s]: configuration-emitter - START inputs = 0
DEBUG [3.9 s]: pipeline-emitter - END [0.05 s][81 MB]
DEBUG [3.9 s]: configuration-emitter - END [0.06 s][81 MB]
VERBOSE [3.93 s]: Reading OpenAPI 2.0 file file:///home/runner/work/bicep-types-az/bicep-types-az/workflow-temp/azure-rest-api-specs/specification/confidentialledger/resource-manager/Microsoft.ConfidentialLedger/preview/2020-12-01-preview/confidentialledger.json
DEBUG [3.93 s]: openapi-document/loader-openapi - END [0.08 s][83 MB]
VERBOSE [3.97 s]: Reading $ref'd file file:///home/runner/work/bicep-types-az/bicep-types-az/workflow-temp/azure-rest-api-specs/specification/common-types/resource-management/v2/types.json
DEBUG [3.97 s]: openapi-document/individual/transform - SKIPPING
DEBUG [3.97 s]: openapi-document/individual/schema-validator-openapi - SKIPPING
DEBUG [3.97 s]: openapi-document/individual/identity - SKIPPING
DEBUG [4.04 s]: swagger-document/loader-swagger - END [0.19 s][84 MB]
DEBUG [4.04 s]: swagger-document/individual/transform - START inputs = 2
DEBUG [4.1 s]: swagger-document/individual/transform - END [0.05 s][96 MB]
DEBUG [4.1 s]: swagger-document/individual/schema-validator-swagger - START inputs = 2
DEBUG [4.39 s]: swagger-document/individual/schema-validator-swagger - END [0.28 s][105 MB]
DEBUG [4.39 s]: swagger-document/identity - START inputs = 2
DEBUG [4.39 s]: swagger-document/individual/identity - START inputs = 2
DEBUG [4.39 s]: swagger-document/identity - END [0 s][91 MB]
DEBUG [4.39 s]: swagger-document/individual/identity - END [0 s][91 MB]
DEBUG [4.39 s]: openapi-document/openapi-document-converter - START inputs = 2
DEBUG [4.45 s]: openapi-document/openapi-document-converter - END [0.05 s][104 MB]
DEBUG [4.45 s]: openapi-document/transform - START inputs = 2
DEBUG [4.45 s]: openapi-document/transform - END [0 s][107 MB]
DEBUG [4.45 s]: openapi-document/semantic-validator - START inputs = 2
WARNING: Semantic validation was skipped.
DEBUG [4.46 s]: openapi-document/semantic-validator - END [0 s][93 MB]
DEBUG [4.46 s]: openapi-document/allof-cleaner - START inputs = 2
DEBUG [4.46 s]: openapi-document/allof-cleaner - END [0 s][94 MB]
DEBUG [4.46 s]: openapi-document/tree-shaker - START inputs = 2
DEBUG [4.53 s]: openapi-document/tree-shaker - END [0.06 s][100 MB]
DEBUG [4.53 s]: openapi-document/multi-api-merger - START inputs = 2
DEBUG [4.61 s]: openapi-document/multi-api-merger - END [0.07 s][108 MB]
DEBUG [4.61 s]: openapi-document/components-cleaner - START inputs = 1
DEBUG [4.67 s]: openapi-document/components-cleaner - END [0.05 s][112 MB]
DEBUG [4.67 s]: openapi-document/component-modifiers - START inputs = 1
DEBUG [4.67 s]: openapi-document/component-modifiers - END [0 s][117 MB]
DEBUG [4.67 s]: openapi-document/api-version-parameter-handler - START inputs = 1
DEBUG [4.67 s]: openapi-document/api-version-parameter-handler - END [0 s][117 MB]
DEBUG [4.67 s]: openapi-document/profile-filter - START inputs = 1
DEBUG [4.67 s]: openapi-document/profile-filter - END [0 s][117 MB]
DEBUG [4.67 s]: openapi-document/model-deduplicator - START inputs = 1
DEBUG [4.67 s]: openapi-document/emitter - START inputs = 1
DEBUG [4.67 s]: openapi-document/model-deduplicator - END [0 s][117 MB]
DEBUG [4.67 s]: openapi-document/emitter - END [0 s][117 MB]
DEBUG [4.67 s]: openapi-document/enum-deduplicator - START inputs = 1
DEBUG [4.75 s]: openapi-document/enum-deduplicator - END [0.07 s][124 MB]
DEBUG [4.75 s]: openapi-document/subset-reducer - START inputs = 1
DEBUG [4.75 s]: openapi-document/subset-reducer - END [0 s][124 MB]
DEBUG [4.75 s]: openapi-document/quick-check - START inputs = 1
DEBUG [4.75 s]: openapi-document/multi-api/reset-identity - START inputs = 1
DEBUG [4.76 s]: openapi-document/quick-check - END [0 s][129 MB]
DEBUG [4.76 s]: openapi-document/multi-api/reset-identity - END [0 s][129 MB]
DEBUG [4.77 s]: openapi-document/multi-api/identity - START inputs = 1
DEBUG [4.77 s]: openapi-document/multi-api/identity - END [0 s][118 MB]
DEBUG [4.77 s]: openapi-document/multi-api/emitter - START inputs = 1
DEBUG [4.77 s]: prechecker - START inputs = 1
DEBUG [4.77 s]: openapi-document/multi-api/emitter - END [0 s][118 MB]

WARNING (PreCheck/CheckDuplicateSchemas): Checking for duplicate schemas, this could take a (long) while.  Run with --verbose for more detail.
VERBOSE [4.81 s]: Found and removed 0 duplicate schema
DEBUG [5.03 s]: prechecker - END [0.25 s][119 MB]
DEBUG [5.03 s]: modelerfour - START inputs = 2
VERBOSE [5.09 s]:   ModelerFour/api-version-mode:client
VERBOSE [5.09 s]:   ModelerFour/api-version-parameter:constant
VERBOSE [5.09 s]:   ModelerFour/use-model-namespace:false

WARNING (UnkownSecurityScheme): Security scheme azure_auth is unknown and will not be processed. Only supported types are AADToken,AzureKey,Anonymous
DEBUG [5.18 s]: modelerfour - END [0.15 s][121 MB]
DEBUG [5.18 s]: modelerfour/new-transform - START inputs = 2
DEBUG [5.18 s]: modelerfour/new-transform - END [0 s][121 MB]
DEBUG [5.18 s]: modelerfour/flattener - START inputs = 2
DEBUG [5.24 s]: modelerfour/flattener - END [0.06 s][123 MB]
DEBUG [5.25 s]: modelerfour/flattener/new-transform - START inputs = 2
DEBUG [5.25 s]: modelerfour/flattener/new-transform - END [0 s][123 MB]
DEBUG [5.25 s]: modelerfour/grouper - START inputs = 2
DEBUG [5.29 s]: modelerfour/grouper - END [0.04 s][124 MB]
DEBUG [5.29 s]: modelerfour/grouper/new-transform - START inputs = 2
DEBUG [5.29 s]: modelerfour/grouper/new-transform - END [0 s][124 MB]
DEBUG [5.29 s]: modelerfour/pre-namer - START inputs = 2
DEBUG [5.34 s]: modelerfour/pre-namer - END [0.05 s][126 MB]
DEBUG [5.34 s]: modelerfour/pre-namer/new-transform - START inputs = 2
DEBUG [5.35 s]: modelerfour/pre-namer/new-transform - END [0 s][126 MB]
DEBUG [5.35 s]: modelerfour/checker - START inputs = 4
DEBUG [5.38 s]: modelerfour/checker - END [0.03 s][127 MB]
DEBUG [5.38 s]: modelerfour/identity - START inputs = 2
DEBUG [5.38 s]: modelerfour/identity - END [0 s][127 MB]
DEBUG [5.38 s]: bicep - START inputs = 2
DEBUG [5.38 s]: modelerfour/emitter - START inputs = 2
DEBUG [5.38 s]: modelerfour/notags/emitter - START inputs = 2
DEBUG [5.38 s]: modelerfour/emitter - END [0 s][127 MB]
DEBUG [5.38 s]: modelerfour/notags/emitter - END [0 s][127 MB]
INFORMATION: autorest.bicep took 6ms
DEBUG [5.44 s]: bicep - END [0.05 s][128 MB]
DEBUG [5.44 s]: bicep/emitter - START inputs = 2
DEBUG [5.44 s]: Emitting 'bicep-files' at file:///tmp/_bcp_1625795651387/confidentialledger/microsoft.confidentialledger/2020-12-01-preview/types.json
DEBUG [5.44 s]: Emitting 'bicep-files' at file:///tmp/_bcp_1625795651387/confidentialledger/microsoft.confidentialledger/2020-12-01-preview/types.md
DEBUG [5.44 s]: bicep/emitter - END [0 s][128 MB]
[5.44 s] Clearing Folders.
[5.44 s] Writing Outputs.
[5.44 s] Generation Complete
[5.44 s] Shutting Down.
[5.44 s] Exiting.
