AutoRest code generation utility [cli version: 3.4.2; node: v14.18.1]
(C) 2018 Microsoft Corporation.
https://aka.ms/autorest
info    |    Loading AutoRest core      '/home/runner/work/bicep-types-az/bicep-types-az/src/generator/node_modules/@autorest/core/dist' (3.6.6)
info    |    Loading local AutoRest extension '@autorest/bicep' (/home/runner/work/bicep-types-az/bicep-types-az/src/autorest.bicep)
info    |    Loading AutoRest extension '@autorest/modelerfour' (*->4.22.0)
info    | Processing batch task - {"tag":"microsoft.datalakestore-2016-11-01"} .
info    |    Loading local AutoRest extension '@autorest/bicep' (/home/runner/work/bicep-types-az/bicep-types-az/src/autorest.bicep)
info    |    Loading AutoRest extension '@autorest/modelerfour' (*->4.22.0)
warning | SkippedSemanticValidation | Semantic validation was skipped.
warning | PreCheck/SchemaMissingType | The schema 'Resource' with an undefined type and declared properties is a bit ambiguous. This has been auto-corrected to 'type:object'
    - openapi-document.json:31:4
warning | PreCheck/SchemaMissingType | The schema 'SubResource' with an undefined type and declared properties is a bit ambiguous. This has been auto-corrected to 'type:object'
    - openapi-document.json:187:4
warning | PreCheck/SchemaMissingType | The schema 'DataLakeStoreAccount' with an undefined type and declared properties is a bit ambiguous. This has been auto-corrected to 'type:object'
    - openapi-document.json:275:4
warning | PreCheck/SchemaMissingType | The schema 'DataLakeStoreAccountBasic' with an undefined type and declared properties is a bit ambiguous. This has been auto-corrected to 'type:object'
    - openapi-document.json:309:4
warning | PreCheck/SchemaMissingType | The schema 'DataLakeStoreAccountProperties' with an undefined type and declared properties is a bit ambiguous. This has been auto-corrected to 'type:object'
    - openapi-document.json:338:4
warning | PreCheck/SchemaMissingType | The schema 'DataLakeStoreAccountPropertiesBasic' with an undefined type and declared properties is a bit ambiguous. This has been auto-corrected to 'type:object'
    - openapi-document.json:530:4
warning | PreCheck/SchemaMissingType | The schema 'DataLakeStoreAccountListResult' with an undefined type and declared properties is a bit ambiguous. This has been auto-corrected to 'type:object'
    - openapi-document.json:661:4
warning | PreCheck/SchemaMissingType | The schema 'EncryptionIdentity' with an undefined type and declared properties is a bit ambiguous. This has been auto-corrected to 'type:object'
    - openapi-document.json:728:4
warning | PreCheck/SchemaMissingType | The schema 'EncryptionConfig' with an undefined type and declared properties is a bit ambiguous. This has been auto-corrected to 'type:object'
    - openapi-document.json:805:4
warning | PreCheck/SchemaMissingType | The schema 'KeyVaultMetaInfo' with an undefined type and declared properties is a bit ambiguous. This has been auto-corrected to 'type:object'
    - openapi-document.json:838:4
warning | PreCheck/SchemaMissingType | The schema 'FirewallRule' with an undefined type and declared properties is a bit ambiguous. This has been auto-corrected to 'type:object'
    - openapi-document.json:924:4
warning | PreCheck/SchemaMissingType | The schema 'FirewallRuleProperties' with an undefined type and declared properties is a bit ambiguous. This has been auto-corrected to 'type:object'
    - openapi-document.json:953:4
warning | PreCheck/SchemaMissingType | The schema 'FirewallRuleListResult' with an undefined type and declared properties is a bit ambiguous. This has been auto-corrected to 'type:object'
    - openapi-document.json:1017:4
warning | PreCheck/SchemaMissingType | The schema 'VirtualNetworkRule' with an undefined type and declared properties is a bit ambiguous. This has been auto-corrected to 'type:object'
    - openapi-document.json:1084:4
warning | PreCheck/SchemaMissingType | The schema 'VirtualNetworkRuleProperties' with an undefined type and declared properties is a bit ambiguous. This has been auto-corrected to 'type:object'
    - openapi-document.json:1113:4
warning | PreCheck/SchemaMissingType | The schema 'VirtualNetworkRuleListResult' with an undefined type and declared properties is a bit ambiguous. This has been auto-corrected to 'type:object'
    - openapi-document.json:1154:4
warning | PreCheck/SchemaMissingType | The schema 'TrustedIdProvider' with an undefined type and declared properties is a bit ambiguous. This has been auto-corrected to 'type:object'
    - openapi-document.json:1221:4
warning | PreCheck/SchemaMissingType | The schema 'TrustedIdProviderProperties' with an undefined type and declared properties is a bit ambiguous. This has been auto-corrected to 'type:object'
    - openapi-document.json:1250:4
warning | PreCheck/SchemaMissingType | The schema 'TrustedIdProviderListResult' with an undefined type and declared properties is a bit ambiguous. This has been auto-corrected to 'type:object'
    - openapi-document.json:1291:4
warning | PreCheck/SchemaMissingType | The schema 'Operation' with an undefined type and declared properties is a bit ambiguous. This has been auto-corrected to 'type:object'
    - openapi-document.json:1358:4
warning | PreCheck/SchemaMissingType | The schema 'OperationDisplay' with an undefined type and declared properties is a bit ambiguous. This has been auto-corrected to 'type:object'
    - openapi-document.json:1412:4
warning | PreCheck/SchemaMissingType | The schema 'OperationListResult' with an undefined type and declared properties is a bit ambiguous. This has been auto-corrected to 'type:object'
    - openapi-document.json:1522:4
warning | PreCheck/SchemaMissingType | The schema 'CapabilityInformation' with an undefined type and declared properties is a bit ambiguous. This has been auto-corrected to 'type:object'
    - openapi-document.json:1589:4
warning | PreCheck/SchemaMissingType | The schema 'UsageName' with an undefined type and declared properties is a bit ambiguous. This has been auto-corrected to 'type:object'
    - openapi-document.json:1693:4
warning | PreCheck/SchemaMissingType | The schema 'Usage' with an undefined type and declared properties is a bit ambiguous. This has been auto-corrected to 'type:object'
    - openapi-document.json:1757:4
warning | PreCheck/SchemaMissingType | The schema 'UsageListResult' with an undefined type and declared properties is a bit ambiguous. This has been auto-corrected to 'type:object'
    - openapi-document.json:1860:4
warning | PreCheck/SchemaMissingType | The schema 'NameAvailabilityInformation' with an undefined type and declared properties is a bit ambiguous. This has been auto-corrected to 'type:object'
    - openapi-document.json:1902:4
warning | PreCheck/SchemaMissingType | The schema 'CreateDataLakeStoreAccountParameters' with an undefined type and declared properties is a bit ambiguous. This has been auto-corrected to 'type:object'
    - openapi-document.json:1971:4
warning | PreCheck/SchemaMissingType | The schema 'CreateDataLakeStoreAccountProperties' with an undefined type and declared properties is a bit ambiguous. This has been auto-corrected to 'type:object'
    - openapi-document.json:2064:4
warning | PreCheck/SchemaMissingType | The schema 'UpdateDataLakeStoreAccountParameters' with an undefined type and declared properties is a bit ambiguous. This has been auto-corrected to 'type:object'
    - openapi-document.json:2218:4
warning | PreCheck/SchemaMissingType | The schema 'UpdateDataLakeStoreAccountProperties' with an undefined type and declared properties is a bit ambiguous. This has been auto-corrected to 'type:object'
    - openapi-document.json:2284:4
warning | PreCheck/SchemaMissingType | The schema 'UpdateEncryptionConfig' with an undefined type and declared properties is a bit ambiguous. This has been auto-corrected to 'type:object'
    - openapi-document.json:2431:4
warning | PreCheck/SchemaMissingType | The schema 'UpdateKeyVaultMetaInfo' with an undefined type and declared properties is a bit ambiguous. This has been auto-corrected to 'type:object'
    - openapi-document.json:2453:4
warning | PreCheck/SchemaMissingType | The schema 'CreateOrUpdateFirewallRuleParameters' with an undefined type and declared properties is a bit ambiguous. This has been auto-corrected to 'type:object'
    - openapi-document.json:2492:4
warning | PreCheck/SchemaMissingType | The schema 'CreateFirewallRuleWithAccountParameters' with an undefined type and declared properties is a bit ambiguous. This has been auto-corrected to 'type:object'
    - openapi-document.json:2518:4
warning | PreCheck/SchemaMissingType | The schema 'CreateOrUpdateFirewallRuleProperties' with an undefined type and declared properties is a bit ambiguous. This has been auto-corrected to 'type:object'
    - openapi-document.json:2566:4
warning | PreCheck/SchemaMissingType | The schema 'UpdateFirewallRuleParameters' with an undefined type and declared properties is a bit ambiguous. This has been auto-corrected to 'type:object'
    - openapi-document.json:2630:4
warning | PreCheck/SchemaMissingType | The schema 'UpdateFirewallRuleWithAccountParameters' with an undefined type and declared properties is a bit ambiguous. This has been auto-corrected to 'type:object'
    - openapi-document.json:2653:4
warning | PreCheck/SchemaMissingType | The schema 'UpdateFirewallRuleProperties' with an undefined type and declared properties is a bit ambiguous. This has been auto-corrected to 'type:object'
    - openapi-document.json:2700:4
warning | PreCheck/SchemaMissingType | The schema 'CreateOrUpdateVirtualNetworkRuleParameters' with an undefined type and declared properties is a bit ambiguous. This has been auto-corrected to 'type:object'
    - openapi-document.json:2760:4
warning | PreCheck/SchemaMissingType | The schema 'CreateVirtualNetworkRuleWithAccountParameters' with an undefined type and declared properties is a bit ambiguous. This has been auto-corrected to 'type:object'
    - openapi-document.json:2786:4
warning | PreCheck/SchemaMissingType | The schema 'CreateOrUpdateVirtualNetworkRuleProperties' with an undefined type and declared properties is a bit ambiguous. This has been auto-corrected to 'type:object'
    - openapi-document.json:2834:4
warning | PreCheck/SchemaMissingType | The schema 'UpdateVirtualNetworkRuleParameters' with an undefined type and declared properties is a bit ambiguous. This has been auto-corrected to 'type:object'
    - openapi-document.json:2876:4
warning | PreCheck/SchemaMissingType | The schema 'UpdateVirtualNetworkRuleWithAccountParameters' with an undefined type and declared properties is a bit ambiguous. This has been auto-corrected to 'type:object'
    - openapi-document.json:2899:4
warning | PreCheck/SchemaMissingType | The schema 'UpdateVirtualNetworkRuleProperties' with an undefined type and declared properties is a bit ambiguous. This has been auto-corrected to 'type:object'
    - openapi-document.json:2946:4
warning | PreCheck/SchemaMissingType | The schema 'CreateOrUpdateTrustedIdProviderParameters' with an undefined type and declared properties is a bit ambiguous. This has been auto-corrected to 'type:object'
    - openapi-document.json:2985:4
warning | PreCheck/SchemaMissingType | The schema 'CreateTrustedIdProviderWithAccountParameters' with an undefined type and declared properties is a bit ambiguous. This has been auto-corrected to 'type:object'
    - openapi-document.json:3011:4
warning | PreCheck/SchemaMissingType | The schema 'CreateOrUpdateTrustedIdProviderProperties' with an undefined type and declared properties is a bit ambiguous. This has been auto-corrected to 'type:object'
    - openapi-document.json:3059:4
warning | PreCheck/SchemaMissingType | The schema 'UpdateTrustedIdProviderParameters' with an undefined type and declared properties is a bit ambiguous. This has been auto-corrected to 'type:object'
    - openapi-document.json:3101:4
warning | PreCheck/SchemaMissingType | The schema 'UpdateTrustedIdProviderWithAccountParameters' with an undefined type and declared properties is a bit ambiguous. This has been auto-corrected to 'type:object'
    - openapi-document.json:3124:4
warning | PreCheck/SchemaMissingType | The schema 'UpdateTrustedIdProviderProperties' with an undefined type and declared properties is a bit ambiguous. This has been auto-corrected to 'type:object'
    - openapi-document.json:3171:4
warning | PreCheck/SchemaMissingType | The schema 'CheckNameAvailabilityParameters' with an undefined type and declared properties is a bit ambiguous. This has been auto-corrected to 'type:object'
    - openapi-document.json:3210:4
warning | PreCheck/CheckDuplicateSchemas | Checking for duplicate schemas, this could take a (long) while.  Run with --verbose for more detail.
warning | UnkownSecurityScheme | Security scheme azure_auth is unknown and will not be processed. Only supported types are AADToken,AzureKey,Anonymous
info    | autorest.bicep took 9ms
info    | Processing batch task - {"tag":"microsoft.datalakestore-2015-10-01-preview"} .
info    |    Loading local AutoRest extension '@autorest/bicep' (/home/runner/work/bicep-types-az/bicep-types-az/src/autorest.bicep)
info    |    Loading AutoRest extension '@autorest/modelerfour' (*->4.22.0)
warning | SkippedSemanticValidation | Semantic validation was skipped.
warning | PreCheck/SchemaMissingType | The schema 'FirewallRuleProperties' with an undefined type and declared properties is a bit ambiguous. This has been auto-corrected to 'type:object'
    - openapi-document.json:31:4
warning | PreCheck/SchemaMissingType | The schema 'FirewallRule' with an undefined type and declared properties is a bit ambiguous. This has been auto-corrected to 'type:object'
    - openapi-document.json:91:4
warning | PreCheck/SchemaMissingType | The schema 'DataLakeStoreFirewallRuleListResult' with an undefined type and declared properties is a bit ambiguous. This has been auto-corrected to 'type:object'
    - openapi-document.json:199:4
warning | PreCheck/SchemaMissingType | The schema 'EncryptionIdentity' with an undefined type and declared properties is a bit ambiguous. This has been auto-corrected to 'type:object'
    - openapi-document.json:290:4
warning | PreCheck/SchemaMissingType | The schema 'EncryptionConfig' with an undefined type and declared properties is a bit ambiguous. This has been auto-corrected to 'type:object'
    - openapi-document.json:363:4
warning | PreCheck/SchemaMissingType | The schema 'KeyVaultMetaInfo' with an undefined type and declared properties is a bit ambiguous. This has been auto-corrected to 'type:object'
    - openapi-document.json:392:4
warning | PreCheck/SchemaMissingType | The schema 'DataLakeStoreAccountProperties' with an undefined type and declared properties is a bit ambiguous. This has been auto-corrected to 'type:object'
    - openapi-document.json:472:4
warning | PreCheck/SchemaMissingType | The schema 'DataLakeStoreAccount' with an undefined type and declared properties is a bit ambiguous. This has been auto-corrected to 'type:object'
    - openapi-document.json:619:4
warning | PreCheck/SchemaMissingType | The schema 'DataLakeStoreAccountListResult' with an undefined type and declared properties is a bit ambiguous. This has been auto-corrected to 'type:object'
    - openapi-document.json:776:4
warning | PreCheck/SchemaMissingType | The schema 'ErrorDetails' with an undefined type and declared properties is a bit ambiguous. This has been auto-corrected to 'type:object'
    - openapi-document.json:867:4
warning | PreCheck/SchemaMissingType | The schema 'InnerError' with an undefined type and declared properties is a bit ambiguous. This has been auto-corrected to 'type:object'
    - openapi-document.json:954:4
warning | PreCheck/SchemaMissingType | The schema 'Error' with an undefined type and declared properties is a bit ambiguous. This has been auto-corrected to 'type:object'
    - openapi-document.json:1018:4
warning | PreCheck/SchemaMissingType | The schema 'AzureAsyncOperationResult' with an undefined type and declared properties is a bit ambiguous. This has been auto-corrected to 'type:object'
    - openapi-document.json:1136:4
warning | PreCheck/CheckDuplicateSchemas | Checking for duplicate schemas, this could take a (long) while.  Run with --verbose for more detail.
warning | UnkownSecurityScheme | Security scheme azure_auth is unknown and will not be processed. Only supported types are AADToken,AzureKey,Anonymous
info    | Resource type microsoft.datalakestore/accounts/firewallrules under path '/subscriptions/{subscriptionId}/resourceGroups/{resourceGroupName}/providers/Microsoft.DataLakeStore/accounts/{accountName}/firewallRules/{name}' has no body defined.
info    | Resource type microsoft.datalakestore/accounts under path '/subscriptions/{subscriptionId}/resourceGroups/{resourceGroupName}/providers/Microsoft.DataLakeStore/accounts/{name}' has no body defined.
info    | autorest.bicep took 2ms
info    | Generation Complete
