AutoRest code generation utility [cli version: 3.6.1; node: v16.15.0]
(C) 2018 Microsoft Corporation.
https://aka.ms/autorest
info    |    Loading AutoRest core      '/home/jeskew/Workspaces/bicep-types-az/src/generator/node_modules/@autorest/core/dist' (3.8.3)
info    |    Loading local AutoRest extension '@autorest/bicep' (/home/jeskew/Workspaces/bicep-types-az/src/autorest.bicep)
info    |    Loading AutoRest extension '@autorest/modelerfour' (*->4.23.2)
info    | Processing batch task - {"tag":"microsoft.communication-2020-08-20"} .
info    |    Loading local AutoRest extension '@autorest/bicep' (/home/jeskew/Workspaces/bicep-types-az/src/autorest.bicep)
info    |    Loading AutoRest extension '@autorest/modelerfour' (*->4.23.2)
warning | SkippedSemanticValidation | Semantic validation was skipped.
warning | PreCheck/CheckDuplicateSchemas | Checking for duplicate schemas, this could take a (long) while.  Run with --verbose for more detail.
info    | autorest.bicep took 7ms
info    | Processing batch task - {"tag":"microsoft.communication-2020-08-20-preview"} .
info    |    Loading local AutoRest extension '@autorest/bicep' (/home/jeskew/Workspaces/bicep-types-az/src/autorest.bicep)
info    |    Loading AutoRest extension '@autorest/modelerfour' (*->4.23.2)
warning | SkippedSemanticValidation | Semantic validation was skipped.
warning | PreCheck/SchemaMissingType | The schema 'ErrorResponse-error' with an undefined type and declared properties is a bit ambiguous. This has been auto-corrected to 'type:object'
    - file:///home/jeskew/Workspaces/azure-rest-api-specs/specification/communication/resource-manager/Microsoft.Communication/preview/2020-08-20-preview/CommunicationService.json:646:9
warning | PreCheck/CheckDuplicateSchemas | Checking for duplicate schemas, this could take a (long) while.  Run with --verbose for more detail.
info    | autorest.bicep took 4ms
info    | Autorest completed in 4.5s. 4 files generated.
