Executing: autorest --use=/home/runner/work/bicep-types-az/bicep-types-az/src/autorest.bicep --bicep --output-folder=/tmp/_bcp_1625795651387/deploymentmanager --multiapi --title=none --skip-semantics-validation /home/runner/work/bicep-types-az/bicep-types-az/workflow-temp/azure-rest-api-specs/specification/deploymentmanager/resource-manager/readme.md --debug --verbose
AutoRest code generation utility [cli version: 3.2.1; node: v14.17.1, max-memory: 4096 MB]
(C) 2018 Microsoft Corporation.
https://aka.ms/autorest
No configuration found at 'file:///home/runner/work/bicep-types-az/bicep-types-az/src/generator/src/cmd/'.
> Including configuration file 'file:///home/runner/work/bicep-types-az/bicep-types-az/src/generator/node_modules/autorest/dist/resources/default-configuration.md'
> Including configuration file 'file:///home/runner/work/bicep-types-az/bicep-types-az/src/generator/node_modules/autorest/dist/resources/inspect.md'
> Including configuration file 'file:///home/runner/work/bicep-types-az/bicep-types-az/src/generator/node_modules/autorest/dist/resources/directives.md'
> Including configuration file 'file:///home/runner/work/bicep-types-az/bicep-types-az/src/generator/node_modules/autorest/dist/resources/pipeline.md'
> Including configuration file 'file:///home/runner/work/bicep-types-az/bicep-types-az/src/generator/node_modules/autorest/dist/resources/loader-openapi.md'
> Including configuration file 'file:///home/runner/work/bicep-types-az/bicep-types-az/src/generator/node_modules/autorest/dist/resources/miscellaneous.md'
> Including configuration file 'file:///home/runner/work/bicep-types-az/bicep-types-az/src/generator/node_modules/autorest/dist/resources/plugin-powershell.md'
> Including configuration file 'file:///home/runner/work/bicep-types-az/bicep-types-az/src/generator/node_modules/autorest/dist/resources/plugin-azureresourceschema.md'
> Including configuration file 'file:///home/runner/work/bicep-types-az/bicep-types-az/src/generator/node_modules/autorest/dist/resources/plugin-csharp.md'
> Including configuration file 'file:///home/runner/work/bicep-types-az/bicep-types-az/src/generator/node_modules/autorest/dist/resources/plugin-go.md'
> Including configuration file 'file:///home/runner/work/bicep-types-az/bicep-types-az/src/generator/node_modules/autorest/dist/resources/plugin-java.md'
> Including configuration file 'file:///home/runner/work/bicep-types-az/bicep-types-az/src/generator/node_modules/autorest/dist/resources/plugin-nodejs.md'
> Including configuration file 'file:///home/runner/work/bicep-types-az/bicep-types-az/src/generator/node_modules/autorest/dist/resources/plugin-php.md'
> Including configuration file 'file:///home/runner/work/bicep-types-az/bicep-types-az/src/generator/node_modules/autorest/dist/resources/plugin-python.md'
> Including configuration file 'file:///home/runner/work/bicep-types-az/bicep-types-az/src/generator/node_modules/autorest/dist/resources/plugin-ruby.md'
> Including configuration file 'file:///home/runner/work/bicep-types-az/bicep-types-az/src/generator/node_modules/autorest/dist/resources/plugin-typescript.md'
> Including configuration file 'file:///home/runner/work/bicep-types-az/bicep-types-az/src/generator/node_modules/autorest/dist/resources/plugin-validators.md'
> Including configuration file 'file:///home/runner/work/bicep-types-az/bicep-types-az/src/generator/node_modules/autorest/dist/resources/plugin-az.md'
> Including configuration file 'file:///home/runner/work/bicep-types-az/bicep-types-az/src/generator/node_modules/autorest/dist/resources/plugin-terraform.md'
> Including configuration file 'file:///home/runner/work/bicep-types-az/bicep-types-az/src/generator/node_modules/autorest/dist/resources/plugin-azure-functions.md'
> Including configuration file 'file:///home/runner/work/bicep-types-az/bicep-types-az/src/generator/node_modules/autorest/dist/resources/graphs.md'
> Including configuration file 'file:///home/runner/work/bicep-types-az/bicep-types-az/src/generator/node_modules/autorest/dist/resources/help-configuration.md'
> Loading local AutoRest extension '@autorest/bicep' (/home/runner/work/bicep-types-az/bicep-types-az/src/autorest.bicep)
> Including extension configuration file 'file:///home/runner/work/bicep-types-az/bicep-types-az/src/autorest.bicep/README.md'
> Including configuration file 'file:///home/runner/work/bicep-types-az/bicep-types-az/src/autorest.bicep/README.md'
> Loading AutoRest extension '@autorest/modelerfour' (https://tinyurl.com/yhlkz69y->4.20.0-ci.b8e3f92c0)
> Including extension configuration file 'file:///home/runner/.autorest/@autorest_modelerfour@4.20.0-ci.b8e3f92c0/node_modules/@autorest/modelerfour/readme.md'
> Including configuration file 'file:///home/runner/.autorest/@autorest_modelerfour@4.20.0-ci.b8e3f92c0/node_modules/@autorest/modelerfour/readme.md'
NOTE: AutoRest core version selected from configuration: https://tinyurl.com/yfjyy27f.
Network Enabled: true

There is a new version of AutoRest available (3.2.3).
 > You can install the newer version with with npm install -g autorest@latest

Starting @autorest/core from /home/runner/.autorest/@autorest_core@3.5.0-ci.b8e3f92c0/node_modules/@autorest/core
   Loading AutoRest core      '/home/runner/.autorest/@autorest_core@3.5.0-ci.b8e3f92c0/node_modules/@autorest/core/dist' (3.5.0-ci.b8e3f92c0)
VERBOSE [0.69 s]: > Including configuration file 'file:///home/runner/work/bicep-types-az/bicep-types-az/workflow-temp/azure-rest-api-specs/specification/deploymentmanager/resource-manager/readme.bicep.md'
VERBOSE [0.7 s]: > Initial configuration file 'file:///home/runner/work/bicep-types-az/bicep-types-az/workflow-temp/azure-rest-api-specs/specification/deploymentmanager/resource-manager/readme.md'
VERBOSE [0.7 s]: > Including configuration file 'file:///home/runner/work/bicep-types-az/bicep-types-az/workflow-temp/azure-rest-api-specs/specification/deploymentmanager/resource-manager/readme.md'
VERBOSE [0.73 s]: > Including configuration file 'file:///home/runner/.autorest/@autorest_core@3.5.0-ci.b8e3f92c0/node_modules/@autorest/core/dist/resources/default-configuration.md'
VERBOSE [0.74 s]: > Including configuration file 'file:///home/runner/.autorest/@autorest_core@3.5.0-ci.b8e3f92c0/node_modules/@autorest/core/dist/resources/inspect.md'
VERBOSE [0.77 s]: > Including configuration file 'file:///home/runner/.autorest/@autorest_core@3.5.0-ci.b8e3f92c0/node_modules/@autorest/core/dist/resources/directives.md'
VERBOSE [0.78 s]: > Including configuration file 'file:///home/runner/.autorest/@autorest_core@3.5.0-ci.b8e3f92c0/node_modules/@autorest/core/dist/resources/pipeline.md'
VERBOSE [0.8 s]: > Including configuration file 'file:///home/runner/.autorest/@autorest_core@3.5.0-ci.b8e3f92c0/node_modules/@autorest/core/dist/resources/loader-openapi.md'
VERBOSE [0.82 s]: > Including configuration file 'file:///home/runner/.autorest/@autorest_core@3.5.0-ci.b8e3f92c0/node_modules/@autorest/core/dist/resources/miscellaneous.md'
VERBOSE [0.84 s]: > Including configuration file 'file:///home/runner/.autorest/@autorest_core@3.5.0-ci.b8e3f92c0/node_modules/@autorest/core/dist/resources/plugin-powershell.md'
VERBOSE [0.86 s]: > Including configuration file 'file:///home/runner/.autorest/@autorest_core@3.5.0-ci.b8e3f92c0/node_modules/@autorest/core/dist/resources/plugin-azureresourceschema.md'
VERBOSE [0.87 s]: > Including configuration file 'file:///home/runner/.autorest/@autorest_core@3.5.0-ci.b8e3f92c0/node_modules/@autorest/core/dist/resources/plugin-csharp.md'
VERBOSE [0.89 s]: > Including configuration file 'file:///home/runner/.autorest/@autorest_core@3.5.0-ci.b8e3f92c0/node_modules/@autorest/core/dist/resources/plugin-go.md'
VERBOSE [0.91 s]: > Including configuration file 'file:///home/runner/.autorest/@autorest_core@3.5.0-ci.b8e3f92c0/node_modules/@autorest/core/dist/resources/plugin-java.md'
VERBOSE [0.93 s]: > Including configuration file 'file:///home/runner/.autorest/@autorest_core@3.5.0-ci.b8e3f92c0/node_modules/@autorest/core/dist/resources/plugin-nodejs.md'
VERBOSE [0.94 s]: > Including configuration file 'file:///home/runner/.autorest/@autorest_core@3.5.0-ci.b8e3f92c0/node_modules/@autorest/core/dist/resources/plugin-php.md'
VERBOSE [0.97 s]: > Including configuration file 'file:///home/runner/.autorest/@autorest_core@3.5.0-ci.b8e3f92c0/node_modules/@autorest/core/dist/resources/plugin-python.md'
VERBOSE [0.98 s]: > Including configuration file 'file:///home/runner/.autorest/@autorest_core@3.5.0-ci.b8e3f92c0/node_modules/@autorest/core/dist/resources/plugin-ruby.md'
VERBOSE [1.01 s]: > Including configuration file 'file:///home/runner/.autorest/@autorest_core@3.5.0-ci.b8e3f92c0/node_modules/@autorest/core/dist/resources/plugin-typescript.md'
VERBOSE [1.03 s]: > Including configuration file 'file:///home/runner/.autorest/@autorest_core@3.5.0-ci.b8e3f92c0/node_modules/@autorest/core/dist/resources/plugin-validators.md'
VERBOSE [1.05 s]: > Including configuration file 'file:///home/runner/.autorest/@autorest_core@3.5.0-ci.b8e3f92c0/node_modules/@autorest/core/dist/resources/plugin-az.md'
VERBOSE [1.08 s]: > Including configuration file 'file:///home/runner/.autorest/@autorest_core@3.5.0-ci.b8e3f92c0/node_modules/@autorest/core/dist/resources/plugin-terraform.md'
VERBOSE [1.1 s]: > Including configuration file 'file:///home/runner/.autorest/@autorest_core@3.5.0-ci.b8e3f92c0/node_modules/@autorest/core/dist/resources/plugin-azure-functions.md'
VERBOSE [1.12 s]: > Including configuration file 'file:///home/runner/.autorest/@autorest_core@3.5.0-ci.b8e3f92c0/node_modules/@autorest/core/dist/resources/graphs.md'
VERBOSE [1.15 s]: > Including configuration file 'file:///home/runner/.autorest/@autorest_core@3.5.0-ci.b8e3f92c0/node_modules/@autorest/core/dist/resources/help-configuration.md'
INFORMATION: > Loading local AutoRest extension '@autorest/bicep' (/home/runner/work/bicep-types-az/bicep-types-az/src/autorest.bicep)
VERBOSE [1.22 s]: > Including extension configuration file 'file:///home/runner/work/bicep-types-az/bicep-types-az/src/autorest.bicep/README.md'
VERBOSE [1.22 s]: > Including configuration file 'file:///home/runner/work/bicep-types-az/bicep-types-az/src/autorest.bicep/README.md'
INFORMATION: > Loading AutoRest extension '@autorest/modelerfour' (https://tinyurl.com/yhlkz69y->4.20.0-ci.b8e3f92c0)
VERBOSE [2.18 s]: > Including extension configuration file 'file:///home/runner/.autorest/@autorest_modelerfour@4.20.0-ci.b8e3f92c0/node_modules/@autorest/modelerfour/readme.md'
VERBOSE [2.18 s]: > Including configuration file 'file:///home/runner/.autorest/@autorest_modelerfour@4.20.0-ci.b8e3f92c0/node_modules/@autorest/modelerfour/readme.md'
Processing batch task - {"tag":"microsoft.deploymentmanager-2019-11-01-preview"} .
VERBOSE [2.4 s]: > Including configuration file 'file:///home/runner/work/bicep-types-az/bicep-types-az/workflow-temp/azure-rest-api-specs/specification/deploymentmanager/resource-manager/readme.bicep.md'
VERBOSE [2.41 s]: > Initial configuration file 'file:///home/runner/work/bicep-types-az/bicep-types-az/workflow-temp/azure-rest-api-specs/specification/deploymentmanager/resource-manager/readme.md'
VERBOSE [2.41 s]: > Including configuration file 'file:///home/runner/work/bicep-types-az/bicep-types-az/workflow-temp/azure-rest-api-specs/specification/deploymentmanager/resource-manager/readme.md'
VERBOSE [2.42 s]: > Including configuration file 'file:///home/runner/.autorest/@autorest_core@3.5.0-ci.b8e3f92c0/node_modules/@autorest/core/dist/resources/default-configuration.md'
VERBOSE [2.43 s]: > Including configuration file 'file:///home/runner/.autorest/@autorest_core@3.5.0-ci.b8e3f92c0/node_modules/@autorest/core/dist/resources/inspect.md'
VERBOSE [2.43 s]: > Including configuration file 'file:///home/runner/.autorest/@autorest_core@3.5.0-ci.b8e3f92c0/node_modules/@autorest/core/dist/resources/directives.md'
VERBOSE [2.45 s]: > Including configuration file 'file:///home/runner/.autorest/@autorest_core@3.5.0-ci.b8e3f92c0/node_modules/@autorest/core/dist/resources/pipeline.md'
VERBOSE [2.46 s]: > Including configuration file 'file:///home/runner/.autorest/@autorest_core@3.5.0-ci.b8e3f92c0/node_modules/@autorest/core/dist/resources/loader-openapi.md'
VERBOSE [2.48 s]: > Including configuration file 'file:///home/runner/.autorest/@autorest_core@3.5.0-ci.b8e3f92c0/node_modules/@autorest/core/dist/resources/miscellaneous.md'
VERBOSE [2.49 s]: > Including configuration file 'file:///home/runner/.autorest/@autorest_core@3.5.0-ci.b8e3f92c0/node_modules/@autorest/core/dist/resources/plugin-powershell.md'
VERBOSE [2.5 s]: > Including configuration file 'file:///home/runner/.autorest/@autorest_core@3.5.0-ci.b8e3f92c0/node_modules/@autorest/core/dist/resources/plugin-azureresourceschema.md'
VERBOSE [2.51 s]: > Including configuration file 'file:///home/runner/.autorest/@autorest_core@3.5.0-ci.b8e3f92c0/node_modules/@autorest/core/dist/resources/plugin-csharp.md'
VERBOSE [2.53 s]: > Including configuration file 'file:///home/runner/.autorest/@autorest_core@3.5.0-ci.b8e3f92c0/node_modules/@autorest/core/dist/resources/plugin-go.md'
VERBOSE [2.55 s]: > Including configuration file 'file:///home/runner/.autorest/@autorest_core@3.5.0-ci.b8e3f92c0/node_modules/@autorest/core/dist/resources/plugin-java.md'
VERBOSE [2.56 s]: > Including configuration file 'file:///home/runner/.autorest/@autorest_core@3.5.0-ci.b8e3f92c0/node_modules/@autorest/core/dist/resources/plugin-nodejs.md'
VERBOSE [2.58 s]: > Including configuration file 'file:///home/runner/.autorest/@autorest_core@3.5.0-ci.b8e3f92c0/node_modules/@autorest/core/dist/resources/plugin-php.md'
VERBOSE [2.59 s]: > Including configuration file 'file:///home/runner/.autorest/@autorest_core@3.5.0-ci.b8e3f92c0/node_modules/@autorest/core/dist/resources/plugin-python.md'
VERBOSE [2.61 s]: > Including configuration file 'file:///home/runner/.autorest/@autorest_core@3.5.0-ci.b8e3f92c0/node_modules/@autorest/core/dist/resources/plugin-ruby.md'
VERBOSE [2.62 s]: > Including configuration file 'file:///home/runner/.autorest/@autorest_core@3.5.0-ci.b8e3f92c0/node_modules/@autorest/core/dist/resources/plugin-typescript.md'
VERBOSE [2.64 s]: > Including configuration file 'file:///home/runner/.autorest/@autorest_core@3.5.0-ci.b8e3f92c0/node_modules/@autorest/core/dist/resources/plugin-validators.md'
VERBOSE [2.66 s]: > Including configuration file 'file:///home/runner/.autorest/@autorest_core@3.5.0-ci.b8e3f92c0/node_modules/@autorest/core/dist/resources/plugin-az.md'
VERBOSE [2.68 s]: > Including configuration file 'file:///home/runner/.autorest/@autorest_core@3.5.0-ci.b8e3f92c0/node_modules/@autorest/core/dist/resources/plugin-terraform.md'
VERBOSE [2.7 s]: > Including configuration file 'file:///home/runner/.autorest/@autorest_core@3.5.0-ci.b8e3f92c0/node_modules/@autorest/core/dist/resources/plugin-azure-functions.md'
VERBOSE [2.72 s]: > Including configuration file 'file:///home/runner/.autorest/@autorest_core@3.5.0-ci.b8e3f92c0/node_modules/@autorest/core/dist/resources/graphs.md'
VERBOSE [2.74 s]: > Including configuration file 'file:///home/runner/.autorest/@autorest_core@3.5.0-ci.b8e3f92c0/node_modules/@autorest/core/dist/resources/help-configuration.md'
INFORMATION: > Loading local AutoRest extension '@autorest/bicep' (/home/runner/work/bicep-types-az/bicep-types-az/src/autorest.bicep)
VERBOSE [2.81 s]: > Including extension configuration file 'file:///home/runner/work/bicep-types-az/bicep-types-az/src/autorest.bicep/README.md'
VERBOSE [2.81 s]: > Including configuration file 'file:///home/runner/work/bicep-types-az/bicep-types-az/src/autorest.bicep/README.md'
INFORMATION: > Loading AutoRest extension '@autorest/modelerfour' (https://tinyurl.com/yhlkz69y->4.20.0-ci.b8e3f92c0)
VERBOSE [3.61 s]: > Including extension configuration file 'file:///home/runner/.autorest/@autorest_modelerfour@4.20.0-ci.b8e3f92c0/node_modules/@autorest/modelerfour/readme.md'
VERBOSE [3.61 s]: > Including configuration file 'file:///home/runner/.autorest/@autorest_modelerfour@4.20.0-ci.b8e3f92c0/node_modules/@autorest/modelerfour/readme.md'
DEBUG [4.24 s]: swagger-document/loader-swagger - START inputs = 0
DEBUG [4.24 s]: openapi-document/loader-openapi - START inputs = 0
DEBUG [4.24 s]: pipeline-emitter - START inputs = 0
DEBUG [4.24 s]: configuration-emitter - START inputs = 0
DEBUG [4.24 s]: pipeline-emitter - END [0.05 s][85 MB]
DEBUG [4.24 s]: configuration-emitter - END [0.05 s][85 MB]
VERBOSE [4.29 s]: Reading OpenAPI 2.0 file file:///home/runner/work/bicep-types-az/bicep-types-az/workflow-temp/azure-rest-api-specs/specification/deploymentmanager/resource-manager/Microsoft.DeploymentManager/preview/2019-11-01-preview/deploymentmanager.json
DEBUG [4.29 s]: openapi-document/loader-openapi - END [0.1 s][94 MB]
VERBOSE [4.4 s]: Reading $ref'd file file:///home/runner/work/bicep-types-az/bicep-types-az/workflow-temp/azure-rest-api-specs/specification/common-types/resource-management/v1/types.json
DEBUG [4.4 s]: openapi-document/individual/transform - SKIPPING
DEBUG [4.4 s]: openapi-document/individual/schema-validator-openapi - SKIPPING
DEBUG [4.4 s]: openapi-document/individual/identity - SKIPPING
DEBUG [4.51 s]: swagger-document/loader-swagger - END [0.32 s][107 MB]
DEBUG [4.52 s]: swagger-document/individual/transform - START inputs = 2
DEBUG [4.66 s]: swagger-document/individual/transform - END [0.14 s][115 MB]
DEBUG [4.68 s]: swagger-document/individual/schema-validator-swagger - START inputs = 2
DEBUG [4.97 s]: swagger-document/individual/schema-validator-swagger - END [0.29 s][112 MB]
DEBUG [4.97 s]: swagger-document/identity - START inputs = 2
DEBUG [4.97 s]: swagger-document/individual/identity - START inputs = 2
DEBUG [4.97 s]: swagger-document/identity - END [0 s][112 MB]
DEBUG [4.97 s]: swagger-document/individual/identity - END [0 s][112 MB]
DEBUG [4.97 s]: openapi-document/openapi-document-converter - START inputs = 2
DEBUG [5.09 s]: openapi-document/openapi-document-converter - END [0.11 s][122 MB]
DEBUG [5.09 s]: openapi-document/transform - START inputs = 2
DEBUG [5.1 s]: openapi-document/transform - END [0.01 s][130 MB]
DEBUG [5.11 s]: openapi-document/semantic-validator - START inputs = 2
WARNING: Semantic validation was skipped.
DEBUG [5.11 s]: openapi-document/semantic-validator - END [0 s][120 MB]
DEBUG [5.11 s]: openapi-document/allof-cleaner - START inputs = 2
DEBUG [5.12 s]: openapi-document/allof-cleaner - END [0 s][121 MB]
DEBUG [5.12 s]: openapi-document/tree-shaker - START inputs = 2
DEBUG [5.24 s]: openapi-document/tree-shaker - END [0.12 s][135 MB]
DEBUG [5.25 s]: openapi-document/multi-api-merger - START inputs = 2
DEBUG [5.48 s]: openapi-document/multi-api-merger - END [0.22 s][100 MB]
DEBUG [5.48 s]: openapi-document/components-cleaner - START inputs = 1
DEBUG [5.62 s]: openapi-document/components-cleaner - END [0.14 s][111 MB]
DEBUG [5.63 s]: openapi-document/component-modifiers - START inputs = 1
DEBUG [5.65 s]: openapi-document/component-modifiers - END [0.01 s][124 MB]
DEBUG [5.65 s]: openapi-document/api-version-parameter-handler - START inputs = 1
DEBUG [5.65 s]: openapi-document/api-version-parameter-handler - END [0 s][116 MB]
DEBUG [5.65 s]: openapi-document/profile-filter - START inputs = 1
DEBUG [5.65 s]: openapi-document/profile-filter - END [0 s][116 MB]
DEBUG [5.65 s]: openapi-document/model-deduplicator - START inputs = 1
DEBUG [5.65 s]: openapi-document/emitter - START inputs = 1
DEBUG [5.65 s]: openapi-document/model-deduplicator - END [0 s][116 MB]
DEBUG [5.65 s]: openapi-document/emitter - END [0 s][116 MB]
DEBUG [5.65 s]: openapi-document/enum-deduplicator - START inputs = 1
DEBUG [5.86 s]: openapi-document/enum-deduplicator - END [0.2 s][136 MB]
DEBUG [5.86 s]: openapi-document/subset-reducer - START inputs = 1
DEBUG [5.86 s]: openapi-document/subset-reducer - END [0 s][136 MB]
DEBUG [5.86 s]: openapi-document/quick-check - START inputs = 1
DEBUG [5.86 s]: openapi-document/multi-api/reset-identity - START inputs = 1
DEBUG [5.89 s]: openapi-document/quick-check - END [0.02 s][137 MB]
DEBUG [5.89 s]: openapi-document/multi-api/reset-identity - END [0.02 s][137 MB]
DEBUG [5.9 s]: openapi-document/multi-api/identity - START inputs = 1
DEBUG [5.91 s]: openapi-document/multi-api/identity - END [0 s][137 MB]
DEBUG [5.91 s]: openapi-document/multi-api/emitter - START inputs = 1
DEBUG [5.91 s]: prechecker - START inputs = 1
DEBUG [5.91 s]: openapi-document/multi-api/emitter - END [0 s][138 MB]

WARNING (PreCheck/SchemaMissingType): The schema 'RolloutRequest' with an undefined type and declared properties is a bit ambiguous. This has been auto-corrected to 'type:object'

WARNING (PreCheck/SchemaMissingType): The schema 'RolloutRequestProperties' with an undefined type and declared properties is a bit ambiguous. This has been auto-corrected to 'type:object'

WARNING (PreCheck/SchemaMissingType): The schema 'StepGroup' with an undefined type and declared properties is a bit ambiguous. This has been auto-corrected to 'type:object'

WARNING (PreCheck/SchemaMissingType): The schema 'PrePostStep' with an undefined type and declared properties is a bit ambiguous. This has been auto-corrected to 'type:object'

WARNING (PreCheck/SchemaMissingType): The schema 'ArtifactSource' with an undefined type and declared properties is a bit ambiguous. This has been auto-corrected to 'type:object'

WARNING (PreCheck/SchemaMissingType): The schema 'ArtifactSource-properties' with an undefined type and 'allOf'/'anyOf'/'oneOf' is a bit ambiguous. This has been auto-corrected to 'type:object'

WARNING (PreCheck/SchemaMissingType): The schema 'ArtifactSourceProperties' with an undefined type and declared properties is a bit ambiguous. This has been auto-corrected to 'type:object'

WARNING (PreCheck/SchemaMissingType): The schema 'SasProperties' with an undefined type and declared properties is a bit ambiguous. This has been auto-corrected to 'type:object'

WARNING (PreCheck/SchemaMissingType): The schema 'Rollout' with an undefined type and declared properties is a bit ambiguous. This has been auto-corrected to 'type:object'

WARNING (PreCheck/SchemaMissingType): The schema 'Rollout-properties' with an undefined type and 'allOf'/'anyOf'/'oneOf' is a bit ambiguous. This has been auto-corrected to 'type:object'

WARNING (PreCheck/SchemaMissingType): The schema 'RolloutProperties' with an undefined type and declared properties is a bit ambiguous. This has been auto-corrected to 'type:object'

WARNING (PreCheck/SchemaMissingType): The schema 'RolloutOperationInfo' with an undefined type and declared properties is a bit ambiguous. This has been auto-corrected to 'type:object'

WARNING (PreCheck/SchemaMissingType): The schema 'ServiceTopologyResource' with an undefined type and declared properties is a bit ambiguous. This has been auto-corrected to 'type:object'

WARNING (PreCheck/SchemaMissingType): The schema 'ServiceTopologyResource-properties' with an undefined type and 'allOf'/'anyOf'/'oneOf' is a bit ambiguous. This has been auto-corrected to 'type:object'

WARNING (PreCheck/SchemaMissingType): The schema 'ServiceTopologyProperties' with an undefined type and declared properties is a bit ambiguous. This has been auto-corrected to 'type:object'

WARNING (PreCheck/SchemaMissingType): The schema 'ServiceResource' with an undefined type and declared properties is a bit ambiguous. This has been auto-corrected to 'type:object'

WARNING (PreCheck/SchemaMissingType): The schema 'ServiceResource-properties' with an undefined type and 'allOf'/'anyOf'/'oneOf' is a bit ambiguous. This has been auto-corrected to 'type:object'

WARNING (PreCheck/SchemaMissingType): The schema 'Service' with an undefined type and declared properties is a bit ambiguous. This has been auto-corrected to 'type:object'

WARNING (PreCheck/SchemaMissingType): The schema 'ServiceProperties' with an undefined type and declared properties is a bit ambiguous. This has been auto-corrected to 'type:object'

WARNING (PreCheck/SchemaMissingType): The schema 'ServiceUnitResource' with an undefined type and declared properties is a bit ambiguous. This has been auto-corrected to 'type:object'

WARNING (PreCheck/SchemaMissingType): The schema 'ServiceUnitResource-properties' with an undefined type and 'allOf'/'anyOf'/'oneOf' is a bit ambiguous. This has been auto-corrected to 'type:object'

WARNING (PreCheck/SchemaMissingType): The schema 'ServiceUnit' with an undefined type and declared properties is a bit ambiguous. This has been auto-corrected to 'type:object'

WARNING (PreCheck/SchemaMissingType): The schema 'ServiceUnitProperties' with an undefined type and declared properties is a bit ambiguous. This has been auto-corrected to 'type:object'

WARNING (PreCheck/SchemaMissingType): The schema 'ServiceUnitArtifacts' with an undefined type and declared properties is a bit ambiguous. This has been auto-corrected to 'type:object'

WARNING (PreCheck/SchemaMissingType): The schema 'RolloutStep' with an undefined type and declared properties is a bit ambiguous. This has been auto-corrected to 'type:object'

WARNING (PreCheck/SchemaMissingType): The schema 'StepOperationInfo' with an undefined type and declared properties is a bit ambiguous. This has been auto-corrected to 'type:object'

WARNING (PreCheck/SchemaMissingType): The schema 'ResourceOperation' with an undefined type and declared properties is a bit ambiguous. This has been auto-corrected to 'type:object'

WARNING (PreCheck/SchemaMissingType): The schema 'Message' with an undefined type and declared properties is a bit ambiguous. This has been auto-corrected to 'type:object'

WARNING (PreCheck/SchemaMissingType): The schema 'CloudError' with an undefined type and declared properties is a bit ambiguous. This has been auto-corrected to 'type:object'

WARNING (PreCheck/SchemaMissingType): The schema 'CloudErrorBody' with an undefined type and declared properties is a bit ambiguous. This has been auto-corrected to 'type:object'

WARNING (PreCheck/SchemaMissingType): The schema 'Operation' with an undefined type and declared properties is a bit ambiguous. This has been auto-corrected to 'type:object'

WARNING (PreCheck/SchemaMissingType): The schema 'OperationDetail' with an undefined type and declared properties is a bit ambiguous. This has been auto-corrected to 'type:object'

WARNING (PreCheck/SchemaMissingType): The schema 'StepResource' with an undefined type and declared properties is a bit ambiguous. This has been auto-corrected to 'type:object'

WARNING (PreCheck/CheckDuplicateSchemas): Checking for duplicate schemas, this could take a (long) while.  Run with --verbose for more detail.
VERBOSE [6.04 s]: Found and removed 0 duplicate schema
DEBUG [6.33 s]: prechecker - END [0.42 s][101 MB]
DEBUG [6.34 s]: modelerfour - START inputs = 2
VERBOSE [6.41 s]:   ModelerFour/api-version-mode:client
VERBOSE [6.41 s]:   ModelerFour/api-version-parameter:constant
VERBOSE [6.41 s]:   ModelerFour/use-model-namespace:false

WARNING (UnkownSecurityScheme): Security scheme azure_auth is unknown and will not be processed. Only supported types are AADToken,AzureKey,Anonymous
DEBUG [6.65 s]: modelerfour - END [0.31 s][105 MB]
DEBUG [6.65 s]: modelerfour/new-transform - START inputs = 2
DEBUG [6.65 s]: modelerfour/new-transform - END [0 s][105 MB]
DEBUG [6.65 s]: modelerfour/flattener - START inputs = 2
DEBUG [6.79 s]: modelerfour/flattener - END [0.13 s][109 MB]
DEBUG [6.79 s]: modelerfour/flattener/new-transform - START inputs = 2
DEBUG [6.79 s]: modelerfour/flattener/new-transform - END [0 s][109 MB]
DEBUG [6.79 s]: modelerfour/grouper - START inputs = 2
DEBUG [6.91 s]: modelerfour/grouper - END [0.12 s][114 MB]
DEBUG [6.91 s]: modelerfour/grouper/new-transform - START inputs = 2
DEBUG [6.91 s]: modelerfour/grouper/new-transform - END [0 s][114 MB]
DEBUG [6.91 s]: modelerfour/pre-namer - START inputs = 2

WARNING (PreNamer/DeduplicateName): Deduplicating schema name: 'RolloutProperties' -> 'RolloutPropertiesAutoGenerated'

WARNING (PreNamer/DeduplicateName): Deduplicating schema name: 'ArtifactSourceProperties' -> 'ArtifactSourcePropertiesAutoGenerated'
DEBUG [7.06 s]: modelerfour/pre-namer - END [0.14 s][118 MB]
DEBUG [7.06 s]: modelerfour/pre-namer/new-transform - START inputs = 2
DEBUG [7.06 s]: modelerfour/pre-namer/new-transform - END [0 s][118 MB]
DEBUG [7.06 s]: modelerfour/checker - START inputs = 4
DEBUG [7.17 s]: modelerfour/checker - END [0.1 s][102 MB]
DEBUG [7.17 s]: modelerfour/identity - START inputs = 2
DEBUG [7.17 s]: modelerfour/identity - END [0 s][102 MB]
DEBUG [7.17 s]: bicep - START inputs = 2
DEBUG [7.17 s]: modelerfour/emitter - START inputs = 2
DEBUG [7.17 s]: modelerfour/notags/emitter - START inputs = 2
DEBUG [7.17 s]: modelerfour/emitter - END [0 s][103 MB]
DEBUG [7.17 s]: modelerfour/notags/emitter - END [0 s][103 MB]
INFORMATION: autorest.bicep took 10ms
DEBUG [7.26 s]: bicep - END [0.09 s][104 MB]
DEBUG [7.26 s]: bicep/emitter - START inputs = 2
DEBUG [7.26 s]: Emitting 'bicep-files' at file:///tmp/_bcp_1625795651387/deploymentmanager/microsoft.deploymentmanager/2019-11-01-preview/types.json
DEBUG [7.27 s]: Emitting 'bicep-files' at file:///tmp/_bcp_1625795651387/deploymentmanager/microsoft.deploymentmanager/2019-11-01-preview/types.md
DEBUG [7.27 s]: bicep/emitter - END [0 s][104 MB]
Processing batch task - {"tag":"microsoft.deploymentmanager-2018-09-01-preview"} .
VERBOSE [7.27 s]: > Including configuration file 'file:///home/runner/work/bicep-types-az/bicep-types-az/workflow-temp/azure-rest-api-specs/specification/deploymentmanager/resource-manager/readme.bicep.md'
VERBOSE [7.28 s]: > Initial configuration file 'file:///home/runner/work/bicep-types-az/bicep-types-az/workflow-temp/azure-rest-api-specs/specification/deploymentmanager/resource-manager/readme.md'
VERBOSE [7.28 s]: > Including configuration file 'file:///home/runner/work/bicep-types-az/bicep-types-az/workflow-temp/azure-rest-api-specs/specification/deploymentmanager/resource-manager/readme.md'
VERBOSE [7.29 s]: > Including configuration file 'file:///home/runner/.autorest/@autorest_core@3.5.0-ci.b8e3f92c0/node_modules/@autorest/core/dist/resources/default-configuration.md'
VERBOSE [7.3 s]: > Including configuration file 'file:///home/runner/.autorest/@autorest_core@3.5.0-ci.b8e3f92c0/node_modules/@autorest/core/dist/resources/inspect.md'
VERBOSE [7.31 s]: > Including configuration file 'file:///home/runner/.autorest/@autorest_core@3.5.0-ci.b8e3f92c0/node_modules/@autorest/core/dist/resources/directives.md'
VERBOSE [7.31 s]: > Including configuration file 'file:///home/runner/.autorest/@autorest_core@3.5.0-ci.b8e3f92c0/node_modules/@autorest/core/dist/resources/pipeline.md'
VERBOSE [7.32 s]: > Including configuration file 'file:///home/runner/.autorest/@autorest_core@3.5.0-ci.b8e3f92c0/node_modules/@autorest/core/dist/resources/loader-openapi.md'
VERBOSE [7.34 s]: > Including configuration file 'file:///home/runner/.autorest/@autorest_core@3.5.0-ci.b8e3f92c0/node_modules/@autorest/core/dist/resources/miscellaneous.md'
VERBOSE [7.35 s]: > Including configuration file 'file:///home/runner/.autorest/@autorest_core@3.5.0-ci.b8e3f92c0/node_modules/@autorest/core/dist/resources/plugin-powershell.md'
VERBOSE [7.36 s]: > Including configuration file 'file:///home/runner/.autorest/@autorest_core@3.5.0-ci.b8e3f92c0/node_modules/@autorest/core/dist/resources/plugin-azureresourceschema.md'
VERBOSE [7.37 s]: > Including configuration file 'file:///home/runner/.autorest/@autorest_core@3.5.0-ci.b8e3f92c0/node_modules/@autorest/core/dist/resources/plugin-csharp.md'
VERBOSE [7.39 s]: > Including configuration file 'file:///home/runner/.autorest/@autorest_core@3.5.0-ci.b8e3f92c0/node_modules/@autorest/core/dist/resources/plugin-go.md'
VERBOSE [7.4 s]: > Including configuration file 'file:///home/runner/.autorest/@autorest_core@3.5.0-ci.b8e3f92c0/node_modules/@autorest/core/dist/resources/plugin-java.md'
VERBOSE [7.42 s]: > Including configuration file 'file:///home/runner/.autorest/@autorest_core@3.5.0-ci.b8e3f92c0/node_modules/@autorest/core/dist/resources/plugin-nodejs.md'
VERBOSE [7.43 s]: > Including configuration file 'file:///home/runner/.autorest/@autorest_core@3.5.0-ci.b8e3f92c0/node_modules/@autorest/core/dist/resources/plugin-php.md'
VERBOSE [7.45 s]: > Including configuration file 'file:///home/runner/.autorest/@autorest_core@3.5.0-ci.b8e3f92c0/node_modules/@autorest/core/dist/resources/plugin-python.md'
VERBOSE [7.47 s]: > Including configuration file 'file:///home/runner/.autorest/@autorest_core@3.5.0-ci.b8e3f92c0/node_modules/@autorest/core/dist/resources/plugin-ruby.md'
VERBOSE [7.49 s]: > Including configuration file 'file:///home/runner/.autorest/@autorest_core@3.5.0-ci.b8e3f92c0/node_modules/@autorest/core/dist/resources/plugin-typescript.md'
VERBOSE [7.51 s]: > Including configuration file 'file:///home/runner/.autorest/@autorest_core@3.5.0-ci.b8e3f92c0/node_modules/@autorest/core/dist/resources/plugin-validators.md'
VERBOSE [7.53 s]: > Including configuration file 'file:///home/runner/.autorest/@autorest_core@3.5.0-ci.b8e3f92c0/node_modules/@autorest/core/dist/resources/plugin-az.md'
VERBOSE [7.54 s]: > Including configuration file 'file:///home/runner/.autorest/@autorest_core@3.5.0-ci.b8e3f92c0/node_modules/@autorest/core/dist/resources/plugin-terraform.md'
VERBOSE [7.56 s]: > Including configuration file 'file:///home/runner/.autorest/@autorest_core@3.5.0-ci.b8e3f92c0/node_modules/@autorest/core/dist/resources/plugin-azure-functions.md'
VERBOSE [7.58 s]: > Including configuration file 'file:///home/runner/.autorest/@autorest_core@3.5.0-ci.b8e3f92c0/node_modules/@autorest/core/dist/resources/graphs.md'
VERBOSE [7.61 s]: > Including configuration file 'file:///home/runner/.autorest/@autorest_core@3.5.0-ci.b8e3f92c0/node_modules/@autorest/core/dist/resources/help-configuration.md'
INFORMATION: > Loading local AutoRest extension '@autorest/bicep' (/home/runner/work/bicep-types-az/bicep-types-az/src/autorest.bicep)
VERBOSE [7.67 s]: > Including extension configuration file 'file:///home/runner/work/bicep-types-az/bicep-types-az/src/autorest.bicep/README.md'
VERBOSE [7.67 s]: > Including configuration file 'file:///home/runner/work/bicep-types-az/bicep-types-az/src/autorest.bicep/README.md'
INFORMATION: > Loading AutoRest extension '@autorest/modelerfour' (https://tinyurl.com/yhlkz69y->4.20.0-ci.b8e3f92c0)
VERBOSE [8.21 s]: > Including extension configuration file 'file:///home/runner/.autorest/@autorest_modelerfour@4.20.0-ci.b8e3f92c0/node_modules/@autorest/modelerfour/readme.md'
VERBOSE [8.21 s]: > Including configuration file 'file:///home/runner/.autorest/@autorest_modelerfour@4.20.0-ci.b8e3f92c0/node_modules/@autorest/modelerfour/readme.md'
DEBUG [8.49 s]: swagger-document/loader-swagger - START inputs = 0
DEBUG [8.49 s]: openapi-document/loader-openapi - START inputs = 0
DEBUG [8.49 s]: pipeline-emitter - START inputs = 0
DEBUG [8.49 s]: configuration-emitter - START inputs = 0
DEBUG [8.49 s]: pipeline-emitter - END [0.04 s][132 MB]
DEBUG [8.49 s]: configuration-emitter - END [0.04 s][132 MB]
VERBOSE [8.5 s]: Reading OpenAPI 2.0 file file:///home/runner/work/bicep-types-az/bicep-types-az/workflow-temp/azure-rest-api-specs/specification/deploymentmanager/resource-manager/Microsoft.DeploymentManager/preview/2018-09-01-preview/deploymentmanager.json
DEBUG [8.51 s]: openapi-document/loader-openapi - END [0.05 s][138 MB]
VERBOSE [8.56 s]: Reading $ref'd file file:///home/runner/work/bicep-types-az/bicep-types-az/workflow-temp/azure-rest-api-specs/specification/common-types/resource-management/v1/types.json
DEBUG [8.56 s]: openapi-document/individual/transform - SKIPPING
DEBUG [8.56 s]: openapi-document/individual/schema-validator-openapi - SKIPPING
DEBUG [8.56 s]: openapi-document/individual/identity - SKIPPING
DEBUG [8.63 s]: swagger-document/loader-swagger - END [0.17 s][153 MB]
DEBUG [8.63 s]: swagger-document/individual/transform - START inputs = 2
DEBUG [8.75 s]: swagger-document/individual/transform - END [0.11 s][155 MB]
DEBUG [8.75 s]: swagger-document/individual/schema-validator-swagger - START inputs = 2
DEBUG [8.75 s]: swagger-document/individual/schema-validator-swagger - END [0 s][156 MB]
DEBUG [8.75 s]: swagger-document/identity - START inputs = 2
DEBUG [8.75 s]: swagger-document/individual/identity - START inputs = 2
DEBUG [8.75 s]: swagger-document/identity - END [0 s][156 MB]
DEBUG [8.76 s]: swagger-document/individual/identity - END [0 s][156 MB]
DEBUG [8.76 s]: openapi-document/openapi-document-converter - START inputs = 2
DEBUG [8.81 s]: openapi-document/openapi-document-converter - END [0.05 s][157 MB]
DEBUG [8.81 s]: openapi-document/transform - START inputs = 2
DEBUG [8.82 s]: openapi-document/transform - END [0 s][163 MB]
DEBUG [8.82 s]: openapi-document/semantic-validator - START inputs = 2
WARNING: Semantic validation was skipped.
DEBUG [8.82 s]: openapi-document/semantic-validator - END [0 s][163 MB]
DEBUG [8.82 s]: openapi-document/allof-cleaner - START inputs = 2
DEBUG [8.83 s]: openapi-document/allof-cleaner - END [0 s][164 MB]
DEBUG [8.83 s]: openapi-document/tree-shaker - START inputs = 2
DEBUG [8.91 s]: openapi-document/tree-shaker - END [0.07 s][171 MB]
DEBUG [8.91 s]: openapi-document/multi-api-merger - START inputs = 2
DEBUG [9.03 s]: openapi-document/multi-api-merger - END [0.11 s][183 MB]
DEBUG [9.03 s]: openapi-document/components-cleaner - START inputs = 1
DEBUG [9.15 s]: openapi-document/components-cleaner - END [0.11 s][199 MB]
DEBUG [9.15 s]: openapi-document/component-modifiers - START inputs = 1
DEBUG [9.17 s]: openapi-document/component-modifiers - END [0.02 s][201 MB]
DEBUG [9.17 s]: openapi-document/api-version-parameter-handler - START inputs = 1
DEBUG [9.17 s]: openapi-document/api-version-parameter-handler - END [0 s][201 MB]
DEBUG [9.17 s]: openapi-document/profile-filter - START inputs = 1
DEBUG [9.17 s]: openapi-document/profile-filter - END [0 s][201 MB]
DEBUG [9.17 s]: openapi-document/model-deduplicator - START inputs = 1
DEBUG [9.17 s]: openapi-document/emitter - START inputs = 1
DEBUG [9.17 s]: openapi-document/model-deduplicator - END [0 s][201 MB]
DEBUG [9.17 s]: openapi-document/emitter - END [0 s][201 MB]
DEBUG [9.17 s]: openapi-document/enum-deduplicator - START inputs = 1
DEBUG [9.3 s]: openapi-document/enum-deduplicator - END [0.12 s][213 MB]
DEBUG [9.3 s]: openapi-document/subset-reducer - START inputs = 1
DEBUG [9.3 s]: openapi-document/subset-reducer - END [0 s][213 MB]
DEBUG [9.3 s]: openapi-document/quick-check - START inputs = 1
DEBUG [9.3 s]: openapi-document/multi-api/reset-identity - START inputs = 1
DEBUG [9.33 s]: openapi-document/quick-check - END [0.02 s][212 MB]
DEBUG [9.33 s]: openapi-document/multi-api/reset-identity - END [0.02 s][212 MB]
DEBUG [9.33 s]: openapi-document/multi-api/identity - START inputs = 1
DEBUG [9.33 s]: openapi-document/multi-api/identity - END [0 s][213 MB]
DEBUG [9.33 s]: openapi-document/multi-api/emitter - START inputs = 1
DEBUG [9.33 s]: prechecker - START inputs = 1
DEBUG [9.33 s]: openapi-document/multi-api/emitter - END [0 s][213 MB]

WARNING (PreCheck/SchemaMissingType): The schema 'RolloutRequest' with an undefined type and declared properties is a bit ambiguous. This has been auto-corrected to 'type:object'

WARNING (PreCheck/SchemaMissingType): The schema 'RolloutRequestProperties' with an undefined type and declared properties is a bit ambiguous. This has been auto-corrected to 'type:object'

WARNING (PreCheck/SchemaMissingType): The schema 'Step' with an undefined type and declared properties is a bit ambiguous. This has been auto-corrected to 'type:object'

WARNING (PreCheck/SchemaMissingType): The schema 'PrePostStep' with an undefined type and declared properties is a bit ambiguous. This has been auto-corrected to 'type:object'

WARNING (PreCheck/SchemaMissingType): The schema 'ArtifactSource' with an undefined type and declared properties is a bit ambiguous. This has been auto-corrected to 'type:object'

WARNING (PreCheck/SchemaMissingType): The schema 'ArtifactSource-properties' with an undefined type and 'allOf'/'anyOf'/'oneOf' is a bit ambiguous. This has been auto-corrected to 'type:object'

WARNING (PreCheck/SchemaMissingType): The schema 'ArtifactSourceProperties' with an undefined type and declared properties is a bit ambiguous. This has been auto-corrected to 'type:object'

WARNING (PreCheck/SchemaMissingType): The schema 'SasProperties' with an undefined type and declared properties is a bit ambiguous. This has been auto-corrected to 'type:object'

WARNING (PreCheck/SchemaMissingType): The schema 'Rollout' with an undefined type and declared properties is a bit ambiguous. This has been auto-corrected to 'type:object'

WARNING (PreCheck/SchemaMissingType): The schema 'Rollout-properties' with an undefined type and 'allOf'/'anyOf'/'oneOf' is a bit ambiguous. This has been auto-corrected to 'type:object'

WARNING (PreCheck/SchemaMissingType): The schema 'RolloutProperties' with an undefined type and declared properties is a bit ambiguous. This has been auto-corrected to 'type:object'

WARNING (PreCheck/SchemaMissingType): The schema 'RolloutOperationInfo' with an undefined type and declared properties is a bit ambiguous. This has been auto-corrected to 'type:object'

WARNING (PreCheck/SchemaMissingType): The schema 'ServiceTopologyResource' with an undefined type and declared properties is a bit ambiguous. This has been auto-corrected to 'type:object'

WARNING (PreCheck/SchemaMissingType): The schema 'ServiceTopologyResource-properties' with an undefined type and 'allOf'/'anyOf'/'oneOf' is a bit ambiguous. This has been auto-corrected to 'type:object'

WARNING (PreCheck/SchemaMissingType): The schema 'ServiceTopologyProperties' with an undefined type and declared properties is a bit ambiguous. This has been auto-corrected to 'type:object'

WARNING (PreCheck/SchemaMissingType): The schema 'ServiceResource' with an undefined type and declared properties is a bit ambiguous. This has been auto-corrected to 'type:object'

WARNING (PreCheck/SchemaMissingType): The schema 'ServiceResource-properties' with an undefined type and 'allOf'/'anyOf'/'oneOf' is a bit ambiguous. This has been auto-corrected to 'type:object'

WARNING (PreCheck/SchemaMissingType): The schema 'Service' with an undefined type and declared properties is a bit ambiguous. This has been auto-corrected to 'type:object'

WARNING (PreCheck/SchemaMissingType): The schema 'ServiceProperties' with an undefined type and declared properties is a bit ambiguous. This has been auto-corrected to 'type:object'

WARNING (PreCheck/SchemaMissingType): The schema 'ServiceUnitResource' with an undefined type and declared properties is a bit ambiguous. This has been auto-corrected to 'type:object'

WARNING (PreCheck/SchemaMissingType): The schema 'ServiceUnitResource-properties' with an undefined type and 'allOf'/'anyOf'/'oneOf' is a bit ambiguous. This has been auto-corrected to 'type:object'

WARNING (PreCheck/SchemaMissingType): The schema 'ServiceUnit' with an undefined type and declared properties is a bit ambiguous. This has been auto-corrected to 'type:object'

WARNING (PreCheck/SchemaMissingType): The schema 'ServiceUnitProperties' with an undefined type and declared properties is a bit ambiguous. This has been auto-corrected to 'type:object'

WARNING (PreCheck/SchemaMissingType): The schema 'ServiceUnitArtifacts' with an undefined type and declared properties is a bit ambiguous. This has been auto-corrected to 'type:object'

WARNING (PreCheck/SchemaMissingType): The schema 'RolloutStep' with an undefined type and declared properties is a bit ambiguous. This has been auto-corrected to 'type:object'

WARNING (PreCheck/SchemaMissingType): The schema 'StepOperationInfo' with an undefined type and declared properties is a bit ambiguous. This has been auto-corrected to 'type:object'

WARNING (PreCheck/SchemaMissingType): The schema 'ResourceOperation' with an undefined type and declared properties is a bit ambiguous. This has been auto-corrected to 'type:object'

WARNING (PreCheck/SchemaMissingType): The schema 'Message' with an undefined type and declared properties is a bit ambiguous. This has been auto-corrected to 'type:object'

WARNING (PreCheck/SchemaMissingType): The schema 'CloudError' with an undefined type and declared properties is a bit ambiguous. This has been auto-corrected to 'type:object'

WARNING (PreCheck/SchemaMissingType): The schema 'CloudErrorBody' with an undefined type and declared properties is a bit ambiguous. This has been auto-corrected to 'type:object'

WARNING (PreCheck/SchemaMissingType): The schema 'Operation' with an undefined type and declared properties is a bit ambiguous. This has been auto-corrected to 'type:object'

WARNING (PreCheck/SchemaMissingType): The schema 'OperationDetail' with an undefined type and declared properties is a bit ambiguous. This has been auto-corrected to 'type:object'

WARNING (PreCheck/SchemaMissingType): The schema 'StepResource' with an undefined type and declared properties is a bit ambiguous. This has been auto-corrected to 'type:object'

WARNING (PreCheck/CheckDuplicateSchemas): Checking for duplicate schemas, this could take a (long) while.  Run with --verbose for more detail.
VERBOSE [9.35 s]: Found and removed 0 duplicate schema
DEBUG [9.39 s]: prechecker - END [0.06 s][216 MB]
DEBUG [9.39 s]: modelerfour - START inputs = 2
VERBOSE [9.41 s]:   ModelerFour/api-version-mode:client
VERBOSE [9.41 s]:   ModelerFour/api-version-parameter:constant
VERBOSE [9.41 s]:   ModelerFour/use-model-namespace:false

WARNING (UnkownSecurityScheme): Security scheme azure_auth is unknown and will not be processed. Only supported types are AADToken,AzureKey,Anonymous
DEBUG [9.57 s]: modelerfour - END [0.17 s][219 MB]
DEBUG [9.57 s]: modelerfour/new-transform - START inputs = 2
DEBUG [9.57 s]: modelerfour/new-transform - END [0 s][219 MB]
DEBUG [9.57 s]: modelerfour/flattener - START inputs = 2
DEBUG [9.65 s]: modelerfour/flattener - END [0.07 s][223 MB]
DEBUG [9.65 s]: modelerfour/flattener/new-transform - START inputs = 2
DEBUG [9.65 s]: modelerfour/flattener/new-transform - END [0 s][223 MB]
DEBUG [9.65 s]: modelerfour/grouper - START inputs = 2
DEBUG [9.73 s]: modelerfour/grouper - END [0.07 s][226 MB]
DEBUG [9.73 s]: modelerfour/grouper/new-transform - START inputs = 2
DEBUG [9.73 s]: modelerfour/grouper/new-transform - END [0 s][226 MB]
DEBUG [9.73 s]: modelerfour/pre-namer - START inputs = 2

WARNING (PreNamer/DeduplicateName): Deduplicating schema name: 'RolloutProperties' -> 'RolloutPropertiesAutoGenerated'

WARNING (PreNamer/DeduplicateName): Deduplicating schema name: 'ArtifactSourceProperties' -> 'ArtifactSourcePropertiesAutoGenerated'
DEBUG [9.84 s]: modelerfour/pre-namer - END [0.1 s][229 MB]
DEBUG [9.84 s]: modelerfour/pre-namer/new-transform - START inputs = 2
DEBUG [9.84 s]: modelerfour/pre-namer/new-transform - END [0 s][229 MB]
DEBUG [9.84 s]: modelerfour/checker - START inputs = 4
DEBUG [9.92 s]: modelerfour/checker - END [0.07 s][232 MB]
DEBUG [9.92 s]: modelerfour/identity - START inputs = 2
DEBUG [9.92 s]: modelerfour/identity - END [0 s][232 MB]
DEBUG [9.92 s]: bicep - START inputs = 2
DEBUG [9.92 s]: modelerfour/emitter - START inputs = 2
DEBUG [9.92 s]: modelerfour/notags/emitter - START inputs = 2
DEBUG [9.92 s]: modelerfour/emitter - END [0 s][232 MB]
DEBUG [9.92 s]: modelerfour/notags/emitter - END [0 s][232 MB]
INFORMATION: autorest.bicep took 4ms
DEBUG [9.98 s]: bicep - END [0.05 s][233 MB]
DEBUG [9.98 s]: bicep/emitter - START inputs = 2
DEBUG [9.98 s]: Emitting 'bicep-files' at file:///tmp/_bcp_1625795651387/deploymentmanager/microsoft.deploymentmanager/2018-09-01-preview/types.json
DEBUG [9.98 s]: Emitting 'bicep-files' at file:///tmp/_bcp_1625795651387/deploymentmanager/microsoft.deploymentmanager/2018-09-01-preview/types.md
DEBUG [9.98 s]: bicep/emitter - END [0 s][234 MB]
[9.98 s] Clearing Folders.
[9.98 s] Writing Outputs.
[9.98 s] Generation Complete
[9.98 s] Shutting Down.
[9.98 s] Exiting.
