
WARNING: AutoRest has not been tested with Node versions greater than v14.

AutoRest code generation utility [cli version: 3.4.2; node: v16.13.0]
(C) 2018 Microsoft Corporation.
https://aka.ms/autorest
info    |    Loading AutoRest core      '/home/runner/work/bicep-types-az/bicep-types-az/src/generator/node_modules/@autorest/core/dist' (3.6.6)
info    |    Loading local AutoRest extension '@autorest/bicep' (/home/runner/work/bicep-types-az/bicep-types-az/src/autorest.bicep)
info    |    Loading AutoRest extension '@autorest/modelerfour' (*->4.22.3)
info    | Processing batch task - {"tag":"microsoft.cache-2021-08-01"} .
info    |    Loading local AutoRest extension '@autorest/bicep' (/home/runner/work/bicep-types-az/bicep-types-az/src/autorest.bicep)
info    |    Loading AutoRest extension '@autorest/modelerfour' (*->4.22.3)
warning | SkippedSemanticValidation | Semantic validation was skipped.
warning | PreCheck/CheckDuplicateSchemas | Checking for duplicate schemas, this could take a (long) while.  Run with --verbose for more detail.
warning | UnkownSecurityScheme | Security scheme azure_auth is unknown and will not be processed. Only supported types are AADToken,AzureKey,Anonymous
info    | autorest.bicep took 11ms
info    | Processing batch task - {"tag":"microsoft.cache-2021-02-01-preview"} .
info    |    Loading local AutoRest extension '@autorest/bicep' (/home/runner/work/bicep-types-az/bicep-types-az/src/autorest.bicep)
info    |    Loading AutoRest extension '@autorest/modelerfour' (*->4.22.3)
warning | SkippedSemanticValidation | Semantic validation was skipped.
warning | PreCheck/SchemaMissingType | The schema 'Sku' with an undefined type and declared properties is a bit ambiguous. This has been auto-corrected to 'type:object'
    - openapi-document.json:31:4
warning | PreCheck/SchemaMissingType | The schema 'Cluster' with an undefined type and declared properties is a bit ambiguous. This has been auto-corrected to 'type:object'
    - openapi-document.json:82:4
warning | PreCheck/SchemaMissingType | The schema 'ClusterUpdate' with an undefined type and declared properties is a bit ambiguous. This has been auto-corrected to 'type:object'
    - openapi-document.json:157:4
warning | PreCheck/SchemaMissingType | The schema 'ClusterProperties' with an undefined type and declared properties is a bit ambiguous. This has been auto-corrected to 'type:object'
    - openapi-document.json:237:4
warning | PreCheck/SchemaMissingType | The schema 'ClusterList' with an undefined type and declared properties is a bit ambiguous. This has been auto-corrected to 'type:object'
    - openapi-document.json:346:4
warning | PreCheck/SchemaMissingType | The schema 'Database' with an undefined type and declared properties is a bit ambiguous. This has been auto-corrected to 'type:object'
    - openapi-document.json:411:4
warning | PreCheck/SchemaMissingType | The schema 'DatabaseUpdate' with an undefined type and declared properties is a bit ambiguous. This has been auto-corrected to 'type:object'
    - openapi-document.json:439:4
warning | PreCheck/SchemaMissingType | The schema 'DatabaseProperties' with an undefined type and declared properties is a bit ambiguous. This has been auto-corrected to 'type:object'
    - openapi-document.json:462:4
warning | PreCheck/SchemaMissingType | The schema 'DatabaseList' with an undefined type and declared properties is a bit ambiguous. This has been auto-corrected to 'type:object'
    - openapi-document.json:672:4
warning | PreCheck/SchemaMissingType | The schema 'Persistence' with an undefined type and declared properties is a bit ambiguous. This has been auto-corrected to 'type:object'
    - openapi-document.json:737:4
warning | PreCheck/SchemaMissingType | The schema 'Module' with an undefined type and declared properties is a bit ambiguous. This has been auto-corrected to 'type:object'
    - openapi-document.json:780:4
warning | PreCheck/SchemaMissingType | The schema 'LinkedDatabase' with an undefined type and declared properties is a bit ambiguous. This has been auto-corrected to 'type:object'
    - openapi-document.json:883:4
warning | PreCheck/SchemaMissingType | The schema 'RegenerateKeyParameters' with an undefined type and declared properties is a bit ambiguous. This has been auto-corrected to 'type:object'
    - openapi-document.json:1006:4
warning | PreCheck/SchemaMissingType | The schema 'ImportClusterParameters' with an undefined type and declared properties is a bit ambiguous. This has been auto-corrected to 'type:object'
    - openapi-document.json:1036:4
warning | PreCheck/SchemaMissingType | The schema 'ExportClusterParameters' with an undefined type and declared properties is a bit ambiguous. This has been auto-corrected to 'type:object'
    - openapi-document.json:1081:4
warning | PreCheck/SchemaMissingType | The schema 'ForceUnlinkParameters' with an undefined type and declared properties is a bit ambiguous. This has been auto-corrected to 'type:object'
    - openapi-document.json:1254:4
warning | PreCheck/CheckDuplicateSchemas | Checking for duplicate schemas, this could take a (long) while.  Run with --verbose for more detail.
warning | UnkownSecurityScheme | Security scheme azure_auth is unknown and will not be processed. Only supported types are AADToken,AzureKey,Anonymous
info    | autorest.bicep took 3ms
info    | Processing batch task - {"tag":"microsoft.cache-2021-03-01"} .
info    |    Loading local AutoRest extension '@autorest/bicep' (/home/runner/work/bicep-types-az/bicep-types-az/src/autorest.bicep)
info    |    Loading AutoRest extension '@autorest/modelerfour' (*->4.22.3)
warning | SkippedSemanticValidation | Semantic validation was skipped.
warning | PreCheck/SchemaMissingType | The schema 'Sku' with an undefined type and declared properties is a bit ambiguous. This has been auto-corrected to 'type:object'
    - openapi-document.json:31:4
warning | PreCheck/SchemaMissingType | The schema 'Cluster' with an undefined type and declared properties is a bit ambiguous. This has been auto-corrected to 'type:object'
    - openapi-document.json:82:4
warning | PreCheck/SchemaMissingType | The schema 'ClusterUpdate' with an undefined type and declared properties is a bit ambiguous. This has been auto-corrected to 'type:object'
    - openapi-document.json:157:4
warning | PreCheck/SchemaMissingType | The schema 'ClusterProperties' with an undefined type and declared properties is a bit ambiguous. This has been auto-corrected to 'type:object'
    - openapi-document.json:237:4
warning | PreCheck/SchemaMissingType | The schema 'ClusterList' with an undefined type and declared properties is a bit ambiguous. This has been auto-corrected to 'type:object'
    - openapi-document.json:346:4
warning | PreCheck/SchemaMissingType | The schema 'Database' with an undefined type and declared properties is a bit ambiguous. This has been auto-corrected to 'type:object'
    - openapi-document.json:411:4
warning | PreCheck/SchemaMissingType | The schema 'DatabaseUpdate' with an undefined type and declared properties is a bit ambiguous. This has been auto-corrected to 'type:object'
    - openapi-document.json:439:4
warning | PreCheck/SchemaMissingType | The schema 'DatabaseProperties' with an undefined type and declared properties is a bit ambiguous. This has been auto-corrected to 'type:object'
    - openapi-document.json:462:4
warning | PreCheck/SchemaMissingType | The schema 'DatabaseList' with an undefined type and declared properties is a bit ambiguous. This has been auto-corrected to 'type:object'
    - openapi-document.json:585:4
warning | PreCheck/SchemaMissingType | The schema 'Persistence' with an undefined type and declared properties is a bit ambiguous. This has been auto-corrected to 'type:object'
    - openapi-document.json:650:4
warning | PreCheck/SchemaMissingType | The schema 'Module' with an undefined type and declared properties is a bit ambiguous. This has been auto-corrected to 'type:object'
    - openapi-document.json:693:4
warning | PreCheck/SchemaMissingType | The schema 'RegenerateKeyParameters' with an undefined type and declared properties is a bit ambiguous. This has been auto-corrected to 'type:object'
    - openapi-document.json:862:4
warning | PreCheck/SchemaMissingType | The schema 'ImportClusterParameters' with an undefined type and declared properties is a bit ambiguous. This has been auto-corrected to 'type:object'
    - openapi-document.json:892:4
warning | PreCheck/SchemaMissingType | The schema 'ExportClusterParameters' with an undefined type and declared properties is a bit ambiguous. This has been auto-corrected to 'type:object'
    - openapi-document.json:937:4
warning | PreCheck/CheckDuplicateSchemas | Checking for duplicate schemas, this could take a (long) while.  Run with --verbose for more detail.
warning | UnkownSecurityScheme | Security scheme azure_auth is unknown and will not be processed. Only supported types are AADToken,AzureKey,Anonymous
info    | autorest.bicep took 2ms
info    | Processing batch task - {"tag":"microsoft.cache-2020-10-01-preview"} .
info    |    Loading local AutoRest extension '@autorest/bicep' (/home/runner/work/bicep-types-az/bicep-types-az/src/autorest.bicep)
info    |    Loading AutoRest extension '@autorest/modelerfour' (*->4.22.3)
warning | SkippedSemanticValidation | Semantic validation was skipped.
warning | PreCheck/SchemaMissingType | The schema 'Sku' with an undefined type and declared properties is a bit ambiguous. This has been auto-corrected to 'type:object'
    - openapi-document.json:31:4
warning | PreCheck/SchemaMissingType | The schema 'Cluster' with an undefined type and declared properties is a bit ambiguous. This has been auto-corrected to 'type:object'
    - openapi-document.json:82:4
warning | PreCheck/SchemaMissingType | The schema 'ClusterUpdate' with an undefined type and declared properties is a bit ambiguous. This has been auto-corrected to 'type:object'
    - openapi-document.json:157:4
warning | PreCheck/SchemaMissingType | The schema 'ClusterProperties' with an undefined type and declared properties is a bit ambiguous. This has been auto-corrected to 'type:object'
    - openapi-document.json:237:4
warning | PreCheck/SchemaMissingType | The schema 'ClusterList' with an undefined type and declared properties is a bit ambiguous. This has been auto-corrected to 'type:object'
    - openapi-document.json:367:4
warning | PreCheck/SchemaMissingType | The schema 'Database' with an undefined type and declared properties is a bit ambiguous. This has been auto-corrected to 'type:object'
    - openapi-document.json:432:4
warning | PreCheck/SchemaMissingType | The schema 'DatabaseUpdate' with an undefined type and declared properties is a bit ambiguous. This has been auto-corrected to 'type:object'
    - openapi-document.json:460:4
warning | PreCheck/SchemaMissingType | The schema 'DatabaseProperties' with an undefined type and declared properties is a bit ambiguous. This has been auto-corrected to 'type:object'
    - openapi-document.json:483:4
warning | PreCheck/SchemaMissingType | The schema 'DatabaseList' with an undefined type and declared properties is a bit ambiguous. This has been auto-corrected to 'type:object'
    - openapi-document.json:602:4
warning | PreCheck/SchemaMissingType | The schema 'Module' with an undefined type and declared properties is a bit ambiguous. This has been auto-corrected to 'type:object'
    - openapi-document.json:667:4
warning | PreCheck/SchemaMissingType | The schema 'RegenerateKeyParameters' with an undefined type and declared properties is a bit ambiguous. This has been auto-corrected to 'type:object'
    - openapi-document.json:836:4
warning | PreCheck/SchemaMissingType | The schema 'ImportClusterParameters' with an undefined type and declared properties is a bit ambiguous. This has been auto-corrected to 'type:object'
    - openapi-document.json:866:4
warning | PreCheck/SchemaMissingType | The schema 'ExportClusterParameters' with an undefined type and declared properties is a bit ambiguous. This has been auto-corrected to 'type:object'
    - openapi-document.json:909:4
warning | PreCheck/CheckDuplicateSchemas | Checking for duplicate schemas, this could take a (long) while.  Run with --verbose for more detail.
warning | UnkownSecurityScheme | Security scheme azure_auth is unknown and will not be processed. Only supported types are AADToken,AzureKey,Anonymous
info    | autorest.bicep took 2ms
info    | Generation Complete
