SourceMapConsumer.initialize is a no-op when running in node.js
AutoRest code generation utility [cli version: 3.5.1; node: v16.13.2]
(C) 2018 Microsoft Corporation.
https://aka.ms/autorest
SourceMapConsumer.initialize is a no-op when running in node.js
info    |    Loading AutoRest core      '/home/runner/work/bicep-types-az/bicep-types-az/src/generator/node_modules/@autorest/core/dist' (3.7.5)
warning | DeprecatedConfig | Using directive.0.suppress which is deprecated and will be removed in the future.
warning | DeprecatedConfig | Using directive.1.suppress which is deprecated and will be removed in the future.
info    |    Loading local AutoRest extension '@autorest/bicep' (/home/runner/work/bicep-types-az/bicep-types-az/src/autorest.bicep)
info    |    Loading AutoRest extension '@autorest/modelerfour' (*->4.22.3)
info    | Processing batch task - {"tag":"microsoft.billing-2021-10-01"} .
warning | DeprecatedConfig | Using directive.0.suppress which is deprecated and will be removed in the future.
warning | DeprecatedConfig | Using directive.1.suppress which is deprecated and will be removed in the future.
info    |    Loading local AutoRest extension '@autorest/bicep' (/home/runner/work/bicep-types-az/bicep-types-az/src/autorest.bicep)
info    |    Loading AutoRest extension '@autorest/modelerfour' (*->4.22.3)
warning | SkippedSemanticValidation | Semantic validation was skipped.
warning | PreCheck/CheckDuplicateSchemas | Checking for duplicate schemas, this could take a (long) while.  Run with --verbose for more detail.
warning | UnkownSecurityScheme | Security scheme azure_auth is unknown and will not be processed. Only supported types are AADToken,AzureKey,Anonymous
warning | UnkownSecurityScheme | Security scheme azure_auth is unknown and will not be processed. Only supported types are AADToken,AzureKey,Anonymous
info    | autorest.bicep took 9ms
info    | Processing batch task - {"tag":"microsoft.billing-2020-05-01"} .
warning | DeprecatedConfig | Using directive.0.suppress which is deprecated and will be removed in the future.
warning | DeprecatedConfig | Using directive.1.suppress which is deprecated and will be removed in the future.
info    |    Loading local AutoRest extension '@autorest/bicep' (/home/runner/work/bicep-types-az/bicep-types-az/src/autorest.bicep)
info    |    Loading AutoRest extension '@autorest/modelerfour' (*->4.22.3)
warning | SkippedSemanticValidation | Semantic validation was skipped.
warning | PreCheck/SchemaMissingType | The schema 'CustomerListResult' with an undefined type and declared properties is a bit ambiguous. This has been auto-corrected to 'type:object'
    - file:///home/runner/work/bicep-types-az/bicep-types-az/workflow-temp/azure-rest-api-specs/specification/billing/resource-manager/Microsoft.Billing/stable/2020-05-01/billing.json:3704:5
warning | PreCheck/SchemaMissingType | The schema 'CustomerProperties' with an undefined type and declared properties is a bit ambiguous. This has been auto-corrected to 'type:object'
    - file:///home/runner/work/bicep-types-az/bicep-types-az/workflow-temp/azure-rest-api-specs/specification/billing/resource-manager/Microsoft.Billing/stable/2020-05-01/billing.json:3744:5
warning | PreCheck/SchemaMissingType | The schema 'TransferProductRequestProperties' with an undefined type and declared properties is a bit ambiguous. This has been auto-corrected to 'type:object'
    - file:///home/runner/work/bicep-types-az/bicep-types-az/workflow-temp/azure-rest-api-specs/specification/billing/resource-manager/Microsoft.Billing/stable/2020-05-01/billing.json:3810:5
warning | PreCheck/SchemaMissingType | The schema 'BillingAccountListResult' with an undefined type and declared properties is a bit ambiguous. This has been auto-corrected to 'type:object'
    - file:///home/runner/work/bicep-types-az/bicep-types-az/workflow-temp/azure-rest-api-specs/specification/billing/resource-manager/Microsoft.Billing/stable/2020-05-01/billing.json:3895:5
warning | PreCheck/SchemaMissingType | The schema 'BillingAccountProperties' with an undefined type and declared properties is a bit ambiguous. This has been auto-corrected to 'type:object'
    - file:///home/runner/work/bicep-types-az/bicep-types-az/workflow-temp/azure-rest-api-specs/specification/billing/resource-manager/Microsoft.Billing/stable/2020-05-01/billing.json:3929:5
warning | PreCheck/SchemaMissingType | The schema 'BillingProfilesOnExpand' with an undefined type and declared properties is a bit ambiguous. This has been auto-corrected to 'type:object'
    - file:///home/runner/work/bicep-types-az/bicep-types-az/workflow-temp/azure-rest-api-specs/specification/billing/resource-manager/Microsoft.Billing/stable/2020-05-01/billing.json:4021:5
warning | PreCheck/SchemaMissingType | The schema 'BillingAccountUpdateRequest' with an undefined type and declared properties is a bit ambiguous. This has been auto-corrected to 'type:object'
    - file:///home/runner/work/bicep-types-az/bicep-types-az/workflow-temp/azure-rest-api-specs/specification/billing/resource-manager/Microsoft.Billing/stable/2020-05-01/billing.json:4038:5
warning | PreCheck/SchemaMissingType | The schema 'BillingPropertyProperties' with an undefined type and declared properties is a bit ambiguous. This has been auto-corrected to 'type:object'
    - file:///home/runner/work/bicep-types-az/bicep-types-az/workflow-temp/azure-rest-api-specs/specification/billing/resource-manager/Microsoft.Billing/stable/2020-05-01/billing.json:4064:5
warning | PreCheck/SchemaMissingType | The schema 'Enrollment' with an undefined type and declared properties is a bit ambiguous. This has been auto-corrected to 'type:object'
    - file:///home/runner/work/bicep-types-az/bicep-types-az/workflow-temp/azure-rest-api-specs/specification/billing/resource-manager/Microsoft.Billing/stable/2020-05-01/billing.json:4179:5
warning | PreCheck/SchemaMissingType | The schema 'EnrollmentPolicies' with an undefined type and declared properties is a bit ambiguous. This has been auto-corrected to 'type:object'
    - file:///home/runner/work/bicep-types-az/bicep-types-az/workflow-temp/azure-rest-api-specs/specification/billing/resource-manager/Microsoft.Billing/stable/2020-05-01/billing.json:4229:5
warning | PreCheck/SchemaMissingType | The schema 'DepartmentProperties' with an undefined type and declared properties is a bit ambiguous. This has been auto-corrected to 'type:object'
    - file:///home/runner/work/bicep-types-az/bicep-types-az/workflow-temp/azure-rest-api-specs/specification/billing/resource-manager/Microsoft.Billing/stable/2020-05-01/billing.json:4270:5
warning | PreCheck/SchemaMissingType | The schema 'EnrollmentAccountProperties' with an undefined type and declared properties is a bit ambiguous. This has been auto-corrected to 'type:object'
    - file:///home/runner/work/bicep-types-az/bicep-types-az/workflow-temp/azure-rest-api-specs/specification/billing/resource-manager/Microsoft.Billing/stable/2020-05-01/billing.json:4310:5
warning | PreCheck/SchemaMissingType | The schema 'InstructionListResult' with an undefined type and declared properties is a bit ambiguous. This has been auto-corrected to 'type:object'
    - file:///home/runner/work/bicep-types-az/bicep-types-az/workflow-temp/azure-rest-api-specs/specification/billing/resource-manager/Microsoft.Billing/stable/2020-05-01/billing.json:4349:5
warning | PreCheck/SchemaMissingType | The schema 'BillingProfileListResult' with an undefined type and declared properties is a bit ambiguous. This has been auto-corrected to 'type:object'
    - file:///home/runner/work/bicep-types-az/bicep-types-az/workflow-temp/azure-rest-api-specs/specification/billing/resource-manager/Microsoft.Billing/stable/2020-05-01/billing.json:4367:5
warning | PreCheck/SchemaMissingType | The schema 'InstructionProperties' with an undefined type and declared properties is a bit ambiguous. This has been auto-corrected to 'type:object'
    - file:///home/runner/work/bicep-types-az/bicep-types-az/workflow-temp/azure-rest-api-specs/specification/billing/resource-manager/Microsoft.Billing/stable/2020-05-01/billing.json:4417:5
warning | PreCheck/SchemaMissingType | The schema 'BillingProfileCreationRequest' with an undefined type and declared properties is a bit ambiguous. This has been auto-corrected to 'type:object'
    - file:///home/runner/work/bicep-types-az/bicep-types-az/workflow-temp/azure-rest-api-specs/specification/billing/resource-manager/Microsoft.Billing/stable/2020-05-01/billing.json:4446:5
warning | PreCheck/SchemaMissingType | The schema 'BillingProfileProperties' with an undefined type and declared properties is a bit ambiguous. This has been auto-corrected to 'type:object'
    - file:///home/runner/work/bicep-types-az/bicep-types-az/workflow-temp/azure-rest-api-specs/specification/billing/resource-manager/Microsoft.Billing/stable/2020-05-01/billing.json:4474:5
warning | PreCheck/SchemaMissingType | The schema 'InvoiceSectionsOnExpand' with an undefined type and declared properties is a bit ambiguous. This has been auto-corrected to 'type:object'
    - file:///home/runner/work/bicep-types-az/bicep-types-az/workflow-temp/azure-rest-api-specs/specification/billing/resource-manager/Microsoft.Billing/stable/2020-05-01/billing.json:4604:5
warning | PreCheck/SchemaMissingType | The schema 'AddressDetails' with an undefined type and declared properties is a bit ambiguous. This has been auto-corrected to 'type:object'
    - file:///home/runner/work/bicep-types-az/bicep-types-az/workflow-temp/azure-rest-api-specs/specification/billing/resource-manager/Microsoft.Billing/stable/2020-05-01/billing.json:4621:5
warning | PreCheck/SchemaMissingType | The schema 'IndirectRelationshipInfo' with an undefined type and declared properties is a bit ambiguous. This has been auto-corrected to 'type:object'
    - file:///home/runner/work/bicep-types-az/bicep-types-az/workflow-temp/azure-rest-api-specs/specification/billing/resource-manager/Microsoft.Billing/stable/2020-05-01/billing.json:4686:5
warning | PreCheck/SchemaMissingType | The schema 'InvoiceSectionCreationRequest' with an undefined type and declared properties is a bit ambiguous. This has been auto-corrected to 'type:object'
    - file:///home/runner/work/bicep-types-az/bicep-types-az/workflow-temp/azure-rest-api-specs/specification/billing/resource-manager/Microsoft.Billing/stable/2020-05-01/billing.json:4703:5
warning | PreCheck/SchemaMissingType | The schema 'InvoiceSectionListResult' with an undefined type and declared properties is a bit ambiguous. This has been auto-corrected to 'type:object'
    - file:///home/runner/work/bicep-types-az/bicep-types-az/workflow-temp/azure-rest-api-specs/specification/billing/resource-manager/Microsoft.Billing/stable/2020-05-01/billing.json:4712:5
warning | PreCheck/SchemaMissingType | The schema 'InvoiceSectionProperties' with an undefined type and declared properties is a bit ambiguous. This has been auto-corrected to 'type:object'
    - file:///home/runner/work/bicep-types-az/bicep-types-az/workflow-temp/azure-rest-api-specs/specification/billing/resource-manager/Microsoft.Billing/stable/2020-05-01/billing.json:4752:5
warning | PreCheck/SchemaMissingType | The schema 'InvoiceSectionWithCreateSubPermission' with an undefined type and declared properties is a bit ambiguous. This has been auto-corrected to 'type:object'
    - file:///home/runner/work/bicep-types-az/bicep-types-az/workflow-temp/azure-rest-api-specs/specification/billing/resource-manager/Microsoft.Billing/stable/2020-05-01/billing.json:4818:5
warning | PreCheck/SchemaMissingType | The schema 'AzurePlan' with an undefined type and declared properties is a bit ambiguous. This has been auto-corrected to 'type:object'
    - file:///home/runner/work/bicep-types-az/bicep-types-az/workflow-temp/azure-rest-api-specs/specification/billing/resource-manager/Microsoft.Billing/stable/2020-05-01/billing.json:4901:5
warning | PreCheck/SchemaMissingType | The schema 'DownloadUrl' with an undefined type and declared properties is a bit ambiguous. This has been auto-corrected to 'type:object'
    - file:///home/runner/work/bicep-types-az/bicep-types-az/workflow-temp/azure-rest-api-specs/specification/billing/resource-manager/Microsoft.Billing/stable/2020-05-01/billing.json:4915:5
warning | PreCheck/SchemaMissingType | The schema 'ErrorDetails' with an undefined type and declared properties is a bit ambiguous. This has been auto-corrected to 'type:object'
    - file:///home/runner/work/bicep-types-az/bicep-types-az/workflow-temp/azure-rest-api-specs/specification/billing/resource-manager/Microsoft.Billing/stable/2020-05-01/billing.json:4931:5
warning | PreCheck/SchemaMissingType | The schema 'Reseller' with an undefined type and declared properties is a bit ambiguous. This has been auto-corrected to 'type:object'
    - file:///home/runner/work/bicep-types-az/bicep-types-az/workflow-temp/azure-rest-api-specs/specification/billing/resource-manager/Microsoft.Billing/stable/2020-05-01/billing.json:4989:5
warning | PreCheck/SchemaMissingType | The schema 'Resource' with an undefined type and declared properties is a bit ambiguous. This has been auto-corrected to 'type:object'
    - file:///home/runner/work/bicep-types-az/bicep-types-az/workflow-temp/azure-rest-api-specs/specification/billing/resource-manager/Microsoft.Billing/stable/2020-05-01/billing.json:5004:5
warning | PreCheck/SchemaMissingType | The schema 'InvoiceListResult' with an undefined type and declared properties is a bit ambiguous. This has been auto-corrected to 'type:object'
    - file:///home/runner/work/bicep-types-az/bicep-types-az/workflow-temp/azure-rest-api-specs/specification/billing/resource-manager/Microsoft.Billing/stable/2020-05-01/billing.json:5025:5
warning | PreCheck/SchemaMissingType | The schema 'InvoiceProperties' with an undefined type and declared properties is a bit ambiguous. This has been auto-corrected to 'type:object'
    - file:///home/runner/work/bicep-types-az/bicep-types-az/workflow-temp/azure-rest-api-specs/specification/billing/resource-manager/Microsoft.Billing/stable/2020-05-01/billing.json:5065:5
warning | PreCheck/SchemaMissingType | The schema 'PaymentProperties' with an undefined type and declared properties is a bit ambiguous. This has been auto-corrected to 'type:object'
    - file:///home/runner/work/bicep-types-az/bicep-types-az/workflow-temp/azure-rest-api-specs/specification/billing/resource-manager/Microsoft.Billing/stable/2020-05-01/billing.json:5236:5
warning | PreCheck/SchemaMissingType | The schema 'RebillDetails' with an undefined type and declared properties is a bit ambiguous. This has been auto-corrected to 'type:object'
    - file:///home/runner/work/bicep-types-az/bicep-types-az/workflow-temp/azure-rest-api-specs/specification/billing/resource-manager/Microsoft.Billing/stable/2020-05-01/billing.json:5276:5
warning | PreCheck/SchemaMissingType | The schema 'Document' with an undefined type and declared properties is a bit ambiguous. This has been auto-corrected to 'type:object'
    - file:///home/runner/work/bicep-types-az/bicep-types-az/workflow-temp/azure-rest-api-specs/specification/billing/resource-manager/Microsoft.Billing/stable/2020-05-01/billing.json:5300:5
warning | PreCheck/SchemaMissingType | The schema 'ProductsListResult' with an undefined type and declared properties is a bit ambiguous. This has been auto-corrected to 'type:object'
    - file:///home/runner/work/bicep-types-az/bicep-types-az/workflow-temp/azure-rest-api-specs/specification/billing/resource-manager/Microsoft.Billing/stable/2020-05-01/billing.json:5338:5
warning | PreCheck/SchemaMissingType | The schema 'ProductProperties' with an undefined type and declared properties is a bit ambiguous. This has been auto-corrected to 'type:object'
    - file:///home/runner/work/bicep-types-az/bicep-types-az/workflow-temp/azure-rest-api-specs/specification/billing/resource-manager/Microsoft.Billing/stable/2020-05-01/billing.json:5378:5
warning | PreCheck/SchemaMissingType | The schema 'BillingSubscriptionsListResult' with an undefined type and declared properties is a bit ambiguous. This has been auto-corrected to 'type:object'
    - file:///home/runner/work/bicep-types-az/bicep-types-az/workflow-temp/azure-rest-api-specs/specification/billing/resource-manager/Microsoft.Billing/stable/2020-05-01/billing.json:5576:5
warning | PreCheck/SchemaMissingType | The schema 'BillingSubscriptionProperties' with an undefined type and declared properties is a bit ambiguous. This has been auto-corrected to 'type:object'
    - file:///home/runner/work/bicep-types-az/bicep-types-az/workflow-temp/azure-rest-api-specs/specification/billing/resource-manager/Microsoft.Billing/stable/2020-05-01/billing.json:5616:5
warning | PreCheck/SchemaMissingType | The schema 'EnrollmentAccountContext' with an undefined type and declared properties is a bit ambiguous. This has been auto-corrected to 'type:object'
    - file:///home/runner/work/bicep-types-az/bicep-types-az/workflow-temp/azure-rest-api-specs/specification/billing/resource-manager/Microsoft.Billing/stable/2020-05-01/billing.json:5713:5
warning | PreCheck/SchemaMissingType | The schema 'TransactionListResult' with an undefined type and declared properties is a bit ambiguous. This has been auto-corrected to 'type:object'
    - file:///home/runner/work/bicep-types-az/bicep-types-az/workflow-temp/azure-rest-api-specs/specification/billing/resource-manager/Microsoft.Billing/stable/2020-05-01/billing.json:5749:5
warning | PreCheck/SchemaMissingType | The schema 'TransactionProperties' with an undefined type and declared properties is a bit ambiguous. This has been auto-corrected to 'type:object'
    - file:///home/runner/work/bicep-types-az/bicep-types-az/workflow-temp/azure-rest-api-specs/specification/billing/resource-manager/Microsoft.Billing/stable/2020-05-01/billing.json:5789:5
warning | PreCheck/SchemaMissingType | The schema 'PolicyProperties' with an undefined type and declared properties is a bit ambiguous. This has been auto-corrected to 'type:object'
    - file:///home/runner/work/bicep-types-az/bicep-types-az/workflow-temp/azure-rest-api-specs/specification/billing/resource-manager/Microsoft.Billing/stable/2020-05-01/billing.json:6008:5
warning | PreCheck/SchemaMissingType | The schema 'CustomerPolicyProperties' with an undefined type and declared properties is a bit ambiguous. This has been auto-corrected to 'type:object'
    - file:///home/runner/work/bicep-types-az/bicep-types-az/workflow-temp/azure-rest-api-specs/specification/billing/resource-manager/Microsoft.Billing/stable/2020-05-01/billing.json:6066:5
warning | PreCheck/SchemaMissingType | The schema 'AvailableBalanceProperties' with an undefined type and declared properties is a bit ambiguous. This has been auto-corrected to 'type:object'
    - file:///home/runner/work/bicep-types-az/bicep-types-az/workflow-temp/azure-rest-api-specs/specification/billing/resource-manager/Microsoft.Billing/stable/2020-05-01/billing.json:6099:5
warning | PreCheck/SchemaMissingType | The schema 'Amount' with an undefined type and declared properties is a bit ambiguous. This has been auto-corrected to 'type:object'
    - file:///home/runner/work/bicep-types-az/bicep-types-az/workflow-temp/azure-rest-api-specs/specification/billing/resource-manager/Microsoft.Billing/stable/2020-05-01/billing.json:6109:5
warning | PreCheck/SchemaMissingType | The schema 'Operation-display' with an undefined type and declared properties is a bit ambiguous. This has been auto-corrected to 'type:object'
    - file:///home/runner/work/bicep-types-az/bicep-types-az/workflow-temp/azure-rest-api-specs/specification/billing/resource-manager/Microsoft.Billing/stable/2020-05-01/billing.json:6137:9
warning | PreCheck/SchemaMissingType | The schema 'OperationListResult' with an undefined type and declared properties is a bit ambiguous. This has been auto-corrected to 'type:object'
    - file:///home/runner/work/bicep-types-az/bicep-types-az/workflow-temp/azure-rest-api-specs/specification/billing/resource-manager/Microsoft.Billing/stable/2020-05-01/billing.json:6164:5
warning | PreCheck/SchemaMissingType | The schema 'BillingRoleAssignmentListResult' with an undefined type and declared properties is a bit ambiguous. This has been auto-corrected to 'type:object'
    - file:///home/runner/work/bicep-types-az/bicep-types-az/workflow-temp/azure-rest-api-specs/specification/billing/resource-manager/Microsoft.Billing/stable/2020-05-01/billing.json:6182:5
warning | PreCheck/SchemaMissingType | The schema 'BillingRoleAssignmentProperties' with an undefined type and declared properties is a bit ambiguous. This has been auto-corrected to 'type:object'
    - file:///home/runner/work/bicep-types-az/bicep-types-az/workflow-temp/azure-rest-api-specs/specification/billing/resource-manager/Microsoft.Billing/stable/2020-05-01/billing.json:6216:5
warning | PreCheck/SchemaMissingType | The schema 'BillingRoleDefinitionListResult' with an undefined type and declared properties is a bit ambiguous. This has been auto-corrected to 'type:object'
    - file:///home/runner/work/bicep-types-az/bicep-types-az/workflow-temp/azure-rest-api-specs/specification/billing/resource-manager/Microsoft.Billing/stable/2020-05-01/billing.json:6266:5
warning | PreCheck/SchemaMissingType | The schema 'BillingRoleDefinitionProperties' with an undefined type and declared properties is a bit ambiguous. This has been auto-corrected to 'type:object'
    - file:///home/runner/work/bicep-types-az/bicep-types-az/workflow-temp/azure-rest-api-specs/specification/billing/resource-manager/Microsoft.Billing/stable/2020-05-01/billing.json:6300:5
warning | PreCheck/SchemaMissingType | The schema 'BillingPermissionsListResult' with an undefined type and declared properties is a bit ambiguous. This has been auto-corrected to 'type:object'
    - file:///home/runner/work/bicep-types-az/bicep-types-az/workflow-temp/azure-rest-api-specs/specification/billing/resource-manager/Microsoft.Billing/stable/2020-05-01/billing.json:6322:5
warning | PreCheck/SchemaMissingType | The schema 'AgreementListResult' with an undefined type and declared properties is a bit ambiguous. This has been auto-corrected to 'type:object'
    - file:///home/runner/work/bicep-types-az/bicep-types-az/workflow-temp/azure-rest-api-specs/specification/billing/resource-manager/Microsoft.Billing/stable/2020-05-01/billing.json:6362:5
warning | PreCheck/SchemaMissingType | The schema 'AgreementProperties' with an undefined type and declared properties is a bit ambiguous. This has been auto-corrected to 'type:object'
    - file:///home/runner/work/bicep-types-az/bicep-types-az/workflow-temp/azure-rest-api-specs/specification/billing/resource-manager/Microsoft.Billing/stable/2020-05-01/billing.json:6396:5
warning | PreCheck/SchemaMissingType | The schema 'Participants' with an undefined type and declared properties is a bit ambiguous. This has been auto-corrected to 'type:object'
    - file:///home/runner/work/bicep-types-az/bicep-types-az/workflow-temp/azure-rest-api-specs/specification/billing/resource-manager/Microsoft.Billing/stable/2020-05-01/billing.json:6484:5
warning | PreCheck/SchemaMissingType | The schema 'ReservationsListResult' with an undefined type and declared properties is a bit ambiguous. This has been auto-corrected to 'type:object'
    - file:///home/runner/work/bicep-types-az/bicep-types-az/workflow-temp/azure-rest-api-specs/specification/billing/resource-manager/Microsoft.Billing/stable/2020-05-01/billing.json:6515:5
warning | PreCheck/SchemaMissingType | The schema 'Reservation' with an undefined type and declared properties is a bit ambiguous. This has been auto-corrected to 'type:object'
    - file:///home/runner/work/bicep-types-az/bicep-types-az/workflow-temp/azure-rest-api-specs/specification/billing/resource-manager/Microsoft.Billing/stable/2020-05-01/billing.json:6538:5
warning | PreCheck/SchemaMissingType | The schema 'ReservationSkuProperty' with an undefined type and declared properties is a bit ambiguous. This has been auto-corrected to 'type:object'
    - file:///home/runner/work/bicep-types-az/bicep-types-az/workflow-temp/azure-rest-api-specs/specification/billing/resource-manager/Microsoft.Billing/stable/2020-05-01/billing.json:6574:5
warning | PreCheck/SchemaMissingType | The schema 'ReservationProperty' with an undefined type and declared properties is a bit ambiguous. This has been auto-corrected to 'type:object'
    - file:///home/runner/work/bicep-types-az/bicep-types-az/workflow-temp/azure-rest-api-specs/specification/billing/resource-manager/Microsoft.Billing/stable/2020-05-01/billing.json:6584:5
warning | PreCheck/CheckDuplicateSchemas | Checking for duplicate schemas, this could take a (long) while.  Run with --verbose for more detail.
warning | UnkownSecurityScheme | Security scheme azure_auth is unknown and will not be processed. Only supported types are AADToken,AzureKey,Anonymous
info    | autorest.bicep took 5ms
info    | Processing batch task - {"tag":"microsoft.billing-2018-03-01-preview"} .
warning | DeprecatedConfig | Using directive.0.suppress which is deprecated and will be removed in the future.
warning | DeprecatedConfig | Using directive.1.suppress which is deprecated and will be removed in the future.
info    |    Loading local AutoRest extension '@autorest/bicep' (/home/runner/work/bicep-types-az/bicep-types-az/src/autorest.bicep)
info    |    Loading AutoRest extension '@autorest/modelerfour' (*->4.22.3)
warning | SkippedSemanticValidation | Semantic validation was skipped.
warning | PreCheck/SchemaMissingType | The schema 'EnrollmentAccountListResult' with an undefined type and declared properties is a bit ambiguous. This has been auto-corrected to 'type:object'
    - file:///home/runner/work/bicep-types-az/bicep-types-az/workflow-temp/azure-rest-api-specs/specification/billing/resource-manager/Microsoft.Billing/preview/2018-03-01-preview/billingV2.json:222:5
warning | PreCheck/SchemaMissingType | The schema 'EnrollmentAccountSummaryProperties' with an undefined type and declared properties is a bit ambiguous. This has been auto-corrected to 'type:object'
    - file:///home/runner/work/bicep-types-az/bicep-types-az/workflow-temp/azure-rest-api-specs/specification/billing/resource-manager/Microsoft.Billing/preview/2018-03-01-preview/billingV2.json:240:5
warning | PreCheck/SchemaMissingType | The schema 'BillingPeriodsListResult' with an undefined type and declared properties is a bit ambiguous. This has been auto-corrected to 'type:object'
    - file:///home/runner/work/bicep-types-az/bicep-types-az/workflow-temp/azure-rest-api-specs/specification/billing/resource-manager/Microsoft.Billing/preview/2018-03-01-preview/billingV2.json:266:5
warning | PreCheck/SchemaMissingType | The schema 'BillingPeriodProperties' with an undefined type and declared properties is a bit ambiguous. This has been auto-corrected to 'type:object'
    - file:///home/runner/work/bicep-types-az/bicep-types-az/workflow-temp/azure-rest-api-specs/specification/billing/resource-manager/Microsoft.Billing/preview/2018-03-01-preview/billingV2.json:284:5
warning | PreCheck/SchemaMissingType | The schema 'ErrorDetails' with an undefined type and declared properties is a bit ambiguous. This has been auto-corrected to 'type:object'
    - file:///home/runner/work/bicep-types-az/bicep-types-az/workflow-temp/azure-rest-api-specs/specification/billing/resource-manager/Microsoft.Billing/preview/2018-03-01-preview/billingV2.json:309:5
warning | PreCheck/SchemaMissingType | The schema 'Resource' with an undefined type and declared properties is a bit ambiguous. This has been auto-corrected to 'type:object'
    - file:///home/runner/work/bicep-types-az/bicep-types-az/workflow-temp/azure-rest-api-specs/specification/billing/resource-manager/Microsoft.Billing/preview/2018-03-01-preview/billingV2.json:367:5
warning | PreCheck/SchemaMissingType | The schema 'EnrollmentAccountListResult' with an undefined type and declared properties is a bit ambiguous. This has been auto-corrected to 'type:object'
    - file:///home/runner/work/bicep-types-az/bicep-types-az/workflow-temp/azure-rest-api-specs/specification/billing/resource-manager/Microsoft.Billing/preview/2018-03-01-preview/billing.json:408:5
warning | PreCheck/SchemaMissingType | The schema 'EnrollmentAccountProperties' with an undefined type and declared properties is a bit ambiguous. This has been auto-corrected to 'type:object'
    - file:///home/runner/work/bicep-types-az/bicep-types-az/workflow-temp/azure-rest-api-specs/specification/billing/resource-manager/Microsoft.Billing/preview/2018-03-01-preview/billing.json:426:5
warning | PreCheck/SchemaMissingType | The schema 'BillingPeriodsListResult' with an undefined type and declared properties is a bit ambiguous. This has been auto-corrected to 'type:object'
    - file:///home/runner/work/bicep-types-az/bicep-types-az/workflow-temp/azure-rest-api-specs/specification/billing/resource-manager/Microsoft.Billing/preview/2018-03-01-preview/billing.json:452:5
warning | PreCheck/SchemaMissingType | The schema 'BillingPeriodProperties' with an undefined type and declared properties is a bit ambiguous. This has been auto-corrected to 'type:object'
    - file:///home/runner/work/bicep-types-az/bicep-types-az/workflow-temp/azure-rest-api-specs/specification/billing/resource-manager/Microsoft.Billing/preview/2018-03-01-preview/billing.json:470:5
warning | PreCheck/SchemaMissingType | The schema 'DownloadUrl' with an undefined type and declared properties is a bit ambiguous. This has been auto-corrected to 'type:object'
    - file:///home/runner/work/bicep-types-az/bicep-types-az/workflow-temp/azure-rest-api-specs/specification/billing/resource-manager/Microsoft.Billing/preview/2018-03-01-preview/billing.json:495:5
warning | PreCheck/SchemaMissingType | The schema 'ErrorDetails' with an undefined type and declared properties is a bit ambiguous. This has been auto-corrected to 'type:object'
    - file:///home/runner/work/bicep-types-az/bicep-types-az/workflow-temp/azure-rest-api-specs/specification/billing/resource-manager/Microsoft.Billing/preview/2018-03-01-preview/billing.json:511:5
warning | PreCheck/SchemaMissingType | The schema 'InvoicesListResult' with an undefined type and declared properties is a bit ambiguous. This has been auto-corrected to 'type:object'
    - file:///home/runner/work/bicep-types-az/bicep-types-az/workflow-temp/azure-rest-api-specs/specification/billing/resource-manager/Microsoft.Billing/preview/2018-03-01-preview/billing.json:557:5
warning | PreCheck/SchemaMissingType | The schema 'InvoiceProperties' with an undefined type and declared properties is a bit ambiguous. This has been auto-corrected to 'type:object'
    - file:///home/runner/work/bicep-types-az/bicep-types-az/workflow-temp/azure-rest-api-specs/specification/billing/resource-manager/Microsoft.Billing/preview/2018-03-01-preview/billing.json:575:5
warning | PreCheck/SchemaMissingType | The schema 'Operation-display' with an undefined type and declared properties is a bit ambiguous. This has been auto-corrected to 'type:object'
    - file:///home/runner/work/bicep-types-az/bicep-types-az/workflow-temp/azure-rest-api-specs/specification/billing/resource-manager/Microsoft.Billing/preview/2018-03-01-preview/billing.json:613:9
warning | PreCheck/SchemaMissingType | The schema 'OperationListResult' with an undefined type and declared properties is a bit ambiguous. This has been auto-corrected to 'type:object'
    - file:///home/runner/work/bicep-types-az/bicep-types-az/workflow-temp/azure-rest-api-specs/specification/billing/resource-manager/Microsoft.Billing/preview/2018-03-01-preview/billing.json:635:5
warning | PreCheck/SchemaMissingType | The schema 'Resource' with an undefined type and declared properties is a bit ambiguous. This has been auto-corrected to 'type:object'
    - file:///home/runner/work/bicep-types-az/bicep-types-az/workflow-temp/azure-rest-api-specs/specification/billing/resource-manager/Microsoft.Billing/preview/2018-03-01-preview/billing.json:653:5
warning | PreCheck/CheckDuplicateSchemas | Checking for duplicate schemas, this could take a (long) while.  Run with --verbose for more detail.
warning | PreCheck/DuplicateSchema | Duplicate Schema named 'EnrollmentAccountListResult' (1 differences):
  - properties.value.$ref: "#/components/schemas/schemas:2" => "#/components/schemas/schemas:38"
warning | PreCheck/DuplicateSchema | Duplicate Schema named 'ErrorDetails' (1 differences):
  - properties.details: {"description":"The sub details of the error.","readOnly":true,"$ref":"#/components/schemas/schemas:20"} => <none>
warning | PreCheck/DuplicateSchema | Duplicate Schema named 'ErrorResponse' (1 differences):
  - properties.error.$ref: "#/components/schemas/schemas:15" => "#/components/schemas/schemas:54"
warning | UnkownSecurityScheme | Security scheme azure_auth is unknown and will not be processed. Only supported types are AADToken,AzureKey,Anonymous
warning | UnkownSecurityScheme | Security scheme azure_auth is unknown and will not be processed. Only supported types are AADToken,AzureKey,Anonymous
warning | PreNamer/DeduplicateName | Deduplicating schema name: 'EnrollmentAccountListResult' -> 'EnrollmentAccountListResultAutoGenerated'
warning | PreNamer/DeduplicateName | Deduplicating schema name: 'ErrorResponse' -> 'ErrorResponseAutoGenerated'
warning | PreNamer/DeduplicateName | Deduplicating schema name: 'ErrorDetails' -> 'ErrorDetailsAutoGenerated'
info    | autorest.bicep took 0ms
info    | Processing batch task - {"tag":"microsoft.billing-2020-09-01-preview"} .
warning | DeprecatedConfig | Using directive.0.suppress which is deprecated and will be removed in the future.
warning | DeprecatedConfig | Using directive.1.suppress which is deprecated and will be removed in the future.
info    |    Loading local AutoRest extension '@autorest/bicep' (/home/runner/work/bicep-types-az/bicep-types-az/src/autorest.bicep)
info    |    Loading AutoRest extension '@autorest/modelerfour' (*->4.22.3)
warning | SkippedSemanticValidation | Semantic validation was skipped.
warning | PreCheck/SchemaMissingType | The schema 'ErrorDetails' with an undefined type and declared properties is a bit ambiguous. This has been auto-corrected to 'type:object'
    - file:///home/runner/work/bicep-types-az/bicep-types-az/workflow-temp/azure-rest-api-specs/specification/billing/resource-manager/Microsoft.Billing/preview/2020-09-01-preview/billingPromotions.json:368:5
warning | PreCheck/CheckDuplicateSchemas | Checking for duplicate schemas, this could take a (long) while.  Run with --verbose for more detail.
warning | UnkownSecurityScheme | Security scheme azure_auth is unknown and will not be processed. Only supported types are AADToken,AzureKey,Anonymous
info    | autorest.bicep took 1ms
info    | Processing batch task - {"tag":"microsoft.billing-2020-11-01-preview"} .
warning | DeprecatedConfig | Using directive.0.suppress which is deprecated and will be removed in the future.
warning | DeprecatedConfig | Using directive.1.suppress which is deprecated and will be removed in the future.
info    |    Loading local AutoRest extension '@autorest/bicep' (/home/runner/work/bicep-types-az/bicep-types-az/src/autorest.bicep)
info    |    Loading AutoRest extension '@autorest/modelerfour' (*->4.22.3)
warning | SkippedSemanticValidation | Semantic validation was skipped.
warning | PreCheck/SchemaMissingType | The schema 'PromotionList' with an undefined type and declared properties is a bit ambiguous. This has been auto-corrected to 'type:object'
    - file:///home/runner/work/bicep-types-az/bicep-types-az/workflow-temp/azure-rest-api-specs/specification/billing/resource-manager/Microsoft.Billing/preview/2020-11-01-preview/billingPromotions.json:218:5
warning | PreCheck/SchemaMissingType | The schema 'ErrorDetails' with an undefined type and declared properties is a bit ambiguous. This has been auto-corrected to 'type:object'
    - file:///home/runner/work/bicep-types-az/bicep-types-az/workflow-temp/azure-rest-api-specs/specification/billing/resource-manager/Microsoft.Billing/preview/2020-11-01-preview/billingPromotions.json:355:5
warning | PreCheck/CheckDuplicateSchemas | Checking for duplicate schemas, this could take a (long) while.  Run with --verbose for more detail.
warning | UnkownSecurityScheme | Security scheme azure_auth is unknown and will not be processed. Only supported types are AADToken,AzureKey,Anonymous
info    | autorest.bicep took 1ms
info    | Processing batch task - {"tag":"microsoft.billing-2019-10-01-preview"} .
warning | DeprecatedConfig | Using directive.0.suppress which is deprecated and will be removed in the future.
warning | DeprecatedConfig | Using directive.1.suppress which is deprecated and will be removed in the future.
info    |    Loading local AutoRest extension '@autorest/bicep' (/home/runner/work/bicep-types-az/bicep-types-az/src/autorest.bicep)
info    |    Loading AutoRest extension '@autorest/modelerfour' (*->4.22.3)
warning | SkippedSemanticValidation | Semantic validation was skipped.
warning | PreCheck/SchemaMissingType | The schema 'CustomerListResult' with an undefined type and declared properties is a bit ambiguous. This has been auto-corrected to 'type:object'
    - file:///home/runner/work/bicep-types-az/bicep-types-az/workflow-temp/azure-rest-api-specs/specification/billing/resource-manager/Microsoft.Billing/preview/2019-10-01-preview/billing.json:5609:5
warning | PreCheck/SchemaMissingType | The schema 'CustomerProperties' with an undefined type and declared properties is a bit ambiguous. This has been auto-corrected to 'type:object'
    - file:///home/runner/work/bicep-types-az/bicep-types-az/workflow-temp/azure-rest-api-specs/specification/billing/resource-manager/Microsoft.Billing/preview/2019-10-01-preview/billing.json:5643:5
warning | PreCheck/SchemaMissingType | The schema 'Error' with an undefined type and declared properties is a bit ambiguous. This has been auto-corrected to 'type:object'
    - file:///home/runner/work/bicep-types-az/bicep-types-az/workflow-temp/azure-rest-api-specs/specification/billing/resource-manager/Microsoft.Billing/preview/2019-10-01-preview/billing.json:5823:5
warning | PreCheck/SchemaMissingType | The schema 'RecipientTransferDetailsListResult' with an undefined type and declared properties is a bit ambiguous. This has been auto-corrected to 'type:object'
    - file:///home/runner/work/bicep-types-az/bicep-types-az/workflow-temp/azure-rest-api-specs/specification/billing/resource-manager/Microsoft.Billing/preview/2019-10-01-preview/billing.json:6041:5
warning | PreCheck/SchemaMissingType | The schema 'TransferDetailsListResult' with an undefined type and declared properties is a bit ambiguous. This has been auto-corrected to 'type:object'
    - file:///home/runner/work/bicep-types-az/bicep-types-az/workflow-temp/azure-rest-api-specs/specification/billing/resource-manager/Microsoft.Billing/preview/2019-10-01-preview/billing.json:6059:5
warning | PreCheck/SchemaMissingType | The schema 'TransferProductRequestProperties' with an undefined type and declared properties is a bit ambiguous. This has been auto-corrected to 'type:object'
    - file:///home/runner/work/bicep-types-az/bicep-types-az/workflow-temp/azure-rest-api-specs/specification/billing/resource-manager/Microsoft.Billing/preview/2019-10-01-preview/billing.json:6077:5
warning | PreCheck/SchemaMissingType | The schema 'BillingAccountListResult' with an undefined type and declared properties is a bit ambiguous. This has been auto-corrected to 'type:object'
    - file:///home/runner/work/bicep-types-az/bicep-types-az/workflow-temp/azure-rest-api-specs/specification/billing/resource-manager/Microsoft.Billing/preview/2019-10-01-preview/billing.json:6269:5
warning | PreCheck/SchemaMissingType | The schema 'BillingAccountProperties' with an undefined type and declared properties is a bit ambiguous. This has been auto-corrected to 'type:object'
    - file:///home/runner/work/bicep-types-az/bicep-types-az/workflow-temp/azure-rest-api-specs/specification/billing/resource-manager/Microsoft.Billing/preview/2019-10-01-preview/billing.json:6303:5
warning | PreCheck/SchemaMissingType | The schema 'BillingAccountUpdateRequest' with an undefined type and declared properties is a bit ambiguous. This has been auto-corrected to 'type:object'
    - file:///home/runner/work/bicep-types-az/bicep-types-az/workflow-temp/azure-rest-api-specs/specification/billing/resource-manager/Microsoft.Billing/preview/2019-10-01-preview/billing.json:6391:5
warning | PreCheck/SchemaMissingType | The schema 'BillingPropertyProperties' with an undefined type and declared properties is a bit ambiguous. This has been auto-corrected to 'type:object'
    - file:///home/runner/work/bicep-types-az/bicep-types-az/workflow-temp/azure-rest-api-specs/specification/billing/resource-manager/Microsoft.Billing/preview/2019-10-01-preview/billing.json:6417:5
warning | PreCheck/SchemaMissingType | The schema 'Enrollment' with an undefined type and declared properties is a bit ambiguous. This has been auto-corrected to 'type:object'
    - file:///home/runner/work/bicep-types-az/bicep-types-az/workflow-temp/azure-rest-api-specs/specification/billing/resource-manager/Microsoft.Billing/preview/2019-10-01-preview/billing.json:6521:5
warning | PreCheck/SchemaMissingType | The schema 'EnrollmentPolicies' with an undefined type and declared properties is a bit ambiguous. This has been auto-corrected to 'type:object'
    - file:///home/runner/work/bicep-types-az/bicep-types-az/workflow-temp/azure-rest-api-specs/specification/billing/resource-manager/Microsoft.Billing/preview/2019-10-01-preview/billing.json:6571:5
warning | PreCheck/SchemaMissingType | The schema 'DepartmentListResult' with an undefined type and declared properties is a bit ambiguous. This has been auto-corrected to 'type:object'
    - file:///home/runner/work/bicep-types-az/bicep-types-az/workflow-temp/azure-rest-api-specs/specification/billing/resource-manager/Microsoft.Billing/preview/2019-10-01-preview/billing.json:6596:5
warning | PreCheck/SchemaMissingType | The schema 'DepartmentProperties' with an undefined type and declared properties is a bit ambiguous. This has been auto-corrected to 'type:object'
    - file:///home/runner/work/bicep-types-az/bicep-types-az/workflow-temp/azure-rest-api-specs/specification/billing/resource-manager/Microsoft.Billing/preview/2019-10-01-preview/billing.json:6630:5
warning | PreCheck/SchemaMissingType | The schema 'EnrollmentAccountListResult' with an undefined type and declared properties is a bit ambiguous. This has been auto-corrected to 'type:object'
    - file:///home/runner/work/bicep-types-az/bicep-types-az/workflow-temp/azure-rest-api-specs/specification/billing/resource-manager/Microsoft.Billing/preview/2019-10-01-preview/billing.json:6654:5
warning | PreCheck/SchemaMissingType | The schema 'EnrollmentAccountProperties' with an undefined type and declared properties is a bit ambiguous. This has been auto-corrected to 'type:object'
    - file:///home/runner/work/bicep-types-az/bicep-types-az/workflow-temp/azure-rest-api-specs/specification/billing/resource-manager/Microsoft.Billing/preview/2019-10-01-preview/billing.json:6688:5
warning | PreCheck/SchemaMissingType | The schema 'InstructionListResult' with an undefined type and declared properties is a bit ambiguous. This has been auto-corrected to 'type:object'
    - file:///home/runner/work/bicep-types-az/bicep-types-az/workflow-temp/azure-rest-api-specs/specification/billing/resource-manager/Microsoft.Billing/preview/2019-10-01-preview/billing.json:6723:5
warning | PreCheck/SchemaMissingType | The schema 'BillingProfileListResult' with an undefined type and declared properties is a bit ambiguous. This has been auto-corrected to 'type:object'
    - file:///home/runner/work/bicep-types-az/bicep-types-az/workflow-temp/azure-rest-api-specs/specification/billing/resource-manager/Microsoft.Billing/preview/2019-10-01-preview/billing.json:6741:5
warning | PreCheck/SchemaMissingType | The schema 'InstructionProperties' with an undefined type and declared properties is a bit ambiguous. This has been auto-corrected to 'type:object'
    - file:///home/runner/work/bicep-types-az/bicep-types-az/workflow-temp/azure-rest-api-specs/specification/billing/resource-manager/Microsoft.Billing/preview/2019-10-01-preview/billing.json:6791:5
warning | PreCheck/SchemaMissingType | The schema 'BillingProfileCreationRequest' with an undefined type and declared properties is a bit ambiguous. This has been auto-corrected to 'type:object'
    - file:///home/runner/work/bicep-types-az/bicep-types-az/workflow-temp/azure-rest-api-specs/specification/billing/resource-manager/Microsoft.Billing/preview/2019-10-01-preview/billing.json:6820:5
warning | PreCheck/SchemaMissingType | The schema 'BillingProfileProperties' with an undefined type and declared properties is a bit ambiguous. This has been auto-corrected to 'type:object'
    - file:///home/runner/work/bicep-types-az/bicep-types-az/workflow-temp/azure-rest-api-specs/specification/billing/resource-manager/Microsoft.Billing/preview/2019-10-01-preview/billing.json:6848:5
warning | PreCheck/SchemaMissingType | The schema 'AddressDetails' with an undefined type and declared properties is a bit ambiguous. This has been auto-corrected to 'type:object'
    - file:///home/runner/work/bicep-types-az/bicep-types-az/workflow-temp/azure-rest-api-specs/specification/billing/resource-manager/Microsoft.Billing/preview/2019-10-01-preview/billing.json:6962:5
warning | PreCheck/SchemaMissingType | The schema 'IndirectRelationshipInfo' with an undefined type and declared properties is a bit ambiguous. This has been auto-corrected to 'type:object'
    - file:///home/runner/work/bicep-types-az/bicep-types-az/workflow-temp/azure-rest-api-specs/specification/billing/resource-manager/Microsoft.Billing/preview/2019-10-01-preview/billing.json:7007:5
warning | PreCheck/SchemaMissingType | The schema 'InvoiceSectionCreationRequest' with an undefined type and declared properties is a bit ambiguous. This has been auto-corrected to 'type:object'
    - file:///home/runner/work/bicep-types-az/bicep-types-az/workflow-temp/azure-rest-api-specs/specification/billing/resource-manager/Microsoft.Billing/preview/2019-10-01-preview/billing.json:7024:5
warning | PreCheck/SchemaMissingType | The schema 'InvoiceSectionListResult' with an undefined type and declared properties is a bit ambiguous. This has been auto-corrected to 'type:object'
    - file:///home/runner/work/bicep-types-az/bicep-types-az/workflow-temp/azure-rest-api-specs/specification/billing/resource-manager/Microsoft.Billing/preview/2019-10-01-preview/billing.json:7033:5
warning | PreCheck/SchemaMissingType | The schema 'InvoiceSectionProperties' with an undefined type and declared properties is a bit ambiguous. This has been auto-corrected to 'type:object'
    - file:///home/runner/work/bicep-types-az/bicep-types-az/workflow-temp/azure-rest-api-specs/specification/billing/resource-manager/Microsoft.Billing/preview/2019-10-01-preview/billing.json:7067:5
warning | PreCheck/SchemaMissingType | The schema 'InvoiceSectionWithCreateSubPermission' with an undefined type and declared properties is a bit ambiguous. This has been auto-corrected to 'type:object'
    - file:///home/runner/work/bicep-types-az/bicep-types-az/workflow-temp/azure-rest-api-specs/specification/billing/resource-manager/Microsoft.Billing/preview/2019-10-01-preview/billing.json:7112:5
warning | PreCheck/SchemaMissingType | The schema 'AzurePlan' with an undefined type and declared properties is a bit ambiguous. This has been auto-corrected to 'type:object'
    - file:///home/runner/work/bicep-types-az/bicep-types-az/workflow-temp/azure-rest-api-specs/specification/billing/resource-manager/Microsoft.Billing/preview/2019-10-01-preview/billing.json:7184:5
warning | PreCheck/SchemaMissingType | The schema 'DownloadUrl' with an undefined type and declared properties is a bit ambiguous. This has been auto-corrected to 'type:object'
    - file:///home/runner/work/bicep-types-az/bicep-types-az/workflow-temp/azure-rest-api-specs/specification/billing/resource-manager/Microsoft.Billing/preview/2019-10-01-preview/billing.json:7198:5
warning | PreCheck/SchemaMissingType | The schema 'ErrorDetails' with an undefined type and declared properties is a bit ambiguous. This has been auto-corrected to 'type:object'
    - file:///home/runner/work/bicep-types-az/bicep-types-az/workflow-temp/azure-rest-api-specs/specification/billing/resource-manager/Microsoft.Billing/preview/2019-10-01-preview/billing.json:7214:5
warning | PreCheck/SchemaMissingType | The schema 'Reseller' with an undefined type and declared properties is a bit ambiguous. This has been auto-corrected to 'type:object'
    - file:///home/runner/work/bicep-types-az/bicep-types-az/workflow-temp/azure-rest-api-specs/specification/billing/resource-manager/Microsoft.Billing/preview/2019-10-01-preview/billing.json:7272:5
warning | PreCheck/SchemaMissingType | The schema 'Resource' with an undefined type and declared properties is a bit ambiguous. This has been auto-corrected to 'type:object'
    - file:///home/runner/work/bicep-types-az/bicep-types-az/workflow-temp/azure-rest-api-specs/specification/billing/resource-manager/Microsoft.Billing/preview/2019-10-01-preview/billing.json:7287:5
warning | PreCheck/SchemaMissingType | The schema 'InvoiceListResult' with an undefined type and declared properties is a bit ambiguous. This has been auto-corrected to 'type:object'
    - file:///home/runner/work/bicep-types-az/bicep-types-az/workflow-temp/azure-rest-api-specs/specification/billing/resource-manager/Microsoft.Billing/preview/2019-10-01-preview/billing.json:7308:5
warning | PreCheck/SchemaMissingType | The schema 'InvoiceProperties' with an undefined type and declared properties is a bit ambiguous. This has been auto-corrected to 'type:object'
    - file:///home/runner/work/bicep-types-az/bicep-types-az/workflow-temp/azure-rest-api-specs/specification/billing/resource-manager/Microsoft.Billing/preview/2019-10-01-preview/billing.json:7348:5
warning | PreCheck/SchemaMissingType | The schema 'PaymentProperties' with an undefined type and declared properties is a bit ambiguous. This has been auto-corrected to 'type:object'
    - file:///home/runner/work/bicep-types-az/bicep-types-az/workflow-temp/azure-rest-api-specs/specification/billing/resource-manager/Microsoft.Billing/preview/2019-10-01-preview/billing.json:7492:5
warning | PreCheck/SchemaMissingType | The schema 'InvoiceRebillDetails' with an undefined type and declared properties is a bit ambiguous. This has been auto-corrected to 'type:object'
    - file:///home/runner/work/bicep-types-az/bicep-types-az/workflow-temp/azure-rest-api-specs/specification/billing/resource-manager/Microsoft.Billing/preview/2019-10-01-preview/billing.json:7532:5
warning | PreCheck/SchemaMissingType | The schema 'Document' with an undefined type and declared properties is a bit ambiguous. This has been auto-corrected to 'type:object'
    - file:///home/runner/work/bicep-types-az/bicep-types-az/workflow-temp/azure-rest-api-specs/specification/billing/resource-manager/Microsoft.Billing/preview/2019-10-01-preview/billing.json:7560:5
warning | PreCheck/SchemaMissingType | The schema 'ProductsListResult' with an undefined type and declared properties is a bit ambiguous. This has been auto-corrected to 'type:object'
    - file:///home/runner/work/bicep-types-az/bicep-types-az/workflow-temp/azure-rest-api-specs/specification/billing/resource-manager/Microsoft.Billing/preview/2019-10-01-preview/billing.json:7593:5
warning | PreCheck/SchemaMissingType | The schema 'ProductProperties' with an undefined type and declared properties is a bit ambiguous. This has been auto-corrected to 'type:object'
    - file:///home/runner/work/bicep-types-az/bicep-types-az/workflow-temp/azure-rest-api-specs/specification/billing/resource-manager/Microsoft.Billing/preview/2019-10-01-preview/billing.json:7627:5
warning | PreCheck/SchemaMissingType | The schema 'BillingSubscriptionsListResult' with an undefined type and declared properties is a bit ambiguous. This has been auto-corrected to 'type:object'
    - file:///home/runner/work/bicep-types-az/bicep-types-az/workflow-temp/azure-rest-api-specs/specification/billing/resource-manager/Microsoft.Billing/preview/2019-10-01-preview/billing.json:7818:5
warning | PreCheck/SchemaMissingType | The schema 'BillingSubscriptionProperties' with an undefined type and declared properties is a bit ambiguous. This has been auto-corrected to 'type:object'
    - file:///home/runner/work/bicep-types-az/bicep-types-az/workflow-temp/azure-rest-api-specs/specification/billing/resource-manager/Microsoft.Billing/preview/2019-10-01-preview/billing.json:7852:5
warning | PreCheck/SchemaMissingType | The schema 'EnrollmentAccountContext' with an undefined type and declared properties is a bit ambiguous. This has been auto-corrected to 'type:object'
    - file:///home/runner/work/bicep-types-az/bicep-types-az/workflow-temp/azure-rest-api-specs/specification/billing/resource-manager/Microsoft.Billing/preview/2019-10-01-preview/billing.json:7937:5
warning | PreCheck/SchemaMissingType | The schema 'TransactionListResult' with an undefined type and declared properties is a bit ambiguous. This has been auto-corrected to 'type:object'
    - file:///home/runner/work/bicep-types-az/bicep-types-az/workflow-temp/azure-rest-api-specs/specification/billing/resource-manager/Microsoft.Billing/preview/2019-10-01-preview/billing.json:7973:5
warning | PreCheck/SchemaMissingType | The schema 'TransactionProperties' with an undefined type and declared properties is a bit ambiguous. This has been auto-corrected to 'type:object'
    - file:///home/runner/work/bicep-types-az/bicep-types-az/workflow-temp/azure-rest-api-specs/specification/billing/resource-manager/Microsoft.Billing/preview/2019-10-01-preview/billing.json:8007:5
warning | PreCheck/SchemaMissingType | The schema 'PolicyProperties' with an undefined type and declared properties is a bit ambiguous. This has been auto-corrected to 'type:object'
    - file:///home/runner/work/bicep-types-az/bicep-types-az/workflow-temp/azure-rest-api-specs/specification/billing/resource-manager/Microsoft.Billing/preview/2019-10-01-preview/billing.json:8216:5
warning | PreCheck/SchemaMissingType | The schema 'CustomerPolicyProperties' with an undefined type and declared properties is a bit ambiguous. This has been auto-corrected to 'type:object'
    - file:///home/runner/work/bicep-types-az/bicep-types-az/workflow-temp/azure-rest-api-specs/specification/billing/resource-manager/Microsoft.Billing/preview/2019-10-01-preview/billing.json:8274:5
warning | PreCheck/SchemaMissingType | The schema 'AvailableBalanceProperties' with an undefined type and declared properties is a bit ambiguous. This has been auto-corrected to 'type:object'
    - file:///home/runner/work/bicep-types-az/bicep-types-az/workflow-temp/azure-rest-api-specs/specification/billing/resource-manager/Microsoft.Billing/preview/2019-10-01-preview/billing.json:8307:5
warning | PreCheck/SchemaMissingType | The schema 'Amount' with an undefined type and declared properties is a bit ambiguous. This has been auto-corrected to 'type:object'
    - file:///home/runner/work/bicep-types-az/bicep-types-az/workflow-temp/azure-rest-api-specs/specification/billing/resource-manager/Microsoft.Billing/preview/2019-10-01-preview/billing.json:8317:5
warning | PreCheck/SchemaMissingType | The schema 'PaymentMethodsListResult' with an undefined type and declared properties is a bit ambiguous. This has been auto-corrected to 'type:object'
    - file:///home/runner/work/bicep-types-az/bicep-types-az/workflow-temp/azure-rest-api-specs/specification/billing/resource-manager/Microsoft.Billing/preview/2019-10-01-preview/billing.json:8331:5
warning | PreCheck/SchemaMissingType | The schema 'PaymentMethodProperties' with an undefined type and declared properties is a bit ambiguous. This has been auto-corrected to 'type:object'
    - file:///home/runner/work/bicep-types-az/bicep-types-az/workflow-temp/azure-rest-api-specs/specification/billing/resource-manager/Microsoft.Billing/preview/2019-10-01-preview/billing.json:8365:5
warning | PreCheck/SchemaMissingType | The schema 'Operation-display' with an undefined type and declared properties is a bit ambiguous. This has been auto-corrected to 'type:object'
    - file:///home/runner/work/bicep-types-az/bicep-types-az/workflow-temp/azure-rest-api-specs/specification/billing/resource-manager/Microsoft.Billing/preview/2019-10-01-preview/billing.json:8424:9
warning | PreCheck/SchemaMissingType | The schema 'OperationListResult' with an undefined type and declared properties is a bit ambiguous. This has been auto-corrected to 'type:object'
    - file:///home/runner/work/bicep-types-az/bicep-types-az/workflow-temp/azure-rest-api-specs/specification/billing/resource-manager/Microsoft.Billing/preview/2019-10-01-preview/billing.json:8446:5
warning | PreCheck/SchemaMissingType | The schema 'BillingRoleAssignmentPayload' with an undefined type and declared properties is a bit ambiguous. This has been auto-corrected to 'type:object'
    - file:///home/runner/work/bicep-types-az/bicep-types-az/workflow-temp/azure-rest-api-specs/specification/billing/resource-manager/Microsoft.Billing/preview/2019-10-01-preview/billing.json:8464:5
warning | PreCheck/SchemaMissingType | The schema 'BillingRoleAssignmentListResult' with an undefined type and declared properties is a bit ambiguous. This has been auto-corrected to 'type:object'
    - file:///home/runner/work/bicep-types-az/bicep-types-az/workflow-temp/azure-rest-api-specs/specification/billing/resource-manager/Microsoft.Billing/preview/2019-10-01-preview/billing.json:8477:5
warning | PreCheck/SchemaMissingType | The schema 'BillingRoleAssignmentProperties' with an undefined type and declared properties is a bit ambiguous. This has been auto-corrected to 'type:object'
    - file:///home/runner/work/bicep-types-az/bicep-types-az/workflow-temp/azure-rest-api-specs/specification/billing/resource-manager/Microsoft.Billing/preview/2019-10-01-preview/billing.json:8511:5
warning | PreCheck/SchemaMissingType | The schema 'BillingRoleDefinitionListResult' with an undefined type and declared properties is a bit ambiguous. This has been auto-corrected to 'type:object'
    - file:///home/runner/work/bicep-types-az/bicep-types-az/workflow-temp/azure-rest-api-specs/specification/billing/resource-manager/Microsoft.Billing/preview/2019-10-01-preview/billing.json:8566:5
warning | PreCheck/SchemaMissingType | The schema 'BillingRoleDefinitionProperties' with an undefined type and declared properties is a bit ambiguous. This has been auto-corrected to 'type:object'
    - file:///home/runner/work/bicep-types-az/bicep-types-az/workflow-temp/azure-rest-api-specs/specification/billing/resource-manager/Microsoft.Billing/preview/2019-10-01-preview/billing.json:8600:5
warning | PreCheck/SchemaMissingType | The schema 'BillingPermissionsListResult' with an undefined type and declared properties is a bit ambiguous. This has been auto-corrected to 'type:object'
    - file:///home/runner/work/bicep-types-az/bicep-types-az/workflow-temp/azure-rest-api-specs/specification/billing/resource-manager/Microsoft.Billing/preview/2019-10-01-preview/billing.json:8622:5
warning | PreCheck/SchemaMissingType | The schema 'AgreementListResult' with an undefined type and declared properties is a bit ambiguous. This has been auto-corrected to 'type:object'
    - file:///home/runner/work/bicep-types-az/bicep-types-az/workflow-temp/azure-rest-api-specs/specification/billing/resource-manager/Microsoft.Billing/preview/2019-10-01-preview/billing.json:8662:5
warning | PreCheck/SchemaMissingType | The schema 'AgreementProperties' with an undefined type and declared properties is a bit ambiguous. This has been auto-corrected to 'type:object'
    - file:///home/runner/work/bicep-types-az/bicep-types-az/workflow-temp/azure-rest-api-specs/specification/billing/resource-manager/Microsoft.Billing/preview/2019-10-01-preview/billing.json:8696:5
warning | PreCheck/SchemaMissingType | The schema 'ValidateTransferListResponse' with an undefined type and declared properties is a bit ambiguous. This has been auto-corrected to 'type:object'
    - file:///home/runner/work/bicep-types-az/bicep-types-az/workflow-temp/azure-rest-api-specs/specification/billing/resource-manager/Microsoft.Billing/preview/2019-10-01-preview/billing.json:8758:5
warning | PreCheck/SchemaMissingType | The schema 'ValidationResultProperties' with an undefined type and declared properties is a bit ambiguous. This has been auto-corrected to 'type:object'
    - file:///home/runner/work/bicep-types-az/bicep-types-az/workflow-temp/azure-rest-api-specs/specification/billing/resource-manager/Microsoft.Billing/preview/2019-10-01-preview/billing.json:8805:5
warning | PreCheck/SchemaMissingType | The schema 'Participants' with an undefined type and declared properties is a bit ambiguous. This has been auto-corrected to 'type:object'
    - file:///home/runner/work/bicep-types-az/bicep-types-az/workflow-temp/azure-rest-api-specs/specification/billing/resource-manager/Microsoft.Billing/preview/2019-10-01-preview/billing.json:8825:5
warning | PreCheck/CheckDuplicateSchemas | Checking for duplicate schemas, this could take a (long) while.  Run with --verbose for more detail.
warning | UnkownSecurityScheme | Security scheme azure_auth is unknown and will not be processed. Only supported types are AADToken,AzureKey,Anonymous
warning | Modeler/MissingType | The enum schema 'BillingProfileStatusReasonCode' with an undefined type and enum values is ambiguous. This has been auto-corrected to 'type:string'
warning | Modeler/MissingType | The enum schema 'BillingProfileSpendingLimit' with an undefined type and enum values is ambiguous. This has been auto-corrected to 'type:string'
info    | autorest.bicep took 4ms
info    | Processing batch task - {"tag":"microsoft.billing-2018-11-01-preview"} .
warning | DeprecatedConfig | Using directive.0.suppress which is deprecated and will be removed in the future.
warning | DeprecatedConfig | Using directive.1.suppress which is deprecated and will be removed in the future.
info    |    Loading local AutoRest extension '@autorest/bicep' (/home/runner/work/bicep-types-az/bicep-types-az/src/autorest.bicep)
info    |    Loading AutoRest extension '@autorest/modelerfour' (*->4.22.3)
warning | SkippedSemanticValidation | Semantic validation was skipped.
warning | PreCheck/SchemaMissingType | The schema 'Error' with an undefined type and declared properties is a bit ambiguous. This has been auto-corrected to 'type:object'
    - file:///home/runner/work/bicep-types-az/bicep-types-az/workflow-temp/azure-rest-api-specs/specification/billing/resource-manager/Microsoft.Billing/preview/2018-11-01-preview/billing.json:4122:5
warning | PreCheck/SchemaMissingType | The schema 'RecipientTransferDetailsListResult' with an undefined type and declared properties is a bit ambiguous. This has been auto-corrected to 'type:object'
    - file:///home/runner/work/bicep-types-az/bicep-types-az/workflow-temp/azure-rest-api-specs/specification/billing/resource-manager/Microsoft.Billing/preview/2018-11-01-preview/billing.json:4305:5
warning | PreCheck/SchemaMissingType | The schema 'TransferDetailsListResult' with an undefined type and declared properties is a bit ambiguous. This has been auto-corrected to 'type:object'
    - file:///home/runner/work/bicep-types-az/bicep-types-az/workflow-temp/azure-rest-api-specs/specification/billing/resource-manager/Microsoft.Billing/preview/2018-11-01-preview/billing.json:4323:5
warning | PreCheck/SchemaMissingType | The schema 'TransferProductRequestProperties' with an undefined type and declared properties is a bit ambiguous. This has been auto-corrected to 'type:object'
    - file:///home/runner/work/bicep-types-az/bicep-types-az/workflow-temp/azure-rest-api-specs/specification/billing/resource-manager/Microsoft.Billing/preview/2018-11-01-preview/billing.json:4341:5
warning | PreCheck/SchemaMissingType | The schema 'BillingAccountListResult' with an undefined type and declared properties is a bit ambiguous. This has been auto-corrected to 'type:object'
    - file:///home/runner/work/bicep-types-az/bicep-types-az/workflow-temp/azure-rest-api-specs/specification/billing/resource-manager/Microsoft.Billing/preview/2018-11-01-preview/billing.json:4473:5
warning | PreCheck/SchemaMissingType | The schema 'BillingAccountProperties' with an undefined type and declared properties is a bit ambiguous. This has been auto-corrected to 'type:object'
    - file:///home/runner/work/bicep-types-az/bicep-types-az/workflow-temp/azure-rest-api-specs/specification/billing/resource-manager/Microsoft.Billing/preview/2018-11-01-preview/billing.json:4507:5
warning | PreCheck/SchemaMissingType | The schema 'BillingAccountUpdateProperties' with an undefined type and declared properties is a bit ambiguous. This has been auto-corrected to 'type:object'
    - file:///home/runner/work/bicep-types-az/bicep-types-az/workflow-temp/azure-rest-api-specs/specification/billing/resource-manager/Microsoft.Billing/preview/2018-11-01-preview/billing.json:4578:5
warning | PreCheck/SchemaMissingType | The schema 'BillingPropertySummary' with an undefined type and declared properties is a bit ambiguous. This has been auto-corrected to 'type:object'
    - file:///home/runner/work/bicep-types-az/bicep-types-az/workflow-temp/azure-rest-api-specs/specification/billing/resource-manager/Microsoft.Billing/preview/2018-11-01-preview/billing.json:4604:5
warning | PreCheck/SchemaMissingType | The schema 'Enrollment' with an undefined type and declared properties is a bit ambiguous. This has been auto-corrected to 'type:object'
    - file:///home/runner/work/bicep-types-az/bicep-types-az/workflow-temp/azure-rest-api-specs/specification/billing/resource-manager/Microsoft.Billing/preview/2018-11-01-preview/billing.json:4669:5
warning | PreCheck/SchemaMissingType | The schema 'EnrollmentPolicies' with an undefined type and declared properties is a bit ambiguous. This has been auto-corrected to 'type:object'
    - file:///home/runner/work/bicep-types-az/bicep-types-az/workflow-temp/azure-rest-api-specs/specification/billing/resource-manager/Microsoft.Billing/preview/2018-11-01-preview/billing.json:4719:5
warning | PreCheck/SchemaMissingType | The schema 'DepartmentListResult' with an undefined type and declared properties is a bit ambiguous. This has been auto-corrected to 'type:object'
    - file:///home/runner/work/bicep-types-az/bicep-types-az/workflow-temp/azure-rest-api-specs/specification/billing/resource-manager/Microsoft.Billing/preview/2018-11-01-preview/billing.json:4744:5
warning | PreCheck/SchemaMissingType | The schema 'DepartmentProperties' with an undefined type and declared properties is a bit ambiguous. This has been auto-corrected to 'type:object'
    - file:///home/runner/work/bicep-types-az/bicep-types-az/workflow-temp/azure-rest-api-specs/specification/billing/resource-manager/Microsoft.Billing/preview/2018-11-01-preview/billing.json:4778:5
warning | PreCheck/SchemaMissingType | The schema 'EnrollmentAccountListResult' with an undefined type and declared properties is a bit ambiguous. This has been auto-corrected to 'type:object'
    - file:///home/runner/work/bicep-types-az/bicep-types-az/workflow-temp/azure-rest-api-specs/specification/billing/resource-manager/Microsoft.Billing/preview/2018-11-01-preview/billing.json:4802:5
warning | PreCheck/SchemaMissingType | The schema 'EnrollmentAccountProperties' with an undefined type and declared properties is a bit ambiguous. This has been auto-corrected to 'type:object'
    - file:///home/runner/work/bicep-types-az/bicep-types-az/workflow-temp/azure-rest-api-specs/specification/billing/resource-manager/Microsoft.Billing/preview/2018-11-01-preview/billing.json:4836:5
warning | PreCheck/SchemaMissingType | The schema 'BillingProfileListResult' with an undefined type and declared properties is a bit ambiguous. This has been auto-corrected to 'type:object'
    - file:///home/runner/work/bicep-types-az/bicep-types-az/workflow-temp/azure-rest-api-specs/specification/billing/resource-manager/Microsoft.Billing/preview/2018-11-01-preview/billing.json:4871:5
warning | PreCheck/SchemaMissingType | The schema 'BillingProfileCreationParameters' with an undefined type and declared properties is a bit ambiguous. This has been auto-corrected to 'type:object'
    - file:///home/runner/work/bicep-types-az/bicep-types-az/workflow-temp/azure-rest-api-specs/specification/billing/resource-manager/Microsoft.Billing/preview/2018-11-01-preview/billing.json:4905:5
warning | PreCheck/SchemaMissingType | The schema 'BillingProfileProperties' with an undefined type and declared properties is a bit ambiguous. This has been auto-corrected to 'type:object'
    - file:///home/runner/work/bicep-types-az/bicep-types-az/workflow-temp/azure-rest-api-specs/specification/billing/resource-manager/Microsoft.Billing/preview/2018-11-01-preview/billing.json:4933:5
warning | PreCheck/SchemaMissingType | The schema 'Address' with an undefined type and declared properties is a bit ambiguous. This has been auto-corrected to 'type:object'
    - file:///home/runner/work/bicep-types-az/bicep-types-az/workflow-temp/azure-rest-api-specs/specification/billing/resource-manager/Microsoft.Billing/preview/2018-11-01-preview/billing.json:4985:5
warning | PreCheck/SchemaMissingType | The schema 'CustomerListResult' with an undefined type and declared properties is a bit ambiguous. This has been auto-corrected to 'type:object'
    - file:///home/runner/work/bicep-types-az/bicep-types-az/workflow-temp/azure-rest-api-specs/specification/billing/resource-manager/Microsoft.Billing/preview/2018-11-01-preview/billing.json:5030:5
warning | PreCheck/SchemaMissingType | The schema 'CustomerProperties' with an undefined type and declared properties is a bit ambiguous. This has been auto-corrected to 'type:object'
    - file:///home/runner/work/bicep-types-az/bicep-types-az/workflow-temp/azure-rest-api-specs/specification/billing/resource-manager/Microsoft.Billing/preview/2018-11-01-preview/billing.json:5064:5
warning | PreCheck/SchemaMissingType | The schema 'InvoiceSectionCreationRequest' with an undefined type and declared properties is a bit ambiguous. This has been auto-corrected to 'type:object'
    - file:///home/runner/work/bicep-types-az/bicep-types-az/workflow-temp/azure-rest-api-specs/specification/billing/resource-manager/Microsoft.Billing/preview/2018-11-01-preview/billing.json:5087:5
warning | PreCheck/SchemaMissingType | The schema 'InvoiceSectionListResult' with an undefined type and declared properties is a bit ambiguous. This has been auto-corrected to 'type:object'
    - file:///home/runner/work/bicep-types-az/bicep-types-az/workflow-temp/azure-rest-api-specs/specification/billing/resource-manager/Microsoft.Billing/preview/2018-11-01-preview/billing.json:5100:5
warning | PreCheck/SchemaMissingType | The schema 'InvoiceSectionProperties' with an undefined type and declared properties is a bit ambiguous. This has been auto-corrected to 'type:object'
    - file:///home/runner/work/bicep-types-az/bicep-types-az/workflow-temp/azure-rest-api-specs/specification/billing/resource-manager/Microsoft.Billing/preview/2018-11-01-preview/billing.json:5134:5
warning | PreCheck/SchemaMissingType | The schema 'EnabledAzureSKUs' with an undefined type and declared properties is a bit ambiguous. This has been auto-corrected to 'type:object'
    - file:///home/runner/work/bicep-types-az/bicep-types-az/workflow-temp/azure-rest-api-specs/specification/billing/resource-manager/Microsoft.Billing/preview/2018-11-01-preview/billing.json:5150:5
warning | PreCheck/SchemaMissingType | The schema 'Reseller' with an undefined type and declared properties is a bit ambiguous. This has been auto-corrected to 'type:object'
    - file:///home/runner/work/bicep-types-az/bicep-types-az/workflow-temp/azure-rest-api-specs/specification/billing/resource-manager/Microsoft.Billing/preview/2018-11-01-preview/billing.json:5164:5
warning | PreCheck/SchemaMissingType | The schema 'OperationStatus' with an undefined type and declared properties is a bit ambiguous. This has been auto-corrected to 'type:object'
    - file:///home/runner/work/bicep-types-az/bicep-types-az/workflow-temp/azure-rest-api-specs/specification/billing/resource-manager/Microsoft.Billing/preview/2018-11-01-preview/billing.json:5179:5
warning | PreCheck/SchemaMissingType | The schema 'DownloadUrl' with an undefined type and declared properties is a bit ambiguous. This has been auto-corrected to 'type:object'
    - file:///home/runner/work/bicep-types-az/bicep-types-az/workflow-temp/azure-rest-api-specs/specification/billing/resource-manager/Microsoft.Billing/preview/2018-11-01-preview/billing.json:5197:5
warning | PreCheck/SchemaMissingType | The schema 'ErrorDetails' with an undefined type and declared properties is a bit ambiguous. This has been auto-corrected to 'type:object'
    - file:///home/runner/work/bicep-types-az/bicep-types-az/workflow-temp/azure-rest-api-specs/specification/billing/resource-manager/Microsoft.Billing/preview/2018-11-01-preview/billing.json:5213:5
warning | PreCheck/SchemaMissingType | The schema 'Resource' with an undefined type and declared properties is a bit ambiguous. This has been auto-corrected to 'type:object'
    - file:///home/runner/work/bicep-types-az/bicep-types-az/workflow-temp/azure-rest-api-specs/specification/billing/resource-manager/Microsoft.Billing/preview/2018-11-01-preview/billing.json:5243:5
warning | PreCheck/SchemaMissingType | The schema 'InvoiceListResult' with an undefined type and declared properties is a bit ambiguous. This has been auto-corrected to 'type:object'
    - file:///home/runner/work/bicep-types-az/bicep-types-az/workflow-temp/azure-rest-api-specs/specification/billing/resource-manager/Microsoft.Billing/preview/2018-11-01-preview/billing.json:5264:5
warning | PreCheck/SchemaMissingType | The schema 'InvoiceSummaryProperties' with an undefined type and declared properties is a bit ambiguous. This has been auto-corrected to 'type:object'
    - file:///home/runner/work/bicep-types-az/bicep-types-az/workflow-temp/azure-rest-api-specs/specification/billing/resource-manager/Microsoft.Billing/preview/2018-11-01-preview/billing.json:5298:5
warning | PreCheck/SchemaMissingType | The schema 'PaymentProperties' with an undefined type and declared properties is a bit ambiguous. This has been auto-corrected to 'type:object'
    - file:///home/runner/work/bicep-types-az/bicep-types-az/workflow-temp/azure-rest-api-specs/specification/billing/resource-manager/Microsoft.Billing/preview/2018-11-01-preview/billing.json:5379:5
warning | PreCheck/SchemaMissingType | The schema 'DownloadProperties' with an undefined type and declared properties is a bit ambiguous. This has been auto-corrected to 'type:object'
    - file:///home/runner/work/bicep-types-az/bicep-types-az/workflow-temp/azure-rest-api-specs/specification/billing/resource-manager/Microsoft.Billing/preview/2018-11-01-preview/billing.json:5400:5
warning | PreCheck/SchemaMissingType | The schema 'ProductsListResult' with an undefined type and declared properties is a bit ambiguous. This has been auto-corrected to 'type:object'
    - file:///home/runner/work/bicep-types-az/bicep-types-az/workflow-temp/azure-rest-api-specs/specification/billing/resource-manager/Microsoft.Billing/preview/2018-11-01-preview/billing.json:5421:5
warning | PreCheck/SchemaMissingType | The schema 'ProductSummaryProperties' with an undefined type and declared properties is a bit ambiguous. This has been auto-corrected to 'type:object'
    - file:///home/runner/work/bicep-types-az/bicep-types-az/workflow-temp/azure-rest-api-specs/specification/billing/resource-manager/Microsoft.Billing/preview/2018-11-01-preview/billing.json:5455:5
warning | PreCheck/SchemaMissingType | The schema 'BillingSubscriptionsListResult' with an undefined type and declared properties is a bit ambiguous. This has been auto-corrected to 'type:object'
    - file:///home/runner/work/bicep-types-az/bicep-types-az/workflow-temp/azure-rest-api-specs/specification/billing/resource-manager/Microsoft.Billing/preview/2018-11-01-preview/billing.json:5626:5
warning | PreCheck/SchemaMissingType | The schema 'BillingSubscriptionProperties' with an undefined type and declared properties is a bit ambiguous. This has been auto-corrected to 'type:object'
    - file:///home/runner/work/bicep-types-az/bicep-types-az/workflow-temp/azure-rest-api-specs/specification/billing/resource-manager/Microsoft.Billing/preview/2018-11-01-preview/billing.json:5660:5
warning | PreCheck/SchemaMissingType | The schema 'EnrollmentAccountContext' with an undefined type and declared properties is a bit ambiguous. This has been auto-corrected to 'type:object'
    - file:///home/runner/work/bicep-types-az/bicep-types-az/workflow-temp/azure-rest-api-specs/specification/billing/resource-manager/Microsoft.Billing/preview/2018-11-01-preview/billing.json:5745:5
warning | PreCheck/SchemaMissingType | The schema 'TransactionsListResult' with an undefined type and declared properties is a bit ambiguous. This has been auto-corrected to 'type:object'
    - file:///home/runner/work/bicep-types-az/bicep-types-az/workflow-temp/azure-rest-api-specs/specification/billing/resource-manager/Microsoft.Billing/preview/2018-11-01-preview/billing.json:5768:5
warning | PreCheck/SchemaMissingType | The schema 'TransactionsSummaryProperties' with an undefined type and declared properties is a bit ambiguous. This has been auto-corrected to 'type:object'
    - file:///home/runner/work/bicep-types-az/bicep-types-az/workflow-temp/azure-rest-api-specs/specification/billing/resource-manager/Microsoft.Billing/preview/2018-11-01-preview/billing.json:5802:5
warning | PreCheck/SchemaMissingType | The schema 'PolicyProperties' with an undefined type and declared properties is a bit ambiguous. This has been auto-corrected to 'type:object'
    - file:///home/runner/work/bicep-types-az/bicep-types-az/workflow-temp/azure-rest-api-specs/specification/billing/resource-manager/Microsoft.Billing/preview/2018-11-01-preview/billing.json:5939:5
warning | PreCheck/SchemaMissingType | The schema 'AvailableBalanceProperties' with an undefined type and declared properties is a bit ambiguous. This has been auto-corrected to 'type:object'
    - file:///home/runner/work/bicep-types-az/bicep-types-az/workflow-temp/azure-rest-api-specs/specification/billing/resource-manager/Microsoft.Billing/preview/2018-11-01-preview/billing.json:5972:5
warning | PreCheck/SchemaMissingType | The schema 'Amount' with an undefined type and declared properties is a bit ambiguous. This has been auto-corrected to 'type:object'
    - file:///home/runner/work/bicep-types-az/bicep-types-az/workflow-temp/azure-rest-api-specs/specification/billing/resource-manager/Microsoft.Billing/preview/2018-11-01-preview/billing.json:5982:5
warning | PreCheck/SchemaMissingType | The schema 'PaymentMethodsListResult' with an undefined type and declared properties is a bit ambiguous. This has been auto-corrected to 'type:object'
    - file:///home/runner/work/bicep-types-az/bicep-types-az/workflow-temp/azure-rest-api-specs/specification/billing/resource-manager/Microsoft.Billing/preview/2018-11-01-preview/billing.json:5996:5
warning | PreCheck/SchemaMissingType | The schema 'PaymentMethodProperties' with an undefined type and declared properties is a bit ambiguous. This has been auto-corrected to 'type:object'
    - file:///home/runner/work/bicep-types-az/bicep-types-az/workflow-temp/azure-rest-api-specs/specification/billing/resource-manager/Microsoft.Billing/preview/2018-11-01-preview/billing.json:6030:5
warning | PreCheck/SchemaMissingType | The schema 'Operation-display' with an undefined type and declared properties is a bit ambiguous. This has been auto-corrected to 'type:object'
    - file:///home/runner/work/bicep-types-az/bicep-types-az/workflow-temp/azure-rest-api-specs/specification/billing/resource-manager/Microsoft.Billing/preview/2018-11-01-preview/billing.json:6090:9
warning | PreCheck/SchemaMissingType | The schema 'OperationListResult' with an undefined type and declared properties is a bit ambiguous. This has been auto-corrected to 'type:object'
    - file:///home/runner/work/bicep-types-az/bicep-types-az/workflow-temp/azure-rest-api-specs/specification/billing/resource-manager/Microsoft.Billing/preview/2018-11-01-preview/billing.json:6112:5
warning | PreCheck/SchemaMissingType | The schema 'BillingRoleAssignmentPayload' with an undefined type and declared properties is a bit ambiguous. This has been auto-corrected to 'type:object'
    - file:///home/runner/work/bicep-types-az/bicep-types-az/workflow-temp/azure-rest-api-specs/specification/billing/resource-manager/Microsoft.Billing/preview/2018-11-01-preview/billing.json:6130:5
warning | PreCheck/SchemaMissingType | The schema 'BillingRoleAssignmentListResult' with an undefined type and declared properties is a bit ambiguous. This has been auto-corrected to 'type:object'
    - file:///home/runner/work/bicep-types-az/bicep-types-az/workflow-temp/azure-rest-api-specs/specification/billing/resource-manager/Microsoft.Billing/preview/2018-11-01-preview/billing.json:6143:5
warning | PreCheck/SchemaMissingType | The schema 'BillingRoleAssignmentProperties' with an undefined type and declared properties is a bit ambiguous. This has been auto-corrected to 'type:object'
    - file:///home/runner/work/bicep-types-az/bicep-types-az/workflow-temp/azure-rest-api-specs/specification/billing/resource-manager/Microsoft.Billing/preview/2018-11-01-preview/billing.json:6172:5
warning | PreCheck/SchemaMissingType | The schema 'BillingRoleDefinitionListResult' with an undefined type and declared properties is a bit ambiguous. This has been auto-corrected to 'type:object'
    - file:///home/runner/work/bicep-types-az/bicep-types-az/workflow-temp/azure-rest-api-specs/specification/billing/resource-manager/Microsoft.Billing/preview/2018-11-01-preview/billing.json:6212:5
warning | PreCheck/SchemaMissingType | The schema 'BillingRoleDefinitionProperties' with an undefined type and declared properties is a bit ambiguous. This has been auto-corrected to 'type:object'
    - file:///home/runner/work/bicep-types-az/bicep-types-az/workflow-temp/azure-rest-api-specs/specification/billing/resource-manager/Microsoft.Billing/preview/2018-11-01-preview/billing.json:6241:5
warning | PreCheck/SchemaMissingType | The schema 'BillingPermissionsListResult' with an undefined type and declared properties is a bit ambiguous. This has been auto-corrected to 'type:object'
    - file:///home/runner/work/bicep-types-az/bicep-types-az/workflow-temp/azure-rest-api-specs/specification/billing/resource-manager/Microsoft.Billing/preview/2018-11-01-preview/billing.json:6261:5
warning | PreCheck/SchemaMissingType | The schema 'AgreementListResult' with an undefined type and declared properties is a bit ambiguous. This has been auto-corrected to 'type:object'
    - file:///home/runner/work/bicep-types-az/bicep-types-az/workflow-temp/azure-rest-api-specs/specification/billing/resource-manager/Microsoft.Billing/preview/2018-11-01-preview/billing.json:6296:5
warning | PreCheck/SchemaMissingType | The schema 'AgreementProperties' with an undefined type and declared properties is a bit ambiguous. This has been auto-corrected to 'type:object'
    - file:///home/runner/work/bicep-types-az/bicep-types-az/workflow-temp/azure-rest-api-specs/specification/billing/resource-manager/Microsoft.Billing/preview/2018-11-01-preview/billing.json:6330:5
warning | PreCheck/SchemaMissingType | The schema 'Participants' with an undefined type and declared properties is a bit ambiguous. This has been auto-corrected to 'type:object'
    - file:///home/runner/work/bicep-types-az/bicep-types-az/workflow-temp/azure-rest-api-specs/specification/billing/resource-manager/Microsoft.Billing/preview/2018-11-01-preview/billing.json:6364:5
warning | PreCheck/SchemaMissingType | The schema 'LineOfCreditProperties' with an undefined type and declared properties is a bit ambiguous. This has been auto-corrected to 'type:object'
    - file:///home/runner/work/bicep-types-az/bicep-types-az/workflow-temp/azure-rest-api-specs/specification/billing/resource-manager/Microsoft.Billing/preview/2018-11-01-preview/billing.json:6401:5
warning | PreCheck/CheckDuplicateSchemas | Checking for duplicate schemas, this could take a (long) while.  Run with --verbose for more detail.
warning | UnkownSecurityScheme | Security scheme azure_auth is unknown and will not be processed. Only supported types are AADToken,AzureKey,Anonymous
info    | autorest.bicep took 3ms
info    | Processing batch task - {"tag":"microsoft.billing-2017-04-24-preview"} .
warning | DeprecatedConfig | Using directive.0.suppress which is deprecated and will be removed in the future.
warning | DeprecatedConfig | Using directive.1.suppress which is deprecated and will be removed in the future.
info    |    Loading local AutoRest extension '@autorest/bicep' (/home/runner/work/bicep-types-az/bicep-types-az/src/autorest.bicep)
info    |    Loading AutoRest extension '@autorest/modelerfour' (*->4.22.3)
warning | SkippedSemanticValidation | Semantic validation was skipped.
warning | PreCheck/SchemaMissingType | The schema 'BillingPeriodsListResult' with an undefined type and declared properties is a bit ambiguous. This has been auto-corrected to 'type:object'
    - file:///home/runner/work/bicep-types-az/bicep-types-az/workflow-temp/azure-rest-api-specs/specification/billing/resource-manager/Microsoft.Billing/preview/2017-04-24-preview/billing.json:349:5
warning | PreCheck/SchemaMissingType | The schema 'BillingPeriodProperties' with an undefined type and declared properties is a bit ambiguous. This has been auto-corrected to 'type:object'
    - file:///home/runner/work/bicep-types-az/bicep-types-az/workflow-temp/azure-rest-api-specs/specification/billing/resource-manager/Microsoft.Billing/preview/2017-04-24-preview/billing.json:367:5
warning | PreCheck/SchemaMissingType | The schema 'DownloadUrl' with an undefined type and declared properties is a bit ambiguous. This has been auto-corrected to 'type:object'
    - file:///home/runner/work/bicep-types-az/bicep-types-az/workflow-temp/azure-rest-api-specs/specification/billing/resource-manager/Microsoft.Billing/preview/2017-04-24-preview/billing.json:392:5
warning | PreCheck/SchemaMissingType | The schema 'ErrorDetails' with an undefined type and declared properties is a bit ambiguous. This has been auto-corrected to 'type:object'
    - file:///home/runner/work/bicep-types-az/bicep-types-az/workflow-temp/azure-rest-api-specs/specification/billing/resource-manager/Microsoft.Billing/preview/2017-04-24-preview/billing.json:408:5
warning | PreCheck/SchemaMissingType | The schema 'InvoicesListResult' with an undefined type and declared properties is a bit ambiguous. This has been auto-corrected to 'type:object'
    - file:///home/runner/work/bicep-types-az/bicep-types-az/workflow-temp/azure-rest-api-specs/specification/billing/resource-manager/Microsoft.Billing/preview/2017-04-24-preview/billing.json:453:5
warning | PreCheck/SchemaMissingType | The schema 'InvoiceProperties' with an undefined type and declared properties is a bit ambiguous. This has been auto-corrected to 'type:object'
    - file:///home/runner/work/bicep-types-az/bicep-types-az/workflow-temp/azure-rest-api-specs/specification/billing/resource-manager/Microsoft.Billing/preview/2017-04-24-preview/billing.json:471:5
warning | PreCheck/SchemaMissingType | The schema 'Operation-display' with an undefined type and declared properties is a bit ambiguous. This has been auto-corrected to 'type:object'
    - file:///home/runner/work/bicep-types-az/bicep-types-az/workflow-temp/azure-rest-api-specs/specification/billing/resource-manager/Microsoft.Billing/preview/2017-04-24-preview/billing.json:509:9
warning | PreCheck/SchemaMissingType | The schema 'OperationListResult' with an undefined type and declared properties is a bit ambiguous. This has been auto-corrected to 'type:object'
    - file:///home/runner/work/bicep-types-az/bicep-types-az/workflow-temp/azure-rest-api-specs/specification/billing/resource-manager/Microsoft.Billing/preview/2017-04-24-preview/billing.json:531:5
warning | PreCheck/SchemaMissingType | The schema 'Resource' with an undefined type and declared properties is a bit ambiguous. This has been auto-corrected to 'type:object'
    - file:///home/runner/work/bicep-types-az/bicep-types-az/workflow-temp/azure-rest-api-specs/specification/billing/resource-manager/Microsoft.Billing/preview/2017-04-24-preview/billing.json:549:5
warning | PreCheck/CheckDuplicateSchemas | Checking for duplicate schemas, this could take a (long) while.  Run with --verbose for more detail.
warning | UnkownSecurityScheme | Security scheme azure_auth is unknown and will not be processed. Only supported types are AADToken,AzureKey,Anonymous
info    | autorest.bicep took 0ms
info    | Processing batch task - {"tag":"microsoft.billing-2017-02-27-preview"} .
warning | DeprecatedConfig | Using directive.0.suppress which is deprecated and will be removed in the future.
warning | DeprecatedConfig | Using directive.1.suppress which is deprecated and will be removed in the future.
info    |    Loading local AutoRest extension '@autorest/bicep' (/home/runner/work/bicep-types-az/bicep-types-az/src/autorest.bicep)
info    |    Loading AutoRest extension '@autorest/modelerfour' (*->4.22.3)
warning | SkippedSemanticValidation | Semantic validation was skipped.
warning | PreCheck/SchemaMissingType | The schema 'DownloadUrl' with an undefined type and declared properties is a bit ambiguous. This has been auto-corrected to 'type:object'
    - file:///home/runner/work/bicep-types-az/bicep-types-az/workflow-temp/azure-rest-api-specs/specification/billing/resource-manager/Microsoft.Billing/preview/2017-02-27-preview/billing.json:225:5
warning | PreCheck/SchemaMissingType | The schema 'ErrorDetails' with an undefined type and declared properties is a bit ambiguous. This has been auto-corrected to 'type:object'
    - file:///home/runner/work/bicep-types-az/bicep-types-az/workflow-temp/azure-rest-api-specs/specification/billing/resource-manager/Microsoft.Billing/preview/2017-02-27-preview/billing.json:241:5
warning | PreCheck/SchemaMissingType | The schema 'InvoicesListResult' with an undefined type and declared properties is a bit ambiguous. This has been auto-corrected to 'type:object'
    - file:///home/runner/work/bicep-types-az/bicep-types-az/workflow-temp/azure-rest-api-specs/specification/billing/resource-manager/Microsoft.Billing/preview/2017-02-27-preview/billing.json:285:5
warning | PreCheck/SchemaMissingType | The schema 'InvoiceProperties' with an undefined type and declared properties is a bit ambiguous. This has been auto-corrected to 'type:object'
    - file:///home/runner/work/bicep-types-az/bicep-types-az/workflow-temp/azure-rest-api-specs/specification/billing/resource-manager/Microsoft.Billing/preview/2017-02-27-preview/billing.json:303:5
warning | PreCheck/SchemaMissingType | The schema 'Operation-display' with an undefined type and declared properties is a bit ambiguous. This has been auto-corrected to 'type:object'
    - file:///home/runner/work/bicep-types-az/bicep-types-az/workflow-temp/azure-rest-api-specs/specification/billing/resource-manager/Microsoft.Billing/preview/2017-02-27-preview/billing.json:333:9
warning | PreCheck/SchemaMissingType | The schema 'OperationListResult' with an undefined type and declared properties is a bit ambiguous. This has been auto-corrected to 'type:object'
    - file:///home/runner/work/bicep-types-az/bicep-types-az/workflow-temp/azure-rest-api-specs/specification/billing/resource-manager/Microsoft.Billing/preview/2017-02-27-preview/billing.json:355:5
warning | PreCheck/SchemaMissingType | The schema 'Resource' with an undefined type and declared properties is a bit ambiguous. This has been auto-corrected to 'type:object'
    - file:///home/runner/work/bicep-types-az/bicep-types-az/workflow-temp/azure-rest-api-specs/specification/billing/resource-manager/Microsoft.Billing/preview/2017-02-27-preview/billing.json:373:5
warning | PreCheck/CheckDuplicateSchemas | Checking for duplicate schemas, this could take a (long) while.  Run with --verbose for more detail.
warning | UnkownSecurityScheme | Security scheme azure_auth is unknown and will not be processed. Only supported types are AADToken,AzureKey,Anonymous
info    | autorest.bicep took 0ms
info    | Generation Complete
