Executing: autorest --use=/home/runner/work/bicep-types-az/bicep-types-az/src/autorest.bicep --bicep --output-folder=/tmp/_bcp_1625795651387/msi --multiapi --title=none --skip-semantics-validation /home/runner/work/bicep-types-az/bicep-types-az/workflow-temp/azure-rest-api-specs/specification/msi/resource-manager/readme.md --debug --verbose
AutoRest code generation utility [cli version: 3.2.1; node: v14.17.1, max-memory: 4096 MB]
(C) 2018 Microsoft Corporation.
https://aka.ms/autorest
No configuration found at 'file:///home/runner/work/bicep-types-az/bicep-types-az/src/generator/src/cmd/'.
> Including configuration file 'file:///home/runner/work/bicep-types-az/bicep-types-az/src/generator/node_modules/autorest/dist/resources/default-configuration.md'
> Including configuration file 'file:///home/runner/work/bicep-types-az/bicep-types-az/src/generator/node_modules/autorest/dist/resources/inspect.md'
> Including configuration file 'file:///home/runner/work/bicep-types-az/bicep-types-az/src/generator/node_modules/autorest/dist/resources/directives.md'
> Including configuration file 'file:///home/runner/work/bicep-types-az/bicep-types-az/src/generator/node_modules/autorest/dist/resources/pipeline.md'
> Including configuration file 'file:///home/runner/work/bicep-types-az/bicep-types-az/src/generator/node_modules/autorest/dist/resources/loader-openapi.md'
> Including configuration file 'file:///home/runner/work/bicep-types-az/bicep-types-az/src/generator/node_modules/autorest/dist/resources/miscellaneous.md'
> Including configuration file 'file:///home/runner/work/bicep-types-az/bicep-types-az/src/generator/node_modules/autorest/dist/resources/plugin-powershell.md'
> Including configuration file 'file:///home/runner/work/bicep-types-az/bicep-types-az/src/generator/node_modules/autorest/dist/resources/plugin-azureresourceschema.md'
> Including configuration file 'file:///home/runner/work/bicep-types-az/bicep-types-az/src/generator/node_modules/autorest/dist/resources/plugin-csharp.md'
> Including configuration file 'file:///home/runner/work/bicep-types-az/bicep-types-az/src/generator/node_modules/autorest/dist/resources/plugin-go.md'
> Including configuration file 'file:///home/runner/work/bicep-types-az/bicep-types-az/src/generator/node_modules/autorest/dist/resources/plugin-java.md'
> Including configuration file 'file:///home/runner/work/bicep-types-az/bicep-types-az/src/generator/node_modules/autorest/dist/resources/plugin-nodejs.md'
> Including configuration file 'file:///home/runner/work/bicep-types-az/bicep-types-az/src/generator/node_modules/autorest/dist/resources/plugin-php.md'
> Including configuration file 'file:///home/runner/work/bicep-types-az/bicep-types-az/src/generator/node_modules/autorest/dist/resources/plugin-python.md'
> Including configuration file 'file:///home/runner/work/bicep-types-az/bicep-types-az/src/generator/node_modules/autorest/dist/resources/plugin-ruby.md'
> Including configuration file 'file:///home/runner/work/bicep-types-az/bicep-types-az/src/generator/node_modules/autorest/dist/resources/plugin-typescript.md'
> Including configuration file 'file:///home/runner/work/bicep-types-az/bicep-types-az/src/generator/node_modules/autorest/dist/resources/plugin-validators.md'
> Including configuration file 'file:///home/runner/work/bicep-types-az/bicep-types-az/src/generator/node_modules/autorest/dist/resources/plugin-az.md'
> Including configuration file 'file:///home/runner/work/bicep-types-az/bicep-types-az/src/generator/node_modules/autorest/dist/resources/plugin-terraform.md'
> Including configuration file 'file:///home/runner/work/bicep-types-az/bicep-types-az/src/generator/node_modules/autorest/dist/resources/plugin-azure-functions.md'
> Including configuration file 'file:///home/runner/work/bicep-types-az/bicep-types-az/src/generator/node_modules/autorest/dist/resources/graphs.md'
> Including configuration file 'file:///home/runner/work/bicep-types-az/bicep-types-az/src/generator/node_modules/autorest/dist/resources/help-configuration.md'
> Loading local AutoRest extension '@autorest/bicep' (/home/runner/work/bicep-types-az/bicep-types-az/src/autorest.bicep)
> Including extension configuration file 'file:///home/runner/work/bicep-types-az/bicep-types-az/src/autorest.bicep/README.md'
> Including configuration file 'file:///home/runner/work/bicep-types-az/bicep-types-az/src/autorest.bicep/README.md'
> Loading AutoRest extension '@autorest/modelerfour' (https://tinyurl.com/yhlkz69y->4.20.0-ci.b8e3f92c0)
> Including extension configuration file 'file:///home/runner/.autorest/@autorest_modelerfour@4.20.0-ci.b8e3f92c0/node_modules/@autorest/modelerfour/readme.md'
> Including configuration file 'file:///home/runner/.autorest/@autorest_modelerfour@4.20.0-ci.b8e3f92c0/node_modules/@autorest/modelerfour/readme.md'
NOTE: AutoRest core version selected from configuration: https://tinyurl.com/yfjyy27f.
Network Enabled: true

There is a new version of AutoRest available (3.2.3).
 > You can install the newer version with with npm install -g autorest@latest

Starting @autorest/core from /home/runner/.autorest/@autorest_core@3.5.0-ci.b8e3f92c0/node_modules/@autorest/core
   Loading AutoRest core      '/home/runner/.autorest/@autorest_core@3.5.0-ci.b8e3f92c0/node_modules/@autorest/core/dist' (3.5.0-ci.b8e3f92c0)
VERBOSE [0.69 s]: > Including configuration file 'file:///home/runner/work/bicep-types-az/bicep-types-az/workflow-temp/azure-rest-api-specs/specification/msi/resource-manager/readme.bicep.md'
VERBOSE [0.7 s]: > Initial configuration file 'file:///home/runner/work/bicep-types-az/bicep-types-az/workflow-temp/azure-rest-api-specs/specification/msi/resource-manager/readme.md'
VERBOSE [0.7 s]: > Including configuration file 'file:///home/runner/work/bicep-types-az/bicep-types-az/workflow-temp/azure-rest-api-specs/specification/msi/resource-manager/readme.md'
VERBOSE [0.72 s]: > Including configuration file 'file:///home/runner/.autorest/@autorest_core@3.5.0-ci.b8e3f92c0/node_modules/@autorest/core/dist/resources/default-configuration.md'
VERBOSE [0.74 s]: > Including configuration file 'file:///home/runner/.autorest/@autorest_core@3.5.0-ci.b8e3f92c0/node_modules/@autorest/core/dist/resources/inspect.md'
VERBOSE [0.75 s]: > Including configuration file 'file:///home/runner/.autorest/@autorest_core@3.5.0-ci.b8e3f92c0/node_modules/@autorest/core/dist/resources/directives.md'
VERBOSE [0.77 s]: > Including configuration file 'file:///home/runner/.autorest/@autorest_core@3.5.0-ci.b8e3f92c0/node_modules/@autorest/core/dist/resources/pipeline.md'
VERBOSE [0.8 s]: > Including configuration file 'file:///home/runner/.autorest/@autorest_core@3.5.0-ci.b8e3f92c0/node_modules/@autorest/core/dist/resources/loader-openapi.md'
VERBOSE [0.81 s]: > Including configuration file 'file:///home/runner/.autorest/@autorest_core@3.5.0-ci.b8e3f92c0/node_modules/@autorest/core/dist/resources/miscellaneous.md'
VERBOSE [0.83 s]: > Including configuration file 'file:///home/runner/.autorest/@autorest_core@3.5.0-ci.b8e3f92c0/node_modules/@autorest/core/dist/resources/plugin-powershell.md'
VERBOSE [0.85 s]: > Including configuration file 'file:///home/runner/.autorest/@autorest_core@3.5.0-ci.b8e3f92c0/node_modules/@autorest/core/dist/resources/plugin-azureresourceschema.md'
VERBOSE [0.86 s]: > Including configuration file 'file:///home/runner/.autorest/@autorest_core@3.5.0-ci.b8e3f92c0/node_modules/@autorest/core/dist/resources/plugin-csharp.md'
VERBOSE [0.88 s]: > Including configuration file 'file:///home/runner/.autorest/@autorest_core@3.5.0-ci.b8e3f92c0/node_modules/@autorest/core/dist/resources/plugin-go.md'
VERBOSE [0.9 s]: > Including configuration file 'file:///home/runner/.autorest/@autorest_core@3.5.0-ci.b8e3f92c0/node_modules/@autorest/core/dist/resources/plugin-java.md'
VERBOSE [0.92 s]: > Including configuration file 'file:///home/runner/.autorest/@autorest_core@3.5.0-ci.b8e3f92c0/node_modules/@autorest/core/dist/resources/plugin-nodejs.md'
VERBOSE [0.93 s]: > Including configuration file 'file:///home/runner/.autorest/@autorest_core@3.5.0-ci.b8e3f92c0/node_modules/@autorest/core/dist/resources/plugin-php.md'
VERBOSE [0.96 s]: > Including configuration file 'file:///home/runner/.autorest/@autorest_core@3.5.0-ci.b8e3f92c0/node_modules/@autorest/core/dist/resources/plugin-python.md'
VERBOSE [0.97 s]: > Including configuration file 'file:///home/runner/.autorest/@autorest_core@3.5.0-ci.b8e3f92c0/node_modules/@autorest/core/dist/resources/plugin-ruby.md'
VERBOSE [0.99 s]: > Including configuration file 'file:///home/runner/.autorest/@autorest_core@3.5.0-ci.b8e3f92c0/node_modules/@autorest/core/dist/resources/plugin-typescript.md'
VERBOSE [1.02 s]: > Including configuration file 'file:///home/runner/.autorest/@autorest_core@3.5.0-ci.b8e3f92c0/node_modules/@autorest/core/dist/resources/plugin-validators.md'
VERBOSE [1.04 s]: > Including configuration file 'file:///home/runner/.autorest/@autorest_core@3.5.0-ci.b8e3f92c0/node_modules/@autorest/core/dist/resources/plugin-az.md'
VERBOSE [1.07 s]: > Including configuration file 'file:///home/runner/.autorest/@autorest_core@3.5.0-ci.b8e3f92c0/node_modules/@autorest/core/dist/resources/plugin-terraform.md'
VERBOSE [1.09 s]: > Including configuration file 'file:///home/runner/.autorest/@autorest_core@3.5.0-ci.b8e3f92c0/node_modules/@autorest/core/dist/resources/plugin-azure-functions.md'
VERBOSE [1.11 s]: > Including configuration file 'file:///home/runner/.autorest/@autorest_core@3.5.0-ci.b8e3f92c0/node_modules/@autorest/core/dist/resources/graphs.md'
VERBOSE [1.13 s]: > Including configuration file 'file:///home/runner/.autorest/@autorest_core@3.5.0-ci.b8e3f92c0/node_modules/@autorest/core/dist/resources/help-configuration.md'
INFORMATION: > Loading local AutoRest extension '@autorest/bicep' (/home/runner/work/bicep-types-az/bicep-types-az/src/autorest.bicep)
VERBOSE [1.21 s]: > Including extension configuration file 'file:///home/runner/work/bicep-types-az/bicep-types-az/src/autorest.bicep/README.md'
VERBOSE [1.21 s]: > Including configuration file 'file:///home/runner/work/bicep-types-az/bicep-types-az/src/autorest.bicep/README.md'
INFORMATION: > Loading AutoRest extension '@autorest/modelerfour' (https://tinyurl.com/yhlkz69y->4.20.0-ci.b8e3f92c0)
VERBOSE [1.88 s]: > Including extension configuration file 'file:///home/runner/.autorest/@autorest_modelerfour@4.20.0-ci.b8e3f92c0/node_modules/@autorest/modelerfour/readme.md'
VERBOSE [1.89 s]: > Including configuration file 'file:///home/runner/.autorest/@autorest_modelerfour@4.20.0-ci.b8e3f92c0/node_modules/@autorest/modelerfour/readme.md'
Processing batch task - {"tag":"microsoft.managedidentity-2018-11-30"} .
VERBOSE [2.1 s]: > Including configuration file 'file:///home/runner/work/bicep-types-az/bicep-types-az/workflow-temp/azure-rest-api-specs/specification/msi/resource-manager/readme.bicep.md'
VERBOSE [2.11 s]: > Initial configuration file 'file:///home/runner/work/bicep-types-az/bicep-types-az/workflow-temp/azure-rest-api-specs/specification/msi/resource-manager/readme.md'
VERBOSE [2.11 s]: > Including configuration file 'file:///home/runner/work/bicep-types-az/bicep-types-az/workflow-temp/azure-rest-api-specs/specification/msi/resource-manager/readme.md'
VERBOSE [2.12 s]: > Including configuration file 'file:///home/runner/.autorest/@autorest_core@3.5.0-ci.b8e3f92c0/node_modules/@autorest/core/dist/resources/default-configuration.md'
VERBOSE [2.13 s]: > Including configuration file 'file:///home/runner/.autorest/@autorest_core@3.5.0-ci.b8e3f92c0/node_modules/@autorest/core/dist/resources/inspect.md'
VERBOSE [2.13 s]: > Including configuration file 'file:///home/runner/.autorest/@autorest_core@3.5.0-ci.b8e3f92c0/node_modules/@autorest/core/dist/resources/directives.md'
VERBOSE [2.15 s]: > Including configuration file 'file:///home/runner/.autorest/@autorest_core@3.5.0-ci.b8e3f92c0/node_modules/@autorest/core/dist/resources/pipeline.md'
VERBOSE [2.16 s]: > Including configuration file 'file:///home/runner/.autorest/@autorest_core@3.5.0-ci.b8e3f92c0/node_modules/@autorest/core/dist/resources/loader-openapi.md'
VERBOSE [2.17 s]: > Including configuration file 'file:///home/runner/.autorest/@autorest_core@3.5.0-ci.b8e3f92c0/node_modules/@autorest/core/dist/resources/miscellaneous.md'
VERBOSE [2.2 s]: > Including configuration file 'file:///home/runner/.autorest/@autorest_core@3.5.0-ci.b8e3f92c0/node_modules/@autorest/core/dist/resources/plugin-powershell.md'
VERBOSE [2.21 s]: > Including configuration file 'file:///home/runner/.autorest/@autorest_core@3.5.0-ci.b8e3f92c0/node_modules/@autorest/core/dist/resources/plugin-azureresourceschema.md'
VERBOSE [2.22 s]: > Including configuration file 'file:///home/runner/.autorest/@autorest_core@3.5.0-ci.b8e3f92c0/node_modules/@autorest/core/dist/resources/plugin-csharp.md'
VERBOSE [2.24 s]: > Including configuration file 'file:///home/runner/.autorest/@autorest_core@3.5.0-ci.b8e3f92c0/node_modules/@autorest/core/dist/resources/plugin-go.md'
VERBOSE [2.25 s]: > Including configuration file 'file:///home/runner/.autorest/@autorest_core@3.5.0-ci.b8e3f92c0/node_modules/@autorest/core/dist/resources/plugin-java.md'
VERBOSE [2.27 s]: > Including configuration file 'file:///home/runner/.autorest/@autorest_core@3.5.0-ci.b8e3f92c0/node_modules/@autorest/core/dist/resources/plugin-nodejs.md'
VERBOSE [2.28 s]: > Including configuration file 'file:///home/runner/.autorest/@autorest_core@3.5.0-ci.b8e3f92c0/node_modules/@autorest/core/dist/resources/plugin-php.md'
VERBOSE [2.3 s]: > Including configuration file 'file:///home/runner/.autorest/@autorest_core@3.5.0-ci.b8e3f92c0/node_modules/@autorest/core/dist/resources/plugin-python.md'
VERBOSE [2.32 s]: > Including configuration file 'file:///home/runner/.autorest/@autorest_core@3.5.0-ci.b8e3f92c0/node_modules/@autorest/core/dist/resources/plugin-ruby.md'
VERBOSE [2.33 s]: > Including configuration file 'file:///home/runner/.autorest/@autorest_core@3.5.0-ci.b8e3f92c0/node_modules/@autorest/core/dist/resources/plugin-typescript.md'
VERBOSE [2.35 s]: > Including configuration file 'file:///home/runner/.autorest/@autorest_core@3.5.0-ci.b8e3f92c0/node_modules/@autorest/core/dist/resources/plugin-validators.md'
VERBOSE [2.37 s]: > Including configuration file 'file:///home/runner/.autorest/@autorest_core@3.5.0-ci.b8e3f92c0/node_modules/@autorest/core/dist/resources/plugin-az.md'
VERBOSE [2.39 s]: > Including configuration file 'file:///home/runner/.autorest/@autorest_core@3.5.0-ci.b8e3f92c0/node_modules/@autorest/core/dist/resources/plugin-terraform.md'
VERBOSE [2.41 s]: > Including configuration file 'file:///home/runner/.autorest/@autorest_core@3.5.0-ci.b8e3f92c0/node_modules/@autorest/core/dist/resources/plugin-azure-functions.md'
VERBOSE [2.44 s]: > Including configuration file 'file:///home/runner/.autorest/@autorest_core@3.5.0-ci.b8e3f92c0/node_modules/@autorest/core/dist/resources/graphs.md'
VERBOSE [2.46 s]: > Including configuration file 'file:///home/runner/.autorest/@autorest_core@3.5.0-ci.b8e3f92c0/node_modules/@autorest/core/dist/resources/help-configuration.md'
INFORMATION: > Loading local AutoRest extension '@autorest/bicep' (/home/runner/work/bicep-types-az/bicep-types-az/src/autorest.bicep)
VERBOSE [2.52 s]: > Including extension configuration file 'file:///home/runner/work/bicep-types-az/bicep-types-az/src/autorest.bicep/README.md'
VERBOSE [2.52 s]: > Including configuration file 'file:///home/runner/work/bicep-types-az/bicep-types-az/src/autorest.bicep/README.md'
INFORMATION: > Loading AutoRest extension '@autorest/modelerfour' (https://tinyurl.com/yhlkz69y->4.20.0-ci.b8e3f92c0)
VERBOSE [5 s]: > Including extension configuration file 'file:///home/runner/.autorest/@autorest_modelerfour@4.20.0-ci.b8e3f92c0/node_modules/@autorest/modelerfour/readme.md'
VERBOSE [5 s]: > Including configuration file 'file:///home/runner/.autorest/@autorest_modelerfour@4.20.0-ci.b8e3f92c0/node_modules/@autorest/modelerfour/readme.md'
DEBUG [5.62 s]: swagger-document/loader-swagger - START inputs = 0
DEBUG [5.62 s]: openapi-document/loader-openapi - START inputs = 0
DEBUG [5.62 s]: pipeline-emitter - START inputs = 0
DEBUG [5.62 s]: configuration-emitter - START inputs = 0
DEBUG [5.62 s]: pipeline-emitter - END [0.05 s][85 MB]
DEBUG [5.62 s]: configuration-emitter - END [0.05 s][85 MB]
VERBOSE [5.65 s]: Reading OpenAPI 2.0 file file:///home/runner/work/bicep-types-az/bicep-types-az/workflow-temp/azure-rest-api-specs/specification/msi/resource-manager/Microsoft.ManagedIdentity/stable/2018-11-30/ManagedIdentity.json
DEBUG [5.65 s]: openapi-document/loader-openapi - END [0.08 s][88 MB]
VERBOSE [5.68 s]: Reading $ref'd file file:///home/runner/work/bicep-types-az/bicep-types-az/workflow-temp/azure-rest-api-specs/specification/common-types/resource-management/v1/types.json
DEBUG [5.68 s]: openapi-document/individual/transform - SKIPPING
DEBUG [5.68 s]: openapi-document/individual/schema-validator-openapi - SKIPPING
DEBUG [5.68 s]: openapi-document/individual/identity - SKIPPING
DEBUG [5.74 s]: swagger-document/loader-swagger - END [0.17 s][97 MB]
DEBUG [5.75 s]: swagger-document/individual/transform - START inputs = 2
DEBUG [5.8 s]: swagger-document/individual/transform - END [0.05 s][97 MB]
DEBUG [5.8 s]: swagger-document/individual/schema-validator-swagger - START inputs = 2
DEBUG [6.08 s]: swagger-document/individual/schema-validator-swagger - END [0.28 s][105 MB]
DEBUG [6.08 s]: swagger-document/identity - START inputs = 2
DEBUG [6.08 s]: swagger-document/individual/identity - START inputs = 2
DEBUG [6.08 s]: swagger-document/identity - END [0 s][106 MB]
DEBUG [6.08 s]: swagger-document/individual/identity - END [0 s][106 MB]
DEBUG [6.09 s]: openapi-document/openapi-document-converter - START inputs = 2
DEBUG [6.13 s]: openapi-document/openapi-document-converter - END [0.04 s][103 MB]
DEBUG [6.13 s]: openapi-document/transform - START inputs = 2
DEBUG [6.14 s]: openapi-document/transform - END [0 s][105 MB]
DEBUG [6.14 s]: openapi-document/semantic-validator - START inputs = 2
WARNING: Semantic validation was skipped.
DEBUG [6.14 s]: openapi-document/semantic-validator - END [0 s][105 MB]
DEBUG [6.14 s]: openapi-document/allof-cleaner - START inputs = 2
DEBUG [6.14 s]: openapi-document/allof-cleaner - END [0 s][106 MB]
DEBUG [6.14 s]: openapi-document/tree-shaker - START inputs = 2
DEBUG [6.21 s]: openapi-document/tree-shaker - END [0.06 s][109 MB]
DEBUG [6.21 s]: openapi-document/multi-api-merger - START inputs = 2
DEBUG [6.29 s]: openapi-document/multi-api-merger - END [0.08 s][117 MB]
DEBUG [6.3 s]: openapi-document/components-cleaner - START inputs = 1
DEBUG [6.34 s]: openapi-document/components-cleaner - END [0.04 s][117 MB]
DEBUG [6.34 s]: openapi-document/component-modifiers - START inputs = 1
DEBUG [6.35 s]: openapi-document/component-modifiers - END [0 s][121 MB]
DEBUG [6.36 s]: openapi-document/api-version-parameter-handler - START inputs = 1
DEBUG [6.36 s]: openapi-document/api-version-parameter-handler - END [0 s][112 MB]
DEBUG [6.36 s]: openapi-document/profile-filter - START inputs = 1
DEBUG [6.36 s]: openapi-document/profile-filter - END [0 s][112 MB]
DEBUG [6.36 s]: openapi-document/model-deduplicator - START inputs = 1
DEBUG [6.36 s]: openapi-document/emitter - START inputs = 1
DEBUG [6.36 s]: openapi-document/model-deduplicator - END [0 s][112 MB]
DEBUG [6.36 s]: openapi-document/emitter - END [0 s][112 MB]
DEBUG [6.36 s]: openapi-document/enum-deduplicator - START inputs = 1
DEBUG [6.43 s]: openapi-document/enum-deduplicator - END [0.06 s][127 MB]
DEBUG [6.43 s]: openapi-document/subset-reducer - START inputs = 1
DEBUG [6.43 s]: openapi-document/subset-reducer - END [0 s][114 MB]
DEBUG [6.43 s]: openapi-document/quick-check - START inputs = 1
DEBUG [6.43 s]: openapi-document/multi-api/reset-identity - START inputs = 1
DEBUG [6.43 s]: openapi-document/quick-check - END [0 s][118 MB]
DEBUG [6.43 s]: openapi-document/multi-api/reset-identity - END [0 s][118 MB]
DEBUG [6.44 s]: openapi-document/multi-api/identity - START inputs = 1
DEBUG [6.44 s]: openapi-document/multi-api/identity - END [0 s][118 MB]
DEBUG [6.44 s]: openapi-document/multi-api/emitter - START inputs = 1
DEBUG [6.44 s]: prechecker - START inputs = 1
DEBUG [6.44 s]: openapi-document/multi-api/emitter - END [0 s][118 MB]

WARNING (PreCheck/SchemaMissingType): The schema 'Identity' with an undefined type and declared properties is a bit ambiguous. This has been auto-corrected to 'type:object'

WARNING (PreCheck/SchemaMissingType): The schema 'IdentityUpdate' with an undefined type and declared properties is a bit ambiguous. This has been auto-corrected to 'type:object'

WARNING (PreCheck/SchemaMissingType): The schema 'SystemAssignedIdentity' with an undefined type and declared properties is a bit ambiguous. This has been auto-corrected to 'type:object'

WARNING (PreCheck/SchemaMissingType): The schema 'UserAssignedIdentitiesListResult' with an undefined type and declared properties is a bit ambiguous. This has been auto-corrected to 'type:object'

WARNING (PreCheck/SchemaMissingType): The schema 'CloudError' with an undefined type and declared properties is a bit ambiguous. This has been auto-corrected to 'type:object'

WARNING (PreCheck/SchemaMissingType): The schema 'CloudErrorBody' with an undefined type and declared properties is a bit ambiguous. This has been auto-corrected to 'type:object'

WARNING (PreCheck/SchemaMissingType): The schema 'OperationDisplay' with an undefined type and declared properties is a bit ambiguous. This has been auto-corrected to 'type:object'

WARNING (PreCheck/SchemaMissingType): The schema 'OperationListResult' with an undefined type and declared properties is a bit ambiguous. This has been auto-corrected to 'type:object'

WARNING (PreCheck/CheckDuplicateSchemas): Checking for duplicate schemas, this could take a (long) while.  Run with --verbose for more detail.
VERBOSE [6.48 s]: Found and removed 0 duplicate schema
DEBUG [6.7 s]: prechecker - END [0.26 s][120 MB]
DEBUG [6.7 s]: modelerfour - START inputs = 2
VERBOSE [6.77 s]:   ModelerFour/api-version-mode:client
VERBOSE [6.77 s]:   ModelerFour/api-version-parameter:constant
VERBOSE [6.77 s]:   ModelerFour/use-model-namespace:false

WARNING (UnkownSecurityScheme): Security scheme azure_auth is unknown and will not be processed. Only supported types are AADToken,AzureKey,Anonymous
DEBUG [6.85 s]: modelerfour - END [0.14 s][122 MB]
DEBUG [6.85 s]: modelerfour/new-transform - START inputs = 2
DEBUG [6.85 s]: modelerfour/new-transform - END [0 s][122 MB]
DEBUG [6.85 s]: modelerfour/flattener - START inputs = 2
DEBUG [6.92 s]: modelerfour/flattener - END [0.06 s][123 MB]
DEBUG [6.92 s]: modelerfour/flattener/new-transform - START inputs = 2
DEBUG [6.92 s]: modelerfour/flattener/new-transform - END [0 s][123 MB]
DEBUG [6.92 s]: modelerfour/grouper - START inputs = 2
DEBUG [6.96 s]: modelerfour/grouper - END [0.03 s][125 MB]
DEBUG [6.96 s]: modelerfour/grouper/new-transform - START inputs = 2
DEBUG [6.96 s]: modelerfour/grouper/new-transform - END [0 s][125 MB]
DEBUG [6.96 s]: modelerfour/pre-namer - START inputs = 2
DEBUG [7.01 s]: modelerfour/pre-namer - END [0.04 s][126 MB]
DEBUG [7.01 s]: modelerfour/pre-namer/new-transform - START inputs = 2
DEBUG [7.01 s]: modelerfour/pre-namer/new-transform - END [0 s][126 MB]
DEBUG [7.01 s]: modelerfour/checker - START inputs = 4
DEBUG [7.03 s]: modelerfour/checker - END [0.02 s][128 MB]
DEBUG [7.03 s]: modelerfour/identity - START inputs = 2
DEBUG [7.04 s]: modelerfour/identity - END [0 s][128 MB]
DEBUG [7.04 s]: bicep - START inputs = 2
DEBUG [7.04 s]: modelerfour/emitter - START inputs = 2
DEBUG [7.04 s]: modelerfour/notags/emitter - START inputs = 2
DEBUG [7.04 s]: modelerfour/emitter - END [0 s][128 MB]
DEBUG [7.04 s]: modelerfour/notags/emitter - END [0 s][128 MB]
INFORMATION: autorest.bicep took 8ms
DEBUG [7.11 s]: bicep - END [0.07 s][117 MB]
DEBUG [7.11 s]: bicep/emitter - START inputs = 2
DEBUG [7.11 s]: Emitting 'bicep-files' at file:///tmp/_bcp_1625795651387/msi/microsoft.managedidentity/2018-11-30/types.json
DEBUG [7.11 s]: Emitting 'bicep-files' at file:///tmp/_bcp_1625795651387/msi/microsoft.managedidentity/2018-11-30/types.md
DEBUG [7.11 s]: bicep/emitter - END [0 s][117 MB]
Processing batch task - {"tag":"microsoft.managedidentity-2015-08-31-preview"} .
VERBOSE [7.12 s]: > Including configuration file 'file:///home/runner/work/bicep-types-az/bicep-types-az/workflow-temp/azure-rest-api-specs/specification/msi/resource-manager/readme.bicep.md'
VERBOSE [7.12 s]: > Initial configuration file 'file:///home/runner/work/bicep-types-az/bicep-types-az/workflow-temp/azure-rest-api-specs/specification/msi/resource-manager/readme.md'
VERBOSE [7.12 s]: > Including configuration file 'file:///home/runner/work/bicep-types-az/bicep-types-az/workflow-temp/azure-rest-api-specs/specification/msi/resource-manager/readme.md'
VERBOSE [7.13 s]: > Including configuration file 'file:///home/runner/.autorest/@autorest_core@3.5.0-ci.b8e3f92c0/node_modules/@autorest/core/dist/resources/default-configuration.md'
VERBOSE [7.14 s]: > Including configuration file 'file:///home/runner/.autorest/@autorest_core@3.5.0-ci.b8e3f92c0/node_modules/@autorest/core/dist/resources/inspect.md'
VERBOSE [7.15 s]: > Including configuration file 'file:///home/runner/.autorest/@autorest_core@3.5.0-ci.b8e3f92c0/node_modules/@autorest/core/dist/resources/directives.md'
VERBOSE [7.16 s]: > Including configuration file 'file:///home/runner/.autorest/@autorest_core@3.5.0-ci.b8e3f92c0/node_modules/@autorest/core/dist/resources/pipeline.md'
VERBOSE [7.17 s]: > Including configuration file 'file:///home/runner/.autorest/@autorest_core@3.5.0-ci.b8e3f92c0/node_modules/@autorest/core/dist/resources/loader-openapi.md'
VERBOSE [7.18 s]: > Including configuration file 'file:///home/runner/.autorest/@autorest_core@3.5.0-ci.b8e3f92c0/node_modules/@autorest/core/dist/resources/miscellaneous.md'
VERBOSE [7.2 s]: > Including configuration file 'file:///home/runner/.autorest/@autorest_core@3.5.0-ci.b8e3f92c0/node_modules/@autorest/core/dist/resources/plugin-powershell.md'
VERBOSE [7.21 s]: > Including configuration file 'file:///home/runner/.autorest/@autorest_core@3.5.0-ci.b8e3f92c0/node_modules/@autorest/core/dist/resources/plugin-azureresourceschema.md'
VERBOSE [7.22 s]: > Including configuration file 'file:///home/runner/.autorest/@autorest_core@3.5.0-ci.b8e3f92c0/node_modules/@autorest/core/dist/resources/plugin-csharp.md'
VERBOSE [7.24 s]: > Including configuration file 'file:///home/runner/.autorest/@autorest_core@3.5.0-ci.b8e3f92c0/node_modules/@autorest/core/dist/resources/plugin-go.md'
VERBOSE [7.25 s]: > Including configuration file 'file:///home/runner/.autorest/@autorest_core@3.5.0-ci.b8e3f92c0/node_modules/@autorest/core/dist/resources/plugin-java.md'
VERBOSE [7.27 s]: > Including configuration file 'file:///home/runner/.autorest/@autorest_core@3.5.0-ci.b8e3f92c0/node_modules/@autorest/core/dist/resources/plugin-nodejs.md'
VERBOSE [7.29 s]: > Including configuration file 'file:///home/runner/.autorest/@autorest_core@3.5.0-ci.b8e3f92c0/node_modules/@autorest/core/dist/resources/plugin-php.md'
VERBOSE [7.31 s]: > Including configuration file 'file:///home/runner/.autorest/@autorest_core@3.5.0-ci.b8e3f92c0/node_modules/@autorest/core/dist/resources/plugin-python.md'
VERBOSE [7.34 s]: > Including configuration file 'file:///home/runner/.autorest/@autorest_core@3.5.0-ci.b8e3f92c0/node_modules/@autorest/core/dist/resources/plugin-ruby.md'
VERBOSE [7.37 s]: > Including configuration file 'file:///home/runner/.autorest/@autorest_core@3.5.0-ci.b8e3f92c0/node_modules/@autorest/core/dist/resources/plugin-typescript.md'
VERBOSE [7.42 s]: > Including configuration file 'file:///home/runner/.autorest/@autorest_core@3.5.0-ci.b8e3f92c0/node_modules/@autorest/core/dist/resources/plugin-validators.md'
VERBOSE [7.44 s]: > Including configuration file 'file:///home/runner/.autorest/@autorest_core@3.5.0-ci.b8e3f92c0/node_modules/@autorest/core/dist/resources/plugin-az.md'
VERBOSE [7.46 s]: > Including configuration file 'file:///home/runner/.autorest/@autorest_core@3.5.0-ci.b8e3f92c0/node_modules/@autorest/core/dist/resources/plugin-terraform.md'
VERBOSE [7.48 s]: > Including configuration file 'file:///home/runner/.autorest/@autorest_core@3.5.0-ci.b8e3f92c0/node_modules/@autorest/core/dist/resources/plugin-azure-functions.md'
VERBOSE [7.5 s]: > Including configuration file 'file:///home/runner/.autorest/@autorest_core@3.5.0-ci.b8e3f92c0/node_modules/@autorest/core/dist/resources/graphs.md'
VERBOSE [7.52 s]: > Including configuration file 'file:///home/runner/.autorest/@autorest_core@3.5.0-ci.b8e3f92c0/node_modules/@autorest/core/dist/resources/help-configuration.md'
INFORMATION: > Loading local AutoRest extension '@autorest/bicep' (/home/runner/work/bicep-types-az/bicep-types-az/src/autorest.bicep)
VERBOSE [7.59 s]: > Including extension configuration file 'file:///home/runner/work/bicep-types-az/bicep-types-az/src/autorest.bicep/README.md'
VERBOSE [7.59 s]: > Including configuration file 'file:///home/runner/work/bicep-types-az/bicep-types-az/src/autorest.bicep/README.md'
INFORMATION: > Loading AutoRest extension '@autorest/modelerfour' (https://tinyurl.com/yhlkz69y->4.20.0-ci.b8e3f92c0)
VERBOSE [8.16 s]: > Including extension configuration file 'file:///home/runner/.autorest/@autorest_modelerfour@4.20.0-ci.b8e3f92c0/node_modules/@autorest/modelerfour/readme.md'
VERBOSE [8.16 s]: > Including configuration file 'file:///home/runner/.autorest/@autorest_modelerfour@4.20.0-ci.b8e3f92c0/node_modules/@autorest/modelerfour/readme.md'
DEBUG [8.45 s]: swagger-document/loader-swagger - START inputs = 0
DEBUG [8.45 s]: openapi-document/loader-openapi - START inputs = 0
DEBUG [8.45 s]: pipeline-emitter - START inputs = 0
DEBUG [8.45 s]: configuration-emitter - START inputs = 0
DEBUG [8.46 s]: pipeline-emitter - END [0.04 s][88 MB]
DEBUG [8.46 s]: configuration-emitter - END [0.04 s][88 MB]
VERBOSE [8.46 s]: Reading OpenAPI 2.0 file file:///home/runner/work/bicep-types-az/bicep-types-az/workflow-temp/azure-rest-api-specs/specification/msi/resource-manager/Microsoft.ManagedIdentity/preview/2015-08-31-preview/ManagedIdentity.json
DEBUG [8.46 s]: openapi-document/loader-openapi - END [0.05 s][90 MB]
VERBOSE [8.48 s]: Reading $ref'd file file:///home/runner/work/bicep-types-az/bicep-types-az/workflow-temp/azure-rest-api-specs/specification/common-types/resource-management/v1/types.json
DEBUG [8.48 s]: openapi-document/individual/transform - SKIPPING
DEBUG [8.48 s]: openapi-document/individual/schema-validator-openapi - SKIPPING
DEBUG [8.48 s]: openapi-document/individual/identity - SKIPPING
DEBUG [8.52 s]: swagger-document/loader-swagger - END [0.1 s][96 MB]
DEBUG [8.52 s]: swagger-document/individual/transform - START inputs = 2
DEBUG [8.56 s]: swagger-document/individual/transform - END [0.04 s][94 MB]
DEBUG [8.56 s]: swagger-document/individual/schema-validator-swagger - START inputs = 2
DEBUG [8.57 s]: swagger-document/individual/schema-validator-swagger - END [0 s][94 MB]
DEBUG [8.57 s]: swagger-document/identity - START inputs = 2
DEBUG [8.57 s]: swagger-document/individual/identity - START inputs = 2
DEBUG [8.57 s]: swagger-document/identity - END [0 s][94 MB]
DEBUG [8.57 s]: swagger-document/individual/identity - END [0 s][94 MB]
DEBUG [8.57 s]: openapi-document/openapi-document-converter - START inputs = 2
DEBUG [8.59 s]: openapi-document/openapi-document-converter - END [0.02 s][105 MB]
DEBUG [8.6 s]: openapi-document/transform - START inputs = 2
DEBUG [8.6 s]: openapi-document/transform - END [0 s][95 MB]
DEBUG [8.6 s]: openapi-document/semantic-validator - START inputs = 2
WARNING: Semantic validation was skipped.
DEBUG [8.6 s]: openapi-document/semantic-validator - END [0 s][95 MB]
DEBUG [8.6 s]: openapi-document/allof-cleaner - START inputs = 2
DEBUG [8.61 s]: openapi-document/allof-cleaner - END [0 s][96 MB]
DEBUG [8.61 s]: openapi-document/tree-shaker - START inputs = 2
DEBUG [8.64 s]: openapi-document/tree-shaker - END [0.03 s][99 MB]
DEBUG [8.64 s]: openapi-document/multi-api-merger - START inputs = 2
DEBUG [8.7 s]: openapi-document/multi-api-merger - END [0.05 s][102 MB]
DEBUG [8.7 s]: openapi-document/components-cleaner - START inputs = 1
DEBUG [8.74 s]: openapi-document/components-cleaner - END [0.03 s][113 MB]
DEBUG [8.74 s]: openapi-document/component-modifiers - START inputs = 1
DEBUG [8.74 s]: openapi-document/component-modifiers - END [0 s][117 MB]
DEBUG [8.74 s]: openapi-document/api-version-parameter-handler - START inputs = 1
DEBUG [8.74 s]: openapi-document/api-version-parameter-handler - END [0 s][117 MB]
DEBUG [8.74 s]: openapi-document/profile-filter - START inputs = 1
DEBUG [8.74 s]: openapi-document/profile-filter - END [0 s][117 MB]
DEBUG [8.75 s]: openapi-document/model-deduplicator - START inputs = 1
DEBUG [8.75 s]: openapi-document/emitter - START inputs = 1
DEBUG [8.75 s]: openapi-document/model-deduplicator - END [0 s][117 MB]
DEBUG [8.75 s]: openapi-document/emitter - END [0 s][117 MB]
DEBUG [8.75 s]: openapi-document/enum-deduplicator - START inputs = 1
DEBUG [8.8 s]: openapi-document/enum-deduplicator - END [0.05 s][119 MB]
DEBUG [8.8 s]: openapi-document/subset-reducer - START inputs = 1
DEBUG [8.8 s]: openapi-document/subset-reducer - END [0 s][120 MB]
DEBUG [8.8 s]: openapi-document/quick-check - START inputs = 1
DEBUG [8.8 s]: openapi-document/multi-api/reset-identity - START inputs = 1
DEBUG [8.81 s]: openapi-document/quick-check - END [0 s][124 MB]
DEBUG [8.81 s]: openapi-document/multi-api/reset-identity - END [0 s][124 MB]
DEBUG [8.81 s]: openapi-document/multi-api/identity - START inputs = 1
DEBUG [8.81 s]: openapi-document/multi-api/identity - END [0 s][124 MB]
DEBUG [8.81 s]: openapi-document/multi-api/emitter - START inputs = 1
DEBUG [8.81 s]: prechecker - START inputs = 1
DEBUG [8.81 s]: openapi-document/multi-api/emitter - END [0 s][124 MB]

WARNING (PreCheck/SchemaMissingType): The schema 'Identity' with an undefined type and declared properties is a bit ambiguous. This has been auto-corrected to 'type:object'

WARNING (PreCheck/SchemaMissingType): The schema 'SystemAssignedIdentity' with an undefined type and declared properties is a bit ambiguous. This has been auto-corrected to 'type:object'

WARNING (PreCheck/SchemaMissingType): The schema 'UserAssignedIdentitiesListResult' with an undefined type and declared properties is a bit ambiguous. This has been auto-corrected to 'type:object'

WARNING (PreCheck/SchemaMissingType): The schema 'CloudError' with an undefined type and declared properties is a bit ambiguous. This has been auto-corrected to 'type:object'

WARNING (PreCheck/SchemaMissingType): The schema 'CloudErrorBody' with an undefined type and declared properties is a bit ambiguous. This has been auto-corrected to 'type:object'

WARNING (PreCheck/SchemaMissingType): The schema 'OperationDisplay' with an undefined type and declared properties is a bit ambiguous. This has been auto-corrected to 'type:object'

WARNING (PreCheck/SchemaMissingType): The schema 'OperationListResult' with an undefined type and declared properties is a bit ambiguous. This has been auto-corrected to 'type:object'

WARNING (PreCheck/CheckDuplicateSchemas): Checking for duplicate schemas, this could take a (long) while.  Run with --verbose for more detail.
VERBOSE [8.82 s]: Found and removed 0 duplicate schema
DEBUG [8.84 s]: prechecker - END [0.02 s][115 MB]
DEBUG [8.84 s]: modelerfour - START inputs = 2
VERBOSE [8.85 s]:   ModelerFour/api-version-mode:client
VERBOSE [8.85 s]:   ModelerFour/api-version-parameter:constant
VERBOSE [8.85 s]:   ModelerFour/use-model-namespace:false

WARNING (UnkownSecurityScheme): Security scheme azure_auth is unknown and will not be processed. Only supported types are AADToken,AzureKey,Anonymous
DEBUG [8.89 s]: modelerfour - END [0.05 s][117 MB]
DEBUG [8.89 s]: modelerfour/new-transform - START inputs = 2
DEBUG [8.89 s]: modelerfour/new-transform - END [0 s][117 MB]
DEBUG [8.9 s]: modelerfour/flattener - START inputs = 2
DEBUG [8.92 s]: modelerfour/flattener - END [0.02 s][118 MB]
DEBUG [8.92 s]: modelerfour/flattener/new-transform - START inputs = 2
DEBUG [8.92 s]: modelerfour/flattener/new-transform - END [0 s][118 MB]
DEBUG [8.92 s]: modelerfour/grouper - START inputs = 2
DEBUG [8.94 s]: modelerfour/grouper - END [0.02 s][119 MB]
DEBUG [8.94 s]: modelerfour/grouper/new-transform - START inputs = 2
DEBUG [8.95 s]: modelerfour/grouper/new-transform - END [0 s][119 MB]
DEBUG [8.95 s]: modelerfour/pre-namer - START inputs = 2
DEBUG [8.98 s]: modelerfour/pre-namer - END [0.03 s][121 MB]
DEBUG [8.98 s]: modelerfour/pre-namer/new-transform - START inputs = 2
DEBUG [8.98 s]: modelerfour/pre-namer/new-transform - END [0 s][121 MB]
DEBUG [8.98 s]: modelerfour/checker - START inputs = 4
DEBUG [9 s]: modelerfour/checker - END [0.02 s][122 MB]
DEBUG [9 s]: modelerfour/identity - START inputs = 2
DEBUG [9 s]: modelerfour/identity - END [0 s][122 MB]
DEBUG [9 s]: bicep - START inputs = 2
DEBUG [9 s]: modelerfour/emitter - START inputs = 2
DEBUG [9 s]: modelerfour/notags/emitter - START inputs = 2
DEBUG [9 s]: modelerfour/emitter - END [0 s][122 MB]
DEBUG [9 s]: modelerfour/notags/emitter - END [0 s][122 MB]
INFORMATION: autorest.bicep took 1ms
DEBUG [9.04 s]: bicep - END [0.03 s][123 MB]
DEBUG [9.04 s]: bicep/emitter - START inputs = 2
DEBUG [9.04 s]: Emitting 'bicep-files' at file:///tmp/_bcp_1625795651387/msi/microsoft.managedidentity/2015-08-31-preview/types.json
DEBUG [9.04 s]: Emitting 'bicep-files' at file:///tmp/_bcp_1625795651387/msi/microsoft.managedidentity/2015-08-31-preview/types.md
DEBUG [9.04 s]: bicep/emitter - END [0 s][123 MB]
[9.04 s] Clearing Folders.
[9.04 s] Writing Outputs.
[9.04 s] Generation Complete
[9.04 s] Shutting Down.
[9.05 s] Exiting.
