Executing: autorest --use=/home/runner/work/bicep-types-az/bicep-types-az/src/autorest.bicep --bicep --output-folder=/tmp/_bcp_1625795651387/resourcemover --multiapi --title=none --skip-semantics-validation /home/runner/work/bicep-types-az/bicep-types-az/workflow-temp/azure-rest-api-specs/specification/resourcemover/resource-manager/readme.md --debug --verbose
AutoRest code generation utility [cli version: 3.2.1; node: v14.17.1, max-memory: 4096 MB]
(C) 2018 Microsoft Corporation.
https://aka.ms/autorest
No configuration found at 'file:///home/runner/work/bicep-types-az/bicep-types-az/src/generator/src/cmd/'.
> Including configuration file 'file:///home/runner/work/bicep-types-az/bicep-types-az/src/generator/node_modules/autorest/dist/resources/default-configuration.md'
> Including configuration file 'file:///home/runner/work/bicep-types-az/bicep-types-az/src/generator/node_modules/autorest/dist/resources/inspect.md'
> Including configuration file 'file:///home/runner/work/bicep-types-az/bicep-types-az/src/generator/node_modules/autorest/dist/resources/directives.md'
> Including configuration file 'file:///home/runner/work/bicep-types-az/bicep-types-az/src/generator/node_modules/autorest/dist/resources/pipeline.md'
> Including configuration file 'file:///home/runner/work/bicep-types-az/bicep-types-az/src/generator/node_modules/autorest/dist/resources/loader-openapi.md'
> Including configuration file 'file:///home/runner/work/bicep-types-az/bicep-types-az/src/generator/node_modules/autorest/dist/resources/miscellaneous.md'
> Including configuration file 'file:///home/runner/work/bicep-types-az/bicep-types-az/src/generator/node_modules/autorest/dist/resources/plugin-powershell.md'
> Including configuration file 'file:///home/runner/work/bicep-types-az/bicep-types-az/src/generator/node_modules/autorest/dist/resources/plugin-azureresourceschema.md'
> Including configuration file 'file:///home/runner/work/bicep-types-az/bicep-types-az/src/generator/node_modules/autorest/dist/resources/plugin-csharp.md'
> Including configuration file 'file:///home/runner/work/bicep-types-az/bicep-types-az/src/generator/node_modules/autorest/dist/resources/plugin-go.md'
> Including configuration file 'file:///home/runner/work/bicep-types-az/bicep-types-az/src/generator/node_modules/autorest/dist/resources/plugin-java.md'
> Including configuration file 'file:///home/runner/work/bicep-types-az/bicep-types-az/src/generator/node_modules/autorest/dist/resources/plugin-nodejs.md'
> Including configuration file 'file:///home/runner/work/bicep-types-az/bicep-types-az/src/generator/node_modules/autorest/dist/resources/plugin-php.md'
> Including configuration file 'file:///home/runner/work/bicep-types-az/bicep-types-az/src/generator/node_modules/autorest/dist/resources/plugin-python.md'
> Including configuration file 'file:///home/runner/work/bicep-types-az/bicep-types-az/src/generator/node_modules/autorest/dist/resources/plugin-ruby.md'
> Including configuration file 'file:///home/runner/work/bicep-types-az/bicep-types-az/src/generator/node_modules/autorest/dist/resources/plugin-typescript.md'
> Including configuration file 'file:///home/runner/work/bicep-types-az/bicep-types-az/src/generator/node_modules/autorest/dist/resources/plugin-validators.md'
> Including configuration file 'file:///home/runner/work/bicep-types-az/bicep-types-az/src/generator/node_modules/autorest/dist/resources/plugin-az.md'
> Including configuration file 'file:///home/runner/work/bicep-types-az/bicep-types-az/src/generator/node_modules/autorest/dist/resources/plugin-terraform.md'
> Including configuration file 'file:///home/runner/work/bicep-types-az/bicep-types-az/src/generator/node_modules/autorest/dist/resources/plugin-azure-functions.md'
> Including configuration file 'file:///home/runner/work/bicep-types-az/bicep-types-az/src/generator/node_modules/autorest/dist/resources/graphs.md'
> Including configuration file 'file:///home/runner/work/bicep-types-az/bicep-types-az/src/generator/node_modules/autorest/dist/resources/help-configuration.md'
> Loading local AutoRest extension '@autorest/bicep' (/home/runner/work/bicep-types-az/bicep-types-az/src/autorest.bicep)
> Including extension configuration file 'file:///home/runner/work/bicep-types-az/bicep-types-az/src/autorest.bicep/README.md'
> Including configuration file 'file:///home/runner/work/bicep-types-az/bicep-types-az/src/autorest.bicep/README.md'
> Loading AutoRest extension '@autorest/modelerfour' (https://tinyurl.com/yhlkz69y->4.20.0-ci.b8e3f92c0)
> Including extension configuration file 'file:///home/runner/.autorest/@autorest_modelerfour@4.20.0-ci.b8e3f92c0/node_modules/@autorest/modelerfour/readme.md'
> Including configuration file 'file:///home/runner/.autorest/@autorest_modelerfour@4.20.0-ci.b8e3f92c0/node_modules/@autorest/modelerfour/readme.md'
NOTE: AutoRest core version selected from configuration: https://tinyurl.com/yfjyy27f.
Network Enabled: true

There is a new version of AutoRest available (3.2.3).
 > You can install the newer version with with npm install -g autorest@latest

Starting @autorest/core from /home/runner/.autorest/@autorest_core@3.5.0-ci.b8e3f92c0/node_modules/@autorest/core
   Loading AutoRest core      '/home/runner/.autorest/@autorest_core@3.5.0-ci.b8e3f92c0/node_modules/@autorest/core/dist' (3.5.0-ci.b8e3f92c0)
VERBOSE [0.7 s]: > Including configuration file 'file:///home/runner/work/bicep-types-az/bicep-types-az/workflow-temp/azure-rest-api-specs/specification/resourcemover/resource-manager/readme.bicep.md'
VERBOSE [0.71 s]: > Initial configuration file 'file:///home/runner/work/bicep-types-az/bicep-types-az/workflow-temp/azure-rest-api-specs/specification/resourcemover/resource-manager/readme.md'
VERBOSE [0.71 s]: > Including configuration file 'file:///home/runner/work/bicep-types-az/bicep-types-az/workflow-temp/azure-rest-api-specs/specification/resourcemover/resource-manager/readme.md'
VERBOSE [0.73 s]: > Including configuration file 'file:///home/runner/.autorest/@autorest_core@3.5.0-ci.b8e3f92c0/node_modules/@autorest/core/dist/resources/default-configuration.md'
VERBOSE [0.74 s]: > Including configuration file 'file:///home/runner/.autorest/@autorest_core@3.5.0-ci.b8e3f92c0/node_modules/@autorest/core/dist/resources/inspect.md'
VERBOSE [0.75 s]: > Including configuration file 'file:///home/runner/.autorest/@autorest_core@3.5.0-ci.b8e3f92c0/node_modules/@autorest/core/dist/resources/directives.md'
VERBOSE [0.77 s]: > Including configuration file 'file:///home/runner/.autorest/@autorest_core@3.5.0-ci.b8e3f92c0/node_modules/@autorest/core/dist/resources/pipeline.md'
VERBOSE [0.79 s]: > Including configuration file 'file:///home/runner/.autorest/@autorest_core@3.5.0-ci.b8e3f92c0/node_modules/@autorest/core/dist/resources/loader-openapi.md'
VERBOSE [0.81 s]: > Including configuration file 'file:///home/runner/.autorest/@autorest_core@3.5.0-ci.b8e3f92c0/node_modules/@autorest/core/dist/resources/miscellaneous.md'
VERBOSE [0.82 s]: > Including configuration file 'file:///home/runner/.autorest/@autorest_core@3.5.0-ci.b8e3f92c0/node_modules/@autorest/core/dist/resources/plugin-powershell.md'
VERBOSE [0.84 s]: > Including configuration file 'file:///home/runner/.autorest/@autorest_core@3.5.0-ci.b8e3f92c0/node_modules/@autorest/core/dist/resources/plugin-azureresourceschema.md'
VERBOSE [0.85 s]: > Including configuration file 'file:///home/runner/.autorest/@autorest_core@3.5.0-ci.b8e3f92c0/node_modules/@autorest/core/dist/resources/plugin-csharp.md'
VERBOSE [0.87 s]: > Including configuration file 'file:///home/runner/.autorest/@autorest_core@3.5.0-ci.b8e3f92c0/node_modules/@autorest/core/dist/resources/plugin-go.md'
VERBOSE [0.89 s]: > Including configuration file 'file:///home/runner/.autorest/@autorest_core@3.5.0-ci.b8e3f92c0/node_modules/@autorest/core/dist/resources/plugin-java.md'
VERBOSE [0.9 s]: > Including configuration file 'file:///home/runner/.autorest/@autorest_core@3.5.0-ci.b8e3f92c0/node_modules/@autorest/core/dist/resources/plugin-nodejs.md'
VERBOSE [0.92 s]: > Including configuration file 'file:///home/runner/.autorest/@autorest_core@3.5.0-ci.b8e3f92c0/node_modules/@autorest/core/dist/resources/plugin-php.md'
VERBOSE [0.94 s]: > Including configuration file 'file:///home/runner/.autorest/@autorest_core@3.5.0-ci.b8e3f92c0/node_modules/@autorest/core/dist/resources/plugin-python.md'
VERBOSE [0.96 s]: > Including configuration file 'file:///home/runner/.autorest/@autorest_core@3.5.0-ci.b8e3f92c0/node_modules/@autorest/core/dist/resources/plugin-ruby.md'
VERBOSE [0.99 s]: > Including configuration file 'file:///home/runner/.autorest/@autorest_core@3.5.0-ci.b8e3f92c0/node_modules/@autorest/core/dist/resources/plugin-typescript.md'
VERBOSE [1.01 s]: > Including configuration file 'file:///home/runner/.autorest/@autorest_core@3.5.0-ci.b8e3f92c0/node_modules/@autorest/core/dist/resources/plugin-validators.md'
VERBOSE [1.03 s]: > Including configuration file 'file:///home/runner/.autorest/@autorest_core@3.5.0-ci.b8e3f92c0/node_modules/@autorest/core/dist/resources/plugin-az.md'
VERBOSE [1.05 s]: > Including configuration file 'file:///home/runner/.autorest/@autorest_core@3.5.0-ci.b8e3f92c0/node_modules/@autorest/core/dist/resources/plugin-terraform.md'
VERBOSE [1.07 s]: > Including configuration file 'file:///home/runner/.autorest/@autorest_core@3.5.0-ci.b8e3f92c0/node_modules/@autorest/core/dist/resources/plugin-azure-functions.md'
VERBOSE [1.09 s]: > Including configuration file 'file:///home/runner/.autorest/@autorest_core@3.5.0-ci.b8e3f92c0/node_modules/@autorest/core/dist/resources/graphs.md'
VERBOSE [1.11 s]: > Including configuration file 'file:///home/runner/.autorest/@autorest_core@3.5.0-ci.b8e3f92c0/node_modules/@autorest/core/dist/resources/help-configuration.md'
INFORMATION: > Loading local AutoRest extension '@autorest/bicep' (/home/runner/work/bicep-types-az/bicep-types-az/src/autorest.bicep)
VERBOSE [1.18 s]: > Including extension configuration file 'file:///home/runner/work/bicep-types-az/bicep-types-az/src/autorest.bicep/README.md'
VERBOSE [1.18 s]: > Including configuration file 'file:///home/runner/work/bicep-types-az/bicep-types-az/src/autorest.bicep/README.md'
INFORMATION: > Loading AutoRest extension '@autorest/modelerfour' (https://tinyurl.com/yhlkz69y->4.20.0-ci.b8e3f92c0)
VERBOSE [1.87 s]: > Including extension configuration file 'file:///home/runner/.autorest/@autorest_modelerfour@4.20.0-ci.b8e3f92c0/node_modules/@autorest/modelerfour/readme.md'
VERBOSE [1.87 s]: > Including configuration file 'file:///home/runner/.autorest/@autorest_modelerfour@4.20.0-ci.b8e3f92c0/node_modules/@autorest/modelerfour/readme.md'
Processing batch task - {"tag":"microsoft.migrate-2019-10-01-preview"} .
VERBOSE [2.08 s]: > Including configuration file 'file:///home/runner/work/bicep-types-az/bicep-types-az/workflow-temp/azure-rest-api-specs/specification/resourcemover/resource-manager/readme.bicep.md'
VERBOSE [2.08 s]: > Initial configuration file 'file:///home/runner/work/bicep-types-az/bicep-types-az/workflow-temp/azure-rest-api-specs/specification/resourcemover/resource-manager/readme.md'
VERBOSE [2.08 s]: > Including configuration file 'file:///home/runner/work/bicep-types-az/bicep-types-az/workflow-temp/azure-rest-api-specs/specification/resourcemover/resource-manager/readme.md'
VERBOSE [2.09 s]: > Including configuration file 'file:///home/runner/.autorest/@autorest_core@3.5.0-ci.b8e3f92c0/node_modules/@autorest/core/dist/resources/default-configuration.md'
VERBOSE [2.1 s]: > Including configuration file 'file:///home/runner/.autorest/@autorest_core@3.5.0-ci.b8e3f92c0/node_modules/@autorest/core/dist/resources/inspect.md'
VERBOSE [2.11 s]: > Including configuration file 'file:///home/runner/.autorest/@autorest_core@3.5.0-ci.b8e3f92c0/node_modules/@autorest/core/dist/resources/directives.md'
VERBOSE [2.12 s]: > Including configuration file 'file:///home/runner/.autorest/@autorest_core@3.5.0-ci.b8e3f92c0/node_modules/@autorest/core/dist/resources/pipeline.md'
VERBOSE [2.13 s]: > Including configuration file 'file:///home/runner/.autorest/@autorest_core@3.5.0-ci.b8e3f92c0/node_modules/@autorest/core/dist/resources/loader-openapi.md'
VERBOSE [2.14 s]: > Including configuration file 'file:///home/runner/.autorest/@autorest_core@3.5.0-ci.b8e3f92c0/node_modules/@autorest/core/dist/resources/miscellaneous.md'
VERBOSE [2.17 s]: > Including configuration file 'file:///home/runner/.autorest/@autorest_core@3.5.0-ci.b8e3f92c0/node_modules/@autorest/core/dist/resources/plugin-powershell.md'
VERBOSE [2.18 s]: > Including configuration file 'file:///home/runner/.autorest/@autorest_core@3.5.0-ci.b8e3f92c0/node_modules/@autorest/core/dist/resources/plugin-azureresourceschema.md'
VERBOSE [2.19 s]: > Including configuration file 'file:///home/runner/.autorest/@autorest_core@3.5.0-ci.b8e3f92c0/node_modules/@autorest/core/dist/resources/plugin-csharp.md'
VERBOSE [2.2 s]: > Including configuration file 'file:///home/runner/.autorest/@autorest_core@3.5.0-ci.b8e3f92c0/node_modules/@autorest/core/dist/resources/plugin-go.md'
VERBOSE [2.22 s]: > Including configuration file 'file:///home/runner/.autorest/@autorest_core@3.5.0-ci.b8e3f92c0/node_modules/@autorest/core/dist/resources/plugin-java.md'
VERBOSE [2.24 s]: > Including configuration file 'file:///home/runner/.autorest/@autorest_core@3.5.0-ci.b8e3f92c0/node_modules/@autorest/core/dist/resources/plugin-nodejs.md'
VERBOSE [2.25 s]: > Including configuration file 'file:///home/runner/.autorest/@autorest_core@3.5.0-ci.b8e3f92c0/node_modules/@autorest/core/dist/resources/plugin-php.md'
VERBOSE [2.27 s]: > Including configuration file 'file:///home/runner/.autorest/@autorest_core@3.5.0-ci.b8e3f92c0/node_modules/@autorest/core/dist/resources/plugin-python.md'
VERBOSE [2.28 s]: > Including configuration file 'file:///home/runner/.autorest/@autorest_core@3.5.0-ci.b8e3f92c0/node_modules/@autorest/core/dist/resources/plugin-ruby.md'
VERBOSE [2.3 s]: > Including configuration file 'file:///home/runner/.autorest/@autorest_core@3.5.0-ci.b8e3f92c0/node_modules/@autorest/core/dist/resources/plugin-typescript.md'
VERBOSE [2.31 s]: > Including configuration file 'file:///home/runner/.autorest/@autorest_core@3.5.0-ci.b8e3f92c0/node_modules/@autorest/core/dist/resources/plugin-validators.md'
VERBOSE [2.33 s]: > Including configuration file 'file:///home/runner/.autorest/@autorest_core@3.5.0-ci.b8e3f92c0/node_modules/@autorest/core/dist/resources/plugin-az.md'
VERBOSE [2.35 s]: > Including configuration file 'file:///home/runner/.autorest/@autorest_core@3.5.0-ci.b8e3f92c0/node_modules/@autorest/core/dist/resources/plugin-terraform.md'
VERBOSE [2.37 s]: > Including configuration file 'file:///home/runner/.autorest/@autorest_core@3.5.0-ci.b8e3f92c0/node_modules/@autorest/core/dist/resources/plugin-azure-functions.md'
VERBOSE [2.39 s]: > Including configuration file 'file:///home/runner/.autorest/@autorest_core@3.5.0-ci.b8e3f92c0/node_modules/@autorest/core/dist/resources/graphs.md'
VERBOSE [2.41 s]: > Including configuration file 'file:///home/runner/.autorest/@autorest_core@3.5.0-ci.b8e3f92c0/node_modules/@autorest/core/dist/resources/help-configuration.md'
INFORMATION: > Loading local AutoRest extension '@autorest/bicep' (/home/runner/work/bicep-types-az/bicep-types-az/src/autorest.bicep)
VERBOSE [2.47 s]: > Including extension configuration file 'file:///home/runner/work/bicep-types-az/bicep-types-az/src/autorest.bicep/README.md'
VERBOSE [2.47 s]: > Including configuration file 'file:///home/runner/work/bicep-types-az/bicep-types-az/src/autorest.bicep/README.md'
INFORMATION: > Loading AutoRest extension '@autorest/modelerfour' (https://tinyurl.com/yhlkz69y->4.20.0-ci.b8e3f92c0)
VERBOSE [3.03 s]: > Including extension configuration file 'file:///home/runner/.autorest/@autorest_modelerfour@4.20.0-ci.b8e3f92c0/node_modules/@autorest/modelerfour/readme.md'
VERBOSE [3.03 s]: > Including configuration file 'file:///home/runner/.autorest/@autorest_modelerfour@4.20.0-ci.b8e3f92c0/node_modules/@autorest/modelerfour/readme.md'
DEBUG [3.64 s]: swagger-document/loader-swagger - START inputs = 0
DEBUG [3.64 s]: openapi-document/loader-openapi - START inputs = 0
DEBUG [3.64 s]: pipeline-emitter - START inputs = 0
DEBUG [3.64 s]: configuration-emitter - START inputs = 0
DEBUG [3.64 s]: pipeline-emitter - END [0.05 s][82 MB]
DEBUG [3.64 s]: configuration-emitter - END [0.05 s][82 MB]
VERBOSE [3.7 s]: Reading OpenAPI 2.0 file file:///home/runner/work/bicep-types-az/bicep-types-az/workflow-temp/azure-rest-api-specs/specification/resourcemover/resource-manager/Microsoft.Migrate/preview/2019-10-01-preview/resourcemovercollection.json
DEBUG [3.7 s]: openapi-document/loader-openapi - END [0.11 s][91 MB]
DEBUG [3.82 s]: openapi-document/individual/transform - SKIPPING
DEBUG [3.82 s]: openapi-document/individual/schema-validator-openapi - SKIPPING
DEBUG [3.82 s]: openapi-document/individual/identity - SKIPPING
DEBUG [3.89 s]: swagger-document/loader-swagger - END [0.3 s][92 MB]
DEBUG [3.89 s]: swagger-document/individual/transform - START inputs = 1
DEBUG [4.01 s]: swagger-document/individual/transform - END [0.11 s][105 MB]
DEBUG [4.01 s]: swagger-document/individual/schema-validator-swagger - START inputs = 1
DEBUG [4.31 s]: swagger-document/individual/schema-validator-swagger - END [0.29 s][116 MB]
DEBUG [4.31 s]: swagger-document/identity - START inputs = 1
DEBUG [4.31 s]: swagger-document/individual/identity - START inputs = 1
DEBUG [4.31 s]: swagger-document/identity - END [0 s][116 MB]
DEBUG [4.31 s]: swagger-document/individual/identity - END [0 s][116 MB]
DEBUG [4.31 s]: openapi-document/openapi-document-converter - START inputs = 1
DEBUG [4.4 s]: openapi-document/openapi-document-converter - END [0.09 s][117 MB]
DEBUG [4.4 s]: openapi-document/transform - START inputs = 1
DEBUG [4.41 s]: openapi-document/transform - END [0.01 s][110 MB]
DEBUG [4.41 s]: openapi-document/semantic-validator - START inputs = 1
WARNING: Semantic validation was skipped.
DEBUG [4.42 s]: openapi-document/semantic-validator - END [0 s][110 MB]
DEBUG [4.42 s]: openapi-document/allof-cleaner - START inputs = 1
DEBUG [4.42 s]: openapi-document/allof-cleaner - END [0 s][111 MB]
DEBUG [4.42 s]: openapi-document/tree-shaker - START inputs = 1
DEBUG [4.53 s]: openapi-document/tree-shaker - END [0.1 s][125 MB]
DEBUG [4.53 s]: openapi-document/multi-api-merger - START inputs = 1
DEBUG [4.68 s]: openapi-document/multi-api-merger - END [0.14 s][139 MB]
DEBUG [4.68 s]: openapi-document/components-cleaner - START inputs = 1
DEBUG [4.9 s]: openapi-document/components-cleaner - END [0.22 s][93 MB]
DEBUG [4.9 s]: openapi-document/component-modifiers - START inputs = 1
DEBUG [4.94 s]: openapi-document/component-modifiers - END [0.03 s][99 MB]
DEBUG [4.94 s]: openapi-document/api-version-parameter-handler - START inputs = 1
DEBUG [4.94 s]: openapi-document/api-version-parameter-handler - END [0 s][99 MB]
DEBUG [4.94 s]: openapi-document/profile-filter - START inputs = 1
DEBUG [4.94 s]: openapi-document/profile-filter - END [0 s][100 MB]
DEBUG [4.94 s]: openapi-document/model-deduplicator - START inputs = 1
DEBUG [4.94 s]: openapi-document/emitter - START inputs = 1
DEBUG [4.94 s]: openapi-document/model-deduplicator - END [0 s][100 MB]
DEBUG [4.94 s]: openapi-document/emitter - END [0 s][100 MB]
DEBUG [4.94 s]: openapi-document/enum-deduplicator - START inputs = 1
DEBUG [5.13 s]: openapi-document/enum-deduplicator - END [0.18 s][114 MB]
DEBUG [5.13 s]: openapi-document/subset-reducer - START inputs = 1
DEBUG [5.13 s]: openapi-document/subset-reducer - END [0 s][115 MB]
DEBUG [5.13 s]: openapi-document/quick-check - START inputs = 1
DEBUG [5.13 s]: openapi-document/multi-api/reset-identity - START inputs = 1
DEBUG [5.21 s]: openapi-document/quick-check - END [0.08 s][119 MB]
DEBUG [5.21 s]: openapi-document/multi-api/reset-identity - END [0.08 s][119 MB]
DEBUG [5.22 s]: openapi-document/multi-api/identity - START inputs = 1
DEBUG [5.22 s]: openapi-document/multi-api/identity - END [0 s][119 MB]
DEBUG [5.22 s]: openapi-document/multi-api/emitter - START inputs = 1
DEBUG [5.22 s]: prechecker - START inputs = 1
DEBUG [5.22 s]: openapi-document/multi-api/emitter - END [0 s][119 MB]

WARNING (PreCheck/SchemaMissingType): The schema 'MoveResourceProperties-moveStatus' with an undefined type and 'allOf'/'anyOf'/'oneOf' is a bit ambiguous. This has been auto-corrected to 'type:object'

WARNING (PreCheck/SchemaMissingType): The schema 'MoveResourceProperties-errors' with an undefined type and 'allOf'/'anyOf'/'oneOf' is a bit ambiguous. This has been auto-corrected to 'type:object'

WARNING (PreCheck/SchemaMissingType): The schema 'MoveCollectionProperties-errors' with an undefined type and 'allOf'/'anyOf'/'oneOf' is a bit ambiguous. This has been auto-corrected to 'type:object'

WARNING (PreCheck/SchemaMissingType): The schema 'MoveResourceFilter' with an undefined type and declared properties is a bit ambiguous. This has been auto-corrected to 'type:object'

WARNING (PreCheck/SchemaMissingType): The schema 'MoveResourceFilterProperties' with an undefined type and declared properties is a bit ambiguous. This has been auto-corrected to 'type:object'

WARNING (PreCheck/SchemaMissingType): The schema 'UnresolvedDependenciesFilter' with an undefined type and declared properties is a bit ambiguous. This has been auto-corrected to 'type:object'

WARNING (PreCheck/SchemaMissingType): The schema 'UnresolvedDependenciesFilterProperties' with an undefined type and declared properties is a bit ambiguous. This has been auto-corrected to 'type:object'

WARNING (PreCheck/SchemaMissingType): The schema 'MoveResourceError' with an undefined type and declared properties is a bit ambiguous. This has been auto-corrected to 'type:object'

WARNING (PreCheck/SchemaMissingType): The schema 'MoveResourceErrorBody' with an undefined type and declared properties is a bit ambiguous. This has been auto-corrected to 'type:object'

WARNING (PreCheck/SchemaMissingType): The schema 'CloudError' with an undefined type and declared properties is a bit ambiguous. This has been auto-corrected to 'type:object'

WARNING (PreCheck/SchemaMissingType): The schema 'CloudErrorBody' with an undefined type and declared properties is a bit ambiguous. This has been auto-corrected to 'type:object'

WARNING (PreCheck/CheckDuplicateSchemas): Checking for duplicate schemas, this could take a (long) while.  Run with --verbose for more detail.
VERBOSE [5.31 s]: Found and removed 0 duplicate schema
DEBUG [5.6 s]: prechecker - END [0.38 s][99 MB]
DEBUG [5.6 s]: modelerfour - START inputs = 2
VERBOSE [5.68 s]:   ModelerFour/api-version-mode:client
VERBOSE [5.68 s]:   ModelerFour/api-version-parameter:constant
VERBOSE [5.68 s]:   ModelerFour/use-model-namespace:false

WARNING (UnkownSecurityScheme): Security scheme azure_auth is unknown and will not be processed. Only supported types are AADToken,AzureKey,Anonymous
DEBUG [5.97 s]: modelerfour - END [0.36 s][106 MB]
DEBUG [5.97 s]: modelerfour/new-transform - START inputs = 2
DEBUG [5.97 s]: modelerfour/new-transform - END [0 s][106 MB]
DEBUG [5.97 s]: modelerfour/flattener - START inputs = 2
DEBUG [6.14 s]: modelerfour/flattener - END [0.16 s][112 MB]
DEBUG [6.14 s]: modelerfour/flattener/new-transform - START inputs = 2
DEBUG [6.14 s]: modelerfour/flattener/new-transform - END [0 s][112 MB]
DEBUG [6.14 s]: modelerfour/grouper - START inputs = 2
DEBUG [6.27 s]: modelerfour/grouper - END [0.13 s][102 MB]
DEBUG [6.27 s]: modelerfour/grouper/new-transform - START inputs = 2
DEBUG [6.27 s]: modelerfour/grouper/new-transform - END [0 s][102 MB]
DEBUG [6.27 s]: modelerfour/pre-namer - START inputs = 2
DEBUG [6.46 s]: modelerfour/pre-namer - END [0.18 s][108 MB]
DEBUG [6.46 s]: modelerfour/pre-namer/new-transform - START inputs = 2
DEBUG [6.46 s]: modelerfour/pre-namer/new-transform - END [0 s][108 MB]
DEBUG [6.46 s]: modelerfour/checker - START inputs = 4
DEBUG [6.58 s]: modelerfour/checker - END [0.12 s][115 MB]
DEBUG [6.59 s]: modelerfour/identity - START inputs = 2
DEBUG [6.59 s]: modelerfour/identity - END [0 s][115 MB]
DEBUG [6.59 s]: bicep - START inputs = 2
DEBUG [6.59 s]: modelerfour/emitter - START inputs = 2
DEBUG [6.59 s]: modelerfour/notags/emitter - START inputs = 2
DEBUG [6.59 s]: modelerfour/emitter - END [0 s][115 MB]
DEBUG [6.59 s]: modelerfour/notags/emitter - END [0 s][115 MB]
INFORMATION: autorest.bicep took 9ms
DEBUG [6.69 s]: bicep - END [0.1 s][117 MB]
DEBUG [6.69 s]: bicep/emitter - START inputs = 2
DEBUG [6.69 s]: Emitting 'bicep-files' at file:///tmp/_bcp_1625795651387/resourcemover/microsoft.migrate/2019-10-01-preview/types.json
DEBUG [6.69 s]: Emitting 'bicep-files' at file:///tmp/_bcp_1625795651387/resourcemover/microsoft.migrate/2019-10-01-preview/types.md
DEBUG [6.69 s]: bicep/emitter - END [0 s][118 MB]
Processing batch task - {"tag":"microsoft.migrate-2021-01-01"} .
VERBOSE [6.7 s]: > Including configuration file 'file:///home/runner/work/bicep-types-az/bicep-types-az/workflow-temp/azure-rest-api-specs/specification/resourcemover/resource-manager/readme.bicep.md'
VERBOSE [6.71 s]: > Initial configuration file 'file:///home/runner/work/bicep-types-az/bicep-types-az/workflow-temp/azure-rest-api-specs/specification/resourcemover/resource-manager/readme.md'
VERBOSE [6.71 s]: > Including configuration file 'file:///home/runner/work/bicep-types-az/bicep-types-az/workflow-temp/azure-rest-api-specs/specification/resourcemover/resource-manager/readme.md'
VERBOSE [6.71 s]: > Including configuration file 'file:///home/runner/.autorest/@autorest_core@3.5.0-ci.b8e3f92c0/node_modules/@autorest/core/dist/resources/default-configuration.md'
VERBOSE [6.72 s]: > Including configuration file 'file:///home/runner/.autorest/@autorest_core@3.5.0-ci.b8e3f92c0/node_modules/@autorest/core/dist/resources/inspect.md'
VERBOSE [6.73 s]: > Including configuration file 'file:///home/runner/.autorest/@autorest_core@3.5.0-ci.b8e3f92c0/node_modules/@autorest/core/dist/resources/directives.md'
VERBOSE [6.75 s]: > Including configuration file 'file:///home/runner/.autorest/@autorest_core@3.5.0-ci.b8e3f92c0/node_modules/@autorest/core/dist/resources/pipeline.md'
VERBOSE [6.76 s]: > Including configuration file 'file:///home/runner/.autorest/@autorest_core@3.5.0-ci.b8e3f92c0/node_modules/@autorest/core/dist/resources/loader-openapi.md'
VERBOSE [6.77 s]: > Including configuration file 'file:///home/runner/.autorest/@autorest_core@3.5.0-ci.b8e3f92c0/node_modules/@autorest/core/dist/resources/miscellaneous.md'
VERBOSE [6.78 s]: > Including configuration file 'file:///home/runner/.autorest/@autorest_core@3.5.0-ci.b8e3f92c0/node_modules/@autorest/core/dist/resources/plugin-powershell.md'
VERBOSE [6.79 s]: > Including configuration file 'file:///home/runner/.autorest/@autorest_core@3.5.0-ci.b8e3f92c0/node_modules/@autorest/core/dist/resources/plugin-azureresourceschema.md'
VERBOSE [6.8 s]: > Including configuration file 'file:///home/runner/.autorest/@autorest_core@3.5.0-ci.b8e3f92c0/node_modules/@autorest/core/dist/resources/plugin-csharp.md'
VERBOSE [6.82 s]: > Including configuration file 'file:///home/runner/.autorest/@autorest_core@3.5.0-ci.b8e3f92c0/node_modules/@autorest/core/dist/resources/plugin-go.md'
VERBOSE [6.83 s]: > Including configuration file 'file:///home/runner/.autorest/@autorest_core@3.5.0-ci.b8e3f92c0/node_modules/@autorest/core/dist/resources/plugin-java.md'
VERBOSE [6.85 s]: > Including configuration file 'file:///home/runner/.autorest/@autorest_core@3.5.0-ci.b8e3f92c0/node_modules/@autorest/core/dist/resources/plugin-nodejs.md'
VERBOSE [6.87 s]: > Including configuration file 'file:///home/runner/.autorest/@autorest_core@3.5.0-ci.b8e3f92c0/node_modules/@autorest/core/dist/resources/plugin-php.md'
VERBOSE [6.88 s]: > Including configuration file 'file:///home/runner/.autorest/@autorest_core@3.5.0-ci.b8e3f92c0/node_modules/@autorest/core/dist/resources/plugin-python.md'
VERBOSE [6.91 s]: > Including configuration file 'file:///home/runner/.autorest/@autorest_core@3.5.0-ci.b8e3f92c0/node_modules/@autorest/core/dist/resources/plugin-ruby.md'
VERBOSE [6.92 s]: > Including configuration file 'file:///home/runner/.autorest/@autorest_core@3.5.0-ci.b8e3f92c0/node_modules/@autorest/core/dist/resources/plugin-typescript.md'
VERBOSE [6.94 s]: > Including configuration file 'file:///home/runner/.autorest/@autorest_core@3.5.0-ci.b8e3f92c0/node_modules/@autorest/core/dist/resources/plugin-validators.md'
VERBOSE [6.96 s]: > Including configuration file 'file:///home/runner/.autorest/@autorest_core@3.5.0-ci.b8e3f92c0/node_modules/@autorest/core/dist/resources/plugin-az.md'
VERBOSE [6.98 s]: > Including configuration file 'file:///home/runner/.autorest/@autorest_core@3.5.0-ci.b8e3f92c0/node_modules/@autorest/core/dist/resources/plugin-terraform.md'
VERBOSE [7 s]: > Including configuration file 'file:///home/runner/.autorest/@autorest_core@3.5.0-ci.b8e3f92c0/node_modules/@autorest/core/dist/resources/plugin-azure-functions.md'
VERBOSE [7.02 s]: > Including configuration file 'file:///home/runner/.autorest/@autorest_core@3.5.0-ci.b8e3f92c0/node_modules/@autorest/core/dist/resources/graphs.md'
VERBOSE [7.04 s]: > Including configuration file 'file:///home/runner/.autorest/@autorest_core@3.5.0-ci.b8e3f92c0/node_modules/@autorest/core/dist/resources/help-configuration.md'
INFORMATION: > Loading local AutoRest extension '@autorest/bicep' (/home/runner/work/bicep-types-az/bicep-types-az/src/autorest.bicep)
VERBOSE [7.1 s]: > Including extension configuration file 'file:///home/runner/work/bicep-types-az/bicep-types-az/src/autorest.bicep/README.md'
VERBOSE [7.1 s]: > Including configuration file 'file:///home/runner/work/bicep-types-az/bicep-types-az/src/autorest.bicep/README.md'
INFORMATION: > Loading AutoRest extension '@autorest/modelerfour' (https://tinyurl.com/yhlkz69y->4.20.0-ci.b8e3f92c0)
VERBOSE [7.72 s]: > Including extension configuration file 'file:///home/runner/.autorest/@autorest_modelerfour@4.20.0-ci.b8e3f92c0/node_modules/@autorest/modelerfour/readme.md'
VERBOSE [7.72 s]: > Including configuration file 'file:///home/runner/.autorest/@autorest_modelerfour@4.20.0-ci.b8e3f92c0/node_modules/@autorest/modelerfour/readme.md'
DEBUG [8 s]: swagger-document/loader-swagger - START inputs = 0
DEBUG [8 s]: openapi-document/loader-openapi - START inputs = 0
DEBUG [8 s]: pipeline-emitter - START inputs = 0
DEBUG [8 s]: configuration-emitter - START inputs = 0
DEBUG [8 s]: pipeline-emitter - END [0.04 s][129 MB]
DEBUG [8 s]: configuration-emitter - END [0.04 s][129 MB]
VERBOSE [8.01 s]: Reading OpenAPI 2.0 file file:///home/runner/work/bicep-types-az/bicep-types-az/workflow-temp/azure-rest-api-specs/specification/resourcemover/resource-manager/Microsoft.Migrate/stable/2021-01-01/resourcemovercollection.json
DEBUG [8.01 s]: openapi-document/loader-openapi - END [0.05 s][137 MB]
DEBUG [8.09 s]: openapi-document/individual/transform - SKIPPING
DEBUG [8.09 s]: openapi-document/individual/schema-validator-openapi - SKIPPING
DEBUG [8.09 s]: openapi-document/individual/identity - SKIPPING
DEBUG [8.14 s]: swagger-document/loader-swagger - END [0.18 s][151 MB]
DEBUG [8.14 s]: swagger-document/individual/transform - START inputs = 1
DEBUG [8.25 s]: swagger-document/individual/transform - END [0.1 s][152 MB]
DEBUG [8.25 s]: swagger-document/individual/schema-validator-swagger - START inputs = 1
DEBUG [8.27 s]: swagger-document/individual/schema-validator-swagger - END [0 s][154 MB]
DEBUG [8.27 s]: swagger-document/identity - START inputs = 1
DEBUG [8.27 s]: swagger-document/individual/identity - START inputs = 1
DEBUG [8.27 s]: swagger-document/identity - END [0 s][154 MB]
DEBUG [8.27 s]: swagger-document/individual/identity - END [0 s][154 MB]
DEBUG [8.28 s]: openapi-document/openapi-document-converter - START inputs = 1
DEBUG [8.33 s]: openapi-document/openapi-document-converter - END [0.05 s][155 MB]
DEBUG [8.33 s]: openapi-document/transform - START inputs = 1
DEBUG [8.34 s]: openapi-document/transform - END [0 s][161 MB]
DEBUG [8.35 s]: openapi-document/semantic-validator - START inputs = 1
WARNING: Semantic validation was skipped.
DEBUG [8.35 s]: openapi-document/semantic-validator - END [0 s][161 MB]
DEBUG [8.35 s]: openapi-document/allof-cleaner - START inputs = 1
DEBUG [8.35 s]: openapi-document/allof-cleaner - END [0 s][162 MB]
DEBUG [8.35 s]: openapi-document/tree-shaker - START inputs = 1
DEBUG [8.44 s]: openapi-document/tree-shaker - END [0.08 s][164 MB]
DEBUG [8.44 s]: openapi-document/multi-api-merger - START inputs = 1
DEBUG [8.55 s]: openapi-document/multi-api-merger - END [0.11 s][188 MB]
DEBUG [8.56 s]: openapi-document/components-cleaner - START inputs = 1
DEBUG [8.7 s]: openapi-document/components-cleaner - END [0.14 s][196 MB]
DEBUG [8.7 s]: openapi-document/component-modifiers - START inputs = 1
DEBUG [8.72 s]: openapi-document/component-modifiers - END [0.02 s][211 MB]
DEBUG [8.73 s]: openapi-document/api-version-parameter-handler - START inputs = 1
DEBUG [8.73 s]: openapi-document/api-version-parameter-handler - END [0 s][202 MB]
DEBUG [8.73 s]: openapi-document/profile-filter - START inputs = 1
DEBUG [8.73 s]: openapi-document/profile-filter - END [0 s][202 MB]
DEBUG [8.73 s]: openapi-document/model-deduplicator - START inputs = 1
DEBUG [8.73 s]: openapi-document/emitter - START inputs = 1
DEBUG [8.73 s]: openapi-document/model-deduplicator - END [0 s][202 MB]
DEBUG [8.73 s]: openapi-document/emitter - END [0 s][202 MB]
DEBUG [8.73 s]: openapi-document/enum-deduplicator - START inputs = 1
DEBUG [8.89 s]: openapi-document/enum-deduplicator - END [0.16 s][216 MB]
DEBUG [8.89 s]: openapi-document/subset-reducer - START inputs = 1
DEBUG [8.89 s]: openapi-document/subset-reducer - END [0 s][216 MB]
DEBUG [8.89 s]: openapi-document/quick-check - START inputs = 1
DEBUG [8.89 s]: openapi-document/multi-api/reset-identity - START inputs = 1
DEBUG [8.92 s]: openapi-document/quick-check - END [0.02 s][231 MB]
DEBUG [8.92 s]: openapi-document/multi-api/reset-identity - END [0.02 s][231 MB]
DEBUG [8.92 s]: openapi-document/multi-api/identity - START inputs = 1
DEBUG [8.92 s]: openapi-document/multi-api/identity - END [0 s][221 MB]
DEBUG [8.92 s]: openapi-document/multi-api/emitter - START inputs = 1
DEBUG [8.92 s]: prechecker - START inputs = 1
DEBUG [8.92 s]: openapi-document/multi-api/emitter - END [0 s][221 MB]

WARNING (PreCheck/SchemaMissingType): The schema 'MoveResourceProperties-moveStatus' with an undefined type and 'allOf'/'anyOf'/'oneOf' is a bit ambiguous. This has been auto-corrected to 'type:object'

WARNING (PreCheck/SchemaMissingType): The schema 'MoveResourceProperties-errors' with an undefined type and 'allOf'/'anyOf'/'oneOf' is a bit ambiguous. This has been auto-corrected to 'type:object'

WARNING (PreCheck/SchemaMissingType): The schema 'MoveCollectionProperties-errors' with an undefined type and 'allOf'/'anyOf'/'oneOf' is a bit ambiguous. This has been auto-corrected to 'type:object'

WARNING (PreCheck/SchemaMissingType): The schema 'MoveResourceFilter' with an undefined type and declared properties is a bit ambiguous. This has been auto-corrected to 'type:object'

WARNING (PreCheck/SchemaMissingType): The schema 'MoveResourceFilterProperties' with an undefined type and declared properties is a bit ambiguous. This has been auto-corrected to 'type:object'

WARNING (PreCheck/SchemaMissingType): The schema 'UnresolvedDependenciesFilter' with an undefined type and declared properties is a bit ambiguous. This has been auto-corrected to 'type:object'

WARNING (PreCheck/SchemaMissingType): The schema 'UnresolvedDependenciesFilterProperties' with an undefined type and declared properties is a bit ambiguous. This has been auto-corrected to 'type:object'

WARNING (PreCheck/SchemaMissingType): The schema 'MoveResourceError' with an undefined type and declared properties is a bit ambiguous. This has been auto-corrected to 'type:object'

WARNING (PreCheck/SchemaMissingType): The schema 'MoveResourceErrorBody' with an undefined type and declared properties is a bit ambiguous. This has been auto-corrected to 'type:object'

WARNING (PreCheck/SchemaMissingType): The schema 'CloudError' with an undefined type and declared properties is a bit ambiguous. This has been auto-corrected to 'type:object'

WARNING (PreCheck/SchemaMissingType): The schema 'CloudErrorBody' with an undefined type and declared properties is a bit ambiguous. This has been auto-corrected to 'type:object'

WARNING (PreCheck/CheckDuplicateSchemas): Checking for duplicate schemas, this could take a (long) while.  Run with --verbose for more detail.
VERBOSE [8.95 s]: Found and removed 0 duplicate schema
DEBUG [9.02 s]: prechecker - END [0.09 s][228 MB]
DEBUG [9.02 s]: modelerfour - START inputs = 2
VERBOSE [9.06 s]:   ModelerFour/api-version-mode:client
VERBOSE [9.06 s]:   ModelerFour/api-version-parameter:constant
VERBOSE [9.06 s]:   ModelerFour/use-model-namespace:false

WARNING (UnkownSecurityScheme): Security scheme azure_auth is unknown and will not be processed. Only supported types are AADToken,AzureKey,Anonymous
DEBUG [9.3 s]: modelerfour - END [0.27 s][235 MB]
DEBUG [9.3 s]: modelerfour/new-transform - START inputs = 2
DEBUG [9.3 s]: modelerfour/new-transform - END [0 s][235 MB]
DEBUG [9.3 s]: modelerfour/flattener - START inputs = 2
DEBUG [9.42 s]: modelerfour/flattener - END [0.12 s][241 MB]
DEBUG [9.42 s]: modelerfour/flattener/new-transform - START inputs = 2
DEBUG [9.42 s]: modelerfour/flattener/new-transform - END [0 s][241 MB]
DEBUG [9.42 s]: modelerfour/grouper - START inputs = 2
DEBUG [9.56 s]: modelerfour/grouper - END [0.13 s][230 MB]
DEBUG [9.56 s]: modelerfour/grouper/new-transform - START inputs = 2
DEBUG [9.56 s]: modelerfour/grouper/new-transform - END [0 s][230 MB]
DEBUG [9.56 s]: modelerfour/pre-namer - START inputs = 2
DEBUG [9.72 s]: modelerfour/pre-namer - END [0.16 s][236 MB]
DEBUG [9.72 s]: modelerfour/pre-namer/new-transform - START inputs = 2
DEBUG [9.72 s]: modelerfour/pre-namer/new-transform - END [0 s][236 MB]
DEBUG [9.72 s]: modelerfour/checker - START inputs = 4
DEBUG [9.85 s]: modelerfour/checker - END [0.12 s][243 MB]
DEBUG [9.85 s]: modelerfour/identity - START inputs = 2
DEBUG [9.85 s]: modelerfour/identity - END [0 s][243 MB]
DEBUG [9.85 s]: bicep - START inputs = 2
DEBUG [9.85 s]: modelerfour/emitter - START inputs = 2
DEBUG [9.85 s]: modelerfour/notags/emitter - START inputs = 2
DEBUG [9.85 s]: modelerfour/emitter - END [0 s][243 MB]
DEBUG [9.85 s]: modelerfour/notags/emitter - END [0 s][243 MB]
INFORMATION: autorest.bicep took 5ms
DEBUG [9.9 s]: bicep - END [0.05 s][245 MB]
DEBUG [9.9 s]: bicep/emitter - START inputs = 2
DEBUG [9.9 s]: Emitting 'bicep-files' at file:///tmp/_bcp_1625795651387/resourcemover/microsoft.migrate/2021-01-01/types.json
DEBUG [9.91 s]: Emitting 'bicep-files' at file:///tmp/_bcp_1625795651387/resourcemover/microsoft.migrate/2021-01-01/types.md
DEBUG [9.91 s]: bicep/emitter - END [0 s][245 MB]
[9.91 s] Clearing Folders.
[9.91 s] Writing Outputs.
[9.91 s] Generation Complete
[9.91 s] Shutting Down.
[9.91 s] Exiting.
