
WARNING: AutoRest has not been tested with Node versions greater than v14.

AutoRest code generation utility [cli version: 3.4.2; node: v16.13.0]
(C) 2018 Microsoft Corporation.
https://aka.ms/autorest
info    |    Loading AutoRest core      '/home/runner/work/bicep-types-az/bicep-types-az/src/generator/node_modules/@autorest/core/dist' (3.6.6)
info    |    Loading local AutoRest extension '@autorest/bicep' (/home/runner/work/bicep-types-az/bicep-types-az/src/autorest.bicep)
info    |    Loading AutoRest extension '@autorest/modelerfour' (*->4.22.3)
info    | Processing batch task - {"tag":"microsoft.datacatalog-2016-03-30"} .
info    |    Loading local AutoRest extension '@autorest/bicep' (/home/runner/work/bicep-types-az/bicep-types-az/src/autorest.bicep)
info    |    Loading AutoRest extension '@autorest/modelerfour' (*->4.22.3)
warning | SkippedSemanticValidation | Semantic validation was skipped.
warning | PreCheck/SchemaMissingType | The schema 'ADCCatalogsListResult' with an undefined type and declared properties is a bit ambiguous. This has been auto-corrected to 'type:object'
    - openapi-document.json:31:4
warning | PreCheck/SchemaMissingType | The schema 'Resource' with an undefined type and declared properties is a bit ambiguous. This has been auto-corrected to 'type:object'
    - openapi-document.json:73:4
warning | PreCheck/SchemaMissingType | The schema 'ADCCatalog' with an undefined type and declared properties is a bit ambiguous. This has been auto-corrected to 'type:object'
    - openapi-document.json:254:4
warning | PreCheck/SchemaMissingType | The schema 'ADCCatalogProperties' with an undefined type and declared properties is a bit ambiguous. This has been auto-corrected to 'type:object'
    - openapi-document.json:282:4
warning | PreCheck/SchemaMissingType | The schema 'Principals' with an undefined type and declared properties is a bit ambiguous. This has been auto-corrected to 'type:object'
    - openapi-document.json:385:4
warning | PreCheck/CheckDuplicateSchemas | Checking for duplicate schemas, this could take a (long) while.  Run with --verbose for more detail.
info    | autorest.bicep took 7ms
info    | Generation Complete
