
Executing: autorest --use=/home/runner/work/bicep-types-az/bicep-types-az/src/autorest.bicep --azureresourceschema --output-folder=/tmp/_bcp_1617633171346/powerplatform --multiapi --title=none /home/runner/work/bicep-types-az/bicep-types-az/workflow-temp/azure-rest-api-specs/specification/powerplatform/resource-manager/readme.md
AutoRest code generation utility [cli version: 3.1.4; node: v14.16.0, max-memory: 2048 MB]
(C) 2018 Microsoft Corporation.
https://aka.ms/autorest
   Loading AutoRest core      '/home/runner/work/bicep-types-az/bicep-types-az/src/generator/node_modules/@autorest/core/dist' (3.2.4)
INFORMATION: > Loading local AutoRest extension '@autorest/azureresourceschema' (/home/runner/work/bicep-types-az/bicep-types-az/src/autorest.bicep)
INFORMATION: > Loading AutoRest extension '@autorest/modelerfour' (4.16.2->4.16.2)
Processing batch task - {"tag":"schema-powerplatform-2020-10-30-preview"} .
INFORMATION: > Loading local AutoRest extension '@autorest/azureresourceschema' (/home/runner/work/bicep-types-az/bicep-types-az/src/autorest.bicep)
INFORMATION: > Loading AutoRest extension '@autorest/modelerfour' (4.16.2->4.16.2)

WARNING (PreCheck/SchemaMissingType): The schema 'keyProperties' with an undefined type and decalared properties is a bit ambigious. This has been auto-corrected to 'type:object'

WARNING (PreCheck/SchemaMissingType): The schema 'EnterprisePolicyList' with an undefined type and decalared properties is a bit ambigious. This has been auto-corrected to 'type:object'

WARNING (PreCheck/SchemaMissingType): The schema 'Resource' with an undefined type and decalared properties is a bit ambigious. This has been auto-corrected to 'type:object'

WARNING (PreCheck/SchemaMissingType): The schema 'TrackedResource' with an undefined type and decalared properties is a bit ambigious. This has been auto-corrected to 'type:object'

WARNING (PreCheck/SchemaMissingType): The schema 'ProxyResource' with an undefined type and 'allOf'/'anyOf'/'oneOf' is a bit ambigious. This has been auto-corrected to 'type:object'

WARNING (PreCheck/SchemaMissingType): The schema 'ErrorDetail' with an undefined type and decalared properties is a bit ambigious. This has been auto-corrected to 'type:object'

WARNING (PreCheck/SchemaMissingType): The schema 'ErrorResponse' with an undefined type and decalared properties is a bit ambigious. This has been auto-corrected to 'type:object'

WARNING (PreCheck/SchemaMissingType): The schema 'ErrorAdditionalInfo' with an undefined type and decalared properties is a bit ambigious. This has been auto-corrected to 'type:object'

WARNING (PreCheck/SchemaMissingType): The schema 'Operation-display' with an undefined type and decalared properties is a bit ambigious. This has been auto-corrected to 'type:object'

WARNING (PreCheck/SchemaMissingType): The schema 'OperationListResult' with an undefined type and decalared properties is a bit ambigious. This has been auto-corrected to 'type:object'

WARNING (PreCheck/SchemaMissingType): The schema 'Resource' with an undefined type and decalared properties is a bit ambigious. This has been auto-corrected to 'type:object'

WARNING (PreCheck/SchemaMissingType): The schema 'PrivateEndpoint' with an undefined type and decalared properties is a bit ambigious. This has been auto-corrected to 'type:object'

WARNING (PreCheck/SchemaMissingType): The schema 'PrivateEndpointConnectionProperties' with an undefined type and decalared properties is a bit ambigious. This has been auto-corrected to 'type:object'

WARNING (PreCheck/SchemaMissingType): The schema 'PrivateLinkServiceConnectionState' with an undefined type and decalared properties is a bit ambigious. This has been auto-corrected to 'type:object'

WARNING (PreCheck/SchemaMissingType): The schema 'PrivateLinkResource' with an undefined type and decalared properties is a bit ambigious. This has been auto-corrected to 'type:object'

WARNING (PreCheck/SchemaMissingType): The schema 'PrivateLinkResourceProperties' with an undefined type and decalared properties is a bit ambigious. This has been auto-corrected to 'type:object'

WARNING (PreCheck/SchemaMissingType): The schema 'PrivateLinkResourceListResult' with an undefined type and decalared properties is a bit ambigious. This has been auto-corrected to 'type:object'

WARNING (PreCheck/CheckDuplicateSchemas): Checking for duplicate schemas, this could take a (long) while.  Run with --verbose for more detail.

WARNING (PreCheck/DuplicateSchema): Duplicate Schema named PrivateLinkResourceListResult -- properties.value.$ref: undefined => "#/components/schemas/schemas:238" 

WARNING (PreCheck/DuplicateSchema): Duplicate Schema named PrivateLinkResource -- properties.systemData: {"$ref":"#/components/schemas/schemas:111","description":"Metadata pertaining to creation and last modification of the resource."} => <none>,allOf.0.$ref: undefined => "#/components/schemas/schemas:38" 

WARNING (PreNamer/DeduplicateName): Deduplicating schema name: 'PrivateLinkResourceListResult' -> 'PrivateLinkResourceListResultAutoGenerated'

WARNING (PreNamer/DeduplicateName): Deduplicating schema name: 'PrivateLinkResource' -> 'PrivateLinkResourceAutoGenerated'
INFORMATION: Resource type microsoft.powerplatform/enterprisepolicies/subnets under path '/subscriptions/{subscriptionId}/resourceGroups/{resourceGroupName}/providers/Microsoft.PowerPlatform/enterprisePolicies/{enterprisePolicyName}/subnets/{subnetName}' has no body defined.
INFORMATION: Autorest.AzureResourceSchema took 10ms
Processing batch task - {"tag":"schema-powerplatform-2020-10-30-preview"} .
INFORMATION: > Loading local AutoRest extension '@autorest/azureresourceschema' (/home/runner/work/bicep-types-az/bicep-types-az/src/autorest.bicep)
INFORMATION: > Loading AutoRest extension '@autorest/modelerfour' (4.16.2->4.16.2)

WARNING (PreCheck/SchemaMissingType): The schema 'keyProperties' with an undefined type and decalared properties is a bit ambigious. This has been auto-corrected to 'type:object'

WARNING (PreCheck/SchemaMissingType): The schema 'EnterprisePolicyList' with an undefined type and decalared properties is a bit ambigious. This has been auto-corrected to 'type:object'

WARNING (PreCheck/SchemaMissingType): The schema 'Resource' with an undefined type and decalared properties is a bit ambigious. This has been auto-corrected to 'type:object'

WARNING (PreCheck/SchemaMissingType): The schema 'TrackedResource' with an undefined type and decalared properties is a bit ambigious. This has been auto-corrected to 'type:object'

WARNING (PreCheck/SchemaMissingType): The schema 'ProxyResource' with an undefined type and 'allOf'/'anyOf'/'oneOf' is a bit ambigious. This has been auto-corrected to 'type:object'

WARNING (PreCheck/SchemaMissingType): The schema 'ErrorDetail' with an undefined type and decalared properties is a bit ambigious. This has been auto-corrected to 'type:object'

WARNING (PreCheck/SchemaMissingType): The schema 'ErrorResponse' with an undefined type and decalared properties is a bit ambigious. This has been auto-corrected to 'type:object'

WARNING (PreCheck/SchemaMissingType): The schema 'ErrorAdditionalInfo' with an undefined type and decalared properties is a bit ambigious. This has been auto-corrected to 'type:object'

WARNING (PreCheck/SchemaMissingType): The schema 'Operation-display' with an undefined type and decalared properties is a bit ambigious. This has been auto-corrected to 'type:object'

WARNING (PreCheck/SchemaMissingType): The schema 'OperationListResult' with an undefined type and decalared properties is a bit ambigious. This has been auto-corrected to 'type:object'

WARNING (PreCheck/SchemaMissingType): The schema 'Resource' with an undefined type and decalared properties is a bit ambigious. This has been auto-corrected to 'type:object'

WARNING (PreCheck/SchemaMissingType): The schema 'PrivateEndpoint' with an undefined type and decalared properties is a bit ambigious. This has been auto-corrected to 'type:object'

WARNING (PreCheck/SchemaMissingType): The schema 'PrivateEndpointConnectionProperties' with an undefined type and decalared properties is a bit ambigious. This has been auto-corrected to 'type:object'

WARNING (PreCheck/SchemaMissingType): The schema 'PrivateLinkServiceConnectionState' with an undefined type and decalared properties is a bit ambigious. This has been auto-corrected to 'type:object'

WARNING (PreCheck/SchemaMissingType): The schema 'PrivateLinkResource' with an undefined type and decalared properties is a bit ambigious. This has been auto-corrected to 'type:object'

WARNING (PreCheck/SchemaMissingType): The schema 'PrivateLinkResourceProperties' with an undefined type and decalared properties is a bit ambigious. This has been auto-corrected to 'type:object'

WARNING (PreCheck/SchemaMissingType): The schema 'PrivateLinkResourceListResult' with an undefined type and decalared properties is a bit ambigious. This has been auto-corrected to 'type:object'

WARNING (PreCheck/CheckDuplicateSchemas): Checking for duplicate schemas, this could take a (long) while.  Run with --verbose for more detail.

WARNING (PreCheck/DuplicateSchema): Duplicate Schema named PrivateLinkResourceListResult -- properties.value.$ref: undefined => "#/components/schemas/schemas:238" 

WARNING (PreCheck/DuplicateSchema): Duplicate Schema named PrivateLinkResource -- properties.systemData: {"$ref":"#/components/schemas/schemas:111","description":"Metadata pertaining to creation and last modification of the resource."} => <none>,allOf.0.$ref: undefined => "#/components/schemas/schemas:38" 

WARNING (PreNamer/DeduplicateName): Deduplicating schema name: 'PrivateLinkResourceListResult' -> 'PrivateLinkResourceListResultAutoGenerated'

WARNING (PreNamer/DeduplicateName): Deduplicating schema name: 'PrivateLinkResource' -> 'PrivateLinkResourceAutoGenerated'
INFORMATION: Resource type microsoft.powerplatform/enterprisepolicies/subnets under path '/subscriptions/{subscriptionId}/resourceGroups/{resourceGroupName}/providers/Microsoft.PowerPlatform/enterprisePolicies/{enterprisePolicyName}/subnets/{subnetName}' has no body defined.
INFORMATION: Autorest.AzureResourceSchema took 4ms
[9.09 s] Generation Complete
