Executing: autorest --use=/home/runner/work/bicep-types-az/bicep-types-az/src/autorest.bicep --bicep --output-folder=/tmp/_bcp_1625795651387/confluent --multiapi --title=none --skip-semantics-validation /home/runner/work/bicep-types-az/bicep-types-az/workflow-temp/azure-rest-api-specs/specification/confluent/resource-manager/readme.md --debug --verbose
AutoRest code generation utility [cli version: 3.2.1; node: v14.17.1, max-memory: 4096 MB]
(C) 2018 Microsoft Corporation.
https://aka.ms/autorest
No configuration found at 'file:///home/runner/work/bicep-types-az/bicep-types-az/src/generator/src/cmd/'.
> Including configuration file 'file:///home/runner/work/bicep-types-az/bicep-types-az/src/generator/node_modules/autorest/dist/resources/default-configuration.md'
> Including configuration file 'file:///home/runner/work/bicep-types-az/bicep-types-az/src/generator/node_modules/autorest/dist/resources/inspect.md'
> Including configuration file 'file:///home/runner/work/bicep-types-az/bicep-types-az/src/generator/node_modules/autorest/dist/resources/directives.md'
> Including configuration file 'file:///home/runner/work/bicep-types-az/bicep-types-az/src/generator/node_modules/autorest/dist/resources/pipeline.md'
> Including configuration file 'file:///home/runner/work/bicep-types-az/bicep-types-az/src/generator/node_modules/autorest/dist/resources/loader-openapi.md'
> Including configuration file 'file:///home/runner/work/bicep-types-az/bicep-types-az/src/generator/node_modules/autorest/dist/resources/miscellaneous.md'
> Including configuration file 'file:///home/runner/work/bicep-types-az/bicep-types-az/src/generator/node_modules/autorest/dist/resources/plugin-powershell.md'
> Including configuration file 'file:///home/runner/work/bicep-types-az/bicep-types-az/src/generator/node_modules/autorest/dist/resources/plugin-azureresourceschema.md'
> Including configuration file 'file:///home/runner/work/bicep-types-az/bicep-types-az/src/generator/node_modules/autorest/dist/resources/plugin-csharp.md'
> Including configuration file 'file:///home/runner/work/bicep-types-az/bicep-types-az/src/generator/node_modules/autorest/dist/resources/plugin-go.md'
> Including configuration file 'file:///home/runner/work/bicep-types-az/bicep-types-az/src/generator/node_modules/autorest/dist/resources/plugin-java.md'
> Including configuration file 'file:///home/runner/work/bicep-types-az/bicep-types-az/src/generator/node_modules/autorest/dist/resources/plugin-nodejs.md'
> Including configuration file 'file:///home/runner/work/bicep-types-az/bicep-types-az/src/generator/node_modules/autorest/dist/resources/plugin-php.md'
> Including configuration file 'file:///home/runner/work/bicep-types-az/bicep-types-az/src/generator/node_modules/autorest/dist/resources/plugin-python.md'
> Including configuration file 'file:///home/runner/work/bicep-types-az/bicep-types-az/src/generator/node_modules/autorest/dist/resources/plugin-ruby.md'
> Including configuration file 'file:///home/runner/work/bicep-types-az/bicep-types-az/src/generator/node_modules/autorest/dist/resources/plugin-typescript.md'
> Including configuration file 'file:///home/runner/work/bicep-types-az/bicep-types-az/src/generator/node_modules/autorest/dist/resources/plugin-validators.md'
> Including configuration file 'file:///home/runner/work/bicep-types-az/bicep-types-az/src/generator/node_modules/autorest/dist/resources/plugin-az.md'
> Including configuration file 'file:///home/runner/work/bicep-types-az/bicep-types-az/src/generator/node_modules/autorest/dist/resources/plugin-terraform.md'
> Including configuration file 'file:///home/runner/work/bicep-types-az/bicep-types-az/src/generator/node_modules/autorest/dist/resources/plugin-azure-functions.md'
> Including configuration file 'file:///home/runner/work/bicep-types-az/bicep-types-az/src/generator/node_modules/autorest/dist/resources/graphs.md'
> Including configuration file 'file:///home/runner/work/bicep-types-az/bicep-types-az/src/generator/node_modules/autorest/dist/resources/help-configuration.md'
> Loading local AutoRest extension '@autorest/bicep' (/home/runner/work/bicep-types-az/bicep-types-az/src/autorest.bicep)
> Including extension configuration file 'file:///home/runner/work/bicep-types-az/bicep-types-az/src/autorest.bicep/README.md'
> Including configuration file 'file:///home/runner/work/bicep-types-az/bicep-types-az/src/autorest.bicep/README.md'
> Loading AutoRest extension '@autorest/modelerfour' (https://tinyurl.com/yhlkz69y->4.20.0-ci.b8e3f92c0)
> Including extension configuration file 'file:///home/runner/.autorest/@autorest_modelerfour@4.20.0-ci.b8e3f92c0/node_modules/@autorest/modelerfour/readme.md'
> Including configuration file 'file:///home/runner/.autorest/@autorest_modelerfour@4.20.0-ci.b8e3f92c0/node_modules/@autorest/modelerfour/readme.md'
NOTE: AutoRest core version selected from configuration: https://tinyurl.com/yfjyy27f.
Network Enabled: true

There is a new version of AutoRest available (3.2.3).
 > You can install the newer version with with npm install -g autorest@latest

Starting @autorest/core from /home/runner/.autorest/@autorest_core@3.5.0-ci.b8e3f92c0/node_modules/@autorest/core
   Loading AutoRest core      '/home/runner/.autorest/@autorest_core@3.5.0-ci.b8e3f92c0/node_modules/@autorest/core/dist' (3.5.0-ci.b8e3f92c0)
VERBOSE [0.69 s]: > Including configuration file 'file:///home/runner/work/bicep-types-az/bicep-types-az/workflow-temp/azure-rest-api-specs/specification/confluent/resource-manager/readme.bicep.md'
VERBOSE [0.7 s]: > Initial configuration file 'file:///home/runner/work/bicep-types-az/bicep-types-az/workflow-temp/azure-rest-api-specs/specification/confluent/resource-manager/readme.md'
VERBOSE [0.7 s]: > Including configuration file 'file:///home/runner/work/bicep-types-az/bicep-types-az/workflow-temp/azure-rest-api-specs/specification/confluent/resource-manager/readme.md'
VERBOSE [0.72 s]: > Including configuration file 'file:///home/runner/.autorest/@autorest_core@3.5.0-ci.b8e3f92c0/node_modules/@autorest/core/dist/resources/default-configuration.md'
VERBOSE [0.73 s]: > Including configuration file 'file:///home/runner/.autorest/@autorest_core@3.5.0-ci.b8e3f92c0/node_modules/@autorest/core/dist/resources/inspect.md'
VERBOSE [0.75 s]: > Including configuration file 'file:///home/runner/.autorest/@autorest_core@3.5.0-ci.b8e3f92c0/node_modules/@autorest/core/dist/resources/directives.md'
VERBOSE [0.76 s]: > Including configuration file 'file:///home/runner/.autorest/@autorest_core@3.5.0-ci.b8e3f92c0/node_modules/@autorest/core/dist/resources/pipeline.md'
VERBOSE [0.78 s]: > Including configuration file 'file:///home/runner/.autorest/@autorest_core@3.5.0-ci.b8e3f92c0/node_modules/@autorest/core/dist/resources/loader-openapi.md'
VERBOSE [0.79 s]: > Including configuration file 'file:///home/runner/.autorest/@autorest_core@3.5.0-ci.b8e3f92c0/node_modules/@autorest/core/dist/resources/miscellaneous.md'
VERBOSE [0.81 s]: > Including configuration file 'file:///home/runner/.autorest/@autorest_core@3.5.0-ci.b8e3f92c0/node_modules/@autorest/core/dist/resources/plugin-powershell.md'
VERBOSE [0.83 s]: > Including configuration file 'file:///home/runner/.autorest/@autorest_core@3.5.0-ci.b8e3f92c0/node_modules/@autorest/core/dist/resources/plugin-azureresourceschema.md'
VERBOSE [0.84 s]: > Including configuration file 'file:///home/runner/.autorest/@autorest_core@3.5.0-ci.b8e3f92c0/node_modules/@autorest/core/dist/resources/plugin-csharp.md'
VERBOSE [0.86 s]: > Including configuration file 'file:///home/runner/.autorest/@autorest_core@3.5.0-ci.b8e3f92c0/node_modules/@autorest/core/dist/resources/plugin-go.md'
VERBOSE [0.87 s]: > Including configuration file 'file:///home/runner/.autorest/@autorest_core@3.5.0-ci.b8e3f92c0/node_modules/@autorest/core/dist/resources/plugin-java.md'
VERBOSE [0.89 s]: > Including configuration file 'file:///home/runner/.autorest/@autorest_core@3.5.0-ci.b8e3f92c0/node_modules/@autorest/core/dist/resources/plugin-nodejs.md'
VERBOSE [0.91 s]: > Including configuration file 'file:///home/runner/.autorest/@autorest_core@3.5.0-ci.b8e3f92c0/node_modules/@autorest/core/dist/resources/plugin-php.md'
VERBOSE [0.93 s]: > Including configuration file 'file:///home/runner/.autorest/@autorest_core@3.5.0-ci.b8e3f92c0/node_modules/@autorest/core/dist/resources/plugin-python.md'
VERBOSE [0.95 s]: > Including configuration file 'file:///home/runner/.autorest/@autorest_core@3.5.0-ci.b8e3f92c0/node_modules/@autorest/core/dist/resources/plugin-ruby.md'
VERBOSE [0.97 s]: > Including configuration file 'file:///home/runner/.autorest/@autorest_core@3.5.0-ci.b8e3f92c0/node_modules/@autorest/core/dist/resources/plugin-typescript.md'
VERBOSE [0.99 s]: > Including configuration file 'file:///home/runner/.autorest/@autorest_core@3.5.0-ci.b8e3f92c0/node_modules/@autorest/core/dist/resources/plugin-validators.md'
VERBOSE [1.02 s]: > Including configuration file 'file:///home/runner/.autorest/@autorest_core@3.5.0-ci.b8e3f92c0/node_modules/@autorest/core/dist/resources/plugin-az.md'
VERBOSE [1.04 s]: > Including configuration file 'file:///home/runner/.autorest/@autorest_core@3.5.0-ci.b8e3f92c0/node_modules/@autorest/core/dist/resources/plugin-terraform.md'
VERBOSE [1.06 s]: > Including configuration file 'file:///home/runner/.autorest/@autorest_core@3.5.0-ci.b8e3f92c0/node_modules/@autorest/core/dist/resources/plugin-azure-functions.md'
VERBOSE [1.08 s]: > Including configuration file 'file:///home/runner/.autorest/@autorest_core@3.5.0-ci.b8e3f92c0/node_modules/@autorest/core/dist/resources/graphs.md'
VERBOSE [1.1 s]: > Including configuration file 'file:///home/runner/.autorest/@autorest_core@3.5.0-ci.b8e3f92c0/node_modules/@autorest/core/dist/resources/help-configuration.md'
INFORMATION: > Loading local AutoRest extension '@autorest/bicep' (/home/runner/work/bicep-types-az/bicep-types-az/src/autorest.bicep)
VERBOSE [1.18 s]: > Including extension configuration file 'file:///home/runner/work/bicep-types-az/bicep-types-az/src/autorest.bicep/README.md'
VERBOSE [1.18 s]: > Including configuration file 'file:///home/runner/work/bicep-types-az/bicep-types-az/src/autorest.bicep/README.md'
INFORMATION: > Loading AutoRest extension '@autorest/modelerfour' (https://tinyurl.com/yhlkz69y->4.20.0-ci.b8e3f92c0)
VERBOSE [2.16 s]: > Including extension configuration file 'file:///home/runner/.autorest/@autorest_modelerfour@4.20.0-ci.b8e3f92c0/node_modules/@autorest/modelerfour/readme.md'
VERBOSE [2.16 s]: > Including configuration file 'file:///home/runner/.autorest/@autorest_modelerfour@4.20.0-ci.b8e3f92c0/node_modules/@autorest/modelerfour/readme.md'
Processing batch task - {"tag":"microsoft.confluent-2020-03-01"} .
VERBOSE [2.38 s]: > Including configuration file 'file:///home/runner/work/bicep-types-az/bicep-types-az/workflow-temp/azure-rest-api-specs/specification/confluent/resource-manager/readme.bicep.md'
VERBOSE [2.38 s]: > Initial configuration file 'file:///home/runner/work/bicep-types-az/bicep-types-az/workflow-temp/azure-rest-api-specs/specification/confluent/resource-manager/readme.md'
VERBOSE [2.38 s]: > Including configuration file 'file:///home/runner/work/bicep-types-az/bicep-types-az/workflow-temp/azure-rest-api-specs/specification/confluent/resource-manager/readme.md'
VERBOSE [2.39 s]: > Including configuration file 'file:///home/runner/.autorest/@autorest_core@3.5.0-ci.b8e3f92c0/node_modules/@autorest/core/dist/resources/default-configuration.md'
VERBOSE [2.4 s]: > Including configuration file 'file:///home/runner/.autorest/@autorest_core@3.5.0-ci.b8e3f92c0/node_modules/@autorest/core/dist/resources/inspect.md'
VERBOSE [2.4 s]: > Including configuration file 'file:///home/runner/.autorest/@autorest_core@3.5.0-ci.b8e3f92c0/node_modules/@autorest/core/dist/resources/directives.md'
VERBOSE [2.42 s]: > Including configuration file 'file:///home/runner/.autorest/@autorest_core@3.5.0-ci.b8e3f92c0/node_modules/@autorest/core/dist/resources/pipeline.md'
VERBOSE [2.43 s]: > Including configuration file 'file:///home/runner/.autorest/@autorest_core@3.5.0-ci.b8e3f92c0/node_modules/@autorest/core/dist/resources/loader-openapi.md'
VERBOSE [2.44 s]: > Including configuration file 'file:///home/runner/.autorest/@autorest_core@3.5.0-ci.b8e3f92c0/node_modules/@autorest/core/dist/resources/miscellaneous.md'
VERBOSE [2.47 s]: > Including configuration file 'file:///home/runner/.autorest/@autorest_core@3.5.0-ci.b8e3f92c0/node_modules/@autorest/core/dist/resources/plugin-powershell.md'
VERBOSE [2.48 s]: > Including configuration file 'file:///home/runner/.autorest/@autorest_core@3.5.0-ci.b8e3f92c0/node_modules/@autorest/core/dist/resources/plugin-azureresourceschema.md'
VERBOSE [2.49 s]: > Including configuration file 'file:///home/runner/.autorest/@autorest_core@3.5.0-ci.b8e3f92c0/node_modules/@autorest/core/dist/resources/plugin-csharp.md'
VERBOSE [2.5 s]: > Including configuration file 'file:///home/runner/.autorest/@autorest_core@3.5.0-ci.b8e3f92c0/node_modules/@autorest/core/dist/resources/plugin-go.md'
VERBOSE [2.52 s]: > Including configuration file 'file:///home/runner/.autorest/@autorest_core@3.5.0-ci.b8e3f92c0/node_modules/@autorest/core/dist/resources/plugin-java.md'
VERBOSE [2.53 s]: > Including configuration file 'file:///home/runner/.autorest/@autorest_core@3.5.0-ci.b8e3f92c0/node_modules/@autorest/core/dist/resources/plugin-nodejs.md'
VERBOSE [2.54 s]: > Including configuration file 'file:///home/runner/.autorest/@autorest_core@3.5.0-ci.b8e3f92c0/node_modules/@autorest/core/dist/resources/plugin-php.md'
VERBOSE [2.56 s]: > Including configuration file 'file:///home/runner/.autorest/@autorest_core@3.5.0-ci.b8e3f92c0/node_modules/@autorest/core/dist/resources/plugin-python.md'
VERBOSE [2.58 s]: > Including configuration file 'file:///home/runner/.autorest/@autorest_core@3.5.0-ci.b8e3f92c0/node_modules/@autorest/core/dist/resources/plugin-ruby.md'
VERBOSE [2.59 s]: > Including configuration file 'file:///home/runner/.autorest/@autorest_core@3.5.0-ci.b8e3f92c0/node_modules/@autorest/core/dist/resources/plugin-typescript.md'
VERBOSE [2.61 s]: > Including configuration file 'file:///home/runner/.autorest/@autorest_core@3.5.0-ci.b8e3f92c0/node_modules/@autorest/core/dist/resources/plugin-validators.md'
VERBOSE [2.63 s]: > Including configuration file 'file:///home/runner/.autorest/@autorest_core@3.5.0-ci.b8e3f92c0/node_modules/@autorest/core/dist/resources/plugin-az.md'
VERBOSE [2.65 s]: > Including configuration file 'file:///home/runner/.autorest/@autorest_core@3.5.0-ci.b8e3f92c0/node_modules/@autorest/core/dist/resources/plugin-terraform.md'
VERBOSE [2.67 s]: > Including configuration file 'file:///home/runner/.autorest/@autorest_core@3.5.0-ci.b8e3f92c0/node_modules/@autorest/core/dist/resources/plugin-azure-functions.md'
VERBOSE [2.69 s]: > Including configuration file 'file:///home/runner/.autorest/@autorest_core@3.5.0-ci.b8e3f92c0/node_modules/@autorest/core/dist/resources/graphs.md'
VERBOSE [2.71 s]: > Including configuration file 'file:///home/runner/.autorest/@autorest_core@3.5.0-ci.b8e3f92c0/node_modules/@autorest/core/dist/resources/help-configuration.md'
INFORMATION: > Loading local AutoRest extension '@autorest/bicep' (/home/runner/work/bicep-types-az/bicep-types-az/src/autorest.bicep)
VERBOSE [2.78 s]: > Including extension configuration file 'file:///home/runner/work/bicep-types-az/bicep-types-az/src/autorest.bicep/README.md'
VERBOSE [2.78 s]: > Including configuration file 'file:///home/runner/work/bicep-types-az/bicep-types-az/src/autorest.bicep/README.md'
INFORMATION: > Loading AutoRest extension '@autorest/modelerfour' (https://tinyurl.com/yhlkz69y->4.20.0-ci.b8e3f92c0)
VERBOSE [3.37 s]: > Including extension configuration file 'file:///home/runner/.autorest/@autorest_modelerfour@4.20.0-ci.b8e3f92c0/node_modules/@autorest/modelerfour/readme.md'
VERBOSE [3.37 s]: > Including configuration file 'file:///home/runner/.autorest/@autorest_modelerfour@4.20.0-ci.b8e3f92c0/node_modules/@autorest/modelerfour/readme.md'
DEBUG [3.99 s]: swagger-document/loader-swagger - START inputs = 0
DEBUG [3.99 s]: openapi-document/loader-openapi - START inputs = 0
DEBUG [3.99 s]: pipeline-emitter - START inputs = 0
DEBUG [3.99 s]: configuration-emitter - START inputs = 0
DEBUG [3.99 s]: pipeline-emitter - END [0.05 s][83 MB]
DEBUG [3.99 s]: configuration-emitter - END [0.05 s][83 MB]
VERBOSE [4.02 s]: Reading OpenAPI 2.0 file file:///home/runner/work/bicep-types-az/bicep-types-az/workflow-temp/azure-rest-api-specs/specification/confluent/resource-manager/Microsoft.Confluent/stable/2020-03-01/confluent.json
DEBUG [4.02 s]: openapi-document/loader-openapi - END [0.08 s][86 MB]
DEBUG [4.06 s]: openapi-document/individual/transform - SKIPPING
DEBUG [4.06 s]: openapi-document/individual/schema-validator-openapi - SKIPPING
DEBUG [4.06 s]: openapi-document/individual/identity - SKIPPING
DEBUG [4.1 s]: swagger-document/loader-swagger - END [0.15 s][89 MB]
DEBUG [4.1 s]: swagger-document/individual/transform - START inputs = 1
DEBUG [4.15 s]: swagger-document/individual/transform - END [0.05 s][87 MB]
DEBUG [4.15 s]: swagger-document/individual/schema-validator-swagger - START inputs = 1
DEBUG [4.43 s]: swagger-document/individual/schema-validator-swagger - END [0.28 s][94 MB]
DEBUG [4.43 s]: swagger-document/identity - START inputs = 1
DEBUG [4.43 s]: swagger-document/individual/identity - START inputs = 1
DEBUG [4.43 s]: swagger-document/identity - END [0 s][94 MB]
DEBUG [4.43 s]: swagger-document/individual/identity - END [0 s][94 MB]
DEBUG [4.43 s]: openapi-document/openapi-document-converter - START inputs = 1
DEBUG [4.47 s]: openapi-document/openapi-document-converter - END [0.04 s][105 MB]
DEBUG [4.48 s]: openapi-document/transform - START inputs = 1
DEBUG [4.48 s]: openapi-document/transform - END [0 s][95 MB]
DEBUG [4.48 s]: openapi-document/semantic-validator - START inputs = 1
WARNING: Semantic validation was skipped.
DEBUG [4.48 s]: openapi-document/semantic-validator - END [0 s][95 MB]
DEBUG [4.48 s]: openapi-document/allof-cleaner - START inputs = 1
DEBUG [4.49 s]: openapi-document/allof-cleaner - END [0 s][95 MB]
DEBUG [4.49 s]: openapi-document/tree-shaker - START inputs = 1
DEBUG [4.54 s]: openapi-document/tree-shaker - END [0.05 s][98 MB]
DEBUG [4.54 s]: openapi-document/multi-api-merger - START inputs = 1
DEBUG [4.6 s]: openapi-document/multi-api-merger - END [0.05 s][109 MB]
DEBUG [4.6 s]: openapi-document/components-cleaner - START inputs = 1
DEBUG [4.66 s]: openapi-document/components-cleaner - END [0.06 s][114 MB]
DEBUG [4.66 s]: openapi-document/component-modifiers - START inputs = 1
DEBUG [4.67 s]: openapi-document/component-modifiers - END [0 s][118 MB]
DEBUG [4.68 s]: openapi-document/api-version-parameter-handler - START inputs = 1
DEBUG [4.68 s]: openapi-document/api-version-parameter-handler - END [0 s][110 MB]
DEBUG [4.68 s]: openapi-document/profile-filter - START inputs = 1
DEBUG [4.68 s]: openapi-document/profile-filter - END [0 s][110 MB]
DEBUG [4.68 s]: openapi-document/model-deduplicator - START inputs = 1
DEBUG [4.68 s]: openapi-document/emitter - START inputs = 1
DEBUG [4.68 s]: openapi-document/model-deduplicator - END [0 s][110 MB]
DEBUG [4.68 s]: openapi-document/emitter - END [0 s][110 MB]
DEBUG [4.68 s]: openapi-document/enum-deduplicator - START inputs = 1
DEBUG [4.78 s]: openapi-document/enum-deduplicator - END [0.09 s][119 MB]
DEBUG [4.78 s]: openapi-document/subset-reducer - START inputs = 1
DEBUG [4.78 s]: openapi-document/subset-reducer - END [0 s][119 MB]
DEBUG [4.78 s]: openapi-document/quick-check - START inputs = 1
DEBUG [4.78 s]: openapi-document/multi-api/reset-identity - START inputs = 1
DEBUG [4.78 s]: openapi-document/quick-check - END [0 s][124 MB]
DEBUG [4.78 s]: openapi-document/multi-api/reset-identity - END [0 s][124 MB]
DEBUG [4.78 s]: openapi-document/multi-api/identity - START inputs = 1
DEBUG [4.78 s]: openapi-document/multi-api/identity - END [0 s][124 MB]
DEBUG [4.78 s]: openapi-document/multi-api/emitter - START inputs = 1
DEBUG [4.78 s]: prechecker - START inputs = 1
DEBUG [4.79 s]: openapi-document/multi-api/emitter - END [0 s][124 MB]

WARNING (PreCheck/SchemaMissingType): The schema 'OrganizationResourceProperties-offerDetail' with an undefined type and 'allOf'/'anyOf'/'oneOf' is a bit ambiguous. This has been auto-corrected to 'type:object'

WARNING (PreCheck/SchemaMissingType): The schema 'OrganizationResourceProperties-userDetail' with an undefined type and 'allOf'/'anyOf'/'oneOf' is a bit ambiguous. This has been auto-corrected to 'type:object'

WARNING (PreCheck/SchemaMissingType): The schema 'OrganizationResource-properties' with an undefined type and 'allOf'/'anyOf'/'oneOf' is a bit ambiguous. This has been auto-corrected to 'type:object'

WARNING (PreCheck/CheckDuplicateSchemas): Checking for duplicate schemas, this could take a (long) while.  Run with --verbose for more detail.
VERBOSE [4.82 s]: Found and removed 0 duplicate schema
DEBUG [5.05 s]: prechecker - END [0.26 s][116 MB]
DEBUG [5.05 s]: modelerfour - START inputs = 2
VERBOSE [5.12 s]:   ModelerFour/api-version-mode:client
VERBOSE [5.12 s]:   ModelerFour/api-version-parameter:constant
VERBOSE [5.12 s]:   ModelerFour/use-model-namespace:false

WARNING (UnkownSecurityScheme): Security scheme azure_auth is unknown and will not be processed. Only supported types are AADToken,AzureKey,Anonymous
DEBUG [5.22 s]: modelerfour - END [0.16 s][118 MB]
DEBUG [5.22 s]: modelerfour/new-transform - START inputs = 2
DEBUG [5.22 s]: modelerfour/new-transform - END [0 s][118 MB]
DEBUG [5.22 s]: modelerfour/flattener - START inputs = 2
DEBUG [5.29 s]: modelerfour/flattener - END [0.06 s][120 MB]
DEBUG [5.3 s]: modelerfour/flattener/new-transform - START inputs = 2
DEBUG [5.3 s]: modelerfour/flattener/new-transform - END [0 s][120 MB]
DEBUG [5.3 s]: modelerfour/grouper - START inputs = 2
DEBUG [5.34 s]: modelerfour/grouper - END [0.03 s][121 MB]
DEBUG [5.34 s]: modelerfour/grouper/new-transform - START inputs = 2
DEBUG [5.34 s]: modelerfour/grouper/new-transform - END [0 s][121 MB]
DEBUG [5.34 s]: modelerfour/pre-namer - START inputs = 2

WARNING (PreNamer/DeduplicateName): Deduplicating schema name: 'OrganizationResourceProperties' -> 'OrganizationResourcePropertiesAutoGenerated'
DEBUG [5.39 s]: modelerfour/pre-namer - END [0.05 s][123 MB]
DEBUG [5.39 s]: modelerfour/pre-namer/new-transform - START inputs = 2
DEBUG [5.39 s]: modelerfour/pre-namer/new-transform - END [0 s][123 MB]
DEBUG [5.4 s]: modelerfour/checker - START inputs = 4
DEBUG [5.43 s]: modelerfour/checker - END [0.03 s][125 MB]
DEBUG [5.43 s]: modelerfour/identity - START inputs = 2
DEBUG [5.43 s]: modelerfour/identity - END [0 s][125 MB]
DEBUG [5.43 s]: bicep - START inputs = 2
DEBUG [5.43 s]: modelerfour/emitter - START inputs = 2
DEBUG [5.43 s]: modelerfour/notags/emitter - START inputs = 2
DEBUG [5.43 s]: modelerfour/emitter - END [0 s][125 MB]
DEBUG [5.43 s]: modelerfour/notags/emitter - END [0 s][125 MB]
INFORMATION: autorest.bicep took 7ms
DEBUG [5.49 s]: bicep - END [0.06 s][125 MB]
DEBUG [5.49 s]: bicep/emitter - START inputs = 2
DEBUG [5.49 s]: Emitting 'bicep-files' at file:///tmp/_bcp_1625795651387/confluent/microsoft.confluent/2020-03-01/types.json
DEBUG [5.49 s]: Emitting 'bicep-files' at file:///tmp/_bcp_1625795651387/confluent/microsoft.confluent/2020-03-01/types.md
DEBUG [5.49 s]: bicep/emitter - END [0 s][126 MB]
Processing batch task - {"tag":"microsoft.confluent-2020-03-01-preview"} .
VERBOSE [5.5 s]: > Including configuration file 'file:///home/runner/work/bicep-types-az/bicep-types-az/workflow-temp/azure-rest-api-specs/specification/confluent/resource-manager/readme.bicep.md'
VERBOSE [5.51 s]: > Initial configuration file 'file:///home/runner/work/bicep-types-az/bicep-types-az/workflow-temp/azure-rest-api-specs/specification/confluent/resource-manager/readme.md'
VERBOSE [5.51 s]: > Including configuration file 'file:///home/runner/work/bicep-types-az/bicep-types-az/workflow-temp/azure-rest-api-specs/specification/confluent/resource-manager/readme.md'
VERBOSE [5.51 s]: > Including configuration file 'file:///home/runner/.autorest/@autorest_core@3.5.0-ci.b8e3f92c0/node_modules/@autorest/core/dist/resources/default-configuration.md'
VERBOSE [5.52 s]: > Including configuration file 'file:///home/runner/.autorest/@autorest_core@3.5.0-ci.b8e3f92c0/node_modules/@autorest/core/dist/resources/inspect.md'
VERBOSE [5.53 s]: > Including configuration file 'file:///home/runner/.autorest/@autorest_core@3.5.0-ci.b8e3f92c0/node_modules/@autorest/core/dist/resources/directives.md'
VERBOSE [5.54 s]: > Including configuration file 'file:///home/runner/.autorest/@autorest_core@3.5.0-ci.b8e3f92c0/node_modules/@autorest/core/dist/resources/pipeline.md'
VERBOSE [5.55 s]: > Including configuration file 'file:///home/runner/.autorest/@autorest_core@3.5.0-ci.b8e3f92c0/node_modules/@autorest/core/dist/resources/loader-openapi.md'
VERBOSE [5.56 s]: > Including configuration file 'file:///home/runner/.autorest/@autorest_core@3.5.0-ci.b8e3f92c0/node_modules/@autorest/core/dist/resources/miscellaneous.md'
VERBOSE [5.57 s]: > Including configuration file 'file:///home/runner/.autorest/@autorest_core@3.5.0-ci.b8e3f92c0/node_modules/@autorest/core/dist/resources/plugin-powershell.md'
VERBOSE [5.59 s]: > Including configuration file 'file:///home/runner/.autorest/@autorest_core@3.5.0-ci.b8e3f92c0/node_modules/@autorest/core/dist/resources/plugin-azureresourceschema.md'
VERBOSE [5.6 s]: > Including configuration file 'file:///home/runner/.autorest/@autorest_core@3.5.0-ci.b8e3f92c0/node_modules/@autorest/core/dist/resources/plugin-csharp.md'
VERBOSE [5.61 s]: > Including configuration file 'file:///home/runner/.autorest/@autorest_core@3.5.0-ci.b8e3f92c0/node_modules/@autorest/core/dist/resources/plugin-go.md'
VERBOSE [5.63 s]: > Including configuration file 'file:///home/runner/.autorest/@autorest_core@3.5.0-ci.b8e3f92c0/node_modules/@autorest/core/dist/resources/plugin-java.md'
VERBOSE [5.65 s]: > Including configuration file 'file:///home/runner/.autorest/@autorest_core@3.5.0-ci.b8e3f92c0/node_modules/@autorest/core/dist/resources/plugin-nodejs.md'
VERBOSE [5.66 s]: > Including configuration file 'file:///home/runner/.autorest/@autorest_core@3.5.0-ci.b8e3f92c0/node_modules/@autorest/core/dist/resources/plugin-php.md'
VERBOSE [5.68 s]: > Including configuration file 'file:///home/runner/.autorest/@autorest_core@3.5.0-ci.b8e3f92c0/node_modules/@autorest/core/dist/resources/plugin-python.md'
VERBOSE [5.71 s]: > Including configuration file 'file:///home/runner/.autorest/@autorest_core@3.5.0-ci.b8e3f92c0/node_modules/@autorest/core/dist/resources/plugin-ruby.md'
VERBOSE [5.74 s]: > Including configuration file 'file:///home/runner/.autorest/@autorest_core@3.5.0-ci.b8e3f92c0/node_modules/@autorest/core/dist/resources/plugin-typescript.md'
VERBOSE [5.78 s]: > Including configuration file 'file:///home/runner/.autorest/@autorest_core@3.5.0-ci.b8e3f92c0/node_modules/@autorest/core/dist/resources/plugin-validators.md'
VERBOSE [5.8 s]: > Including configuration file 'file:///home/runner/.autorest/@autorest_core@3.5.0-ci.b8e3f92c0/node_modules/@autorest/core/dist/resources/plugin-az.md'
VERBOSE [5.82 s]: > Including configuration file 'file:///home/runner/.autorest/@autorest_core@3.5.0-ci.b8e3f92c0/node_modules/@autorest/core/dist/resources/plugin-terraform.md'
VERBOSE [5.84 s]: > Including configuration file 'file:///home/runner/.autorest/@autorest_core@3.5.0-ci.b8e3f92c0/node_modules/@autorest/core/dist/resources/plugin-azure-functions.md'
VERBOSE [5.86 s]: > Including configuration file 'file:///home/runner/.autorest/@autorest_core@3.5.0-ci.b8e3f92c0/node_modules/@autorest/core/dist/resources/graphs.md'
VERBOSE [5.88 s]: > Including configuration file 'file:///home/runner/.autorest/@autorest_core@3.5.0-ci.b8e3f92c0/node_modules/@autorest/core/dist/resources/help-configuration.md'
INFORMATION: > Loading local AutoRest extension '@autorest/bicep' (/home/runner/work/bicep-types-az/bicep-types-az/src/autorest.bicep)
VERBOSE [5.94 s]: > Including extension configuration file 'file:///home/runner/work/bicep-types-az/bicep-types-az/src/autorest.bicep/README.md'
VERBOSE [5.94 s]: > Including configuration file 'file:///home/runner/work/bicep-types-az/bicep-types-az/src/autorest.bicep/README.md'
INFORMATION: > Loading AutoRest extension '@autorest/modelerfour' (https://tinyurl.com/yhlkz69y->4.20.0-ci.b8e3f92c0)
VERBOSE [6.54 s]: > Including extension configuration file 'file:///home/runner/.autorest/@autorest_modelerfour@4.20.0-ci.b8e3f92c0/node_modules/@autorest/modelerfour/readme.md'
VERBOSE [6.54 s]: > Including configuration file 'file:///home/runner/.autorest/@autorest_modelerfour@4.20.0-ci.b8e3f92c0/node_modules/@autorest/modelerfour/readme.md'
DEBUG [6.83 s]: swagger-document/loader-swagger - START inputs = 0
DEBUG [6.83 s]: openapi-document/loader-openapi - START inputs = 0
DEBUG [6.83 s]: pipeline-emitter - START inputs = 0
DEBUG [6.83 s]: configuration-emitter - START inputs = 0
DEBUG [6.83 s]: pipeline-emitter - END [0.04 s][90 MB]
DEBUG [6.83 s]: configuration-emitter - END [0.04 s][90 MB]
VERBOSE [6.84 s]: Reading OpenAPI 2.0 file file:///home/runner/work/bicep-types-az/bicep-types-az/workflow-temp/azure-rest-api-specs/specification/confluent/resource-manager/Microsoft.Confluent/preview/2020-03-01-preview/confluent.json
DEBUG [6.84 s]: openapi-document/loader-openapi - END [0.05 s][93 MB]
DEBUG [6.87 s]: openapi-document/individual/transform - SKIPPING
DEBUG [6.87 s]: openapi-document/individual/schema-validator-openapi - SKIPPING
DEBUG [6.87 s]: openapi-document/individual/identity - SKIPPING
DEBUG [6.89 s]: swagger-document/loader-swagger - END [0.1 s][95 MB]
DEBUG [6.89 s]: swagger-document/individual/transform - START inputs = 1
DEBUG [6.93 s]: swagger-document/individual/transform - END [0.03 s][103 MB]
DEBUG [6.94 s]: swagger-document/individual/schema-validator-swagger - START inputs = 1
DEBUG [6.94 s]: swagger-document/individual/schema-validator-swagger - END [0 s][94 MB]
DEBUG [6.94 s]: swagger-document/identity - START inputs = 1
DEBUG [6.94 s]: swagger-document/individual/identity - START inputs = 1
DEBUG [6.94 s]: swagger-document/identity - END [0 s][94 MB]
DEBUG [6.94 s]: swagger-document/individual/identity - END [0 s][94 MB]
DEBUG [6.94 s]: openapi-document/openapi-document-converter - START inputs = 1
DEBUG [6.96 s]: openapi-document/openapi-document-converter - END [0.01 s][103 MB]
DEBUG [6.96 s]: openapi-document/transform - START inputs = 1
DEBUG [6.96 s]: openapi-document/transform - END [0 s][105 MB]
DEBUG [6.97 s]: openapi-document/semantic-validator - START inputs = 1
WARNING: Semantic validation was skipped.
DEBUG [6.97 s]: openapi-document/semantic-validator - END [0 s][96 MB]
DEBUG [6.97 s]: openapi-document/allof-cleaner - START inputs = 1
DEBUG [6.97 s]: openapi-document/allof-cleaner - END [0 s][96 MB]
DEBUG [6.97 s]: openapi-document/tree-shaker - START inputs = 1
DEBUG [7 s]: openapi-document/tree-shaker - END [0.02 s][109 MB]
DEBUG [7.01 s]: openapi-document/multi-api-merger - START inputs = 1
DEBUG [7.06 s]: openapi-document/multi-api-merger - END [0.05 s][107 MB]
DEBUG [7.06 s]: openapi-document/components-cleaner - START inputs = 1
DEBUG [7.11 s]: openapi-document/components-cleaner - END [0.04 s][112 MB]
DEBUG [7.11 s]: openapi-document/component-modifiers - START inputs = 1
DEBUG [7.12 s]: openapi-document/component-modifiers - END [0 s][117 MB]
DEBUG [7.12 s]: openapi-document/api-version-parameter-handler - START inputs = 1
DEBUG [7.12 s]: openapi-document/api-version-parameter-handler - END [0 s][117 MB]
DEBUG [7.12 s]: openapi-document/profile-filter - START inputs = 1
DEBUG [7.12 s]: openapi-document/profile-filter - END [0 s][117 MB]
DEBUG [7.12 s]: openapi-document/model-deduplicator - START inputs = 1
DEBUG [7.12 s]: openapi-document/emitter - START inputs = 1
DEBUG [7.12 s]: openapi-document/model-deduplicator - END [0 s][117 MB]
DEBUG [7.12 s]: openapi-document/emitter - END [0 s][117 MB]
DEBUG [7.12 s]: openapi-document/enum-deduplicator - START inputs = 1
DEBUG [7.19 s]: openapi-document/enum-deduplicator - END [0.06 s][128 MB]
DEBUG [7.19 s]: openapi-document/subset-reducer - START inputs = 1
DEBUG [7.19 s]: openapi-document/subset-reducer - END [0 s][116 MB]
DEBUG [7.19 s]: openapi-document/quick-check - START inputs = 1
DEBUG [7.19 s]: openapi-document/multi-api/reset-identity - START inputs = 1
DEBUG [7.2 s]: openapi-document/quick-check - END [0 s][121 MB]
DEBUG [7.2 s]: openapi-document/multi-api/reset-identity - END [0 s][121 MB]
DEBUG [7.2 s]: openapi-document/multi-api/identity - START inputs = 1
DEBUG [7.2 s]: openapi-document/multi-api/identity - END [0 s][121 MB]
DEBUG [7.2 s]: openapi-document/multi-api/emitter - START inputs = 1
DEBUG [7.2 s]: prechecker - START inputs = 1
DEBUG [7.2 s]: openapi-document/multi-api/emitter - END [0 s][121 MB]

WARNING (PreCheck/SchemaMissingType): The schema 'OrganizationResourceProperties-offerDetail' with an undefined type and 'allOf'/'anyOf'/'oneOf' is a bit ambiguous. This has been auto-corrected to 'type:object'

WARNING (PreCheck/SchemaMissingType): The schema 'OrganizationResourceProperties-userDetail' with an undefined type and 'allOf'/'anyOf'/'oneOf' is a bit ambiguous. This has been auto-corrected to 'type:object'

WARNING (PreCheck/SchemaMissingType): The schema 'OrganizationResource-properties' with an undefined type and 'allOf'/'anyOf'/'oneOf' is a bit ambiguous. This has been auto-corrected to 'type:object'

WARNING (PreCheck/CheckDuplicateSchemas): Checking for duplicate schemas, this could take a (long) while.  Run with --verbose for more detail.
VERBOSE [7.22 s]: Found and removed 0 duplicate schema
DEBUG [7.23 s]: prechecker - END [0.03 s][122 MB]
DEBUG [7.23 s]: modelerfour - START inputs = 2
VERBOSE [7.25 s]:   ModelerFour/api-version-mode:client
VERBOSE [7.25 s]:   ModelerFour/api-version-parameter:constant
VERBOSE [7.25 s]:   ModelerFour/use-model-namespace:false

WARNING (UnkownSecurityScheme): Security scheme azure_auth is unknown and will not be processed. Only supported types are AADToken,AzureKey,Anonymous
DEBUG [7.31 s]: modelerfour - END [0.07 s][124 MB]
DEBUG [7.31 s]: modelerfour/new-transform - START inputs = 2
DEBUG [7.31 s]: modelerfour/new-transform - END [0 s][124 MB]
DEBUG [7.31 s]: modelerfour/flattener - START inputs = 2
DEBUG [7.34 s]: modelerfour/flattener - END [0.03 s][126 MB]
DEBUG [7.34 s]: modelerfour/flattener/new-transform - START inputs = 2
DEBUG [7.35 s]: modelerfour/flattener/new-transform - END [0 s][126 MB]
DEBUG [7.35 s]: modelerfour/grouper - START inputs = 2
DEBUG [7.38 s]: modelerfour/grouper - END [0.03 s][127 MB]
DEBUG [7.38 s]: modelerfour/grouper/new-transform - START inputs = 2
DEBUG [7.38 s]: modelerfour/grouper/new-transform - END [0 s][128 MB]
DEBUG [7.38 s]: modelerfour/pre-namer - START inputs = 2

WARNING (PreNamer/DeduplicateName): Deduplicating schema name: 'OrganizationResourceProperties' -> 'OrganizationResourcePropertiesAutoGenerated'
DEBUG [7.42 s]: modelerfour/pre-namer - END [0.04 s][129 MB]
DEBUG [7.42 s]: modelerfour/pre-namer/new-transform - START inputs = 2
DEBUG [7.42 s]: modelerfour/pre-namer/new-transform - END [0 s][129 MB]
DEBUG [7.42 s]: modelerfour/checker - START inputs = 4
DEBUG [7.45 s]: modelerfour/checker - END [0.03 s][131 MB]
DEBUG [7.45 s]: modelerfour/identity - START inputs = 2
DEBUG [7.46 s]: modelerfour/identity - END [0 s][131 MB]
DEBUG [7.46 s]: bicep - START inputs = 2
DEBUG [7.46 s]: modelerfour/emitter - START inputs = 2
DEBUG [7.46 s]: modelerfour/notags/emitter - START inputs = 2
DEBUG [7.46 s]: modelerfour/emitter - END [0 s][120 MB]
DEBUG [7.46 s]: modelerfour/notags/emitter - END [0 s][120 MB]
INFORMATION: autorest.bicep took 3ms
DEBUG [7.5 s]: bicep - END [0.04 s][120 MB]
DEBUG [7.5 s]: bicep/emitter - START inputs = 2
DEBUG [7.5 s]: Emitting 'bicep-files' at file:///tmp/_bcp_1625795651387/confluent/microsoft.confluent/2020-03-01-preview/types.json
DEBUG [7.5 s]: Emitting 'bicep-files' at file:///tmp/_bcp_1625795651387/confluent/microsoft.confluent/2020-03-01-preview/types.md
DEBUG [7.5 s]: bicep/emitter - END [0 s][121 MB]
Processing batch task - {"tag":"microsoft.confluent-2021-03-01-preview"} .
VERBOSE [7.51 s]: > Including configuration file 'file:///home/runner/work/bicep-types-az/bicep-types-az/workflow-temp/azure-rest-api-specs/specification/confluent/resource-manager/readme.bicep.md'
VERBOSE [7.51 s]: > Initial configuration file 'file:///home/runner/work/bicep-types-az/bicep-types-az/workflow-temp/azure-rest-api-specs/specification/confluent/resource-manager/readme.md'
VERBOSE [7.51 s]: > Including configuration file 'file:///home/runner/work/bicep-types-az/bicep-types-az/workflow-temp/azure-rest-api-specs/specification/confluent/resource-manager/readme.md'
VERBOSE [7.52 s]: > Including configuration file 'file:///home/runner/.autorest/@autorest_core@3.5.0-ci.b8e3f92c0/node_modules/@autorest/core/dist/resources/default-configuration.md'
VERBOSE [7.52 s]: > Including configuration file 'file:///home/runner/.autorest/@autorest_core@3.5.0-ci.b8e3f92c0/node_modules/@autorest/core/dist/resources/inspect.md'
VERBOSE [7.53 s]: > Including configuration file 'file:///home/runner/.autorest/@autorest_core@3.5.0-ci.b8e3f92c0/node_modules/@autorest/core/dist/resources/directives.md'
VERBOSE [7.54 s]: > Including configuration file 'file:///home/runner/.autorest/@autorest_core@3.5.0-ci.b8e3f92c0/node_modules/@autorest/core/dist/resources/pipeline.md'
VERBOSE [7.55 s]: > Including configuration file 'file:///home/runner/.autorest/@autorest_core@3.5.0-ci.b8e3f92c0/node_modules/@autorest/core/dist/resources/loader-openapi.md'
VERBOSE [7.56 s]: > Including configuration file 'file:///home/runner/.autorest/@autorest_core@3.5.0-ci.b8e3f92c0/node_modules/@autorest/core/dist/resources/miscellaneous.md'
VERBOSE [7.57 s]: > Including configuration file 'file:///home/runner/.autorest/@autorest_core@3.5.0-ci.b8e3f92c0/node_modules/@autorest/core/dist/resources/plugin-powershell.md'
VERBOSE [7.58 s]: > Including configuration file 'file:///home/runner/.autorest/@autorest_core@3.5.0-ci.b8e3f92c0/node_modules/@autorest/core/dist/resources/plugin-azureresourceschema.md'
VERBOSE [7.59 s]: > Including configuration file 'file:///home/runner/.autorest/@autorest_core@3.5.0-ci.b8e3f92c0/node_modules/@autorest/core/dist/resources/plugin-csharp.md'
VERBOSE [7.61 s]: > Including configuration file 'file:///home/runner/.autorest/@autorest_core@3.5.0-ci.b8e3f92c0/node_modules/@autorest/core/dist/resources/plugin-go.md'
VERBOSE [7.62 s]: > Including configuration file 'file:///home/runner/.autorest/@autorest_core@3.5.0-ci.b8e3f92c0/node_modules/@autorest/core/dist/resources/plugin-java.md'
VERBOSE [7.63 s]: > Including configuration file 'file:///home/runner/.autorest/@autorest_core@3.5.0-ci.b8e3f92c0/node_modules/@autorest/core/dist/resources/plugin-nodejs.md'
VERBOSE [7.65 s]: > Including configuration file 'file:///home/runner/.autorest/@autorest_core@3.5.0-ci.b8e3f92c0/node_modules/@autorest/core/dist/resources/plugin-php.md'
VERBOSE [7.66 s]: > Including configuration file 'file:///home/runner/.autorest/@autorest_core@3.5.0-ci.b8e3f92c0/node_modules/@autorest/core/dist/resources/plugin-python.md'
VERBOSE [7.68 s]: > Including configuration file 'file:///home/runner/.autorest/@autorest_core@3.5.0-ci.b8e3f92c0/node_modules/@autorest/core/dist/resources/plugin-ruby.md'
VERBOSE [7.7 s]: > Including configuration file 'file:///home/runner/.autorest/@autorest_core@3.5.0-ci.b8e3f92c0/node_modules/@autorest/core/dist/resources/plugin-typescript.md'
VERBOSE [7.71 s]: > Including configuration file 'file:///home/runner/.autorest/@autorest_core@3.5.0-ci.b8e3f92c0/node_modules/@autorest/core/dist/resources/plugin-validators.md'
VERBOSE [7.73 s]: > Including configuration file 'file:///home/runner/.autorest/@autorest_core@3.5.0-ci.b8e3f92c0/node_modules/@autorest/core/dist/resources/plugin-az.md'
VERBOSE [7.75 s]: > Including configuration file 'file:///home/runner/.autorest/@autorest_core@3.5.0-ci.b8e3f92c0/node_modules/@autorest/core/dist/resources/plugin-terraform.md'
VERBOSE [7.77 s]: > Including configuration file 'file:///home/runner/.autorest/@autorest_core@3.5.0-ci.b8e3f92c0/node_modules/@autorest/core/dist/resources/plugin-azure-functions.md'
VERBOSE [7.79 s]: > Including configuration file 'file:///home/runner/.autorest/@autorest_core@3.5.0-ci.b8e3f92c0/node_modules/@autorest/core/dist/resources/graphs.md'
VERBOSE [7.81 s]: > Including configuration file 'file:///home/runner/.autorest/@autorest_core@3.5.0-ci.b8e3f92c0/node_modules/@autorest/core/dist/resources/help-configuration.md'
INFORMATION: > Loading local AutoRest extension '@autorest/bicep' (/home/runner/work/bicep-types-az/bicep-types-az/src/autorest.bicep)
VERBOSE [7.87 s]: > Including extension configuration file 'file:///home/runner/work/bicep-types-az/bicep-types-az/src/autorest.bicep/README.md'
VERBOSE [7.87 s]: > Including configuration file 'file:///home/runner/work/bicep-types-az/bicep-types-az/src/autorest.bicep/README.md'
INFORMATION: > Loading AutoRest extension '@autorest/modelerfour' (https://tinyurl.com/yhlkz69y->4.20.0-ci.b8e3f92c0)
VERBOSE [8.45 s]: > Including extension configuration file 'file:///home/runner/.autorest/@autorest_modelerfour@4.20.0-ci.b8e3f92c0/node_modules/@autorest/modelerfour/readme.md'
VERBOSE [8.45 s]: > Including configuration file 'file:///home/runner/.autorest/@autorest_modelerfour@4.20.0-ci.b8e3f92c0/node_modules/@autorest/modelerfour/readme.md'
DEBUG [8.72 s]: swagger-document/loader-swagger - START inputs = 0
DEBUG [8.72 s]: openapi-document/loader-openapi - START inputs = 0
DEBUG [8.72 s]: pipeline-emitter - START inputs = 0
DEBUG [8.72 s]: configuration-emitter - START inputs = 0
DEBUG [8.72 s]: pipeline-emitter - END [0.02 s][142 MB]
DEBUG [8.72 s]: configuration-emitter - END [0.02 s][142 MB]
VERBOSE [8.73 s]: Reading OpenAPI 2.0 file file:///home/runner/work/bicep-types-az/bicep-types-az/workflow-temp/azure-rest-api-specs/specification/confluent/resource-manager/Microsoft.Confluent/preview/2021-03-01-preview/confluent.json
DEBUG [8.73 s]: openapi-document/loader-openapi - END [0.03 s][145 MB]
VERBOSE [8.75 s]: Reading $ref'd file file:///home/runner/work/bicep-types-az/bicep-types-az/workflow-temp/azure-rest-api-specs/specification/common-types/resource-management/v2/types.json
DEBUG [8.75 s]: openapi-document/individual/transform - SKIPPING
DEBUG [8.75 s]: openapi-document/individual/schema-validator-openapi - SKIPPING
DEBUG [8.75 s]: openapi-document/individual/identity - SKIPPING
DEBUG [8.81 s]: swagger-document/loader-swagger - END [0.1 s][151 MB]
DEBUG [8.81 s]: swagger-document/individual/transform - START inputs = 2
DEBUG [8.88 s]: swagger-document/individual/transform - END [0.07 s][154 MB]
DEBUG [8.88 s]: swagger-document/individual/schema-validator-swagger - START inputs = 2
DEBUG [8.89 s]: swagger-document/individual/schema-validator-swagger - END [0 s][155 MB]
DEBUG [8.89 s]: swagger-document/identity - START inputs = 2
DEBUG [8.89 s]: swagger-document/individual/identity - START inputs = 2
DEBUG [8.89 s]: swagger-document/identity - END [0 s][155 MB]
DEBUG [8.89 s]: swagger-document/individual/identity - END [0 s][155 MB]
DEBUG [8.89 s]: openapi-document/openapi-document-converter - START inputs = 2
DEBUG [8.92 s]: openapi-document/openapi-document-converter - END [0.03 s][157 MB]
DEBUG [8.92 s]: openapi-document/transform - START inputs = 2
DEBUG [8.93 s]: openapi-document/transform - END [0 s][161 MB]
DEBUG [8.93 s]: openapi-document/semantic-validator - START inputs = 2
WARNING: Semantic validation was skipped.
DEBUG [8.93 s]: openapi-document/semantic-validator - END [0 s][161 MB]
DEBUG [8.93 s]: openapi-document/allof-cleaner - START inputs = 2
DEBUG [8.93 s]: openapi-document/allof-cleaner - END [0 s][162 MB]
DEBUG [8.93 s]: openapi-document/tree-shaker - START inputs = 2
DEBUG [8.99 s]: openapi-document/tree-shaker - END [0.05 s][162 MB]
DEBUG [8.99 s]: openapi-document/multi-api-merger - START inputs = 2
DEBUG [9.07 s]: openapi-document/multi-api-merger - END [0.08 s][177 MB]
DEBUG [9.07 s]: openapi-document/components-cleaner - START inputs = 1
DEBUG [9.13 s]: openapi-document/components-cleaner - END [0.05 s][178 MB]
DEBUG [9.13 s]: openapi-document/component-modifiers - START inputs = 1
DEBUG [9.14 s]: openapi-document/component-modifiers - END [0 s][183 MB]
DEBUG [9.14 s]: openapi-document/api-version-parameter-handler - START inputs = 1
DEBUG [9.14 s]: openapi-document/api-version-parameter-handler - END [0 s][183 MB]
DEBUG [9.14 s]: openapi-document/profile-filter - START inputs = 1
DEBUG [9.14 s]: openapi-document/profile-filter - END [0 s][183 MB]
DEBUG [9.14 s]: openapi-document/model-deduplicator - START inputs = 1
DEBUG [9.14 s]: openapi-document/emitter - START inputs = 1
DEBUG [9.14 s]: openapi-document/model-deduplicator - END [0 s][183 MB]
DEBUG [9.14 s]: openapi-document/emitter - END [0 s][183 MB]
DEBUG [9.14 s]: openapi-document/enum-deduplicator - START inputs = 1
DEBUG [9.21 s]: openapi-document/enum-deduplicator - END [0.07 s][184 MB]
DEBUG [9.22 s]: openapi-document/subset-reducer - START inputs = 1
DEBUG [9.22 s]: openapi-document/subset-reducer - END [0 s][184 MB]
DEBUG [9.22 s]: openapi-document/quick-check - START inputs = 1
DEBUG [9.22 s]: openapi-document/multi-api/reset-identity - START inputs = 1
DEBUG [9.22 s]: openapi-document/quick-check - END [0 s][189 MB]
DEBUG [9.22 s]: openapi-document/multi-api/reset-identity - END [0 s][189 MB]
DEBUG [9.23 s]: openapi-document/multi-api/identity - START inputs = 1
DEBUG [9.23 s]: openapi-document/multi-api/identity - END [0 s][190 MB]
DEBUG [9.23 s]: openapi-document/multi-api/emitter - START inputs = 1
DEBUG [9.23 s]: prechecker - START inputs = 1
DEBUG [9.23 s]: openapi-document/multi-api/emitter - END [0 s][190 MB]

WARNING (PreCheck/CheckDuplicateSchemas): Checking for duplicate schemas, this could take a (long) while.  Run with --verbose for more detail.
VERBOSE [9.24 s]: Found and removed 0 duplicate schema
DEBUG [9.25 s]: prechecker - END [0.02 s][191 MB]
DEBUG [9.26 s]: modelerfour - START inputs = 2
VERBOSE [9.27 s]:   ModelerFour/api-version-mode:client
VERBOSE [9.27 s]:   ModelerFour/api-version-parameter:constant
VERBOSE [9.27 s]:   ModelerFour/use-model-namespace:false

WARNING (UnkownSecurityScheme): Security scheme azure_auth is unknown and will not be processed. Only supported types are AADToken,AzureKey,Anonymous
DEBUG [9.34 s]: modelerfour - END [0.08 s][193 MB]
DEBUG [9.34 s]: modelerfour/new-transform - START inputs = 2
DEBUG [9.34 s]: modelerfour/new-transform - END [0 s][193 MB]
DEBUG [9.34 s]: modelerfour/flattener - START inputs = 2
DEBUG [9.37 s]: modelerfour/flattener - END [0.03 s][195 MB]
DEBUG [9.37 s]: modelerfour/flattener/new-transform - START inputs = 2
DEBUG [9.37 s]: modelerfour/flattener/new-transform - END [0 s][195 MB]
DEBUG [9.38 s]: modelerfour/grouper - START inputs = 2
DEBUG [9.41 s]: modelerfour/grouper - END [0.03 s][186 MB]
DEBUG [9.42 s]: modelerfour/grouper/new-transform - START inputs = 2
DEBUG [9.42 s]: modelerfour/grouper/new-transform - END [0 s][186 MB]
DEBUG [9.42 s]: modelerfour/pre-namer - START inputs = 2
DEBUG [9.46 s]: modelerfour/pre-namer - END [0.04 s][188 MB]
DEBUG [9.46 s]: modelerfour/pre-namer/new-transform - START inputs = 2
DEBUG [9.46 s]: modelerfour/pre-namer/new-transform - END [0 s][188 MB]
DEBUG [9.46 s]: modelerfour/checker - START inputs = 4
DEBUG [9.5 s]: modelerfour/checker - END [0.03 s][189 MB]
DEBUG [9.5 s]: modelerfour/identity - START inputs = 2
DEBUG [9.5 s]: modelerfour/identity - END [0 s][189 MB]
DEBUG [9.5 s]: bicep - START inputs = 2
DEBUG [9.5 s]: modelerfour/emitter - START inputs = 2
DEBUG [9.5 s]: modelerfour/notags/emitter - START inputs = 2
DEBUG [9.5 s]: modelerfour/emitter - END [0 s][190 MB]
DEBUG [9.5 s]: modelerfour/notags/emitter - END [0 s][190 MB]
INFORMATION: autorest.bicep took 2ms
DEBUG [9.51 s]: bicep - END [0.01 s][190 MB]
DEBUG [9.51 s]: bicep/emitter - START inputs = 2
DEBUG [9.51 s]: Emitting 'bicep-files' at file:///tmp/_bcp_1625795651387/confluent/microsoft.confluent/2021-03-01-preview/types.json
DEBUG [9.51 s]: Emitting 'bicep-files' at file:///tmp/_bcp_1625795651387/confluent/microsoft.confluent/2021-03-01-preview/types.md
DEBUG [9.51 s]: bicep/emitter - END [0 s][190 MB]
[9.51 s] Clearing Folders.
[9.51 s] Writing Outputs.
[9.52 s] Generation Complete
[9.52 s] Shutting Down.
[9.52 s] Exiting.
