AutoRest code generation utility [cli version: 3.2.1; node: v14.17.0, max-memory: 2048 MB]
(C) 2018 Microsoft Corporation.
https://aka.ms/autorest
   Loading AutoRest core      '/home/runner/work/bicep-types-az/bicep-types-az/src/generator/node_modules/@autorest/core/dist' (3.4.3)
INFORMATION: > Loading local AutoRest extension '@autorest/bicep' (/home/runner/work/bicep-types-az/bicep-types-az/src/generator)
Processing batch task - {"tag":"microsoft.storage-2021-04-01"} .
INFORMATION: > Loading local AutoRest extension '@autorest/bicep' (/home/runner/work/bicep-types-az/bicep-types-az/src/generator)
WARNING: Semantic validation was skipped.
INFORMATION: Resource type Microsoft.Storage/storageAccounts/tableServices/tables under path '/subscriptions/{subscriptionId}/resourceGroups/{resourceGroupName}/providers/Microsoft.Storage/storageAccounts/{accountName}/tableServices/default/tables/{tableName}' has no body defined.
Processing batch task - {"tag":"microsoft.storage-2021-02-01"} .
INFORMATION: > Loading local AutoRest extension '@autorest/bicep' (/home/runner/work/bicep-types-az/bicep-types-az/src/generator)
WARNING: Semantic validation was skipped.
INFORMATION: Resource type Microsoft.Storage/storageAccounts/tableServices/tables under path '/subscriptions/{subscriptionId}/resourceGroups/{resourceGroupName}/providers/Microsoft.Storage/storageAccounts/{accountName}/tableServices/default/tables/{tableName}' has no body defined.
Processing batch task - {"tag":"microsoft.storage-2021-01-01"} .
INFORMATION: > Loading local AutoRest extension '@autorest/bicep' (/home/runner/work/bicep-types-az/bicep-types-az/src/generator)
WARNING: Semantic validation was skipped.
INFORMATION: Resource type Microsoft.Storage/storageAccounts/tableServices/tables under path '/subscriptions/{subscriptionId}/resourceGroups/{resourceGroupName}/providers/Microsoft.Storage/storageAccounts/{accountName}/tableServices/default/tables/{tableName}' has no body defined.
Processing batch task - {"tag":"microsoft.storage-2020-08-01-preview"} .
INFORMATION: > Loading local AutoRest extension '@autorest/bicep' (/home/runner/work/bicep-types-az/bicep-types-az/src/generator)
WARNING: Semantic validation was skipped.
INFORMATION: Resource type Microsoft.Storage/storageAccounts/tableServices/tables under path '/subscriptions/{subscriptionId}/resourceGroups/{resourceGroupName}/providers/Microsoft.Storage/storageAccounts/{accountName}/tableServices/default/tables/{tableName}' has no body defined.
Processing batch task - {"tag":"microsoft.storage-2019-06-01"} .
INFORMATION: > Loading local AutoRest extension '@autorest/bicep' (/home/runner/work/bicep-types-az/bicep-types-az/src/generator)
WARNING: Semantic validation was skipped.
INFORMATION: Resource type Microsoft.Storage/storageAccounts/tableServices/tables under path '/subscriptions/{subscriptionId}/resourceGroups/{resourceGroupName}/providers/Microsoft.Storage/storageAccounts/{accountName}/tableServices/default/tables/{tableName}' has no body defined.
Processing batch task - {"tag":"microsoft.storage-2019-04-01"} .
INFORMATION: > Loading local AutoRest extension '@autorest/bicep' (/home/runner/work/bicep-types-az/bicep-types-az/src/generator)
WARNING: Semantic validation was skipped.
Processing batch task - {"tag":"microsoft.storage-2018-11-01"} .
INFORMATION: > Loading local AutoRest extension '@autorest/bicep' (/home/runner/work/bicep-types-az/bicep-types-az/src/generator)
WARNING: Semantic validation was skipped.
Processing batch task - {"tag":"microsoft.storage-2018-07-01"} .
INFORMATION: > Loading local AutoRest extension '@autorest/bicep' (/home/runner/work/bicep-types-az/bicep-types-az/src/generator)
WARNING: Semantic validation was skipped.
Processing batch task - {"tag":"microsoft.storage-2018-03-01-preview"} .
INFORMATION: > Loading local AutoRest extension '@autorest/bicep' (/home/runner/work/bicep-types-az/bicep-types-az/src/generator)
WARNING: Semantic validation was skipped.
Processing batch task - {"tag":"microsoft.storage-2018-02-01"} .
INFORMATION: > Loading local AutoRest extension '@autorest/bicep' (/home/runner/work/bicep-types-az/bicep-types-az/src/generator)
WARNING: Semantic validation was skipped.
Processing batch task - {"tag":"microsoft.storage-2017-10-01"} .
INFORMATION: > Loading local AutoRest extension '@autorest/bicep' (/home/runner/work/bicep-types-az/bicep-types-az/src/generator)
WARNING: Semantic validation was skipped.
Processing batch task - {"tag":"microsoft.storage-2017-06-01"} .
INFORMATION: > Loading local AutoRest extension '@autorest/bicep' (/home/runner/work/bicep-types-az/bicep-types-az/src/generator)
WARNING: Semantic validation was skipped.
Processing batch task - {"tag":"microsoft.storage-2016-12-01"} .
INFORMATION: > Loading local AutoRest extension '@autorest/bicep' (/home/runner/work/bicep-types-az/bicep-types-az/src/generator)
WARNING: Semantic validation was skipped.
Processing batch task - {"tag":"microsoft.storage-2016-05-01"} .
INFORMATION: > Loading local AutoRest extension '@autorest/bicep' (/home/runner/work/bicep-types-az/bicep-types-az/src/generator)
WARNING: Semantic validation was skipped.
Processing batch task - {"tag":"microsoft.storage-2016-01-01"} .
INFORMATION: > Loading local AutoRest extension '@autorest/bicep' (/home/runner/work/bicep-types-az/bicep-types-az/src/generator)
WARNING: Semantic validation was skipped.
Processing batch task - {"tag":"microsoft.storage-2015-06-15"} .
INFORMATION: > Loading local AutoRest extension '@autorest/bicep' (/home/runner/work/bicep-types-az/bicep-types-az/src/generator)
WARNING: Semantic validation was skipped.
Processing batch task - {"tag":"microsoft.storage-2015-05-01-preview"} .
INFORMATION: > Loading local AutoRest extension '@autorest/bicep' (/home/runner/work/bicep-types-az/bicep-types-az/src/generator)
WARNING: Semantic validation was skipped.
[115.76 s] Generation Complete
