Generating types for 'specification/deviceregistry/resource-manager/readme.md'
AutoRest code generation utility [cli version: 3.7.2; node: v22.22.0]
(C) 2018 Microsoft Corporation.
https://aka.ms/autorest
warning | SkippedSemanticValidation | Semantic validation was skipped.
warning | PreCheck/CheckDuplicateSchemas | Checking for duplicate schemas, this could take a (long) while.  Run with --verbose for more detail.
warning | Modeler/MissingType | The schema 'components·tn8snt·schemas·assetproperties·properties·attributes·additionalproperties' has no type or format information whatsoever. Location:
   file:///home/runner/work/bicep-types-az/bicep-types-az/workflow-temp/azure-rest-api-specs/specification/deviceregistry/resource-manager/Microsoft.DeviceRegistry/preview/2026-03-01-preview/deviceregistry.json#/components/schemas/components·tn8snt·schemas·assetproperties·properties·attributes·additionalproperties
warning | Modeler/MissingType | The schema 'components·mu8ft2·schemas·assetupdateproperties·properties·attributes·additionalproperties' has no type or format information whatsoever. Location:
   file:///home/runner/work/bicep-types-az/bicep-types-az/workflow-temp/azure-rest-api-specs/specification/deviceregistry/resource-manager/Microsoft.DeviceRegistry/preview/2026-03-01-preview/deviceregistry.json#/components/schemas/components·mu8ft2·schemas·assetupdateproperties·properties·attributes·additionalproperties
warning | Modeler/MissingType | The schema 'components·1rdpywl·schemas·namespaceassetproperties·properties·attributes·additionalproperties' has no type or format information whatsoever. Location:
   file:///home/runner/work/bicep-types-az/bicep-types-az/workflow-temp/azure-rest-api-specs/specification/deviceregistry/resource-manager/Microsoft.DeviceRegistry/preview/2026-03-01-preview/deviceregistry.json#/components/schemas/components·1rdpywl·schemas·namespaceassetproperties·properties·attributes·additionalproperties
warning | Modeler/MissingType | The schema 'components·1vg9hdb·schemas·namespaceassetupdateproperties·properties·attributes·additionalproperties' has no type or format information whatsoever. Location:
   file:///home/runner/work/bicep-types-az/bicep-types-az/workflow-temp/azure-rest-api-specs/specification/deviceregistry/resource-manager/Microsoft.DeviceRegistry/preview/2026-03-01-preview/deviceregistry.json#/components/schemas/components·1vg9hdb·schemas·namespaceassetupdateproperties·properties·attributes·additionalproperties
warning | Modeler/MissingType | The schema 'components·1sf5qb·schemas·namespacedeviceproperties·properties·attributes·additionalproperties' has no type or format information whatsoever. Location:
   file:///home/runner/work/bicep-types-az/bicep-types-az/workflow-temp/azure-rest-api-specs/specification/deviceregistry/resource-manager/Microsoft.DeviceRegistry/preview/2026-03-01-preview/deviceregistry.json#/components/schemas/components·1sf5qb·schemas·namespacedeviceproperties·properties·attributes·additionalproperties
warning | Modeler/MissingType | The schema 'components·1xijpxh·schemas·namespacedeviceupdateproperties·properties·attributes·additionalproperties' has no type or format information whatsoever. Location:
   file:///home/runner/work/bicep-types-az/bicep-types-az/workflow-temp/azure-rest-api-specs/specification/deviceregistry/resource-manager/Microsoft.DeviceRegistry/preview/2026-03-01-preview/deviceregistry.json#/components/schemas/components·1xijpxh·schemas·namespacedeviceupdateproperties·properties·attributes·additionalproperties
warning | Modeler/MissingType | The schema 'components·9q249f·schemas·namespacediscoveredassetproperties·properties·attributes·additionalproperties' has no type or format information whatsoever. Location:
   file:///home/runner/work/bicep-types-az/bicep-types-az/workflow-temp/azure-rest-api-specs/specification/deviceregistry/resource-manager/Microsoft.DeviceRegistry/preview/2026-03-01-preview/deviceregistry.json#/components/schemas/components·9q249f·schemas·namespacediscoveredassetproperties·properties·attributes·additionalproperties
warning | Modeler/MissingType | The schema 'components·627yat·schemas·namespacediscoveredassetupdateproperties·properties·attributes·additionalproperties' has no type or format information whatsoever. Location:
   file:///home/runner/work/bicep-types-az/bicep-types-az/workflow-temp/azure-rest-api-specs/specification/deviceregistry/resource-manager/Microsoft.DeviceRegistry/preview/2026-03-01-preview/deviceregistry.json#/components/schemas/components·627yat·schemas·namespacediscoveredassetupdateproperties·properties·attributes·additionalproperties
warning | Modeler/MissingType | The schema 'components·wm26v2·schemas·namespacediscovereddeviceproperties·properties·attributes·additionalproperties' has no type or format information whatsoever. Location:
   file:///home/runner/work/bicep-types-az/bicep-types-az/workflow-temp/azure-rest-api-specs/specification/deviceregistry/resource-manager/Microsoft.DeviceRegistry/preview/2026-03-01-preview/deviceregistry.json#/components/schemas/components·wm26v2·schemas·namespacediscovereddeviceproperties·properties·attributes·additionalproperties
warning | Modeler/MissingType | The schema 'components·5rsl2·schemas·namespacediscovereddeviceupdateproperties·properties·attributes·additionalproperties' has no type or format information whatsoever. Location:
   file:///home/runner/work/bicep-types-az/bicep-types-az/workflow-temp/azure-rest-api-specs/specification/deviceregistry/resource-manager/Microsoft.DeviceRegistry/preview/2026-03-01-preview/deviceregistry.json#/components/schemas/components·5rsl2·schemas·namespacediscovereddeviceupdateproperties·properties·attributes·additionalproperties
warning | SkippedSemanticValidation | Semantic validation was skipped.
warning | PreCheck/CheckDuplicateSchemas | Checking for duplicate schemas, this could take a (long) while.  Run with --verbose for more detail.
warning | Modeler/MissingType | The schema 'components·tn8snt·schemas·assetproperties·properties·attributes·additionalproperties' has no type or format information whatsoever. Location:
   file:///home/runner/work/bicep-types-az/bicep-types-az/workflow-temp/azure-rest-api-specs/specification/deviceregistry/resource-manager/Microsoft.DeviceRegistry/preview/2025-11-01-preview/deviceregistry.json#/components/schemas/components·tn8snt·schemas·assetproperties·properties·attributes·additionalproperties
warning | Modeler/MissingType | The schema 'components·mu8ft2·schemas·assetupdateproperties·properties·attributes·additionalproperties' has no type or format information whatsoever. Location:
   file:///home/runner/work/bicep-types-az/bicep-types-az/workflow-temp/azure-rest-api-specs/specification/deviceregistry/resource-manager/Microsoft.DeviceRegistry/preview/2025-11-01-preview/deviceregistry.json#/components/schemas/components·mu8ft2·schemas·assetupdateproperties·properties·attributes·additionalproperties
warning | Modeler/MissingType | The schema 'components·1rdpywl·schemas·namespaceassetproperties·properties·attributes·additionalproperties' has no type or format information whatsoever. Location:
   file:///home/runner/work/bicep-types-az/bicep-types-az/workflow-temp/azure-rest-api-specs/specification/deviceregistry/resource-manager/Microsoft.DeviceRegistry/preview/2025-11-01-preview/deviceregistry.json#/components/schemas/components·1rdpywl·schemas·namespaceassetproperties·properties·attributes·additionalproperties
warning | Modeler/MissingType | The schema 'components·1vg9hdb·schemas·namespaceassetupdateproperties·properties·attributes·additionalproperties' has no type or format information whatsoever. Location:
   file:///home/runner/work/bicep-types-az/bicep-types-az/workflow-temp/azure-rest-api-specs/specification/deviceregistry/resource-manager/Microsoft.DeviceRegistry/preview/2025-11-01-preview/deviceregistry.json#/components/schemas/components·1vg9hdb·schemas·namespaceassetupdateproperties·properties·attributes·additionalproperties
warning | Modeler/MissingType | The schema 'components·1sf5qb·schemas·namespacedeviceproperties·properties·attributes·additionalproperties' has no type or format information whatsoever. Location:
   file:///home/runner/work/bicep-types-az/bicep-types-az/workflow-temp/azure-rest-api-specs/specification/deviceregistry/resource-manager/Microsoft.DeviceRegistry/preview/2025-11-01-preview/deviceregistry.json#/components/schemas/components·1sf5qb·schemas·namespacedeviceproperties·properties·attributes·additionalproperties
warning | Modeler/MissingType | The schema 'components·1xijpxh·schemas·namespacedeviceupdateproperties·properties·attributes·additionalproperties' has no type or format information whatsoever. Location:
   file:///home/runner/work/bicep-types-az/bicep-types-az/workflow-temp/azure-rest-api-specs/specification/deviceregistry/resource-manager/Microsoft.DeviceRegistry/preview/2025-11-01-preview/deviceregistry.json#/components/schemas/components·1xijpxh·schemas·namespacedeviceupdateproperties·properties·attributes·additionalproperties
warning | Modeler/MissingType | The schema 'components·9q249f·schemas·namespacediscoveredassetproperties·properties·attributes·additionalproperties' has no type or format information whatsoever. Location:
   file:///home/runner/work/bicep-types-az/bicep-types-az/workflow-temp/azure-rest-api-specs/specification/deviceregistry/resource-manager/Microsoft.DeviceRegistry/preview/2025-11-01-preview/deviceregistry.json#/components/schemas/components·9q249f·schemas·namespacediscoveredassetproperties·properties·attributes·additionalproperties
warning | Modeler/MissingType | The schema 'components·627yat·schemas·namespacediscoveredassetupdateproperties·properties·attributes·additionalproperties' has no type or format information whatsoever. Location:
   file:///home/runner/work/bicep-types-az/bicep-types-az/workflow-temp/azure-rest-api-specs/specification/deviceregistry/resource-manager/Microsoft.DeviceRegistry/preview/2025-11-01-preview/deviceregistry.json#/components/schemas/components·627yat·schemas·namespacediscoveredassetupdateproperties·properties·attributes·additionalproperties
warning | Modeler/MissingType | The schema 'components·wm26v2·schemas·namespacediscovereddeviceproperties·properties·attributes·additionalproperties' has no type or format information whatsoever. Location:
   file:///home/runner/work/bicep-types-az/bicep-types-az/workflow-temp/azure-rest-api-specs/specification/deviceregistry/resource-manager/Microsoft.DeviceRegistry/preview/2025-11-01-preview/deviceregistry.json#/components/schemas/components·wm26v2·schemas·namespacediscovereddeviceproperties·properties·attributes·additionalproperties
warning | Modeler/MissingType | The schema 'components·5rsl2·schemas·namespacediscovereddeviceupdateproperties·properties·attributes·additionalproperties' has no type or format information whatsoever. Location:
   file:///home/runner/work/bicep-types-az/bicep-types-az/workflow-temp/azure-rest-api-specs/specification/deviceregistry/resource-manager/Microsoft.DeviceRegistry/preview/2025-11-01-preview/deviceregistry.json#/components/schemas/components·5rsl2·schemas·namespacediscovereddeviceupdateproperties·properties·attributes·additionalproperties
warning | SkippedSemanticValidation | Semantic validation was skipped.
warning | PreCheck/CheckDuplicateSchemas | Checking for duplicate schemas, this could take a (long) while.  Run with --verbose for more detail.
warning | Modeler/MissingType | The schema 'components·tn8snt·schemas·assetproperties·properties·attributes·additionalproperties' has no type or format information whatsoever. Location:
   file:///home/runner/work/bicep-types-az/bicep-types-az/workflow-temp/azure-rest-api-specs/specification/deviceregistry/resource-manager/Microsoft.DeviceRegistry/stable/2025-10-01/deviceregistry.json#/components/schemas/components·tn8snt·schemas·assetproperties·properties·attributes·additionalproperties
warning | Modeler/MissingType | The schema 'components·mu8ft2·schemas·assetupdateproperties·properties·attributes·additionalproperties' has no type or format information whatsoever. Location:
   file:///home/runner/work/bicep-types-az/bicep-types-az/workflow-temp/azure-rest-api-specs/specification/deviceregistry/resource-manager/Microsoft.DeviceRegistry/stable/2025-10-01/deviceregistry.json#/components/schemas/components·mu8ft2·schemas·assetupdateproperties·properties·attributes·additionalproperties
warning | Modeler/MissingType | The schema 'components·1rdpywl·schemas·namespaceassetproperties·properties·attributes·additionalproperties' has no type or format information whatsoever. Location:
   file:///home/runner/work/bicep-types-az/bicep-types-az/workflow-temp/azure-rest-api-specs/specification/deviceregistry/resource-manager/Microsoft.DeviceRegistry/stable/2025-10-01/deviceregistry.json#/components/schemas/components·1rdpywl·schemas·namespaceassetproperties·properties·attributes·additionalproperties
warning | Modeler/MissingType | The schema 'components·1vg9hdb·schemas·namespaceassetupdateproperties·properties·attributes·additionalproperties' has no type or format information whatsoever. Location:
   file:///home/runner/work/bicep-types-az/bicep-types-az/workflow-temp/azure-rest-api-specs/specification/deviceregistry/resource-manager/Microsoft.DeviceRegistry/stable/2025-10-01/deviceregistry.json#/components/schemas/components·1vg9hdb·schemas·namespaceassetupdateproperties·properties·attributes·additionalproperties
warning | Modeler/MissingType | The schema 'components·1sf5qb·schemas·namespacedeviceproperties·properties·attributes·additionalproperties' has no type or format information whatsoever. Location:
   file:///home/runner/work/bicep-types-az/bicep-types-az/workflow-temp/azure-rest-api-specs/specification/deviceregistry/resource-manager/Microsoft.DeviceRegistry/stable/2025-10-01/deviceregistry.json#/components/schemas/components·1sf5qb·schemas·namespacedeviceproperties·properties·attributes·additionalproperties
warning | Modeler/MissingType | The schema 'components·1xijpxh·schemas·namespacedeviceupdateproperties·properties·attributes·additionalproperties' has no type or format information whatsoever. Location:
   file:///home/runner/work/bicep-types-az/bicep-types-az/workflow-temp/azure-rest-api-specs/specification/deviceregistry/resource-manager/Microsoft.DeviceRegistry/stable/2025-10-01/deviceregistry.json#/components/schemas/components·1xijpxh·schemas·namespacedeviceupdateproperties·properties·attributes·additionalproperties
warning | Modeler/MissingType | The schema 'components·9q249f·schemas·namespacediscoveredassetproperties·properties·attributes·additionalproperties' has no type or format information whatsoever. Location:
   file:///home/runner/work/bicep-types-az/bicep-types-az/workflow-temp/azure-rest-api-specs/specification/deviceregistry/resource-manager/Microsoft.DeviceRegistry/stable/2025-10-01/deviceregistry.json#/components/schemas/components·9q249f·schemas·namespacediscoveredassetproperties·properties·attributes·additionalproperties
warning | Modeler/MissingType | The schema 'components·627yat·schemas·namespacediscoveredassetupdateproperties·properties·attributes·additionalproperties' has no type or format information whatsoever. Location:
   file:///home/runner/work/bicep-types-az/bicep-types-az/workflow-temp/azure-rest-api-specs/specification/deviceregistry/resource-manager/Microsoft.DeviceRegistry/stable/2025-10-01/deviceregistry.json#/components/schemas/components·627yat·schemas·namespacediscoveredassetupdateproperties·properties·attributes·additionalproperties
warning | Modeler/MissingType | The schema 'components·wm26v2·schemas·namespacediscovereddeviceproperties·properties·attributes·additionalproperties' has no type or format information whatsoever. Location:
   file:///home/runner/work/bicep-types-az/bicep-types-az/workflow-temp/azure-rest-api-specs/specification/deviceregistry/resource-manager/Microsoft.DeviceRegistry/stable/2025-10-01/deviceregistry.json#/components/schemas/components·wm26v2·schemas·namespacediscovereddeviceproperties·properties·attributes·additionalproperties
warning | Modeler/MissingType | The schema 'components·5rsl2·schemas·namespacediscovereddeviceupdateproperties·properties·attributes·additionalproperties' has no type or format information whatsoever. Location:
   file:///home/runner/work/bicep-types-az/bicep-types-az/workflow-temp/azure-rest-api-specs/specification/deviceregistry/resource-manager/Microsoft.DeviceRegistry/stable/2025-10-01/deviceregistry.json#/components/schemas/components·5rsl2·schemas·namespacediscovereddeviceupdateproperties·properties·attributes·additionalproperties
warning | SkippedSemanticValidation | Semantic validation was skipped.
warning | PreCheck/CheckDuplicateSchemas | Checking for duplicate schemas, this could take a (long) while.  Run with --verbose for more detail.
warning | Modeler/MissingType | The schema 'components·tn8snt·schemas·assetproperties·properties·attributes·additionalproperties' has no type or format information whatsoever. Location:
   file:///home/runner/work/bicep-types-az/bicep-types-az/workflow-temp/azure-rest-api-specs/specification/deviceregistry/resource-manager/Microsoft.DeviceRegistry/preview/2025-07-01-preview/deviceregistry.json#/components/schemas/components·tn8snt·schemas·assetproperties·properties·attributes·additionalproperties
warning | Modeler/MissingType | The schema 'components·mu8ft2·schemas·assetupdateproperties·properties·attributes·additionalproperties' has no type or format information whatsoever. Location:
   file:///home/runner/work/bicep-types-az/bicep-types-az/workflow-temp/azure-rest-api-specs/specification/deviceregistry/resource-manager/Microsoft.DeviceRegistry/preview/2025-07-01-preview/deviceregistry.json#/components/schemas/components·mu8ft2·schemas·assetupdateproperties·properties·attributes·additionalproperties
warning | Modeler/MissingType | The schema 'components·1rdpywl·schemas·namespaceassetproperties·properties·attributes·additionalproperties' has no type or format information whatsoever. Location:
   file:///home/runner/work/bicep-types-az/bicep-types-az/workflow-temp/azure-rest-api-specs/specification/deviceregistry/resource-manager/Microsoft.DeviceRegistry/preview/2025-07-01-preview/deviceregistry.json#/components/schemas/components·1rdpywl·schemas·namespaceassetproperties·properties·attributes·additionalproperties
warning | Modeler/MissingType | The schema 'components·1vg9hdb·schemas·namespaceassetupdateproperties·properties·attributes·additionalproperties' has no type or format information whatsoever. Location:
   file:///home/runner/work/bicep-types-az/bicep-types-az/workflow-temp/azure-rest-api-specs/specification/deviceregistry/resource-manager/Microsoft.DeviceRegistry/preview/2025-07-01-preview/deviceregistry.json#/components/schemas/components·1vg9hdb·schemas·namespaceassetupdateproperties·properties·attributes·additionalproperties
warning | Modeler/MissingType | The schema 'components·1sf5qb·schemas·namespacedeviceproperties·properties·attributes·additionalproperties' has no type or format information whatsoever. Location:
   file:///home/runner/work/bicep-types-az/bicep-types-az/workflow-temp/azure-rest-api-specs/specification/deviceregistry/resource-manager/Microsoft.DeviceRegistry/preview/2025-07-01-preview/deviceregistry.json#/components/schemas/components·1sf5qb·schemas·namespacedeviceproperties·properties·attributes·additionalproperties
warning | Modeler/MissingType | The schema 'components·1xijpxh·schemas·namespacedeviceupdateproperties·properties·attributes·additionalproperties' has no type or format information whatsoever. Location:
   file:///home/runner/work/bicep-types-az/bicep-types-az/workflow-temp/azure-rest-api-specs/specification/deviceregistry/resource-manager/Microsoft.DeviceRegistry/preview/2025-07-01-preview/deviceregistry.json#/components/schemas/components·1xijpxh·schemas·namespacedeviceupdateproperties·properties·attributes·additionalproperties
warning | Modeler/MissingType | The schema 'components·9q249f·schemas·namespacediscoveredassetproperties·properties·attributes·additionalproperties' has no type or format information whatsoever. Location:
   file:///home/runner/work/bicep-types-az/bicep-types-az/workflow-temp/azure-rest-api-specs/specification/deviceregistry/resource-manager/Microsoft.DeviceRegistry/preview/2025-07-01-preview/deviceregistry.json#/components/schemas/components·9q249f·schemas·namespacediscoveredassetproperties·properties·attributes·additionalproperties
warning | Modeler/MissingType | The schema 'components·627yat·schemas·namespacediscoveredassetupdateproperties·properties·attributes·additionalproperties' has no type or format information whatsoever. Location:
   file:///home/runner/work/bicep-types-az/bicep-types-az/workflow-temp/azure-rest-api-specs/specification/deviceregistry/resource-manager/Microsoft.DeviceRegistry/preview/2025-07-01-preview/deviceregistry.json#/components/schemas/components·627yat·schemas·namespacediscoveredassetupdateproperties·properties·attributes·additionalproperties
warning | Modeler/MissingType | The schema 'components·wm26v2·schemas·namespacediscovereddeviceproperties·properties·attributes·additionalproperties' has no type or format information whatsoever. Location:
   file:///home/runner/work/bicep-types-az/bicep-types-az/workflow-temp/azure-rest-api-specs/specification/deviceregistry/resource-manager/Microsoft.DeviceRegistry/preview/2025-07-01-preview/deviceregistry.json#/components/schemas/components·wm26v2·schemas·namespacediscovereddeviceproperties·properties·attributes·additionalproperties
warning | Modeler/MissingType | The schema 'components·5rsl2·schemas·namespacediscovereddeviceupdateproperties·properties·attributes·additionalproperties' has no type or format information whatsoever. Location:
   file:///home/runner/work/bicep-types-az/bicep-types-az/workflow-temp/azure-rest-api-specs/specification/deviceregistry/resource-manager/Microsoft.DeviceRegistry/preview/2025-07-01-preview/deviceregistry.json#/components/schemas/components·5rsl2·schemas·namespacediscovereddeviceupdateproperties·properties·attributes·additionalproperties
warning | SkippedSemanticValidation | Semantic validation was skipped.
warning | PreCheck/CheckDuplicateSchemas | Checking for duplicate schemas, this could take a (long) while.  Run with --verbose for more detail.
warning | Modeler/MissingType | The schema 'components·tn8snt·schemas·assetproperties·properties·attributes·additionalproperties' has no type or format information whatsoever. Location:
   file:///home/runner/work/bicep-types-az/bicep-types-az/workflow-temp/azure-rest-api-specs/specification/deviceregistry/resource-manager/Microsoft.DeviceRegistry/stable/2024-11-01/deviceregistry.json#/components/schemas/components·tn8snt·schemas·assetproperties·properties·attributes·additionalproperties
warning | Modeler/MissingType | The schema 'components·mu8ft2·schemas·assetupdateproperties·properties·attributes·additionalproperties' has no type or format information whatsoever. Location:
   file:///home/runner/work/bicep-types-az/bicep-types-az/workflow-temp/azure-rest-api-specs/specification/deviceregistry/resource-manager/Microsoft.DeviceRegistry/stable/2024-11-01/deviceregistry.json#/components/schemas/components·mu8ft2·schemas·assetupdateproperties·properties·attributes·additionalproperties
warning | SkippedSemanticValidation | Semantic validation was skipped.
warning | PreCheck/CheckDuplicateSchemas | Checking for duplicate schemas, this could take a (long) while.  Run with --verbose for more detail.
warning | Modeler/MissingType | The schema 'components·tn8snt·schemas·assetproperties·properties·attributes·additionalproperties' has no type or format information whatsoever. Location:
   file:///home/runner/work/bicep-types-az/bicep-types-az/workflow-temp/azure-rest-api-specs/specification/deviceregistry/resource-manager/Microsoft.DeviceRegistry/preview/2024-09-01-preview/deviceregistry.json#/components/schemas/components·tn8snt·schemas·assetproperties·properties·attributes·additionalproperties
warning | Modeler/MissingType | The schema 'components·mu8ft2·schemas·assetupdateproperties·properties·attributes·additionalproperties' has no type or format information whatsoever. Location:
   file:///home/runner/work/bicep-types-az/bicep-types-az/workflow-temp/azure-rest-api-specs/specification/deviceregistry/resource-manager/Microsoft.DeviceRegistry/preview/2024-09-01-preview/deviceregistry.json#/components/schemas/components·mu8ft2·schemas·assetupdateproperties·properties·attributes·additionalproperties
warning | SkippedSemanticValidation | Semantic validation was skipped.
warning | PreCheck/CheckDuplicateSchemas | Checking for duplicate schemas, this could take a (long) while.  Run with --verbose for more detail.
warning | Modeler/MissingType | The schema 'components·tn8snt·schemas·assetproperties·properties·attributes·additionalproperties' has no type or format information whatsoever. Location:
   file:///home/runner/work/bicep-types-az/bicep-types-az/workflow-temp/azure-rest-api-specs/specification/deviceregistry/resource-manager/Microsoft.DeviceRegistry/preview/2023-11-01-preview/deviceregistry.json#/components/schemas/components·tn8snt·schemas·assetproperties·properties·attributes·additionalproperties
warning | Modeler/MissingType | The schema 'components·mu8ft2·schemas·assetupdateproperties·properties·attributes·additionalproperties' has no type or format information whatsoever. Location:
   file:///home/runner/work/bicep-types-az/bicep-types-az/workflow-temp/azure-rest-api-specs/specification/deviceregistry/resource-manager/Microsoft.DeviceRegistry/preview/2023-11-01-preview/deviceregistry.json#/components/schemas/components·mu8ft2·schemas·assetupdateproperties·properties·attributes·additionalproperties
