AutoRest code generation utility [cli version: 3.2.1; node: v14.17.0, max-memory: 2048 MB]
(C) 2018 Microsoft Corporation.
https://aka.ms/autorest
   Loading AutoRest core      '/home/runner/work/bicep-types-az/bicep-types-az/src/generator/node_modules/@autorest/core/dist' (3.4.3)
INFORMATION: > Loading local AutoRest extension '@autorest/bicep' (/home/runner/work/bicep-types-az/bicep-types-az/src/generator)
Processing batch task - {"tag":"microsoft.eventgrid-2020-10-15-preview"} .
INFORMATION: > Loading local AutoRest extension '@autorest/bicep' (/home/runner/work/bicep-types-az/bicep-types-az/src/generator)
WARNING: Semantic validation was skipped.
INFORMATION: Resource type Microsoft.EventGrid/domains/topics under path '/subscriptions/{subscriptionId}/resourceGroups/{resourceGroupName}/providers/Microsoft.EventGrid/domains/{domainName}/topics/{domainTopicName}' has no body defined.
Processing batch task - {"tag":"microsoft.eventgrid-2020-06-01"} .
INFORMATION: > Loading local AutoRest extension '@autorest/bicep' (/home/runner/work/bicep-types-az/bicep-types-az/src/generator)
WARNING: Semantic validation was skipped.
INFORMATION: Resource type Microsoft.EventGrid/domains/topics under path '/subscriptions/{subscriptionId}/resourceGroups/{resourceGroupName}/providers/Microsoft.EventGrid/domains/{domainName}/topics/{domainTopicName}' has no body defined.
Processing batch task - {"tag":"microsoft.eventgrid-2020-04-01-preview"} .
INFORMATION: > Loading local AutoRest extension '@autorest/bicep' (/home/runner/work/bicep-types-az/bicep-types-az/src/generator)
WARNING: Semantic validation was skipped.
INFORMATION: Resource type Microsoft.EventGrid/domains/topics under path '/subscriptions/{subscriptionId}/resourceGroups/{resourceGroupName}/providers/Microsoft.EventGrid/domains/{domainName}/topics/{domainTopicName}' has no body defined.
Processing batch task - {"tag":"microsoft.eventgrid-2020-01-01-preview"} .
INFORMATION: > Loading local AutoRest extension '@autorest/bicep' (/home/runner/work/bicep-types-az/bicep-types-az/src/generator)
WARNING: Semantic validation was skipped.
INFORMATION: Resource type Microsoft.EventGrid/domains/topics under path '/subscriptions/{subscriptionId}/resourceGroups/{resourceGroupName}/providers/Microsoft.EventGrid/domains/{domainName}/topics/{domainTopicName}' has no body defined.
Processing batch task - {"tag":"microsoft.eventgrid-2019-06-01"} .
INFORMATION: > Loading local AutoRest extension '@autorest/bicep' (/home/runner/work/bicep-types-az/bicep-types-az/src/generator)
WARNING: Semantic validation was skipped.
INFORMATION: Resource type Microsoft.EventGrid/domains/topics under path '/subscriptions/{subscriptionId}/resourceGroups/{resourceGroupName}/providers/Microsoft.EventGrid/domains/{domainName}/topics/{domainTopicName}' has no body defined.
Processing batch task - {"tag":"microsoft.eventgrid-2019-02-01-preview"} .
INFORMATION: > Loading local AutoRest extension '@autorest/bicep' (/home/runner/work/bicep-types-az/bicep-types-az/src/generator)
WARNING: Semantic validation was skipped.
INFORMATION: Resource type Microsoft.EventGrid/domains/topics under path '/subscriptions/{subscriptionId}/resourceGroups/{resourceGroupName}/providers/Microsoft.EventGrid/domains/{domainName}/topics/{domainTopicName}' has no body defined.
Processing batch task - {"tag":"microsoft.eventgrid-2019-01-01"} .
INFORMATION: > Loading local AutoRest extension '@autorest/bicep' (/home/runner/work/bicep-types-az/bicep-types-az/src/generator)
WARNING: Semantic validation was skipped.
Processing batch task - {"tag":"microsoft.eventgrid-2018-09-15-preview"} .
INFORMATION: > Loading local AutoRest extension '@autorest/bicep' (/home/runner/work/bicep-types-az/bicep-types-az/src/generator)
WARNING: Semantic validation was skipped.
Processing batch task - {"tag":"microsoft.eventgrid-2018-05-01-preview"} .
INFORMATION: > Loading local AutoRest extension '@autorest/bicep' (/home/runner/work/bicep-types-az/bicep-types-az/src/generator)
WARNING: Semantic validation was skipped.
Processing batch task - {"tag":"microsoft.eventgrid-2018-01-01"} .
INFORMATION: > Loading local AutoRest extension '@autorest/bicep' (/home/runner/work/bicep-types-az/bicep-types-az/src/generator)
WARNING: Semantic validation was skipped.
Processing batch task - {"tag":"microsoft.eventgrid-2017-09-15-preview"} .
INFORMATION: > Loading local AutoRest extension '@autorest/bicep' (/home/runner/work/bicep-types-az/bicep-types-az/src/generator)
WARNING: Semantic validation was skipped.
Processing batch task - {"tag":"microsoft.eventgrid-2017-06-15-preview"} .
INFORMATION: > Loading local AutoRest extension '@autorest/bicep' (/home/runner/work/bicep-types-az/bicep-types-az/src/generator)
WARNING: Semantic validation was skipped.
[55.24 s] Generation Complete
