Generating types for 'specification/compute/resource-manager/Microsoft.ContainerService/ContainerService/readme.md'
AutoRest code generation utility [cli version: 3.8.0; node: v22.22.2]
(C) 2018 Microsoft Corporation.
https://aka.ms/autorest
⚠️ AutoRest is deprecated and will be retired on July 1, 2026. Please migrate to TypeSpec: https://typespec.io — details: https://github.com/Azure/autorest/issues/5175
warning | DeprecatedConfig | Using directive.0.suppress which is deprecated and will be removed in the future.
warning | DeprecatedConfig | Using directive.1.suppress which is deprecated and will be removed in the future.
warning | DeprecatedConfig | Using directive.2.suppress which is deprecated and will be removed in the future.
warning | DeprecatedConfig | Using directive.3.suppress which is deprecated and will be removed in the future.
warning | DeprecatedConfig | Using directive.4.suppress which is deprecated and will be removed in the future.
warning | DeprecatedConfig | Using directive.5.suppress which is deprecated and will be removed in the future.
warning | DeprecatedConfig | Using directive.6.suppress which is deprecated and will be removed in the future.
warning | DeprecatedConfig | Using directive.7.suppress which is deprecated and will be removed in the future.
warning | DeprecatedConfig | Using directive.8.suppress which is deprecated and will be removed in the future.
warning | DeprecatedConfig | Using directive.9.suppress which is deprecated and will be removed in the future.
warning | DeprecatedConfig | Using directive.10.suppress which is deprecated and will be removed in the future.
warning | DeprecatedConfig | Using directive.11.suppress which is deprecated and will be removed in the future.
warning | DeprecatedConfig | Using directive.12.suppress which is deprecated and will be removed in the future.
warning | DeprecatedConfig | Using directive.13.suppress which is deprecated and will be removed in the future.
warning | DeprecatedConfig | Using directive.14.suppress which is deprecated and will be removed in the future.
warning | DeprecatedConfig | Using directive.15.suppress which is deprecated and will be removed in the future.
warning | DeprecatedConfig | Using directive.16.suppress which is deprecated and will be removed in the future.
warning | DeprecatedConfig | Using directive.17.suppress which is deprecated and will be removed in the future.
warning | DeprecatedConfig | Using directive.18.suppress which is deprecated and will be removed in the future.
warning | DeprecatedConfig | Using directive.19.suppress which is deprecated and will be removed in the future.
warning | DeprecatedConfig | Using directive.20.suppress which is deprecated and will be removed in the future.
warning | DeprecatedConfig | Using directive.21.suppress which is deprecated and will be removed in the future.
warning | DeprecatedConfig | Using directive.22.suppress which is deprecated and will be removed in the future.
warning | DeprecatedConfig | Using directive.23.suppress which is deprecated and will be removed in the future.
warning | DeprecatedConfig | Using directive.24.suppress which is deprecated and will be removed in the future.
warning | DeprecatedConfig | Using directive.25.suppress which is deprecated and will be removed in the future.
warning | DeprecatedConfig | Using directive.26.suppress which is deprecated and will be removed in the future.
warning | DeprecatedConfig | Using directive.27.suppress which is deprecated and will be removed in the future.
warning | DeprecatedConfig | Using directive.28.suppress which is deprecated and will be removed in the future.
warning | DeprecatedConfig | Using directive.29.suppress which is deprecated and will be removed in the future.
warning | DeprecatedConfig | Using directive.30.suppress which is deprecated and will be removed in the future.
warning | DeprecatedConfig | Using directive.31.suppress which is deprecated and will be removed in the future.
warning | DeprecatedConfig | Using directive.32.suppress which is deprecated and will be removed in the future.
warning | DeprecatedConfig | Using directive.33.suppress which is deprecated and will be removed in the future.
warning | DeprecatedConfig | Using directive.34.suppress which is deprecated and will be removed in the future.
warning | DeprecatedConfig | Using directive.35.suppress which is deprecated and will be removed in the future.
warning | DeprecatedConfig | Using directive.36.suppress which is deprecated and will be removed in the future.
warning | DeprecatedConfig | Using directive.37.suppress which is deprecated and will be removed in the future.
warning | DeprecatedConfig | Using directive.38.suppress which is deprecated and will be removed in the future.
warning | DeprecatedConfig | Using directive.39.suppress which is deprecated and will be removed in the future.
warning | DeprecatedConfig | Using directive.40.suppress which is deprecated and will be removed in the future.
warning | DeprecatedConfig | Using directive.41.suppress which is deprecated and will be removed in the future.
warning | DeprecatedConfig | Using directive.42.suppress which is deprecated and will be removed in the future.
warning | DeprecatedConfig | Using directive.43.suppress which is deprecated and will be removed in the future.
warning | DeprecatedConfig | Using directive.44.suppress which is deprecated and will be removed in the future.
warning | DeprecatedConfig | Using directive.45.suppress which is deprecated and will be removed in the future.
warning | DeprecatedConfig | Using directive.46.suppress which is deprecated and will be removed in the future.
warning | DeprecatedConfig | Using directive.47.suppress which is deprecated and will be removed in the future.
warning | DeprecatedConfig | Using directive.48.suppress which is deprecated and will be removed in the future.
warning | DeprecatedConfig | Using directive.49.suppress which is deprecated and will be removed in the future.
warning | DeprecatedConfig | Using directive.50.suppress which is deprecated and will be removed in the future.
warning | DeprecatedConfig | Using directive.51.suppress which is deprecated and will be removed in the future.
warning | DeprecatedConfig | Using directive.52.suppress which is deprecated and will be removed in the future.
warning | DeprecatedConfig | Using directive.53.suppress which is deprecated and will be removed in the future.
warning | DeprecatedConfig | Using directive.54.suppress which is deprecated and will be removed in the future.
warning | DeprecatedConfig | Using directive.55.suppress which is deprecated and will be removed in the future.
warning | DeprecatedConfig | Using directive.56.suppress which is deprecated and will be removed in the future.
warning | DeprecatedConfig | Using directive.57.suppress which is deprecated and will be removed in the future.
warning | DeprecatedConfig | Using directive.58.suppress which is deprecated and will be removed in the future.
warning | DeprecatedConfig | Using directive.59.suppress which is deprecated and will be removed in the future.
warning | DeprecatedConfig | Using directive.60.suppress which is deprecated and will be removed in the future.
warning | DeprecatedConfig | Using directive.61.suppress which is deprecated and will be removed in the future.
warning | DeprecatedConfig | Using directive.62.suppress which is deprecated and will be removed in the future.
warning | DeprecatedConfig | Using directive.63.suppress which is deprecated and will be removed in the future.
warning | DeprecatedConfig | Using directive.0.suppress which is deprecated and will be removed in the future.
warning | DeprecatedConfig | Using directive.1.suppress which is deprecated and will be removed in the future.
warning | DeprecatedConfig | Using directive.2.suppress which is deprecated and will be removed in the future.
warning | DeprecatedConfig | Using directive.3.suppress which is deprecated and will be removed in the future.
warning | DeprecatedConfig | Using directive.4.suppress which is deprecated and will be removed in the future.
warning | DeprecatedConfig | Using directive.5.suppress which is deprecated and will be removed in the future.
warning | DeprecatedConfig | Using directive.6.suppress which is deprecated and will be removed in the future.
warning | DeprecatedConfig | Using directive.7.suppress which is deprecated and will be removed in the future.
warning | DeprecatedConfig | Using directive.8.suppress which is deprecated and will be removed in the future.
warning | DeprecatedConfig | Using directive.9.suppress which is deprecated and will be removed in the future.
warning | DeprecatedConfig | Using directive.10.suppress which is deprecated and will be removed in the future.
warning | DeprecatedConfig | Using directive.11.suppress which is deprecated and will be removed in the future.
warning | DeprecatedConfig | Using directive.12.suppress which is deprecated and will be removed in the future.
warning | DeprecatedConfig | Using directive.13.suppress which is deprecated and will be removed in the future.
warning | DeprecatedConfig | Using directive.14.suppress which is deprecated and will be removed in the future.
warning | DeprecatedConfig | Using directive.15.suppress which is deprecated and will be removed in the future.
warning | DeprecatedConfig | Using directive.16.suppress which is deprecated and will be removed in the future.
warning | DeprecatedConfig | Using directive.17.suppress which is deprecated and will be removed in the future.
warning | DeprecatedConfig | Using directive.18.suppress which is deprecated and will be removed in the future.
warning | DeprecatedConfig | Using directive.19.suppress which is deprecated and will be removed in the future.
warning | DeprecatedConfig | Using directive.20.suppress which is deprecated and will be removed in the future.
warning | DeprecatedConfig | Using directive.21.suppress which is deprecated and will be removed in the future.
warning | DeprecatedConfig | Using directive.22.suppress which is deprecated and will be removed in the future.
warning | DeprecatedConfig | Using directive.23.suppress which is deprecated and will be removed in the future.
warning | DeprecatedConfig | Using directive.24.suppress which is deprecated and will be removed in the future.
warning | DeprecatedConfig | Using directive.25.suppress which is deprecated and will be removed in the future.
warning | DeprecatedConfig | Using directive.26.suppress which is deprecated and will be removed in the future.
warning | DeprecatedConfig | Using directive.27.suppress which is deprecated and will be removed in the future.
warning | DeprecatedConfig | Using directive.28.suppress which is deprecated and will be removed in the future.
warning | DeprecatedConfig | Using directive.29.suppress which is deprecated and will be removed in the future.
warning | DeprecatedConfig | Using directive.30.suppress which is deprecated and will be removed in the future.
warning | DeprecatedConfig | Using directive.31.suppress which is deprecated and will be removed in the future.
warning | DeprecatedConfig | Using directive.32.suppress which is deprecated and will be removed in the future.
warning | DeprecatedConfig | Using directive.33.suppress which is deprecated and will be removed in the future.
warning | DeprecatedConfig | Using directive.34.suppress which is deprecated and will be removed in the future.
warning | DeprecatedConfig | Using directive.35.suppress which is deprecated and will be removed in the future.
warning | DeprecatedConfig | Using directive.36.suppress which is deprecated and will be removed in the future.
warning | DeprecatedConfig | Using directive.37.suppress which is deprecated and will be removed in the future.
warning | DeprecatedConfig | Using directive.38.suppress which is deprecated and will be removed in the future.
warning | DeprecatedConfig | Using directive.39.suppress which is deprecated and will be removed in the future.
warning | DeprecatedConfig | Using directive.40.suppress which is deprecated and will be removed in the future.
warning | DeprecatedConfig | Using directive.41.suppress which is deprecated and will be removed in the future.
warning | DeprecatedConfig | Using directive.42.suppress which is deprecated and will be removed in the future.
warning | DeprecatedConfig | Using directive.43.suppress which is deprecated and will be removed in the future.
warning | DeprecatedConfig | Using directive.44.suppress which is deprecated and will be removed in the future.
warning | DeprecatedConfig | Using directive.45.suppress which is deprecated and will be removed in the future.
warning | DeprecatedConfig | Using directive.46.suppress which is deprecated and will be removed in the future.
warning | DeprecatedConfig | Using directive.47.suppress which is deprecated and will be removed in the future.
warning | DeprecatedConfig | Using directive.48.suppress which is deprecated and will be removed in the future.
warning | DeprecatedConfig | Using directive.49.suppress which is deprecated and will be removed in the future.
warning | DeprecatedConfig | Using directive.50.suppress which is deprecated and will be removed in the future.
warning | DeprecatedConfig | Using directive.51.suppress which is deprecated and will be removed in the future.
warning | DeprecatedConfig | Using directive.52.suppress which is deprecated and will be removed in the future.
warning | DeprecatedConfig | Using directive.53.suppress which is deprecated and will be removed in the future.
warning | DeprecatedConfig | Using directive.54.suppress which is deprecated and will be removed in the future.
warning | DeprecatedConfig | Using directive.55.suppress which is deprecated and will be removed in the future.
warning | DeprecatedConfig | Using directive.56.suppress which is deprecated and will be removed in the future.
warning | DeprecatedConfig | Using directive.57.suppress which is deprecated and will be removed in the future.
warning | DeprecatedConfig | Using directive.58.suppress which is deprecated and will be removed in the future.
warning | DeprecatedConfig | Using directive.59.suppress which is deprecated and will be removed in the future.
warning | DeprecatedConfig | Using directive.60.suppress which is deprecated and will be removed in the future.
warning | DeprecatedConfig | Using directive.61.suppress which is deprecated and will be removed in the future.
warning | DeprecatedConfig | Using directive.62.suppress which is deprecated and will be removed in the future.
warning | DeprecatedConfig | Using directive.63.suppress which is deprecated and will be removed in the future.
warning | SkippedSemanticValidation | Semantic validation was skipped.
warning | PreCheck/SchemaMissingType | The schema 'Resource' with an undefined type and declared properties is a bit ambiguous. This has been auto-corrected to 'type:object'
    - file:///home/runner/work/bicep-types-az/bicep-types-az/workflow-temp/azure-rest-api-specs/specification/compute/resource-manager/Microsoft.ContainerService/ContainerService/stable/2017-01-31/containerService.json:268:5
warning | PreCheck/SchemaMissingType | The schema 'ContainerServiceCustomProfile' with an undefined type and declared properties is a bit ambiguous. This has been auto-corrected to 'type:object'
    - file:///home/runner/work/bicep-types-az/bicep-types-az/workflow-temp/azure-rest-api-specs/specification/compute/resource-manager/Microsoft.ContainerService/ContainerService/stable/2017-01-31/containerService.json:303:5
warning | PreCheck/SchemaMissingType | The schema 'ContainerServiceServicePrincipalProfile' with an undefined type and declared properties is a bit ambiguous. This has been auto-corrected to 'type:object'
    - file:///home/runner/work/bicep-types-az/bicep-types-az/workflow-temp/azure-rest-api-specs/specification/compute/resource-manager/Microsoft.ContainerService/ContainerService/stable/2017-01-31/containerService.json:315:5
warning | PreCheck/SchemaMissingType | The schema 'ContainerServiceOrchestratorProfile' with an undefined type and declared properties is a bit ambiguous. This has been auto-corrected to 'type:object'
    - file:///home/runner/work/bicep-types-az/bicep-types-az/workflow-temp/azure-rest-api-specs/specification/compute/resource-manager/Microsoft.ContainerService/ContainerService/stable/2017-01-31/containerService.json:332:5
warning | PreCheck/SchemaMissingType | The schema 'ContainerServiceMasterProfile' with an undefined type and declared properties is a bit ambiguous. This has been auto-corrected to 'type:object'
    - file:///home/runner/work/bicep-types-az/bicep-types-az/workflow-temp/azure-rest-api-specs/specification/compute/resource-manager/Microsoft.ContainerService/ContainerService/stable/2017-01-31/containerService.json:354:5
warning | PreCheck/SchemaMissingType | The schema 'ContainerServiceAgentPoolProfile' with an undefined type and declared properties is a bit ambiguous. This has been auto-corrected to 'type:object'
    - file:///home/runner/work/bicep-types-az/bicep-types-az/workflow-temp/azure-rest-api-specs/specification/compute/resource-manager/Microsoft.ContainerService/ContainerService/stable/2017-01-31/containerService.json:382:5
warning | PreCheck/SchemaMissingType | The schema 'ContainerServiceWindowsProfile' with an undefined type and declared properties is a bit ambiguous. This has been auto-corrected to 'type:object'
    - file:///home/runner/work/bicep-types-az/bicep-types-az/workflow-temp/azure-rest-api-specs/specification/compute/resource-manager/Microsoft.ContainerService/ContainerService/stable/2017-01-31/containerService.json:471:5
warning | PreCheck/SchemaMissingType | The schema 'ContainerServiceLinuxProfile' with an undefined type and declared properties is a bit ambiguous. This has been auto-corrected to 'type:object'
    - file:///home/runner/work/bicep-types-az/bicep-types-az/workflow-temp/azure-rest-api-specs/specification/compute/resource-manager/Microsoft.ContainerService/ContainerService/stable/2017-01-31/containerService.json:490:5
warning | PreCheck/SchemaMissingType | The schema 'ContainerServiceSshConfiguration' with an undefined type and declared properties is a bit ambiguous. This has been auto-corrected to 'type:object'
    - file:///home/runner/work/bicep-types-az/bicep-types-az/workflow-temp/azure-rest-api-specs/specification/compute/resource-manager/Microsoft.ContainerService/ContainerService/stable/2017-01-31/containerService.json:508:5
warning | PreCheck/SchemaMissingType | The schema 'ContainerServiceSshPublicKey' with an undefined type and declared properties is a bit ambiguous. This has been auto-corrected to 'type:object'
    - file:///home/runner/work/bicep-types-az/bicep-types-az/workflow-temp/azure-rest-api-specs/specification/compute/resource-manager/Microsoft.ContainerService/ContainerService/stable/2017-01-31/containerService.json:523:5
warning | PreCheck/SchemaMissingType | The schema 'ContainerServiceDiagnosticsProfile' with an undefined type and declared properties is a bit ambiguous. This has been auto-corrected to 'type:object'
    - file:///home/runner/work/bicep-types-az/bicep-types-az/workflow-temp/azure-rest-api-specs/specification/compute/resource-manager/Microsoft.ContainerService/ContainerService/stable/2017-01-31/containerService.json:535:5
warning | PreCheck/SchemaMissingType | The schema 'ContainerServiceVMDiagnostics' with an undefined type and declared properties is a bit ambiguous. This has been auto-corrected to 'type:object'
    - file:///home/runner/work/bicep-types-az/bicep-types-az/workflow-temp/azure-rest-api-specs/specification/compute/resource-manager/Microsoft.ContainerService/ContainerService/stable/2017-01-31/containerService.json:546:5
warning | PreCheck/SchemaMissingType | The schema 'ContainerService' with an undefined type and declared properties is a bit ambiguous. This has been auto-corrected to 'type:object'
    - file:///home/runner/work/bicep-types-az/bicep-types-az/workflow-temp/azure-rest-api-specs/specification/compute/resource-manager/Microsoft.ContainerService/ContainerService/stable/2017-01-31/containerService.json:563:5
warning | PreCheck/SchemaMissingType | The schema 'ContainerServiceListResult' with an undefined type and declared properties is a bit ambiguous. This has been auto-corrected to 'type:object'
    - file:///home/runner/work/bicep-types-az/bicep-types-az/workflow-temp/azure-rest-api-specs/specification/compute/resource-manager/Microsoft.ContainerService/ContainerService/stable/2017-01-31/containerService.json:577:5
warning | PreCheck/SchemaMissingType | The schema 'ContainerServiceProperties' with an undefined type and declared properties is a bit ambiguous. This has been auto-corrected to 'type:object'
    - file:///home/runner/work/bicep-types-az/bicep-types-az/workflow-temp/azure-rest-api-specs/specification/compute/resource-manager/Microsoft.ContainerService/ContainerService/stable/2017-01-31/containerService.json:593:5
warning | PreCheck/CheckDuplicateSchemas | Checking for duplicate schemas, this could take a (long) while.  Run with --verbose for more detail.
warning | DeprecatedConfig | Using directive.0.suppress which is deprecated and will be removed in the future.
warning | DeprecatedConfig | Using directive.1.suppress which is deprecated and will be removed in the future.
warning | DeprecatedConfig | Using directive.2.suppress which is deprecated and will be removed in the future.
warning | DeprecatedConfig | Using directive.3.suppress which is deprecated and will be removed in the future.
warning | DeprecatedConfig | Using directive.4.suppress which is deprecated and will be removed in the future.
warning | DeprecatedConfig | Using directive.5.suppress which is deprecated and will be removed in the future.
warning | DeprecatedConfig | Using directive.6.suppress which is deprecated and will be removed in the future.
warning | DeprecatedConfig | Using directive.7.suppress which is deprecated and will be removed in the future.
warning | DeprecatedConfig | Using directive.8.suppress which is deprecated and will be removed in the future.
warning | DeprecatedConfig | Using directive.9.suppress which is deprecated and will be removed in the future.
warning | DeprecatedConfig | Using directive.10.suppress which is deprecated and will be removed in the future.
warning | DeprecatedConfig | Using directive.11.suppress which is deprecated and will be removed in the future.
warning | DeprecatedConfig | Using directive.12.suppress which is deprecated and will be removed in the future.
warning | DeprecatedConfig | Using directive.13.suppress which is deprecated and will be removed in the future.
warning | DeprecatedConfig | Using directive.14.suppress which is deprecated and will be removed in the future.
warning | DeprecatedConfig | Using directive.15.suppress which is deprecated and will be removed in the future.
warning | DeprecatedConfig | Using directive.16.suppress which is deprecated and will be removed in the future.
warning | DeprecatedConfig | Using directive.17.suppress which is deprecated and will be removed in the future.
warning | DeprecatedConfig | Using directive.18.suppress which is deprecated and will be removed in the future.
warning | DeprecatedConfig | Using directive.19.suppress which is deprecated and will be removed in the future.
warning | DeprecatedConfig | Using directive.20.suppress which is deprecated and will be removed in the future.
warning | DeprecatedConfig | Using directive.21.suppress which is deprecated and will be removed in the future.
warning | DeprecatedConfig | Using directive.22.suppress which is deprecated and will be removed in the future.
warning | DeprecatedConfig | Using directive.23.suppress which is deprecated and will be removed in the future.
warning | DeprecatedConfig | Using directive.24.suppress which is deprecated and will be removed in the future.
warning | DeprecatedConfig | Using directive.25.suppress which is deprecated and will be removed in the future.
warning | DeprecatedConfig | Using directive.26.suppress which is deprecated and will be removed in the future.
warning | DeprecatedConfig | Using directive.27.suppress which is deprecated and will be removed in the future.
warning | DeprecatedConfig | Using directive.28.suppress which is deprecated and will be removed in the future.
warning | DeprecatedConfig | Using directive.29.suppress which is deprecated and will be removed in the future.
warning | DeprecatedConfig | Using directive.30.suppress which is deprecated and will be removed in the future.
warning | DeprecatedConfig | Using directive.31.suppress which is deprecated and will be removed in the future.
warning | DeprecatedConfig | Using directive.32.suppress which is deprecated and will be removed in the future.
warning | DeprecatedConfig | Using directive.33.suppress which is deprecated and will be removed in the future.
warning | DeprecatedConfig | Using directive.34.suppress which is deprecated and will be removed in the future.
warning | DeprecatedConfig | Using directive.35.suppress which is deprecated and will be removed in the future.
warning | DeprecatedConfig | Using directive.36.suppress which is deprecated and will be removed in the future.
warning | DeprecatedConfig | Using directive.37.suppress which is deprecated and will be removed in the future.
warning | DeprecatedConfig | Using directive.38.suppress which is deprecated and will be removed in the future.
warning | DeprecatedConfig | Using directive.39.suppress which is deprecated and will be removed in the future.
warning | DeprecatedConfig | Using directive.40.suppress which is deprecated and will be removed in the future.
warning | DeprecatedConfig | Using directive.41.suppress which is deprecated and will be removed in the future.
warning | DeprecatedConfig | Using directive.42.suppress which is deprecated and will be removed in the future.
warning | DeprecatedConfig | Using directive.43.suppress which is deprecated and will be removed in the future.
warning | DeprecatedConfig | Using directive.44.suppress which is deprecated and will be removed in the future.
warning | DeprecatedConfig | Using directive.45.suppress which is deprecated and will be removed in the future.
warning | DeprecatedConfig | Using directive.46.suppress which is deprecated and will be removed in the future.
warning | DeprecatedConfig | Using directive.47.suppress which is deprecated and will be removed in the future.
warning | DeprecatedConfig | Using directive.48.suppress which is deprecated and will be removed in the future.
warning | DeprecatedConfig | Using directive.49.suppress which is deprecated and will be removed in the future.
warning | DeprecatedConfig | Using directive.50.suppress which is deprecated and will be removed in the future.
warning | DeprecatedConfig | Using directive.51.suppress which is deprecated and will be removed in the future.
warning | DeprecatedConfig | Using directive.52.suppress which is deprecated and will be removed in the future.
warning | DeprecatedConfig | Using directive.53.suppress which is deprecated and will be removed in the future.
warning | DeprecatedConfig | Using directive.54.suppress which is deprecated and will be removed in the future.
warning | DeprecatedConfig | Using directive.55.suppress which is deprecated and will be removed in the future.
warning | DeprecatedConfig | Using directive.56.suppress which is deprecated and will be removed in the future.
warning | DeprecatedConfig | Using directive.57.suppress which is deprecated and will be removed in the future.
warning | DeprecatedConfig | Using directive.58.suppress which is deprecated and will be removed in the future.
warning | DeprecatedConfig | Using directive.59.suppress which is deprecated and will be removed in the future.
warning | DeprecatedConfig | Using directive.60.suppress which is deprecated and will be removed in the future.
warning | DeprecatedConfig | Using directive.61.suppress which is deprecated and will be removed in the future.
warning | DeprecatedConfig | Using directive.62.suppress which is deprecated and will be removed in the future.
warning | DeprecatedConfig | Using directive.63.suppress which is deprecated and will be removed in the future.
warning | SkippedSemanticValidation | Semantic validation was skipped.
warning | PreCheck/SchemaMissingType | The schema 'Resource' with an undefined type and declared properties is a bit ambiguous. This has been auto-corrected to 'type:object'
    - file:///home/runner/work/bicep-types-az/bicep-types-az/workflow-temp/azure-rest-api-specs/specification/compute/resource-manager/Microsoft.ContainerService/ContainerService/stable/2016-09-30/containerService.json:225:5
warning | PreCheck/SchemaMissingType | The schema 'ContainerServiceCustomProfile' with an undefined type and declared properties is a bit ambiguous. This has been auto-corrected to 'type:object'
    - file:///home/runner/work/bicep-types-az/bicep-types-az/workflow-temp/azure-rest-api-specs/specification/compute/resource-manager/Microsoft.ContainerService/ContainerService/stable/2016-09-30/containerService.json:260:5
warning | PreCheck/SchemaMissingType | The schema 'ContainerServiceServicePrincipalProfile' with an undefined type and declared properties is a bit ambiguous. This has been auto-corrected to 'type:object'
    - file:///home/runner/work/bicep-types-az/bicep-types-az/workflow-temp/azure-rest-api-specs/specification/compute/resource-manager/Microsoft.ContainerService/ContainerService/stable/2016-09-30/containerService.json:272:5
warning | PreCheck/SchemaMissingType | The schema 'ContainerServiceOrchestratorProfile' with an undefined type and declared properties is a bit ambiguous. This has been auto-corrected to 'type:object'
    - file:///home/runner/work/bicep-types-az/bicep-types-az/workflow-temp/azure-rest-api-specs/specification/compute/resource-manager/Microsoft.ContainerService/ContainerService/stable/2016-09-30/containerService.json:289:5
warning | PreCheck/SchemaMissingType | The schema 'ContainerServiceMasterProfile' with an undefined type and declared properties is a bit ambiguous. This has been auto-corrected to 'type:object'
    - file:///home/runner/work/bicep-types-az/bicep-types-az/workflow-temp/azure-rest-api-specs/specification/compute/resource-manager/Microsoft.ContainerService/ContainerService/stable/2016-09-30/containerService.json:311:5
warning | PreCheck/SchemaMissingType | The schema 'ContainerServiceAgentPoolProfile' with an undefined type and declared properties is a bit ambiguous. This has been auto-corrected to 'type:object'
    - file:///home/runner/work/bicep-types-az/bicep-types-az/workflow-temp/azure-rest-api-specs/specification/compute/resource-manager/Microsoft.ContainerService/ContainerService/stable/2016-09-30/containerService.json:339:5
warning | PreCheck/SchemaMissingType | The schema 'ContainerServiceWindowsProfile' with an undefined type and declared properties is a bit ambiguous. This has been auto-corrected to 'type:object'
    - file:///home/runner/work/bicep-types-az/bicep-types-az/workflow-temp/azure-rest-api-specs/specification/compute/resource-manager/Microsoft.ContainerService/ContainerService/stable/2016-09-30/containerService.json:428:5
warning | PreCheck/SchemaMissingType | The schema 'ContainerServiceLinuxProfile' with an undefined type and declared properties is a bit ambiguous. This has been auto-corrected to 'type:object'
    - file:///home/runner/work/bicep-types-az/bicep-types-az/workflow-temp/azure-rest-api-specs/specification/compute/resource-manager/Microsoft.ContainerService/ContainerService/stable/2016-09-30/containerService.json:447:5
warning | PreCheck/SchemaMissingType | The schema 'ContainerServiceSshConfiguration' with an undefined type and declared properties is a bit ambiguous. This has been auto-corrected to 'type:object'
    - file:///home/runner/work/bicep-types-az/bicep-types-az/workflow-temp/azure-rest-api-specs/specification/compute/resource-manager/Microsoft.ContainerService/ContainerService/stable/2016-09-30/containerService.json:465:5
warning | PreCheck/SchemaMissingType | The schema 'ContainerServiceSshPublicKey' with an undefined type and declared properties is a bit ambiguous. This has been auto-corrected to 'type:object'
    - file:///home/runner/work/bicep-types-az/bicep-types-az/workflow-temp/azure-rest-api-specs/specification/compute/resource-manager/Microsoft.ContainerService/ContainerService/stable/2016-09-30/containerService.json:480:5
warning | PreCheck/SchemaMissingType | The schema 'ContainerServiceDiagnosticsProfile' with an undefined type and declared properties is a bit ambiguous. This has been auto-corrected to 'type:object'
    - file:///home/runner/work/bicep-types-az/bicep-types-az/workflow-temp/azure-rest-api-specs/specification/compute/resource-manager/Microsoft.ContainerService/ContainerService/stable/2016-09-30/containerService.json:492:5
warning | PreCheck/SchemaMissingType | The schema 'ContainerServiceVMDiagnostics' with an undefined type and declared properties is a bit ambiguous. This has been auto-corrected to 'type:object'
    - file:///home/runner/work/bicep-types-az/bicep-types-az/workflow-temp/azure-rest-api-specs/specification/compute/resource-manager/Microsoft.ContainerService/ContainerService/stable/2016-09-30/containerService.json:503:5
warning | PreCheck/SchemaMissingType | The schema 'ContainerService' with an undefined type and declared properties is a bit ambiguous. This has been auto-corrected to 'type:object'
    - file:///home/runner/work/bicep-types-az/bicep-types-az/workflow-temp/azure-rest-api-specs/specification/compute/resource-manager/Microsoft.ContainerService/ContainerService/stable/2016-09-30/containerService.json:520:5
warning | PreCheck/SchemaMissingType | The schema 'ContainerServiceListResult' with an undefined type and declared properties is a bit ambiguous. This has been auto-corrected to 'type:object'
    - file:///home/runner/work/bicep-types-az/bicep-types-az/workflow-temp/azure-rest-api-specs/specification/compute/resource-manager/Microsoft.ContainerService/ContainerService/stable/2016-09-30/containerService.json:534:5
warning | PreCheck/SchemaMissingType | The schema 'ContainerServiceProperties' with an undefined type and declared properties is a bit ambiguous. This has been auto-corrected to 'type:object'
    - file:///home/runner/work/bicep-types-az/bicep-types-az/workflow-temp/azure-rest-api-specs/specification/compute/resource-manager/Microsoft.ContainerService/ContainerService/stable/2016-09-30/containerService.json:550:5
warning | PreCheck/CheckDuplicateSchemas | Checking for duplicate schemas, this could take a (long) while.  Run with --verbose for more detail.
warning | DeprecatedConfig | Using directive.0.suppress which is deprecated and will be removed in the future.
warning | DeprecatedConfig | Using directive.1.suppress which is deprecated and will be removed in the future.
warning | DeprecatedConfig | Using directive.2.suppress which is deprecated and will be removed in the future.
warning | DeprecatedConfig | Using directive.3.suppress which is deprecated and will be removed in the future.
warning | DeprecatedConfig | Using directive.4.suppress which is deprecated and will be removed in the future.
warning | DeprecatedConfig | Using directive.5.suppress which is deprecated and will be removed in the future.
warning | DeprecatedConfig | Using directive.6.suppress which is deprecated and will be removed in the future.
warning | DeprecatedConfig | Using directive.7.suppress which is deprecated and will be removed in the future.
warning | DeprecatedConfig | Using directive.8.suppress which is deprecated and will be removed in the future.
warning | DeprecatedConfig | Using directive.9.suppress which is deprecated and will be removed in the future.
warning | DeprecatedConfig | Using directive.10.suppress which is deprecated and will be removed in the future.
warning | DeprecatedConfig | Using directive.11.suppress which is deprecated and will be removed in the future.
warning | DeprecatedConfig | Using directive.12.suppress which is deprecated and will be removed in the future.
warning | DeprecatedConfig | Using directive.13.suppress which is deprecated and will be removed in the future.
warning | DeprecatedConfig | Using directive.14.suppress which is deprecated and will be removed in the future.
warning | DeprecatedConfig | Using directive.15.suppress which is deprecated and will be removed in the future.
warning | DeprecatedConfig | Using directive.16.suppress which is deprecated and will be removed in the future.
warning | DeprecatedConfig | Using directive.17.suppress which is deprecated and will be removed in the future.
warning | DeprecatedConfig | Using directive.18.suppress which is deprecated and will be removed in the future.
warning | DeprecatedConfig | Using directive.19.suppress which is deprecated and will be removed in the future.
warning | DeprecatedConfig | Using directive.20.suppress which is deprecated and will be removed in the future.
warning | DeprecatedConfig | Using directive.21.suppress which is deprecated and will be removed in the future.
warning | DeprecatedConfig | Using directive.22.suppress which is deprecated and will be removed in the future.
warning | DeprecatedConfig | Using directive.23.suppress which is deprecated and will be removed in the future.
warning | DeprecatedConfig | Using directive.24.suppress which is deprecated and will be removed in the future.
warning | DeprecatedConfig | Using directive.25.suppress which is deprecated and will be removed in the future.
warning | DeprecatedConfig | Using directive.26.suppress which is deprecated and will be removed in the future.
warning | DeprecatedConfig | Using directive.27.suppress which is deprecated and will be removed in the future.
warning | DeprecatedConfig | Using directive.28.suppress which is deprecated and will be removed in the future.
warning | DeprecatedConfig | Using directive.29.suppress which is deprecated and will be removed in the future.
warning | DeprecatedConfig | Using directive.30.suppress which is deprecated and will be removed in the future.
warning | DeprecatedConfig | Using directive.31.suppress which is deprecated and will be removed in the future.
warning | DeprecatedConfig | Using directive.32.suppress which is deprecated and will be removed in the future.
warning | DeprecatedConfig | Using directive.33.suppress which is deprecated and will be removed in the future.
warning | DeprecatedConfig | Using directive.34.suppress which is deprecated and will be removed in the future.
warning | DeprecatedConfig | Using directive.35.suppress which is deprecated and will be removed in the future.
warning | DeprecatedConfig | Using directive.36.suppress which is deprecated and will be removed in the future.
warning | DeprecatedConfig | Using directive.37.suppress which is deprecated and will be removed in the future.
warning | DeprecatedConfig | Using directive.38.suppress which is deprecated and will be removed in the future.
warning | DeprecatedConfig | Using directive.39.suppress which is deprecated and will be removed in the future.
warning | DeprecatedConfig | Using directive.40.suppress which is deprecated and will be removed in the future.
warning | DeprecatedConfig | Using directive.41.suppress which is deprecated and will be removed in the future.
warning | DeprecatedConfig | Using directive.42.suppress which is deprecated and will be removed in the future.
warning | DeprecatedConfig | Using directive.43.suppress which is deprecated and will be removed in the future.
warning | DeprecatedConfig | Using directive.44.suppress which is deprecated and will be removed in the future.
warning | DeprecatedConfig | Using directive.45.suppress which is deprecated and will be removed in the future.
warning | DeprecatedConfig | Using directive.46.suppress which is deprecated and will be removed in the future.
warning | DeprecatedConfig | Using directive.47.suppress which is deprecated and will be removed in the future.
warning | DeprecatedConfig | Using directive.48.suppress which is deprecated and will be removed in the future.
warning | DeprecatedConfig | Using directive.49.suppress which is deprecated and will be removed in the future.
warning | DeprecatedConfig | Using directive.50.suppress which is deprecated and will be removed in the future.
warning | DeprecatedConfig | Using directive.51.suppress which is deprecated and will be removed in the future.
warning | DeprecatedConfig | Using directive.52.suppress which is deprecated and will be removed in the future.
warning | DeprecatedConfig | Using directive.53.suppress which is deprecated and will be removed in the future.
warning | DeprecatedConfig | Using directive.54.suppress which is deprecated and will be removed in the future.
warning | DeprecatedConfig | Using directive.55.suppress which is deprecated and will be removed in the future.
warning | DeprecatedConfig | Using directive.56.suppress which is deprecated and will be removed in the future.
warning | DeprecatedConfig | Using directive.57.suppress which is deprecated and will be removed in the future.
warning | DeprecatedConfig | Using directive.58.suppress which is deprecated and will be removed in the future.
warning | DeprecatedConfig | Using directive.59.suppress which is deprecated and will be removed in the future.
warning | DeprecatedConfig | Using directive.60.suppress which is deprecated and will be removed in the future.
warning | DeprecatedConfig | Using directive.61.suppress which is deprecated and will be removed in the future.
warning | DeprecatedConfig | Using directive.62.suppress which is deprecated and will be removed in the future.
warning | DeprecatedConfig | Using directive.63.suppress which is deprecated and will be removed in the future.
warning | SkippedSemanticValidation | Semantic validation was skipped.
warning | PreCheck/SchemaMissingType | The schema 'Resource' with an undefined type and declared properties is a bit ambiguous. This has been auto-corrected to 'type:object'
    - file:///home/runner/work/bicep-types-az/bicep-types-az/workflow-temp/azure-rest-api-specs/specification/compute/resource-manager/Microsoft.ContainerService/ContainerService/stable/2016-03-30/containerService.json:220:5
warning | PreCheck/SchemaMissingType | The schema 'ContainerServiceOrchestratorProfile' with an undefined type and declared properties is a bit ambiguous. This has been auto-corrected to 'type:object'
    - file:///home/runner/work/bicep-types-az/bicep-types-az/workflow-temp/azure-rest-api-specs/specification/compute/resource-manager/Microsoft.ContainerService/ContainerService/stable/2016-03-30/containerService.json:255:5
warning | PreCheck/SchemaMissingType | The schema 'ContainerServiceMasterProfile' with an undefined type and declared properties is a bit ambiguous. This has been auto-corrected to 'type:object'
    - file:///home/runner/work/bicep-types-az/bicep-types-az/workflow-temp/azure-rest-api-specs/specification/compute/resource-manager/Microsoft.ContainerService/ContainerService/stable/2016-03-30/containerService.json:275:5
warning | PreCheck/SchemaMissingType | The schema 'ContainerServiceAgentPoolProfile' with an undefined type and declared properties is a bit ambiguous. This has been auto-corrected to 'type:object'
    - file:///home/runner/work/bicep-types-az/bicep-types-az/workflow-temp/azure-rest-api-specs/specification/compute/resource-manager/Microsoft.ContainerService/ContainerService/stable/2016-03-30/containerService.json:303:5
warning | PreCheck/SchemaMissingType | The schema 'ContainerServiceWindowsProfile' with an undefined type and declared properties is a bit ambiguous. This has been auto-corrected to 'type:object'
    - file:///home/runner/work/bicep-types-az/bicep-types-az/workflow-temp/azure-rest-api-specs/specification/compute/resource-manager/Microsoft.ContainerService/ContainerService/stable/2016-03-30/containerService.json:390:5
warning | PreCheck/SchemaMissingType | The schema 'ContainerServiceLinuxProfile' with an undefined type and declared properties is a bit ambiguous. This has been auto-corrected to 'type:object'
    - file:///home/runner/work/bicep-types-az/bicep-types-az/workflow-temp/azure-rest-api-specs/specification/compute/resource-manager/Microsoft.ContainerService/ContainerService/stable/2016-03-30/containerService.json:407:5
warning | PreCheck/SchemaMissingType | The schema 'ContainerServiceSshConfiguration' with an undefined type and declared properties is a bit ambiguous. This has been auto-corrected to 'type:object'
    - file:///home/runner/work/bicep-types-az/bicep-types-az/workflow-temp/azure-rest-api-specs/specification/compute/resource-manager/Microsoft.ContainerService/ContainerService/stable/2016-03-30/containerService.json:424:5
warning | PreCheck/SchemaMissingType | The schema 'ContainerServiceSshPublicKey' with an undefined type and declared properties is a bit ambiguous. This has been auto-corrected to 'type:object'
    - file:///home/runner/work/bicep-types-az/bicep-types-az/workflow-temp/azure-rest-api-specs/specification/compute/resource-manager/Microsoft.ContainerService/ContainerService/stable/2016-03-30/containerService.json:439:5
warning | PreCheck/SchemaMissingType | The schema 'ContainerServiceDiagnosticsProfile' with an undefined type and declared properties is a bit ambiguous. This has been auto-corrected to 'type:object'
    - file:///home/runner/work/bicep-types-az/bicep-types-az/workflow-temp/azure-rest-api-specs/specification/compute/resource-manager/Microsoft.ContainerService/ContainerService/stable/2016-03-30/containerService.json:451:5
warning | PreCheck/SchemaMissingType | The schema 'ContainerServiceVMDiagnostics' with an undefined type and declared properties is a bit ambiguous. This has been auto-corrected to 'type:object'
    - file:///home/runner/work/bicep-types-az/bicep-types-az/workflow-temp/azure-rest-api-specs/specification/compute/resource-manager/Microsoft.ContainerService/ContainerService/stable/2016-03-30/containerService.json:462:5
warning | PreCheck/SchemaMissingType | The schema 'ContainerService' with an undefined type and declared properties is a bit ambiguous. This has been auto-corrected to 'type:object'
    - file:///home/runner/work/bicep-types-az/bicep-types-az/workflow-temp/azure-rest-api-specs/specification/compute/resource-manager/Microsoft.ContainerService/ContainerService/stable/2016-03-30/containerService.json:479:5
warning | PreCheck/SchemaMissingType | The schema 'ContainerServiceListResult' with an undefined type and declared properties is a bit ambiguous. This has been auto-corrected to 'type:object'
    - file:///home/runner/work/bicep-types-az/bicep-types-az/workflow-temp/azure-rest-api-specs/specification/compute/resource-manager/Microsoft.ContainerService/ContainerService/stable/2016-03-30/containerService.json:493:5
warning | PreCheck/SchemaMissingType | The schema 'ContainerServiceProperties' with an undefined type and declared properties is a bit ambiguous. This has been auto-corrected to 'type:object'
    - file:///home/runner/work/bicep-types-az/bicep-types-az/workflow-temp/azure-rest-api-specs/specification/compute/resource-manager/Microsoft.ContainerService/ContainerService/stable/2016-03-30/containerService.json:505:5
warning | PreCheck/CheckDuplicateSchemas | Checking for duplicate schemas, this could take a (long) while.  Run with --verbose for more detail.
warning | DeprecatedConfig | Using directive.0.suppress which is deprecated and will be removed in the future.
warning | DeprecatedConfig | Using directive.1.suppress which is deprecated and will be removed in the future.
warning | DeprecatedConfig | Using directive.2.suppress which is deprecated and will be removed in the future.
warning | DeprecatedConfig | Using directive.3.suppress which is deprecated and will be removed in the future.
warning | DeprecatedConfig | Using directive.4.suppress which is deprecated and will be removed in the future.
warning | DeprecatedConfig | Using directive.5.suppress which is deprecated and will be removed in the future.
warning | DeprecatedConfig | Using directive.6.suppress which is deprecated and will be removed in the future.
warning | DeprecatedConfig | Using directive.7.suppress which is deprecated and will be removed in the future.
warning | DeprecatedConfig | Using directive.8.suppress which is deprecated and will be removed in the future.
warning | DeprecatedConfig | Using directive.9.suppress which is deprecated and will be removed in the future.
warning | DeprecatedConfig | Using directive.10.suppress which is deprecated and will be removed in the future.
warning | DeprecatedConfig | Using directive.11.suppress which is deprecated and will be removed in the future.
warning | DeprecatedConfig | Using directive.12.suppress which is deprecated and will be removed in the future.
warning | DeprecatedConfig | Using directive.13.suppress which is deprecated and will be removed in the future.
warning | DeprecatedConfig | Using directive.14.suppress which is deprecated and will be removed in the future.
warning | DeprecatedConfig | Using directive.15.suppress which is deprecated and will be removed in the future.
warning | DeprecatedConfig | Using directive.16.suppress which is deprecated and will be removed in the future.
warning | DeprecatedConfig | Using directive.17.suppress which is deprecated and will be removed in the future.
warning | DeprecatedConfig | Using directive.18.suppress which is deprecated and will be removed in the future.
warning | DeprecatedConfig | Using directive.19.suppress which is deprecated and will be removed in the future.
warning | DeprecatedConfig | Using directive.20.suppress which is deprecated and will be removed in the future.
warning | DeprecatedConfig | Using directive.21.suppress which is deprecated and will be removed in the future.
warning | DeprecatedConfig | Using directive.22.suppress which is deprecated and will be removed in the future.
warning | DeprecatedConfig | Using directive.23.suppress which is deprecated and will be removed in the future.
warning | DeprecatedConfig | Using directive.24.suppress which is deprecated and will be removed in the future.
warning | DeprecatedConfig | Using directive.25.suppress which is deprecated and will be removed in the future.
warning | DeprecatedConfig | Using directive.26.suppress which is deprecated and will be removed in the future.
warning | DeprecatedConfig | Using directive.27.suppress which is deprecated and will be removed in the future.
warning | DeprecatedConfig | Using directive.28.suppress which is deprecated and will be removed in the future.
warning | DeprecatedConfig | Using directive.29.suppress which is deprecated and will be removed in the future.
warning | DeprecatedConfig | Using directive.30.suppress which is deprecated and will be removed in the future.
warning | DeprecatedConfig | Using directive.31.suppress which is deprecated and will be removed in the future.
warning | DeprecatedConfig | Using directive.32.suppress which is deprecated and will be removed in the future.
warning | DeprecatedConfig | Using directive.33.suppress which is deprecated and will be removed in the future.
warning | DeprecatedConfig | Using directive.34.suppress which is deprecated and will be removed in the future.
warning | DeprecatedConfig | Using directive.35.suppress which is deprecated and will be removed in the future.
warning | DeprecatedConfig | Using directive.36.suppress which is deprecated and will be removed in the future.
warning | DeprecatedConfig | Using directive.37.suppress which is deprecated and will be removed in the future.
warning | DeprecatedConfig | Using directive.38.suppress which is deprecated and will be removed in the future.
warning | DeprecatedConfig | Using directive.39.suppress which is deprecated and will be removed in the future.
warning | DeprecatedConfig | Using directive.40.suppress which is deprecated and will be removed in the future.
warning | DeprecatedConfig | Using directive.41.suppress which is deprecated and will be removed in the future.
warning | DeprecatedConfig | Using directive.42.suppress which is deprecated and will be removed in the future.
warning | DeprecatedConfig | Using directive.43.suppress which is deprecated and will be removed in the future.
warning | DeprecatedConfig | Using directive.44.suppress which is deprecated and will be removed in the future.
warning | DeprecatedConfig | Using directive.45.suppress which is deprecated and will be removed in the future.
warning | DeprecatedConfig | Using directive.46.suppress which is deprecated and will be removed in the future.
warning | DeprecatedConfig | Using directive.47.suppress which is deprecated and will be removed in the future.
warning | DeprecatedConfig | Using directive.48.suppress which is deprecated and will be removed in the future.
warning | DeprecatedConfig | Using directive.49.suppress which is deprecated and will be removed in the future.
warning | DeprecatedConfig | Using directive.50.suppress which is deprecated and will be removed in the future.
warning | DeprecatedConfig | Using directive.51.suppress which is deprecated and will be removed in the future.
warning | DeprecatedConfig | Using directive.52.suppress which is deprecated and will be removed in the future.
warning | DeprecatedConfig | Using directive.53.suppress which is deprecated and will be removed in the future.
warning | DeprecatedConfig | Using directive.54.suppress which is deprecated and will be removed in the future.
warning | DeprecatedConfig | Using directive.55.suppress which is deprecated and will be removed in the future.
warning | DeprecatedConfig | Using directive.56.suppress which is deprecated and will be removed in the future.
warning | DeprecatedConfig | Using directive.57.suppress which is deprecated and will be removed in the future.
warning | DeprecatedConfig | Using directive.58.suppress which is deprecated and will be removed in the future.
warning | DeprecatedConfig | Using directive.59.suppress which is deprecated and will be removed in the future.
warning | DeprecatedConfig | Using directive.60.suppress which is deprecated and will be removed in the future.
warning | DeprecatedConfig | Using directive.61.suppress which is deprecated and will be removed in the future.
warning | DeprecatedConfig | Using directive.62.suppress which is deprecated and will be removed in the future.
warning | DeprecatedConfig | Using directive.63.suppress which is deprecated and will be removed in the future.
warning | SkippedSemanticValidation | Semantic validation was skipped.
warning | PreCheck/SchemaMissingType | The schema 'Resource' with an undefined type and declared properties is a bit ambiguous. This has been auto-corrected to 'type:object'
    - file:///home/runner/work/bicep-types-az/bicep-types-az/workflow-temp/azure-rest-api-specs/specification/compute/resource-manager/Microsoft.ContainerService/ContainerService/preview/2015-11-01-preview/containerService.json:212:5
warning | PreCheck/SchemaMissingType | The schema 'ContainerServiceOrchestratorProfile' with an undefined type and declared properties is a bit ambiguous. This has been auto-corrected to 'type:object'
    - file:///home/runner/work/bicep-types-az/bicep-types-az/workflow-temp/azure-rest-api-specs/specification/compute/resource-manager/Microsoft.ContainerService/ContainerService/preview/2015-11-01-preview/containerService.json:247:5
warning | PreCheck/SchemaMissingType | The schema 'ContainerServiceMasterProfile' with an undefined type and declared properties is a bit ambiguous. This has been auto-corrected to 'type:object'
    - file:///home/runner/work/bicep-types-az/bicep-types-az/workflow-temp/azure-rest-api-specs/specification/compute/resource-manager/Microsoft.ContainerService/ContainerService/preview/2015-11-01-preview/containerService.json:265:5
warning | PreCheck/SchemaMissingType | The schema 'ContainerServiceAgentPoolProfile' with an undefined type and declared properties is a bit ambiguous. This has been auto-corrected to 'type:object'
    - file:///home/runner/work/bicep-types-az/bicep-types-az/workflow-temp/azure-rest-api-specs/specification/compute/resource-manager/Microsoft.ContainerService/ContainerService/preview/2015-11-01-preview/containerService.json:292:5
warning | PreCheck/SchemaMissingType | The schema 'ContainerServiceWindowsProfile' with an undefined type and declared properties is a bit ambiguous. This has been auto-corrected to 'type:object'
    - file:///home/runner/work/bicep-types-az/bicep-types-az/workflow-temp/azure-rest-api-specs/specification/compute/resource-manager/Microsoft.ContainerService/ContainerService/preview/2015-11-01-preview/containerService.json:378:5
warning | PreCheck/SchemaMissingType | The schema 'ContainerServiceLinuxProfile' with an undefined type and declared properties is a bit ambiguous. This has been auto-corrected to 'type:object'
    - file:///home/runner/work/bicep-types-az/bicep-types-az/workflow-temp/azure-rest-api-specs/specification/compute/resource-manager/Microsoft.ContainerService/ContainerService/preview/2015-11-01-preview/containerService.json:395:5
warning | PreCheck/SchemaMissingType | The schema 'ContainerServiceSshConfiguration' with an undefined type and declared properties is a bit ambiguous. This has been auto-corrected to 'type:object'
    - file:///home/runner/work/bicep-types-az/bicep-types-az/workflow-temp/azure-rest-api-specs/specification/compute/resource-manager/Microsoft.ContainerService/ContainerService/preview/2015-11-01-preview/containerService.json:412:5
warning | PreCheck/SchemaMissingType | The schema 'ContainerServiceSshPublicKey' with an undefined type and declared properties is a bit ambiguous. This has been auto-corrected to 'type:object'
    - file:///home/runner/work/bicep-types-az/bicep-types-az/workflow-temp/azure-rest-api-specs/specification/compute/resource-manager/Microsoft.ContainerService/ContainerService/preview/2015-11-01-preview/containerService.json:424:5
warning | PreCheck/SchemaMissingType | The schema 'ContainerServiceDiagnosticsProfile' with an undefined type and declared properties is a bit ambiguous. This has been auto-corrected to 'type:object'
    - file:///home/runner/work/bicep-types-az/bicep-types-az/workflow-temp/azure-rest-api-specs/specification/compute/resource-manager/Microsoft.ContainerService/ContainerService/preview/2015-11-01-preview/containerService.json:436:5
warning | PreCheck/SchemaMissingType | The schema 'ContainerServiceVMDiagnostics' with an undefined type and declared properties is a bit ambiguous. This has been auto-corrected to 'type:object'
    - file:///home/runner/work/bicep-types-az/bicep-types-az/workflow-temp/azure-rest-api-specs/specification/compute/resource-manager/Microsoft.ContainerService/ContainerService/preview/2015-11-01-preview/containerService.json:444:5
warning | PreCheck/SchemaMissingType | The schema 'ContainerService' with an undefined type and declared properties is a bit ambiguous. This has been auto-corrected to 'type:object'
    - file:///home/runner/work/bicep-types-az/bicep-types-az/workflow-temp/azure-rest-api-specs/specification/compute/resource-manager/Microsoft.ContainerService/ContainerService/preview/2015-11-01-preview/containerService.json:458:5
warning | PreCheck/SchemaMissingType | The schema 'ContainerServiceListResult' with an undefined type and declared properties is a bit ambiguous. This has been auto-corrected to 'type:object'
    - file:///home/runner/work/bicep-types-az/bicep-types-az/workflow-temp/azure-rest-api-specs/specification/compute/resource-manager/Microsoft.ContainerService/ContainerService/preview/2015-11-01-preview/containerService.json:472:5
warning | PreCheck/SchemaMissingType | The schema 'ContainerServiceProperties' with an undefined type and declared properties is a bit ambiguous. This has been auto-corrected to 'type:object'
    - file:///home/runner/work/bicep-types-az/bicep-types-az/workflow-temp/azure-rest-api-specs/specification/compute/resource-manager/Microsoft.ContainerService/ContainerService/preview/2015-11-01-preview/containerService.json:484:5
warning | PreCheck/CheckDuplicateSchemas | Checking for duplicate schemas, this could take a (long) while.  Run with --verbose for more detail.
