Generating types for 'specification/billingbenefits/resource-manager/readme.md'
AutoRest code generation utility [cli version: 3.8.0; node: v22.22.2]
(C) 2018 Microsoft Corporation.
https://aka.ms/autorest
⚠️ AutoRest is deprecated and will be retired on July 1, 2026. Please migrate to TypeSpec: https://typespec.io — details: https://github.com/Azure/autorest/issues/5175
warning | DeprecatedConfig | Using directive.0.suppress which is deprecated and will be removed in the future.
warning | DeprecatedConfig | Using directive.1.suppress which is deprecated and will be removed in the future.
warning | DeprecatedConfig | Using directive.2.suppress which is deprecated and will be removed in the future.
warning | DeprecatedConfig | Using directive.3.suppress which is deprecated and will be removed in the future.
warning | DeprecatedConfig | Using directive.4.suppress which is deprecated and will be removed in the future.
warning | DeprecatedConfig | Using directive.5.suppress which is deprecated and will be removed in the future.
warning | DeprecatedConfig | Using directive.6.suppress which is deprecated and will be removed in the future.
warning | DeprecatedConfig | Using directive.7.suppress which is deprecated and will be removed in the future.
warning | DeprecatedConfig | Using directive.8.suppress which is deprecated and will be removed in the future.
warning | DeprecatedConfig | Using directive.9.suppress which is deprecated and will be removed in the future.
warning | DeprecatedConfig | Using directive.10.suppress which is deprecated and will be removed in the future.
warning | DeprecatedConfig | Using directive.11.suppress which is deprecated and will be removed in the future.
warning | DeprecatedConfig | Using directive.12.suppress which is deprecated and will be removed in the future.
warning | DeprecatedConfig | Using directive.13.suppress which is deprecated and will be removed in the future.
warning | DeprecatedConfig | Using directive.14.suppress which is deprecated and will be removed in the future.
warning | DeprecatedConfig | Using directive.15.suppress which is deprecated and will be removed in the future.
warning | DeprecatedConfig | Using directive.16.suppress which is deprecated and will be removed in the future.
warning | DeprecatedConfig | Using directive.17.suppress which is deprecated and will be removed in the future.
warning | DeprecatedConfig | Using directive.18.suppress which is deprecated and will be removed in the future.
warning | DeprecatedConfig | Using directive.19.suppress which is deprecated and will be removed in the future.
warning | DeprecatedConfig | Using directive.0.suppress which is deprecated and will be removed in the future.
warning | DeprecatedConfig | Using directive.1.suppress which is deprecated and will be removed in the future.
warning | DeprecatedConfig | Using directive.2.suppress which is deprecated and will be removed in the future.
warning | DeprecatedConfig | Using directive.3.suppress which is deprecated and will be removed in the future.
warning | DeprecatedConfig | Using directive.4.suppress which is deprecated and will be removed in the future.
warning | DeprecatedConfig | Using directive.5.suppress which is deprecated and will be removed in the future.
warning | DeprecatedConfig | Using directive.6.suppress which is deprecated and will be removed in the future.
warning | DeprecatedConfig | Using directive.7.suppress which is deprecated and will be removed in the future.
warning | DeprecatedConfig | Using directive.8.suppress which is deprecated and will be removed in the future.
warning | DeprecatedConfig | Using directive.9.suppress which is deprecated and will be removed in the future.
warning | DeprecatedConfig | Using directive.10.suppress which is deprecated and will be removed in the future.
warning | DeprecatedConfig | Using directive.11.suppress which is deprecated and will be removed in the future.
warning | DeprecatedConfig | Using directive.12.suppress which is deprecated and will be removed in the future.
warning | DeprecatedConfig | Using directive.13.suppress which is deprecated and will be removed in the future.
warning | DeprecatedConfig | Using directive.14.suppress which is deprecated and will be removed in the future.
warning | DeprecatedConfig | Using directive.15.suppress which is deprecated and will be removed in the future.
warning | DeprecatedConfig | Using directive.16.suppress which is deprecated and will be removed in the future.
warning | DeprecatedConfig | Using directive.17.suppress which is deprecated and will be removed in the future.
warning | DeprecatedConfig | Using directive.18.suppress which is deprecated and will be removed in the future.
warning | DeprecatedConfig | Using directive.19.suppress which is deprecated and will be removed in the future.
warning | SkippedSemanticValidation | Semantic validation was skipped.
warning | PreCheck/CheckDuplicateSchemas | Checking for duplicate schemas, this could take a (long) while.  Run with --verbose for more detail.
warning | PreCheck/DuplicateSchema | Duplicate Schema named 'ManagedServiceIdentity' (2 differences):
  - properties.type.description: "Type of managed service identity (where both SystemAssigned and UserAssigned types are allowed)." => <none>
  - properties.userAssignedIdentities.$ref: "#/components/schemas/schemas:269" => "#/components/schemas/schemas:573"
warning | PreCheck/PropertyRedeclarationWarning | Schema 'ConditionalCreditMilestone' has a property 'award' that is already declared the parent schema 'ConditionalCreditMilestoneBase' but isn't significantly different. The property has been removed from ConditionalCreditMilestone
warning | PreCheck/PropertyRedeclarationWarning | Schema 'ContributorConditionalCreditProperties' has a property 'startAt' that is already declared the parent schema 'ConditionalCreditProperties' but isn't significantly different. The property has been removed from ContributorConditionalCreditProperties
warning | PreCheck/PropertyRedeclarationWarning | Schema 'ContributorConditionalCreditProperties' has a property 'productCode' that is already declared the parent schema 'ConditionalCreditProperties' but isn't significantly different. The property has been removed from ContributorConditionalCreditProperties
warning | PreNamer/DeduplicateName | Deduplicating schema name: 'ManagedServiceIdentity' -> 'ManagedServiceIdentityAutoGenerated'
warning | Skipping resource POST action path '/providers/Microsoft.BillingBenefits/listSellerResources': Unable to find type segments
warning | DeprecatedConfig | Using directive.0.suppress which is deprecated and will be removed in the future.
warning | DeprecatedConfig | Using directive.1.suppress which is deprecated and will be removed in the future.
warning | DeprecatedConfig | Using directive.2.suppress which is deprecated and will be removed in the future.
warning | DeprecatedConfig | Using directive.3.suppress which is deprecated and will be removed in the future.
warning | DeprecatedConfig | Using directive.4.suppress which is deprecated and will be removed in the future.
warning | DeprecatedConfig | Using directive.5.suppress which is deprecated and will be removed in the future.
warning | DeprecatedConfig | Using directive.6.suppress which is deprecated and will be removed in the future.
warning | DeprecatedConfig | Using directive.7.suppress which is deprecated and will be removed in the future.
warning | DeprecatedConfig | Using directive.8.suppress which is deprecated and will be removed in the future.
warning | DeprecatedConfig | Using directive.9.suppress which is deprecated and will be removed in the future.
warning | DeprecatedConfig | Using directive.10.suppress which is deprecated and will be removed in the future.
warning | DeprecatedConfig | Using directive.11.suppress which is deprecated and will be removed in the future.
warning | DeprecatedConfig | Using directive.12.suppress which is deprecated and will be removed in the future.
warning | DeprecatedConfig | Using directive.13.suppress which is deprecated and will be removed in the future.
warning | DeprecatedConfig | Using directive.14.suppress which is deprecated and will be removed in the future.
warning | DeprecatedConfig | Using directive.15.suppress which is deprecated and will be removed in the future.
warning | DeprecatedConfig | Using directive.16.suppress which is deprecated and will be removed in the future.
warning | DeprecatedConfig | Using directive.17.suppress which is deprecated and will be removed in the future.
warning | DeprecatedConfig | Using directive.18.suppress which is deprecated and will be removed in the future.
warning | DeprecatedConfig | Using directive.19.suppress which is deprecated and will be removed in the future.
warning | SkippedSemanticValidation | Semantic validation was skipped.
warning | PreCheck/CheckDuplicateSchemas | Checking for duplicate schemas, this could take a (long) while.  Run with --verbose for more detail.
warning | PreCheck/DuplicateSchema | Duplicate Schema named 'ManagedServiceIdentity' (2 differences):
  - properties.type.description: "Type of managed service identity (where both SystemAssigned and UserAssigned types are allowed)." => <none>
  - properties.userAssignedIdentities.$ref: "#/components/schemas/schemas:249" => "#/components/schemas/schemas:540"
warning | PreCheck/PropertyRedeclarationWarning | Schema 'ConditionalCreditMilestone' has a property 'award' that is already declared the parent schema 'ConditionalCreditMilestoneBase' but isn't significantly different. The property has been removed from ConditionalCreditMilestone
warning | PreCheck/PropertyRedeclarationWarning | Schema 'ContributorConditionalCreditProperties' has a property 'startAt' that is already declared the parent schema 'ConditionalCreditProperties' but isn't significantly different. The property has been removed from ContributorConditionalCreditProperties
warning | PreCheck/PropertyRedeclarationWarning | Schema 'ContributorConditionalCreditProperties' has a property 'productCode' that is already declared the parent schema 'ConditionalCreditProperties' but isn't significantly different. The property has been removed from ContributorConditionalCreditProperties
warning | PreNamer/DeduplicateName | Deduplicating schema name: 'ManagedServiceIdentity' -> 'ManagedServiceIdentityAutoGenerated'
warning | Skipping resource POST action path '/providers/Microsoft.BillingBenefits/listSellerResources': Unable to find type segments
warning | DeprecatedConfig | Using directive.0.suppress which is deprecated and will be removed in the future.
warning | DeprecatedConfig | Using directive.1.suppress which is deprecated and will be removed in the future.
warning | DeprecatedConfig | Using directive.2.suppress which is deprecated and will be removed in the future.
warning | DeprecatedConfig | Using directive.3.suppress which is deprecated and will be removed in the future.
warning | DeprecatedConfig | Using directive.4.suppress which is deprecated and will be removed in the future.
warning | DeprecatedConfig | Using directive.5.suppress which is deprecated and will be removed in the future.
warning | DeprecatedConfig | Using directive.6.suppress which is deprecated and will be removed in the future.
warning | DeprecatedConfig | Using directive.7.suppress which is deprecated and will be removed in the future.
warning | DeprecatedConfig | Using directive.8.suppress which is deprecated and will be removed in the future.
warning | DeprecatedConfig | Using directive.9.suppress which is deprecated and will be removed in the future.
warning | DeprecatedConfig | Using directive.10.suppress which is deprecated and will be removed in the future.
warning | DeprecatedConfig | Using directive.11.suppress which is deprecated and will be removed in the future.
warning | DeprecatedConfig | Using directive.12.suppress which is deprecated and will be removed in the future.
warning | DeprecatedConfig | Using directive.13.suppress which is deprecated and will be removed in the future.
warning | DeprecatedConfig | Using directive.14.suppress which is deprecated and will be removed in the future.
warning | DeprecatedConfig | Using directive.15.suppress which is deprecated and will be removed in the future.
warning | DeprecatedConfig | Using directive.16.suppress which is deprecated and will be removed in the future.
warning | DeprecatedConfig | Using directive.17.suppress which is deprecated and will be removed in the future.
warning | DeprecatedConfig | Using directive.18.suppress which is deprecated and will be removed in the future.
warning | DeprecatedConfig | Using directive.19.suppress which is deprecated and will be removed in the future.
warning | SkippedSemanticValidation | Semantic validation was skipped.
warning | PreCheck/CheckDuplicateSchemas | Checking for duplicate schemas, this could take a (long) while.  Run with --verbose for more detail.
warning | DeprecatedConfig | Using directive.0.suppress which is deprecated and will be removed in the future.
warning | DeprecatedConfig | Using directive.1.suppress which is deprecated and will be removed in the future.
warning | DeprecatedConfig | Using directive.2.suppress which is deprecated and will be removed in the future.
warning | DeprecatedConfig | Using directive.3.suppress which is deprecated and will be removed in the future.
warning | DeprecatedConfig | Using directive.4.suppress which is deprecated and will be removed in the future.
warning | DeprecatedConfig | Using directive.5.suppress which is deprecated and will be removed in the future.
warning | DeprecatedConfig | Using directive.6.suppress which is deprecated and will be removed in the future.
warning | DeprecatedConfig | Using directive.7.suppress which is deprecated and will be removed in the future.
warning | DeprecatedConfig | Using directive.8.suppress which is deprecated and will be removed in the future.
warning | DeprecatedConfig | Using directive.9.suppress which is deprecated and will be removed in the future.
warning | DeprecatedConfig | Using directive.10.suppress which is deprecated and will be removed in the future.
warning | DeprecatedConfig | Using directive.11.suppress which is deprecated and will be removed in the future.
warning | DeprecatedConfig | Using directive.12.suppress which is deprecated and will be removed in the future.
warning | DeprecatedConfig | Using directive.13.suppress which is deprecated and will be removed in the future.
warning | DeprecatedConfig | Using directive.14.suppress which is deprecated and will be removed in the future.
warning | DeprecatedConfig | Using directive.15.suppress which is deprecated and will be removed in the future.
warning | DeprecatedConfig | Using directive.16.suppress which is deprecated and will be removed in the future.
warning | DeprecatedConfig | Using directive.17.suppress which is deprecated and will be removed in the future.
warning | DeprecatedConfig | Using directive.18.suppress which is deprecated and will be removed in the future.
warning | DeprecatedConfig | Using directive.19.suppress which is deprecated and will be removed in the future.
warning | SkippedSemanticValidation | Semantic validation was skipped.
warning | PreCheck/CheckDuplicateSchemas | Checking for duplicate schemas, this could take a (long) while.  Run with --verbose for more detail.
