Generating types for 'specification/azuredatatransfer/resource-manager/readme.md'
AutoRest code generation utility [cli version: 3.7.2; node: v22.16.0]
(C) 2018 Microsoft Corporation.
https://aka.ms/autorest
warning | SkippedSemanticValidation | Semantic validation was skipped.
warning | PreCheck/CheckDuplicateSchemas | Checking for duplicate schemas, this could take a (long) while.  Run with --verbose for more detail.
warning | Modeler/MissingType | The schema 'components·ehmgd1·schemas·readpipelineconnection·additionalproperties' has no type or format information whatsoever. Location:
   file:///home/runner/work/bicep-types-az/bicep-types-az/workflow-temp/azure-rest-api-specs/specification/azuredatatransfer/resource-manager/Microsoft.AzureDataTransfer/stable/2025-05-21/azuredatatransfer.json#/components/schemas/components·ehmgd1·schemas·readpipelineconnection·additionalproperties
warning | Modeler/MissingType | The schema 'components·p0n937·schemas·pipelineconnectionproperties·additionalproperties' has no type or format information whatsoever. Location:
   file:///home/runner/work/bicep-types-az/bicep-types-az/workflow-temp/azure-rest-api-specs/specification/azuredatatransfer/resource-manager/Microsoft.AzureDataTransfer/stable/2025-05-21/azuredatatransfer.json#/components/schemas/components·p0n937·schemas·pipelineconnectionproperties·additionalproperties
warning | Modeler/MissingType | The schema 'components·1iv9nbm·schemas·internalmetadataproperties·additionalproperties' has no type or format information whatsoever. Location:
   file:///home/runner/work/bicep-types-az/bicep-types-az/workflow-temp/azure-rest-api-specs/specification/azuredatatransfer/resource-manager/Microsoft.AzureDataTransfer/stable/2025-05-21/azuredatatransfer.json#/components/schemas/components·1iv9nbm·schemas·internalmetadataproperties·additionalproperties
warning | Skipping resource POST action path '/providers/Microsoft.AzureDataTransfer/listApprovedSchemas': Unable to find type segments
warning | SkippedSemanticValidation | Semantic validation was skipped.
warning | PreCheck/CheckDuplicateSchemas | Checking for duplicate schemas, this could take a (long) while.  Run with --verbose for more detail.
warning | Modeler/MissingType | The schema 'components·ehmgd1·schemas·readpipelineconnection·additionalproperties' has no type or format information whatsoever. Location:
   file:///home/runner/work/bicep-types-az/bicep-types-az/workflow-temp/azure-rest-api-specs/specification/azuredatatransfer/resource-manager/Microsoft.AzureDataTransfer/preview/2025-04-11-preview/azuredatatransfer.json#/components/schemas/components·ehmgd1·schemas·readpipelineconnection·additionalproperties
warning | Modeler/MissingType | The schema 'components·p0n937·schemas·pipelineconnectionproperties·additionalproperties' has no type or format information whatsoever. Location:
   file:///home/runner/work/bicep-types-az/bicep-types-az/workflow-temp/azure-rest-api-specs/specification/azuredatatransfer/resource-manager/Microsoft.AzureDataTransfer/preview/2025-04-11-preview/azuredatatransfer.json#/components/schemas/components·p0n937·schemas·pipelineconnectionproperties·additionalproperties
warning | Modeler/MissingType | The schema 'components·1iv9nbm·schemas·internalmetadataproperties·additionalproperties' has no type or format information whatsoever. Location:
   file:///home/runner/work/bicep-types-az/bicep-types-az/workflow-temp/azure-rest-api-specs/specification/azuredatatransfer/resource-manager/Microsoft.AzureDataTransfer/preview/2025-04-11-preview/azuredatatransfer.json#/components/schemas/components·1iv9nbm·schemas·internalmetadataproperties·additionalproperties
warning | Skipping resource POST action path '/providers/Microsoft.AzureDataTransfer/listApprovedSchemas': Unable to find type segments
warning | SkippedSemanticValidation | Semantic validation was skipped.
warning | PreCheck/CheckDuplicateSchemas | Checking for duplicate schemas, this could take a (long) while.  Run with --verbose for more detail.
warning | Modeler/MissingType | The schema 'components·1vukjo1·schemas·pipelineconnection·additionalproperties' has no type or format information whatsoever. Location:
   file:///home/runner/work/bicep-types-az/bicep-types-az/workflow-temp/azure-rest-api-specs/specification/azuredatatransfer/resource-manager/Microsoft.AzureDataTransfer/preview/2025-03-01-preview/azuredatatransfer.json#/components/schemas/components·1vukjo1·schemas·pipelineconnection·additionalproperties
warning | Modeler/MissingType | The schema 'components·f1qq4w·schemas·pipelineconnection·properties·properties·additionalproperties' has no type or format information whatsoever. Location:
   file:///home/runner/work/bicep-types-az/bicep-types-az/workflow-temp/azure-rest-api-specs/specification/azuredatatransfer/resource-manager/Microsoft.AzureDataTransfer/preview/2025-03-01-preview/azuredatatransfer.json#/components/schemas/components·f1qq4w·schemas·pipelineconnection·properties·properties·additionalproperties
warning | Modeler/MissingType | The schema 'components·svpzuo·schemas·internalmetadataproperties·additionalproperties' has no type or format information whatsoever. Location:
   file:///home/runner/work/bicep-types-az/bicep-types-az/workflow-temp/azure-rest-api-specs/specification/azuredatatransfer/resource-manager/Microsoft.AzureDataTransfer/preview/2025-03-01-preview/azuredatatransfer.json#/components/schemas/components·svpzuo·schemas·internalmetadataproperties·additionalproperties
warning | Skipping resource POST action path '/providers/Microsoft.AzureDataTransfer/listApprovedSchemas': Unable to find type segments
warning | SkippedSemanticValidation | Semantic validation was skipped.
warning | PreCheck/CheckDuplicateSchemas | Checking for duplicate schemas, this could take a (long) while.  Run with --verbose for more detail.
warning | Modeler/MissingType | The schema 'components·1vukjo1·schemas·pipelineconnection·additionalproperties' has no type or format information whatsoever. Location:
   file:///home/runner/work/bicep-types-az/bicep-types-az/workflow-temp/azure-rest-api-specs/specification/azuredatatransfer/resource-manager/Microsoft.AzureDataTransfer/stable/2024-09-27/azuredatatransfer.json#/components/schemas/components·1vukjo1·schemas·pipelineconnection·additionalproperties
warning | Modeler/MissingType | The schema 'components·f1qq4w·schemas·pipelineconnection·properties·properties·additionalproperties' has no type or format information whatsoever. Location:
   file:///home/runner/work/bicep-types-az/bicep-types-az/workflow-temp/azure-rest-api-specs/specification/azuredatatransfer/resource-manager/Microsoft.AzureDataTransfer/stable/2024-09-27/azuredatatransfer.json#/components/schemas/components·f1qq4w·schemas·pipelineconnection·properties·properties·additionalproperties
warning | Modeler/MissingType | The schema 'components·svpzuo·schemas·internalmetadataproperties·additionalproperties' has no type or format information whatsoever. Location:
   file:///home/runner/work/bicep-types-az/bicep-types-az/workflow-temp/azure-rest-api-specs/specification/azuredatatransfer/resource-manager/Microsoft.AzureDataTransfer/stable/2024-09-27/azuredatatransfer.json#/components/schemas/components·svpzuo·schemas·internalmetadataproperties·additionalproperties
warning | Skipping resource POST action path '/providers/Microsoft.AzureDataTransfer/listApprovedSchemas': Unable to find type segments
warning | SkippedSemanticValidation | Semantic validation was skipped.
warning | PreCheck/CheckDuplicateSchemas | Checking for duplicate schemas, this could take a (long) while.  Run with --verbose for more detail.
warning | Modeler/MissingType | The schema 'components·1vukjo1·schemas·pipelineconnection·additionalproperties' has no type or format information whatsoever. Location:
   file:///home/runner/work/bicep-types-az/bicep-types-az/workflow-temp/azure-rest-api-specs/specification/azuredatatransfer/resource-manager/Microsoft.AzureDataTransfer/stable/2024-09-11/azuredatatransfer.json#/components/schemas/components·1vukjo1·schemas·pipelineconnection·additionalproperties
warning | Modeler/MissingType | The schema 'components·f1qq4w·schemas·pipelineconnection·properties·properties·additionalproperties' has no type or format information whatsoever. Location:
   file:///home/runner/work/bicep-types-az/bicep-types-az/workflow-temp/azure-rest-api-specs/specification/azuredatatransfer/resource-manager/Microsoft.AzureDataTransfer/stable/2024-09-11/azuredatatransfer.json#/components/schemas/components·f1qq4w·schemas·pipelineconnection·properties·properties·additionalproperties
warning | Modeler/MissingType | The schema 'components·svpzuo·schemas·internalmetadataproperties·additionalproperties' has no type or format information whatsoever. Location:
   file:///home/runner/work/bicep-types-az/bicep-types-az/workflow-temp/azure-rest-api-specs/specification/azuredatatransfer/resource-manager/Microsoft.AzureDataTransfer/stable/2024-09-11/azuredatatransfer.json#/components/schemas/components·svpzuo·schemas·internalmetadataproperties·additionalproperties
warning | Skipping resource POST action path '/providers/Microsoft.AzureDataTransfer/listApprovedSchemas': Unable to find type segments
warning | SkippedSemanticValidation | Semantic validation was skipped.
warning | PreCheck/CheckDuplicateSchemas | Checking for duplicate schemas, this could take a (long) while.  Run with --verbose for more detail.
warning | Modeler/MissingType | The schema 'components·1vukjo1·schemas·pipelineconnection·additionalproperties' has no type or format information whatsoever. Location:
   file:///home/runner/work/bicep-types-az/bicep-types-az/workflow-temp/azure-rest-api-specs/specification/azuredatatransfer/resource-manager/Microsoft.AzureDataTransfer/stable/2024-05-07/azuredatatransfer.json#/components/schemas/components·1vukjo1·schemas·pipelineconnection·additionalproperties
warning | Modeler/MissingType | The schema 'components·f1qq4w·schemas·pipelineconnection·properties·properties·additionalproperties' has no type or format information whatsoever. Location:
   file:///home/runner/work/bicep-types-az/bicep-types-az/workflow-temp/azure-rest-api-specs/specification/azuredatatransfer/resource-manager/Microsoft.AzureDataTransfer/stable/2024-05-07/azuredatatransfer.json#/components/schemas/components·f1qq4w·schemas·pipelineconnection·properties·properties·additionalproperties
warning | Modeler/MissingType | The schema 'components·svpzuo·schemas·internalmetadataproperties·additionalproperties' has no type or format information whatsoever. Location:
   file:///home/runner/work/bicep-types-az/bicep-types-az/workflow-temp/azure-rest-api-specs/specification/azuredatatransfer/resource-manager/Microsoft.AzureDataTransfer/stable/2024-05-07/azuredatatransfer.json#/components/schemas/components·svpzuo·schemas·internalmetadataproperties·additionalproperties
warning | Skipping resource POST action path '/providers/Microsoft.AzureDataTransfer/listApprovedSchemas': Unable to find type segments
warning | SkippedSemanticValidation | Semantic validation was skipped.
warning | PreCheck/CheckDuplicateSchemas | Checking for duplicate schemas, this could take a (long) while.  Run with --verbose for more detail.
warning | Modeler/MissingType | The schema 'components·1vukjo1·schemas·pipelineconnection·additionalproperties' has no type or format information whatsoever. Location:
   file:///home/runner/work/bicep-types-az/bicep-types-az/workflow-temp/azure-rest-api-specs/specification/azuredatatransfer/resource-manager/Microsoft.AzureDataTransfer/stable/2024-01-25/azuredatatransfer.json#/components/schemas/components·1vukjo1·schemas·pipelineconnection·additionalproperties
warning | Modeler/MissingType | The schema 'components·f1qq4w·schemas·pipelineconnection·properties·properties·additionalproperties' has no type or format information whatsoever. Location:
   file:///home/runner/work/bicep-types-az/bicep-types-az/workflow-temp/azure-rest-api-specs/specification/azuredatatransfer/resource-manager/Microsoft.AzureDataTransfer/stable/2024-01-25/azuredatatransfer.json#/components/schemas/components·f1qq4w·schemas·pipelineconnection·properties·properties·additionalproperties
warning | Modeler/MissingType | The schema 'components·svpzuo·schemas·internalmetadataproperties·additionalproperties' has no type or format information whatsoever. Location:
   file:///home/runner/work/bicep-types-az/bicep-types-az/workflow-temp/azure-rest-api-specs/specification/azuredatatransfer/resource-manager/Microsoft.AzureDataTransfer/stable/2024-01-25/azuredatatransfer.json#/components/schemas/components·svpzuo·schemas·internalmetadataproperties·additionalproperties
warning | Skipping resource POST action path '/providers/Microsoft.AzureDataTransfer/listApprovedSchemas': Unable to find type segments
warning | SkippedSemanticValidation | Semantic validation was skipped.
warning | PreCheck/CheckDuplicateSchemas | Checking for duplicate schemas, this could take a (long) while.  Run with --verbose for more detail.
warning | Modeler/MissingType | The schema 'components·1vukjo1·schemas·pipelineconnection·additionalproperties' has no type or format information whatsoever. Location:
   file:///home/runner/work/bicep-types-az/bicep-types-az/workflow-temp/azure-rest-api-specs/specification/azuredatatransfer/resource-manager/Microsoft.AzureDataTransfer/preview/2023-10-11-preview/azuredatatransfer.json#/components/schemas/components·1vukjo1·schemas·pipelineconnection·additionalproperties
warning | Modeler/MissingType | The schema 'components·f1qq4w·schemas·pipelineconnection·properties·properties·additionalproperties' has no type or format information whatsoever. Location:
   file:///home/runner/work/bicep-types-az/bicep-types-az/workflow-temp/azure-rest-api-specs/specification/azuredatatransfer/resource-manager/Microsoft.AzureDataTransfer/preview/2023-10-11-preview/azuredatatransfer.json#/components/schemas/components·f1qq4w·schemas·pipelineconnection·properties·properties·additionalproperties
warning | Modeler/MissingType | The schema 'components·svpzuo·schemas·internalmetadataproperties·additionalproperties' has no type or format information whatsoever. Location:
   file:///home/runner/work/bicep-types-az/bicep-types-az/workflow-temp/azure-rest-api-specs/specification/azuredatatransfer/resource-manager/Microsoft.AzureDataTransfer/preview/2023-10-11-preview/azuredatatransfer.json#/components/schemas/components·svpzuo·schemas·internalmetadataproperties·additionalproperties
warning | Skipping resource POST action path '/providers/Microsoft.AzureDataTransfer/listApprovedSchemas': Unable to find type segments
