Executing: autorest --use=/home/runner/work/bicep-types-az/bicep-types-az/src/autorest.bicep --bicep --output-folder=/tmp/_bcp_1625795651387/hdinsight --multiapi --title=none --skip-semantics-validation /home/runner/work/bicep-types-az/bicep-types-az/workflow-temp/azure-rest-api-specs/specification/hdinsight/resource-manager/readme.md --debug --verbose
AutoRest code generation utility [cli version: 3.2.1; node: v14.17.1, max-memory: 4096 MB]
(C) 2018 Microsoft Corporation.
https://aka.ms/autorest
No configuration found at 'file:///home/runner/work/bicep-types-az/bicep-types-az/src/generator/src/cmd/'.
> Including configuration file 'file:///home/runner/work/bicep-types-az/bicep-types-az/src/generator/node_modules/autorest/dist/resources/default-configuration.md'
> Including configuration file 'file:///home/runner/work/bicep-types-az/bicep-types-az/src/generator/node_modules/autorest/dist/resources/inspect.md'
> Including configuration file 'file:///home/runner/work/bicep-types-az/bicep-types-az/src/generator/node_modules/autorest/dist/resources/directives.md'
> Including configuration file 'file:///home/runner/work/bicep-types-az/bicep-types-az/src/generator/node_modules/autorest/dist/resources/pipeline.md'
> Including configuration file 'file:///home/runner/work/bicep-types-az/bicep-types-az/src/generator/node_modules/autorest/dist/resources/loader-openapi.md'
> Including configuration file 'file:///home/runner/work/bicep-types-az/bicep-types-az/src/generator/node_modules/autorest/dist/resources/miscellaneous.md'
> Including configuration file 'file:///home/runner/work/bicep-types-az/bicep-types-az/src/generator/node_modules/autorest/dist/resources/plugin-powershell.md'
> Including configuration file 'file:///home/runner/work/bicep-types-az/bicep-types-az/src/generator/node_modules/autorest/dist/resources/plugin-azureresourceschema.md'
> Including configuration file 'file:///home/runner/work/bicep-types-az/bicep-types-az/src/generator/node_modules/autorest/dist/resources/plugin-csharp.md'
> Including configuration file 'file:///home/runner/work/bicep-types-az/bicep-types-az/src/generator/node_modules/autorest/dist/resources/plugin-go.md'
> Including configuration file 'file:///home/runner/work/bicep-types-az/bicep-types-az/src/generator/node_modules/autorest/dist/resources/plugin-java.md'
> Including configuration file 'file:///home/runner/work/bicep-types-az/bicep-types-az/src/generator/node_modules/autorest/dist/resources/plugin-nodejs.md'
> Including configuration file 'file:///home/runner/work/bicep-types-az/bicep-types-az/src/generator/node_modules/autorest/dist/resources/plugin-php.md'
> Including configuration file 'file:///home/runner/work/bicep-types-az/bicep-types-az/src/generator/node_modules/autorest/dist/resources/plugin-python.md'
> Including configuration file 'file:///home/runner/work/bicep-types-az/bicep-types-az/src/generator/node_modules/autorest/dist/resources/plugin-ruby.md'
> Including configuration file 'file:///home/runner/work/bicep-types-az/bicep-types-az/src/generator/node_modules/autorest/dist/resources/plugin-typescript.md'
> Including configuration file 'file:///home/runner/work/bicep-types-az/bicep-types-az/src/generator/node_modules/autorest/dist/resources/plugin-validators.md'
> Including configuration file 'file:///home/runner/work/bicep-types-az/bicep-types-az/src/generator/node_modules/autorest/dist/resources/plugin-az.md'
> Including configuration file 'file:///home/runner/work/bicep-types-az/bicep-types-az/src/generator/node_modules/autorest/dist/resources/plugin-terraform.md'
> Including configuration file 'file:///home/runner/work/bicep-types-az/bicep-types-az/src/generator/node_modules/autorest/dist/resources/plugin-azure-functions.md'
> Including configuration file 'file:///home/runner/work/bicep-types-az/bicep-types-az/src/generator/node_modules/autorest/dist/resources/graphs.md'
> Including configuration file 'file:///home/runner/work/bicep-types-az/bicep-types-az/src/generator/node_modules/autorest/dist/resources/help-configuration.md'
> Loading local AutoRest extension '@autorest/bicep' (/home/runner/work/bicep-types-az/bicep-types-az/src/autorest.bicep)
> Including extension configuration file 'file:///home/runner/work/bicep-types-az/bicep-types-az/src/autorest.bicep/README.md'
> Including configuration file 'file:///home/runner/work/bicep-types-az/bicep-types-az/src/autorest.bicep/README.md'
> Loading AutoRest extension '@autorest/modelerfour' (https://tinyurl.com/yhlkz69y->4.20.0-ci.b8e3f92c0)
> Including extension configuration file 'file:///home/runner/.autorest/@autorest_modelerfour@4.20.0-ci.b8e3f92c0/node_modules/@autorest/modelerfour/readme.md'
> Including configuration file 'file:///home/runner/.autorest/@autorest_modelerfour@4.20.0-ci.b8e3f92c0/node_modules/@autorest/modelerfour/readme.md'
NOTE: AutoRest core version selected from configuration: https://tinyurl.com/yfjyy27f.
Network Enabled: true

There is a new version of AutoRest available (3.2.3).
 > You can install the newer version with with npm install -g autorest@latest

Starting @autorest/core from /home/runner/.autorest/@autorest_core@3.5.0-ci.b8e3f92c0/node_modules/@autorest/core
   Loading AutoRest core      '/home/runner/.autorest/@autorest_core@3.5.0-ci.b8e3f92c0/node_modules/@autorest/core/dist' (3.5.0-ci.b8e3f92c0)
VERBOSE [0.69 s]: > Including configuration file 'file:///home/runner/work/bicep-types-az/bicep-types-az/workflow-temp/azure-rest-api-specs/specification/hdinsight/resource-manager/readme.bicep.md'
VERBOSE [0.71 s]: > Initial configuration file 'file:///home/runner/work/bicep-types-az/bicep-types-az/workflow-temp/azure-rest-api-specs/specification/hdinsight/resource-manager/readme.md'
VERBOSE [0.71 s]: > Including configuration file 'file:///home/runner/work/bicep-types-az/bicep-types-az/workflow-temp/azure-rest-api-specs/specification/hdinsight/resource-manager/readme.md'
VERBOSE [0.75 s]: > Including configuration file 'file:///home/runner/.autorest/@autorest_core@3.5.0-ci.b8e3f92c0/node_modules/@autorest/core/dist/resources/default-configuration.md'
VERBOSE [0.76 s]: > Including configuration file 'file:///home/runner/.autorest/@autorest_core@3.5.0-ci.b8e3f92c0/node_modules/@autorest/core/dist/resources/inspect.md'
VERBOSE [0.78 s]: > Including configuration file 'file:///home/runner/.autorest/@autorest_core@3.5.0-ci.b8e3f92c0/node_modules/@autorest/core/dist/resources/directives.md'
VERBOSE [0.8 s]: > Including configuration file 'file:///home/runner/.autorest/@autorest_core@3.5.0-ci.b8e3f92c0/node_modules/@autorest/core/dist/resources/pipeline.md'
VERBOSE [0.83 s]: > Including configuration file 'file:///home/runner/.autorest/@autorest_core@3.5.0-ci.b8e3f92c0/node_modules/@autorest/core/dist/resources/loader-openapi.md'
VERBOSE [0.85 s]: > Including configuration file 'file:///home/runner/.autorest/@autorest_core@3.5.0-ci.b8e3f92c0/node_modules/@autorest/core/dist/resources/miscellaneous.md'
VERBOSE [0.88 s]: > Including configuration file 'file:///home/runner/.autorest/@autorest_core@3.5.0-ci.b8e3f92c0/node_modules/@autorest/core/dist/resources/plugin-powershell.md'
VERBOSE [0.9 s]: > Including configuration file 'file:///home/runner/.autorest/@autorest_core@3.5.0-ci.b8e3f92c0/node_modules/@autorest/core/dist/resources/plugin-azureresourceschema.md'
VERBOSE [0.91 s]: > Including configuration file 'file:///home/runner/.autorest/@autorest_core@3.5.0-ci.b8e3f92c0/node_modules/@autorest/core/dist/resources/plugin-csharp.md'
VERBOSE [0.94 s]: > Including configuration file 'file:///home/runner/.autorest/@autorest_core@3.5.0-ci.b8e3f92c0/node_modules/@autorest/core/dist/resources/plugin-go.md'
VERBOSE [0.95 s]: > Including configuration file 'file:///home/runner/.autorest/@autorest_core@3.5.0-ci.b8e3f92c0/node_modules/@autorest/core/dist/resources/plugin-java.md'
VERBOSE [0.98 s]: > Including configuration file 'file:///home/runner/.autorest/@autorest_core@3.5.0-ci.b8e3f92c0/node_modules/@autorest/core/dist/resources/plugin-nodejs.md'
VERBOSE [1 s]: > Including configuration file 'file:///home/runner/.autorest/@autorest_core@3.5.0-ci.b8e3f92c0/node_modules/@autorest/core/dist/resources/plugin-php.md'
VERBOSE [1.02 s]: > Including configuration file 'file:///home/runner/.autorest/@autorest_core@3.5.0-ci.b8e3f92c0/node_modules/@autorest/core/dist/resources/plugin-python.md'
VERBOSE [1.04 s]: > Including configuration file 'file:///home/runner/.autorest/@autorest_core@3.5.0-ci.b8e3f92c0/node_modules/@autorest/core/dist/resources/plugin-ruby.md'
VERBOSE [1.07 s]: > Including configuration file 'file:///home/runner/.autorest/@autorest_core@3.5.0-ci.b8e3f92c0/node_modules/@autorest/core/dist/resources/plugin-typescript.md'
VERBOSE [1.09 s]: > Including configuration file 'file:///home/runner/.autorest/@autorest_core@3.5.0-ci.b8e3f92c0/node_modules/@autorest/core/dist/resources/plugin-validators.md'
VERBOSE [1.12 s]: > Including configuration file 'file:///home/runner/.autorest/@autorest_core@3.5.0-ci.b8e3f92c0/node_modules/@autorest/core/dist/resources/plugin-az.md'
VERBOSE [1.14 s]: > Including configuration file 'file:///home/runner/.autorest/@autorest_core@3.5.0-ci.b8e3f92c0/node_modules/@autorest/core/dist/resources/plugin-terraform.md'
VERBOSE [1.16 s]: > Including configuration file 'file:///home/runner/.autorest/@autorest_core@3.5.0-ci.b8e3f92c0/node_modules/@autorest/core/dist/resources/plugin-azure-functions.md'
VERBOSE [1.19 s]: > Including configuration file 'file:///home/runner/.autorest/@autorest_core@3.5.0-ci.b8e3f92c0/node_modules/@autorest/core/dist/resources/graphs.md'
VERBOSE [1.21 s]: > Including configuration file 'file:///home/runner/.autorest/@autorest_core@3.5.0-ci.b8e3f92c0/node_modules/@autorest/core/dist/resources/help-configuration.md'
INFORMATION: > Loading local AutoRest extension '@autorest/bicep' (/home/runner/work/bicep-types-az/bicep-types-az/src/autorest.bicep)
VERBOSE [1.3 s]: > Including extension configuration file 'file:///home/runner/work/bicep-types-az/bicep-types-az/src/autorest.bicep/README.md'
VERBOSE [1.3 s]: > Including configuration file 'file:///home/runner/work/bicep-types-az/bicep-types-az/src/autorest.bicep/README.md'
INFORMATION: > Loading AutoRest extension '@autorest/modelerfour' (https://tinyurl.com/yhlkz69y->4.20.0-ci.b8e3f92c0)
VERBOSE [2.1 s]: > Including extension configuration file 'file:///home/runner/.autorest/@autorest_modelerfour@4.20.0-ci.b8e3f92c0/node_modules/@autorest/modelerfour/readme.md'
VERBOSE [2.1 s]: > Including configuration file 'file:///home/runner/.autorest/@autorest_modelerfour@4.20.0-ci.b8e3f92c0/node_modules/@autorest/modelerfour/readme.md'
Processing batch task - {"tag":"microsoft.hdinsight-2018-06-01-preview"} .
VERBOSE [2.35 s]: > Including configuration file 'file:///home/runner/work/bicep-types-az/bicep-types-az/workflow-temp/azure-rest-api-specs/specification/hdinsight/resource-manager/readme.bicep.md'
VERBOSE [2.36 s]: > Initial configuration file 'file:///home/runner/work/bicep-types-az/bicep-types-az/workflow-temp/azure-rest-api-specs/specification/hdinsight/resource-manager/readme.md'
VERBOSE [2.36 s]: > Including configuration file 'file:///home/runner/work/bicep-types-az/bicep-types-az/workflow-temp/azure-rest-api-specs/specification/hdinsight/resource-manager/readme.md'
VERBOSE [2.38 s]: > Including configuration file 'file:///home/runner/.autorest/@autorest_core@3.5.0-ci.b8e3f92c0/node_modules/@autorest/core/dist/resources/default-configuration.md'
VERBOSE [2.39 s]: > Including configuration file 'file:///home/runner/.autorest/@autorest_core@3.5.0-ci.b8e3f92c0/node_modules/@autorest/core/dist/resources/inspect.md'
VERBOSE [2.4 s]: > Including configuration file 'file:///home/runner/.autorest/@autorest_core@3.5.0-ci.b8e3f92c0/node_modules/@autorest/core/dist/resources/directives.md'
VERBOSE [2.41 s]: > Including configuration file 'file:///home/runner/.autorest/@autorest_core@3.5.0-ci.b8e3f92c0/node_modules/@autorest/core/dist/resources/pipeline.md'
VERBOSE [2.43 s]: > Including configuration file 'file:///home/runner/.autorest/@autorest_core@3.5.0-ci.b8e3f92c0/node_modules/@autorest/core/dist/resources/loader-openapi.md'
VERBOSE [2.44 s]: > Including configuration file 'file:///home/runner/.autorest/@autorest_core@3.5.0-ci.b8e3f92c0/node_modules/@autorest/core/dist/resources/miscellaneous.md'
VERBOSE [2.46 s]: > Including configuration file 'file:///home/runner/.autorest/@autorest_core@3.5.0-ci.b8e3f92c0/node_modules/@autorest/core/dist/resources/plugin-powershell.md'
VERBOSE [2.47 s]: > Including configuration file 'file:///home/runner/.autorest/@autorest_core@3.5.0-ci.b8e3f92c0/node_modules/@autorest/core/dist/resources/plugin-azureresourceschema.md'
VERBOSE [2.48 s]: > Including configuration file 'file:///home/runner/.autorest/@autorest_core@3.5.0-ci.b8e3f92c0/node_modules/@autorest/core/dist/resources/plugin-csharp.md'
VERBOSE [2.5 s]: > Including configuration file 'file:///home/runner/.autorest/@autorest_core@3.5.0-ci.b8e3f92c0/node_modules/@autorest/core/dist/resources/plugin-go.md'
VERBOSE [2.52 s]: > Including configuration file 'file:///home/runner/.autorest/@autorest_core@3.5.0-ci.b8e3f92c0/node_modules/@autorest/core/dist/resources/plugin-java.md'
VERBOSE [2.54 s]: > Including configuration file 'file:///home/runner/.autorest/@autorest_core@3.5.0-ci.b8e3f92c0/node_modules/@autorest/core/dist/resources/plugin-nodejs.md'
VERBOSE [2.55 s]: > Including configuration file 'file:///home/runner/.autorest/@autorest_core@3.5.0-ci.b8e3f92c0/node_modules/@autorest/core/dist/resources/plugin-php.md'
VERBOSE [2.57 s]: > Including configuration file 'file:///home/runner/.autorest/@autorest_core@3.5.0-ci.b8e3f92c0/node_modules/@autorest/core/dist/resources/plugin-python.md'
VERBOSE [2.59 s]: > Including configuration file 'file:///home/runner/.autorest/@autorest_core@3.5.0-ci.b8e3f92c0/node_modules/@autorest/core/dist/resources/plugin-ruby.md'
VERBOSE [2.61 s]: > Including configuration file 'file:///home/runner/.autorest/@autorest_core@3.5.0-ci.b8e3f92c0/node_modules/@autorest/core/dist/resources/plugin-typescript.md'
VERBOSE [2.63 s]: > Including configuration file 'file:///home/runner/.autorest/@autorest_core@3.5.0-ci.b8e3f92c0/node_modules/@autorest/core/dist/resources/plugin-validators.md'
VERBOSE [2.66 s]: > Including configuration file 'file:///home/runner/.autorest/@autorest_core@3.5.0-ci.b8e3f92c0/node_modules/@autorest/core/dist/resources/plugin-az.md'
VERBOSE [2.68 s]: > Including configuration file 'file:///home/runner/.autorest/@autorest_core@3.5.0-ci.b8e3f92c0/node_modules/@autorest/core/dist/resources/plugin-terraform.md'
VERBOSE [2.7 s]: > Including configuration file 'file:///home/runner/.autorest/@autorest_core@3.5.0-ci.b8e3f92c0/node_modules/@autorest/core/dist/resources/plugin-azure-functions.md'
VERBOSE [2.72 s]: > Including configuration file 'file:///home/runner/.autorest/@autorest_core@3.5.0-ci.b8e3f92c0/node_modules/@autorest/core/dist/resources/graphs.md'
VERBOSE [2.75 s]: > Including configuration file 'file:///home/runner/.autorest/@autorest_core@3.5.0-ci.b8e3f92c0/node_modules/@autorest/core/dist/resources/help-configuration.md'
INFORMATION: > Loading local AutoRest extension '@autorest/bicep' (/home/runner/work/bicep-types-az/bicep-types-az/src/autorest.bicep)
VERBOSE [2.82 s]: > Including extension configuration file 'file:///home/runner/work/bicep-types-az/bicep-types-az/src/autorest.bicep/README.md'
VERBOSE [2.82 s]: > Including configuration file 'file:///home/runner/work/bicep-types-az/bicep-types-az/src/autorest.bicep/README.md'
INFORMATION: > Loading AutoRest extension '@autorest/modelerfour' (https://tinyurl.com/yhlkz69y->4.20.0-ci.b8e3f92c0)
VERBOSE [3.4 s]: > Including extension configuration file 'file:///home/runner/.autorest/@autorest_modelerfour@4.20.0-ci.b8e3f92c0/node_modules/@autorest/modelerfour/readme.md'
VERBOSE [3.4 s]: > Including configuration file 'file:///home/runner/.autorest/@autorest_modelerfour@4.20.0-ci.b8e3f92c0/node_modules/@autorest/modelerfour/readme.md'
DEBUG [4.04 s]: swagger-document/loader-swagger - START inputs = 0
DEBUG [4.04 s]: openapi-document/loader-openapi - START inputs = 0
DEBUG [4.04 s]: pipeline-emitter - START inputs = 0
DEBUG [4.04 s]: configuration-emitter - START inputs = 0
DEBUG [4.04 s]: pipeline-emitter - END [0.05 s][87 MB]
DEBUG [4.04 s]: configuration-emitter - END [0.05 s][87 MB]
VERBOSE [4.08 s]: Reading OpenAPI 2.0 file file:///home/runner/work/bicep-types-az/bicep-types-az/workflow-temp/azure-rest-api-specs/specification/hdinsight/resource-manager/Microsoft.HDInsight/stable/2018-06-01-preview/cluster.json
VERBOSE [4.09 s]: Reading OpenAPI 2.0 file file:///home/runner/work/bicep-types-az/bicep-types-az/workflow-temp/azure-rest-api-specs/specification/hdinsight/resource-manager/Microsoft.HDInsight/stable/2018-06-01-preview/applications.json
VERBOSE [4.1 s]: Reading OpenAPI 2.0 file file:///home/runner/work/bicep-types-az/bicep-types-az/workflow-temp/azure-rest-api-specs/specification/hdinsight/resource-manager/Microsoft.HDInsight/stable/2018-06-01-preview/locations.json
VERBOSE [4.1 s]: Reading OpenAPI 2.0 file file:///home/runner/work/bicep-types-az/bicep-types-az/workflow-temp/azure-rest-api-specs/specification/hdinsight/resource-manager/Microsoft.HDInsight/stable/2018-06-01-preview/configurations.json
VERBOSE [4.1 s]: Reading OpenAPI 2.0 file file:///home/runner/work/bicep-types-az/bicep-types-az/workflow-temp/azure-rest-api-specs/specification/hdinsight/resource-manager/Microsoft.HDInsight/stable/2018-06-01-preview/extensions.json
VERBOSE [4.12 s]: Reading OpenAPI 2.0 file file:///home/runner/work/bicep-types-az/bicep-types-az/workflow-temp/azure-rest-api-specs/specification/hdinsight/resource-manager/Microsoft.HDInsight/stable/2018-06-01-preview/scriptActions.json
VERBOSE [4.12 s]: Reading OpenAPI 2.0 file file:///home/runner/work/bicep-types-az/bicep-types-az/workflow-temp/azure-rest-api-specs/specification/hdinsight/resource-manager/Microsoft.HDInsight/stable/2018-06-01-preview/operations.json
VERBOSE [4.12 s]: Reading OpenAPI 2.0 file file:///home/runner/work/bicep-types-az/bicep-types-az/workflow-temp/azure-rest-api-specs/specification/hdinsight/resource-manager/Microsoft.HDInsight/stable/2018-06-01-preview/virtualMachines.json
DEBUG [4.12 s]: openapi-document/loader-openapi - END [0.13 s][95 MB]
DEBUG [4.35 s]: openapi-document/individual/transform - SKIPPING
DEBUG [4.35 s]: openapi-document/individual/schema-validator-openapi - SKIPPING
DEBUG [4.35 s]: openapi-document/individual/identity - SKIPPING
DEBUG [4.52 s]: swagger-document/loader-swagger - END [0.53 s][129 MB]
DEBUG [4.53 s]: swagger-document/individual/transform - START inputs = 8
DEBUG [4.97 s]: swagger-document/individual/transform - END [0.43 s][99 MB]
DEBUG [4.97 s]: swagger-document/individual/schema-validator-swagger - START inputs = 8
DEBUG [5.28 s]: swagger-document/individual/schema-validator-swagger - END [0.3 s][99 MB]
DEBUG [5.28 s]: swagger-document/identity - START inputs = 8
DEBUG [5.28 s]: swagger-document/individual/identity - START inputs = 8
DEBUG [5.28 s]: swagger-document/identity - END [0 s][99 MB]
DEBUG [5.28 s]: swagger-document/individual/identity - END [0 s][99 MB]
DEBUG [5.28 s]: openapi-document/openapi-document-converter - START inputs = 8
DEBUG [5.54 s]: openapi-document/openapi-document-converter - END [0.25 s][118 MB]
DEBUG [5.54 s]: openapi-document/transform - START inputs = 8
DEBUG [5.57 s]: openapi-document/transform - END [0.03 s][127 MB]
DEBUG [5.58 s]: openapi-document/semantic-validator - START inputs = 8
WARNING: Semantic validation was skipped.
DEBUG [5.58 s]: openapi-document/semantic-validator - END [0 s][120 MB]
DEBUG [5.58 s]: openapi-document/allof-cleaner - START inputs = 8
DEBUG [5.6 s]: openapi-document/allof-cleaner - END [0.01 s][124 MB]
DEBUG [5.6 s]: openapi-document/tree-shaker - START inputs = 8
DEBUG [5.87 s]: openapi-document/tree-shaker - END [0.26 s][157 MB]
DEBUG [5.87 s]: openapi-document/multi-api-merger - START inputs = 8
DEBUG [6.29 s]: openapi-document/multi-api-merger - END [0.42 s][201 MB]
DEBUG [6.29 s]: openapi-document/components-cleaner - START inputs = 1
DEBUG [6.72 s]: openapi-document/components-cleaner - END [0.42 s][252 MB]
DEBUG [6.72 s]: openapi-document/component-modifiers - START inputs = 1
DEBUG [6.81 s]: openapi-document/component-modifiers - END [0.08 s][266 MB]
DEBUG [6.81 s]: openapi-document/api-version-parameter-handler - START inputs = 1
DEBUG [6.81 s]: openapi-document/api-version-parameter-handler - END [0 s][267 MB]
DEBUG [6.81 s]: openapi-document/profile-filter - START inputs = 1
DEBUG [6.81 s]: openapi-document/profile-filter - END [0 s][267 MB]
DEBUG [6.81 s]: openapi-document/model-deduplicator - START inputs = 1
DEBUG [6.81 s]: openapi-document/emitter - START inputs = 1
DEBUG [6.81 s]: openapi-document/model-deduplicator - END [0 s][267 MB]
DEBUG [6.81 s]: openapi-document/emitter - END [0 s][267 MB]
DEBUG [6.81 s]: openapi-document/enum-deduplicator - START inputs = 1
DEBUG [7.29 s]: openapi-document/enum-deduplicator - END [0.47 s][301 MB]
DEBUG [7.29 s]: openapi-document/subset-reducer - START inputs = 1
DEBUG [7.31 s]: openapi-document/subset-reducer - END [0 s][302 MB]
DEBUG [7.31 s]: openapi-document/quick-check - START inputs = 1
DEBUG [7.31 s]: openapi-document/multi-api/reset-identity - START inputs = 1
DEBUG [7.39 s]: openapi-document/quick-check - END [0.07 s][322 MB]
DEBUG [7.39 s]: openapi-document/multi-api/reset-identity - END [0.07 s][322 MB]
DEBUG [7.39 s]: openapi-document/multi-api/identity - START inputs = 1
DEBUG [7.39 s]: openapi-document/multi-api/identity - END [0 s][323 MB]
DEBUG [7.4 s]: openapi-document/multi-api/emitter - START inputs = 1
DEBUG [7.4 s]: prechecker - START inputs = 1
DEBUG [7.4 s]: openapi-document/multi-api/emitter - END [0 s][323 MB]

WARNING (PreCheck/SchemaMissingType): The schema 'ClusterDefinition' with an undefined type and declared properties is a bit ambiguous. This has been auto-corrected to 'type:object'

WARNING (PreCheck/SchemaMissingType): The schema 'ClientGroupInfo' with an undefined type and declared properties is a bit ambiguous. This has been auto-corrected to 'type:object'

WARNING (PreCheck/SchemaMissingType): The schema 'KafkaRestProperties' with an undefined type and declared properties is a bit ambiguous. This has been auto-corrected to 'type:object'

WARNING (PreCheck/SchemaMissingType): The schema 'SecurityProfile' with an undefined type and declared properties is a bit ambiguous. This has been auto-corrected to 'type:object'

WARNING (PreCheck/SchemaMissingType): The schema 'AutoscaleTimeAndCapacity' with an undefined type and declared properties is a bit ambiguous. This has been auto-corrected to 'type:object'

WARNING (PreCheck/SchemaMissingType): The schema 'AutoscaleSchedule' with an undefined type and declared properties is a bit ambiguous. This has been auto-corrected to 'type:object'

WARNING (PreCheck/SchemaMissingType): The schema 'AutoscaleCapacity' with an undefined type and declared properties is a bit ambiguous. This has been auto-corrected to 'type:object'

WARNING (PreCheck/SchemaMissingType): The schema 'AutoscaleRecurrence' with an undefined type and declared properties is a bit ambiguous. This has been auto-corrected to 'type:object'

WARNING (PreCheck/SchemaMissingType): The schema 'Autoscale' with an undefined type and declared properties is a bit ambiguous. This has been auto-corrected to 'type:object'

WARNING (PreCheck/SchemaMissingType): The schema 'AutoscaleConfigurationUpdateParameter' with an undefined type and declared properties is a bit ambiguous. This has been auto-corrected to 'type:object'

WARNING (PreCheck/SchemaMissingType): The schema 'HardwareProfile' with an undefined type and declared properties is a bit ambiguous. This has been auto-corrected to 'type:object'

WARNING (PreCheck/SchemaMissingType): The schema 'VirtualNetworkProfile' with an undefined type and declared properties is a bit ambiguous. This has been auto-corrected to 'type:object'

WARNING (PreCheck/SchemaMissingType): The schema 'DataDisksGroups' with an undefined type and declared properties is a bit ambiguous. This has been auto-corrected to 'type:object'

WARNING (PreCheck/SchemaMissingType): The schema 'SshPublicKey' with an undefined type and declared properties is a bit ambiguous. This has been auto-corrected to 'type:object'

WARNING (PreCheck/SchemaMissingType): The schema 'SshProfile' with an undefined type and declared properties is a bit ambiguous. This has been auto-corrected to 'type:object'

WARNING (PreCheck/SchemaMissingType): The schema 'LinuxOperatingSystemProfile' with an undefined type and declared properties is a bit ambiguous. This has been auto-corrected to 'type:object'

WARNING (PreCheck/SchemaMissingType): The schema 'OsProfile' with an undefined type and declared properties is a bit ambiguous. This has been auto-corrected to 'type:object'

WARNING (PreCheck/SchemaMissingType): The schema 'Role' with an undefined type and declared properties is a bit ambiguous. This has been auto-corrected to 'type:object'

WARNING (PreCheck/SchemaMissingType): The schema 'ComputeProfile' with an undefined type and declared properties is a bit ambiguous. This has been auto-corrected to 'type:object'

WARNING (PreCheck/SchemaMissingType): The schema 'StorageAccount' with an undefined type and declared properties is a bit ambiguous. This has been auto-corrected to 'type:object'

WARNING (PreCheck/SchemaMissingType): The schema 'StorageProfile' with an undefined type and declared properties is a bit ambiguous. This has been auto-corrected to 'type:object'

WARNING (PreCheck/SchemaMissingType): The schema 'ExcludedServicesConfig' with an undefined type and declared properties is a bit ambiguous. This has been auto-corrected to 'type:object'

WARNING (PreCheck/SchemaMissingType): The schema 'NetworkProperties' with an undefined type and declared properties is a bit ambiguous. This has been auto-corrected to 'type:object'

WARNING (PreCheck/SchemaMissingType): The schema 'ComputeIsolationProperties' with an undefined type and declared properties is a bit ambiguous. This has been auto-corrected to 'type:object'

WARNING (PreCheck/SchemaMissingType): The schema 'ClusterCreateProperties' with an undefined type and declared properties is a bit ambiguous. This has been auto-corrected to 'type:object'

WARNING (PreCheck/SchemaMissingType): The schema 'ClusterCreateParametersExtended' with an undefined type and declared properties is a bit ambiguous. This has been auto-corrected to 'type:object'

WARNING (PreCheck/SchemaMissingType): The schema 'ClusterPatchParameters' with an undefined type and declared properties is a bit ambiguous. This has been auto-corrected to 'type:object'

WARNING (PreCheck/SchemaMissingType): The schema 'QuotaInfo' with an undefined type and declared properties is a bit ambiguous. This has been auto-corrected to 'type:object'

WARNING (PreCheck/SchemaMissingType): The schema 'Errors' with an undefined type and declared properties is a bit ambiguous. This has been auto-corrected to 'type:object'

WARNING (PreCheck/SchemaMissingType): The schema 'ConnectivityEndpoint' with an undefined type and declared properties is a bit ambiguous. This has been auto-corrected to 'type:object'

WARNING (PreCheck/SchemaMissingType): The schema 'ClusterGetProperties' with an undefined type and declared properties is a bit ambiguous. This has been auto-corrected to 'type:object'

WARNING (PreCheck/SchemaMissingType): The schema 'Cluster' with an undefined type and declared properties is a bit ambiguous. This has been auto-corrected to 'type:object'

WARNING (PreCheck/SchemaMissingType): The schema 'RuntimeScriptAction' with an undefined type and declared properties is a bit ambiguous. This has been auto-corrected to 'type:object'

WARNING (PreCheck/SchemaMissingType): The schema 'ExecuteScriptActionParameters' with an undefined type and declared properties is a bit ambiguous. This has been auto-corrected to 'type:object'

WARNING (PreCheck/SchemaMissingType): The schema 'ClusterListPersistedScriptActionsResult' with an undefined type and declared properties is a bit ambiguous. This has been auto-corrected to 'type:object'

WARNING (PreCheck/SchemaMissingType): The schema 'ScriptActionExecutionSummary' with an undefined type and declared properties is a bit ambiguous. This has been auto-corrected to 'type:object'

WARNING (PreCheck/SchemaMissingType): The schema 'RuntimeScriptActionDetail' with an undefined type and declared properties is a bit ambiguous. This has been auto-corrected to 'type:object'

WARNING (PreCheck/SchemaMissingType): The schema 'ClusterListRuntimeScriptActionDetailResult' with an undefined type and declared properties is a bit ambiguous. This has been auto-corrected to 'type:object'

WARNING (PreCheck/SchemaMissingType): The schema 'ClusterIdentity' with an undefined type and declared properties is a bit ambiguous. This has been auto-corrected to 'type:object'

WARNING (PreCheck/SchemaMissingType): The schema 'ClusterListResult' with an undefined type and declared properties is a bit ambiguous. This has been auto-corrected to 'type:object'

WARNING (PreCheck/SchemaMissingType): The schema 'ClusterResizeParameters' with an undefined type and declared properties is a bit ambiguous. This has been auto-corrected to 'type:object'

WARNING (PreCheck/SchemaMissingType): The schema 'ClusterDiskEncryptionParameters' with an undefined type and declared properties is a bit ambiguous. This has been auto-corrected to 'type:object'

WARNING (PreCheck/SchemaMissingType): The schema 'DiskEncryptionProperties' with an undefined type and declared properties is a bit ambiguous. This has been auto-corrected to 'type:object'

WARNING (PreCheck/SchemaMissingType): The schema 'EncryptionInTransitProperties' with an undefined type and declared properties is a bit ambiguous. This has been auto-corrected to 'type:object'

WARNING (PreCheck/SchemaMissingType): The schema 'UpdateGatewaySettingsParameters' with an undefined type and declared properties is a bit ambiguous. This has been auto-corrected to 'type:object'

WARNING (PreCheck/SchemaMissingType): The schema 'GatewaySettings' with an undefined type and declared properties is a bit ambiguous. This has been auto-corrected to 'type:object'

WARNING (PreCheck/SchemaMissingType): The schema 'AsyncOperationResult' with an undefined type and declared properties is a bit ambiguous. This has been auto-corrected to 'type:object'

WARNING (PreCheck/SchemaMissingType): The schema 'Resource' with an undefined type and declared properties is a bit ambiguous. This has been auto-corrected to 'type:object'

WARNING (PreCheck/SchemaMissingType): The schema 'TrackedResource' with an undefined type and declared properties is a bit ambiguous. This has been auto-corrected to 'type:object'

WARNING (PreCheck/SchemaMissingType): The schema 'ProxyResource' with an undefined type and 'allOf'/'anyOf'/'oneOf' is a bit ambiguous. This has been auto-corrected to 'type:object'

WARNING (PreCheck/SchemaMissingType): The schema 'ApplicationListResult' with an undefined type and declared properties is a bit ambiguous. This has been auto-corrected to 'type:object'

WARNING (PreCheck/SchemaMissingType): The schema 'VersionSpec' with an undefined type and declared properties is a bit ambiguous. This has been auto-corrected to 'type:object'

WARNING (PreCheck/SchemaMissingType): The schema 'VersionsCapability' with an undefined type and declared properties is a bit ambiguous. This has been auto-corrected to 'type:object'

WARNING (PreCheck/SchemaMissingType): The schema 'RegionsCapability' with an undefined type and declared properties is a bit ambiguous. This has been auto-corrected to 'type:object'

WARNING (PreCheck/SchemaMissingType): The schema 'VmSizesCapability' with an undefined type and declared properties is a bit ambiguous. This has been auto-corrected to 'type:object'

WARNING (PreCheck/SchemaMissingType): The schema 'VmSizeCompatibilityFilter' with an undefined type and declared properties is a bit ambiguous. This has been auto-corrected to 'type:object'

WARNING (PreCheck/SchemaMissingType): The schema 'RegionalQuotaCapability' with an undefined type and declared properties is a bit ambiguous. This has been auto-corrected to 'type:object'

WARNING (PreCheck/SchemaMissingType): The schema 'QuotaCapability' with an undefined type and declared properties is a bit ambiguous. This has been auto-corrected to 'type:object'

WARNING (PreCheck/SchemaMissingType): The schema 'CapabilitiesResult' with an undefined type and declared properties is a bit ambiguous. This has been auto-corrected to 'type:object'

WARNING (PreCheck/SchemaMissingType): The schema 'LocalizedName' with an undefined type and declared properties is a bit ambiguous. This has been auto-corrected to 'type:object'

WARNING (PreCheck/SchemaMissingType): The schema 'Usage' with an undefined type and declared properties is a bit ambiguous. This has been auto-corrected to 'type:object'

WARNING (PreCheck/SchemaMissingType): The schema 'UsagesListResult' with an undefined type and declared properties is a bit ambiguous. This has been auto-corrected to 'type:object'

WARNING (PreCheck/SchemaMissingType): The schema 'ClusterCreateRequestValidationParameters' with an undefined type and declared properties is a bit ambiguous. This has been auto-corrected to 'type:object'

WARNING (PreCheck/SchemaMissingType): The schema 'ClusterConfigurations' with an undefined type and declared properties is a bit ambiguous. This has been auto-corrected to 'type:object'

WARNING (PreCheck/SchemaMissingType): The schema 'Extension' with an undefined type and declared properties is a bit ambiguous. This has been auto-corrected to 'type:object'

WARNING (PreCheck/SchemaMissingType): The schema 'ClusterMonitoringResponse' with an undefined type and declared properties is a bit ambiguous. This has been auto-corrected to 'type:object'

WARNING (PreCheck/SchemaMissingType): The schema 'ClusterMonitoringRequest' with an undefined type and declared properties is a bit ambiguous. This has been auto-corrected to 'type:object'

WARNING (PreCheck/SchemaMissingType): The schema 'AzureMonitorRequest' with an undefined type and declared properties is a bit ambiguous. This has been auto-corrected to 'type:object'

WARNING (PreCheck/SchemaMissingType): The schema 'AzureMonitorResponse' with an undefined type and declared properties is a bit ambiguous. This has been auto-corrected to 'type:object'

WARNING (PreCheck/SchemaMissingType): The schema 'AzureMonitorSelectedConfigurations' with an undefined type and declared properties is a bit ambiguous. This has been auto-corrected to 'type:object'

WARNING (PreCheck/SchemaMissingType): The schema 'AzureMonitorTableConfiguration' with an undefined type and declared properties is a bit ambiguous. This has been auto-corrected to 'type:object'

WARNING (PreCheck/SchemaMissingType): The schema 'ScriptActionExecutionHistoryList' with an undefined type and declared properties is a bit ambiguous. This has been auto-corrected to 'type:object'

WARNING (PreCheck/SchemaMissingType): The schema 'ClusterListRuntimeScriptActionDetailResult' with an undefined type and declared properties is a bit ambiguous. This has been auto-corrected to 'type:object'

WARNING (PreCheck/SchemaMissingType): The schema 'ScriptAction' with an undefined type and declared properties is a bit ambiguous. This has been auto-corrected to 'type:object'

WARNING (PreCheck/SchemaMissingType): The schema 'ScriptActionPersistedGetResponseSpec' with an undefined type and declared properties is a bit ambiguous. This has been auto-corrected to 'type:object'

WARNING (PreCheck/SchemaMissingType): The schema 'ScriptActionsList' with an undefined type and declared properties is a bit ambiguous. This has been auto-corrected to 'type:object'

WARNING (PreCheck/SchemaMissingType): The schema 'Operation-display' with an undefined type and declared properties is a bit ambiguous. This has been auto-corrected to 'type:object'

WARNING (PreCheck/SchemaMissingType): The schema 'OperationListResult' with an undefined type and declared properties is a bit ambiguous. This has been auto-corrected to 'type:object'

WARNING (PreCheck/SchemaMissingType): The schema 'HostInfo' with an undefined type and declared properties is a bit ambiguous. This has been auto-corrected to 'type:object'

WARNING (PreCheck/CheckDuplicateSchemas): Checking for duplicate schemas, this could take a (long) while.  Run with --verbose for more detail.
VERBOSE [7.71 s]: Schema ClusterListRuntimeScriptActionDetailResult has multiple identical declarations, reducing to just one - removing: 0, keeping: schemas:144
VERBOSE [7.72 s]: Schema ClusterListRuntimeScriptActionDetailResult-value has multiple identical declarations, reducing to just one - removing: 1, keeping: schemas:145
VERBOSE [7.72 s]: Schema ClusterListRuntimeScriptActionDetailResult-nextLink has multiple identical declarations, reducing to just one - removing: 1, keeping: schemas:146
VERBOSE [7.72 s]: Schema components·gsdxl2·parameters·subscriptionidparameter·schema has multiple identical declarations, reducing to just one - removing: 6, keeping: schemas:194
VERBOSE [7.72 s]: Schema components·1kxv3dg·parameters·resourcegroupnameparameter·schema has multiple identical declarations, reducing to just one - removing: 5, keeping: schemas:195
VERBOSE [7.72 s]: Schema components·dairl3·parameters·clusternameparameter·schema has multiple identical declarations, reducing to just one - removing: 5, keeping: schemas:196
VERBOSE [7.72 s]: Schema components·18mzsjh·parameters·apiversionparameter·schema has multiple identical declarations, reducing to just one - removing: 7, keeping: schemas:197
VERBOSE [7.72 s]: Schema components·19vl7cz·parameters·operationidparameter·schema has multiple identical declarations, reducing to just one - removing: 5, keeping: schemas:198
VERBOSE [7.72 s]: Schema ErrorResponse has multiple identical declarations, reducing to just one - removing: 0, keeping: schemas:460
VERBOSE [7.72 s]: Schema ErrorResponse-code has multiple identical declarations, reducing to just one - removing: 1, keeping: schemas:461
VERBOSE [7.72 s]: Schema ErrorResponse-message has multiple identical declarations, reducing to just one - removing: 1, keeping: schemas:462
VERBOSE [7.72 s]: Schema ClusterListRuntimeScriptActionDetailResult has multiple identical declarations, reducing to just one - removing: 0, keeping: schemas:144
VERBOSE [7.72 s]: Schema ErrorResponse has multiple identical declarations, reducing to just one - removing: 1, keeping: schemas:460
VERBOSE [7.73 s]: Schema ClusterListRuntimeScriptActionDetailResult has multiple identical declarations, reducing to just one - removing: 0, keeping: schemas:144
VERBOSE [7.73 s]: Found and removed 33 duplicate schema

WARNING (PreCheck/DuplicateSchema): Duplicate Schema named 'ClusterListRuntimeScriptActionDetailResult' (1 differences):
  - properties.value.description: <none> => "The list of persisted script action details for the cluster."
DEBUG [8.13 s]: prechecker - END [0.73 s][178 MB]
DEBUG [8.13 s]: modelerfour - START inputs = 2
VERBOSE [8.23 s]:   ModelerFour/api-version-mode:client
VERBOSE [8.23 s]:   ModelerFour/api-version-parameter:constant
VERBOSE [8.23 s]:   ModelerFour/use-model-namespace:false

WARNING (UnkownSecurityScheme): Security scheme azure_auth is unknown and will not be processed. Only supported types are AADToken,AzureKey,Anonymous

WARNING (UnkownSecurityScheme): Security scheme azure_auth is unknown and will not be processed. Only supported types are AADToken,AzureKey,Anonymous

WARNING (UnkownSecurityScheme): Security scheme azure_auth is unknown and will not be processed. Only supported types are AADToken,AzureKey,Anonymous

WARNING (UnkownSecurityScheme): Security scheme azure_auth is unknown and will not be processed. Only supported types are AADToken,AzureKey,Anonymous

WARNING (UnkownSecurityScheme): Security scheme azure_auth is unknown and will not be processed. Only supported types are AADToken,AzureKey,Anonymous

WARNING (UnkownSecurityScheme): Security scheme azure_auth is unknown and will not be processed. Only supported types are AADToken,AzureKey,Anonymous

WARNING (UnkownSecurityScheme): Security scheme azure_auth is unknown and will not be processed. Only supported types are AADToken,AzureKey,Anonymous

WARNING (UnkownSecurityScheme): Security scheme azure_auth is unknown and will not be processed. Only supported types are AADToken,AzureKey,Anonymous

WARNING (SecurityDefinedSpecAndConfig): OpenAPI spec has a security definition but autorest security config is defined. Security config from autorest will be used.
DEBUG [8.81 s]: modelerfour - END [0.68 s][187 MB]
DEBUG [8.81 s]: modelerfour/new-transform - START inputs = 2
DEBUG [8.82 s]: modelerfour/new-transform - END [0 s][187 MB]
DEBUG [8.82 s]: modelerfour/flattener - START inputs = 2
DEBUG [9.14 s]: modelerfour/flattener - END [0.32 s][173 MB]
DEBUG [9.14 s]: modelerfour/flattener/new-transform - START inputs = 2
DEBUG [9.14 s]: modelerfour/flattener/new-transform - END [0 s][173 MB]
DEBUG [9.15 s]: modelerfour/grouper - START inputs = 2
DEBUG [9.43 s]: modelerfour/grouper - END [0.28 s][180 MB]
DEBUG [9.43 s]: modelerfour/grouper/new-transform - START inputs = 2
DEBUG [9.43 s]: modelerfour/grouper/new-transform - END [0 s][180 MB]
DEBUG [9.43 s]: modelerfour/pre-namer - START inputs = 2

WARNING (PreNamer/DeduplicateName): Deduplicating schema name: 'ClusterListRuntimeScriptActionDetailResult' -> 'ClusterListRuntimeScriptActionDetailResultAutoGenerated'
DEBUG [9.79 s]: modelerfour/pre-namer - END [0.35 s][188 MB]
DEBUG [9.79 s]: modelerfour/pre-namer/new-transform - START inputs = 2
DEBUG [9.79 s]: modelerfour/pre-namer/new-transform - END [0 s][188 MB]
DEBUG [9.79 s]: modelerfour/checker - START inputs = 4
DEBUG [10.05 s]: modelerfour/checker - END [0.26 s][179 MB]
DEBUG [10.05 s]: modelerfour/identity - START inputs = 2
DEBUG [10.06 s]: modelerfour/identity - END [0 s][179 MB]
DEBUG [10.06 s]: bicep - START inputs = 2
DEBUG [10.06 s]: modelerfour/emitter - START inputs = 2
DEBUG [10.06 s]: modelerfour/notags/emitter - START inputs = 2
DEBUG [10.06 s]: modelerfour/emitter - END [0 s][179 MB]
DEBUG [10.06 s]: modelerfour/notags/emitter - END [0 s][179 MB]
WARNING: Unrecognized property type: any-object. Returning 'any'.
WARNING: Skipping resource type microsoft.hdinsight/clusters/extensions under path '/subscriptions/{subscriptionId}/resourceGroups/{resourceGroupName}/providers/Microsoft.HDInsight/clusters/{clusterName}/extensions/clustermonitoring': Found multiple definitions for the same type
INFORMATION: autorest.bicep took 10ms
DEBUG [10.19 s]: bicep - END [0.13 s][181 MB]
DEBUG [10.19 s]: bicep/emitter - START inputs = 2
DEBUG [10.19 s]: Emitting 'bicep-files' at file:///tmp/_bcp_1625795651387/hdinsight/microsoft.hdinsight/2018-06-01-preview/types.json
DEBUG [10.19 s]: Emitting 'bicep-files' at file:///tmp/_bcp_1625795651387/hdinsight/microsoft.hdinsight/2018-06-01-preview/types.md
DEBUG [10.19 s]: bicep/emitter - END [0 s][181 MB]
Processing batch task - {"tag":"microsoft.hdinsight-2015-03-01-preview"} .
VERBOSE [10.2 s]: > Including configuration file 'file:///home/runner/work/bicep-types-az/bicep-types-az/workflow-temp/azure-rest-api-specs/specification/hdinsight/resource-manager/readme.bicep.md'
VERBOSE [10.21 s]: > Initial configuration file 'file:///home/runner/work/bicep-types-az/bicep-types-az/workflow-temp/azure-rest-api-specs/specification/hdinsight/resource-manager/readme.md'
VERBOSE [10.21 s]: > Including configuration file 'file:///home/runner/work/bicep-types-az/bicep-types-az/workflow-temp/azure-rest-api-specs/specification/hdinsight/resource-manager/readme.md'
VERBOSE [10.22 s]: > Including configuration file 'file:///home/runner/.autorest/@autorest_core@3.5.0-ci.b8e3f92c0/node_modules/@autorest/core/dist/resources/default-configuration.md'
VERBOSE [10.23 s]: > Including configuration file 'file:///home/runner/.autorest/@autorest_core@3.5.0-ci.b8e3f92c0/node_modules/@autorest/core/dist/resources/inspect.md'
VERBOSE [10.24 s]: > Including configuration file 'file:///home/runner/.autorest/@autorest_core@3.5.0-ci.b8e3f92c0/node_modules/@autorest/core/dist/resources/directives.md'
VERBOSE [10.26 s]: > Including configuration file 'file:///home/runner/.autorest/@autorest_core@3.5.0-ci.b8e3f92c0/node_modules/@autorest/core/dist/resources/pipeline.md'
VERBOSE [10.27 s]: > Including configuration file 'file:///home/runner/.autorest/@autorest_core@3.5.0-ci.b8e3f92c0/node_modules/@autorest/core/dist/resources/loader-openapi.md'
VERBOSE [10.28 s]: > Including configuration file 'file:///home/runner/.autorest/@autorest_core@3.5.0-ci.b8e3f92c0/node_modules/@autorest/core/dist/resources/miscellaneous.md'
VERBOSE [10.3 s]: > Including configuration file 'file:///home/runner/.autorest/@autorest_core@3.5.0-ci.b8e3f92c0/node_modules/@autorest/core/dist/resources/plugin-powershell.md'
VERBOSE [10.31 s]: > Including configuration file 'file:///home/runner/.autorest/@autorest_core@3.5.0-ci.b8e3f92c0/node_modules/@autorest/core/dist/resources/plugin-azureresourceschema.md'
VERBOSE [10.33 s]: > Including configuration file 'file:///home/runner/.autorest/@autorest_core@3.5.0-ci.b8e3f92c0/node_modules/@autorest/core/dist/resources/plugin-csharp.md'
VERBOSE [10.35 s]: > Including configuration file 'file:///home/runner/.autorest/@autorest_core@3.5.0-ci.b8e3f92c0/node_modules/@autorest/core/dist/resources/plugin-go.md'
VERBOSE [10.36 s]: > Including configuration file 'file:///home/runner/.autorest/@autorest_core@3.5.0-ci.b8e3f92c0/node_modules/@autorest/core/dist/resources/plugin-java.md'
VERBOSE [10.38 s]: > Including configuration file 'file:///home/runner/.autorest/@autorest_core@3.5.0-ci.b8e3f92c0/node_modules/@autorest/core/dist/resources/plugin-nodejs.md'
VERBOSE [10.4 s]: > Including configuration file 'file:///home/runner/.autorest/@autorest_core@3.5.0-ci.b8e3f92c0/node_modules/@autorest/core/dist/resources/plugin-php.md'
VERBOSE [10.42 s]: > Including configuration file 'file:///home/runner/.autorest/@autorest_core@3.5.0-ci.b8e3f92c0/node_modules/@autorest/core/dist/resources/plugin-python.md'
VERBOSE [10.45 s]: > Including configuration file 'file:///home/runner/.autorest/@autorest_core@3.5.0-ci.b8e3f92c0/node_modules/@autorest/core/dist/resources/plugin-ruby.md'
VERBOSE [10.47 s]: > Including configuration file 'file:///home/runner/.autorest/@autorest_core@3.5.0-ci.b8e3f92c0/node_modules/@autorest/core/dist/resources/plugin-typescript.md'
VERBOSE [10.49 s]: > Including configuration file 'file:///home/runner/.autorest/@autorest_core@3.5.0-ci.b8e3f92c0/node_modules/@autorest/core/dist/resources/plugin-validators.md'
VERBOSE [10.51 s]: > Including configuration file 'file:///home/runner/.autorest/@autorest_core@3.5.0-ci.b8e3f92c0/node_modules/@autorest/core/dist/resources/plugin-az.md'
VERBOSE [10.53 s]: > Including configuration file 'file:///home/runner/.autorest/@autorest_core@3.5.0-ci.b8e3f92c0/node_modules/@autorest/core/dist/resources/plugin-terraform.md'
VERBOSE [10.55 s]: > Including configuration file 'file:///home/runner/.autorest/@autorest_core@3.5.0-ci.b8e3f92c0/node_modules/@autorest/core/dist/resources/plugin-azure-functions.md'
VERBOSE [10.57 s]: > Including configuration file 'file:///home/runner/.autorest/@autorest_core@3.5.0-ci.b8e3f92c0/node_modules/@autorest/core/dist/resources/graphs.md'
VERBOSE [10.6 s]: > Including configuration file 'file:///home/runner/.autorest/@autorest_core@3.5.0-ci.b8e3f92c0/node_modules/@autorest/core/dist/resources/help-configuration.md'
INFORMATION: > Loading local AutoRest extension '@autorest/bicep' (/home/runner/work/bicep-types-az/bicep-types-az/src/autorest.bicep)
VERBOSE [10.67 s]: > Including extension configuration file 'file:///home/runner/work/bicep-types-az/bicep-types-az/src/autorest.bicep/README.md'
VERBOSE [10.67 s]: > Including configuration file 'file:///home/runner/work/bicep-types-az/bicep-types-az/src/autorest.bicep/README.md'
INFORMATION: > Loading AutoRest extension '@autorest/modelerfour' (https://tinyurl.com/yhlkz69y->4.20.0-ci.b8e3f92c0)
VERBOSE [11.25 s]: > Including extension configuration file 'file:///home/runner/.autorest/@autorest_modelerfour@4.20.0-ci.b8e3f92c0/node_modules/@autorest/modelerfour/readme.md'
VERBOSE [11.25 s]: > Including configuration file 'file:///home/runner/.autorest/@autorest_modelerfour@4.20.0-ci.b8e3f92c0/node_modules/@autorest/modelerfour/readme.md'
DEBUG [11.56 s]: swagger-document/loader-swagger - START inputs = 0
DEBUG [11.56 s]: openapi-document/loader-openapi - START inputs = 0
DEBUG [11.56 s]: pipeline-emitter - START inputs = 0
DEBUG [11.56 s]: configuration-emitter - START inputs = 0
DEBUG [11.57 s]: pipeline-emitter - END [0.04 s][206 MB]
DEBUG [11.57 s]: configuration-emitter - END [0.04 s][206 MB]
VERBOSE [11.58 s]: Reading OpenAPI 2.0 file file:///home/runner/work/bicep-types-az/bicep-types-az/workflow-temp/azure-rest-api-specs/specification/hdinsight/resource-manager/Microsoft.HDInsight/preview/2015-03-01-preview/cluster.json
VERBOSE [11.58 s]: Reading OpenAPI 2.0 file file:///home/runner/work/bicep-types-az/bicep-types-az/workflow-temp/azure-rest-api-specs/specification/hdinsight/resource-manager/Microsoft.HDInsight/preview/2015-03-01-preview/applications.json
VERBOSE [11.58 s]: Reading OpenAPI 2.0 file file:///home/runner/work/bicep-types-az/bicep-types-az/workflow-temp/azure-rest-api-specs/specification/hdinsight/resource-manager/Microsoft.HDInsight/preview/2015-03-01-preview/locations.json
VERBOSE [11.59 s]: Reading OpenAPI 2.0 file file:///home/runner/work/bicep-types-az/bicep-types-az/workflow-temp/azure-rest-api-specs/specification/hdinsight/resource-manager/Microsoft.HDInsight/preview/2015-03-01-preview/configurations.json
VERBOSE [11.59 s]: Reading OpenAPI 2.0 file file:///home/runner/work/bicep-types-az/bicep-types-az/workflow-temp/azure-rest-api-specs/specification/hdinsight/resource-manager/Microsoft.HDInsight/preview/2015-03-01-preview/extensions.json
VERBOSE [11.6 s]: Reading OpenAPI 2.0 file file:///home/runner/work/bicep-types-az/bicep-types-az/workflow-temp/azure-rest-api-specs/specification/hdinsight/resource-manager/Microsoft.HDInsight/preview/2015-03-01-preview/scriptActions.json
VERBOSE [11.6 s]: Reading OpenAPI 2.0 file file:///home/runner/work/bicep-types-az/bicep-types-az/workflow-temp/azure-rest-api-specs/specification/hdinsight/resource-manager/Microsoft.HDInsight/preview/2015-03-01-preview/operations.json
VERBOSE [11.6 s]: Reading OpenAPI 2.0 file file:///home/runner/work/bicep-types-az/bicep-types-az/workflow-temp/azure-rest-api-specs/specification/hdinsight/resource-manager/Microsoft.HDInsight/preview/2015-03-01-preview/virtualMachines.json
DEBUG [11.6 s]: openapi-document/loader-openapi - END [0.08 s][213 MB]
DEBUG [11.75 s]: openapi-document/individual/transform - SKIPPING
DEBUG [11.75 s]: openapi-document/individual/schema-validator-openapi - SKIPPING
DEBUG [11.75 s]: openapi-document/individual/identity - SKIPPING
DEBUG [11.9 s]: swagger-document/loader-swagger - END [0.37 s][241 MB]
DEBUG [11.9 s]: swagger-document/individual/transform - START inputs = 8
DEBUG [12.27 s]: swagger-document/individual/transform - END [0.36 s][260 MB]
DEBUG [12.27 s]: swagger-document/individual/schema-validator-swagger - START inputs = 8
DEBUG [12.28 s]: swagger-document/individual/schema-validator-swagger - END [0.01 s][262 MB]
DEBUG [12.28 s]: swagger-document/identity - START inputs = 8
DEBUG [12.28 s]: swagger-document/individual/identity - START inputs = 8
DEBUG [12.28 s]: swagger-document/identity - END [0 s][263 MB]
DEBUG [12.28 s]: swagger-document/individual/identity - END [0 s][263 MB]
DEBUG [12.28 s]: openapi-document/openapi-document-converter - START inputs = 8
DEBUG [12.46 s]: openapi-document/openapi-document-converter - END [0.17 s][279 MB]
DEBUG [12.47 s]: openapi-document/transform - START inputs = 8
DEBUG [12.5 s]: openapi-document/transform - END [0.03 s][289 MB]
DEBUG [12.5 s]: openapi-document/semantic-validator - START inputs = 8
WARNING: Semantic validation was skipped.
DEBUG [12.5 s]: openapi-document/semantic-validator - END [0 s][289 MB]
DEBUG [12.5 s]: openapi-document/allof-cleaner - START inputs = 8
DEBUG [12.52 s]: openapi-document/allof-cleaner - END [0.01 s][292 MB]
DEBUG [12.53 s]: openapi-document/tree-shaker - START inputs = 8
DEBUG [12.78 s]: openapi-document/tree-shaker - END [0.25 s][316 MB]
DEBUG [12.79 s]: openapi-document/multi-api-merger - START inputs = 8
DEBUG [13.18 s]: openapi-document/multi-api-merger - END [0.39 s][355 MB]
DEBUG [13.19 s]: openapi-document/components-cleaner - START inputs = 1
DEBUG [13.61 s]: openapi-document/components-cleaner - END [0.41 s][417 MB]
DEBUG [13.62 s]: openapi-document/component-modifiers - START inputs = 1
DEBUG [13.69 s]: openapi-document/component-modifiers - END [0.07 s][429 MB]
DEBUG [13.69 s]: openapi-document/api-version-parameter-handler - START inputs = 1
DEBUG [13.7 s]: openapi-document/api-version-parameter-handler - END [0 s][429 MB]
DEBUG [13.7 s]: openapi-document/profile-filter - START inputs = 1
DEBUG [13.7 s]: openapi-document/profile-filter - END [0 s][429 MB]
DEBUG [13.7 s]: openapi-document/model-deduplicator - START inputs = 1
DEBUG [13.7 s]: openapi-document/emitter - START inputs = 1
DEBUG [13.7 s]: openapi-document/model-deduplicator - END [0 s][430 MB]
DEBUG [13.7 s]: openapi-document/emitter - END [0 s][430 MB]
DEBUG [13.7 s]: openapi-document/enum-deduplicator - START inputs = 1
DEBUG [14.13 s]: openapi-document/enum-deduplicator - END [0.43 s][463 MB]
DEBUG [14.14 s]: openapi-document/subset-reducer - START inputs = 1
DEBUG [14.14 s]: openapi-document/subset-reducer - END [0 s][463 MB]
DEBUG [14.14 s]: openapi-document/quick-check - START inputs = 1
DEBUG [14.14 s]: openapi-document/multi-api/reset-identity - START inputs = 1
DEBUG [14.21 s]: openapi-document/quick-check - END [0.07 s][483 MB]
DEBUG [14.21 s]: openapi-document/multi-api/reset-identity - END [0.07 s][483 MB]
DEBUG [14.22 s]: openapi-document/multi-api/identity - START inputs = 1
DEBUG [14.22 s]: openapi-document/multi-api/identity - END [0 s][478 MB]
DEBUG [14.22 s]: openapi-document/multi-api/emitter - START inputs = 1
DEBUG [14.22 s]: prechecker - START inputs = 1
DEBUG [14.22 s]: openapi-document/multi-api/emitter - END [0 s][478 MB]

WARNING (PreCheck/SchemaMissingType): The schema 'ClusterDefinition' with an undefined type and declared properties is a bit ambiguous. This has been auto-corrected to 'type:object'

WARNING (PreCheck/SchemaMissingType): The schema 'ClientGroupInfo' with an undefined type and declared properties is a bit ambiguous. This has been auto-corrected to 'type:object'

WARNING (PreCheck/SchemaMissingType): The schema 'KafkaRestProperties' with an undefined type and declared properties is a bit ambiguous. This has been auto-corrected to 'type:object'

WARNING (PreCheck/SchemaMissingType): The schema 'SecurityProfile' with an undefined type and declared properties is a bit ambiguous. This has been auto-corrected to 'type:object'

WARNING (PreCheck/SchemaMissingType): The schema 'AutoscaleTimeAndCapacity' with an undefined type and declared properties is a bit ambiguous. This has been auto-corrected to 'type:object'

WARNING (PreCheck/SchemaMissingType): The schema 'AutoscaleSchedule' with an undefined type and declared properties is a bit ambiguous. This has been auto-corrected to 'type:object'

WARNING (PreCheck/SchemaMissingType): The schema 'AutoscaleCapacity' with an undefined type and declared properties is a bit ambiguous. This has been auto-corrected to 'type:object'

WARNING (PreCheck/SchemaMissingType): The schema 'AutoscaleRecurrence' with an undefined type and declared properties is a bit ambiguous. This has been auto-corrected to 'type:object'

WARNING (PreCheck/SchemaMissingType): The schema 'Autoscale' with an undefined type and declared properties is a bit ambiguous. This has been auto-corrected to 'type:object'

WARNING (PreCheck/SchemaMissingType): The schema 'AutoscaleConfigurationUpdateParameter' with an undefined type and declared properties is a bit ambiguous. This has been auto-corrected to 'type:object'

WARNING (PreCheck/SchemaMissingType): The schema 'HardwareProfile' with an undefined type and declared properties is a bit ambiguous. This has been auto-corrected to 'type:object'

WARNING (PreCheck/SchemaMissingType): The schema 'VirtualNetworkProfile' with an undefined type and declared properties is a bit ambiguous. This has been auto-corrected to 'type:object'

WARNING (PreCheck/SchemaMissingType): The schema 'DataDisksGroups' with an undefined type and declared properties is a bit ambiguous. This has been auto-corrected to 'type:object'

WARNING (PreCheck/SchemaMissingType): The schema 'SshPublicKey' with an undefined type and declared properties is a bit ambiguous. This has been auto-corrected to 'type:object'

WARNING (PreCheck/SchemaMissingType): The schema 'SshProfile' with an undefined type and declared properties is a bit ambiguous. This has been auto-corrected to 'type:object'

WARNING (PreCheck/SchemaMissingType): The schema 'LinuxOperatingSystemProfile' with an undefined type and declared properties is a bit ambiguous. This has been auto-corrected to 'type:object'

WARNING (PreCheck/SchemaMissingType): The schema 'OsProfile' with an undefined type and declared properties is a bit ambiguous. This has been auto-corrected to 'type:object'

WARNING (PreCheck/SchemaMissingType): The schema 'Role' with an undefined type and declared properties is a bit ambiguous. This has been auto-corrected to 'type:object'

WARNING (PreCheck/SchemaMissingType): The schema 'ComputeProfile' with an undefined type and declared properties is a bit ambiguous. This has been auto-corrected to 'type:object'

WARNING (PreCheck/SchemaMissingType): The schema 'StorageAccount' with an undefined type and declared properties is a bit ambiguous. This has been auto-corrected to 'type:object'

WARNING (PreCheck/SchemaMissingType): The schema 'StorageProfile' with an undefined type and declared properties is a bit ambiguous. This has been auto-corrected to 'type:object'

WARNING (PreCheck/SchemaMissingType): The schema 'ExcludedServicesConfig' with an undefined type and declared properties is a bit ambiguous. This has been auto-corrected to 'type:object'

WARNING (PreCheck/SchemaMissingType): The schema 'NetworkProperties' with an undefined type and declared properties is a bit ambiguous. This has been auto-corrected to 'type:object'

WARNING (PreCheck/SchemaMissingType): The schema 'ComputeIsolationProperties' with an undefined type and declared properties is a bit ambiguous. This has been auto-corrected to 'type:object'

WARNING (PreCheck/SchemaMissingType): The schema 'ClusterCreateProperties' with an undefined type and declared properties is a bit ambiguous. This has been auto-corrected to 'type:object'

WARNING (PreCheck/SchemaMissingType): The schema 'ClusterCreateParametersExtended' with an undefined type and declared properties is a bit ambiguous. This has been auto-corrected to 'type:object'

WARNING (PreCheck/SchemaMissingType): The schema 'ClusterPatchParameters' with an undefined type and declared properties is a bit ambiguous. This has been auto-corrected to 'type:object'

WARNING (PreCheck/SchemaMissingType): The schema 'QuotaInfo' with an undefined type and declared properties is a bit ambiguous. This has been auto-corrected to 'type:object'

WARNING (PreCheck/SchemaMissingType): The schema 'Errors' with an undefined type and declared properties is a bit ambiguous. This has been auto-corrected to 'type:object'

WARNING (PreCheck/SchemaMissingType): The schema 'ConnectivityEndpoint' with an undefined type and declared properties is a bit ambiguous. This has been auto-corrected to 'type:object'

WARNING (PreCheck/SchemaMissingType): The schema 'ClusterGetProperties' with an undefined type and declared properties is a bit ambiguous. This has been auto-corrected to 'type:object'

WARNING (PreCheck/SchemaMissingType): The schema 'Cluster' with an undefined type and declared properties is a bit ambiguous. This has been auto-corrected to 'type:object'

WARNING (PreCheck/SchemaMissingType): The schema 'RuntimeScriptAction' with an undefined type and declared properties is a bit ambiguous. This has been auto-corrected to 'type:object'

WARNING (PreCheck/SchemaMissingType): The schema 'ExecuteScriptActionParameters' with an undefined type and declared properties is a bit ambiguous. This has been auto-corrected to 'type:object'

WARNING (PreCheck/SchemaMissingType): The schema 'ClusterListPersistedScriptActionsResult' with an undefined type and declared properties is a bit ambiguous. This has been auto-corrected to 'type:object'

WARNING (PreCheck/SchemaMissingType): The schema 'ScriptActionExecutionSummary' with an undefined type and declared properties is a bit ambiguous. This has been auto-corrected to 'type:object'

WARNING (PreCheck/SchemaMissingType): The schema 'RuntimeScriptActionDetail' with an undefined type and declared properties is a bit ambiguous. This has been auto-corrected to 'type:object'

WARNING (PreCheck/SchemaMissingType): The schema 'ClusterListRuntimeScriptActionDetailResult' with an undefined type and declared properties is a bit ambiguous. This has been auto-corrected to 'type:object'

WARNING (PreCheck/SchemaMissingType): The schema 'ClusterIdentity' with an undefined type and declared properties is a bit ambiguous. This has been auto-corrected to 'type:object'

WARNING (PreCheck/SchemaMissingType): The schema 'ClusterListResult' with an undefined type and declared properties is a bit ambiguous. This has been auto-corrected to 'type:object'

WARNING (PreCheck/SchemaMissingType): The schema 'ClusterResizeParameters' with an undefined type and declared properties is a bit ambiguous. This has been auto-corrected to 'type:object'

WARNING (PreCheck/SchemaMissingType): The schema 'ClusterDiskEncryptionParameters' with an undefined type and declared properties is a bit ambiguous. This has been auto-corrected to 'type:object'

WARNING (PreCheck/SchemaMissingType): The schema 'DiskEncryptionProperties' with an undefined type and declared properties is a bit ambiguous. This has been auto-corrected to 'type:object'

WARNING (PreCheck/SchemaMissingType): The schema 'EncryptionInTransitProperties' with an undefined type and declared properties is a bit ambiguous. This has been auto-corrected to 'type:object'

WARNING (PreCheck/SchemaMissingType): The schema 'UpdateGatewaySettingsParameters' with an undefined type and declared properties is a bit ambiguous. This has been auto-corrected to 'type:object'

WARNING (PreCheck/SchemaMissingType): The schema 'GatewaySettings' with an undefined type and declared properties is a bit ambiguous. This has been auto-corrected to 'type:object'

WARNING (PreCheck/SchemaMissingType): The schema 'AsyncOperationResult' with an undefined type and declared properties is a bit ambiguous. This has been auto-corrected to 'type:object'

WARNING (PreCheck/SchemaMissingType): The schema 'Resource' with an undefined type and declared properties is a bit ambiguous. This has been auto-corrected to 'type:object'

WARNING (PreCheck/SchemaMissingType): The schema 'TrackedResource' with an undefined type and declared properties is a bit ambiguous. This has been auto-corrected to 'type:object'

WARNING (PreCheck/SchemaMissingType): The schema 'ProxyResource' with an undefined type and 'allOf'/'anyOf'/'oneOf' is a bit ambiguous. This has been auto-corrected to 'type:object'

WARNING (PreCheck/SchemaMissingType): The schema 'ApplicationListResult' with an undefined type and declared properties is a bit ambiguous. This has been auto-corrected to 'type:object'

WARNING (PreCheck/SchemaMissingType): The schema 'VersionSpec' with an undefined type and declared properties is a bit ambiguous. This has been auto-corrected to 'type:object'

WARNING (PreCheck/SchemaMissingType): The schema 'VersionsCapability' with an undefined type and declared properties is a bit ambiguous. This has been auto-corrected to 'type:object'

WARNING (PreCheck/SchemaMissingType): The schema 'RegionsCapability' with an undefined type and declared properties is a bit ambiguous. This has been auto-corrected to 'type:object'

WARNING (PreCheck/SchemaMissingType): The schema 'VmSizesCapability' with an undefined type and declared properties is a bit ambiguous. This has been auto-corrected to 'type:object'

WARNING (PreCheck/SchemaMissingType): The schema 'VmSizeCompatibilityFilter' with an undefined type and declared properties is a bit ambiguous. This has been auto-corrected to 'type:object'

WARNING (PreCheck/SchemaMissingType): The schema 'RegionalQuotaCapability' with an undefined type and declared properties is a bit ambiguous. This has been auto-corrected to 'type:object'

WARNING (PreCheck/SchemaMissingType): The schema 'QuotaCapability' with an undefined type and declared properties is a bit ambiguous. This has been auto-corrected to 'type:object'

WARNING (PreCheck/SchemaMissingType): The schema 'CapabilitiesResult' with an undefined type and declared properties is a bit ambiguous. This has been auto-corrected to 'type:object'

WARNING (PreCheck/SchemaMissingType): The schema 'LocalizedName' with an undefined type and declared properties is a bit ambiguous. This has been auto-corrected to 'type:object'

WARNING (PreCheck/SchemaMissingType): The schema 'Usage' with an undefined type and declared properties is a bit ambiguous. This has been auto-corrected to 'type:object'

WARNING (PreCheck/SchemaMissingType): The schema 'UsagesListResult' with an undefined type and declared properties is a bit ambiguous. This has been auto-corrected to 'type:object'

WARNING (PreCheck/SchemaMissingType): The schema 'ClusterCreateRequestValidationParameters' with an undefined type and declared properties is a bit ambiguous. This has been auto-corrected to 'type:object'

WARNING (PreCheck/SchemaMissingType): The schema 'ClusterConfigurations' with an undefined type and declared properties is a bit ambiguous. This has been auto-corrected to 'type:object'

WARNING (PreCheck/SchemaMissingType): The schema 'Extension' with an undefined type and declared properties is a bit ambiguous. This has been auto-corrected to 'type:object'

WARNING (PreCheck/SchemaMissingType): The schema 'ClusterMonitoringResponse' with an undefined type and declared properties is a bit ambiguous. This has been auto-corrected to 'type:object'

WARNING (PreCheck/SchemaMissingType): The schema 'ClusterMonitoringRequest' with an undefined type and declared properties is a bit ambiguous. This has been auto-corrected to 'type:object'

WARNING (PreCheck/SchemaMissingType): The schema 'AzureMonitorRequest' with an undefined type and declared properties is a bit ambiguous. This has been auto-corrected to 'type:object'

WARNING (PreCheck/SchemaMissingType): The schema 'AzureMonitorResponse' with an undefined type and declared properties is a bit ambiguous. This has been auto-corrected to 'type:object'

WARNING (PreCheck/SchemaMissingType): The schema 'AzureMonitorSelectedConfigurations' with an undefined type and declared properties is a bit ambiguous. This has been auto-corrected to 'type:object'

WARNING (PreCheck/SchemaMissingType): The schema 'AzureMonitorTableConfiguration' with an undefined type and declared properties is a bit ambiguous. This has been auto-corrected to 'type:object'

WARNING (PreCheck/SchemaMissingType): The schema 'ScriptActionExecutionHistoryList' with an undefined type and declared properties is a bit ambiguous. This has been auto-corrected to 'type:object'

WARNING (PreCheck/SchemaMissingType): The schema 'ClusterListRuntimeScriptActionDetailResult' with an undefined type and declared properties is a bit ambiguous. This has been auto-corrected to 'type:object'

WARNING (PreCheck/SchemaMissingType): The schema 'ScriptAction' with an undefined type and declared properties is a bit ambiguous. This has been auto-corrected to 'type:object'

WARNING (PreCheck/SchemaMissingType): The schema 'ScriptActionPersistedGetResponseSpec' with an undefined type and declared properties is a bit ambiguous. This has been auto-corrected to 'type:object'

WARNING (PreCheck/SchemaMissingType): The schema 'ScriptActionsList' with an undefined type and declared properties is a bit ambiguous. This has been auto-corrected to 'type:object'

WARNING (PreCheck/SchemaMissingType): The schema 'Operation-display' with an undefined type and declared properties is a bit ambiguous. This has been auto-corrected to 'type:object'

WARNING (PreCheck/SchemaMissingType): The schema 'OperationListResult' with an undefined type and declared properties is a bit ambiguous. This has been auto-corrected to 'type:object'

WARNING (PreCheck/SchemaMissingType): The schema 'HostInfo' with an undefined type and declared properties is a bit ambiguous. This has been auto-corrected to 'type:object'

WARNING (PreCheck/CheckDuplicateSchemas): Checking for duplicate schemas, this could take a (long) while.  Run with --verbose for more detail.
VERBOSE [14.3 s]: Schema ClusterListRuntimeScriptActionDetailResult has multiple identical declarations, reducing to just one - removing: 0, keeping: schemas:144
VERBOSE [14.3 s]: Schema ClusterListRuntimeScriptActionDetailResult-value has multiple identical declarations, reducing to just one - removing: 1, keeping: schemas:145
VERBOSE [14.3 s]: Schema ClusterListRuntimeScriptActionDetailResult-nextLink has multiple identical declarations, reducing to just one - removing: 1, keeping: schemas:146
VERBOSE [14.3 s]: Schema components·gsdxl2·parameters·subscriptionidparameter·schema has multiple identical declarations, reducing to just one - removing: 6, keeping: schemas:194
VERBOSE [14.3 s]: Schema components·1kxv3dg·parameters·resourcegroupnameparameter·schema has multiple identical declarations, reducing to just one - removing: 5, keeping: schemas:195
VERBOSE [14.3 s]: Schema components·dairl3·parameters·clusternameparameter·schema has multiple identical declarations, reducing to just one - removing: 5, keeping: schemas:196
VERBOSE [14.3 s]: Schema components·18mzsjh·parameters·apiversionparameter·schema has multiple identical declarations, reducing to just one - removing: 7, keeping: schemas:197
VERBOSE [14.3 s]: Schema components·19vl7cz·parameters·operationidparameter·schema has multiple identical declarations, reducing to just one - removing: 5, keeping: schemas:198
VERBOSE [14.3 s]: Schema ErrorResponse has multiple identical declarations, reducing to just one - removing: 0, keeping: schemas:460
VERBOSE [14.3 s]: Schema ErrorResponse-code has multiple identical declarations, reducing to just one - removing: 1, keeping: schemas:461
VERBOSE [14.3 s]: Schema ErrorResponse-message has multiple identical declarations, reducing to just one - removing: 1, keeping: schemas:462
VERBOSE [14.31 s]: Schema ClusterListRuntimeScriptActionDetailResult has multiple identical declarations, reducing to just one - removing: 0, keeping: schemas:144
VERBOSE [14.31 s]: Schema ErrorResponse has multiple identical declarations, reducing to just one - removing: 1, keeping: schemas:460
VERBOSE [14.31 s]: Schema ClusterListRuntimeScriptActionDetailResult has multiple identical declarations, reducing to just one - removing: 0, keeping: schemas:144
VERBOSE [14.31 s]: Found and removed 33 duplicate schema

WARNING (PreCheck/DuplicateSchema): Duplicate Schema named 'ClusterListRuntimeScriptActionDetailResult' (1 differences):
  - properties.value.description: <none> => "The list of persisted script action details for the cluster."
DEBUG [14.45 s]: prechecker - END [0.22 s][489 MB]
DEBUG [14.45 s]: modelerfour - START inputs = 2
VERBOSE [14.49 s]:   ModelerFour/api-version-mode:client
VERBOSE [14.5 s]:   ModelerFour/api-version-parameter:constant
VERBOSE [14.5 s]:   ModelerFour/use-model-namespace:false

WARNING (UnkownSecurityScheme): Security scheme azure_auth is unknown and will not be processed. Only supported types are AADToken,AzureKey,Anonymous

WARNING (UnkownSecurityScheme): Security scheme azure_auth is unknown and will not be processed. Only supported types are AADToken,AzureKey,Anonymous

WARNING (UnkownSecurityScheme): Security scheme azure_auth is unknown and will not be processed. Only supported types are AADToken,AzureKey,Anonymous

WARNING (UnkownSecurityScheme): Security scheme azure_auth is unknown and will not be processed. Only supported types are AADToken,AzureKey,Anonymous

WARNING (UnkownSecurityScheme): Security scheme azure_auth is unknown and will not be processed. Only supported types are AADToken,AzureKey,Anonymous

WARNING (UnkownSecurityScheme): Security scheme azure_auth is unknown and will not be processed. Only supported types are AADToken,AzureKey,Anonymous

WARNING (UnkownSecurityScheme): Security scheme azure_auth is unknown and will not be processed. Only supported types are AADToken,AzureKey,Anonymous

WARNING (UnkownSecurityScheme): Security scheme azure_auth is unknown and will not be processed. Only supported types are AADToken,AzureKey,Anonymous

WARNING (SecurityDefinedSpecAndConfig): OpenAPI spec has a security definition but autorest security config is defined. Security config from autorest will be used.
DEBUG [15.04 s]: modelerfour - END [0.58 s][498 MB]
DEBUG [15.04 s]: modelerfour/new-transform - START inputs = 2
DEBUG [15.04 s]: modelerfour/new-transform - END [0 s][498 MB]
DEBUG [15.04 s]: modelerfour/flattener - START inputs = 2
DEBUG [15.34 s]: modelerfour/flattener - END [0.29 s][488 MB]
DEBUG [15.34 s]: modelerfour/flattener/new-transform - START inputs = 2
DEBUG [15.34 s]: modelerfour/flattener/new-transform - END [0 s][488 MB]
DEBUG [15.34 s]: modelerfour/grouper - START inputs = 2
DEBUG [15.62 s]: modelerfour/grouper - END [0.27 s][496 MB]
DEBUG [15.62 s]: modelerfour/grouper/new-transform - START inputs = 2
DEBUG [15.62 s]: modelerfour/grouper/new-transform - END [0 s][496 MB]
DEBUG [15.62 s]: modelerfour/pre-namer - START inputs = 2

WARNING (PreNamer/DeduplicateName): Deduplicating schema name: 'ClusterListRuntimeScriptActionDetailResult' -> 'ClusterListRuntimeScriptActionDetailResultAutoGenerated'
DEBUG [15.95 s]: modelerfour/pre-namer - END [0.33 s][487 MB]
DEBUG [15.96 s]: modelerfour/pre-namer/new-transform - START inputs = 2
DEBUG [15.96 s]: modelerfour/pre-namer/new-transform - END [0 s][487 MB]
DEBUG [15.96 s]: modelerfour/checker - START inputs = 4
DEBUG [16.23 s]: modelerfour/checker - END [0.27 s][495 MB]
DEBUG [16.23 s]: modelerfour/identity - START inputs = 2
DEBUG [16.23 s]: modelerfour/identity - END [0 s][495 MB]
DEBUG [16.23 s]: bicep - START inputs = 2
DEBUG [16.23 s]: modelerfour/emitter - START inputs = 2
DEBUG [16.23 s]: modelerfour/notags/emitter - START inputs = 2
DEBUG [16.23 s]: modelerfour/emitter - END [0 s][495 MB]
DEBUG [16.23 s]: modelerfour/notags/emitter - END [0 s][495 MB]
WARNING: Unrecognized property type: any-object. Returning 'any'.
WARNING: Skipping resource type microsoft.hdinsight/clusters/extensions under path '/subscriptions/{subscriptionId}/resourceGroups/{resourceGroupName}/providers/Microsoft.HDInsight/clusters/{clusterName}/extensions/clustermonitoring': Found multiple definitions for the same type
INFORMATION: autorest.bicep took 5ms
DEBUG [16.31 s]: bicep - END [0.07 s][497 MB]
DEBUG [16.31 s]: bicep/emitter - START inputs = 2
DEBUG [16.31 s]: Emitting 'bicep-files' at file:///tmp/_bcp_1625795651387/hdinsight/microsoft.hdinsight/2015-03-01-preview/types.json
DEBUG [16.31 s]: Emitting 'bicep-files' at file:///tmp/_bcp_1625795651387/hdinsight/microsoft.hdinsight/2015-03-01-preview/types.md
DEBUG [16.31 s]: bicep/emitter - END [0 s][497 MB]
[16.31 s] Clearing Folders.
[16.31 s] Writing Outputs.
[16.31 s] Generation Complete
[16.31 s] Shutting Down.
[16.32 s] Exiting.
