Executing: autorest --use=/home/runner/work/bicep-types-az/bicep-types-az/src/autorest.bicep --bicep --output-folder=/tmp/_bcp_1625795651387/azurestackhci --multiapi --title=none --skip-semantics-validation /home/runner/work/bicep-types-az/bicep-types-az/workflow-temp/azure-rest-api-specs/specification/azurestackhci/resource-manager/readme.md --debug --verbose
AutoRest code generation utility [cli version: 3.2.1; node: v14.17.1, max-memory: 4096 MB]
(C) 2018 Microsoft Corporation.
https://aka.ms/autorest
No configuration found at 'file:///home/runner/work/bicep-types-az/bicep-types-az/src/generator/src/cmd/'.
> Including configuration file 'file:///home/runner/work/bicep-types-az/bicep-types-az/src/generator/node_modules/autorest/dist/resources/default-configuration.md'
> Including configuration file 'file:///home/runner/work/bicep-types-az/bicep-types-az/src/generator/node_modules/autorest/dist/resources/inspect.md'
> Including configuration file 'file:///home/runner/work/bicep-types-az/bicep-types-az/src/generator/node_modules/autorest/dist/resources/directives.md'
> Including configuration file 'file:///home/runner/work/bicep-types-az/bicep-types-az/src/generator/node_modules/autorest/dist/resources/pipeline.md'
> Including configuration file 'file:///home/runner/work/bicep-types-az/bicep-types-az/src/generator/node_modules/autorest/dist/resources/loader-openapi.md'
> Including configuration file 'file:///home/runner/work/bicep-types-az/bicep-types-az/src/generator/node_modules/autorest/dist/resources/miscellaneous.md'
> Including configuration file 'file:///home/runner/work/bicep-types-az/bicep-types-az/src/generator/node_modules/autorest/dist/resources/plugin-powershell.md'
> Including configuration file 'file:///home/runner/work/bicep-types-az/bicep-types-az/src/generator/node_modules/autorest/dist/resources/plugin-azureresourceschema.md'
> Including configuration file 'file:///home/runner/work/bicep-types-az/bicep-types-az/src/generator/node_modules/autorest/dist/resources/plugin-csharp.md'
> Including configuration file 'file:///home/runner/work/bicep-types-az/bicep-types-az/src/generator/node_modules/autorest/dist/resources/plugin-go.md'
> Including configuration file 'file:///home/runner/work/bicep-types-az/bicep-types-az/src/generator/node_modules/autorest/dist/resources/plugin-java.md'
> Including configuration file 'file:///home/runner/work/bicep-types-az/bicep-types-az/src/generator/node_modules/autorest/dist/resources/plugin-nodejs.md'
> Including configuration file 'file:///home/runner/work/bicep-types-az/bicep-types-az/src/generator/node_modules/autorest/dist/resources/plugin-php.md'
> Including configuration file 'file:///home/runner/work/bicep-types-az/bicep-types-az/src/generator/node_modules/autorest/dist/resources/plugin-python.md'
> Including configuration file 'file:///home/runner/work/bicep-types-az/bicep-types-az/src/generator/node_modules/autorest/dist/resources/plugin-ruby.md'
> Including configuration file 'file:///home/runner/work/bicep-types-az/bicep-types-az/src/generator/node_modules/autorest/dist/resources/plugin-typescript.md'
> Including configuration file 'file:///home/runner/work/bicep-types-az/bicep-types-az/src/generator/node_modules/autorest/dist/resources/plugin-validators.md'
> Including configuration file 'file:///home/runner/work/bicep-types-az/bicep-types-az/src/generator/node_modules/autorest/dist/resources/plugin-az.md'
> Including configuration file 'file:///home/runner/work/bicep-types-az/bicep-types-az/src/generator/node_modules/autorest/dist/resources/plugin-terraform.md'
> Including configuration file 'file:///home/runner/work/bicep-types-az/bicep-types-az/src/generator/node_modules/autorest/dist/resources/plugin-azure-functions.md'
> Including configuration file 'file:///home/runner/work/bicep-types-az/bicep-types-az/src/generator/node_modules/autorest/dist/resources/graphs.md'
> Including configuration file 'file:///home/runner/work/bicep-types-az/bicep-types-az/src/generator/node_modules/autorest/dist/resources/help-configuration.md'
> Loading local AutoRest extension '@autorest/bicep' (/home/runner/work/bicep-types-az/bicep-types-az/src/autorest.bicep)
> Including extension configuration file 'file:///home/runner/work/bicep-types-az/bicep-types-az/src/autorest.bicep/README.md'
> Including configuration file 'file:///home/runner/work/bicep-types-az/bicep-types-az/src/autorest.bicep/README.md'
> Loading AutoRest extension '@autorest/modelerfour' (https://tinyurl.com/yhlkz69y->4.20.0-ci.b8e3f92c0)
> Including extension configuration file 'file:///home/runner/.autorest/@autorest_modelerfour@4.20.0-ci.b8e3f92c0/node_modules/@autorest/modelerfour/readme.md'
> Including configuration file 'file:///home/runner/.autorest/@autorest_modelerfour@4.20.0-ci.b8e3f92c0/node_modules/@autorest/modelerfour/readme.md'
NOTE: AutoRest core version selected from configuration: https://tinyurl.com/yfjyy27f.
Network Enabled: true

There is a new version of AutoRest available (3.2.3).
 > You can install the newer version with with npm install -g autorest@latest

Starting @autorest/core from /home/runner/.autorest/@autorest_core@3.5.0-ci.b8e3f92c0/node_modules/@autorest/core
   Loading AutoRest core      '/home/runner/.autorest/@autorest_core@3.5.0-ci.b8e3f92c0/node_modules/@autorest/core/dist' (3.5.0-ci.b8e3f92c0)
VERBOSE [0.7 s]: > Including configuration file 'file:///home/runner/work/bicep-types-az/bicep-types-az/workflow-temp/azure-rest-api-specs/specification/azurestackhci/resource-manager/readme.bicep.md'
VERBOSE [0.71 s]: > Initial configuration file 'file:///home/runner/work/bicep-types-az/bicep-types-az/workflow-temp/azure-rest-api-specs/specification/azurestackhci/resource-manager/readme.md'
VERBOSE [0.71 s]: > Including configuration file 'file:///home/runner/work/bicep-types-az/bicep-types-az/workflow-temp/azure-rest-api-specs/specification/azurestackhci/resource-manager/readme.md'
VERBOSE [0.73 s]: > Including configuration file 'file:///home/runner/.autorest/@autorest_core@3.5.0-ci.b8e3f92c0/node_modules/@autorest/core/dist/resources/default-configuration.md'
VERBOSE [0.75 s]: > Including configuration file 'file:///home/runner/.autorest/@autorest_core@3.5.0-ci.b8e3f92c0/node_modules/@autorest/core/dist/resources/inspect.md'
VERBOSE [0.78 s]: > Including configuration file 'file:///home/runner/.autorest/@autorest_core@3.5.0-ci.b8e3f92c0/node_modules/@autorest/core/dist/resources/directives.md'
VERBOSE [0.79 s]: > Including configuration file 'file:///home/runner/.autorest/@autorest_core@3.5.0-ci.b8e3f92c0/node_modules/@autorest/core/dist/resources/pipeline.md'
VERBOSE [0.81 s]: > Including configuration file 'file:///home/runner/.autorest/@autorest_core@3.5.0-ci.b8e3f92c0/node_modules/@autorest/core/dist/resources/loader-openapi.md'
VERBOSE [0.83 s]: > Including configuration file 'file:///home/runner/.autorest/@autorest_core@3.5.0-ci.b8e3f92c0/node_modules/@autorest/core/dist/resources/miscellaneous.md'
VERBOSE [0.85 s]: > Including configuration file 'file:///home/runner/.autorest/@autorest_core@3.5.0-ci.b8e3f92c0/node_modules/@autorest/core/dist/resources/plugin-powershell.md'
VERBOSE [0.87 s]: > Including configuration file 'file:///home/runner/.autorest/@autorest_core@3.5.0-ci.b8e3f92c0/node_modules/@autorest/core/dist/resources/plugin-azureresourceschema.md'
VERBOSE [0.89 s]: > Including configuration file 'file:///home/runner/.autorest/@autorest_core@3.5.0-ci.b8e3f92c0/node_modules/@autorest/core/dist/resources/plugin-csharp.md'
VERBOSE [0.91 s]: > Including configuration file 'file:///home/runner/.autorest/@autorest_core@3.5.0-ci.b8e3f92c0/node_modules/@autorest/core/dist/resources/plugin-go.md'
VERBOSE [0.93 s]: > Including configuration file 'file:///home/runner/.autorest/@autorest_core@3.5.0-ci.b8e3f92c0/node_modules/@autorest/core/dist/resources/plugin-java.md'
VERBOSE [0.95 s]: > Including configuration file 'file:///home/runner/.autorest/@autorest_core@3.5.0-ci.b8e3f92c0/node_modules/@autorest/core/dist/resources/plugin-nodejs.md'
VERBOSE [0.97 s]: > Including configuration file 'file:///home/runner/.autorest/@autorest_core@3.5.0-ci.b8e3f92c0/node_modules/@autorest/core/dist/resources/plugin-php.md'
VERBOSE [0.99 s]: > Including configuration file 'file:///home/runner/.autorest/@autorest_core@3.5.0-ci.b8e3f92c0/node_modules/@autorest/core/dist/resources/plugin-python.md'
VERBOSE [1.01 s]: > Including configuration file 'file:///home/runner/.autorest/@autorest_core@3.5.0-ci.b8e3f92c0/node_modules/@autorest/core/dist/resources/plugin-ruby.md'
VERBOSE [1.03 s]: > Including configuration file 'file:///home/runner/.autorest/@autorest_core@3.5.0-ci.b8e3f92c0/node_modules/@autorest/core/dist/resources/plugin-typescript.md'
VERBOSE [1.05 s]: > Including configuration file 'file:///home/runner/.autorest/@autorest_core@3.5.0-ci.b8e3f92c0/node_modules/@autorest/core/dist/resources/plugin-validators.md'
VERBOSE [1.07 s]: > Including configuration file 'file:///home/runner/.autorest/@autorest_core@3.5.0-ci.b8e3f92c0/node_modules/@autorest/core/dist/resources/plugin-az.md'
VERBOSE [1.09 s]: > Including configuration file 'file:///home/runner/.autorest/@autorest_core@3.5.0-ci.b8e3f92c0/node_modules/@autorest/core/dist/resources/plugin-terraform.md'
VERBOSE [1.11 s]: > Including configuration file 'file:///home/runner/.autorest/@autorest_core@3.5.0-ci.b8e3f92c0/node_modules/@autorest/core/dist/resources/plugin-azure-functions.md'
VERBOSE [1.14 s]: > Including configuration file 'file:///home/runner/.autorest/@autorest_core@3.5.0-ci.b8e3f92c0/node_modules/@autorest/core/dist/resources/graphs.md'
VERBOSE [1.16 s]: > Including configuration file 'file:///home/runner/.autorest/@autorest_core@3.5.0-ci.b8e3f92c0/node_modules/@autorest/core/dist/resources/help-configuration.md'
INFORMATION: > Loading local AutoRest extension '@autorest/bicep' (/home/runner/work/bicep-types-az/bicep-types-az/src/autorest.bicep)
VERBOSE [1.24 s]: > Including extension configuration file 'file:///home/runner/work/bicep-types-az/bicep-types-az/src/autorest.bicep/README.md'
VERBOSE [1.24 s]: > Including configuration file 'file:///home/runner/work/bicep-types-az/bicep-types-az/src/autorest.bicep/README.md'
INFORMATION: > Loading AutoRest extension '@autorest/modelerfour' (https://tinyurl.com/yhlkz69y->4.20.0-ci.b8e3f92c0)
VERBOSE [1.88 s]: > Including extension configuration file 'file:///home/runner/.autorest/@autorest_modelerfour@4.20.0-ci.b8e3f92c0/node_modules/@autorest/modelerfour/readme.md'
VERBOSE [1.88 s]: > Including configuration file 'file:///home/runner/.autorest/@autorest_modelerfour@4.20.0-ci.b8e3f92c0/node_modules/@autorest/modelerfour/readme.md'
Processing batch task - {"tag":"microsoft.azurestackhci-2021-01-01-preview"} .
VERBOSE [2.11 s]: > Including configuration file 'file:///home/runner/work/bicep-types-az/bicep-types-az/workflow-temp/azure-rest-api-specs/specification/azurestackhci/resource-manager/readme.bicep.md'
VERBOSE [2.12 s]: > Initial configuration file 'file:///home/runner/work/bicep-types-az/bicep-types-az/workflow-temp/azure-rest-api-specs/specification/azurestackhci/resource-manager/readme.md'
VERBOSE [2.12 s]: > Including configuration file 'file:///home/runner/work/bicep-types-az/bicep-types-az/workflow-temp/azure-rest-api-specs/specification/azurestackhci/resource-manager/readme.md'
VERBOSE [2.13 s]: > Including configuration file 'file:///home/runner/.autorest/@autorest_core@3.5.0-ci.b8e3f92c0/node_modules/@autorest/core/dist/resources/default-configuration.md'
VERBOSE [2.14 s]: > Including configuration file 'file:///home/runner/.autorest/@autorest_core@3.5.0-ci.b8e3f92c0/node_modules/@autorest/core/dist/resources/inspect.md'
VERBOSE [2.15 s]: > Including configuration file 'file:///home/runner/.autorest/@autorest_core@3.5.0-ci.b8e3f92c0/node_modules/@autorest/core/dist/resources/directives.md'
VERBOSE [2.16 s]: > Including configuration file 'file:///home/runner/.autorest/@autorest_core@3.5.0-ci.b8e3f92c0/node_modules/@autorest/core/dist/resources/pipeline.md'
VERBOSE [2.17 s]: > Including configuration file 'file:///home/runner/.autorest/@autorest_core@3.5.0-ci.b8e3f92c0/node_modules/@autorest/core/dist/resources/loader-openapi.md'
VERBOSE [2.18 s]: > Including configuration file 'file:///home/runner/.autorest/@autorest_core@3.5.0-ci.b8e3f92c0/node_modules/@autorest/core/dist/resources/miscellaneous.md'
VERBOSE [2.2 s]: > Including configuration file 'file:///home/runner/.autorest/@autorest_core@3.5.0-ci.b8e3f92c0/node_modules/@autorest/core/dist/resources/plugin-powershell.md'
VERBOSE [2.21 s]: > Including configuration file 'file:///home/runner/.autorest/@autorest_core@3.5.0-ci.b8e3f92c0/node_modules/@autorest/core/dist/resources/plugin-azureresourceschema.md'
VERBOSE [2.22 s]: > Including configuration file 'file:///home/runner/.autorest/@autorest_core@3.5.0-ci.b8e3f92c0/node_modules/@autorest/core/dist/resources/plugin-csharp.md'
VERBOSE [2.24 s]: > Including configuration file 'file:///home/runner/.autorest/@autorest_core@3.5.0-ci.b8e3f92c0/node_modules/@autorest/core/dist/resources/plugin-go.md'
VERBOSE [2.25 s]: > Including configuration file 'file:///home/runner/.autorest/@autorest_core@3.5.0-ci.b8e3f92c0/node_modules/@autorest/core/dist/resources/plugin-java.md'
VERBOSE [2.27 s]: > Including configuration file 'file:///home/runner/.autorest/@autorest_core@3.5.0-ci.b8e3f92c0/node_modules/@autorest/core/dist/resources/plugin-nodejs.md'
VERBOSE [2.28 s]: > Including configuration file 'file:///home/runner/.autorest/@autorest_core@3.5.0-ci.b8e3f92c0/node_modules/@autorest/core/dist/resources/plugin-php.md'
VERBOSE [2.3 s]: > Including configuration file 'file:///home/runner/.autorest/@autorest_core@3.5.0-ci.b8e3f92c0/node_modules/@autorest/core/dist/resources/plugin-python.md'
VERBOSE [2.32 s]: > Including configuration file 'file:///home/runner/.autorest/@autorest_core@3.5.0-ci.b8e3f92c0/node_modules/@autorest/core/dist/resources/plugin-ruby.md'
VERBOSE [2.33 s]: > Including configuration file 'file:///home/runner/.autorest/@autorest_core@3.5.0-ci.b8e3f92c0/node_modules/@autorest/core/dist/resources/plugin-typescript.md'
VERBOSE [2.35 s]: > Including configuration file 'file:///home/runner/.autorest/@autorest_core@3.5.0-ci.b8e3f92c0/node_modules/@autorest/core/dist/resources/plugin-validators.md'
VERBOSE [2.37 s]: > Including configuration file 'file:///home/runner/.autorest/@autorest_core@3.5.0-ci.b8e3f92c0/node_modules/@autorest/core/dist/resources/plugin-az.md'
VERBOSE [2.39 s]: > Including configuration file 'file:///home/runner/.autorest/@autorest_core@3.5.0-ci.b8e3f92c0/node_modules/@autorest/core/dist/resources/plugin-terraform.md'
VERBOSE [2.41 s]: > Including configuration file 'file:///home/runner/.autorest/@autorest_core@3.5.0-ci.b8e3f92c0/node_modules/@autorest/core/dist/resources/plugin-azure-functions.md'
VERBOSE [2.43 s]: > Including configuration file 'file:///home/runner/.autorest/@autorest_core@3.5.0-ci.b8e3f92c0/node_modules/@autorest/core/dist/resources/graphs.md'
VERBOSE [2.46 s]: > Including configuration file 'file:///home/runner/.autorest/@autorest_core@3.5.0-ci.b8e3f92c0/node_modules/@autorest/core/dist/resources/help-configuration.md'
INFORMATION: > Loading local AutoRest extension '@autorest/bicep' (/home/runner/work/bicep-types-az/bicep-types-az/src/autorest.bicep)
VERBOSE [2.52 s]: > Including extension configuration file 'file:///home/runner/work/bicep-types-az/bicep-types-az/src/autorest.bicep/README.md'
VERBOSE [2.52 s]: > Including configuration file 'file:///home/runner/work/bicep-types-az/bicep-types-az/src/autorest.bicep/README.md'
INFORMATION: > Loading AutoRest extension '@autorest/modelerfour' (https://tinyurl.com/yhlkz69y->4.20.0-ci.b8e3f92c0)
VERBOSE [3.09 s]: > Including extension configuration file 'file:///home/runner/.autorest/@autorest_modelerfour@4.20.0-ci.b8e3f92c0/node_modules/@autorest/modelerfour/readme.md'
VERBOSE [3.09 s]: > Including configuration file 'file:///home/runner/.autorest/@autorest_modelerfour@4.20.0-ci.b8e3f92c0/node_modules/@autorest/modelerfour/readme.md'
DEBUG [3.71 s]: swagger-document/loader-swagger - START inputs = 0
DEBUG [3.71 s]: openapi-document/loader-openapi - START inputs = 0
DEBUG [3.71 s]: pipeline-emitter - START inputs = 0
DEBUG [3.71 s]: configuration-emitter - START inputs = 0
DEBUG [3.72 s]: pipeline-emitter - END [0.05 s][83 MB]
DEBUG [3.72 s]: configuration-emitter - END [0.05 s][83 MB]
VERBOSE [3.74 s]: Reading OpenAPI 2.0 file file:///home/runner/work/bicep-types-az/bicep-types-az/workflow-temp/azure-rest-api-specs/specification/azurestackhci/resource-manager/Microsoft.AzureStackHCI/preview/2021-01-01-preview/arcSettings.json
VERBOSE [3.75 s]: Reading OpenAPI 2.0 file file:///home/runner/work/bicep-types-az/bicep-types-az/workflow-temp/azure-rest-api-specs/specification/azurestackhci/resource-manager/Microsoft.AzureStackHCI/preview/2021-01-01-preview/clusters.json
VERBOSE [3.76 s]: Reading OpenAPI 2.0 file file:///home/runner/work/bicep-types-az/bicep-types-az/workflow-temp/azure-rest-api-specs/specification/azurestackhci/resource-manager/Microsoft.AzureStackHCI/preview/2021-01-01-preview/extensions.json
VERBOSE [3.76 s]: Reading OpenAPI 2.0 file file:///home/runner/work/bicep-types-az/bicep-types-az/workflow-temp/azure-rest-api-specs/specification/azurestackhci/resource-manager/Microsoft.AzureStackHCI/preview/2021-01-01-preview/operations.json
DEBUG [3.76 s]: openapi-document/loader-openapi - END [0.09 s][89 MB]
VERBOSE [3.78 s]: Reading $ref'd file file:///home/runner/work/bicep-types-az/bicep-types-az/workflow-temp/azure-rest-api-specs/specification/common-types/resource-management/v2/types.json
DEBUG [3.83 s]: openapi-document/individual/transform - SKIPPING
DEBUG [3.83 s]: openapi-document/individual/schema-validator-openapi - SKIPPING
DEBUG [3.83 s]: openapi-document/individual/identity - SKIPPING
DEBUG [3.93 s]: swagger-document/loader-swagger - END [0.27 s][97 MB]
DEBUG [3.94 s]: swagger-document/individual/transform - START inputs = 5
DEBUG [4.05 s]: swagger-document/individual/transform - END [0.1 s][106 MB]
DEBUG [4.05 s]: swagger-document/individual/schema-validator-swagger - START inputs = 5
DEBUG [4.34 s]: swagger-document/individual/schema-validator-swagger - END [0.28 s][103 MB]
DEBUG [4.34 s]: swagger-document/identity - START inputs = 5
DEBUG [4.34 s]: swagger-document/individual/identity - START inputs = 5
DEBUG [4.34 s]: swagger-document/identity - END [0 s][103 MB]
DEBUG [4.34 s]: swagger-document/individual/identity - END [0 s][103 MB]
DEBUG [4.34 s]: openapi-document/openapi-document-converter - START inputs = 5
DEBUG [4.42 s]: openapi-document/openapi-document-converter - END [0.08 s][115 MB]
DEBUG [4.43 s]: openapi-document/transform - START inputs = 5
DEBUG [4.44 s]: openapi-document/transform - END [0 s][110 MB]
DEBUG [4.44 s]: openapi-document/semantic-validator - START inputs = 5
WARNING: Semantic validation was skipped.
DEBUG [4.44 s]: openapi-document/semantic-validator - END [0 s][110 MB]
DEBUG [4.44 s]: openapi-document/allof-cleaner - START inputs = 5
DEBUG [4.45 s]: openapi-document/allof-cleaner - END [0 s][111 MB]
DEBUG [4.45 s]: openapi-document/tree-shaker - START inputs = 5
DEBUG [4.55 s]: openapi-document/tree-shaker - END [0.1 s][123 MB]
DEBUG [4.55 s]: openapi-document/multi-api-merger - START inputs = 5
DEBUG [4.67 s]: openapi-document/multi-api-merger - END [0.12 s][133 MB]
DEBUG [4.67 s]: openapi-document/components-cleaner - START inputs = 1
DEBUG [4.78 s]: openapi-document/components-cleaner - END [0.1 s][142 MB]
DEBUG [4.79 s]: openapi-document/component-modifiers - START inputs = 1
DEBUG [4.82 s]: openapi-document/component-modifiers - END [0.03 s][151 MB]
DEBUG [4.84 s]: openapi-document/api-version-parameter-handler - START inputs = 1
DEBUG [4.85 s]: openapi-document/api-version-parameter-handler - END [0 s][143 MB]
DEBUG [4.85 s]: openapi-document/profile-filter - START inputs = 1
DEBUG [4.86 s]: openapi-document/profile-filter - END [0.01 s][143 MB]
DEBUG [4.86 s]: openapi-document/model-deduplicator - START inputs = 1
DEBUG [4.86 s]: openapi-document/emitter - START inputs = 1
DEBUG [4.86 s]: openapi-document/model-deduplicator - END [0 s][143 MB]
DEBUG [4.86 s]: openapi-document/emitter - END [0 s][143 MB]
DEBUG [4.87 s]: openapi-document/enum-deduplicator - START inputs = 1
DEBUG [5.02 s]: openapi-document/enum-deduplicator - END [0.15 s][87 MB]
DEBUG [5.03 s]: openapi-document/subset-reducer - START inputs = 1
DEBUG [5.03 s]: openapi-document/subset-reducer - END [0 s][87 MB]
DEBUG [5.03 s]: openapi-document/quick-check - START inputs = 1
DEBUG [5.03 s]: openapi-document/multi-api/reset-identity - START inputs = 1
DEBUG [5.04 s]: openapi-document/quick-check - END [0.01 s][97 MB]
DEBUG [5.04 s]: openapi-document/multi-api/reset-identity - END [0.01 s][97 MB]
DEBUG [5.04 s]: openapi-document/multi-api/identity - START inputs = 1
DEBUG [5.04 s]: openapi-document/multi-api/identity - END [0 s][97 MB]
DEBUG [5.04 s]: openapi-document/multi-api/emitter - START inputs = 1
DEBUG [5.04 s]: prechecker - START inputs = 1
DEBUG [5.04 s]: openapi-document/multi-api/emitter - END [0 s][97 MB]

WARNING (PreCheck/CheckDuplicateSchemas): Checking for duplicate schemas, this could take a (long) while.  Run with --verbose for more detail.
VERBOSE [5.11 s]: Schema components·dairl3·parameters·clusternameparameter·schema has multiple identical declarations, reducing to just one - removing: 2, keeping: schemas:13
VERBOSE [5.11 s]: Schema components·1cvrfjk·parameters·arcsettingnameparameter·schema has multiple identical declarations, reducing to just one - removing: 1, keeping: schemas:14
VERBOSE [5.11 s]: Found and removed 3 duplicate schema
DEBUG [5.36 s]: prechecker - END [0.31 s][99 MB]
DEBUG [5.36 s]: modelerfour - START inputs = 2
VERBOSE [5.44 s]:   ModelerFour/api-version-mode:client
VERBOSE [5.44 s]:   ModelerFour/api-version-parameter:constant
VERBOSE [5.44 s]:   ModelerFour/use-model-namespace:false

WARNING (UnkownSecurityScheme): Security scheme azure_auth is unknown and will not be processed. Only supported types are AADToken,AzureKey,Anonymous

WARNING (UnkownSecurityScheme): Security scheme azure_auth is unknown and will not be processed. Only supported types are AADToken,AzureKey,Anonymous

WARNING (UnkownSecurityScheme): Security scheme azure_auth is unknown and will not be processed. Only supported types are AADToken,AzureKey,Anonymous

WARNING (UnkownSecurityScheme): Security scheme azure_auth is unknown and will not be processed. Only supported types are AADToken,AzureKey,Anonymous
DEBUG [5.61 s]: modelerfour - END [0.25 s][102 MB]
DEBUG [5.61 s]: modelerfour/new-transform - START inputs = 2
DEBUG [5.62 s]: modelerfour/new-transform - END [0 s][102 MB]
DEBUG [5.62 s]: modelerfour/flattener - START inputs = 2
DEBUG [5.71 s]: modelerfour/flattener - END [0.09 s][105 MB]
DEBUG [5.72 s]: modelerfour/flattener/new-transform - START inputs = 2
DEBUG [5.72 s]: modelerfour/flattener/new-transform - END [0 s][105 MB]
DEBUG [5.72 s]: modelerfour/grouper - START inputs = 2
DEBUG [5.8 s]: modelerfour/grouper - END [0.08 s][93 MB]
DEBUG [5.8 s]: modelerfour/grouper/new-transform - START inputs = 2
DEBUG [5.8 s]: modelerfour/grouper/new-transform - END [0 s][94 MB]
DEBUG [5.8 s]: modelerfour/pre-namer - START inputs = 2
DEBUG [5.91 s]: modelerfour/pre-namer - END [0.1 s][96 MB]
DEBUG [5.91 s]: modelerfour/pre-namer/new-transform - START inputs = 2
DEBUG [5.91 s]: modelerfour/pre-namer/new-transform - END [0 s][96 MB]
DEBUG [5.91 s]: modelerfour/checker - START inputs = 4
DEBUG [5.97 s]: modelerfour/checker - END [0.06 s][99 MB]
DEBUG [5.97 s]: modelerfour/identity - START inputs = 2
DEBUG [5.97 s]: modelerfour/identity - END [0 s][99 MB]
DEBUG [5.98 s]: bicep - START inputs = 2
DEBUG [5.98 s]: modelerfour/emitter - START inputs = 2
DEBUG [5.98 s]: modelerfour/notags/emitter - START inputs = 2
DEBUG [5.98 s]: modelerfour/emitter - END [0 s][99 MB]
DEBUG [5.98 s]: modelerfour/notags/emitter - END [0 s][99 MB]
WARNING: Unrecognized property type: any-object. Returning 'any'.
WARNING: Unrecognized property type: any-object. Returning 'any'.
INFORMATION: autorest.bicep took 8ms
DEBUG [6.06 s]: bicep - END [0.08 s][100 MB]
DEBUG [6.06 s]: bicep/emitter - START inputs = 2
DEBUG [6.06 s]: Emitting 'bicep-files' at file:///tmp/_bcp_1625795651387/azurestackhci/microsoft.azurestackhci/2021-01-01-preview/types.json
DEBUG [6.06 s]: Emitting 'bicep-files' at file:///tmp/_bcp_1625795651387/azurestackhci/microsoft.azurestackhci/2021-01-01-preview/types.md
DEBUG [6.06 s]: bicep/emitter - END [0 s][100 MB]
Processing batch task - {"tag":"microsoft.azurestackhci-2020-10-01"} .
VERBOSE [6.07 s]: > Including configuration file 'file:///home/runner/work/bicep-types-az/bicep-types-az/workflow-temp/azure-rest-api-specs/specification/azurestackhci/resource-manager/readme.bicep.md'
VERBOSE [6.08 s]: > Initial configuration file 'file:///home/runner/work/bicep-types-az/bicep-types-az/workflow-temp/azure-rest-api-specs/specification/azurestackhci/resource-manager/readme.md'
VERBOSE [6.08 s]: > Including configuration file 'file:///home/runner/work/bicep-types-az/bicep-types-az/workflow-temp/azure-rest-api-specs/specification/azurestackhci/resource-manager/readme.md'
VERBOSE [6.08 s]: > Including configuration file 'file:///home/runner/.autorest/@autorest_core@3.5.0-ci.b8e3f92c0/node_modules/@autorest/core/dist/resources/default-configuration.md'
VERBOSE [6.09 s]: > Including configuration file 'file:///home/runner/.autorest/@autorest_core@3.5.0-ci.b8e3f92c0/node_modules/@autorest/core/dist/resources/inspect.md'
VERBOSE [6.1 s]: > Including configuration file 'file:///home/runner/.autorest/@autorest_core@3.5.0-ci.b8e3f92c0/node_modules/@autorest/core/dist/resources/directives.md'
VERBOSE [6.11 s]: > Including configuration file 'file:///home/runner/.autorest/@autorest_core@3.5.0-ci.b8e3f92c0/node_modules/@autorest/core/dist/resources/pipeline.md'
VERBOSE [6.12 s]: > Including configuration file 'file:///home/runner/.autorest/@autorest_core@3.5.0-ci.b8e3f92c0/node_modules/@autorest/core/dist/resources/loader-openapi.md'
VERBOSE [6.14 s]: > Including configuration file 'file:///home/runner/.autorest/@autorest_core@3.5.0-ci.b8e3f92c0/node_modules/@autorest/core/dist/resources/miscellaneous.md'
VERBOSE [6.15 s]: > Including configuration file 'file:///home/runner/.autorest/@autorest_core@3.5.0-ci.b8e3f92c0/node_modules/@autorest/core/dist/resources/plugin-powershell.md'
VERBOSE [6.16 s]: > Including configuration file 'file:///home/runner/.autorest/@autorest_core@3.5.0-ci.b8e3f92c0/node_modules/@autorest/core/dist/resources/plugin-azureresourceschema.md'
VERBOSE [6.17 s]: > Including configuration file 'file:///home/runner/.autorest/@autorest_core@3.5.0-ci.b8e3f92c0/node_modules/@autorest/core/dist/resources/plugin-csharp.md'
VERBOSE [6.19 s]: > Including configuration file 'file:///home/runner/.autorest/@autorest_core@3.5.0-ci.b8e3f92c0/node_modules/@autorest/core/dist/resources/plugin-go.md'
VERBOSE [6.2 s]: > Including configuration file 'file:///home/runner/.autorest/@autorest_core@3.5.0-ci.b8e3f92c0/node_modules/@autorest/core/dist/resources/plugin-java.md'
VERBOSE [6.22 s]: > Including configuration file 'file:///home/runner/.autorest/@autorest_core@3.5.0-ci.b8e3f92c0/node_modules/@autorest/core/dist/resources/plugin-nodejs.md'
VERBOSE [6.23 s]: > Including configuration file 'file:///home/runner/.autorest/@autorest_core@3.5.0-ci.b8e3f92c0/node_modules/@autorest/core/dist/resources/plugin-php.md'
VERBOSE [6.25 s]: > Including configuration file 'file:///home/runner/.autorest/@autorest_core@3.5.0-ci.b8e3f92c0/node_modules/@autorest/core/dist/resources/plugin-python.md'
VERBOSE [6.27 s]: > Including configuration file 'file:///home/runner/.autorest/@autorest_core@3.5.0-ci.b8e3f92c0/node_modules/@autorest/core/dist/resources/plugin-ruby.md'
VERBOSE [6.28 s]: > Including configuration file 'file:///home/runner/.autorest/@autorest_core@3.5.0-ci.b8e3f92c0/node_modules/@autorest/core/dist/resources/plugin-typescript.md'
VERBOSE [6.3 s]: > Including configuration file 'file:///home/runner/.autorest/@autorest_core@3.5.0-ci.b8e3f92c0/node_modules/@autorest/core/dist/resources/plugin-validators.md'
VERBOSE [6.32 s]: > Including configuration file 'file:///home/runner/.autorest/@autorest_core@3.5.0-ci.b8e3f92c0/node_modules/@autorest/core/dist/resources/plugin-az.md'
VERBOSE [6.34 s]: > Including configuration file 'file:///home/runner/.autorest/@autorest_core@3.5.0-ci.b8e3f92c0/node_modules/@autorest/core/dist/resources/plugin-terraform.md'
VERBOSE [6.36 s]: > Including configuration file 'file:///home/runner/.autorest/@autorest_core@3.5.0-ci.b8e3f92c0/node_modules/@autorest/core/dist/resources/plugin-azure-functions.md'
VERBOSE [6.38 s]: > Including configuration file 'file:///home/runner/.autorest/@autorest_core@3.5.0-ci.b8e3f92c0/node_modules/@autorest/core/dist/resources/graphs.md'
VERBOSE [6.42 s]: > Including configuration file 'file:///home/runner/.autorest/@autorest_core@3.5.0-ci.b8e3f92c0/node_modules/@autorest/core/dist/resources/help-configuration.md'
INFORMATION: > Loading local AutoRest extension '@autorest/bicep' (/home/runner/work/bicep-types-az/bicep-types-az/src/autorest.bicep)
VERBOSE [6.48 s]: > Including extension configuration file 'file:///home/runner/work/bicep-types-az/bicep-types-az/src/autorest.bicep/README.md'
VERBOSE [6.48 s]: > Including configuration file 'file:///home/runner/work/bicep-types-az/bicep-types-az/src/autorest.bicep/README.md'
INFORMATION: > Loading AutoRest extension '@autorest/modelerfour' (https://tinyurl.com/yhlkz69y->4.20.0-ci.b8e3f92c0)
VERBOSE [7.06 s]: > Including extension configuration file 'file:///home/runner/.autorest/@autorest_modelerfour@4.20.0-ci.b8e3f92c0/node_modules/@autorest/modelerfour/readme.md'
VERBOSE [7.06 s]: > Including configuration file 'file:///home/runner/.autorest/@autorest_modelerfour@4.20.0-ci.b8e3f92c0/node_modules/@autorest/modelerfour/readme.md'
DEBUG [7.35 s]: swagger-document/loader-swagger - START inputs = 0
DEBUG [7.35 s]: openapi-document/loader-openapi - START inputs = 0
DEBUG [7.35 s]: pipeline-emitter - START inputs = 0
DEBUG [7.35 s]: configuration-emitter - START inputs = 0
DEBUG [7.35 s]: pipeline-emitter - END [0.04 s][124 MB]
DEBUG [7.35 s]: configuration-emitter - END [0.04 s][124 MB]
VERBOSE [7.35 s]: Reading OpenAPI 2.0 file file:///home/runner/work/bicep-types-az/bicep-types-az/workflow-temp/azure-rest-api-specs/specification/azurestackhci/resource-manager/Microsoft.AzureStackHCI/stable/2020-10-01/azurestackhci.json
DEBUG [7.35 s]: openapi-document/loader-openapi - END [0.05 s][126 MB]
VERBOSE [7.37 s]: Reading $ref'd file file:///home/runner/work/bicep-types-az/bicep-types-az/workflow-temp/azure-rest-api-specs/specification/common-types/resource-management/v2/types.json
DEBUG [7.37 s]: openapi-document/individual/transform - SKIPPING
DEBUG [7.37 s]: openapi-document/individual/schema-validator-openapi - SKIPPING
DEBUG [7.37 s]: openapi-document/individual/identity - SKIPPING
DEBUG [7.41 s]: swagger-document/loader-swagger - END [0.1 s][136 MB]
DEBUG [7.41 s]: swagger-document/individual/transform - START inputs = 2
DEBUG [7.47 s]: swagger-document/individual/transform - END [0.05 s][137 MB]
DEBUG [7.47 s]: swagger-document/individual/schema-validator-swagger - START inputs = 2
DEBUG [7.47 s]: swagger-document/individual/schema-validator-swagger - END [0 s][138 MB]
DEBUG [7.47 s]: swagger-document/identity - START inputs = 2
DEBUG [7.47 s]: swagger-document/individual/identity - START inputs = 2
DEBUG [7.47 s]: swagger-document/identity - END [0 s][138 MB]
DEBUG [7.47 s]: swagger-document/individual/identity - END [0 s][138 MB]
DEBUG [7.47 s]: openapi-document/openapi-document-converter - START inputs = 2
DEBUG [7.5 s]: openapi-document/openapi-document-converter - END [0.02 s][138 MB]
DEBUG [7.5 s]: openapi-document/transform - START inputs = 2
DEBUG [7.51 s]: openapi-document/transform - END [0 s][141 MB]
DEBUG [7.51 s]: openapi-document/semantic-validator - START inputs = 2
WARNING: Semantic validation was skipped.
DEBUG [7.51 s]: openapi-document/semantic-validator - END [0 s][141 MB]
DEBUG [7.51 s]: openapi-document/allof-cleaner - START inputs = 2
DEBUG [7.51 s]: openapi-document/allof-cleaner - END [0 s][142 MB]
DEBUG [7.51 s]: openapi-document/tree-shaker - START inputs = 2
DEBUG [7.56 s]: openapi-document/tree-shaker - END [0.04 s][138 MB]
DEBUG [7.56 s]: openapi-document/multi-api-merger - START inputs = 2
DEBUG [7.63 s]: openapi-document/multi-api-merger - END [0.06 s][147 MB]
DEBUG [7.63 s]: openapi-document/components-cleaner - START inputs = 1
DEBUG [7.68 s]: openapi-document/components-cleaner - END [0.05 s][153 MB]
DEBUG [7.68 s]: openapi-document/component-modifiers - START inputs = 1
DEBUG [7.69 s]: openapi-document/component-modifiers - END [0 s][158 MB]
DEBUG [7.69 s]: openapi-document/api-version-parameter-handler - START inputs = 1
DEBUG [7.69 s]: openapi-document/api-version-parameter-handler - END [0 s][158 MB]
DEBUG [7.69 s]: openapi-document/profile-filter - START inputs = 1
DEBUG [7.69 s]: openapi-document/profile-filter - END [0 s][158 MB]
DEBUG [7.69 s]: openapi-document/model-deduplicator - START inputs = 1
DEBUG [7.69 s]: openapi-document/emitter - START inputs = 1
DEBUG [7.69 s]: openapi-document/model-deduplicator - END [0 s][158 MB]
DEBUG [7.69 s]: openapi-document/emitter - END [0 s][158 MB]
DEBUG [7.69 s]: openapi-document/enum-deduplicator - START inputs = 1
DEBUG [7.75 s]: openapi-document/enum-deduplicator - END [0.06 s][168 MB]
DEBUG [7.76 s]: openapi-document/subset-reducer - START inputs = 1
DEBUG [7.76 s]: openapi-document/subset-reducer - END [0 s][157 MB]
DEBUG [7.76 s]: openapi-document/quick-check - START inputs = 1
DEBUG [7.76 s]: openapi-document/multi-api/reset-identity - START inputs = 1
DEBUG [7.76 s]: openapi-document/quick-check - END [0 s][162 MB]
DEBUG [7.76 s]: openapi-document/multi-api/reset-identity - END [0 s][162 MB]
DEBUG [7.77 s]: openapi-document/multi-api/identity - START inputs = 1
DEBUG [7.77 s]: openapi-document/multi-api/identity - END [0 s][162 MB]
DEBUG [7.77 s]: openapi-document/multi-api/emitter - START inputs = 1
DEBUG [7.77 s]: prechecker - START inputs = 1
DEBUG [7.77 s]: openapi-document/multi-api/emitter - END [0 s][162 MB]

WARNING (PreCheck/CheckDuplicateSchemas): Checking for duplicate schemas, this could take a (long) while.  Run with --verbose for more detail.
VERBOSE [7.78 s]: Found and removed 0 duplicate schema
DEBUG [7.8 s]: prechecker - END [0.03 s][164 MB]
DEBUG [7.8 s]: modelerfour - START inputs = 2
VERBOSE [7.82 s]:   ModelerFour/api-version-mode:client
VERBOSE [7.82 s]:   ModelerFour/api-version-parameter:constant
VERBOSE [7.82 s]:   ModelerFour/use-model-namespace:false

WARNING (UnkownSecurityScheme): Security scheme azure_auth is unknown and will not be processed. Only supported types are AADToken,AzureKey,Anonymous
DEBUG [7.88 s]: modelerfour - END [0.07 s][165 MB]
DEBUG [7.88 s]: modelerfour/new-transform - START inputs = 2
DEBUG [7.88 s]: modelerfour/new-transform - END [0 s][165 MB]
DEBUG [7.88 s]: modelerfour/flattener - START inputs = 2
DEBUG [7.91 s]: modelerfour/flattener - END [0.03 s][167 MB]
DEBUG [7.91 s]: modelerfour/flattener/new-transform - START inputs = 2
DEBUG [7.91 s]: modelerfour/flattener/new-transform - END [0 s][167 MB]
DEBUG [7.91 s]: modelerfour/grouper - START inputs = 2
DEBUG [7.94 s]: modelerfour/grouper - END [0.03 s][169 MB]
DEBUG [7.94 s]: modelerfour/grouper/new-transform - START inputs = 2
DEBUG [7.94 s]: modelerfour/grouper/new-transform - END [0 s][169 MB]
DEBUG [7.94 s]: modelerfour/pre-namer - START inputs = 2
DEBUG [7.99 s]: modelerfour/pre-namer - END [0.04 s][170 MB]
DEBUG [7.99 s]: modelerfour/pre-namer/new-transform - START inputs = 2
DEBUG [7.99 s]: modelerfour/pre-namer/new-transform - END [0 s][170 MB]
DEBUG [7.99 s]: modelerfour/checker - START inputs = 4
DEBUG [8.02 s]: modelerfour/checker - END [0.03 s][172 MB]
DEBUG [8.02 s]: modelerfour/identity - START inputs = 2
DEBUG [8.02 s]: modelerfour/identity - END [0 s][172 MB]
DEBUG [8.02 s]: bicep - START inputs = 2
DEBUG [8.02 s]: modelerfour/emitter - START inputs = 2
DEBUG [8.02 s]: modelerfour/notags/emitter - START inputs = 2
DEBUG [8.02 s]: modelerfour/emitter - END [0 s][172 MB]
DEBUG [8.02 s]: modelerfour/notags/emitter - END [0 s][172 MB]
INFORMATION: autorest.bicep took 1ms
DEBUG [8.06 s]: bicep - END [0.03 s][161 MB]
DEBUG [8.06 s]: bicep/emitter - START inputs = 2
DEBUG [8.06 s]: Emitting 'bicep-files' at file:///tmp/_bcp_1625795651387/azurestackhci/microsoft.azurestackhci/2020-10-01/types.json
DEBUG [8.06 s]: Emitting 'bicep-files' at file:///tmp/_bcp_1625795651387/azurestackhci/microsoft.azurestackhci/2020-10-01/types.md
DEBUG [8.06 s]: bicep/emitter - END [0 s][161 MB]
Processing batch task - {"tag":"microsoft.azurestackhci-2020-03-01-preview"} .
VERBOSE [8.07 s]: > Including configuration file 'file:///home/runner/work/bicep-types-az/bicep-types-az/workflow-temp/azure-rest-api-specs/specification/azurestackhci/resource-manager/readme.bicep.md'
VERBOSE [8.07 s]: > Initial configuration file 'file:///home/runner/work/bicep-types-az/bicep-types-az/workflow-temp/azure-rest-api-specs/specification/azurestackhci/resource-manager/readme.md'
VERBOSE [8.07 s]: > Including configuration file 'file:///home/runner/work/bicep-types-az/bicep-types-az/workflow-temp/azure-rest-api-specs/specification/azurestackhci/resource-manager/readme.md'
VERBOSE [8.08 s]: > Including configuration file 'file:///home/runner/.autorest/@autorest_core@3.5.0-ci.b8e3f92c0/node_modules/@autorest/core/dist/resources/default-configuration.md'
VERBOSE [8.08 s]: > Including configuration file 'file:///home/runner/.autorest/@autorest_core@3.5.0-ci.b8e3f92c0/node_modules/@autorest/core/dist/resources/inspect.md'
VERBOSE [8.09 s]: > Including configuration file 'file:///home/runner/.autorest/@autorest_core@3.5.0-ci.b8e3f92c0/node_modules/@autorest/core/dist/resources/directives.md'
VERBOSE [8.09 s]: > Including configuration file 'file:///home/runner/.autorest/@autorest_core@3.5.0-ci.b8e3f92c0/node_modules/@autorest/core/dist/resources/pipeline.md'
VERBOSE [8.1 s]: > Including configuration file 'file:///home/runner/.autorest/@autorest_core@3.5.0-ci.b8e3f92c0/node_modules/@autorest/core/dist/resources/loader-openapi.md'
VERBOSE [8.12 s]: > Including configuration file 'file:///home/runner/.autorest/@autorest_core@3.5.0-ci.b8e3f92c0/node_modules/@autorest/core/dist/resources/miscellaneous.md'
VERBOSE [8.13 s]: > Including configuration file 'file:///home/runner/.autorest/@autorest_core@3.5.0-ci.b8e3f92c0/node_modules/@autorest/core/dist/resources/plugin-powershell.md'
VERBOSE [8.14 s]: > Including configuration file 'file:///home/runner/.autorest/@autorest_core@3.5.0-ci.b8e3f92c0/node_modules/@autorest/core/dist/resources/plugin-azureresourceschema.md'
VERBOSE [8.15 s]: > Including configuration file 'file:///home/runner/.autorest/@autorest_core@3.5.0-ci.b8e3f92c0/node_modules/@autorest/core/dist/resources/plugin-csharp.md'
VERBOSE [8.17 s]: > Including configuration file 'file:///home/runner/.autorest/@autorest_core@3.5.0-ci.b8e3f92c0/node_modules/@autorest/core/dist/resources/plugin-go.md'
VERBOSE [8.18 s]: > Including configuration file 'file:///home/runner/.autorest/@autorest_core@3.5.0-ci.b8e3f92c0/node_modules/@autorest/core/dist/resources/plugin-java.md'
VERBOSE [8.19 s]: > Including configuration file 'file:///home/runner/.autorest/@autorest_core@3.5.0-ci.b8e3f92c0/node_modules/@autorest/core/dist/resources/plugin-nodejs.md'
VERBOSE [8.21 s]: > Including configuration file 'file:///home/runner/.autorest/@autorest_core@3.5.0-ci.b8e3f92c0/node_modules/@autorest/core/dist/resources/plugin-php.md'
VERBOSE [8.23 s]: > Including configuration file 'file:///home/runner/.autorest/@autorest_core@3.5.0-ci.b8e3f92c0/node_modules/@autorest/core/dist/resources/plugin-python.md'
VERBOSE [8.24 s]: > Including configuration file 'file:///home/runner/.autorest/@autorest_core@3.5.0-ci.b8e3f92c0/node_modules/@autorest/core/dist/resources/plugin-ruby.md'
VERBOSE [8.26 s]: > Including configuration file 'file:///home/runner/.autorest/@autorest_core@3.5.0-ci.b8e3f92c0/node_modules/@autorest/core/dist/resources/plugin-typescript.md'
VERBOSE [8.28 s]: > Including configuration file 'file:///home/runner/.autorest/@autorest_core@3.5.0-ci.b8e3f92c0/node_modules/@autorest/core/dist/resources/plugin-validators.md'
VERBOSE [8.3 s]: > Including configuration file 'file:///home/runner/.autorest/@autorest_core@3.5.0-ci.b8e3f92c0/node_modules/@autorest/core/dist/resources/plugin-az.md'
VERBOSE [8.32 s]: > Including configuration file 'file:///home/runner/.autorest/@autorest_core@3.5.0-ci.b8e3f92c0/node_modules/@autorest/core/dist/resources/plugin-terraform.md'
VERBOSE [8.34 s]: > Including configuration file 'file:///home/runner/.autorest/@autorest_core@3.5.0-ci.b8e3f92c0/node_modules/@autorest/core/dist/resources/plugin-azure-functions.md'
VERBOSE [8.36 s]: > Including configuration file 'file:///home/runner/.autorest/@autorest_core@3.5.0-ci.b8e3f92c0/node_modules/@autorest/core/dist/resources/graphs.md'
VERBOSE [8.38 s]: > Including configuration file 'file:///home/runner/.autorest/@autorest_core@3.5.0-ci.b8e3f92c0/node_modules/@autorest/core/dist/resources/help-configuration.md'
INFORMATION: > Loading local AutoRest extension '@autorest/bicep' (/home/runner/work/bicep-types-az/bicep-types-az/src/autorest.bicep)
VERBOSE [8.45 s]: > Including extension configuration file 'file:///home/runner/work/bicep-types-az/bicep-types-az/src/autorest.bicep/README.md'
VERBOSE [8.45 s]: > Including configuration file 'file:///home/runner/work/bicep-types-az/bicep-types-az/src/autorest.bicep/README.md'
INFORMATION: > Loading AutoRest extension '@autorest/modelerfour' (https://tinyurl.com/yhlkz69y->4.20.0-ci.b8e3f92c0)
VERBOSE [9 s]: > Including extension configuration file 'file:///home/runner/.autorest/@autorest_modelerfour@4.20.0-ci.b8e3f92c0/node_modules/@autorest/modelerfour/readme.md'
VERBOSE [9 s]: > Including configuration file 'file:///home/runner/.autorest/@autorest_modelerfour@4.20.0-ci.b8e3f92c0/node_modules/@autorest/modelerfour/readme.md'
DEBUG [9.27 s]: swagger-document/loader-swagger - START inputs = 0
DEBUG [9.27 s]: openapi-document/loader-openapi - START inputs = 0
DEBUG [9.27 s]: pipeline-emitter - START inputs = 0
DEBUG [9.27 s]: configuration-emitter - START inputs = 0
DEBUG [9.27 s]: pipeline-emitter - END [0.02 s][195 MB]
DEBUG [9.27 s]: configuration-emitter - END [0.02 s][195 MB]
VERBOSE [9.28 s]: Reading OpenAPI 2.0 file file:///home/runner/work/bicep-types-az/bicep-types-az/workflow-temp/azure-rest-api-specs/specification/azurestackhci/resource-manager/Microsoft.AzureStackHCI/preview/2020-03-01-preview/azurestackhci.json
DEBUG [9.28 s]: openapi-document/loader-openapi - END [0.03 s][197 MB]
VERBOSE [9.29 s]: Reading $ref'd file file:///home/runner/work/bicep-types-az/bicep-types-az/workflow-temp/azure-rest-api-specs/specification/common-types/resource-management/v1/types.json
DEBUG [9.29 s]: openapi-document/individual/transform - SKIPPING
DEBUG [9.29 s]: openapi-document/individual/schema-validator-openapi - SKIPPING
DEBUG [9.29 s]: openapi-document/individual/identity - SKIPPING
VERBOSE [9.32 s]: Reading $ref'd file file:///home/runner/work/bicep-types-az/bicep-types-az/workflow-temp/azure-rest-api-specs/specification/common-types/resource-management/v2/types.json
DEBUG [9.35 s]: swagger-document/loader-swagger - END [0.1 s][197 MB]
DEBUG [9.35 s]: swagger-document/individual/transform - START inputs = 3
DEBUG [9.43 s]: swagger-document/individual/transform - END [0.07 s][200 MB]
DEBUG [9.43 s]: swagger-document/individual/schema-validator-swagger - START inputs = 3
DEBUG [9.43 s]: swagger-document/individual/schema-validator-swagger - END [0 s][201 MB]
DEBUG [9.43 s]: swagger-document/identity - START inputs = 3
DEBUG [9.43 s]: swagger-document/individual/identity - START inputs = 3
DEBUG [9.43 s]: swagger-document/identity - END [0 s][201 MB]
DEBUG [9.43 s]: swagger-document/individual/identity - END [0 s][201 MB]
DEBUG [9.43 s]: openapi-document/openapi-document-converter - START inputs = 3
DEBUG [9.47 s]: openapi-document/openapi-document-converter - END [0.03 s][205 MB]
DEBUG [9.47 s]: openapi-document/transform - START inputs = 3
DEBUG [9.47 s]: openapi-document/transform - END [0 s][209 MB]
DEBUG [9.48 s]: openapi-document/semantic-validator - START inputs = 3
WARNING: Semantic validation was skipped.
DEBUG [9.48 s]: openapi-document/semantic-validator - END [0 s][199 MB]
DEBUG [9.48 s]: openapi-document/allof-cleaner - START inputs = 3
DEBUG [9.48 s]: openapi-document/allof-cleaner - END [0 s][199 MB]
DEBUG [9.48 s]: openapi-document/tree-shaker - START inputs = 3
DEBUG [9.54 s]: openapi-document/tree-shaker - END [0.05 s][212 MB]
DEBUG [9.54 s]: openapi-document/multi-api-merger - START inputs = 3
DEBUG [9.63 s]: openapi-document/multi-api-merger - END [0.09 s][223 MB]
DEBUG [9.63 s]: openapi-document/components-cleaner - START inputs = 1
DEBUG [9.69 s]: openapi-document/components-cleaner - END [0.05 s][230 MB]
DEBUG [9.69 s]: openapi-document/component-modifiers - START inputs = 1
DEBUG [9.7 s]: openapi-document/component-modifiers - END [0 s][226 MB]
DEBUG [9.7 s]: openapi-document/api-version-parameter-handler - START inputs = 1
DEBUG [9.7 s]: openapi-document/api-version-parameter-handler - END [0 s][226 MB]
DEBUG [9.7 s]: openapi-document/profile-filter - START inputs = 1
DEBUG [9.7 s]: openapi-document/profile-filter - END [0 s][226 MB]
DEBUG [9.7 s]: openapi-document/model-deduplicator - START inputs = 1
DEBUG [9.7 s]: openapi-document/emitter - START inputs = 1
DEBUG [9.7 s]: openapi-document/model-deduplicator - END [0 s][226 MB]
DEBUG [9.7 s]: openapi-document/emitter - END [0 s][226 MB]
DEBUG [9.7 s]: openapi-document/enum-deduplicator - START inputs = 1
DEBUG [9.76 s]: openapi-document/enum-deduplicator - END [0.05 s][234 MB]
DEBUG [9.76 s]: openapi-document/subset-reducer - START inputs = 1
DEBUG [9.76 s]: openapi-document/subset-reducer - END [0 s][234 MB]
DEBUG [9.76 s]: openapi-document/quick-check - START inputs = 1
DEBUG [9.76 s]: openapi-document/multi-api/reset-identity - START inputs = 1
DEBUG [9.77 s]: openapi-document/quick-check - END [0 s][239 MB]
DEBUG [9.77 s]: openapi-document/multi-api/reset-identity - END [0 s][239 MB]
DEBUG [9.77 s]: openapi-document/multi-api/identity - START inputs = 1
DEBUG [9.77 s]: openapi-document/multi-api/identity - END [0 s][239 MB]
DEBUG [9.77 s]: openapi-document/multi-api/emitter - START inputs = 1
DEBUG [9.77 s]: prechecker - START inputs = 1
DEBUG [9.78 s]: openapi-document/multi-api/emitter - END [0 s][239 MB]

WARNING (PreCheck/CheckDuplicateSchemas): Checking for duplicate schemas, this could take a (long) while.  Run with --verbose for more detail.
VERBOSE [9.79 s]: Found and removed 0 duplicate schema
DEBUG [9.8 s]: prechecker - END [0.02 s][231 MB]
DEBUG [9.8 s]: modelerfour - START inputs = 2
VERBOSE [9.82 s]:   ModelerFour/api-version-mode:client
VERBOSE [9.82 s]:   ModelerFour/api-version-parameter:constant
VERBOSE [9.82 s]:   ModelerFour/use-model-namespace:false

WARNING (UnkownSecurityScheme): Security scheme azure_auth is unknown and will not be processed. Only supported types are AADToken,AzureKey,Anonymous
DEBUG [9.87 s]: modelerfour - END [0.07 s][232 MB]
DEBUG [9.87 s]: modelerfour/new-transform - START inputs = 2
DEBUG [9.87 s]: modelerfour/new-transform - END [0 s][232 MB]
DEBUG [9.88 s]: modelerfour/flattener - START inputs = 2
DEBUG [9.91 s]: modelerfour/flattener - END [0.03 s][234 MB]
DEBUG [9.91 s]: modelerfour/flattener/new-transform - START inputs = 2
DEBUG [9.91 s]: modelerfour/flattener/new-transform - END [0 s][234 MB]
DEBUG [9.91 s]: modelerfour/grouper - START inputs = 2
DEBUG [9.94 s]: modelerfour/grouper - END [0.02 s][235 MB]
DEBUG [9.94 s]: modelerfour/grouper/new-transform - START inputs = 2
DEBUG [9.94 s]: modelerfour/grouper/new-transform - END [0 s][235 MB]
DEBUG [9.94 s]: modelerfour/pre-namer - START inputs = 2
DEBUG [9.98 s]: modelerfour/pre-namer - END [0.03 s][237 MB]
DEBUG [9.98 s]: modelerfour/pre-namer/new-transform - START inputs = 2
DEBUG [9.98 s]: modelerfour/pre-namer/new-transform - END [0 s][237 MB]
DEBUG [9.98 s]: modelerfour/checker - START inputs = 4
DEBUG [10.01 s]: modelerfour/checker - END [0.03 s][238 MB]
DEBUG [10.01 s]: modelerfour/identity - START inputs = 2
DEBUG [10.01 s]: modelerfour/identity - END [0 s][238 MB]
DEBUG [10.01 s]: bicep - START inputs = 2
DEBUG [10.01 s]: modelerfour/emitter - START inputs = 2
DEBUG [10.01 s]: modelerfour/notags/emitter - START inputs = 2
DEBUG [10.01 s]: modelerfour/emitter - END [0 s][239 MB]
DEBUG [10.01 s]: modelerfour/notags/emitter - END [0 s][239 MB]
INFORMATION: autorest.bicep took 1ms
DEBUG [10.03 s]: bicep - END [0.01 s][239 MB]
DEBUG [10.03 s]: bicep/emitter - START inputs = 2
DEBUG [10.03 s]: Emitting 'bicep-files' at file:///tmp/_bcp_1625795651387/azurestackhci/microsoft.azurestackhci/2020-03-01-preview/types.json
DEBUG [10.03 s]: Emitting 'bicep-files' at file:///tmp/_bcp_1625795651387/azurestackhci/microsoft.azurestackhci/2020-03-01-preview/types.md
DEBUG [10.03 s]: bicep/emitter - END [0 s][239 MB]
[10.03 s] Clearing Folders.
[10.03 s] Writing Outputs.
[10.03 s] Generation Complete
[10.03 s] Shutting Down.
[10.03 s] Exiting.
