
WARNING: AutoRest has not been tested with Node versions greater than v14.

AutoRest code generation utility [cli version: 3.4.2; node: v16.13.0]
(C) 2018 Microsoft Corporation.
https://aka.ms/autorest
info    |    Loading AutoRest core      '/home/runner/work/bicep-types-az/bicep-types-az/src/generator/node_modules/@autorest/core/dist' (3.6.6)
info    |    Loading local AutoRest extension '@autorest/bicep' (/home/runner/work/bicep-types-az/bicep-types-az/src/autorest.bicep)
info    |    Loading AutoRest extension '@autorest/modelerfour' (*->4.22.3)
info    | Processing batch task - {"tag":"microsoft.keyvault-2016-10-01"} .
info    |    Loading local AutoRest extension '@autorest/bicep' (/home/runner/work/bicep-types-az/bicep-types-az/src/autorest.bicep)
info    |    Loading AutoRest extension '@autorest/modelerfour' (*->4.22.3)
warning | SkippedSemanticValidation | Semantic validation was skipped.
warning | PreCheck/SchemaMissingType | The schema 'Attributes' with an undefined type and declared properties is a bit ambiguous. This has been auto-corrected to 'type:object'
    - openapi-document.json:4:4
warning | PreCheck/SchemaMissingType | The schema 'SecretProperties' with an undefined type and declared properties is a bit ambiguous. This has been auto-corrected to 'type:object'
    - openapi-document.json:120:4
warning | PreCheck/SchemaMissingType | The schema 'SecretPatchProperties' with an undefined type and declared properties is a bit ambiguous. This has been auto-corrected to 'type:object'
    - openapi-document.json:230:4
warning | PreCheck/SchemaMissingType | The schema 'SecretAttributes' with an undefined type and 'allOf'/'anyOf'/'oneOf' is a bit ambiguous. This has been auto-corrected to 'type:object'
    - openapi-document.json:294:4
warning | PreCheck/SchemaMissingType | The schema 'SecretCreateOrUpdateParameters' with an undefined type and declared properties is a bit ambiguous. This has been auto-corrected to 'type:object'
    - openapi-document.json:315:4
warning | PreCheck/SchemaMissingType | The schema 'SecretPatchParameters' with an undefined type and declared properties is a bit ambiguous. This has been auto-corrected to 'type:object'
    - openapi-document.json:384:4
warning | PreCheck/SchemaMissingType | The schema 'Secret' with an undefined type and declared properties is a bit ambiguous. This has been auto-corrected to 'type:object'
    - openapi-document.json:450:4
warning | PreCheck/SchemaMissingType | The schema 'SecretListResult' with an undefined type and declared properties is a bit ambiguous. This has been auto-corrected to 'type:object'
    - openapi-document.json:480:4
warning | PreCheck/SchemaMissingType | The schema 'Sku' with an undefined type and declared properties is a bit ambiguous. This has been auto-corrected to 'type:object'
    - openapi-document.json:772:4
warning | PreCheck/SchemaMissingType | The schema 'AccessPolicyEntry' with an undefined type and declared properties is a bit ambiguous. This has been auto-corrected to 'type:object'
    - openapi-document.json:811:4
warning | PreCheck/SchemaMissingType | The schema 'Permissions' with an undefined type and declared properties is a bit ambiguous. This has been auto-corrected to 'type:object'
    - openapi-document.json:903:4
warning | PreCheck/SchemaMissingType | The schema 'VaultProperties' with an undefined type and declared properties is a bit ambiguous. This has been auto-corrected to 'type:object'
    - openapi-document.json:1033:4
warning | PreCheck/SchemaMissingType | The schema 'VaultPatchProperties' with an undefined type and declared properties is a bit ambiguous. This has been auto-corrected to 'type:object'
    - openapi-document.json:1154:4
warning | PreCheck/SchemaMissingType | The schema 'VaultAccessPolicyProperties' with an undefined type and declared properties is a bit ambiguous. This has been auto-corrected to 'type:object'
    - openapi-document.json:1250:4
warning | PreCheck/SchemaMissingType | The schema 'DeletedVaultProperties' with an undefined type and declared properties is a bit ambiguous. This has been auto-corrected to 'type:object'
    - openapi-document.json:1295:4
warning | PreCheck/SchemaMissingType | The schema 'VaultCreateOrUpdateParameters' with an undefined type and declared properties is a bit ambiguous. This has been auto-corrected to 'type:object'
    - openapi-document.json:1452:4
warning | PreCheck/SchemaMissingType | The schema 'VaultPatchParameters' with an undefined type and declared properties is a bit ambiguous. This has been auto-corrected to 'type:object'
    - openapi-document.json:1543:4
warning | PreCheck/SchemaMissingType | The schema 'VaultAccessPolicyParameters' with an undefined type and declared properties is a bit ambiguous. This has been auto-corrected to 'type:object'
    - openapi-document.json:1609:4
warning | PreCheck/SchemaMissingType | The schema 'Vault' with an undefined type and declared properties is a bit ambiguous. This has been auto-corrected to 'type:object'
    - openapi-document.json:1727:4
warning | PreCheck/SchemaMissingType | The schema 'DeletedVault' with an undefined type and declared properties is a bit ambiguous. This has been auto-corrected to 'type:object'
    - openapi-document.json:1757:4
warning | PreCheck/SchemaMissingType | The schema 'VaultListResult' with an undefined type and declared properties is a bit ambiguous. This has been auto-corrected to 'type:object'
    - openapi-document.json:1848:4
warning | PreCheck/SchemaMissingType | The schema 'DeletedVaultListResult' with an undefined type and declared properties is a bit ambiguous. This has been auto-corrected to 'type:object'
    - openapi-document.json:1911:4
warning | PreCheck/SchemaMissingType | The schema 'ResourceListResult' with an undefined type and declared properties is a bit ambiguous. This has been auto-corrected to 'type:object'
    - openapi-document.json:1974:4
warning | PreCheck/SchemaMissingType | The schema 'Resource' with an undefined type and declared properties is a bit ambiguous. This has been auto-corrected to 'type:object'
    - openapi-document.json:2037:4
warning | PreCheck/SchemaMissingType | The schema 'VaultCheckNameAvailabilityParameters' with an undefined type and declared properties is a bit ambiguous. This has been auto-corrected to 'type:object'
    - openapi-document.json:2192:4
warning | PreCheck/SchemaMissingType | The schema 'CheckNameAvailabilityResult' with an undefined type and declared properties is a bit ambiguous. This has been auto-corrected to 'type:object'
    - openapi-document.json:2243:4
warning | PreCheck/SchemaMissingType | The schema 'OperationListResult' with an undefined type and declared properties is a bit ambiguous. This has been auto-corrected to 'type:object'
    - openapi-document.json:2624:4
warning | PreCheck/SchemaMissingType | The schema 'Operation-display' with an undefined type and declared properties is a bit ambiguous. This has been auto-corrected to 'type:object'
    - openapi-document.json:2741:4
warning | PreCheck/SchemaMissingType | The schema 'OperationProperties' with an undefined type and declared properties is a bit ambiguous. This has been auto-corrected to 'type:object'
    - openapi-document.json:2863:4
warning | PreCheck/SchemaMissingType | The schema 'ServiceSpecification' with an undefined type and declared properties is a bit ambiguous. This has been auto-corrected to 'type:object'
    - openapi-document.json:2885:4
warning | PreCheck/SchemaMissingType | The schema 'LogSpecification' with an undefined type and declared properties is a bit ambiguous. This has been auto-corrected to 'type:object'
    - openapi-document.json:2927:4
warning | PreCheck/CheckDuplicateSchemas | Checking for duplicate schemas, this could take a (long) while.  Run with --verbose for more detail.
info    | autorest.bicep took 10ms
info    | Processing batch task - {"tag":"microsoft.keyvault-2018-02-14"} .
info    |    Loading local AutoRest extension '@autorest/bicep' (/home/runner/work/bicep-types-az/bicep-types-az/src/autorest.bicep)
info    |    Loading AutoRest extension '@autorest/modelerfour' (*->4.22.3)
warning | SkippedSemanticValidation | Semantic validation was skipped.
warning | PreCheck/SchemaMissingType | The schema 'Attributes' with an undefined type and declared properties is a bit ambiguous. This has been auto-corrected to 'type:object'
    - openapi-document.json:4:4
warning | PreCheck/SchemaMissingType | The schema 'SecretProperties' with an undefined type and declared properties is a bit ambiguous. This has been auto-corrected to 'type:object'
    - openapi-document.json:120:4
warning | PreCheck/SchemaMissingType | The schema 'SecretPatchProperties' with an undefined type and declared properties is a bit ambiguous. This has been auto-corrected to 'type:object'
    - openapi-document.json:230:4
warning | PreCheck/SchemaMissingType | The schema 'SecretAttributes' with an undefined type and 'allOf'/'anyOf'/'oneOf' is a bit ambiguous. This has been auto-corrected to 'type:object'
    - openapi-document.json:294:4
warning | PreCheck/SchemaMissingType | The schema 'SecretCreateOrUpdateParameters' with an undefined type and declared properties is a bit ambiguous. This has been auto-corrected to 'type:object'
    - openapi-document.json:315:4
warning | PreCheck/SchemaMissingType | The schema 'SecretPatchParameters' with an undefined type and declared properties is a bit ambiguous. This has been auto-corrected to 'type:object'
    - openapi-document.json:384:4
warning | PreCheck/SchemaMissingType | The schema 'Secret' with an undefined type and declared properties is a bit ambiguous. This has been auto-corrected to 'type:object'
    - openapi-document.json:450:4
warning | PreCheck/SchemaMissingType | The schema 'SecretListResult' with an undefined type and declared properties is a bit ambiguous. This has been auto-corrected to 'type:object'
    - openapi-document.json:480:4
warning | PreCheck/SchemaMissingType | The schema 'CloudError' with an undefined type and declared properties is a bit ambiguous. This has been auto-corrected to 'type:object'
    - openapi-document.json:772:4
warning | PreCheck/SchemaMissingType | The schema 'CloudErrorBody' with an undefined type and declared properties is a bit ambiguous. This has been auto-corrected to 'type:object'
    - openapi-document.json:794:4
warning | PreCheck/SchemaMissingType | The schema 'Sku' with an undefined type and declared properties is a bit ambiguous. This has been auto-corrected to 'type:object'
    - openapi-document.json:855:4
warning | PreCheck/SchemaMissingType | The schema 'AccessPolicyEntry' with an undefined type and declared properties is a bit ambiguous. This has been auto-corrected to 'type:object'
    - openapi-document.json:894:4
warning | PreCheck/SchemaMissingType | The schema 'Permissions' with an undefined type and declared properties is a bit ambiguous. This has been auto-corrected to 'type:object'
    - openapi-document.json:986:4
warning | PreCheck/SchemaMissingType | The schema 'VaultProperties' with an undefined type and declared properties is a bit ambiguous. This has been auto-corrected to 'type:object'
    - openapi-document.json:1116:4
warning | PreCheck/SchemaMissingType | The schema 'VaultPatchProperties' with an undefined type and declared properties is a bit ambiguous. This has been auto-corrected to 'type:object'
    - openapi-document.json:1267:4
warning | PreCheck/SchemaMissingType | The schema 'VaultAccessPolicyProperties' with an undefined type and declared properties is a bit ambiguous. This has been auto-corrected to 'type:object'
    - openapi-document.json:1367:4
warning | PreCheck/SchemaMissingType | The schema 'DeletedVaultProperties' with an undefined type and declared properties is a bit ambiguous. This has been auto-corrected to 'type:object'
    - openapi-document.json:1412:4
warning | PreCheck/SchemaMissingType | The schema 'VaultCreateOrUpdateParameters' with an undefined type and declared properties is a bit ambiguous. This has been auto-corrected to 'type:object'
    - openapi-document.json:1569:4
warning | PreCheck/SchemaMissingType | The schema 'VaultPatchParameters' with an undefined type and declared properties is a bit ambiguous. This has been auto-corrected to 'type:object'
    - openapi-document.json:1660:4
warning | PreCheck/SchemaMissingType | The schema 'VaultAccessPolicyParameters' with an undefined type and declared properties is a bit ambiguous. This has been auto-corrected to 'type:object'
    - openapi-document.json:1726:4
warning | PreCheck/SchemaMissingType | The schema 'Vault' with an undefined type and declared properties is a bit ambiguous. This has been auto-corrected to 'type:object'
    - openapi-document.json:1844:4
warning | PreCheck/SchemaMissingType | The schema 'DeletedVault' with an undefined type and declared properties is a bit ambiguous. This has been auto-corrected to 'type:object'
    - openapi-document.json:2003:4
warning | PreCheck/SchemaMissingType | The schema 'VaultListResult' with an undefined type and declared properties is a bit ambiguous. This has been auto-corrected to 'type:object'
    - openapi-document.json:2094:4
warning | PreCheck/SchemaMissingType | The schema 'DeletedVaultListResult' with an undefined type and declared properties is a bit ambiguous. This has been auto-corrected to 'type:object'
    - openapi-document.json:2157:4
warning | PreCheck/SchemaMissingType | The schema 'ResourceListResult' with an undefined type and declared properties is a bit ambiguous. This has been auto-corrected to 'type:object'
    - openapi-document.json:2220:4
warning | PreCheck/SchemaMissingType | The schema 'Resource' with an undefined type and declared properties is a bit ambiguous. This has been auto-corrected to 'type:object'
    - openapi-document.json:2283:4
warning | PreCheck/SchemaMissingType | The schema 'VaultCheckNameAvailabilityParameters' with an undefined type and declared properties is a bit ambiguous. This has been auto-corrected to 'type:object'
    - openapi-document.json:2439:4
warning | PreCheck/SchemaMissingType | The schema 'CheckNameAvailabilityResult' with an undefined type and declared properties is a bit ambiguous. This has been auto-corrected to 'type:object'
    - openapi-document.json:2490:4
warning | PreCheck/SchemaMissingType | The schema 'NetworkRuleSet' with an undefined type and declared properties is a bit ambiguous. This has been auto-corrected to 'type:object'
    - openapi-document.json:2545:4
warning | PreCheck/SchemaMissingType | The schema 'IPRule' with an undefined type and declared properties is a bit ambiguous. This has been auto-corrected to 'type:object'
    - openapi-document.json:2627:4
warning | PreCheck/SchemaMissingType | The schema 'VirtualNetworkRule' with an undefined type and declared properties is a bit ambiguous. This has been auto-corrected to 'type:object'
    - openapi-document.json:2669:4
warning | PreCheck/SchemaMissingType | The schema 'PrivateEndpointConnectionItem' with an undefined type and declared properties is a bit ambiguous. This has been auto-corrected to 'type:object'
    - openapi-document.json:2711:4
warning | PreCheck/SchemaMissingType | The schema 'PrivateEndpointConnection' with an undefined type and declared properties is a bit ambiguous. This has been auto-corrected to 'type:object'
    - openapi-document.json:2734:4
warning | PreCheck/SchemaMissingType | The schema 'PrivateEndpointConnectionProperties' with an undefined type and declared properties is a bit ambiguous. This has been auto-corrected to 'type:object'
    - openapi-document.json:2763:4
warning | PreCheck/SchemaMissingType | The schema 'PrivateEndpoint' with an undefined type and declared properties is a bit ambiguous. This has been auto-corrected to 'type:object'
    - openapi-document.json:2793:4
warning | PreCheck/SchemaMissingType | The schema 'PrivateLinkServiceConnectionState' with an undefined type and declared properties is a bit ambiguous. This has been auto-corrected to 'type:object'
    - openapi-document.json:2834:4
warning | PreCheck/SchemaMissingType | The schema 'PrivateLinkResourceListResult' with an undefined type and declared properties is a bit ambiguous. This has been auto-corrected to 'type:object'
    - openapi-document.json:2898:4
warning | PreCheck/SchemaMissingType | The schema 'PrivateLinkResource' with an undefined type and declared properties is a bit ambiguous. This has been auto-corrected to 'type:object'
    - openapi-document.json:2940:4
warning | PreCheck/SchemaMissingType | The schema 'PrivateLinkResourceProperties' with an undefined type and declared properties is a bit ambiguous. This has been auto-corrected to 'type:object'
    - openapi-document.json:2968:4
warning | PreCheck/SchemaMissingType | The schema 'OperationListResult' with an undefined type and declared properties is a bit ambiguous. This has been auto-corrected to 'type:object'
    - openapi-document.json:3530:4
warning | PreCheck/SchemaMissingType | The schema 'Operation-display' with an undefined type and declared properties is a bit ambiguous. This has been auto-corrected to 'type:object'
    - openapi-document.json:3647:4
warning | PreCheck/SchemaMissingType | The schema 'OperationProperties' with an undefined type and declared properties is a bit ambiguous. This has been auto-corrected to 'type:object'
    - openapi-document.json:3769:4
warning | PreCheck/SchemaMissingType | The schema 'ServiceSpecification' with an undefined type and declared properties is a bit ambiguous. This has been auto-corrected to 'type:object'
    - openapi-document.json:3791:4
warning | PreCheck/SchemaMissingType | The schema 'LogSpecification' with an undefined type and declared properties is a bit ambiguous. This has been auto-corrected to 'type:object'
    - openapi-document.json:3833:4
warning | PreCheck/CheckDuplicateSchemas | Checking for duplicate schemas, this could take a (long) while.  Run with --verbose for more detail.
info    | autorest.bicep took 5ms
info    | Processing batch task - {"tag":"microsoft.keyvault-2018-02-14-preview"} .
info    |    Loading local AutoRest extension '@autorest/bicep' (/home/runner/work/bicep-types-az/bicep-types-az/src/autorest.bicep)
info    |    Loading AutoRest extension '@autorest/modelerfour' (*->4.22.3)
warning | SkippedSemanticValidation | Semantic validation was skipped.
warning | PreCheck/SchemaMissingType | The schema 'Attributes' with an undefined type and declared properties is a bit ambiguous. This has been auto-corrected to 'type:object'
    - openapi-document.json:4:4
warning | PreCheck/SchemaMissingType | The schema 'SecretProperties' with an undefined type and declared properties is a bit ambiguous. This has been auto-corrected to 'type:object'
    - openapi-document.json:120:4
warning | PreCheck/SchemaMissingType | The schema 'SecretPatchProperties' with an undefined type and declared properties is a bit ambiguous. This has been auto-corrected to 'type:object'
    - openapi-document.json:230:4
warning | PreCheck/SchemaMissingType | The schema 'SecretAttributes' with an undefined type and 'allOf'/'anyOf'/'oneOf' is a bit ambiguous. This has been auto-corrected to 'type:object'
    - openapi-document.json:294:4
warning | PreCheck/SchemaMissingType | The schema 'SecretCreateOrUpdateParameters' with an undefined type and declared properties is a bit ambiguous. This has been auto-corrected to 'type:object'
    - openapi-document.json:315:4
warning | PreCheck/SchemaMissingType | The schema 'SecretPatchParameters' with an undefined type and declared properties is a bit ambiguous. This has been auto-corrected to 'type:object'
    - openapi-document.json:384:4
warning | PreCheck/SchemaMissingType | The schema 'Secret' with an undefined type and declared properties is a bit ambiguous. This has been auto-corrected to 'type:object'
    - openapi-document.json:450:4
warning | PreCheck/SchemaMissingType | The schema 'SecretListResult' with an undefined type and declared properties is a bit ambiguous. This has been auto-corrected to 'type:object'
    - openapi-document.json:480:4
warning | PreCheck/SchemaMissingType | The schema 'Sku' with an undefined type and declared properties is a bit ambiguous. This has been auto-corrected to 'type:object'
    - openapi-document.json:772:4
warning | PreCheck/SchemaMissingType | The schema 'AccessPolicyEntry' with an undefined type and declared properties is a bit ambiguous. This has been auto-corrected to 'type:object'
    - openapi-document.json:811:4
warning | PreCheck/SchemaMissingType | The schema 'Permissions' with an undefined type and declared properties is a bit ambiguous. This has been auto-corrected to 'type:object'
    - openapi-document.json:903:4
warning | PreCheck/SchemaMissingType | The schema 'VaultProperties' with an undefined type and declared properties is a bit ambiguous. This has been auto-corrected to 'type:object'
    - openapi-document.json:1033:4
warning | PreCheck/SchemaMissingType | The schema 'VaultPatchProperties' with an undefined type and declared properties is a bit ambiguous. This has been auto-corrected to 'type:object'
    - openapi-document.json:1158:4
warning | PreCheck/SchemaMissingType | The schema 'VaultAccessPolicyProperties' with an undefined type and declared properties is a bit ambiguous. This has been auto-corrected to 'type:object'
    - openapi-document.json:1258:4
warning | PreCheck/SchemaMissingType | The schema 'DeletedVaultProperties' with an undefined type and declared properties is a bit ambiguous. This has been auto-corrected to 'type:object'
    - openapi-document.json:1303:4
warning | PreCheck/SchemaMissingType | The schema 'VaultCreateOrUpdateParameters' with an undefined type and declared properties is a bit ambiguous. This has been auto-corrected to 'type:object'
    - openapi-document.json:1460:4
warning | PreCheck/SchemaMissingType | The schema 'VaultPatchParameters' with an undefined type and declared properties is a bit ambiguous. This has been auto-corrected to 'type:object'
    - openapi-document.json:1551:4
warning | PreCheck/SchemaMissingType | The schema 'VaultAccessPolicyParameters' with an undefined type and declared properties is a bit ambiguous. This has been auto-corrected to 'type:object'
    - openapi-document.json:1617:4
warning | PreCheck/SchemaMissingType | The schema 'Vault' with an undefined type and declared properties is a bit ambiguous. This has been auto-corrected to 'type:object'
    - openapi-document.json:1735:4
warning | PreCheck/SchemaMissingType | The schema 'DeletedVault' with an undefined type and declared properties is a bit ambiguous. This has been auto-corrected to 'type:object'
    - openapi-document.json:1765:4
warning | PreCheck/SchemaMissingType | The schema 'VaultListResult' with an undefined type and declared properties is a bit ambiguous. This has been auto-corrected to 'type:object'
    - openapi-document.json:1856:4
warning | PreCheck/SchemaMissingType | The schema 'DeletedVaultListResult' with an undefined type and declared properties is a bit ambiguous. This has been auto-corrected to 'type:object'
    - openapi-document.json:1919:4
warning | PreCheck/SchemaMissingType | The schema 'ResourceListResult' with an undefined type and declared properties is a bit ambiguous. This has been auto-corrected to 'type:object'
    - openapi-document.json:1982:4
warning | PreCheck/SchemaMissingType | The schema 'Resource' with an undefined type and declared properties is a bit ambiguous. This has been auto-corrected to 'type:object'
    - openapi-document.json:2045:4
warning | PreCheck/SchemaMissingType | The schema 'VaultCheckNameAvailabilityParameters' with an undefined type and declared properties is a bit ambiguous. This has been auto-corrected to 'type:object'
    - openapi-document.json:2200:4
warning | PreCheck/SchemaMissingType | The schema 'CheckNameAvailabilityResult' with an undefined type and declared properties is a bit ambiguous. This has been auto-corrected to 'type:object'
    - openapi-document.json:2251:4
warning | PreCheck/SchemaMissingType | The schema 'NetworkRuleSet' with an undefined type and declared properties is a bit ambiguous. This has been auto-corrected to 'type:object'
    - openapi-document.json:2306:4
warning | PreCheck/SchemaMissingType | The schema 'IPRule' with an undefined type and declared properties is a bit ambiguous. This has been auto-corrected to 'type:object'
    - openapi-document.json:2388:4
warning | PreCheck/SchemaMissingType | The schema 'VirtualNetworkRule' with an undefined type and declared properties is a bit ambiguous. This has been auto-corrected to 'type:object'
    - openapi-document.json:2430:4
warning | PreCheck/SchemaMissingType | The schema 'OperationListResult' with an undefined type and declared properties is a bit ambiguous. This has been auto-corrected to 'type:object'
    - openapi-document.json:2798:4
warning | PreCheck/SchemaMissingType | The schema 'Operation-display' with an undefined type and declared properties is a bit ambiguous. This has been auto-corrected to 'type:object'
    - openapi-document.json:2915:4
warning | PreCheck/SchemaMissingType | The schema 'OperationProperties' with an undefined type and declared properties is a bit ambiguous. This has been auto-corrected to 'type:object'
    - openapi-document.json:3037:4
warning | PreCheck/SchemaMissingType | The schema 'ServiceSpecification' with an undefined type and declared properties is a bit ambiguous. This has been auto-corrected to 'type:object'
    - openapi-document.json:3059:4
warning | PreCheck/SchemaMissingType | The schema 'LogSpecification' with an undefined type and declared properties is a bit ambiguous. This has been auto-corrected to 'type:object'
    - openapi-document.json:3101:4
warning | PreCheck/CheckDuplicateSchemas | Checking for duplicate schemas, this could take a (long) while.  Run with --verbose for more detail.
info    | autorest.bicep took 2ms
info    | Processing batch task - {"tag":"microsoft.keyvault-2019-09-01"} .
info    |    Loading local AutoRest extension '@autorest/bicep' (/home/runner/work/bicep-types-az/bicep-types-az/src/autorest.bicep)
info    |    Loading AutoRest extension '@autorest/modelerfour' (*->4.22.3)
warning | SkippedSemanticValidation | Semantic validation was skipped.
warning | PreCheck/SchemaMissingType | The schema 'CloudError' with an undefined type and declared properties is a bit ambiguous. This has been auto-corrected to 'type:object'
    - openapi-document.json:4:4
warning | PreCheck/SchemaMissingType | The schema 'CloudErrorBody' with an undefined type and declared properties is a bit ambiguous. This has been auto-corrected to 'type:object'
    - openapi-document.json:26:4
warning | PreCheck/SchemaMissingType | The schema 'Attributes' with an undefined type and declared properties is a bit ambiguous. This has been auto-corrected to 'type:object'
    - openapi-document.json:87:4
warning | PreCheck/SchemaMissingType | The schema 'SecretProperties' with an undefined type and declared properties is a bit ambiguous. This has been auto-corrected to 'type:object'
    - openapi-document.json:203:4
warning | PreCheck/SchemaMissingType | The schema 'SecretPatchProperties' with an undefined type and declared properties is a bit ambiguous. This has been auto-corrected to 'type:object'
    - openapi-document.json:313:4
warning | PreCheck/SchemaMissingType | The schema 'SecretAttributes' with an undefined type and 'allOf'/'anyOf'/'oneOf' is a bit ambiguous. This has been auto-corrected to 'type:object'
    - openapi-document.json:377:4
warning | PreCheck/SchemaMissingType | The schema 'SecretCreateOrUpdateParameters' with an undefined type and declared properties is a bit ambiguous. This has been auto-corrected to 'type:object'
    - openapi-document.json:398:4
warning | PreCheck/SchemaMissingType | The schema 'SecretPatchParameters' with an undefined type and declared properties is a bit ambiguous. This has been auto-corrected to 'type:object'
    - openapi-document.json:467:4
warning | PreCheck/SchemaMissingType | The schema 'Secret' with an undefined type and declared properties is a bit ambiguous. This has been auto-corrected to 'type:object'
    - openapi-document.json:533:4
warning | PreCheck/SchemaMissingType | The schema 'SecretListResult' with an undefined type and declared properties is a bit ambiguous. This has been auto-corrected to 'type:object'
    - openapi-document.json:563:4
warning | PreCheck/SchemaMissingType | The schema 'CloudError' with an undefined type and declared properties is a bit ambiguous. This has been auto-corrected to 'type:object'
    - openapi-document.json:855:4
warning | PreCheck/SchemaMissingType | The schema 'CloudErrorBody' with an undefined type and declared properties is a bit ambiguous. This has been auto-corrected to 'type:object'
    - openapi-document.json:877:4
warning | PreCheck/SchemaMissingType | The schema 'Sku' with an undefined type and declared properties is a bit ambiguous. This has been auto-corrected to 'type:object'
    - openapi-document.json:938:4
warning | PreCheck/SchemaMissingType | The schema 'AccessPolicyEntry' with an undefined type and declared properties is a bit ambiguous. This has been auto-corrected to 'type:object'
    - openapi-document.json:977:4
warning | PreCheck/SchemaMissingType | The schema 'Permissions' with an undefined type and declared properties is a bit ambiguous. This has been auto-corrected to 'type:object'
    - openapi-document.json:1069:4
warning | PreCheck/SchemaMissingType | The schema 'VaultProperties' with an undefined type and declared properties is a bit ambiguous. This has been auto-corrected to 'type:object'
    - openapi-document.json:1199:4
warning | PreCheck/SchemaMissingType | The schema 'VaultPatchProperties' with an undefined type and declared properties is a bit ambiguous. This has been auto-corrected to 'type:object'
    - openapi-document.json:1414:4
warning | PreCheck/SchemaMissingType | The schema 'VaultAccessPolicyProperties' with an undefined type and declared properties is a bit ambiguous. This has been auto-corrected to 'type:object'
    - openapi-document.json:1540:4
warning | PreCheck/SchemaMissingType | The schema 'DeletedVaultProperties' with an undefined type and declared properties is a bit ambiguous. This has been auto-corrected to 'type:object'
    - openapi-document.json:1585:4
warning | PreCheck/SchemaMissingType | The schema 'VaultCreateOrUpdateParameters' with an undefined type and declared properties is a bit ambiguous. This has been auto-corrected to 'type:object'
    - openapi-document.json:1747:4
warning | PreCheck/SchemaMissingType | The schema 'VaultPatchParameters' with an undefined type and declared properties is a bit ambiguous. This has been auto-corrected to 'type:object'
    - openapi-document.json:1838:4
warning | PreCheck/SchemaMissingType | The schema 'VaultAccessPolicyParameters' with an undefined type and declared properties is a bit ambiguous. This has been auto-corrected to 'type:object'
    - openapi-document.json:1904:4
warning | PreCheck/SchemaMissingType | The schema 'Vault' with an undefined type and declared properties is a bit ambiguous. This has been auto-corrected to 'type:object'
    - openapi-document.json:2022:4
warning | PreCheck/SchemaMissingType | The schema 'DeletedVault' with an undefined type and declared properties is a bit ambiguous. This has been auto-corrected to 'type:object'
    - openapi-document.json:2181:4
warning | PreCheck/SchemaMissingType | The schema 'VaultListResult' with an undefined type and declared properties is a bit ambiguous. This has been auto-corrected to 'type:object'
    - openapi-document.json:2272:4
warning | PreCheck/SchemaMissingType | The schema 'DeletedVaultListResult' with an undefined type and declared properties is a bit ambiguous. This has been auto-corrected to 'type:object'
    - openapi-document.json:2335:4
warning | PreCheck/SchemaMissingType | The schema 'ResourceListResult' with an undefined type and declared properties is a bit ambiguous. This has been auto-corrected to 'type:object'
    - openapi-document.json:2398:4
warning | PreCheck/SchemaMissingType | The schema 'Resource' with an undefined type and declared properties is a bit ambiguous. This has been auto-corrected to 'type:object'
    - openapi-document.json:2461:4
warning | PreCheck/SchemaMissingType | The schema 'VaultCheckNameAvailabilityParameters' with an undefined type and declared properties is a bit ambiguous. This has been auto-corrected to 'type:object'
    - openapi-document.json:2617:4
warning | PreCheck/SchemaMissingType | The schema 'CheckNameAvailabilityResult' with an undefined type and declared properties is a bit ambiguous. This has been auto-corrected to 'type:object'
    - openapi-document.json:2668:4
warning | PreCheck/SchemaMissingType | The schema 'NetworkRuleSet' with an undefined type and declared properties is a bit ambiguous. This has been auto-corrected to 'type:object'
    - openapi-document.json:2723:4
warning | PreCheck/SchemaMissingType | The schema 'IPRule' with an undefined type and declared properties is a bit ambiguous. This has been auto-corrected to 'type:object'
    - openapi-document.json:2805:4
warning | PreCheck/SchemaMissingType | The schema 'VirtualNetworkRule' with an undefined type and declared properties is a bit ambiguous. This has been auto-corrected to 'type:object'
    - openapi-document.json:2847:4
warning | PreCheck/SchemaMissingType | The schema 'PrivateEndpointConnectionItem' with an undefined type and declared properties is a bit ambiguous. This has been auto-corrected to 'type:object'
    - openapi-document.json:2893:4
warning | PreCheck/SchemaMissingType | The schema 'PrivateEndpointConnection' with an undefined type and declared properties is a bit ambiguous. This has been auto-corrected to 'type:object'
    - openapi-document.json:2958:4
warning | PreCheck/SchemaMissingType | The schema 'PrivateEndpointConnectionProperties' with an undefined type and declared properties is a bit ambiguous. This has been auto-corrected to 'type:object'
    - openapi-document.json:3008:4
warning | PreCheck/SchemaMissingType | The schema 'PrivateEndpoint' with an undefined type and declared properties is a bit ambiguous. This has been auto-corrected to 'type:object'
    - openapi-document.json:3038:4
warning | PreCheck/SchemaMissingType | The schema 'PrivateLinkServiceConnectionState' with an undefined type and declared properties is a bit ambiguous. This has been auto-corrected to 'type:object'
    - openapi-document.json:3079:4
warning | PreCheck/SchemaMissingType | The schema 'PrivateLinkResourceListResult' with an undefined type and declared properties is a bit ambiguous. This has been auto-corrected to 'type:object'
    - openapi-document.json:3143:4
warning | PreCheck/SchemaMissingType | The schema 'PrivateLinkResource' with an undefined type and declared properties is a bit ambiguous. This has been auto-corrected to 'type:object'
    - openapi-document.json:3185:4
warning | PreCheck/SchemaMissingType | The schema 'PrivateLinkResourceProperties' with an undefined type and declared properties is a bit ambiguous. This has been auto-corrected to 'type:object'
    - openapi-document.json:3213:4
warning | PreCheck/SchemaMissingType | The schema 'OperationListResult' with an undefined type and declared properties is a bit ambiguous. This has been auto-corrected to 'type:object'
    - openapi-document.json:3777:4
warning | PreCheck/SchemaMissingType | The schema 'Operation-display' with an undefined type and declared properties is a bit ambiguous. This has been auto-corrected to 'type:object'
    - openapi-document.json:3898:4
warning | PreCheck/SchemaMissingType | The schema 'OperationProperties' with an undefined type and declared properties is a bit ambiguous. This has been auto-corrected to 'type:object'
    - openapi-document.json:4020:4
warning | PreCheck/SchemaMissingType | The schema 'ServiceSpecification' with an undefined type and declared properties is a bit ambiguous. This has been auto-corrected to 'type:object'
    - openapi-document.json:4042:4
warning | PreCheck/SchemaMissingType | The schema 'LogSpecification' with an undefined type and declared properties is a bit ambiguous. This has been auto-corrected to 'type:object'
    - openapi-document.json:4108:4
warning | PreCheck/SchemaMissingType | The schema 'MetricSpecification' with an undefined type and declared properties is a bit ambiguous. This has been auto-corrected to 'type:object'
    - openapi-document.json:4189:4
warning | PreCheck/SchemaMissingType | The schema 'DimensionProperties' with an undefined type and declared properties is a bit ambiguous. This has been auto-corrected to 'type:object'
    - openapi-document.json:4462:4
warning | PreCheck/SchemaMissingType | The schema 'CloudError' with an undefined type and declared properties is a bit ambiguous. This has been auto-corrected to 'type:object'
    - openapi-document.json:4526:4
warning | PreCheck/SchemaMissingType | The schema 'CloudErrorBody' with an undefined type and declared properties is a bit ambiguous. This has been auto-corrected to 'type:object'
    - openapi-document.json:4548:4
warning | PreCheck/SchemaMissingType | The schema 'CloudError' with an undefined type and declared properties is a bit ambiguous. This has been auto-corrected to 'type:object'
    - openapi-document.json:4641:4
warning | PreCheck/SchemaMissingType | The schema 'CloudErrorBody' with an undefined type and declared properties is a bit ambiguous. This has been auto-corrected to 'type:object'
    - openapi-document.json:4663:4
warning | PreCheck/SchemaMissingType | The schema 'Attributes' with an undefined type and declared properties is a bit ambiguous. This has been auto-corrected to 'type:object'
    - openapi-document.json:4724:4
warning | PreCheck/SchemaMissingType | The schema 'KeyProperties' with an undefined type and declared properties is a bit ambiguous. This has been auto-corrected to 'type:object'
    - openapi-document.json:4849:4
warning | PreCheck/SchemaMissingType | The schema 'KeyAttributes' with an undefined type and 'allOf'/'anyOf'/'oneOf' is a bit ambiguous. This has been auto-corrected to 'type:object'
    - openapi-document.json:4982:4
warning | PreCheck/SchemaMissingType | The schema 'KeyCreateParameters' with an undefined type and declared properties is a bit ambiguous. This has been auto-corrected to 'type:object'
    - openapi-document.json:5003:4
warning | PreCheck/SchemaMissingType | The schema 'Key' with an undefined type and declared properties is a bit ambiguous. This has been auto-corrected to 'type:object'
    - openapi-document.json:5072:4
warning | PreCheck/SchemaMissingType | The schema 'KeyListResult' with an undefined type and declared properties is a bit ambiguous. This has been auto-corrected to 'type:object'
    - openapi-document.json:5103:4
warning | PreCheck/CheckDuplicateSchemas | Checking for duplicate schemas, this could take a (long) while.  Run with --verbose for more detail.
warning | PreCheck/DuplicateSchema | Duplicate Schema named 'Attributes' (6 differences):
  - properties.enabled.description: "Determines whether the object is enabled." => "Determines whether or not the object is enabled."
  - properties.nbf.$ref: "#/components/schemas/schemas:5" => "#/components/schemas/schemas:235"
  - properties.exp.$ref: "#/components/schemas/schemas:6" => "#/components/schemas/schemas:236"
  - properties.created.$ref: "#/components/schemas/schemas:7" => "#/components/schemas/schemas:237"
  - properties.updated.$ref: "#/components/schemas/schemas:8" => "#/components/schemas/schemas:238"
  - properties.recoveryLevel: <none> => {"x-ms-enum":{"name":"DeletionRecoveryLevel","modelAsString":true},"$ref":"#/components/schemas/DeletionRecoveryLevel","description":"The deletion recovery level currently in effect for the object. If it contains 'Purgeable', then the object can be permanently deleted by a privileged user; otherwise, only the system can purge the object at the end of the retention interval.","readOnly":true}
warning | PreNamer/DeduplicateName | Deduplicating schema name: 'Attributes' -> 'AttributesAutoGenerated'
info    | autorest.bicep took 3ms
info    | Processing batch task - {"tag":"microsoft.keyvault-2021-06-01-preview"} .
info    |    Loading local AutoRest extension '@autorest/bicep' (/home/runner/work/bicep-types-az/bicep-types-az/src/autorest.bicep)
info    |    Loading AutoRest extension '@autorest/modelerfour' (*->4.22.3)
warning | SkippedSemanticValidation | Semantic validation was skipped.
warning | PreCheck/SchemaMissingType | The schema 'CloudError' with an undefined type and declared properties is a bit ambiguous. This has been auto-corrected to 'type:object'
    - openapi-document.json:4:4
warning | PreCheck/SchemaMissingType | The schema 'CloudErrorBody' with an undefined type and declared properties is a bit ambiguous. This has been auto-corrected to 'type:object'
    - openapi-document.json:26:4
warning | PreCheck/SchemaMissingType | The schema 'SystemData' with an undefined type and declared properties is a bit ambiguous. This has been auto-corrected to 'type:object'
    - openapi-document.json:87:4
warning | PreCheck/SchemaMissingType | The schema 'Sku' with an undefined type and declared properties is a bit ambiguous. This has been auto-corrected to 'type:object'
    - openapi-document.json:1227:4
warning | PreCheck/SchemaMissingType | The schema 'AccessPolicyEntry' with an undefined type and declared properties is a bit ambiguous. This has been auto-corrected to 'type:object'
    - openapi-document.json:1266:4
warning | PreCheck/SchemaMissingType | The schema 'Permissions' with an undefined type and declared properties is a bit ambiguous. This has been auto-corrected to 'type:object'
    - openapi-document.json:1358:4
warning | PreCheck/SchemaMissingType | The schema 'VaultProperties' with an undefined type and declared properties is a bit ambiguous. This has been auto-corrected to 'type:object'
    - openapi-document.json:1488:4
warning | PreCheck/SchemaMissingType | The schema 'VaultPatchProperties' with an undefined type and declared properties is a bit ambiguous. This has been auto-corrected to 'type:object'
    - openapi-document.json:1725:4
warning | PreCheck/SchemaMissingType | The schema 'VaultAccessPolicyProperties' with an undefined type and declared properties is a bit ambiguous. This has been auto-corrected to 'type:object'
    - openapi-document.json:1872:4
warning | PreCheck/SchemaMissingType | The schema 'DeletedVaultProperties' with an undefined type and declared properties is a bit ambiguous. This has been auto-corrected to 'type:object'
    - openapi-document.json:1917:4
warning | PreCheck/SchemaMissingType | The schema 'VaultCreateOrUpdateParameters' with an undefined type and declared properties is a bit ambiguous. This has been auto-corrected to 'type:object'
    - openapi-document.json:2079:4
warning | PreCheck/SchemaMissingType | The schema 'VaultPatchParameters' with an undefined type and declared properties is a bit ambiguous. This has been auto-corrected to 'type:object'
    - openapi-document.json:2170:4
warning | PreCheck/SchemaMissingType | The schema 'VaultAccessPolicyParameters' with an undefined type and declared properties is a bit ambiguous. This has been auto-corrected to 'type:object'
    - openapi-document.json:2236:4
warning | PreCheck/SchemaMissingType | The schema 'Vault' with an undefined type and declared properties is a bit ambiguous. This has been auto-corrected to 'type:object'
    - openapi-document.json:2354:4
warning | PreCheck/SchemaMissingType | The schema 'DeletedVault' with an undefined type and declared properties is a bit ambiguous. This has been auto-corrected to 'type:object'
    - openapi-document.json:2517:4
warning | PreCheck/SchemaMissingType | The schema 'VaultListResult' with an undefined type and declared properties is a bit ambiguous. This has been auto-corrected to 'type:object'
    - openapi-document.json:2608:4
warning | PreCheck/SchemaMissingType | The schema 'DeletedVaultListResult' with an undefined type and declared properties is a bit ambiguous. This has been auto-corrected to 'type:object'
    - openapi-document.json:2671:4
warning | PreCheck/SchemaMissingType | The schema 'ResourceListResult' with an undefined type and declared properties is a bit ambiguous. This has been auto-corrected to 'type:object'
    - openapi-document.json:2734:4
warning | PreCheck/SchemaMissingType | The schema 'Resource' with an undefined type and declared properties is a bit ambiguous. This has been auto-corrected to 'type:object'
    - openapi-document.json:2797:4
warning | PreCheck/SchemaMissingType | The schema 'VaultCheckNameAvailabilityParameters' with an undefined type and declared properties is a bit ambiguous. This has been auto-corrected to 'type:object'
    - openapi-document.json:2953:4
warning | PreCheck/SchemaMissingType | The schema 'CheckNameAvailabilityResult' with an undefined type and declared properties is a bit ambiguous. This has been auto-corrected to 'type:object'
    - openapi-document.json:3004:4
warning | PreCheck/SchemaMissingType | The schema 'NetworkRuleSet' with an undefined type and declared properties is a bit ambiguous. This has been auto-corrected to 'type:object'
    - openapi-document.json:3059:4
warning | PreCheck/SchemaMissingType | The schema 'IPRule' with an undefined type and declared properties is a bit ambiguous. This has been auto-corrected to 'type:object'
    - openapi-document.json:3141:4
warning | PreCheck/SchemaMissingType | The schema 'VirtualNetworkRule' with an undefined type and declared properties is a bit ambiguous. This has been auto-corrected to 'type:object'
    - openapi-document.json:3183:4
warning | PreCheck/SchemaMissingType | The schema 'PrivateEndpointConnectionItem' with an undefined type and declared properties is a bit ambiguous. This has been auto-corrected to 'type:object'
    - openapi-document.json:3229:4
warning | PreCheck/SchemaMissingType | The schema 'PrivateEndpointConnection' with an undefined type and declared properties is a bit ambiguous. This has been auto-corrected to 'type:object'
    - openapi-document.json:3294:4
warning | PreCheck/SchemaMissingType | The schema 'PrivateEndpointConnectionListResult' with an undefined type and declared properties is a bit ambiguous. This has been auto-corrected to 'type:object'
    - openapi-document.json:3344:4
warning | PreCheck/SchemaMissingType | The schema 'PrivateEndpointConnectionProperties' with an undefined type and declared properties is a bit ambiguous. This has been auto-corrected to 'type:object'
    - openapi-document.json:3407:4
warning | PreCheck/SchemaMissingType | The schema 'PrivateEndpoint' with an undefined type and declared properties is a bit ambiguous. This has been auto-corrected to 'type:object'
    - openapi-document.json:3437:4
warning | PreCheck/SchemaMissingType | The schema 'PrivateLinkServiceConnectionState' with an undefined type and declared properties is a bit ambiguous. This has been auto-corrected to 'type:object'
    - openapi-document.json:3478:4
warning | PreCheck/SchemaMissingType | The schema 'PrivateLinkResourceListResult' with an undefined type and declared properties is a bit ambiguous. This has been auto-corrected to 'type:object'
    - openapi-document.json:3529:4
warning | PreCheck/SchemaMissingType | The schema 'PrivateLinkResource' with an undefined type and declared properties is a bit ambiguous. This has been auto-corrected to 'type:object'
    - openapi-document.json:3571:4
warning | PreCheck/SchemaMissingType | The schema 'PrivateLinkResourceProperties' with an undefined type and declared properties is a bit ambiguous. This has been auto-corrected to 'type:object'
    - openapi-document.json:3599:4
warning | PreCheck/SchemaMissingType | The schema 'ManagedHsmSku' with an undefined type and declared properties is a bit ambiguous. This has been auto-corrected to 'type:object'
    - openapi-document.json:4163:4
warning | PreCheck/SchemaMissingType | The schema 'ManagedHsmProperties' with an undefined type and declared properties is a bit ambiguous. This has been auto-corrected to 'type:object'
    - openapi-document.json:4202:4
warning | PreCheck/SchemaMissingType | The schema 'ManagedHsm' with an undefined type and declared properties is a bit ambiguous. This has been auto-corrected to 'type:object'
    - openapi-document.json:4484:4
warning | PreCheck/SchemaMissingType | The schema 'ManagedHsmResource' with an undefined type and declared properties is a bit ambiguous. This has been auto-corrected to 'type:object'
    - openapi-document.json:4511:4
warning | PreCheck/SchemaMissingType | The schema 'ManagedHsmListResult' with an undefined type and declared properties is a bit ambiguous. This has been auto-corrected to 'type:object'
    - openapi-document.json:4678:4
warning | PreCheck/SchemaMissingType | The schema 'MHSMPrivateEndpointConnectionsListResult' with an undefined type and declared properties is a bit ambiguous. This has been auto-corrected to 'type:object'
    - openapi-document.json:4741:4
warning | PreCheck/SchemaMissingType | The schema 'ManagedHsmError' with an undefined type and declared properties is a bit ambiguous. This has been auto-corrected to 'type:object'
    - openapi-document.json:4804:4
warning | PreCheck/SchemaMissingType | The schema 'Error' with an undefined type and declared properties is a bit ambiguous. This has been auto-corrected to 'type:object'
    - openapi-document.json:4827:4
warning | PreCheck/SchemaMissingType | The schema 'DeletedManagedHsm' with an undefined type and declared properties is a bit ambiguous. This has been auto-corrected to 'type:object'
    - openapi-document.json:4897:4
warning | PreCheck/SchemaMissingType | The schema 'DeletedManagedHsmProperties' with an undefined type and declared properties is a bit ambiguous. This has been auto-corrected to 'type:object'
    - openapi-document.json:4987:4
warning | PreCheck/SchemaMissingType | The schema 'DeletedManagedHsmListResult' with an undefined type and declared properties is a bit ambiguous. This has been auto-corrected to 'type:object'
    - openapi-document.json:5149:4
warning | PreCheck/SchemaMissingType | The schema 'MHSMNetworkRuleSet' with an undefined type and declared properties is a bit ambiguous. This has been auto-corrected to 'type:object'
    - openapi-document.json:5212:4
warning | PreCheck/SchemaMissingType | The schema 'MHSMIPRule' with an undefined type and declared properties is a bit ambiguous. This has been auto-corrected to 'type:object'
    - openapi-document.json:5294:4
warning | PreCheck/SchemaMissingType | The schema 'MHSMVirtualNetworkRule' with an undefined type and declared properties is a bit ambiguous. This has been auto-corrected to 'type:object'
    - openapi-document.json:5336:4
warning | PreCheck/SchemaMissingType | The schema 'MHSMPrivateEndpointConnectionItem' with an undefined type and declared properties is a bit ambiguous. This has been auto-corrected to 'type:object'
    - openapi-document.json:5378:4
warning | PreCheck/SchemaMissingType | The schema 'MHSMPrivateEndpointConnection' with an undefined type and declared properties is a bit ambiguous. This has been auto-corrected to 'type:object'
    - openapi-document.json:5401:4
warning | PreCheck/SchemaMissingType | The schema 'MHSMPrivateEndpointConnectionProperties' with an undefined type and declared properties is a bit ambiguous. This has been auto-corrected to 'type:object'
    - openapi-document.json:5451:4
warning | PreCheck/SchemaMissingType | The schema 'MHSMPrivateEndpoint' with an undefined type and declared properties is a bit ambiguous. This has been auto-corrected to 'type:object'
    - openapi-document.json:5481:4
warning | PreCheck/SchemaMissingType | The schema 'MHSMPrivateLinkServiceConnectionState' with an undefined type and declared properties is a bit ambiguous. This has been auto-corrected to 'type:object'
    - openapi-document.json:5522:4
warning | PreCheck/SchemaMissingType | The schema 'MHSMPrivateLinkResourceListResult' with an undefined type and declared properties is a bit ambiguous. This has been auto-corrected to 'type:object'
    - openapi-document.json:5573:4
warning | PreCheck/SchemaMissingType | The schema 'MHSMPrivateLinkResource' with an undefined type and declared properties is a bit ambiguous. This has been auto-corrected to 'type:object'
    - openapi-document.json:5615:4
warning | PreCheck/SchemaMissingType | The schema 'MHSMPrivateLinkResourceProperties' with an undefined type and declared properties is a bit ambiguous. This has been auto-corrected to 'type:object'
    - openapi-document.json:5643:4
warning | PreCheck/SchemaMissingType | The schema 'OperationListResult' with an undefined type and declared properties is a bit ambiguous. This has been auto-corrected to 'type:object'
    - openapi-document.json:6138:4
warning | PreCheck/SchemaMissingType | The schema 'Operation-display' with an undefined type and declared properties is a bit ambiguous. This has been auto-corrected to 'type:object'
    - openapi-document.json:6259:4
warning | PreCheck/SchemaMissingType | The schema 'OperationProperties' with an undefined type and declared properties is a bit ambiguous. This has been auto-corrected to 'type:object'
    - openapi-document.json:6381:4
warning | PreCheck/SchemaMissingType | The schema 'ServiceSpecification' with an undefined type and declared properties is a bit ambiguous. This has been auto-corrected to 'type:object'
    - openapi-document.json:6403:4
warning | PreCheck/SchemaMissingType | The schema 'LogSpecification' with an undefined type and declared properties is a bit ambiguous. This has been auto-corrected to 'type:object'
    - openapi-document.json:6469:4
warning | PreCheck/SchemaMissingType | The schema 'MetricSpecification' with an undefined type and declared properties is a bit ambiguous. This has been auto-corrected to 'type:object'
    - openapi-document.json:6550:4
warning | PreCheck/SchemaMissingType | The schema 'DimensionProperties' with an undefined type and declared properties is a bit ambiguous. This has been auto-corrected to 'type:object'
    - openapi-document.json:6823:4
warning | PreCheck/CheckDuplicateSchemas | Checking for duplicate schemas, this could take a (long) while.  Run with --verbose for more detail.
warning | UnkownSecurityScheme | Security scheme azure_auth is unknown and will not be processed. Only supported types are AADToken,AzureKey,Anonymous
warning | Unrecognized property type: byte-array. Returning 'any'.
info    | autorest.bicep took 5ms
info    | Processing batch task - {"tag":"microsoft.keyvault-2021-04-01-preview"} .
info    |    Loading local AutoRest extension '@autorest/bicep' (/home/runner/work/bicep-types-az/bicep-types-az/src/autorest.bicep)
info    |    Loading AutoRest extension '@autorest/modelerfour' (*->4.22.3)
warning | SkippedSemanticValidation | Semantic validation was skipped.
warning | PreCheck/SchemaMissingType | The schema 'CloudError' with an undefined type and declared properties is a bit ambiguous. This has been auto-corrected to 'type:object'
    - openapi-document.json:4:4
warning | PreCheck/SchemaMissingType | The schema 'CloudErrorBody' with an undefined type and declared properties is a bit ambiguous. This has been auto-corrected to 'type:object'
    - openapi-document.json:26:4
warning | PreCheck/SchemaMissingType | The schema 'SystemData' with an undefined type and declared properties is a bit ambiguous. This has been auto-corrected to 'type:object'
    - openapi-document.json:87:4
warning | PreCheck/SchemaMissingType | The schema 'Sku' with an undefined type and declared properties is a bit ambiguous. This has been auto-corrected to 'type:object'
    - openapi-document.json:200:4
warning | PreCheck/SchemaMissingType | The schema 'AccessPolicyEntry' with an undefined type and declared properties is a bit ambiguous. This has been auto-corrected to 'type:object'
    - openapi-document.json:239:4
warning | PreCheck/SchemaMissingType | The schema 'Permissions' with an undefined type and declared properties is a bit ambiguous. This has been auto-corrected to 'type:object'
    - openapi-document.json:331:4
warning | PreCheck/SchemaMissingType | The schema 'VaultProperties' with an undefined type and declared properties is a bit ambiguous. This has been auto-corrected to 'type:object'
    - openapi-document.json:461:4
warning | PreCheck/SchemaMissingType | The schema 'VaultPatchProperties' with an undefined type and declared properties is a bit ambiguous. This has been auto-corrected to 'type:object'
    - openapi-document.json:676:4
warning | PreCheck/SchemaMissingType | The schema 'VaultAccessPolicyProperties' with an undefined type and declared properties is a bit ambiguous. This has been auto-corrected to 'type:object'
    - openapi-document.json:802:4
warning | PreCheck/SchemaMissingType | The schema 'DeletedVaultProperties' with an undefined type and declared properties is a bit ambiguous. This has been auto-corrected to 'type:object'
    - openapi-document.json:847:4
warning | PreCheck/SchemaMissingType | The schema 'VaultCreateOrUpdateParameters' with an undefined type and declared properties is a bit ambiguous. This has been auto-corrected to 'type:object'
    - openapi-document.json:1009:4
warning | PreCheck/SchemaMissingType | The schema 'VaultPatchParameters' with an undefined type and declared properties is a bit ambiguous. This has been auto-corrected to 'type:object'
    - openapi-document.json:1100:4
warning | PreCheck/SchemaMissingType | The schema 'VaultAccessPolicyParameters' with an undefined type and declared properties is a bit ambiguous. This has been auto-corrected to 'type:object'
    - openapi-document.json:1166:4
warning | PreCheck/SchemaMissingType | The schema 'Vault' with an undefined type and declared properties is a bit ambiguous. This has been auto-corrected to 'type:object'
    - openapi-document.json:1284:4
warning | PreCheck/SchemaMissingType | The schema 'DeletedVault' with an undefined type and declared properties is a bit ambiguous. This has been auto-corrected to 'type:object'
    - openapi-document.json:1447:4
warning | PreCheck/SchemaMissingType | The schema 'VaultListResult' with an undefined type and declared properties is a bit ambiguous. This has been auto-corrected to 'type:object'
    - openapi-document.json:1538:4
warning | PreCheck/SchemaMissingType | The schema 'DeletedVaultListResult' with an undefined type and declared properties is a bit ambiguous. This has been auto-corrected to 'type:object'
    - openapi-document.json:1601:4
warning | PreCheck/SchemaMissingType | The schema 'ResourceListResult' with an undefined type and declared properties is a bit ambiguous. This has been auto-corrected to 'type:object'
    - openapi-document.json:1664:4
warning | PreCheck/SchemaMissingType | The schema 'Resource' with an undefined type and declared properties is a bit ambiguous. This has been auto-corrected to 'type:object'
    - openapi-document.json:1727:4
warning | PreCheck/SchemaMissingType | The schema 'VaultCheckNameAvailabilityParameters' with an undefined type and declared properties is a bit ambiguous. This has been auto-corrected to 'type:object'
    - openapi-document.json:1883:4
warning | PreCheck/SchemaMissingType | The schema 'CheckNameAvailabilityResult' with an undefined type and declared properties is a bit ambiguous. This has been auto-corrected to 'type:object'
    - openapi-document.json:1934:4
warning | PreCheck/SchemaMissingType | The schema 'NetworkRuleSet' with an undefined type and declared properties is a bit ambiguous. This has been auto-corrected to 'type:object'
    - openapi-document.json:1989:4
warning | PreCheck/SchemaMissingType | The schema 'IPRule' with an undefined type and declared properties is a bit ambiguous. This has been auto-corrected to 'type:object'
    - openapi-document.json:2071:4
warning | PreCheck/SchemaMissingType | The schema 'VirtualNetworkRule' with an undefined type and declared properties is a bit ambiguous. This has been auto-corrected to 'type:object'
    - openapi-document.json:2113:4
warning | PreCheck/SchemaMissingType | The schema 'PrivateEndpointConnectionItem' with an undefined type and declared properties is a bit ambiguous. This has been auto-corrected to 'type:object'
    - openapi-document.json:2159:4
warning | PreCheck/SchemaMissingType | The schema 'PrivateEndpointConnection' with an undefined type and declared properties is a bit ambiguous. This has been auto-corrected to 'type:object'
    - openapi-document.json:2224:4
warning | PreCheck/SchemaMissingType | The schema 'PrivateEndpointConnectionListResult' with an undefined type and declared properties is a bit ambiguous. This has been auto-corrected to 'type:object'
    - openapi-document.json:2274:4
warning | PreCheck/SchemaMissingType | The schema 'PrivateEndpointConnectionProperties' with an undefined type and declared properties is a bit ambiguous. This has been auto-corrected to 'type:object'
    - openapi-document.json:2337:4
warning | PreCheck/SchemaMissingType | The schema 'PrivateEndpoint' with an undefined type and declared properties is a bit ambiguous. This has been auto-corrected to 'type:object'
    - openapi-document.json:2367:4
warning | PreCheck/SchemaMissingType | The schema 'PrivateLinkServiceConnectionState' with an undefined type and declared properties is a bit ambiguous. This has been auto-corrected to 'type:object'
    - openapi-document.json:2408:4
warning | PreCheck/SchemaMissingType | The schema 'PrivateLinkResourceListResult' with an undefined type and declared properties is a bit ambiguous. This has been auto-corrected to 'type:object'
    - openapi-document.json:2459:4
warning | PreCheck/SchemaMissingType | The schema 'PrivateLinkResource' with an undefined type and declared properties is a bit ambiguous. This has been auto-corrected to 'type:object'
    - openapi-document.json:2501:4
warning | PreCheck/SchemaMissingType | The schema 'PrivateLinkResourceProperties' with an undefined type and declared properties is a bit ambiguous. This has been auto-corrected to 'type:object'
    - openapi-document.json:2529:4
warning | PreCheck/SchemaMissingType | The schema 'ManagedHsmSku' with an undefined type and declared properties is a bit ambiguous. This has been auto-corrected to 'type:object'
    - openapi-document.json:3093:4
warning | PreCheck/SchemaMissingType | The schema 'ManagedHsmProperties' with an undefined type and declared properties is a bit ambiguous. This has been auto-corrected to 'type:object'
    - openapi-document.json:3132:4
warning | PreCheck/SchemaMissingType | The schema 'ManagedHsm' with an undefined type and declared properties is a bit ambiguous. This has been auto-corrected to 'type:object'
    - openapi-document.json:3414:4
warning | PreCheck/SchemaMissingType | The schema 'ManagedHsmResource' with an undefined type and declared properties is a bit ambiguous. This has been auto-corrected to 'type:object'
    - openapi-document.json:3441:4
warning | PreCheck/SchemaMissingType | The schema 'ManagedHsmListResult' with an undefined type and declared properties is a bit ambiguous. This has been auto-corrected to 'type:object'
    - openapi-document.json:3608:4
warning | PreCheck/SchemaMissingType | The schema 'MHSMPrivateEndpointConnectionsListResult' with an undefined type and declared properties is a bit ambiguous. This has been auto-corrected to 'type:object'
    - openapi-document.json:3671:4
warning | PreCheck/SchemaMissingType | The schema 'ManagedHsmError' with an undefined type and declared properties is a bit ambiguous. This has been auto-corrected to 'type:object'
    - openapi-document.json:3734:4
warning | PreCheck/SchemaMissingType | The schema 'Error' with an undefined type and declared properties is a bit ambiguous. This has been auto-corrected to 'type:object'
    - openapi-document.json:3757:4
warning | PreCheck/SchemaMissingType | The schema 'DeletedManagedHsm' with an undefined type and declared properties is a bit ambiguous. This has been auto-corrected to 'type:object'
    - openapi-document.json:3827:4
warning | PreCheck/SchemaMissingType | The schema 'DeletedManagedHsmProperties' with an undefined type and declared properties is a bit ambiguous. This has been auto-corrected to 'type:object'
    - openapi-document.json:3917:4
warning | PreCheck/SchemaMissingType | The schema 'DeletedManagedHsmListResult' with an undefined type and declared properties is a bit ambiguous. This has been auto-corrected to 'type:object'
    - openapi-document.json:4079:4
warning | PreCheck/SchemaMissingType | The schema 'MHSMNetworkRuleSet' with an undefined type and declared properties is a bit ambiguous. This has been auto-corrected to 'type:object'
    - openapi-document.json:4142:4
warning | PreCheck/SchemaMissingType | The schema 'MHSMIPRule' with an undefined type and declared properties is a bit ambiguous. This has been auto-corrected to 'type:object'
    - openapi-document.json:4224:4
warning | PreCheck/SchemaMissingType | The schema 'MHSMVirtualNetworkRule' with an undefined type and declared properties is a bit ambiguous. This has been auto-corrected to 'type:object'
    - openapi-document.json:4266:4
warning | PreCheck/SchemaMissingType | The schema 'MHSMPrivateEndpointConnectionItem' with an undefined type and declared properties is a bit ambiguous. This has been auto-corrected to 'type:object'
    - openapi-document.json:4308:4
warning | PreCheck/SchemaMissingType | The schema 'MHSMPrivateEndpointConnection' with an undefined type and declared properties is a bit ambiguous. This has been auto-corrected to 'type:object'
    - openapi-document.json:4331:4
warning | PreCheck/SchemaMissingType | The schema 'MHSMPrivateEndpointConnectionProperties' with an undefined type and declared properties is a bit ambiguous. This has been auto-corrected to 'type:object'
    - openapi-document.json:4381:4
warning | PreCheck/SchemaMissingType | The schema 'MHSMPrivateEndpoint' with an undefined type and declared properties is a bit ambiguous. This has been auto-corrected to 'type:object'
    - openapi-document.json:4411:4
warning | PreCheck/SchemaMissingType | The schema 'MHSMPrivateLinkServiceConnectionState' with an undefined type and declared properties is a bit ambiguous. This has been auto-corrected to 'type:object'
    - openapi-document.json:4452:4
warning | PreCheck/SchemaMissingType | The schema 'MHSMPrivateLinkResourceListResult' with an undefined type and declared properties is a bit ambiguous. This has been auto-corrected to 'type:object'
    - openapi-document.json:4503:4
warning | PreCheck/SchemaMissingType | The schema 'MHSMPrivateLinkResource' with an undefined type and declared properties is a bit ambiguous. This has been auto-corrected to 'type:object'
    - openapi-document.json:4545:4
warning | PreCheck/SchemaMissingType | The schema 'MHSMPrivateLinkResourceProperties' with an undefined type and declared properties is a bit ambiguous. This has been auto-corrected to 'type:object'
    - openapi-document.json:4573:4
warning | PreCheck/SchemaMissingType | The schema 'OperationListResult' with an undefined type and declared properties is a bit ambiguous. This has been auto-corrected to 'type:object'
    - openapi-document.json:5068:4
warning | PreCheck/SchemaMissingType | The schema 'Operation-display' with an undefined type and declared properties is a bit ambiguous. This has been auto-corrected to 'type:object'
    - openapi-document.json:5189:4
warning | PreCheck/SchemaMissingType | The schema 'OperationProperties' with an undefined type and declared properties is a bit ambiguous. This has been auto-corrected to 'type:object'
    - openapi-document.json:5311:4
warning | PreCheck/SchemaMissingType | The schema 'ServiceSpecification' with an undefined type and declared properties is a bit ambiguous. This has been auto-corrected to 'type:object'
    - openapi-document.json:5333:4
warning | PreCheck/SchemaMissingType | The schema 'LogSpecification' with an undefined type and declared properties is a bit ambiguous. This has been auto-corrected to 'type:object'
    - openapi-document.json:5399:4
warning | PreCheck/SchemaMissingType | The schema 'MetricSpecification' with an undefined type and declared properties is a bit ambiguous. This has been auto-corrected to 'type:object'
    - openapi-document.json:5480:4
warning | PreCheck/SchemaMissingType | The schema 'DimensionProperties' with an undefined type and declared properties is a bit ambiguous. This has been auto-corrected to 'type:object'
    - openapi-document.json:5753:4
warning | PreCheck/SchemaMissingType | The schema 'KeyProperties' with an undefined type and declared properties is a bit ambiguous. This has been auto-corrected to 'type:object'
    - openapi-document.json:5849:4
warning | PreCheck/SchemaMissingType | The schema 'KeyAttributes' with an undefined type and declared properties is a bit ambiguous. This has been auto-corrected to 'type:object'
    - openapi-document.json:5986:4
warning | PreCheck/SchemaMissingType | The schema 'KeyCreateParameters' with an undefined type and declared properties is a bit ambiguous. This has been auto-corrected to 'type:object'
    - openapi-document.json:6111:4
warning | PreCheck/SchemaMissingType | The schema 'Key' with an undefined type and declared properties is a bit ambiguous. This has been auto-corrected to 'type:object'
    - openapi-document.json:6180:4
warning | PreCheck/SchemaMissingType | The schema 'KeyListResult' with an undefined type and declared properties is a bit ambiguous. This has been auto-corrected to 'type:object'
    - openapi-document.json:6211:4
warning | PreCheck/SchemaMissingType | The schema 'RotationPolicy' with an undefined type and declared properties is a bit ambiguous. This has been auto-corrected to 'type:object'
    - openapi-document.json:6274:4
warning | PreCheck/SchemaMissingType | The schema 'KeyRotationPolicyAttributes' with an undefined type and declared properties is a bit ambiguous. This has been auto-corrected to 'type:object'
    - openapi-document.json:6319:4
warning | PreCheck/SchemaMissingType | The schema 'LifetimeAction' with an undefined type and declared properties is a bit ambiguous. This has been auto-corrected to 'type:object'
    - openapi-document.json:6405:4
warning | PreCheck/SchemaMissingType | The schema 'Trigger' with an undefined type and declared properties is a bit ambiguous. This has been auto-corrected to 'type:object'
    - openapi-document.json:6430:4
warning | PreCheck/SchemaMissingType | The schema 'Action' with an undefined type and declared properties is a bit ambiguous. This has been auto-corrected to 'type:object'
    - openapi-document.json:6489:4
warning | PreCheck/SchemaMissingType | The schema 'Attributes' with an undefined type and declared properties is a bit ambiguous. This has been auto-corrected to 'type:object'
    - openapi-document.json:6796:4
warning | PreCheck/SchemaMissingType | The schema 'SecretProperties' with an undefined type and declared properties is a bit ambiguous. This has been auto-corrected to 'type:object'
    - openapi-document.json:6912:4
warning | PreCheck/SchemaMissingType | The schema 'SecretPatchProperties' with an undefined type and declared properties is a bit ambiguous. This has been auto-corrected to 'type:object'
    - openapi-document.json:7022:4
warning | PreCheck/SchemaMissingType | The schema 'SecretAttributes' with an undefined type and 'allOf'/'anyOf'/'oneOf' is a bit ambiguous. This has been auto-corrected to 'type:object'
    - openapi-document.json:7086:4
warning | PreCheck/SchemaMissingType | The schema 'SecretCreateOrUpdateParameters' with an undefined type and declared properties is a bit ambiguous. This has been auto-corrected to 'type:object'
    - openapi-document.json:7107:4
warning | PreCheck/SchemaMissingType | The schema 'SecretPatchParameters' with an undefined type and declared properties is a bit ambiguous. This has been auto-corrected to 'type:object'
    - openapi-document.json:7176:4
warning | PreCheck/SchemaMissingType | The schema 'Secret' with an undefined type and declared properties is a bit ambiguous. This has been auto-corrected to 'type:object'
    - openapi-document.json:7242:4
warning | PreCheck/SchemaMissingType | The schema 'SecretListResult' with an undefined type and declared properties is a bit ambiguous. This has been auto-corrected to 'type:object'
    - openapi-document.json:7272:4
warning | PreCheck/CheckDuplicateSchemas | Checking for duplicate schemas, this could take a (long) while.  Run with --verbose for more detail.
warning | UnkownSecurityScheme | Security scheme azure_auth is unknown and will not be processed. Only supported types are AADToken,AzureKey,Anonymous
info    | autorest.bicep took 4ms
info    | Processing batch task - {"tag":"microsoft.keyvault-2020-04-01-preview"} .
info    |    Loading local AutoRest extension '@autorest/bicep' (/home/runner/work/bicep-types-az/bicep-types-az/src/autorest.bicep)
info    |    Loading AutoRest extension '@autorest/modelerfour' (*->4.22.3)
warning | SkippedSemanticValidation | Semantic validation was skipped.
warning | PreCheck/SchemaMissingType | The schema 'ManagedHsmSku' with an undefined type and declared properties is a bit ambiguous. This has been auto-corrected to 'type:object'
    - openapi-document.json:131:4
warning | PreCheck/SchemaMissingType | The schema 'ManagedHsmProperties' with an undefined type and declared properties is a bit ambiguous. This has been auto-corrected to 'type:object'
    - openapi-document.json:170:4
warning | PreCheck/SchemaMissingType | The schema 'ManagedHsm' with an undefined type and declared properties is a bit ambiguous. This has been auto-corrected to 'type:object'
    - openapi-document.json:390:4
warning | PreCheck/SchemaMissingType | The schema 'ManagedHsmResource' with an undefined type and declared properties is a bit ambiguous. This has been auto-corrected to 'type:object'
    - openapi-document.json:417:4
warning | PreCheck/SchemaMissingType | The schema 'ManagedHsmListResult' with an undefined type and declared properties is a bit ambiguous. This has been auto-corrected to 'type:object'
    - openapi-document.json:581:4
warning | PreCheck/SchemaMissingType | The schema 'ManagedHsmError' with an undefined type and declared properties is a bit ambiguous. This has been auto-corrected to 'type:object'
    - openapi-document.json:644:4
warning | PreCheck/SchemaMissingType | The schema 'Error' with an undefined type and declared properties is a bit ambiguous. This has been auto-corrected to 'type:object'
    - openapi-document.json:667:4
warning | PreCheck/SchemaMissingType | The schema 'KeyProperties' with an undefined type and declared properties is a bit ambiguous. This has been auto-corrected to 'type:object'
    - openapi-document.json:883:4
warning | PreCheck/SchemaMissingType | The schema 'KeyAttributes' with an undefined type and declared properties is a bit ambiguous. This has been auto-corrected to 'type:object'
    - openapi-document.json:1016:4
warning | PreCheck/SchemaMissingType | The schema 'KeyCreateParameters' with an undefined type and declared properties is a bit ambiguous. This has been auto-corrected to 'type:object'
    - openapi-document.json:1141:4
warning | PreCheck/SchemaMissingType | The schema 'Key' with an undefined type and declared properties is a bit ambiguous. This has been auto-corrected to 'type:object'
    - openapi-document.json:1210:4
warning | PreCheck/SchemaMissingType | The schema 'KeyListResult' with an undefined type and declared properties is a bit ambiguous. This has been auto-corrected to 'type:object'
    - openapi-document.json:1241:4
warning | PreCheck/SchemaMissingType | The schema 'Sku' with an undefined type and declared properties is a bit ambiguous. This has been auto-corrected to 'type:object'
    - openapi-document.json:1586:4
warning | PreCheck/SchemaMissingType | The schema 'AccessPolicyEntry' with an undefined type and declared properties is a bit ambiguous. This has been auto-corrected to 'type:object'
    - openapi-document.json:1625:4
warning | PreCheck/SchemaMissingType | The schema 'Permissions' with an undefined type and declared properties is a bit ambiguous. This has been auto-corrected to 'type:object'
    - openapi-document.json:1717:4
warning | PreCheck/SchemaMissingType | The schema 'VaultProperties' with an undefined type and declared properties is a bit ambiguous. This has been auto-corrected to 'type:object'
    - openapi-document.json:1847:4
warning | PreCheck/SchemaMissingType | The schema 'VaultPatchProperties' with an undefined type and declared properties is a bit ambiguous. This has been auto-corrected to 'type:object'
    - openapi-document.json:2035:4
warning | PreCheck/SchemaMissingType | The schema 'VaultAccessPolicyProperties' with an undefined type and declared properties is a bit ambiguous. This has been auto-corrected to 'type:object'
    - openapi-document.json:2161:4
warning | PreCheck/SchemaMissingType | The schema 'DeletedVaultProperties' with an undefined type and declared properties is a bit ambiguous. This has been auto-corrected to 'type:object'
    - openapi-document.json:2206:4
warning | PreCheck/SchemaMissingType | The schema 'VaultCreateOrUpdateParameters' with an undefined type and declared properties is a bit ambiguous. This has been auto-corrected to 'type:object'
    - openapi-document.json:2368:4
warning | PreCheck/SchemaMissingType | The schema 'VaultPatchParameters' with an undefined type and declared properties is a bit ambiguous. This has been auto-corrected to 'type:object'
    - openapi-document.json:2459:4
warning | PreCheck/SchemaMissingType | The schema 'VaultAccessPolicyParameters' with an undefined type and declared properties is a bit ambiguous. This has been auto-corrected to 'type:object'
    - openapi-document.json:2525:4
warning | PreCheck/SchemaMissingType | The schema 'Vault' with an undefined type and declared properties is a bit ambiguous. This has been auto-corrected to 'type:object'
    - openapi-document.json:2643:4
warning | PreCheck/SchemaMissingType | The schema 'DeletedVault' with an undefined type and declared properties is a bit ambiguous. This has been auto-corrected to 'type:object'
    - openapi-document.json:2806:4
warning | PreCheck/SchemaMissingType | The schema 'VaultListResult' with an undefined type and declared properties is a bit ambiguous. This has been auto-corrected to 'type:object'
    - openapi-document.json:2897:4
warning | PreCheck/SchemaMissingType | The schema 'DeletedVaultListResult' with an undefined type and declared properties is a bit ambiguous. This has been auto-corrected to 'type:object'
    - openapi-document.json:2960:4
warning | PreCheck/SchemaMissingType | The schema 'ResourceListResult' with an undefined type and declared properties is a bit ambiguous. This has been auto-corrected to 'type:object'
    - openapi-document.json:3023:4
warning | PreCheck/SchemaMissingType | The schema 'Resource' with an undefined type and declared properties is a bit ambiguous. This has been auto-corrected to 'type:object'
    - openapi-document.json:3086:4
warning | PreCheck/SchemaMissingType | The schema 'VaultCheckNameAvailabilityParameters' with an undefined type and declared properties is a bit ambiguous. This has been auto-corrected to 'type:object'
    - openapi-document.json:3242:4
warning | PreCheck/SchemaMissingType | The schema 'CheckNameAvailabilityResult' with an undefined type and declared properties is a bit ambiguous. This has been auto-corrected to 'type:object'
    - openapi-document.json:3293:4
warning | PreCheck/SchemaMissingType | The schema 'NetworkRuleSet' with an undefined type and declared properties is a bit ambiguous. This has been auto-corrected to 'type:object'
    - openapi-document.json:3348:4
warning | PreCheck/SchemaMissingType | The schema 'IPRule' with an undefined type and declared properties is a bit ambiguous. This has been auto-corrected to 'type:object'
    - openapi-document.json:3430:4
warning | PreCheck/SchemaMissingType | The schema 'VirtualNetworkRule' with an undefined type and declared properties is a bit ambiguous. This has been auto-corrected to 'type:object'
    - openapi-document.json:3472:4
warning | PreCheck/SchemaMissingType | The schema 'PrivateEndpointConnectionItem' with an undefined type and declared properties is a bit ambiguous. This has been auto-corrected to 'type:object'
    - openapi-document.json:3518:4
warning | PreCheck/SchemaMissingType | The schema 'PrivateEndpointConnection' with an undefined type and declared properties is a bit ambiguous. This has been auto-corrected to 'type:object'
    - openapi-document.json:3583:4
warning | PreCheck/SchemaMissingType | The schema 'PrivateEndpointConnectionProperties' with an undefined type and declared properties is a bit ambiguous. This has been auto-corrected to 'type:object'
    - openapi-document.json:3633:4
warning | PreCheck/SchemaMissingType | The schema 'PrivateEndpoint' with an undefined type and declared properties is a bit ambiguous. This has been auto-corrected to 'type:object'
    - openapi-document.json:3663:4
warning | PreCheck/SchemaMissingType | The schema 'PrivateLinkServiceConnectionState' with an undefined type and declared properties is a bit ambiguous. This has been auto-corrected to 'type:object'
    - openapi-document.json:3704:4
warning | PreCheck/SchemaMissingType | The schema 'PrivateLinkResourceListResult' with an undefined type and declared properties is a bit ambiguous. This has been auto-corrected to 'type:object'
    - openapi-document.json:3755:4
warning | PreCheck/SchemaMissingType | The schema 'PrivateLinkResource' with an undefined type and declared properties is a bit ambiguous. This has been auto-corrected to 'type:object'
    - openapi-document.json:3797:4
warning | PreCheck/SchemaMissingType | The schema 'PrivateLinkResourceProperties' with an undefined type and declared properties is a bit ambiguous. This has been auto-corrected to 'type:object'
    - openapi-document.json:3825:4
warning | PreCheck/SchemaMissingType | The schema 'OperationListResult' with an undefined type and declared properties is a bit ambiguous. This has been auto-corrected to 'type:object'
    - openapi-document.json:4503:4
warning | PreCheck/SchemaMissingType | The schema 'Operation-display' with an undefined type and declared properties is a bit ambiguous. This has been auto-corrected to 'type:object'
    - openapi-document.json:4624:4
warning | PreCheck/SchemaMissingType | The schema 'OperationProperties' with an undefined type and declared properties is a bit ambiguous. This has been auto-corrected to 'type:object'
    - openapi-document.json:4746:4
warning | PreCheck/SchemaMissingType | The schema 'ServiceSpecification' with an undefined type and declared properties is a bit ambiguous. This has been auto-corrected to 'type:object'
    - openapi-document.json:4768:4
warning | PreCheck/SchemaMissingType | The schema 'LogSpecification' with an undefined type and declared properties is a bit ambiguous. This has been auto-corrected to 'type:object'
    - openapi-document.json:4834:4
warning | PreCheck/SchemaMissingType | The schema 'MetricSpecification' with an undefined type and declared properties is a bit ambiguous. This has been auto-corrected to 'type:object'
    - openapi-document.json:4915:4
warning | PreCheck/SchemaMissingType | The schema 'DimensionProperties' with an undefined type and declared properties is a bit ambiguous. This has been auto-corrected to 'type:object'
    - openapi-document.json:5188:4
warning | PreCheck/SchemaMissingType | The schema 'Attributes' with an undefined type and declared properties is a bit ambiguous. This has been auto-corrected to 'type:object'
    - openapi-document.json:5284:4
warning | PreCheck/SchemaMissingType | The schema 'SecretProperties' with an undefined type and declared properties is a bit ambiguous. This has been auto-corrected to 'type:object'
    - openapi-document.json:5400:4
warning | PreCheck/SchemaMissingType | The schema 'SecretPatchProperties' with an undefined type and declared properties is a bit ambiguous. This has been auto-corrected to 'type:object'
    - openapi-document.json:5510:4
warning | PreCheck/SchemaMissingType | The schema 'SecretAttributes' with an undefined type and 'allOf'/'anyOf'/'oneOf' is a bit ambiguous. This has been auto-corrected to 'type:object'
    - openapi-document.json:5574:4
warning | PreCheck/SchemaMissingType | The schema 'SecretCreateOrUpdateParameters' with an undefined type and declared properties is a bit ambiguous. This has been auto-corrected to 'type:object'
    - openapi-document.json:5595:4
warning | PreCheck/SchemaMissingType | The schema 'SecretPatchParameters' with an undefined type and declared properties is a bit ambiguous. This has been auto-corrected to 'type:object'
    - openapi-document.json:5664:4
warning | PreCheck/SchemaMissingType | The schema 'Secret' with an undefined type and declared properties is a bit ambiguous. This has been auto-corrected to 'type:object'
    - openapi-document.json:5730:4
warning | PreCheck/SchemaMissingType | The schema 'SecretListResult' with an undefined type and declared properties is a bit ambiguous. This has been auto-corrected to 'type:object'
    - openapi-document.json:5760:4
warning | PreCheck/SchemaMissingType | The schema 'CloudError' with an undefined type and declared properties is a bit ambiguous. This has been auto-corrected to 'type:object'
    - openapi-document.json:6052:4
warning | PreCheck/SchemaMissingType | The schema 'CloudErrorBody' with an undefined type and declared properties is a bit ambiguous. This has been auto-corrected to 'type:object'
    - openapi-document.json:6074:4
warning | PreCheck/CheckDuplicateSchemas | Checking for duplicate schemas, this could take a (long) while.  Run with --verbose for more detail.
warning | UnkownSecurityScheme | Security scheme azure_auth is unknown and will not be processed. Only supported types are AADToken,AzureKey,Anonymous
info    | autorest.bicep took 7ms
info    | Processing batch task - {"tag":"microsoft.keyvault-2015-06-01"} .
info    |    Loading local AutoRest extension '@autorest/bicep' (/home/runner/work/bicep-types-az/bicep-types-az/src/autorest.bicep)
info    |    Loading AutoRest extension '@autorest/modelerfour' (*->4.22.3)
warning | SkippedSemanticValidation | Semantic validation was skipped.
warning | PreCheck/SchemaMissingType | The schema 'Sku' with an undefined type and declared properties is a bit ambiguous. This has been auto-corrected to 'type:object'
    - openapi-document.json:4:4
warning | PreCheck/SchemaMissingType | The schema 'AccessPolicyEntry' with an undefined type and declared properties is a bit ambiguous. This has been auto-corrected to 'type:object'
    - openapi-document.json:43:4
warning | PreCheck/SchemaMissingType | The schema 'Permissions' with an undefined type and declared properties is a bit ambiguous. This has been auto-corrected to 'type:object'
    - openapi-document.json:135:4
warning | PreCheck/SchemaMissingType | The schema 'VaultProperties' with an undefined type and declared properties is a bit ambiguous. This has been auto-corrected to 'type:object'
    - openapi-document.json:237:4
warning | PreCheck/SchemaMissingType | The schema 'VaultCreateOrUpdateParameters' with an undefined type and declared properties is a bit ambiguous. This has been auto-corrected to 'type:object'
    - openapi-document.json:348:4
warning | PreCheck/SchemaMissingType | The schema 'Vault' with an undefined type and declared properties is a bit ambiguous. This has been auto-corrected to 'type:object'
    - openapi-document.json:439:4
warning | PreCheck/SchemaMissingType | The schema 'VaultListResult' with an undefined type and declared properties is a bit ambiguous. This has been auto-corrected to 'type:object'
    - openapi-document.json:469:4
warning | PreCheck/SchemaMissingType | The schema 'ResourceListResult' with an undefined type and declared properties is a bit ambiguous. This has been auto-corrected to 'type:object'
    - openapi-document.json:532:4
warning | PreCheck/SchemaMissingType | The schema 'Resource' with an undefined type and declared properties is a bit ambiguous. This has been auto-corrected to 'type:object'
    - openapi-document.json:595:4
warning | PreCheck/CheckDuplicateSchemas | Checking for duplicate schemas, this could take a (long) while.  Run with --verbose for more detail.
info    | autorest.bicep took 1ms
info    | Generation Complete
