Generating types for 'specification/azsadmin/resource-manager/deployment/readme.md'
AutoRest code generation utility [cli version: 3.7.2; node: v22.21.1]
(C) 2018 Microsoft Corporation.
https://aka.ms/autorest
warning | SkippedSemanticValidation | Semantic validation was skipped.
warning | PreCheck/SchemaMissingType | The schema 'Operation' with an undefined type and declared properties is a bit ambiguous. This has been auto-corrected to 'type:object'
    - file:///home/runner/work/bicep-types-az/bicep-types-az/workflow-temp/azure-rest-api-specs/specification/azsadmin/resource-manager/deployment/Microsoft.Deployment.Admin/preview/2019-01-01/Deployment.json:122:5
warning | PreCheck/SchemaMissingType | The schema 'Display' with an undefined type and declared properties is a bit ambiguous. This has been auto-corrected to 'type:object'
    - file:///home/runner/work/bicep-types-az/bicep-types-az/workflow-temp/azure-rest-api-specs/specification/azsadmin/resource-manager/deployment/Microsoft.Deployment.Admin/preview/2019-01-01/Deployment.json:139:5
warning | PreCheck/SchemaMissingType | The schema 'OperationList' with an undefined type and declared properties is a bit ambiguous. This has been auto-corrected to 'type:object'
    - file:///home/runner/work/bicep-types-az/bicep-types-az/workflow-temp/azure-rest-api-specs/specification/azsadmin/resource-manager/deployment/Microsoft.Deployment.Admin/preview/2019-01-01/Deployment.json:160:5
warning | PreCheck/SchemaMissingType | The schema 'ActionPlanList' with an undefined type and declared properties is a bit ambiguous. This has been auto-corrected to 'type:object'
    - file:///home/runner/work/bicep-types-az/bicep-types-az/workflow-temp/azure-rest-api-specs/specification/azsadmin/resource-manager/deployment/Microsoft.Deployment.Admin/preview/2019-01-01/ActionPlan.json:99:5
warning | PreCheck/SchemaMissingType | The schema 'ActionPlanOperationsList' with an undefined type and declared properties is a bit ambiguous. This has been auto-corrected to 'type:object'
    - file:///home/runner/work/bicep-types-az/bicep-types-az/workflow-temp/azure-rest-api-specs/specification/azsadmin/resource-manager/deployment/Microsoft.Deployment.Admin/preview/2019-01-01/ActionPlanOperation.json:105:5
warning | PreCheck/SchemaMissingType | The schema 'FileContainersList' with an undefined type and declared properties is a bit ambiguous. This has been auto-corrected to 'type:object'
    - file:///home/runner/work/bicep-types-az/bicep-types-az/workflow-temp/azure-rest-api-specs/specification/azsadmin/resource-manager/deployment/Microsoft.Deployment.Admin/preview/2019-01-01/FileContainer.json:221:5
warning | PreCheck/SchemaMissingType | The schema 'LocationList' with an undefined type and declared properties is a bit ambiguous. This has been auto-corrected to 'type:object'
    - file:///home/runner/work/bicep-types-az/bicep-types-az/workflow-temp/azure-rest-api-specs/specification/azsadmin/resource-manager/deployment/Microsoft.Deployment.Admin/preview/2019-01-01/Locations.json:96:5
warning | PreCheck/SchemaMissingType | The schema 'ProductDeploymentsList' with an undefined type and declared properties is a bit ambiguous. This has been auto-corrected to 'type:object'
    - file:///home/runner/work/bicep-types-az/bicep-types-az/workflow-temp/azure-rest-api-specs/specification/azsadmin/resource-manager/deployment/Microsoft.Deployment.Admin/preview/2019-01-01/ProductDeployment.json:311:5
warning | PreCheck/SchemaMissingType | The schema 'ProductPackagesList' with an undefined type and declared properties is a bit ambiguous. This has been auto-corrected to 'type:object'
    - file:///home/runner/work/bicep-types-az/bicep-types-az/workflow-temp/azure-rest-api-specs/specification/azsadmin/resource-manager/deployment/Microsoft.Deployment.Admin/preview/2019-01-01/ProductPackage.json:197:5
warning | PreCheck/SchemaMissingType | The schema 'ProductSecretsList' with an undefined type and declared properties is a bit ambiguous. This has been auto-corrected to 'type:object'
    - file:///home/runner/work/bicep-types-az/bicep-types-az/workflow-temp/azure-rest-api-specs/specification/azsadmin/resource-manager/deployment/Microsoft.Deployment.Admin/preview/2019-01-01/ProductSecret.json:225:5
warning | PreCheck/CheckDuplicateSchemas | Checking for duplicate schemas, this could take a (long) while.  Run with --verbose for more detail.
warning | Skipping path '/subscriptions/{subscriptionId}/providers/Microsoft.Deployment.Admin/locations/{location}/actionplans/{planId}/operations/{operationId}/attempts': Found mismatch between type segments (4) and name segments (3)
warning | Unrecognized property type: any-object. Returning 'any'.
warning | Unrecognized property type: any-object. Returning 'any'.
warning | SkippedSemanticValidation | Semantic validation was skipped.
warning | PreCheck/SchemaMissingType | The schema 'FileContainersList' with an undefined type and declared properties is a bit ambiguous. This has been auto-corrected to 'type:object'
    - file:///home/runner/work/bicep-types-az/bicep-types-az/workflow-temp/azure-rest-api-specs/specification/azsadmin/resource-manager/deployment/Microsoft.Deployment.Admin/preview/2018-07-01/FileContainer.json:221:5
warning | PreCheck/SchemaMissingType | The schema 'ProductPackagesList' with an undefined type and declared properties is a bit ambiguous. This has been auto-corrected to 'type:object'
    - file:///home/runner/work/bicep-types-az/bicep-types-az/workflow-temp/azure-rest-api-specs/specification/azsadmin/resource-manager/deployment/Microsoft.Deployment.Admin/preview/2018-07-01/ProductPackage.json:227:5
warning | PreCheck/SchemaMissingType | The schema 'Operation' with an undefined type and declared properties is a bit ambiguous. This has been auto-corrected to 'type:object'
warning | PreCheck/SchemaMissingType | The schema 'Display' with an undefined type and declared properties is a bit ambiguous. This has been auto-corrected to 'type:object'
warning | PreCheck/SchemaMissingType | The schema 'OperationList' with an undefined type and declared properties is a bit ambiguous. This has been auto-corrected to 'type:object'
warning | PreCheck/CheckDuplicateSchemas | Checking for duplicate schemas, this could take a (long) while.  Run with --verbose for more detail.
