Generating types for 'specification/deviceupdate/resource-manager/readme.md'
AutoRest code generation utility [cli version: 3.8.0; node: v22.22.0]
(C) 2018 Microsoft Corporation.
https://aka.ms/autorest
⚠️ AutoRest is deprecated and will be retired on July 1, 2026. Please migrate to TypeSpec: https://typespec.io — details: https://github.com/Azure/autorest/issues/5175
warning | DeprecatedConfig | Using directive.0.suppress which is deprecated and will be removed in the future.
warning | DeprecatedConfig | Using directive.1.suppress which is deprecated and will be removed in the future.
warning | DeprecatedConfig | Using directive.0.suppress which is deprecated and will be removed in the future.
warning | DeprecatedConfig | Using directive.1.suppress which is deprecated and will be removed in the future.
warning | SkippedSemanticValidation | Semantic validation was skipped.
warning | PreCheck/SchemaMissingType | The schema 'Encryption' with an undefined type and declared properties is a bit ambiguous. This has been auto-corrected to 'type:object'
    - file:///home/runner/work/bicep-types-az/bicep-types-az/workflow-temp/azure-rest-api-specs/specification/deviceupdate/resource-manager/Microsoft.DeviceUpdate/stable/2023-07-01/deviceupdate.json:1384:5
warning | PreCheck/SchemaMissingType | The schema 'PrivateLinkServiceProxy-remotePrivateEndpointConnection' with an undefined type and 'allOf'/'anyOf'/'oneOf' is a bit ambiguous. This has been auto-corrected to 'type:object'
    - file:///home/runner/work/bicep-types-az/bicep-types-az/workflow-temp/azure-rest-api-specs/specification/deviceupdate/resource-manager/Microsoft.DeviceUpdate/stable/2023-07-01/deviceupdate.json:1824:9
warning | PreCheck/CheckDuplicateSchemas | Checking for duplicate schemas, this could take a (long) while.  Run with --verbose for more detail.
warning | PreNamer/DeduplicateName | Deduplicating schema name: 'PrivateEndpointConnectionProxyProperties' -> 'PrivateEndpointConnectionProxyPropertiesAutoGenerated'
warning | DeprecatedConfig | Using directive.0.suppress which is deprecated and will be removed in the future.
warning | DeprecatedConfig | Using directive.1.suppress which is deprecated and will be removed in the future.
warning | SkippedSemanticValidation | Semantic validation was skipped.
warning | PreCheck/SchemaMissingType | The schema 'Encryption' with an undefined type and declared properties is a bit ambiguous. This has been auto-corrected to 'type:object'
    - file:///home/runner/work/bicep-types-az/bicep-types-az/workflow-temp/azure-rest-api-specs/specification/deviceupdate/resource-manager/Microsoft.DeviceUpdate/preview/2022-12-01-preview/deviceupdate.json:1384:5
warning | PreCheck/SchemaMissingType | The schema 'PrivateLinkServiceProxy-remotePrivateEndpointConnection' with an undefined type and 'allOf'/'anyOf'/'oneOf' is a bit ambiguous. This has been auto-corrected to 'type:object'
    - file:///home/runner/work/bicep-types-az/bicep-types-az/workflow-temp/azure-rest-api-specs/specification/deviceupdate/resource-manager/Microsoft.DeviceUpdate/preview/2022-12-01-preview/deviceupdate.json:1824:9
warning | PreCheck/CheckDuplicateSchemas | Checking for duplicate schemas, this could take a (long) while.  Run with --verbose for more detail.
warning | PreNamer/DeduplicateName | Deduplicating schema name: 'PrivateEndpointConnectionProxyProperties' -> 'PrivateEndpointConnectionProxyPropertiesAutoGenerated'
warning | DeprecatedConfig | Using directive.0.suppress which is deprecated and will be removed in the future.
warning | DeprecatedConfig | Using directive.1.suppress which is deprecated and will be removed in the future.
warning | SkippedSemanticValidation | Semantic validation was skipped.
warning | PreCheck/SchemaMissingType | The schema 'PrivateLinkServiceProxy-remotePrivateEndpointConnection' with an undefined type and 'allOf'/'anyOf'/'oneOf' is a bit ambiguous. This has been auto-corrected to 'type:object'
    - file:///home/runner/work/bicep-types-az/bicep-types-az/workflow-temp/azure-rest-api-specs/specification/deviceupdate/resource-manager/Microsoft.DeviceUpdate/stable/2022-10-01/deviceupdate.json:1783:9
warning | PreCheck/CheckDuplicateSchemas | Checking for duplicate schemas, this could take a (long) while.  Run with --verbose for more detail.
warning | PreNamer/DeduplicateName | Deduplicating schema name: 'PrivateEndpointConnectionProxyProperties' -> 'PrivateEndpointConnectionProxyPropertiesAutoGenerated'
warning | DeprecatedConfig | Using directive.0.suppress which is deprecated and will be removed in the future.
warning | DeprecatedConfig | Using directive.1.suppress which is deprecated and will be removed in the future.
warning | SkippedSemanticValidation | Semantic validation was skipped.
warning | PreCheck/SchemaMissingType | The schema 'PrivateLinkServiceProxy-remotePrivateEndpointConnection' with an undefined type and 'allOf'/'anyOf'/'oneOf' is a bit ambiguous. This has been auto-corrected to 'type:object'
    - file:///home/runner/work/bicep-types-az/bicep-types-az/workflow-temp/azure-rest-api-specs/specification/deviceupdate/resource-manager/Microsoft.DeviceUpdate/preview/2022-04-01-preview/deviceupdate.json:1783:9
warning | PreCheck/CheckDuplicateSchemas | Checking for duplicate schemas, this could take a (long) while.  Run with --verbose for more detail.
warning | PreNamer/DeduplicateName | Deduplicating schema name: 'PrivateEndpointConnectionProxyProperties' -> 'PrivateEndpointConnectionProxyPropertiesAutoGenerated'
warning | DeprecatedConfig | Using directive.0.suppress which is deprecated and will be removed in the future.
warning | DeprecatedConfig | Using directive.1.suppress which is deprecated and will be removed in the future.
warning | SkippedSemanticValidation | Semantic validation was skipped.
warning | PreCheck/SchemaMissingType | The schema 'PrivateLinkServiceProxy-remotePrivateEndpointConnection' with an undefined type and 'allOf'/'anyOf'/'oneOf' is a bit ambiguous. This has been auto-corrected to 'type:object'
    - file:///home/runner/work/bicep-types-az/bicep-types-az/workflow-temp/azure-rest-api-specs/specification/deviceupdate/resource-manager/Microsoft.DeviceUpdate/preview/2020-03-01-preview/deviceupdate.json:1748:9
warning | PreCheck/CheckDuplicateSchemas | Checking for duplicate schemas, this could take a (long) while.  Run with --verbose for more detail.
warning | PreNamer/DeduplicateName | Deduplicating schema name: 'PrivateEndpointConnectionProxyProperties' -> 'PrivateEndpointConnectionProxyPropertiesAutoGenerated'
