AutoRest code generation utility [cli version: 3.2.1; node: v14.17.0, max-memory: 2048 MB]
(C) 2018 Microsoft Corporation.
https://aka.ms/autorest
   Loading AutoRest core      '/home/runner/work/bicep-types-az/bicep-types-az/src/generator/node_modules/@autorest/core/dist' (3.4.3)
INFORMATION: > Loading local AutoRest extension '@autorest/bicep' (/home/runner/work/bicep-types-az/bicep-types-az/src/generator)
Processing batch task - {"tag":"microsoft.sql-2014-04-01"} .
INFORMATION: > Loading local AutoRest extension '@autorest/bicep' (/home/runner/work/bicep-types-az/bicep-types-az/src/generator)
WARNING: Semantic validation was skipped.
Processing batch task - {"tag":"microsoft.sql-2015-05-01-preview"} .
INFORMATION: > Loading local AutoRest extension '@autorest/bicep' (/home/runner/work/bicep-types-az/bicep-types-az/src/generator)
WARNING: Semantic validation was skipped.
Processing batch task - {"tag":"microsoft.sql-2017-03-01-preview"} .
INFORMATION: > Loading local AutoRest extension '@autorest/bicep' (/home/runner/work/bicep-types-az/bicep-types-az/src/generator)
WARNING: Semantic validation was skipped.
INFORMATION: Resource type Microsoft.Sql/servers/jobAgents/jobs/executions under path '/subscriptions/{subscriptionId}/resourceGroups/{resourceGroupName}/providers/Microsoft.Sql/servers/{serverName}/jobAgents/{jobAgentName}/jobs/{jobName}/executions/{jobExecutionId}' has no body defined.
INFORMATION: Resource type Microsoft.Sql/servers/dnsAliases under path '/subscriptions/{subscriptionId}/resourceGroups/{resourceGroupName}/providers/Microsoft.Sql/servers/{serverName}/dnsAliases/{dnsAliasName}' has no body defined.
Processing batch task - {"tag":"microsoft.sql-2017-10-01-preview"} .
INFORMATION: > Loading local AutoRest extension '@autorest/bicep' (/home/runner/work/bicep-types-az/bicep-types-az/src/generator)
WARNING: Semantic validation was skipped.
Processing batch task - {"tag":"microsoft.sql-2018-06-01-preview"} .
INFORMATION: > Loading local AutoRest extension '@autorest/bicep' (/home/runner/work/bicep-types-az/bicep-types-az/src/generator)
WARNING: Semantic validation was skipped.
Processing batch task - {"tag":"microsoft.sql-2019-06-01-preview"} .
INFORMATION: > Loading local AutoRest extension '@autorest/bicep' (/home/runner/work/bicep-types-az/bicep-types-az/src/generator)
WARNING: Semantic validation was skipped.
Processing batch task - {"tag":"microsoft.sql-2020-08-01-preview"} .
INFORMATION: > Loading local AutoRest extension '@autorest/bicep' (/home/runner/work/bicep-types-az/bicep-types-az/src/generator)
WARNING: Semantic validation was skipped.
Processing batch task - {"tag":"microsoft.sql-2020-02-02-preview"} .
INFORMATION: > Loading local AutoRest extension '@autorest/bicep' (/home/runner/work/bicep-types-az/bicep-types-az/src/generator)
WARNING: Semantic validation was skipped.
Processing batch task - {"tag":"microsoft.sql-2020-11-01-preview"} .
INFORMATION: > Loading local AutoRest extension '@autorest/bicep' (/home/runner/work/bicep-types-az/bicep-types-az/src/generator)
WARNING: Semantic validation was skipped.
WARNING: Skipping path '/subscriptions/{subscriptionId}/resourceGroups/{resourceGroupName}/providers/Microsoft.Sql/servers/{serverName}/firewallRules': Found mismatch betwen type segments (2) and name segments (1)
INFORMATION: Resource type Microsoft.Sql/servers/jobAgents/jobs/executions under path '/subscriptions/{subscriptionId}/resourceGroups/{resourceGroupName}/providers/Microsoft.Sql/servers/{serverName}/jobAgents/{jobAgentName}/jobs/{jobName}/executions/{jobExecutionId}' has no body defined.
INFORMATION: Resource type Microsoft.Sql/servers/dnsAliases under path '/subscriptions/{subscriptionId}/resourceGroups/{resourceGroupName}/providers/Microsoft.Sql/servers/{serverName}/dnsAliases/{dnsAliasName}' has no body defined.
Processing batch task - {"tag":"microsoft.sql-2015-05-01"} .
INFORMATION: > Loading local AutoRest extension '@autorest/bicep' (/home/runner/work/bicep-types-az/bicep-types-az/src/generator)
WARNING: Semantic validation was skipped.
[282.69 s] Generation Complete
