Generating types for 'specification/monitoringservice/resource-manager/Microsoft.Monitor/Accounts/readme.md'
AutoRest code generation utility [cli version: 3.8.0; node: v22.22.2]
(C) 2018 Microsoft Corporation.
https://aka.ms/autorest
⚠️ AutoRest is deprecated and will be retired on July 1, 2026. Please migrate to TypeSpec: https://typespec.io — details: https://github.com/Azure/autorest/issues/5175
warning | SkippedSemanticValidation | Semantic validation was skipped.
warning | PreCheck/CheckDuplicateSchemas | Checking for duplicate schemas, this could take a (long) while.  Run with --verbose for more detail.
warning | PreCheck/DuplicateSchema | Duplicate Schema named 'Origin' (6 differences):
  - type: "object" => "string"
  - properties: {"addedBy":{"$ref":"#/components/schemas/schemas:73","description":"The ID of the origin - for example, in case of 'Manual', the user ID/app ID, and in case of 'Automatic', the name of the automatic system"},"addedByType":{"$ref":"#/components/schemas/AddedByType","description":"The source of the origin - Manual or Automatic"}} => <none>
  - required: ["addedBy","addedByType"] => <none>
  - enum: <none> => ["user","system","user,system"]
  - x-ms-enum: <none> => {"name":"Origin","modelAsString":true}
  - readOnly: <none> => true
warning | PreNamer/DeduplicateName | Deduplicating schema name: 'Origin' -> 'OriginAutoGenerated'
warning | SkippedSemanticValidation | Semantic validation was skipped.
warning | PreCheck/CheckDuplicateSchemas | Checking for duplicate schemas, this could take a (long) while.  Run with --verbose for more detail.
warning | PreCheck/DuplicateSchema | Duplicate Schema named 'Origin' (6 differences):
  - type: "object" => "string"
  - properties: {"addedBy":{"$ref":"#/components/schemas/schemas:67","description":"The ID of the origin - for example, in case of 'Manual', the user ID/app ID, and in case of 'Automatic', the name of the automatic system"},"addedByType":{"$ref":"#/components/schemas/AddedByType","description":"The source of the origin - Manual or Automatic"}} => <none>
  - required: ["addedBy","addedByType"] => <none>
  - enum: <none> => ["user","system","user,system"]
  - x-ms-enum: <none> => {"name":"Origin","modelAsString":true}
  - readOnly: <none> => true
warning | PreNamer/DeduplicateName | Deduplicating schema name: 'Origin' -> 'OriginAutoGenerated'
warning | SkippedSemanticValidation | Semantic validation was skipped.
warning | PreCheck/CheckDuplicateSchemas | Checking for duplicate schemas, this could take a (long) while.  Run with --verbose for more detail.
warning | PreCheck/DuplicateSchema | Duplicate Schema named 'Origin' (6 differences):
  - type: "object" => "string"
  - properties: {"addedBy":{"$ref":"#/components/schemas/schemas:147","description":"The ID of the origin - for example, in case of 'Manual', the user ID/app ID, and in case of 'Automatic', the name of the automatic system"},"addedByType":{"$ref":"#/components/schemas/AddedByType","description":"The source of the origin - Manual or Automatic"}} => <none>
  - required: ["addedBy","addedByType"] => <none>
  - enum: <none> => ["user","system","user,system"]
  - x-ms-enum: <none> => {"name":"Origin","modelAsString":true}
  - readOnly: <none> => true
warning | PreNamer/DeduplicateName | Deduplicating schema name: 'Origin' -> 'OriginAutoGenerated'
warning | SkippedSemanticValidation | Semantic validation was skipped.
warning | PreCheck/CheckDuplicateSchemas | Checking for duplicate schemas, this could take a (long) while.  Run with --verbose for more detail.
warning | SkippedSemanticValidation | Semantic validation was skipped.
warning | PreCheck/SchemaMissingType | The schema 'AzureMonitorWorkspace-metrics' with an undefined type and 'allOf'/'anyOf'/'oneOf' is a bit ambiguous. This has been auto-corrected to 'type:object'
    - file:///home/runner/work/bicep-types-az/bicep-types-az/workflow-temp/azure-rest-api-specs/specification/monitoringservice/resource-manager/Microsoft.Monitor/Accounts/stable/2023-04-03/monitoringAccounts_API.json:409:9
warning | PreCheck/SchemaMissingType | The schema 'AzureMonitorWorkspace-defaultIngestionSettings' with an undefined type and 'allOf'/'anyOf'/'oneOf' is a bit ambiguous. This has been auto-corrected to 'type:object'
    - file:///home/runner/work/bicep-types-az/bicep-types-az/workflow-temp/azure-rest-api-specs/specification/monitoringservice/resource-manager/Microsoft.Monitor/Accounts/stable/2023-04-03/monitoringAccounts_API.json:440:9
warning | PreCheck/SchemaMissingType | The schema 'AzureMonitorWorkspaceResource-properties' with an undefined type and 'allOf'/'anyOf'/'oneOf' is a bit ambiguous. This has been auto-corrected to 'type:object'
    - file:///home/runner/work/bicep-types-az/bicep-types-az/workflow-temp/azure-rest-api-specs/specification/monitoringservice/resource-manager/Microsoft.Monitor/Accounts/stable/2023-04-03/monitoringAccounts_API.json:492:9
warning | PreCheck/CheckDuplicateSchemas | Checking for duplicate schemas, this could take a (long) while.  Run with --verbose for more detail.
warning | PreCheck/DuplicateSchema | Duplicate Schema named 'Resource' (2 differences):
  - properties.id.$ref: "#/components/schemas/schemas:78" => "#/components/schemas/schemas:170"
  - properties.id.description: "Fully qualified resource ID for the resource. Ex - /subscriptions/{subscriptionId}/resourceGroups/{resourceGroupName}/providers/{resourceProviderNamespace}/{resourceType}/{resourceName}" => "Fully qualified resource ID for the resource. E.g. \"/subscriptions/{subscriptionId}/resourceGroups/{resourceGroupName}/providers/{resourceProviderNamespace}/{resourceType}/{resourceName}\""
warning | PreNamer/DeduplicateName | Deduplicating schema name: 'Resource' -> 'ResourceAutoGenerated'
warning | SkippedSemanticValidation | Semantic validation was skipped.
warning | PreCheck/SchemaMissingType | The schema 'AzureMonitorWorkspace-metrics' with an undefined type and 'allOf'/'anyOf'/'oneOf' is a bit ambiguous. This has been auto-corrected to 'type:object'
    - file:///home/runner/work/bicep-types-az/bicep-types-az/workflow-temp/azure-rest-api-specs/specification/monitoringservice/resource-manager/Microsoft.Monitor/Accounts/preview/2021-06-03-preview/monitoringAccounts_API.json:397:9
warning | PreCheck/SchemaMissingType | The schema 'AzureMonitorWorkspace-defaultIngestionSettings' with an undefined type and 'allOf'/'anyOf'/'oneOf' is a bit ambiguous. This has been auto-corrected to 'type:object'
    - file:///home/runner/work/bicep-types-az/bicep-types-az/workflow-temp/azure-rest-api-specs/specification/monitoringservice/resource-manager/Microsoft.Monitor/Accounts/preview/2021-06-03-preview/monitoringAccounts_API.json:428:9
warning | PreCheck/SchemaMissingType | The schema 'AzureMonitorWorkspaceResource-properties' with an undefined type and 'allOf'/'anyOf'/'oneOf' is a bit ambiguous. This has been auto-corrected to 'type:object'
    - file:///home/runner/work/bicep-types-az/bicep-types-az/workflow-temp/azure-rest-api-specs/specification/monitoringservice/resource-manager/Microsoft.Monitor/Accounts/preview/2021-06-03-preview/monitoringAccounts_API.json:449:9
warning | PreCheck/CheckDuplicateSchemas | Checking for duplicate schemas, this could take a (long) while.  Run with --verbose for more detail.
