SourceMapConsumer.initialize is a no-op when running in node.js
AutoRest code generation utility [cli version: 3.5.1; node: v16.14.0]
(C) 2018 Microsoft Corporation.
https://aka.ms/autorest
SourceMapConsumer.initialize is a no-op when running in node.js
info    |    Loading AutoRest core      '/home/runner/work/bicep-types-az/bicep-types-az/src/generator/node_modules/@autorest/core/dist' (3.7.6)
info    |    Loading local AutoRest extension '@autorest/bicep' (/home/runner/work/bicep-types-az/bicep-types-az/src/autorest.bicep)
info    |    Loading AutoRest extension '@autorest/modelerfour' (*->4.23.1)
info    | Processing batch task - {"tag":"microsoft.azuredata-2019-07-24-preview"} .
info    |    Loading local AutoRest extension '@autorest/bicep' (/home/runner/work/bicep-types-az/bicep-types-az/src/autorest.bicep)
info    |    Loading AutoRest extension '@autorest/modelerfour' (*->4.23.1)
warning | SkippedSemanticValidation | Semantic validation was skipped.
warning | PreCheck/SchemaMissingType | The schema 'ResourceModelWithAllowedPropertySet' with an undefined type and declared properties is a bit ambiguous. This has been auto-corrected to 'type:object'
    - file:///home/runner/work/bicep-types-az/bicep-types-az/workflow-temp/azure-rest-api-specs/specification/azuredata/resource-manager/Microsoft.AzureData/preview/2019-07-24-preview/azuredata.json:573:5
warning | PreCheck/SchemaMissingType | The schema 'ResourceModelWithAllowedPropertySet-identity' with an undefined type and 'allOf'/'anyOf'/'oneOf' is a bit ambiguous. This has been auto-corrected to 'type:object'
    - file:///home/runner/work/bicep-types-az/bicep-types-az/workflow-temp/azure-rest-api-specs/specification/azuredata/resource-manager/Microsoft.AzureData/preview/2019-07-24-preview/azuredata.json:640:9
warning | PreCheck/SchemaMissingType | The schema 'ResourceModelWithAllowedPropertySet-sku' with an undefined type and 'allOf'/'anyOf'/'oneOf' is a bit ambiguous. This has been auto-corrected to 'type:object'
    - file:///home/runner/work/bicep-types-az/bicep-types-az/workflow-temp/azure-rest-api-specs/specification/azuredata/resource-manager/Microsoft.AzureData/preview/2019-07-24-preview/azuredata.json:647:9
warning | PreCheck/SchemaMissingType | The schema 'ResourceModelWithAllowedPropertySet-plan' with an undefined type and 'allOf'/'anyOf'/'oneOf' is a bit ambiguous. This has been auto-corrected to 'type:object'
    - file:///home/runner/work/bicep-types-az/bicep-types-az/workflow-temp/azure-rest-api-specs/specification/azuredata/resource-manager/Microsoft.AzureData/preview/2019-07-24-preview/azuredata.json:654:9
warning | PreCheck/SchemaMissingType | The schema 'Sku' with an undefined type and declared properties is a bit ambiguous. This has been auto-corrected to 'type:object'
    - file:///home/runner/work/bicep-types-az/bicep-types-az/workflow-temp/azure-rest-api-specs/specification/azuredata/resource-manager/Microsoft.AzureData/preview/2019-07-24-preview/azuredata.json:664:5
warning | PreCheck/SchemaMissingType | The schema 'Identity' with an undefined type and declared properties is a bit ambiguous. This has been auto-corrected to 'type:object'
    - file:///home/runner/work/bicep-types-az/bicep-types-az/workflow-temp/azure-rest-api-specs/specification/azuredata/resource-manager/Microsoft.AzureData/preview/2019-07-24-preview/azuredata.json:703:5
warning | PreCheck/SchemaMissingType | The schema 'Plan' with an undefined type and declared properties is a bit ambiguous. This has been auto-corrected to 'type:object'
    - file:///home/runner/work/bicep-types-az/bicep-types-az/workflow-temp/azure-rest-api-specs/specification/azuredata/resource-manager/Microsoft.AzureData/preview/2019-07-24-preview/azuredata.json:729:5
warning | PreCheck/SchemaMissingType | The schema 'Resource' with an undefined type and declared properties is a bit ambiguous. This has been auto-corrected to 'type:object'
    - file:///home/runner/work/bicep-types-az/bicep-types-az/workflow-temp/azure-rest-api-specs/specification/azuredata/resource-manager/Microsoft.AzureData/preview/2019-07-24-preview/azuredata.json:863:5
warning | PreCheck/SchemaMissingType | The schema 'TrackedResource' with an undefined type and declared properties is a bit ambiguous. This has been auto-corrected to 'type:object'
    - file:///home/runner/work/bicep-types-az/bicep-types-az/workflow-temp/azure-rest-api-specs/specification/azuredata/resource-manager/Microsoft.AzureData/preview/2019-07-24-preview/azuredata.json:883:5
warning | PreCheck/SchemaMissingType | The schema 'ProxyResource' with an undefined type and 'allOf'/'anyOf'/'oneOf' is a bit ambiguous. This has been auto-corrected to 'type:object'
    - file:///home/runner/work/bicep-types-az/bicep-types-az/workflow-temp/azure-rest-api-specs/specification/azuredata/resource-manager/Microsoft.AzureData/preview/2019-07-24-preview/azuredata.json:920:5
warning | PreCheck/SchemaMissingType | The schema 'CloudError' with an undefined type and declared properties is a bit ambiguous. This has been auto-corrected to 'type:object'
    - file:///home/runner/work/bicep-types-az/bicep-types-az/workflow-temp/azure-rest-api-specs/specification/azuredata/resource-manager/Microsoft.AzureData/preview/2019-07-24-preview/azuredata.json:1112:5
warning | PreCheck/SchemaMissingType | The schema 'CloudErrorBody' with an undefined type and declared properties is a bit ambiguous. This has been auto-corrected to 'type:object'
    - file:///home/runner/work/bicep-types-az/bicep-types-az/workflow-temp/azure-rest-api-specs/specification/azuredata/resource-manager/Microsoft.AzureData/preview/2019-07-24-preview/azuredata.json:1122:5
warning | PreCheck/CheckDuplicateSchemas | Checking for duplicate schemas, this could take a (long) while.  Run with --verbose for more detail.
info    | autorest.bicep took 10ms
info    | Generation Complete
