AutoRest code generation utility [cli version: 3.4.1; node: v14.18.0]
(C) 2018 Microsoft Corporation.
https://aka.ms/autorest
info    |    Loading AutoRest core      '/home/runner/work/bicep-types-az/bicep-types-az/src/generator/node_modules/@autorest/core/dist' (3.6.5)
info    |    Loading local AutoRest extension '@autorest/bicep' (/home/runner/work/bicep-types-az/bicep-types-az/src/autorest.bicep)
info    |    Loading AutoRest extension '@autorest/modelerfour' (*->4.21.3)
info    | Processing batch task - {"tag":"microsoft.servicefabric-2021-06-01"} .
info    |    Loading local AutoRest extension '@autorest/bicep' (/home/runner/work/bicep-types-az/bicep-types-az/src/autorest.bicep)
info    |    Loading AutoRest extension '@autorest/modelerfour' (*->4.21.3)
warning | SkippedSemanticValidation | Semantic validation was skipped.
warning | PreCheck/EmptyParentSchemaWarning | Schema 'Cluster' has an allOf list with an empty object schema as a parent, removing it.
warning | PreCheck/EmptyParentSchemaWarning | Schema 'Cluster' has an allOf list with an empty object schema as a parent, removing it.
warning | PreCheck/EmptyParentSchemaWarning | Schema 'NamedPartitionSchemeDescription' has an allOf list with an empty object schema as a parent, removing it.
warning | PreCheck/EmptyParentSchemaWarning | Schema 'UniformInt64RangePartitionSchemeDescription' has an allOf list with an empty object schema as a parent, removing it.
warning | PreCheck/CheckDuplicateSchemas | Checking for duplicate schemas, this could take a (long) while.  Run with --verbose for more detail.
warning | UnkownSecurityScheme | Security scheme azure_auth is unknown and will not be processed. Only supported types are AADToken,AzureKey,Anonymous
warning | UnkownSecurityScheme | Security scheme azure_auth is unknown and will not be processed. Only supported types are AADToken,AzureKey,Anonymous
warning | Modeler/MissingType | The schema 'components·1jzyk61·schemas·cluster·allof·0' has no type or format information whatsoever. Location:
   file:///home/runner/work/bicep-types-az/bicep-types-az/workflow-temp/azure-rest-api-specs/specification/servicefabric/resource-manager/Microsoft.ServiceFabric/stable/2021-06-01/cluster.json#/components/schemas/components·1jzyk61·schemas·cluster·allof·0
info    | autorest.bicep took 17ms
info    | Processing batch task - {"tag":"microsoft.servicefabric-2020-03-01"} .
info    |    Loading local AutoRest extension '@autorest/bicep' (/home/runner/work/bicep-types-az/bicep-types-az/src/autorest.bicep)
info    |    Loading AutoRest extension '@autorest/modelerfour' (*->4.21.3)
warning | SkippedSemanticValidation | Semantic validation was skipped.
warning | PreCheck/EmptyParentSchemaWarning | Schema 'Cluster' has an allOf list with an empty object schema as a parent, removing it.
warning | PreCheck/EmptyParentSchemaWarning | Schema 'Cluster' has an allOf list with an empty object schema as a parent, removing it.
warning | PreCheck/EmptyParentSchemaWarning | Schema 'NamedPartitionSchemeDescription' has an allOf list with an empty object schema as a parent, removing it.
warning | PreCheck/EmptyParentSchemaWarning | Schema 'UniformInt64RangePartitionSchemeDescription' has an allOf list with an empty object schema as a parent, removing it.
warning | PreCheck/CheckDuplicateSchemas | Checking for duplicate schemas, this could take a (long) while.  Run with --verbose for more detail.
warning | UnkownSecurityScheme | Security scheme azure_auth is unknown and will not be processed. Only supported types are AADToken,AzureKey,Anonymous
warning | UnkownSecurityScheme | Security scheme azure_auth is unknown and will not be processed. Only supported types are AADToken,AzureKey,Anonymous
warning | Modeler/MissingType | The schema 'components·1jzyk61·schemas·cluster·allof·0' has no type or format information whatsoever. Location:
   file:///home/runner/work/bicep-types-az/bicep-types-az/workflow-temp/azure-rest-api-specs/specification/servicefabric/resource-manager/Microsoft.ServiceFabric/stable/2020-03-01/cluster.json#/components/schemas/components·1jzyk61·schemas·cluster·allof·0
info    | autorest.bicep took 7ms
info    | Processing batch task - {"tag":"microsoft.servicefabric-2020-12-01-preview"} .
info    |    Loading local AutoRest extension '@autorest/bicep' (/home/runner/work/bicep-types-az/bicep-types-az/src/autorest.bicep)
info    |    Loading AutoRest extension '@autorest/modelerfour' (*->4.21.3)
warning | SkippedSemanticValidation | Semantic validation was skipped.
warning | PreCheck/EmptyParentSchemaWarning | Schema 'NamedPartitionSchemeDescription' has an allOf list with an empty object schema as a parent, removing it.
warning | PreCheck/EmptyParentSchemaWarning | Schema 'UniformInt64RangePartitionSchemeDescription' has an allOf list with an empty object schema as a parent, removing it.
warning | PreCheck/CheckDuplicateSchemas | Checking for duplicate schemas, this could take a (long) while.  Run with --verbose for more detail.
warning | UnkownSecurityScheme | Security scheme azure_auth is unknown and will not be processed. Only supported types are AADToken,AzureKey,Anonymous
warning | UnkownSecurityScheme | Security scheme azure_auth is unknown and will not be processed. Only supported types are AADToken,AzureKey,Anonymous
info    | autorest.bicep took 9ms
info    | Processing batch task - {"tag":"microsoft.servicefabric-2020-01-01-preview"} .
info    |    Loading local AutoRest extension '@autorest/bicep' (/home/runner/work/bicep-types-az/bicep-types-az/src/autorest.bicep)
info    |    Loading AutoRest extension '@autorest/modelerfour' (*->4.21.3)
warning | SkippedSemanticValidation | Semantic validation was skipped.
warning | PreCheck/EmptyParentSchemaWarning | Schema 'ManagedCluster' has an allOf list with an empty object schema as a parent, removing it.
warning | PreCheck/CheckDuplicateSchemas | Checking for duplicate schemas, this could take a (long) while.  Run with --verbose for more detail.
warning | UnkownSecurityScheme | Security scheme azure_auth is unknown and will not be processed. Only supported types are AADToken,AzureKey,Anonymous
warning | UnkownSecurityScheme | Security scheme azure_auth is unknown and will not be processed. Only supported types are AADToken,AzureKey,Anonymous
warning | Unrecognized property type: any-object. Returning 'any'.
warning | Unrecognized property type: any-object. Returning 'any'.
info    | autorest.bicep took 4ms
info    | Processing batch task - {"tag":"microsoft.servicefabric-2019-11-01-preview"} .
info    |    Loading local AutoRest extension '@autorest/bicep' (/home/runner/work/bicep-types-az/bicep-types-az/src/autorest.bicep)
info    |    Loading AutoRest extension '@autorest/modelerfour' (*->4.21.3)
warning | SkippedSemanticValidation | Semantic validation was skipped.
warning | PreCheck/EmptyParentSchemaWarning | Schema 'Cluster' has an allOf list with an empty object schema as a parent, removing it.
warning | PreCheck/EmptyParentSchemaWarning | Schema 'Cluster' has an allOf list with an empty object schema as a parent, removing it.
warning | PreCheck/EmptyParentSchemaWarning | Schema 'NamedPartitionSchemeDescription' has an allOf list with an empty object schema as a parent, removing it.
warning | PreCheck/EmptyParentSchemaWarning | Schema 'UniformInt64RangePartitionSchemeDescription' has an allOf list with an empty object schema as a parent, removing it.
warning | PreCheck/CheckDuplicateSchemas | Checking for duplicate schemas, this could take a (long) while.  Run with --verbose for more detail.
warning | UnkownSecurityScheme | Security scheme azure_auth is unknown and will not be processed. Only supported types are AADToken,AzureKey,Anonymous
warning | UnkownSecurityScheme | Security scheme azure_auth is unknown and will not be processed. Only supported types are AADToken,AzureKey,Anonymous
warning | Modeler/MissingType | The schema 'components·1jzyk61·schemas·cluster·allof·0' has no type or format information whatsoever. Location:
   file:///home/runner/work/bicep-types-az/bicep-types-az/workflow-temp/azure-rest-api-specs/specification/servicefabric/resource-manager/Microsoft.ServiceFabric/preview/2019-11-01-preview/cluster.json#/components/schemas/components·1jzyk61·schemas·cluster·allof·0
info    | autorest.bicep took 8ms
info    | Processing batch task - {"tag":"microsoft.servicefabric-2019-06-01-preview"} .
info    |    Loading local AutoRest extension '@autorest/bicep' (/home/runner/work/bicep-types-az/bicep-types-az/src/autorest.bicep)
info    |    Loading AutoRest extension '@autorest/modelerfour' (*->4.21.3)
warning | SkippedSemanticValidation | Semantic validation was skipped.
warning | PreCheck/SchemaMissingType | The schema 'AvailableOperationDisplay' with an undefined type and declared properties is a bit ambiguous. This has been auto-corrected to 'type:object'
warning | PreCheck/SchemaMissingType | The schema 'AzureActiveDirectory' with an undefined type and declared properties is a bit ambiguous. This has been auto-corrected to 'type:object'
warning | PreCheck/SchemaMissingType | The schema 'CertificateDescription' with an undefined type and declared properties is a bit ambiguous. This has been auto-corrected to 'type:object'
warning | PreCheck/SchemaMissingType | The schema 'ClientCertificateCommonName' with an undefined type and declared properties is a bit ambiguous. This has been auto-corrected to 'type:object'
warning | PreCheck/SchemaMissingType | The schema 'ClientCertificateThumbprint' with an undefined type and declared properties is a bit ambiguous. This has been auto-corrected to 'type:object'
warning | PreCheck/SchemaMissingType | The schema 'ClusterCodeVersionsListResult' with an undefined type and declared properties is a bit ambiguous. This has been auto-corrected to 'type:object'
warning | PreCheck/SchemaMissingType | The schema 'ClusterCodeVersionsResult' with an undefined type and declared properties is a bit ambiguous. This has been auto-corrected to 'type:object'
warning | PreCheck/SchemaMissingType | The schema 'ClusterListResult' with an undefined type and declared properties is a bit ambiguous. This has been auto-corrected to 'type:object'
warning | PreCheck/SchemaMissingType | The schema 'ClusterProperties' with an undefined type and declared properties is a bit ambiguous. This has been auto-corrected to 'type:object'
warning | PreCheck/SchemaMissingType | The schema 'ClusterPropertiesUpdateParameters' with an undefined type and declared properties is a bit ambiguous. This has been auto-corrected to 'type:object'
warning | PreCheck/SchemaMissingType | The schema 'ClusterUpdateParameters' with an undefined type and declared properties is a bit ambiguous. This has been auto-corrected to 'type:object'
warning | PreCheck/SchemaMissingType | The schema 'ClusterUpgradeDeltaHealthPolicy' with an undefined type and declared properties is a bit ambiguous. This has been auto-corrected to 'type:object'
warning | PreCheck/SchemaMissingType | The schema 'ClusterUpgradePolicy' with an undefined type and declared properties is a bit ambiguous. This has been auto-corrected to 'type:object'
warning | PreCheck/SchemaMissingType | The schema 'ClusterVersionDetails' with an undefined type and declared properties is a bit ambiguous. This has been auto-corrected to 'type:object'
warning | PreCheck/SchemaMissingType | The schema 'DiagnosticsStorageAccountConfig' with an undefined type and declared properties is a bit ambiguous. This has been auto-corrected to 'type:object'
warning | PreCheck/SchemaMissingType | The schema 'EndpointRangeDescription' with an undefined type and declared properties is a bit ambiguous. This has been auto-corrected to 'type:object'
warning | PreCheck/SchemaMissingType | The schema 'NodeTypeDescription' with an undefined type and declared properties is a bit ambiguous. This has been auto-corrected to 'type:object'
warning | PreCheck/SchemaMissingType | The schema 'OperationListResult' with an undefined type and declared properties is a bit ambiguous. This has been auto-corrected to 'type:object'
warning | PreCheck/SchemaMissingType | The schema 'OperationResult' with an undefined type and declared properties is a bit ambiguous. This has been auto-corrected to 'type:object'
warning | PreCheck/SchemaMissingType | The schema 'Resource' with an undefined type and declared properties is a bit ambiguous. This has been auto-corrected to 'type:object'
warning | PreCheck/SchemaMissingType | The schema 'ServerCertificateCommonName' with an undefined type and declared properties is a bit ambiguous. This has been auto-corrected to 'type:object'
warning | PreCheck/SchemaMissingType | The schema 'ServerCertificateCommonNames' with an undefined type and declared properties is a bit ambiguous. This has been auto-corrected to 'type:object'
warning | PreCheck/SchemaMissingType | The schema 'SettingsParameterDescription' with an undefined type and declared properties is a bit ambiguous. This has been auto-corrected to 'type:object'
warning | PreCheck/SchemaMissingType | The schema 'SettingsSectionDescription' with an undefined type and declared properties is a bit ambiguous. This has been auto-corrected to 'type:object'
warning | PreCheck/SchemaMissingType | The schema 'ErrorModel' with an undefined type and declared properties is a bit ambiguous. This has been auto-corrected to 'type:object'
warning | PreCheck/SchemaMissingType | The schema 'ErrorModelError' with an undefined type and declared properties is a bit ambiguous. This has been auto-corrected to 'type:object'
warning | PreCheck/SchemaMissingType | The schema 'ApplicationResource' with an undefined type and declared properties is a bit ambiguous. This has been auto-corrected to 'type:object'
warning | PreCheck/SchemaMissingType | The schema 'ApplicationResourceList' with an undefined type and declared properties is a bit ambiguous. This has been auto-corrected to 'type:object'
warning | PreCheck/SchemaMissingType | The schema 'ApplicationResourceProperties' with an undefined type and declared properties is a bit ambiguous. This has been auto-corrected to 'type:object'
warning | PreCheck/SchemaMissingType | The schema 'ApplicationResourceUpdate' with an undefined type and declared properties is a bit ambiguous. This has been auto-corrected to 'type:object'
warning | PreCheck/SchemaMissingType | The schema 'ApplicationResourceUpdateProperties' with an undefined type and declared properties is a bit ambiguous. This has been auto-corrected to 'type:object'
warning | PreCheck/SchemaMissingType | The schema 'ApplicationTypeResource' with an undefined type and declared properties is a bit ambiguous. This has been auto-corrected to 'type:object'
warning | PreCheck/SchemaMissingType | The schema 'ApplicationTypeResourceList' with an undefined type and declared properties is a bit ambiguous. This has been auto-corrected to 'type:object'
warning | PreCheck/SchemaMissingType | The schema 'ApplicationTypeResourceProperties' with an undefined type and declared properties is a bit ambiguous. This has been auto-corrected to 'type:object'
warning | PreCheck/SchemaMissingType | The schema 'ApplicationTypeVersionResource' with an undefined type and declared properties is a bit ambiguous. This has been auto-corrected to 'type:object'
warning | PreCheck/SchemaMissingType | The schema 'ApplicationTypeVersionResourceList' with an undefined type and declared properties is a bit ambiguous. This has been auto-corrected to 'type:object'
warning | PreCheck/SchemaMissingType | The schema 'ApplicationTypeVersionResourceProperties' with an undefined type and declared properties is a bit ambiguous. This has been auto-corrected to 'type:object'
warning | PreCheck/SchemaMissingType | The schema 'ApplicationUpgradePolicy' with an undefined type and declared properties is a bit ambiguous. This has been auto-corrected to 'type:object'
warning | PreCheck/SchemaMissingType | The schema 'ApplicationUserAssignedIdentity' with an undefined type and declared properties is a bit ambiguous. This has been auto-corrected to 'type:object'
warning | PreCheck/SchemaMissingType | The schema 'ArmRollingUpgradeMonitoringPolicy' with an undefined type and declared properties is a bit ambiguous. This has been auto-corrected to 'type:object'
warning | PreCheck/SchemaMissingType | The schema 'AvailableOperationDisplay' with an undefined type and declared properties is a bit ambiguous. This has been auto-corrected to 'type:object'
warning | PreCheck/SchemaMissingType | The schema 'ManagedIdentity' with an undefined type and declared properties is a bit ambiguous. This has been auto-corrected to 'type:object'
warning | PreCheck/SchemaMissingType | The schema 'NamedPartitionSchemeDescription' with an undefined type and declared properties is a bit ambiguous. This has been auto-corrected to 'type:object'
warning | PreCheck/SchemaMissingType | The schema 'OperationListResult' with an undefined type and declared properties is a bit ambiguous. This has been auto-corrected to 'type:object'
warning | PreCheck/SchemaMissingType | The schema 'OperationResult' with an undefined type and declared properties is a bit ambiguous. This has been auto-corrected to 'type:object'
warning | PreCheck/SchemaMissingType | The schema 'ProxyResource' with an undefined type and declared properties is a bit ambiguous. This has been auto-corrected to 'type:object'
warning | PreCheck/SchemaMissingType | The schema 'ServiceResource' with an undefined type and declared properties is a bit ambiguous. This has been auto-corrected to 'type:object'
warning | PreCheck/SchemaMissingType | The schema 'ServiceResourceList' with an undefined type and declared properties is a bit ambiguous. This has been auto-corrected to 'type:object'
warning | PreCheck/SchemaMissingType | The schema 'ServiceResourceProperties' with an undefined type and declared properties is a bit ambiguous. This has been auto-corrected to 'type:object'
warning | PreCheck/SchemaMissingType | The schema 'ServiceResourcePropertiesBase' with an undefined type and declared properties is a bit ambiguous. This has been auto-corrected to 'type:object'
warning | PreCheck/SchemaMissingType | The schema 'ServiceResourceUpdate' with an undefined type and declared properties is a bit ambiguous. This has been auto-corrected to 'type:object'
warning | PreCheck/SchemaMissingType | The schema 'ServiceResourceUpdateProperties' with an undefined type and declared properties is a bit ambiguous. This has been auto-corrected to 'type:object'
warning | PreCheck/SchemaMissingType | The schema 'StatefulServiceProperties' with an undefined type and declared properties is a bit ambiguous. This has been auto-corrected to 'type:object'
warning | PreCheck/SchemaMissingType | The schema 'StatefulServiceUpdateProperties' with an undefined type and declared properties is a bit ambiguous. This has been auto-corrected to 'type:object'
warning | PreCheck/SchemaMissingType | The schema 'StatelessServiceProperties' with an undefined type and declared properties is a bit ambiguous. This has been auto-corrected to 'type:object'
warning | PreCheck/SchemaMissingType | The schema 'StatelessServiceUpdateProperties' with an undefined type and declared properties is a bit ambiguous. This has been auto-corrected to 'type:object'
warning | PreCheck/SchemaMissingType | The schema 'UserAssignedIdentity' with an undefined type and declared properties is a bit ambiguous. This has been auto-corrected to 'type:object'
warning | PreCheck/SchemaMissingType | The schema 'UniformInt64RangePartitionSchemeDescription' with an undefined type and declared properties is a bit ambiguous. This has been auto-corrected to 'type:object'
warning | PreCheck/SchemaMissingType | The schema 'ErrorModel' with an undefined type and declared properties is a bit ambiguous. This has been auto-corrected to 'type:object'
warning | PreCheck/SchemaMissingType | The schema 'ErrorModelError' with an undefined type and declared properties is a bit ambiguous. This has been auto-corrected to 'type:object'
warning | PreCheck/EmptyParentSchemaWarning | Schema 'NamedPartitionSchemeDescription' has an allOf list with an empty object schema as a parent, removing it.
warning | PreCheck/EmptyParentSchemaWarning | Schema 'UniformInt64RangePartitionSchemeDescription' has an allOf list with an empty object schema as a parent, removing it.
warning | PreCheck/CheckDuplicateSchemas | Checking for duplicate schemas, this could take a (long) while.  Run with --verbose for more detail.
warning | UnkownSecurityScheme | Security scheme azure_auth is unknown and will not be processed. Only supported types are AADToken,AzureKey,Anonymous
warning | UnkownSecurityScheme | Security scheme azure_auth is unknown and will not be processed. Only supported types are AADToken,AzureKey,Anonymous
info    | autorest.bicep took 9ms
info    | Processing batch task - {"tag":"microsoft.servicefabric-2019-03-01"} .
info    |    Loading local AutoRest extension '@autorest/bicep' (/home/runner/work/bicep-types-az/bicep-types-az/src/autorest.bicep)
info    |    Loading AutoRest extension '@autorest/modelerfour' (*->4.21.3)
warning | SkippedSemanticValidation | Semantic validation was skipped.
warning | PreCheck/SchemaMissingType | The schema 'AvailableOperationDisplay' with an undefined type and declared properties is a bit ambiguous. This has been auto-corrected to 'type:object'
warning | PreCheck/SchemaMissingType | The schema 'AzureActiveDirectory' with an undefined type and declared properties is a bit ambiguous. This has been auto-corrected to 'type:object'
warning | PreCheck/SchemaMissingType | The schema 'CertificateDescription' with an undefined type and declared properties is a bit ambiguous. This has been auto-corrected to 'type:object'
warning | PreCheck/SchemaMissingType | The schema 'ClientCertificateCommonName' with an undefined type and declared properties is a bit ambiguous. This has been auto-corrected to 'type:object'
warning | PreCheck/SchemaMissingType | The schema 'ClientCertificateThumbprint' with an undefined type and declared properties is a bit ambiguous. This has been auto-corrected to 'type:object'
warning | PreCheck/SchemaMissingType | The schema 'ClusterCodeVersionsListResult' with an undefined type and declared properties is a bit ambiguous. This has been auto-corrected to 'type:object'
warning | PreCheck/SchemaMissingType | The schema 'ClusterCodeVersionsResult' with an undefined type and declared properties is a bit ambiguous. This has been auto-corrected to 'type:object'
warning | PreCheck/SchemaMissingType | The schema 'ClusterListResult' with an undefined type and declared properties is a bit ambiguous. This has been auto-corrected to 'type:object'
warning | PreCheck/SchemaMissingType | The schema 'ClusterProperties' with an undefined type and declared properties is a bit ambiguous. This has been auto-corrected to 'type:object'
warning | PreCheck/SchemaMissingType | The schema 'ClusterPropertiesUpdateParameters' with an undefined type and declared properties is a bit ambiguous. This has been auto-corrected to 'type:object'
warning | PreCheck/SchemaMissingType | The schema 'ClusterUpdateParameters' with an undefined type and declared properties is a bit ambiguous. This has been auto-corrected to 'type:object'
warning | PreCheck/SchemaMissingType | The schema 'ClusterUpgradeDeltaHealthPolicy' with an undefined type and declared properties is a bit ambiguous. This has been auto-corrected to 'type:object'
warning | PreCheck/SchemaMissingType | The schema 'ClusterUpgradePolicy' with an undefined type and declared properties is a bit ambiguous. This has been auto-corrected to 'type:object'
warning | PreCheck/SchemaMissingType | The schema 'ClusterVersionDetails' with an undefined type and declared properties is a bit ambiguous. This has been auto-corrected to 'type:object'
warning | PreCheck/SchemaMissingType | The schema 'DiagnosticsStorageAccountConfig' with an undefined type and declared properties is a bit ambiguous. This has been auto-corrected to 'type:object'
warning | PreCheck/SchemaMissingType | The schema 'EndpointRangeDescription' with an undefined type and declared properties is a bit ambiguous. This has been auto-corrected to 'type:object'
warning | PreCheck/SchemaMissingType | The schema 'NodeTypeDescription' with an undefined type and declared properties is a bit ambiguous. This has been auto-corrected to 'type:object'
warning | PreCheck/SchemaMissingType | The schema 'OperationListResult' with an undefined type and declared properties is a bit ambiguous. This has been auto-corrected to 'type:object'
warning | PreCheck/SchemaMissingType | The schema 'OperationResult' with an undefined type and declared properties is a bit ambiguous. This has been auto-corrected to 'type:object'
warning | PreCheck/SchemaMissingType | The schema 'Resource' with an undefined type and declared properties is a bit ambiguous. This has been auto-corrected to 'type:object'
warning | PreCheck/SchemaMissingType | The schema 'ServerCertificateCommonName' with an undefined type and declared properties is a bit ambiguous. This has been auto-corrected to 'type:object'
warning | PreCheck/SchemaMissingType | The schema 'ServerCertificateCommonNames' with an undefined type and declared properties is a bit ambiguous. This has been auto-corrected to 'type:object'
warning | PreCheck/SchemaMissingType | The schema 'SettingsParameterDescription' with an undefined type and declared properties is a bit ambiguous. This has been auto-corrected to 'type:object'
warning | PreCheck/SchemaMissingType | The schema 'SettingsSectionDescription' with an undefined type and declared properties is a bit ambiguous. This has been auto-corrected to 'type:object'
warning | PreCheck/SchemaMissingType | The schema 'ErrorModel' with an undefined type and declared properties is a bit ambiguous. This has been auto-corrected to 'type:object'
warning | PreCheck/SchemaMissingType | The schema 'ErrorModelError' with an undefined type and declared properties is a bit ambiguous. This has been auto-corrected to 'type:object'
warning | PreCheck/SchemaMissingType | The schema 'ApplicationResource' with an undefined type and declared properties is a bit ambiguous. This has been auto-corrected to 'type:object'
warning | PreCheck/SchemaMissingType | The schema 'ApplicationResourceList' with an undefined type and declared properties is a bit ambiguous. This has been auto-corrected to 'type:object'
warning | PreCheck/SchemaMissingType | The schema 'ApplicationResourceProperties' with an undefined type and declared properties is a bit ambiguous. This has been auto-corrected to 'type:object'
warning | PreCheck/SchemaMissingType | The schema 'ApplicationResourceUpdate' with an undefined type and declared properties is a bit ambiguous. This has been auto-corrected to 'type:object'
warning | PreCheck/SchemaMissingType | The schema 'ApplicationResourceUpdateProperties' with an undefined type and declared properties is a bit ambiguous. This has been auto-corrected to 'type:object'
warning | PreCheck/SchemaMissingType | The schema 'ApplicationTypeResource' with an undefined type and declared properties is a bit ambiguous. This has been auto-corrected to 'type:object'
warning | PreCheck/SchemaMissingType | The schema 'ApplicationTypeResourceList' with an undefined type and declared properties is a bit ambiguous. This has been auto-corrected to 'type:object'
warning | PreCheck/SchemaMissingType | The schema 'ApplicationTypeResourceProperties' with an undefined type and declared properties is a bit ambiguous. This has been auto-corrected to 'type:object'
warning | PreCheck/SchemaMissingType | The schema 'ApplicationTypeVersionResource' with an undefined type and declared properties is a bit ambiguous. This has been auto-corrected to 'type:object'
warning | PreCheck/SchemaMissingType | The schema 'ApplicationTypeVersionResourceList' with an undefined type and declared properties is a bit ambiguous. This has been auto-corrected to 'type:object'
warning | PreCheck/SchemaMissingType | The schema 'ApplicationTypeVersionResourceProperties' with an undefined type and declared properties is a bit ambiguous. This has been auto-corrected to 'type:object'
warning | PreCheck/SchemaMissingType | The schema 'ApplicationUpgradePolicy' with an undefined type and declared properties is a bit ambiguous. This has been auto-corrected to 'type:object'
warning | PreCheck/SchemaMissingType | The schema 'ArmRollingUpgradeMonitoringPolicy' with an undefined type and declared properties is a bit ambiguous. This has been auto-corrected to 'type:object'
warning | PreCheck/SchemaMissingType | The schema 'AvailableOperationDisplay' with an undefined type and declared properties is a bit ambiguous. This has been auto-corrected to 'type:object'
warning | PreCheck/SchemaMissingType | The schema 'NamedPartitionSchemeDescription' with an undefined type and declared properties is a bit ambiguous. This has been auto-corrected to 'type:object'
warning | PreCheck/SchemaMissingType | The schema 'OperationListResult' with an undefined type and declared properties is a bit ambiguous. This has been auto-corrected to 'type:object'
warning | PreCheck/SchemaMissingType | The schema 'OperationResult' with an undefined type and declared properties is a bit ambiguous. This has been auto-corrected to 'type:object'
warning | PreCheck/SchemaMissingType | The schema 'ProxyResource' with an undefined type and declared properties is a bit ambiguous. This has been auto-corrected to 'type:object'
warning | PreCheck/SchemaMissingType | The schema 'ServiceResource' with an undefined type and declared properties is a bit ambiguous. This has been auto-corrected to 'type:object'
warning | PreCheck/SchemaMissingType | The schema 'ServiceResourceList' with an undefined type and declared properties is a bit ambiguous. This has been auto-corrected to 'type:object'
warning | PreCheck/SchemaMissingType | The schema 'ServiceResourceProperties' with an undefined type and declared properties is a bit ambiguous. This has been auto-corrected to 'type:object'
warning | PreCheck/SchemaMissingType | The schema 'ServiceResourcePropertiesBase' with an undefined type and declared properties is a bit ambiguous. This has been auto-corrected to 'type:object'
warning | PreCheck/SchemaMissingType | The schema 'ServiceResourceUpdate' with an undefined type and declared properties is a bit ambiguous. This has been auto-corrected to 'type:object'
warning | PreCheck/SchemaMissingType | The schema 'ServiceResourceUpdateProperties' with an undefined type and declared properties is a bit ambiguous. This has been auto-corrected to 'type:object'
warning | PreCheck/SchemaMissingType | The schema 'StatefulServiceProperties' with an undefined type and declared properties is a bit ambiguous. This has been auto-corrected to 'type:object'
warning | PreCheck/SchemaMissingType | The schema 'StatefulServiceUpdateProperties' with an undefined type and declared properties is a bit ambiguous. This has been auto-corrected to 'type:object'
warning | PreCheck/SchemaMissingType | The schema 'StatelessServiceProperties' with an undefined type and declared properties is a bit ambiguous. This has been auto-corrected to 'type:object'
warning | PreCheck/SchemaMissingType | The schema 'StatelessServiceUpdateProperties' with an undefined type and declared properties is a bit ambiguous. This has been auto-corrected to 'type:object'
warning | PreCheck/SchemaMissingType | The schema 'UniformInt64RangePartitionSchemeDescription' with an undefined type and declared properties is a bit ambiguous. This has been auto-corrected to 'type:object'
warning | PreCheck/SchemaMissingType | The schema 'ErrorModel' with an undefined type and declared properties is a bit ambiguous. This has been auto-corrected to 'type:object'
warning | PreCheck/SchemaMissingType | The schema 'ErrorModelError' with an undefined type and declared properties is a bit ambiguous. This has been auto-corrected to 'type:object'
warning | PreCheck/EmptyParentSchemaWarning | Schema 'NamedPartitionSchemeDescription' has an allOf list with an empty object schema as a parent, removing it.
warning | PreCheck/EmptyParentSchemaWarning | Schema 'UniformInt64RangePartitionSchemeDescription' has an allOf list with an empty object schema as a parent, removing it.
warning | PreCheck/CheckDuplicateSchemas | Checking for duplicate schemas, this could take a (long) while.  Run with --verbose for more detail.
warning | UnkownSecurityScheme | Security scheme azure_auth is unknown and will not be processed. Only supported types are AADToken,AzureKey,Anonymous
warning | UnkownSecurityScheme | Security scheme azure_auth is unknown and will not be processed. Only supported types are AADToken,AzureKey,Anonymous
info    | autorest.bicep took 10ms
info    | Processing batch task - {"tag":"microsoft.servicefabric-2019-03-01-preview"} .
info    |    Loading local AutoRest extension '@autorest/bicep' (/home/runner/work/bicep-types-az/bicep-types-az/src/autorest.bicep)
info    |    Loading AutoRest extension '@autorest/modelerfour' (*->4.21.3)
warning | SkippedSemanticValidation | Semantic validation was skipped.
warning | PreCheck/SchemaMissingType | The schema 'AvailableOperationDisplay' with an undefined type and declared properties is a bit ambiguous. This has been auto-corrected to 'type:object'
warning | PreCheck/SchemaMissingType | The schema 'AzureActiveDirectory' with an undefined type and declared properties is a bit ambiguous. This has been auto-corrected to 'type:object'
warning | PreCheck/SchemaMissingType | The schema 'CertificateDescription' with an undefined type and declared properties is a bit ambiguous. This has been auto-corrected to 'type:object'
warning | PreCheck/SchemaMissingType | The schema 'ClientCertificateCommonName' with an undefined type and declared properties is a bit ambiguous. This has been auto-corrected to 'type:object'
warning | PreCheck/SchemaMissingType | The schema 'ClientCertificateThumbprint' with an undefined type and declared properties is a bit ambiguous. This has been auto-corrected to 'type:object'
warning | PreCheck/SchemaMissingType | The schema 'ClusterCodeVersionsListResult' with an undefined type and declared properties is a bit ambiguous. This has been auto-corrected to 'type:object'
warning | PreCheck/SchemaMissingType | The schema 'ClusterCodeVersionsResult' with an undefined type and declared properties is a bit ambiguous. This has been auto-corrected to 'type:object'
warning | PreCheck/SchemaMissingType | The schema 'ClusterListResult' with an undefined type and declared properties is a bit ambiguous. This has been auto-corrected to 'type:object'
warning | PreCheck/SchemaMissingType | The schema 'ClusterProperties' with an undefined type and declared properties is a bit ambiguous. This has been auto-corrected to 'type:object'
warning | PreCheck/SchemaMissingType | The schema 'ClusterPropertiesUpdateParameters' with an undefined type and declared properties is a bit ambiguous. This has been auto-corrected to 'type:object'
warning | PreCheck/SchemaMissingType | The schema 'ClusterUpdateParameters' with an undefined type and declared properties is a bit ambiguous. This has been auto-corrected to 'type:object'
warning | PreCheck/SchemaMissingType | The schema 'ClusterUpgradeDeltaHealthPolicy' with an undefined type and declared properties is a bit ambiguous. This has been auto-corrected to 'type:object'
warning | PreCheck/SchemaMissingType | The schema 'ClusterUpgradePolicy' with an undefined type and declared properties is a bit ambiguous. This has been auto-corrected to 'type:object'
warning | PreCheck/SchemaMissingType | The schema 'ClusterVersionDetails' with an undefined type and declared properties is a bit ambiguous. This has been auto-corrected to 'type:object'
warning | PreCheck/SchemaMissingType | The schema 'DiagnosticsStorageAccountConfig' with an undefined type and declared properties is a bit ambiguous. This has been auto-corrected to 'type:object'
warning | PreCheck/SchemaMissingType | The schema 'EndpointRangeDescription' with an undefined type and declared properties is a bit ambiguous. This has been auto-corrected to 'type:object'
warning | PreCheck/SchemaMissingType | The schema 'NodeTypeDescription' with an undefined type and declared properties is a bit ambiguous. This has been auto-corrected to 'type:object'
warning | PreCheck/SchemaMissingType | The schema 'OperationListResult' with an undefined type and declared properties is a bit ambiguous. This has been auto-corrected to 'type:object'
warning | PreCheck/SchemaMissingType | The schema 'OperationResult' with an undefined type and declared properties is a bit ambiguous. This has been auto-corrected to 'type:object'
warning | PreCheck/SchemaMissingType | The schema 'Resource' with an undefined type and declared properties is a bit ambiguous. This has been auto-corrected to 'type:object'
warning | PreCheck/SchemaMissingType | The schema 'ServerCertificateCommonName' with an undefined type and declared properties is a bit ambiguous. This has been auto-corrected to 'type:object'
warning | PreCheck/SchemaMissingType | The schema 'ServerCertificateCommonNames' with an undefined type and declared properties is a bit ambiguous. This has been auto-corrected to 'type:object'
warning | PreCheck/SchemaMissingType | The schema 'SettingsParameterDescription' with an undefined type and declared properties is a bit ambiguous. This has been auto-corrected to 'type:object'
warning | PreCheck/SchemaMissingType | The schema 'SettingsSectionDescription' with an undefined type and declared properties is a bit ambiguous. This has been auto-corrected to 'type:object'
warning | PreCheck/SchemaMissingType | The schema 'ErrorModel' with an undefined type and declared properties is a bit ambiguous. This has been auto-corrected to 'type:object'
warning | PreCheck/SchemaMissingType | The schema 'ErrorModelError' with an undefined type and declared properties is a bit ambiguous. This has been auto-corrected to 'type:object'
warning | PreCheck/SchemaMissingType | The schema 'ApplicationResource' with an undefined type and declared properties is a bit ambiguous. This has been auto-corrected to 'type:object'
warning | PreCheck/SchemaMissingType | The schema 'ApplicationResourceList' with an undefined type and declared properties is a bit ambiguous. This has been auto-corrected to 'type:object'
warning | PreCheck/SchemaMissingType | The schema 'ApplicationResourceProperties' with an undefined type and declared properties is a bit ambiguous. This has been auto-corrected to 'type:object'
warning | PreCheck/SchemaMissingType | The schema 'ApplicationResourceUpdate' with an undefined type and declared properties is a bit ambiguous. This has been auto-corrected to 'type:object'
warning | PreCheck/SchemaMissingType | The schema 'ApplicationResourceUpdateProperties' with an undefined type and declared properties is a bit ambiguous. This has been auto-corrected to 'type:object'
warning | PreCheck/SchemaMissingType | The schema 'ApplicationTypeResource' with an undefined type and declared properties is a bit ambiguous. This has been auto-corrected to 'type:object'
warning | PreCheck/SchemaMissingType | The schema 'ApplicationTypeResourceList' with an undefined type and declared properties is a bit ambiguous. This has been auto-corrected to 'type:object'
warning | PreCheck/SchemaMissingType | The schema 'ApplicationTypeResourceProperties' with an undefined type and declared properties is a bit ambiguous. This has been auto-corrected to 'type:object'
warning | PreCheck/SchemaMissingType | The schema 'ApplicationTypeVersionResource' with an undefined type and declared properties is a bit ambiguous. This has been auto-corrected to 'type:object'
warning | PreCheck/SchemaMissingType | The schema 'ApplicationTypeVersionResourceList' with an undefined type and declared properties is a bit ambiguous. This has been auto-corrected to 'type:object'
warning | PreCheck/SchemaMissingType | The schema 'ApplicationTypeVersionResourceProperties' with an undefined type and declared properties is a bit ambiguous. This has been auto-corrected to 'type:object'
warning | PreCheck/SchemaMissingType | The schema 'ApplicationUpgradePolicy' with an undefined type and declared properties is a bit ambiguous. This has been auto-corrected to 'type:object'
warning | PreCheck/SchemaMissingType | The schema 'ArmRollingUpgradeMonitoringPolicy' with an undefined type and declared properties is a bit ambiguous. This has been auto-corrected to 'type:object'
warning | PreCheck/SchemaMissingType | The schema 'AvailableOperationDisplay' with an undefined type and declared properties is a bit ambiguous. This has been auto-corrected to 'type:object'
warning | PreCheck/SchemaMissingType | The schema 'NamedPartitionSchemeDescription' with an undefined type and declared properties is a bit ambiguous. This has been auto-corrected to 'type:object'
warning | PreCheck/SchemaMissingType | The schema 'OperationListResult' with an undefined type and declared properties is a bit ambiguous. This has been auto-corrected to 'type:object'
warning | PreCheck/SchemaMissingType | The schema 'OperationResult' with an undefined type and declared properties is a bit ambiguous. This has been auto-corrected to 'type:object'
warning | PreCheck/SchemaMissingType | The schema 'ProxyResource' with an undefined type and declared properties is a bit ambiguous. This has been auto-corrected to 'type:object'
warning | PreCheck/SchemaMissingType | The schema 'ServiceResource' with an undefined type and declared properties is a bit ambiguous. This has been auto-corrected to 'type:object'
warning | PreCheck/SchemaMissingType | The schema 'ServiceResourceList' with an undefined type and declared properties is a bit ambiguous. This has been auto-corrected to 'type:object'
warning | PreCheck/SchemaMissingType | The schema 'ServiceResourceProperties' with an undefined type and declared properties is a bit ambiguous. This has been auto-corrected to 'type:object'
warning | PreCheck/SchemaMissingType | The schema 'ServiceResourcePropertiesBase' with an undefined type and declared properties is a bit ambiguous. This has been auto-corrected to 'type:object'
warning | PreCheck/SchemaMissingType | The schema 'ServiceResourceUpdate' with an undefined type and declared properties is a bit ambiguous. This has been auto-corrected to 'type:object'
warning | PreCheck/SchemaMissingType | The schema 'ServiceResourceUpdateProperties' with an undefined type and declared properties is a bit ambiguous. This has been auto-corrected to 'type:object'
warning | PreCheck/SchemaMissingType | The schema 'StatefulServiceProperties' with an undefined type and declared properties is a bit ambiguous. This has been auto-corrected to 'type:object'
warning | PreCheck/SchemaMissingType | The schema 'StatefulServiceUpdateProperties' with an undefined type and declared properties is a bit ambiguous. This has been auto-corrected to 'type:object'
warning | PreCheck/SchemaMissingType | The schema 'StatelessServiceProperties' with an undefined type and declared properties is a bit ambiguous. This has been auto-corrected to 'type:object'
warning | PreCheck/SchemaMissingType | The schema 'StatelessServiceUpdateProperties' with an undefined type and declared properties is a bit ambiguous. This has been auto-corrected to 'type:object'
warning | PreCheck/SchemaMissingType | The schema 'UniformInt64RangePartitionSchemeDescription' with an undefined type and declared properties is a bit ambiguous. This has been auto-corrected to 'type:object'
warning | PreCheck/SchemaMissingType | The schema 'ErrorModel' with an undefined type and declared properties is a bit ambiguous. This has been auto-corrected to 'type:object'
warning | PreCheck/SchemaMissingType | The schema 'ErrorModelError' with an undefined type and declared properties is a bit ambiguous. This has been auto-corrected to 'type:object'
warning | PreCheck/EmptyParentSchemaWarning | Schema 'NamedPartitionSchemeDescription' has an allOf list with an empty object schema as a parent, removing it.
warning | PreCheck/EmptyParentSchemaWarning | Schema 'UniformInt64RangePartitionSchemeDescription' has an allOf list with an empty object schema as a parent, removing it.
warning | PreCheck/CheckDuplicateSchemas | Checking for duplicate schemas, this could take a (long) while.  Run with --verbose for more detail.
warning | UnkownSecurityScheme | Security scheme azure_auth is unknown and will not be processed. Only supported types are AADToken,AzureKey,Anonymous
warning | UnkownSecurityScheme | Security scheme azure_auth is unknown and will not be processed. Only supported types are AADToken,AzureKey,Anonymous
info    | autorest.bicep took 9ms
info    | Processing batch task - {"tag":"microsoft.servicefabric-2018-02-01"} .
info    |    Loading local AutoRest extension '@autorest/bicep' (/home/runner/work/bicep-types-az/bicep-types-az/src/autorest.bicep)
info    |    Loading AutoRest extension '@autorest/modelerfour' (*->4.21.3)
warning | SkippedSemanticValidation | Semantic validation was skipped.
warning | PreCheck/SchemaMissingType | The schema 'AvailableOperationDisplay' with an undefined type and declared properties is a bit ambiguous. This has been auto-corrected to 'type:object'
warning | PreCheck/SchemaMissingType | The schema 'AzureActiveDirectory' with an undefined type and declared properties is a bit ambiguous. This has been auto-corrected to 'type:object'
warning | PreCheck/SchemaMissingType | The schema 'CertificateDescription' with an undefined type and declared properties is a bit ambiguous. This has been auto-corrected to 'type:object'
warning | PreCheck/SchemaMissingType | The schema 'ClientCertificateCommonName' with an undefined type and declared properties is a bit ambiguous. This has been auto-corrected to 'type:object'
warning | PreCheck/SchemaMissingType | The schema 'ClientCertificateThumbprint' with an undefined type and declared properties is a bit ambiguous. This has been auto-corrected to 'type:object'
warning | PreCheck/SchemaMissingType | The schema 'ClusterCodeVersionsListResult' with an undefined type and declared properties is a bit ambiguous. This has been auto-corrected to 'type:object'
warning | PreCheck/SchemaMissingType | The schema 'ClusterCodeVersionsResult' with an undefined type and declared properties is a bit ambiguous. This has been auto-corrected to 'type:object'
warning | PreCheck/SchemaMissingType | The schema 'ClusterListResult' with an undefined type and declared properties is a bit ambiguous. This has been auto-corrected to 'type:object'
warning | PreCheck/SchemaMissingType | The schema 'ClusterProperties' with an undefined type and declared properties is a bit ambiguous. This has been auto-corrected to 'type:object'
warning | PreCheck/SchemaMissingType | The schema 'ClusterPropertiesUpdateParameters' with an undefined type and declared properties is a bit ambiguous. This has been auto-corrected to 'type:object'
warning | PreCheck/SchemaMissingType | The schema 'ClusterUpdateParameters' with an undefined type and declared properties is a bit ambiguous. This has been auto-corrected to 'type:object'
warning | PreCheck/SchemaMissingType | The schema 'ClusterUpgradeDeltaHealthPolicy' with an undefined type and declared properties is a bit ambiguous. This has been auto-corrected to 'type:object'
warning | PreCheck/SchemaMissingType | The schema 'ClusterUpgradePolicy' with an undefined type and declared properties is a bit ambiguous. This has been auto-corrected to 'type:object'
warning | PreCheck/SchemaMissingType | The schema 'ClusterVersionDetails' with an undefined type and declared properties is a bit ambiguous. This has been auto-corrected to 'type:object'
warning | PreCheck/SchemaMissingType | The schema 'DiagnosticsStorageAccountConfig' with an undefined type and declared properties is a bit ambiguous. This has been auto-corrected to 'type:object'
warning | PreCheck/SchemaMissingType | The schema 'EndpointRangeDescription' with an undefined type and declared properties is a bit ambiguous. This has been auto-corrected to 'type:object'
warning | PreCheck/SchemaMissingType | The schema 'NodeTypeDescription' with an undefined type and declared properties is a bit ambiguous. This has been auto-corrected to 'type:object'
warning | PreCheck/SchemaMissingType | The schema 'OperationListResult' with an undefined type and declared properties is a bit ambiguous. This has been auto-corrected to 'type:object'
warning | PreCheck/SchemaMissingType | The schema 'OperationResult' with an undefined type and declared properties is a bit ambiguous. This has been auto-corrected to 'type:object'
warning | PreCheck/SchemaMissingType | The schema 'Resource' with an undefined type and declared properties is a bit ambiguous. This has been auto-corrected to 'type:object'
warning | PreCheck/SchemaMissingType | The schema 'ServerCertificateCommonName' with an undefined type and declared properties is a bit ambiguous. This has been auto-corrected to 'type:object'
warning | PreCheck/SchemaMissingType | The schema 'ServerCertificateCommonNames' with an undefined type and declared properties is a bit ambiguous. This has been auto-corrected to 'type:object'
warning | PreCheck/SchemaMissingType | The schema 'SettingsParameterDescription' with an undefined type and declared properties is a bit ambiguous. This has been auto-corrected to 'type:object'
warning | PreCheck/SchemaMissingType | The schema 'SettingsSectionDescription' with an undefined type and declared properties is a bit ambiguous. This has been auto-corrected to 'type:object'
warning | PreCheck/SchemaMissingType | The schema 'ErrorModel' with an undefined type and declared properties is a bit ambiguous. This has been auto-corrected to 'type:object'
warning | PreCheck/SchemaMissingType | The schema 'ErrorModelError' with an undefined type and declared properties is a bit ambiguous. This has been auto-corrected to 'type:object'
warning | PreCheck/CheckDuplicateSchemas | Checking for duplicate schemas, this could take a (long) while.  Run with --verbose for more detail.
warning | UnkownSecurityScheme | Security scheme azure_auth is unknown and will not be processed. Only supported types are AADToken,AzureKey,Anonymous
info    | autorest.bicep took 3ms
info    | Processing batch task - {"tag":"microsoft.servicefabric-2017-07-01-preview"} .
info    |    Loading local AutoRest extension '@autorest/bicep' (/home/runner/work/bicep-types-az/bicep-types-az/src/autorest.bicep)
info    |    Loading AutoRest extension '@autorest/modelerfour' (*->4.21.3)
warning | SkippedSemanticValidation | Semantic validation was skipped.
warning | PreCheck/SchemaMissingType | The schema 'NamedPartitionSchemeDescription' with an undefined type and declared properties is a bit ambiguous. This has been auto-corrected to 'type:object'
warning | PreCheck/SchemaMissingType | The schema 'UniformInt64RangePartitionSchemeDescription' with an undefined type and declared properties is a bit ambiguous. This has been auto-corrected to 'type:object'
warning | PreCheck/SchemaMissingType | The schema 'ApplicationResource' with an undefined type and declared properties is a bit ambiguous. This has been auto-corrected to 'type:object'
warning | PreCheck/SchemaMissingType | The schema 'ApplicationResourceList' with an undefined type and declared properties is a bit ambiguous. This has been auto-corrected to 'type:object'
warning | PreCheck/SchemaMissingType | The schema 'ApplicationResourceProperties' with an undefined type and declared properties is a bit ambiguous. This has been auto-corrected to 'type:object'
warning | PreCheck/SchemaMissingType | The schema 'ApplicationResourceUpdate' with an undefined type and declared properties is a bit ambiguous. This has been auto-corrected to 'type:object'
warning | PreCheck/SchemaMissingType | The schema 'ApplicationResourceUpdateProperties' with an undefined type and declared properties is a bit ambiguous. This has been auto-corrected to 'type:object'
warning | PreCheck/SchemaMissingType | The schema 'ApplicationTypeResourceProperties' with an undefined type and declared properties is a bit ambiguous. This has been auto-corrected to 'type:object'
warning | PreCheck/SchemaMissingType | The schema 'ApplicationTypeResource' with an undefined type and declared properties is a bit ambiguous. This has been auto-corrected to 'type:object'
warning | PreCheck/SchemaMissingType | The schema 'ApplicationTypeResourceList' with an undefined type and declared properties is a bit ambiguous. This has been auto-corrected to 'type:object'
warning | PreCheck/SchemaMissingType | The schema 'ApplicationTypeVersionResource' with an undefined type and declared properties is a bit ambiguous. This has been auto-corrected to 'type:object'
warning | PreCheck/SchemaMissingType | The schema 'ApplicationTypeVersionResourceList' with an undefined type and declared properties is a bit ambiguous. This has been auto-corrected to 'type:object'
warning | PreCheck/SchemaMissingType | The schema 'ApplicationTypeVersionResourceProperties' with an undefined type and declared properties is a bit ambiguous. This has been auto-corrected to 'type:object'
warning | PreCheck/SchemaMissingType | The schema 'ApplicationUpgradePolicy' with an undefined type and declared properties is a bit ambiguous. This has been auto-corrected to 'type:object'
warning | PreCheck/SchemaMissingType | The schema 'AvailableOperationDisplay' with an undefined type and declared properties is a bit ambiguous. This has been auto-corrected to 'type:object'
warning | PreCheck/SchemaMissingType | The schema 'OperationListResult' with an undefined type and declared properties is a bit ambiguous. This has been auto-corrected to 'type:object'
warning | PreCheck/SchemaMissingType | The schema 'OperationResult' with an undefined type and declared properties is a bit ambiguous. This has been auto-corrected to 'type:object'
warning | PreCheck/SchemaMissingType | The schema 'ProxyResource' with an undefined type and declared properties is a bit ambiguous. This has been auto-corrected to 'type:object'
warning | PreCheck/SchemaMissingType | The schema 'ArmRollingUpgradeMonitoringPolicy' with an undefined type and declared properties is a bit ambiguous. This has been auto-corrected to 'type:object'
warning | PreCheck/SchemaMissingType | The schema 'ServiceResource' with an undefined type and declared properties is a bit ambiguous. This has been auto-corrected to 'type:object'
warning | PreCheck/SchemaMissingType | The schema 'ServiceResourceList' with an undefined type and declared properties is a bit ambiguous. This has been auto-corrected to 'type:object'
warning | PreCheck/SchemaMissingType | The schema 'ServiceResourceProperties' with an undefined type and declared properties is a bit ambiguous. This has been auto-corrected to 'type:object'
warning | PreCheck/SchemaMissingType | The schema 'ServiceResourcePropertiesBase' with an undefined type and declared properties is a bit ambiguous. This has been auto-corrected to 'type:object'
warning | PreCheck/SchemaMissingType | The schema 'ServiceResourceUpdate' with an undefined type and declared properties is a bit ambiguous. This has been auto-corrected to 'type:object'
warning | PreCheck/SchemaMissingType | The schema 'ServiceResourceUpdateProperties' with an undefined type and declared properties is a bit ambiguous. This has been auto-corrected to 'type:object'
warning | PreCheck/SchemaMissingType | The schema 'StatefulServiceProperties' with an undefined type and declared properties is a bit ambiguous. This has been auto-corrected to 'type:object'
warning | PreCheck/SchemaMissingType | The schema 'StatefulServiceUpdateProperties' with an undefined type and declared properties is a bit ambiguous. This has been auto-corrected to 'type:object'
warning | PreCheck/SchemaMissingType | The schema 'StatelessServiceProperties' with an undefined type and declared properties is a bit ambiguous. This has been auto-corrected to 'type:object'
warning | PreCheck/SchemaMissingType | The schema 'StatelessServiceUpdateProperties' with an undefined type and declared properties is a bit ambiguous. This has been auto-corrected to 'type:object'
warning | PreCheck/SchemaMissingType | The schema 'ErrorModel' with an undefined type and declared properties is a bit ambiguous. This has been auto-corrected to 'type:object'
warning | PreCheck/SchemaMissingType | The schema 'ErrorModelError' with an undefined type and declared properties is a bit ambiguous. This has been auto-corrected to 'type:object'
warning | PreCheck/SchemaMissingType | The schema 'NamedPartitionSchemeDescription' with an undefined type and declared properties is a bit ambiguous. This has been auto-corrected to 'type:object'
warning | PreCheck/SchemaMissingType | The schema 'UniformInt64RangePartitionSchemeDescription' with an undefined type and declared properties is a bit ambiguous. This has been auto-corrected to 'type:object'
warning | PreCheck/SchemaMissingType | The schema 'ApplicationTypeResource' with an undefined type and declared properties is a bit ambiguous. This has been auto-corrected to 'type:object'
warning | PreCheck/SchemaMissingType | The schema 'ApplicationTypeResourceList' with an undefined type and declared properties is a bit ambiguous. This has been auto-corrected to 'type:object'
warning | PreCheck/SchemaMissingType | The schema 'ApplicationTypeProperties' with an undefined type and declared properties is a bit ambiguous. This has been auto-corrected to 'type:object'
warning | PreCheck/SchemaMissingType | The schema 'VersionResource' with an undefined type and declared properties is a bit ambiguous. This has been auto-corrected to 'type:object'
warning | PreCheck/SchemaMissingType | The schema 'VersionResourceList' with an undefined type and declared properties is a bit ambiguous. This has been auto-corrected to 'type:object'
warning | PreCheck/SchemaMissingType | The schema 'VersionProperties' with an undefined type and declared properties is a bit ambiguous. This has been auto-corrected to 'type:object'
warning | PreCheck/SchemaMissingType | The schema 'ApplicationResource' with an undefined type and declared properties is a bit ambiguous. This has been auto-corrected to 'type:object'
warning | PreCheck/SchemaMissingType | The schema 'ApplicationResourceList' with an undefined type and declared properties is a bit ambiguous. This has been auto-corrected to 'type:object'
warning | PreCheck/SchemaMissingType | The schema 'ApplicationProperties' with an undefined type and declared properties is a bit ambiguous. This has been auto-corrected to 'type:object'
warning | PreCheck/SchemaMissingType | The schema 'ApplicationResourceUpdate' with an undefined type and declared properties is a bit ambiguous. This has been auto-corrected to 'type:object'
warning | PreCheck/SchemaMissingType | The schema 'ApplicationUpdateProperties' with an undefined type and declared properties is a bit ambiguous. This has been auto-corrected to 'type:object'
warning | PreCheck/SchemaMissingType | The schema 'ApplicationUpgradePolicy' with an undefined type and declared properties is a bit ambiguous. This has been auto-corrected to 'type:object'
warning | PreCheck/SchemaMissingType | The schema 'ServiceResource' with an undefined type and declared properties is a bit ambiguous. This has been auto-corrected to 'type:object'
warning | PreCheck/SchemaMissingType | The schema 'ServiceResourceList' with an undefined type and declared properties is a bit ambiguous. This has been auto-corrected to 'type:object'
warning | PreCheck/SchemaMissingType | The schema 'ServiceProperties' with an undefined type and declared properties is a bit ambiguous. This has been auto-corrected to 'type:object'
warning | PreCheck/SchemaMissingType | The schema 'ServicePropertiesBase' with an undefined type and declared properties is a bit ambiguous. This has been auto-corrected to 'type:object'
warning | PreCheck/SchemaMissingType | The schema 'ServiceResourceUpdate' with an undefined type and declared properties is a bit ambiguous. This has been auto-corrected to 'type:object'
warning | PreCheck/SchemaMissingType | The schema 'ServiceUpdateProperties' with an undefined type and declared properties is a bit ambiguous. This has been auto-corrected to 'type:object'
warning | PreCheck/SchemaMissingType | The schema 'StatelessServiceProperties' with an undefined type and declared properties is a bit ambiguous. This has been auto-corrected to 'type:object'
warning | PreCheck/SchemaMissingType | The schema 'StatelessServiceUpdateProperties' with an undefined type and declared properties is a bit ambiguous. This has been auto-corrected to 'type:object'
warning | PreCheck/SchemaMissingType | The schema 'StatefulServiceProperties' with an undefined type and declared properties is a bit ambiguous. This has been auto-corrected to 'type:object'
warning | PreCheck/SchemaMissingType | The schema 'StatefulServiceUpdateProperties' with an undefined type and declared properties is a bit ambiguous. This has been auto-corrected to 'type:object'
warning | PreCheck/SchemaMissingType | The schema 'AvailableOperationDisplay' with an undefined type and declared properties is a bit ambiguous. This has been auto-corrected to 'type:object'
warning | PreCheck/SchemaMissingType | The schema 'AzureActiveDirectory' with an undefined type and declared properties is a bit ambiguous. This has been auto-corrected to 'type:object'
warning | PreCheck/SchemaMissingType | The schema 'CertificateDescription' with an undefined type and declared properties is a bit ambiguous. This has been auto-corrected to 'type:object'
warning | PreCheck/SchemaMissingType | The schema 'ClientCertificateCommonName' with an undefined type and declared properties is a bit ambiguous. This has been auto-corrected to 'type:object'
warning | PreCheck/SchemaMissingType | The schema 'ClientCertificateThumbprint' with an undefined type and declared properties is a bit ambiguous. This has been auto-corrected to 'type:object'
warning | PreCheck/SchemaMissingType | The schema 'ClusterCodeVersionsListResult' with an undefined type and declared properties is a bit ambiguous. This has been auto-corrected to 'type:object'
warning | PreCheck/SchemaMissingType | The schema 'ClusterCodeVersionsResult' with an undefined type and declared properties is a bit ambiguous. This has been auto-corrected to 'type:object'
warning | PreCheck/SchemaMissingType | The schema 'ClusterListResult' with an undefined type and declared properties is a bit ambiguous. This has been auto-corrected to 'type:object'
warning | PreCheck/SchemaMissingType | The schema 'ClusterProperties' with an undefined type and declared properties is a bit ambiguous. This has been auto-corrected to 'type:object'
warning | PreCheck/SchemaMissingType | The schema 'ClusterPropertiesUpdateParameters' with an undefined type and declared properties is a bit ambiguous. This has been auto-corrected to 'type:object'
warning | PreCheck/SchemaMissingType | The schema 'ClusterUpdateParameters' with an undefined type and declared properties is a bit ambiguous. This has been auto-corrected to 'type:object'
warning | PreCheck/SchemaMissingType | The schema 'ClusterUpgradeDeltaHealthPolicy' with an undefined type and declared properties is a bit ambiguous. This has been auto-corrected to 'type:object'
warning | PreCheck/SchemaMissingType | The schema 'ClusterUpgradePolicy' with an undefined type and declared properties is a bit ambiguous. This has been auto-corrected to 'type:object'
warning | PreCheck/SchemaMissingType | The schema 'ClusterVersionDetails' with an undefined type and declared properties is a bit ambiguous. This has been auto-corrected to 'type:object'
warning | PreCheck/SchemaMissingType | The schema 'DiagnosticsStorageAccountConfig' with an undefined type and declared properties is a bit ambiguous. This has been auto-corrected to 'type:object'
warning | PreCheck/SchemaMissingType | The schema 'EndpointRangeDescription' with an undefined type and declared properties is a bit ambiguous. This has been auto-corrected to 'type:object'
warning | PreCheck/SchemaMissingType | The schema 'ErrorModel' with an undefined type and declared properties is a bit ambiguous. This has been auto-corrected to 'type:object'
warning | PreCheck/SchemaMissingType | The schema 'NodeTypeDescription' with an undefined type and declared properties is a bit ambiguous. This has been auto-corrected to 'type:object'
warning | PreCheck/SchemaMissingType | The schema 'OperationListResult' with an undefined type and declared properties is a bit ambiguous. This has been auto-corrected to 'type:object'
warning | PreCheck/SchemaMissingType | The schema 'OperationResult' with an undefined type and declared properties is a bit ambiguous. This has been auto-corrected to 'type:object'
warning | PreCheck/SchemaMissingType | The schema 'ProxyResource' with an undefined type and declared properties is a bit ambiguous. This has been auto-corrected to 'type:object'
warning | PreCheck/SchemaMissingType | The schema 'Resource' with an undefined type and declared properties is a bit ambiguous. This has been auto-corrected to 'type:object'
warning | PreCheck/SchemaMissingType | The schema 'RollingUpgradeMonitoringPolicy' with an undefined type and declared properties is a bit ambiguous. This has been auto-corrected to 'type:object'
warning | PreCheck/SchemaMissingType | The schema 'SettingsParameterDescription' with an undefined type and declared properties is a bit ambiguous. This has been auto-corrected to 'type:object'
warning | PreCheck/SchemaMissingType | The schema 'SettingsSectionDescription' with an undefined type and declared properties is a bit ambiguous. This has been auto-corrected to 'type:object'
warning | PreCheck/SchemaMissingType | The schema 'ClusterHealthPolicy' with an undefined type and declared properties is a bit ambiguous. This has been auto-corrected to 'type:object'
warning | PreCheck/EmptyParentSchemaWarning | Schema 'NamedPartitionSchemeDescription' has an allOf list with an empty object schema as a parent, removing it.
warning | PreCheck/EmptyParentSchemaWarning | Schema 'UniformInt64RangePartitionSchemeDescription' has an allOf list with an empty object schema as a parent, removing it.
warning | PreCheck/EmptyParentSchemaWarning | Schema 'NamedPartitionSchemeDescription' has an allOf list with an empty object schema as a parent, removing it.
warning | PreCheck/EmptyParentSchemaWarning | Schema 'UniformInt64RangePartitionSchemeDescription' has an allOf list with an empty object schema as a parent, removing it.
warning | PreCheck/CheckDuplicateSchemas | Checking for duplicate schemas, this could take a (long) while.  Run with --verbose for more detail.
warning | PreCheck/DuplicateSchema | Duplicate Schema named 'ServiceCorrelationDescription' (2 differences):
  - properties.Scheme.description: "The ServiceCorrelationScheme which describes the relationship between this service and the service specified via ServiceName." => <none>
  - properties.ServiceName.description: "The name of the service that the correlation relationship is established with." => <none>
warning | PreCheck/DuplicateSchema | Duplicate Schema named 'ServiceLoadMetricDescription' (1 differences):
  - properties.Weight.description: "The service load metric relative weight, compared to other metrics configured for this service, as a number." => <none>
warning | PreCheck/DuplicateSchema | Duplicate Schema named 'ServicePlacementPolicyDescription' (1 differences):
  - properties.Type.description: "The type of placement policy for a service fabric service. Following are the possible values." => <none>
warning | PreCheck/DuplicateSchema | Duplicate Schema named 'PartitionSchemeDescription' (1 differences):
  - properties.PartitionScheme.description: "Specifies how the service is partitioned." => <none>
warning | PreCheck/DuplicateSchema | Duplicate Schema named 'NamedPartitionSchemeDescription' (1 differences):
  - allOf.0.$ref: "#/components/schemas/schemas:30" => "#/components/schemas/schemas:178"
warning | PreCheck/DuplicateSchema | Duplicate Schema named 'SingletonPartitionSchemeDescription' (1 differences):
  - allOf.0.$ref: "#/components/schemas/schemas:30" => "#/components/schemas/schemas:178"
warning | PreCheck/DuplicateSchema | Duplicate Schema named 'UniformInt64RangePartitionSchemeDescription' (1 differences):
  - allOf.0.$ref: "#/components/schemas/schemas:30" => "#/components/schemas/schemas:178"
warning | PreCheck/DuplicateSchema | Duplicate Schema named 'ApplicationResource' (3 differences):
  - properties.properties.$ref: "#/components/schemas/schemas:48" => "#/components/schemas/schemas:206"
  - properties.properties.description: "The application resource properties." => <none>
  - allOf.0.$ref: "#/components/schemas/schemas:83" => "#/components/schemas/schemas:337"
warning | PreCheck/DuplicateSchema | Duplicate Schema named 'ApplicationResourceList' (1 differences):
  - properties.value.$ref: "#/components/schemas/schemas:47" => "#/components/schemas/schemas:205"
warning | PreCheck/DuplicateSchema | Duplicate Schema named 'ApplicationResourceUpdate' (3 differences):
  - properties.properties.$ref: "#/components/schemas/schemas:51" => "#/components/schemas/schemas:209"
  - properties.properties.description: "The application resource properties for patch operations." => <none>
  - allOf.0.$ref: "#/components/schemas/schemas:83" => "#/components/schemas/schemas:337"
warning | PreCheck/DuplicateSchema | Duplicate Schema named 'ApplicationTypeResource' (3 differences):
  - properties.properties.$ref: "#/components/schemas/schemas:56" => "#/components/schemas/schemas:195"
  - properties.properties.description: "The application type name properties" => <none>
  - allOf.0.$ref: "#/components/schemas/schemas:83" => "#/components/schemas/schemas:337"
warning | PreCheck/DuplicateSchema | Duplicate Schema named 'ApplicationTypeResourceList' (1 differences):
  - properties.value.$ref: "#/components/schemas/schemas:60" => "#/components/schemas/schemas:194"
warning | PreCheck/DuplicateSchema | Duplicate Schema named 'ApplicationUpgradePolicy' (7 differences):
  - properties.upgradeReplicaSetCheckTimeout.$ref: "#/components/schemas/schemas:68" => "#/components/schemas/schemas:161"
  - properties.upgradeReplicaSetCheckTimeout.description: "The maximum amount of time to block processing of an upgrade domain and prevent loss of availability when there are unexpected issues. When this timeout expires, processing of the upgrade domain will proceed regardless of availability loss issues. The timeout is reset at the start of each upgrade domain. Valid values are between 0 and 42949672925 inclusive. (unsigned 32-bit integer)." => <none>
  - properties.forceRestart.description: "If true, then processes are forcefully restarted during upgrade even when the code version has not changed (the upgrade only changes configuration or data)." => <none>
  - properties.rollingUpgradeMonitoringPolicy.$ref: "#/components/schemas/schemas:88" => "#/components/schemas/schemas:349"
  - properties.rollingUpgradeMonitoringPolicy.description: "The policy used for monitoring the application upgrade" => <none>
  - properties.applicationHealthPolicy.$ref: "#/components/schemas/schemas:69" => "#/components/schemas/schemas:133"
  - properties.applicationHealthPolicy.description: "Defines a health policy used to evaluate the health of an application or one of its children entities.\n" => <none>
warning | PreCheck/DuplicateSchema | Duplicate Schema named 'ProxyResource' (5 differences):
  - properties.id.description: "Azure resource identifier." => "Azure resource ID."
  - properties.location.x-ms-mutability: ["create","read"] => <none>
  - properties.location.$ref: "#/components/schemas/schemas:87" => "#/components/schemas/schemas:341"
  - properties.location.description: "Azure resource location." => "Resource location."
  - required: <none> => ["location"]
warning | PreCheck/DuplicateSchema | Duplicate Schema named 'ServiceResource' (3 differences):
  - properties.properties.$ref: "#/components/schemas/schemas:93" => "#/components/schemas/schemas:216"
  - properties.properties.description: "The service resource properties." => <none>
  - allOf.0.$ref: "#/components/schemas/schemas:83" => "#/components/schemas/schemas:337"
warning | PreCheck/DuplicateSchema | Duplicate Schema named 'ServiceResourceList' (1 differences):
  - properties.value.$ref: "#/components/schemas/schemas:92" => "#/components/schemas/schemas:215"
warning | PreCheck/DuplicateSchema | Duplicate Schema named 'ServiceResourceUpdate' (3 differences):
  - properties.properties.$ref: "#/components/schemas/schemas:99" => "#/components/schemas/schemas:222"
  - properties.properties.description: "The service resource properties for patch operations." => <none>
  - allOf.0.$ref: "#/components/schemas/schemas:83" => "#/components/schemas/schemas:337"
warning | PreCheck/DuplicateSchema | Duplicate Schema named 'StatefulServiceProperties' (1 differences):
  - allOf.0.$ref: "#/components/schemas/schemas:93" => "#/components/schemas/schemas:216"
warning | PreCheck/DuplicateSchema | Duplicate Schema named 'StatefulServiceUpdateProperties' (1 differences):
  - allOf.0.$ref: "#/components/schemas/schemas:99" => "#/components/schemas/schemas:222"
warning | PreCheck/DuplicateSchema | Duplicate Schema named 'StatelessServiceProperties' (1 differences):
  - allOf.0.$ref: "#/components/schemas/schemas:93" => "#/components/schemas/schemas:216"
warning | PreCheck/DuplicateSchema | Duplicate Schema named 'StatelessServiceUpdateProperties' (1 differences):
  - allOf.0.$ref: "#/components/schemas/schemas:99" => "#/components/schemas/schemas:222"
warning | PreCheck/DuplicateSchema | Duplicate Schema named 'ErrorModel' (3 differences):
  - properties.error: {"$ref":"#/components/schemas/schemas:117","description":"The error details."} => <none>
  - properties.code: <none> => {"$ref":"#/components/schemas/schemas:318","description":"The error code."}
  - properties.message: <none> => {"$ref":"#/components/schemas/schemas:319","description":"The error message."}
warning | UnkownSecurityScheme | Security scheme azure_auth is unknown and will not be processed. Only supported types are AADToken,AzureKey,Anonymous
warning | UnkownSecurityScheme | Security scheme azure_auth is unknown and will not be processed. Only supported types are AADToken,AzureKey,Anonymous
warning | PreNamer/DeduplicateName | Deduplicating schema name: 'ErrorModel' -> 'ErrorModelAutoGenerated'
warning | PreNamer/DeduplicateName | Deduplicating schema name: 'ApplicationTypeResource' -> 'ApplicationTypeResourceAutoGenerated'
warning | PreNamer/DeduplicateName | Deduplicating schema name: 'ProxyResource' -> 'ProxyResourceAutoGenerated'
warning | PreNamer/DeduplicateName | Deduplicating schema name: 'ApplicationTypeResourceList' -> 'ApplicationTypeResourceListAutoGenerated'
warning | PreNamer/DeduplicateName | Deduplicating schema name: 'ApplicationResource' -> 'ApplicationResourceAutoGenerated'
warning | PreNamer/DeduplicateName | Deduplicating schema name: 'ApplicationUpgradePolicy' -> 'ApplicationUpgradePolicyAutoGenerated'
warning | PreNamer/DeduplicateName | Deduplicating schema name: 'ApplicationResourceUpdate' -> 'ApplicationResourceUpdateAutoGenerated'
warning | PreNamer/DeduplicateName | Deduplicating schema name: 'ApplicationResourceList' -> 'ApplicationResourceListAutoGenerated'
warning | PreNamer/DeduplicateName | Deduplicating schema name: 'ServiceResource' -> 'ServiceResourceAutoGenerated'
warning | PreNamer/DeduplicateName | Deduplicating schema name: 'PartitionSchemeDescription' -> 'PartitionSchemeDescriptionAutoGenerated'
warning | PreNamer/DeduplicateName | Deduplicating schema name: 'ServiceCorrelationDescription' -> 'ServiceCorrelationDescriptionAutoGenerated'
warning | PreNamer/DeduplicateName | Deduplicating schema name: 'ServiceLoadMetricDescription' -> 'ServiceLoadMetricDescriptionAutoGenerated'
warning | PreNamer/DeduplicateName | Deduplicating schema name: 'ServicePlacementPolicyDescription' -> 'ServicePlacementPolicyDescriptionAutoGenerated'
warning | PreNamer/DeduplicateName | Deduplicating schema name: 'ServiceResourceUpdate' -> 'ServiceResourceUpdateAutoGenerated'
warning | PreNamer/DeduplicateName | Deduplicating schema name: 'ServiceResourceList' -> 'ServiceResourceListAutoGenerated'
warning | PreNamer/DeduplicateName | Deduplicating schema name: 'NamedPartitionSchemeDescription' -> 'NamedPartitionSchemeDescriptionAutoGenerated'
warning | PreNamer/DeduplicateName | Deduplicating schema name: 'SingletonPartitionSchemeDescription' -> 'SingletonPartitionSchemeDescriptionAutoGenerated'
warning | PreNamer/DeduplicateName | Deduplicating schema name: 'UniformInt64RangePartitionSchemeDescription' -> 'UniformInt64RangePartitionSchemeDescriptionAutoGenerated'
warning | PreNamer/DeduplicateName | Deduplicating schema name: 'StatefulServiceProperties' -> 'StatefulServicePropertiesAutoGenerated'
warning | PreNamer/DeduplicateName | Deduplicating schema name: 'StatefulServiceUpdateProperties' -> 'StatefulServiceUpdatePropertiesAutoGenerated'
warning | PreNamer/DeduplicateName | Deduplicating schema name: 'StatelessServiceProperties' -> 'StatelessServicePropertiesAutoGenerated'
warning | PreNamer/DeduplicateName | Deduplicating schema name: 'StatelessServiceUpdateProperties' -> 'StatelessServiceUpdatePropertiesAutoGenerated'
info    | autorest.bicep took 5ms
info    | Processing batch task - {"tag":"microsoft.servicefabric-2016-09-01"} .
info    |    Loading local AutoRest extension '@autorest/bicep' (/home/runner/work/bicep-types-az/bicep-types-az/src/autorest.bicep)
info    |    Loading AutoRest extension '@autorest/modelerfour' (*->4.21.3)
warning | SkippedSemanticValidation | Semantic validation was skipped.
warning | PreCheck/SchemaMissingType | The schema 'ClusterVersionDetails' with an undefined type and declared properties is a bit ambiguous. This has been auto-corrected to 'type:object'
warning | PreCheck/SchemaMissingType | The schema 'ClusterCodeVersionsResult' with an undefined type and declared properties is a bit ambiguous. This has been auto-corrected to 'type:object'
warning | PreCheck/SchemaMissingType | The schema 'ClusterCodeVersionsListResult' with an undefined type and declared properties is a bit ambiguous. This has been auto-corrected to 'type:object'
warning | PreCheck/SchemaMissingType | The schema 'CertificateDescription' with an undefined type and declared properties is a bit ambiguous. This has been auto-corrected to 'type:object'
warning | PreCheck/SchemaMissingType | The schema 'SettingsParameterDescription' with an undefined type and declared properties is a bit ambiguous. This has been auto-corrected to 'type:object'
warning | PreCheck/SchemaMissingType | The schema 'SettingsSectionDescription' with an undefined type and declared properties is a bit ambiguous. This has been auto-corrected to 'type:object'
warning | PreCheck/SchemaMissingType | The schema 'EndpointRangeDescription' with an undefined type and declared properties is a bit ambiguous. This has been auto-corrected to 'type:object'
warning | PreCheck/SchemaMissingType | The schema 'NodeTypeDescription' with an undefined type and declared properties is a bit ambiguous. This has been auto-corrected to 'type:object'
warning | PreCheck/SchemaMissingType | The schema 'ClientCertificateThumbprint' with an undefined type and declared properties is a bit ambiguous. This has been auto-corrected to 'type:object'
warning | PreCheck/SchemaMissingType | The schema 'ClientCertificateCommonName' with an undefined type and declared properties is a bit ambiguous. This has been auto-corrected to 'type:object'
warning | PreCheck/SchemaMissingType | The schema 'ClusterHealthPolicy' with an undefined type and declared properties is a bit ambiguous. This has been auto-corrected to 'type:object'
warning | PreCheck/SchemaMissingType | The schema 'ClusterUpgradeDeltaHealthPolicy' with an undefined type and declared properties is a bit ambiguous. This has been auto-corrected to 'type:object'
warning | PreCheck/SchemaMissingType | The schema 'ClusterUpgradePolicy' with an undefined type and declared properties is a bit ambiguous. This has been auto-corrected to 'type:object'
warning | PreCheck/SchemaMissingType | The schema 'DiagnosticsStorageAccountConfig' with an undefined type and declared properties is a bit ambiguous. This has been auto-corrected to 'type:object'
warning | PreCheck/SchemaMissingType | The schema 'AzureActiveDirectory' with an undefined type and declared properties is a bit ambiguous. This has been auto-corrected to 'type:object'
warning | PreCheck/SchemaMissingType | The schema 'ClusterPropertiesUpdateParameters' with an undefined type and declared properties is a bit ambiguous. This has been auto-corrected to 'type:object'
warning | PreCheck/SchemaMissingType | The schema 'ClusterProperties' with an undefined type and declared properties is a bit ambiguous. This has been auto-corrected to 'type:object'
warning | PreCheck/SchemaMissingType | The schema 'ClusterUpdateParameters' with an undefined type and declared properties is a bit ambiguous. This has been auto-corrected to 'type:object'
warning | PreCheck/SchemaMissingType | The schema 'Cluster' with an undefined type and declared properties is a bit ambiguous. This has been auto-corrected to 'type:object'
warning | PreCheck/SchemaMissingType | The schema 'ClusterListResult' with an undefined type and declared properties is a bit ambiguous. This has been auto-corrected to 'type:object'
warning | PreCheck/SchemaMissingType | The schema 'AvailableOperationDisplay' with an undefined type and declared properties is a bit ambiguous. This has been auto-corrected to 'type:object'
warning | PreCheck/SchemaMissingType | The schema 'OperationResult' with an undefined type and declared properties is a bit ambiguous. This has been auto-corrected to 'type:object'
warning | PreCheck/SchemaMissingType | The schema 'OperationListResult' with an undefined type and declared properties is a bit ambiguous. This has been auto-corrected to 'type:object'
warning | PreCheck/SchemaMissingType | The schema 'ErrorModel' with an undefined type and declared properties is a bit ambiguous. This has been auto-corrected to 'type:object'
warning | PreCheck/SchemaMissingType | The schema 'ErrorModel-error' with an undefined type and declared properties is a bit ambiguous. This has been auto-corrected to 'type:object'
warning | PreCheck/SchemaMissingType | The schema 'Resource' with an undefined type and declared properties is a bit ambiguous. This has been auto-corrected to 'type:object'
warning | PreCheck/CheckDuplicateSchemas | Checking for duplicate schemas, this could take a (long) while.  Run with --verbose for more detail.
warning | UnkownSecurityScheme | Security scheme azure_auth is unknown and will not be processed. Only supported types are AADToken,AzureKey,Anonymous
info    | autorest.bicep took 3ms
info    | Generation Complete
