AutoRest code generation utility [cli version: 3.2.1; node: v14.17.0, max-memory: 2048 MB]
(C) 2018 Microsoft Corporation.
https://aka.ms/autorest
   Loading AutoRest core      '/home/runner/work/bicep-types-az/bicep-types-az/src/generator/node_modules/@autorest/core/dist' (3.4.3)
INFORMATION: > Loading local AutoRest extension '@autorest/bicep' (/home/runner/work/bicep-types-az/bicep-types-az/src/autorest.bicep)
INFORMATION: > Loading AutoRest extension '@autorest/modelerfour' (4.19.2->4.19.2)
Processing batch task - {"tag":"microsoft.agfoodplatform-2020-05-12-preview"} .
INFORMATION: > Loading local AutoRest extension '@autorest/bicep' (/home/runner/work/bicep-types-az/bicep-types-az/src/autorest.bicep)
INFORMATION: > Loading AutoRest extension '@autorest/modelerfour' (4.19.2->4.19.2)
WARNING: Semantic validation was skipped.

WARNING (PreCheck/SchemaMissingType): The schema 'Resource' with an undefined type and declared properties is a bit ambiguous. This has been auto-corrected to 'type:object'

WARNING (PreCheck/SchemaMissingType): The schema 'TrackedResource' with an undefined type and declared properties is a bit ambiguous. This has been auto-corrected to 'type:object'

WARNING (PreCheck/SchemaMissingType): The schema 'ProxyResource' with an undefined type and 'allOf'/'anyOf'/'oneOf' is a bit ambiguous. This has been auto-corrected to 'type:object'

WARNING (PreCheck/SchemaMissingType): The schema 'ErrorDetail' with an undefined type and declared properties is a bit ambiguous. This has been auto-corrected to 'type:object'

WARNING (PreCheck/SchemaMissingType): The schema 'ErrorResponse' with an undefined type and declared properties is a bit ambiguous. This has been auto-corrected to 'type:object'

WARNING (PreCheck/SchemaMissingType): The schema 'ErrorAdditionalInfo' with an undefined type and declared properties is a bit ambiguous. This has been auto-corrected to 'type:object'

WARNING (PreCheck/SchemaMissingType): The schema 'Operation-display' with an undefined type and declared properties is a bit ambiguous. This has been auto-corrected to 'type:object'

WARNING (PreCheck/SchemaMissingType): The schema 'OperationListResult' with an undefined type and declared properties is a bit ambiguous. This has been auto-corrected to 'type:object'

WARNING (PreCheck/CheckDuplicateSchemas): Checking for duplicate schemas, this could take a (long) while.  Run with --verbose for more detail.

WARNING (UnkownSecurityScheme): Security scheme azure_auth is unknown and will not be processed. Only supported types are AADToken,AzureKey
INFORMATION: Resource type microsoft.agfoodplatform/farmbeats/extensions under path '/subscriptions/{subscriptionId}/resourceGroups/{resourceGroupName}/providers/Microsoft.AgFoodPlatform/farmBeats/{farmBeatsResourceName}/extensions/{extensionId}' has no body defined.
INFORMATION: autorest.bicep took 10ms
[5.63 s] Generation Complete
