AutoRest code generation utility [cli version: 3.2.1; node: v14.17.0, max-memory: 2048 MB]
(C) 2018 Microsoft Corporation.
https://aka.ms/autorest
   Loading AutoRest core      '/home/runner/work/bicep-types-az/bicep-types-az/src/generator/node_modules/@autorest/core/dist' (3.4.3)
INFORMATION: > Loading local AutoRest extension '@autorest/bicep' (/home/runner/work/bicep-types-az/bicep-types-az/src/generator)
Processing batch task - {"tag":"microsoft.network-2018-08-01"} .
INFORMATION: > Loading local AutoRest extension '@autorest/bicep' (/home/runner/work/bicep-types-az/bicep-types-az/src/generator)
WARNING: Semantic validation was skipped.
WARNING: Skipping path '/subscriptions/{subscriptionId}/resourceGroups/{resourceGroupName}/providers/Microsoft.Network/trafficmanagerprofiles/{profileName}/{endpointType}/{endpointName}': Parameter reference {endpointType} is not defined as an enum
INFORMATION: Resource type Microsoft.Network/trafficManagerUserMetricsKeys under path '/subscriptions/{subscriptionId}/providers/Microsoft.Network/trafficManagerUserMetricsKeys/default' has no body defined.
Processing batch task - {"tag":"microsoft.network-2018-04-01"} .
INFORMATION: > Loading local AutoRest extension '@autorest/bicep' (/home/runner/work/bicep-types-az/bicep-types-az/src/generator)
WARNING: Semantic validation was skipped.
WARNING: Skipping path '/subscriptions/{subscriptionId}/resourceGroups/{resourceGroupName}/providers/Microsoft.Network/trafficmanagerprofiles/{profileName}/{endpointType}/{endpointName}': Parameter reference {endpointType} is not defined as an enum
INFORMATION: Resource type Microsoft.Network/trafficManagerUserMetricsKeys under path '/subscriptions/{subscriptionId}/providers/Microsoft.Network/trafficManagerUserMetricsKeys/default' has no body defined.
Processing batch task - {"tag":"microsoft.network-2018-03-01"} .
INFORMATION: > Loading local AutoRest extension '@autorest/bicep' (/home/runner/work/bicep-types-az/bicep-types-az/src/generator)
WARNING: Semantic validation was skipped.
WARNING: Skipping path '/subscriptions/{subscriptionId}/resourceGroups/{resourceGroupName}/providers/Microsoft.Network/trafficmanagerprofiles/{profileName}/{endpointType}/{endpointName}': Parameter reference {endpointType} is not defined as an enum
Processing batch task - {"tag":"microsoft.network-2018-02-01"} .
INFORMATION: > Loading local AutoRest extension '@autorest/bicep' (/home/runner/work/bicep-types-az/bicep-types-az/src/generator)
WARNING: Semantic validation was skipped.
WARNING: Skipping path '/subscriptions/{subscriptionId}/resourceGroups/{resourceGroupName}/providers/Microsoft.Network/trafficmanagerprofiles/{profileName}/{endpointType}/{endpointName}': Parameter reference {endpointType} is not defined as an enum
Processing batch task - {"tag":"microsoft.network-2017-09-01-preview"} .
INFORMATION: > Loading local AutoRest extension '@autorest/bicep' (/home/runner/work/bicep-types-az/bicep-types-az/src/generator)
WARNING: Semantic validation was skipped.
WARNING: Skipping path '/subscriptions/{subscriptionId}/providers/Microsoft.Network/trafficManagerUserMetricsKeys': Found mismatch betwen type segments (1) and name segments (0)
Processing batch task - {"tag":"microsoft.network-2017-05-01"} .
INFORMATION: > Loading local AutoRest extension '@autorest/bicep' (/home/runner/work/bicep-types-az/bicep-types-az/src/generator)
WARNING: Semantic validation was skipped.
WARNING: Skipping path '/subscriptions/{subscriptionId}/resourceGroups/{resourceGroupName}/providers/Microsoft.Network/trafficmanagerprofiles/{profileName}/{endpointType}/{endpointName}': Parameter reference {endpointType} is not defined as an enum
Processing batch task - {"tag":"microsoft.network-2017-03-01"} .
INFORMATION: > Loading local AutoRest extension '@autorest/bicep' (/home/runner/work/bicep-types-az/bicep-types-az/src/generator)
WARNING: Semantic validation was skipped.
WARNING: Skipping path '/subscriptions/{subscriptionId}/resourceGroups/{resourceGroupName}/providers/Microsoft.Network/trafficmanagerprofiles/{profileName}/{endpointType}/{endpointName}': Parameter reference {endpointType} is not defined as an enum
Processing batch task - {"tag":"microsoft.network-2015-11-01"} .
INFORMATION: > Loading local AutoRest extension '@autorest/bicep' (/home/runner/work/bicep-types-az/bicep-types-az/src/generator)
WARNING: Semantic validation was skipped.
WARNING: Skipping path '/subscriptions/{subscriptionId}/resourceGroups/{resourceGroupName}/providers/Microsoft.Network/trafficmanagerprofiles/{profileName}/{endpointType}/{endpointName}': Parameter reference {endpointType} is not defined as an enum
[19.97 s] Generation Complete
