Generating types for 'specification/monitor/resource-manager/readme.md'
AutoRest code generation utility [cli version: 3.8.0; node: v22.22.1]
(C) 2018 Microsoft Corporation.
https://aka.ms/autorest
⚠️ AutoRest is deprecated and will be retired on July 1, 2026. Please migrate to TypeSpec: https://typespec.io — details: https://github.com/Azure/autorest/issues/5175
warning | DeprecatedConfig | Using directive.0.suppress which is deprecated and will be removed in the future.
warning | DeprecatedConfig | Using directive.0.suppress which is deprecated and will be removed in the future.
warning | DeprecatedConfig | Using directive.1.suppress which is deprecated and will be removed in the future.
warning | DeprecatedConfig | Using directive.2.suppress which is deprecated and will be removed in the future.
warning | DeprecatedConfig | Using directive.3.suppress which is deprecated and will be removed in the future.
warning | DeprecatedConfig | Using directive.4.suppress which is deprecated and will be removed in the future.
warning | DeprecatedConfig | Using directive.5.suppress which is deprecated and will be removed in the future.
warning | DeprecatedConfig | Using directive.6.suppress which is deprecated and will be removed in the future.
warning | DeprecatedConfig | Using directive.7.suppress which is deprecated and will be removed in the future.
warning | DeprecatedConfig | Using directive.8.suppress which is deprecated and will be removed in the future.
warning | DeprecatedConfig | Using directive.9.suppress which is deprecated and will be removed in the future.
warning | DeprecatedConfig | Using directive.10.suppress which is deprecated and will be removed in the future.
warning | DeprecatedConfig | Using directive.11.suppress which is deprecated and will be removed in the future.
warning | DeprecatedConfig | Using directive.12.suppress which is deprecated and will be removed in the future.
warning | DeprecatedConfig | Using directive.13.suppress which is deprecated and will be removed in the future.
warning | DeprecatedConfig | Using directive.14.suppress which is deprecated and will be removed in the future.
warning | DeprecatedConfig | Using directive.15.suppress which is deprecated and will be removed in the future.
warning | DeprecatedConfig | Using directive.16.suppress which is deprecated and will be removed in the future.
warning | DeprecatedConfig | Using directive.17.suppress which is deprecated and will be removed in the future.
warning | DeprecatedConfig | Using directive.18.suppress which is deprecated and will be removed in the future.
warning | DeprecatedConfig | Using directive.19.suppress which is deprecated and will be removed in the future.
warning | DeprecatedConfig | Using directive.20.suppress which is deprecated and will be removed in the future.
warning | DeprecatedConfig | Using directive.21.suppress which is deprecated and will be removed in the future.
warning | DeprecatedConfig | Using directive.22.suppress which is deprecated and will be removed in the future.
warning | DeprecatedConfig | Using directive.23.suppress which is deprecated and will be removed in the future.
warning | DeprecatedConfig | Using directive.24.suppress which is deprecated and will be removed in the future.
warning | DeprecatedConfig | Using directive.25.suppress which is deprecated and will be removed in the future.
warning | DeprecatedConfig | Using directive.26.suppress which is deprecated and will be removed in the future.
warning | DeprecatedConfig | Using directive.27.suppress which is deprecated and will be removed in the future.
warning | DeprecatedConfig | Using directive.28.suppress which is deprecated and will be removed in the future.
warning | DeprecatedConfig | Using directive.29.suppress which is deprecated and will be removed in the future.
warning | DeprecatedConfig | Using directive.30.suppress which is deprecated and will be removed in the future.
warning | DeprecatedConfig | Using directive.31.suppress which is deprecated and will be removed in the future.
warning | DeprecatedConfig | Using directive.32.suppress which is deprecated and will be removed in the future.
warning | DeprecatedConfig | Using directive.33.suppress which is deprecated and will be removed in the future.
warning | DeprecatedConfig | Using directive.34.suppress which is deprecated and will be removed in the future.
warning | DeprecatedConfig | Using directive.35.suppress which is deprecated and will be removed in the future.
warning | DeprecatedConfig | Using directive.36.suppress which is deprecated and will be removed in the future.
warning | DeprecatedConfig | Using directive.0.suppress which is deprecated and will be removed in the future.
warning | DeprecatedConfig | Using directive.0.suppress which is deprecated and will be removed in the future.
warning | DeprecatedConfig | Using directive.1.suppress which is deprecated and will be removed in the future.
warning | DeprecatedConfig | Using directive.2.suppress which is deprecated and will be removed in the future.
warning | DeprecatedConfig | Using directive.3.suppress which is deprecated and will be removed in the future.
warning | DeprecatedConfig | Using directive.4.suppress which is deprecated and will be removed in the future.
warning | DeprecatedConfig | Using directive.5.suppress which is deprecated and will be removed in the future.
warning | DeprecatedConfig | Using directive.6.suppress which is deprecated and will be removed in the future.
warning | DeprecatedConfig | Using directive.7.suppress which is deprecated and will be removed in the future.
warning | DeprecatedConfig | Using directive.8.suppress which is deprecated and will be removed in the future.
warning | DeprecatedConfig | Using directive.9.suppress which is deprecated and will be removed in the future.
warning | DeprecatedConfig | Using directive.10.suppress which is deprecated and will be removed in the future.
warning | DeprecatedConfig | Using directive.11.suppress which is deprecated and will be removed in the future.
warning | DeprecatedConfig | Using directive.12.suppress which is deprecated and will be removed in the future.
warning | DeprecatedConfig | Using directive.13.suppress which is deprecated and will be removed in the future.
warning | DeprecatedConfig | Using directive.14.suppress which is deprecated and will be removed in the future.
warning | DeprecatedConfig | Using directive.15.suppress which is deprecated and will be removed in the future.
warning | DeprecatedConfig | Using directive.16.suppress which is deprecated and will be removed in the future.
warning | DeprecatedConfig | Using directive.17.suppress which is deprecated and will be removed in the future.
warning | DeprecatedConfig | Using directive.18.suppress which is deprecated and will be removed in the future.
warning | DeprecatedConfig | Using directive.19.suppress which is deprecated and will be removed in the future.
warning | DeprecatedConfig | Using directive.20.suppress which is deprecated and will be removed in the future.
warning | DeprecatedConfig | Using directive.21.suppress which is deprecated and will be removed in the future.
warning | DeprecatedConfig | Using directive.22.suppress which is deprecated and will be removed in the future.
warning | DeprecatedConfig | Using directive.23.suppress which is deprecated and will be removed in the future.
warning | DeprecatedConfig | Using directive.24.suppress which is deprecated and will be removed in the future.
warning | DeprecatedConfig | Using directive.25.suppress which is deprecated and will be removed in the future.
warning | DeprecatedConfig | Using directive.26.suppress which is deprecated and will be removed in the future.
warning | DeprecatedConfig | Using directive.27.suppress which is deprecated and will be removed in the future.
warning | DeprecatedConfig | Using directive.28.suppress which is deprecated and will be removed in the future.
warning | DeprecatedConfig | Using directive.29.suppress which is deprecated and will be removed in the future.
warning | DeprecatedConfig | Using directive.30.suppress which is deprecated and will be removed in the future.
warning | DeprecatedConfig | Using directive.31.suppress which is deprecated and will be removed in the future.
warning | DeprecatedConfig | Using directive.32.suppress which is deprecated and will be removed in the future.
warning | DeprecatedConfig | Using directive.33.suppress which is deprecated and will be removed in the future.
warning | DeprecatedConfig | Using directive.34.suppress which is deprecated and will be removed in the future.
warning | DeprecatedConfig | Using directive.35.suppress which is deprecated and will be removed in the future.
warning | DeprecatedConfig | Using directive.36.suppress which is deprecated and will be removed in the future.
warning | SkippedSemanticValidation | Semantic validation was skipped.
warning | PreCheck/CheckDuplicateSchemas | Checking for duplicate schemas, this could take a (long) while.  Run with --verbose for more detail.
warning | PreCheck/DuplicateSchema | Duplicate Schema named 'Origin' (6 differences):
  - type: "object" => "string"
  - properties: {"addedBy":{"$ref":"#/components/schemas/schemas:147","description":"The ID of the origin - for example, in case of 'Manual', the user ID/app ID, and in case of 'Automatic', the name of the automatic system"},"addedByType":{"$ref":"#/components/schemas/AddedByType","description":"The source of the origin - Manual or Automatic"}} => <none>
  - required: ["addedBy","addedByType"] => <none>
  - enum: <none> => ["user","system","user,system"]
  - x-ms-enum: <none> => {"name":"Origin","modelAsString":true}
  - readOnly: <none> => true
warning | PreCheck/DuplicateSchema | Duplicate Schema named 'ErrorDetail' (1 differences):
  - properties.details.$ref: "#/components/schemas/schemas:337" => "#/components/schemas/schemas:447"
warning | PreCheck/DuplicateSchema | Duplicate Schema named 'ErrorResponse' (1 differences):
  - properties.error.$ref: "#/components/schemas/schemas:333" => "#/components/schemas/schemas:443"
warning | PreNamer/DeduplicateName | Deduplicating schema name: 'Origin' -> 'OriginAutoGenerated'
warning | PreNamer/DeduplicateName | Deduplicating schema name: 'ErrorResponse' -> 'ErrorResponseAutoGenerated'
warning | PreNamer/DeduplicateName | Deduplicating schema name: 'ErrorDetail' -> 'ErrorDetailAutoGenerated'
warning | DeprecatedConfig | Using directive.0.suppress which is deprecated and will be removed in the future.
warning | DeprecatedConfig | Using directive.0.suppress which is deprecated and will be removed in the future.
warning | DeprecatedConfig | Using directive.1.suppress which is deprecated and will be removed in the future.
warning | DeprecatedConfig | Using directive.2.suppress which is deprecated and will be removed in the future.
warning | DeprecatedConfig | Using directive.3.suppress which is deprecated and will be removed in the future.
warning | DeprecatedConfig | Using directive.4.suppress which is deprecated and will be removed in the future.
warning | DeprecatedConfig | Using directive.5.suppress which is deprecated and will be removed in the future.
warning | DeprecatedConfig | Using directive.6.suppress which is deprecated and will be removed in the future.
warning | DeprecatedConfig | Using directive.7.suppress which is deprecated and will be removed in the future.
warning | DeprecatedConfig | Using directive.8.suppress which is deprecated and will be removed in the future.
warning | DeprecatedConfig | Using directive.9.suppress which is deprecated and will be removed in the future.
warning | DeprecatedConfig | Using directive.10.suppress which is deprecated and will be removed in the future.
warning | DeprecatedConfig | Using directive.11.suppress which is deprecated and will be removed in the future.
warning | DeprecatedConfig | Using directive.12.suppress which is deprecated and will be removed in the future.
warning | DeprecatedConfig | Using directive.13.suppress which is deprecated and will be removed in the future.
warning | DeprecatedConfig | Using directive.14.suppress which is deprecated and will be removed in the future.
warning | DeprecatedConfig | Using directive.15.suppress which is deprecated and will be removed in the future.
warning | DeprecatedConfig | Using directive.16.suppress which is deprecated and will be removed in the future.
warning | DeprecatedConfig | Using directive.17.suppress which is deprecated and will be removed in the future.
warning | DeprecatedConfig | Using directive.18.suppress which is deprecated and will be removed in the future.
warning | DeprecatedConfig | Using directive.19.suppress which is deprecated and will be removed in the future.
warning | DeprecatedConfig | Using directive.20.suppress which is deprecated and will be removed in the future.
warning | DeprecatedConfig | Using directive.21.suppress which is deprecated and will be removed in the future.
warning | DeprecatedConfig | Using directive.22.suppress which is deprecated and will be removed in the future.
warning | DeprecatedConfig | Using directive.23.suppress which is deprecated and will be removed in the future.
warning | DeprecatedConfig | Using directive.24.suppress which is deprecated and will be removed in the future.
warning | DeprecatedConfig | Using directive.25.suppress which is deprecated and will be removed in the future.
warning | DeprecatedConfig | Using directive.26.suppress which is deprecated and will be removed in the future.
warning | DeprecatedConfig | Using directive.27.suppress which is deprecated and will be removed in the future.
warning | DeprecatedConfig | Using directive.28.suppress which is deprecated and will be removed in the future.
warning | DeprecatedConfig | Using directive.29.suppress which is deprecated and will be removed in the future.
warning | DeprecatedConfig | Using directive.30.suppress which is deprecated and will be removed in the future.
warning | DeprecatedConfig | Using directive.31.suppress which is deprecated and will be removed in the future.
warning | DeprecatedConfig | Using directive.32.suppress which is deprecated and will be removed in the future.
warning | DeprecatedConfig | Using directive.33.suppress which is deprecated and will be removed in the future.
warning | DeprecatedConfig | Using directive.34.suppress which is deprecated and will be removed in the future.
warning | DeprecatedConfig | Using directive.35.suppress which is deprecated and will be removed in the future.
warning | DeprecatedConfig | Using directive.36.suppress which is deprecated and will be removed in the future.
warning | SkippedSemanticValidation | Semantic validation was skipped.
warning | PreCheck/SchemaMissingType | The schema 'AzureMonitorWorkspace-metrics' with an undefined type and 'allOf'/'anyOf'/'oneOf' is a bit ambiguous. This has been auto-corrected to 'type:object'
    - file:///home/runner/work/bicep-types-az/bicep-types-az/workflow-temp/azure-rest-api-specs/specification/monitor/resource-manager/Microsoft.Monitor/stable/2023-04-03/monitoringAccounts_API.json:409:9
warning | PreCheck/SchemaMissingType | The schema 'AzureMonitorWorkspace-defaultIngestionSettings' with an undefined type and 'allOf'/'anyOf'/'oneOf' is a bit ambiguous. This has been auto-corrected to 'type:object'
    - file:///home/runner/work/bicep-types-az/bicep-types-az/workflow-temp/azure-rest-api-specs/specification/monitor/resource-manager/Microsoft.Monitor/stable/2023-04-03/monitoringAccounts_API.json:440:9
warning | PreCheck/SchemaMissingType | The schema 'AzureMonitorWorkspaceResource-properties' with an undefined type and 'allOf'/'anyOf'/'oneOf' is a bit ambiguous. This has been auto-corrected to 'type:object'
    - file:///home/runner/work/bicep-types-az/bicep-types-az/workflow-temp/azure-rest-api-specs/specification/monitor/resource-manager/Microsoft.Monitor/stable/2023-04-03/monitoringAccounts_API.json:492:9
warning | PreCheck/CheckDuplicateSchemas | Checking for duplicate schemas, this could take a (long) while.  Run with --verbose for more detail.
warning | PreCheck/DuplicateSchema | Duplicate Schema named 'Resource' (2 differences):
  - properties.id.$ref: "#/components/schemas/schemas:78" => "#/components/schemas/schemas:170"
  - properties.id.description: "Fully qualified resource ID for the resource. Ex - /subscriptions/{subscriptionId}/resourceGroups/{resourceGroupName}/providers/{resourceProviderNamespace}/{resourceType}/{resourceName}" => "Fully qualified resource ID for the resource. E.g. \"/subscriptions/{subscriptionId}/resourceGroups/{resourceGroupName}/providers/{resourceProviderNamespace}/{resourceType}/{resourceName}\""
warning | PreNamer/DeduplicateName | Deduplicating schema name: 'Resource' -> 'ResourceAutoGenerated'
warning | DeprecatedConfig | Using directive.0.suppress which is deprecated and will be removed in the future.
warning | DeprecatedConfig | Using directive.0.suppress which is deprecated and will be removed in the future.
warning | DeprecatedConfig | Using directive.1.suppress which is deprecated and will be removed in the future.
warning | DeprecatedConfig | Using directive.2.suppress which is deprecated and will be removed in the future.
warning | DeprecatedConfig | Using directive.3.suppress which is deprecated and will be removed in the future.
warning | DeprecatedConfig | Using directive.4.suppress which is deprecated and will be removed in the future.
warning | DeprecatedConfig | Using directive.5.suppress which is deprecated and will be removed in the future.
warning | DeprecatedConfig | Using directive.6.suppress which is deprecated and will be removed in the future.
warning | DeprecatedConfig | Using directive.7.suppress which is deprecated and will be removed in the future.
warning | DeprecatedConfig | Using directive.8.suppress which is deprecated and will be removed in the future.
warning | DeprecatedConfig | Using directive.9.suppress which is deprecated and will be removed in the future.
warning | DeprecatedConfig | Using directive.10.suppress which is deprecated and will be removed in the future.
warning | DeprecatedConfig | Using directive.11.suppress which is deprecated and will be removed in the future.
warning | DeprecatedConfig | Using directive.12.suppress which is deprecated and will be removed in the future.
warning | DeprecatedConfig | Using directive.13.suppress which is deprecated and will be removed in the future.
warning | DeprecatedConfig | Using directive.14.suppress which is deprecated and will be removed in the future.
warning | DeprecatedConfig | Using directive.15.suppress which is deprecated and will be removed in the future.
warning | DeprecatedConfig | Using directive.16.suppress which is deprecated and will be removed in the future.
warning | DeprecatedConfig | Using directive.17.suppress which is deprecated and will be removed in the future.
warning | DeprecatedConfig | Using directive.18.suppress which is deprecated and will be removed in the future.
warning | DeprecatedConfig | Using directive.19.suppress which is deprecated and will be removed in the future.
warning | DeprecatedConfig | Using directive.20.suppress which is deprecated and will be removed in the future.
warning | DeprecatedConfig | Using directive.21.suppress which is deprecated and will be removed in the future.
warning | DeprecatedConfig | Using directive.22.suppress which is deprecated and will be removed in the future.
warning | DeprecatedConfig | Using directive.23.suppress which is deprecated and will be removed in the future.
warning | DeprecatedConfig | Using directive.24.suppress which is deprecated and will be removed in the future.
warning | DeprecatedConfig | Using directive.25.suppress which is deprecated and will be removed in the future.
warning | DeprecatedConfig | Using directive.26.suppress which is deprecated and will be removed in the future.
warning | DeprecatedConfig | Using directive.27.suppress which is deprecated and will be removed in the future.
warning | DeprecatedConfig | Using directive.28.suppress which is deprecated and will be removed in the future.
warning | DeprecatedConfig | Using directive.29.suppress which is deprecated and will be removed in the future.
warning | DeprecatedConfig | Using directive.30.suppress which is deprecated and will be removed in the future.
warning | DeprecatedConfig | Using directive.31.suppress which is deprecated and will be removed in the future.
warning | DeprecatedConfig | Using directive.32.suppress which is deprecated and will be removed in the future.
warning | DeprecatedConfig | Using directive.33.suppress which is deprecated and will be removed in the future.
warning | DeprecatedConfig | Using directive.34.suppress which is deprecated and will be removed in the future.
warning | DeprecatedConfig | Using directive.35.suppress which is deprecated and will be removed in the future.
warning | DeprecatedConfig | Using directive.36.suppress which is deprecated and will be removed in the future.
warning | SkippedSemanticValidation | Semantic validation was skipped.
warning | PreCheck/CheckDuplicateSchemas | Checking for duplicate schemas, this could take a (long) while.  Run with --verbose for more detail.
warning | DeprecatedConfig | Using directive.0.suppress which is deprecated and will be removed in the future.
warning | DeprecatedConfig | Using directive.0.suppress which is deprecated and will be removed in the future.
warning | DeprecatedConfig | Using directive.1.suppress which is deprecated and will be removed in the future.
warning | DeprecatedConfig | Using directive.2.suppress which is deprecated and will be removed in the future.
warning | DeprecatedConfig | Using directive.3.suppress which is deprecated and will be removed in the future.
warning | DeprecatedConfig | Using directive.4.suppress which is deprecated and will be removed in the future.
warning | DeprecatedConfig | Using directive.5.suppress which is deprecated and will be removed in the future.
warning | DeprecatedConfig | Using directive.6.suppress which is deprecated and will be removed in the future.
warning | DeprecatedConfig | Using directive.7.suppress which is deprecated and will be removed in the future.
warning | DeprecatedConfig | Using directive.8.suppress which is deprecated and will be removed in the future.
warning | DeprecatedConfig | Using directive.9.suppress which is deprecated and will be removed in the future.
warning | DeprecatedConfig | Using directive.10.suppress which is deprecated and will be removed in the future.
warning | DeprecatedConfig | Using directive.11.suppress which is deprecated and will be removed in the future.
warning | DeprecatedConfig | Using directive.12.suppress which is deprecated and will be removed in the future.
warning | DeprecatedConfig | Using directive.13.suppress which is deprecated and will be removed in the future.
warning | DeprecatedConfig | Using directive.14.suppress which is deprecated and will be removed in the future.
warning | DeprecatedConfig | Using directive.15.suppress which is deprecated and will be removed in the future.
warning | DeprecatedConfig | Using directive.16.suppress which is deprecated and will be removed in the future.
warning | DeprecatedConfig | Using directive.17.suppress which is deprecated and will be removed in the future.
warning | DeprecatedConfig | Using directive.18.suppress which is deprecated and will be removed in the future.
warning | DeprecatedConfig | Using directive.19.suppress which is deprecated and will be removed in the future.
warning | DeprecatedConfig | Using directive.20.suppress which is deprecated and will be removed in the future.
warning | DeprecatedConfig | Using directive.21.suppress which is deprecated and will be removed in the future.
warning | DeprecatedConfig | Using directive.22.suppress which is deprecated and will be removed in the future.
warning | DeprecatedConfig | Using directive.23.suppress which is deprecated and will be removed in the future.
warning | DeprecatedConfig | Using directive.24.suppress which is deprecated and will be removed in the future.
warning | DeprecatedConfig | Using directive.25.suppress which is deprecated and will be removed in the future.
warning | DeprecatedConfig | Using directive.26.suppress which is deprecated and will be removed in the future.
warning | DeprecatedConfig | Using directive.27.suppress which is deprecated and will be removed in the future.
warning | DeprecatedConfig | Using directive.28.suppress which is deprecated and will be removed in the future.
warning | DeprecatedConfig | Using directive.29.suppress which is deprecated and will be removed in the future.
warning | DeprecatedConfig | Using directive.30.suppress which is deprecated and will be removed in the future.
warning | DeprecatedConfig | Using directive.31.suppress which is deprecated and will be removed in the future.
warning | DeprecatedConfig | Using directive.32.suppress which is deprecated and will be removed in the future.
warning | DeprecatedConfig | Using directive.33.suppress which is deprecated and will be removed in the future.
warning | DeprecatedConfig | Using directive.34.suppress which is deprecated and will be removed in the future.
warning | DeprecatedConfig | Using directive.35.suppress which is deprecated and will be removed in the future.
warning | DeprecatedConfig | Using directive.36.suppress which is deprecated and will be removed in the future.
warning | SkippedSemanticValidation | Semantic validation was skipped.
warning | PreCheck/SchemaMissingType | The schema 'AzureMonitorWorkspace-metrics' with an undefined type and 'allOf'/'anyOf'/'oneOf' is a bit ambiguous. This has been auto-corrected to 'type:object'
    - file:///home/runner/work/bicep-types-az/bicep-types-az/workflow-temp/azure-rest-api-specs/specification/monitor/resource-manager/Microsoft.Monitor/preview/2021-06-03-preview/monitoringAccounts_API.json:397:9
warning | PreCheck/SchemaMissingType | The schema 'AzureMonitorWorkspace-defaultIngestionSettings' with an undefined type and 'allOf'/'anyOf'/'oneOf' is a bit ambiguous. This has been auto-corrected to 'type:object'
    - file:///home/runner/work/bicep-types-az/bicep-types-az/workflow-temp/azure-rest-api-specs/specification/monitor/resource-manager/Microsoft.Monitor/preview/2021-06-03-preview/monitoringAccounts_API.json:428:9
warning | PreCheck/SchemaMissingType | The schema 'AzureMonitorWorkspaceResource-properties' with an undefined type and 'allOf'/'anyOf'/'oneOf' is a bit ambiguous. This has been auto-corrected to 'type:object'
    - file:///home/runner/work/bicep-types-az/bicep-types-az/workflow-temp/azure-rest-api-specs/specification/monitor/resource-manager/Microsoft.Monitor/preview/2021-06-03-preview/monitoringAccounts_API.json:449:9
warning | PreCheck/CheckDuplicateSchemas | Checking for duplicate schemas, this could take a (long) while.  Run with --verbose for more detail.
