Generating types for 'specification/peering/resource-manager/Microsoft.Peering/Peering/readme.md'
AutoRest code generation utility [cli version: 3.8.0; node: v22.22.0]
(C) 2018 Microsoft Corporation.
https://aka.ms/autorest
⚠️ AutoRest is deprecated and will be retired on July 1, 2026. Please migrate to TypeSpec: https://typespec.io — details: https://github.com/Azure/autorest/issues/5175
warning | SkippedSemanticValidation | Semantic validation was skipped.
warning | PreCheck/CheckDuplicateSchemas | Checking for duplicate schemas, this could take a (long) while.  Run with --verbose for more detail.
warning | Skipping CdnPeeringPrefixes_List due to required query parameter "peeringLocation"
warning | Skipping LegacyPeerings_List due to required query parameter "peeringLocation"
warning | Skipping LegacyPeerings_List due to required query parameter "kind"
warning | Skipping PeeringLocations_List due to required query parameter "kind"
warning | SkippedSemanticValidation | Semantic validation was skipped.
warning | PreCheck/CheckDuplicateSchemas | Checking for duplicate schemas, this could take a (long) while.  Run with --verbose for more detail.
warning | Skipping CdnPeeringPrefixes_List due to required query parameter "peeringLocation"
warning | Skipping LegacyPeerings_List due to required query parameter "peeringLocation"
warning | Skipping LegacyPeerings_List due to required query parameter "kind"
warning | Skipping PeeringLocations_List due to required query parameter "kind"
warning | SkippedSemanticValidation | Semantic validation was skipped.
warning | PreCheck/CheckDuplicateSchemas | Checking for duplicate schemas, this could take a (long) while.  Run with --verbose for more detail.
warning | Skipping CdnPeeringPrefixes_List due to required query parameter "peeringLocation"
warning | Skipping LegacyPeerings_List due to required query parameter "peeringLocation"
warning | Skipping LegacyPeerings_List due to required query parameter "kind"
warning | Skipping PeeringLocations_List due to required query parameter "kind"
warning | SkippedSemanticValidation | Semantic validation was skipped.
warning | PreCheck/CheckDuplicateSchemas | Checking for duplicate schemas, this could take a (long) while.  Run with --verbose for more detail.
warning | Skipping CdnPeeringPrefixes_List due to required query parameter "peeringLocation"
warning | Skipping LegacyPeerings_List due to required query parameter "peeringLocation"
warning | Skipping LegacyPeerings_List due to required query parameter "kind"
warning | Skipping PeeringLocations_List due to required query parameter "kind"
warning | SkippedSemanticValidation | Semantic validation was skipped.
warning | PreCheck/CheckDuplicateSchemas | Checking for duplicate schemas, this could take a (long) while.  Run with --verbose for more detail.
warning | Skipping CdnPeeringPrefixes_List due to required query parameter "peeringLocation"
warning | Skipping LegacyPeerings_List due to required query parameter "peeringLocation"
warning | Skipping LegacyPeerings_List due to required query parameter "kind"
warning | Skipping PeeringLocations_List due to required query parameter "kind"
warning | SkippedSemanticValidation | Semantic validation was skipped.
warning | PreCheck/CheckDuplicateSchemas | Checking for duplicate schemas, this could take a (long) while.  Run with --verbose for more detail.
warning | Skipping CdnPeeringPrefixes_List due to required query parameter "peeringLocation"
warning | Skipping LegacyPeerings_List due to required query parameter "peeringLocation"
warning | Skipping LegacyPeerings_List due to required query parameter "kind"
warning | Skipping PeeringLocations_List due to required query parameter "kind"
warning | SkippedSemanticValidation | Semantic validation was skipped.
warning | PreCheck/CheckDuplicateSchemas | Checking for duplicate schemas, this could take a (long) while.  Run with --verbose for more detail.
warning | Skipping CdnPeeringPrefixes_List due to required query parameter "peeringLocation"
warning | Skipping LegacyPeerings_List due to required query parameter "peeringLocation"
warning | Skipping LegacyPeerings_List due to required query parameter "kind"
warning | Skipping PeeringLocations_List due to required query parameter "kind"
warning | SkippedSemanticValidation | Semantic validation was skipped.
warning | PreCheck/CheckDuplicateSchemas | Checking for duplicate schemas, this could take a (long) while.  Run with --verbose for more detail.
warning | Skipping LegacyPeerings_List due to required query parameter "peeringLocation"
warning | Skipping LegacyPeerings_List due to required query parameter "kind"
warning | Skipping PeeringLocations_List due to required query parameter "kind"
warning | SkippedSemanticValidation | Semantic validation was skipped.
warning | PreCheck/CheckDuplicateSchemas | Checking for duplicate schemas, this could take a (long) while.  Run with --verbose for more detail.
warning | Skipping LegacyPeerings_List due to required query parameter "peeringLocation"
warning | Skipping LegacyPeerings_List due to required query parameter "kind"
warning | Skipping PeeringLocations_List due to required query parameter "kind"
warning | SkippedSemanticValidation | Semantic validation was skipped.
warning | PreCheck/CheckDuplicateSchemas | Checking for duplicate schemas, this could take a (long) while.  Run with --verbose for more detail.
warning | Skipping LegacyPeerings_List due to required query parameter "peeringLocation"
warning | Skipping LegacyPeerings_List due to required query parameter "kind"
warning | Skipping PeeringLocations_List due to required query parameter "kind"
warning | SkippedSemanticValidation | Semantic validation was skipped.
warning | PreCheck/CheckDuplicateSchemas | Checking for duplicate schemas, this could take a (long) while.  Run with --verbose for more detail.
warning | Skipping LegacyPeerings_List due to required query parameter "peeringLocation"
warning | Skipping LegacyPeerings_List due to required query parameter "kind"
warning | Skipping PeeringLocations_List due to required query parameter "kind"
