AutoRest code generation utility [cli version: 3.4.2; node: v14.18.1]
(C) 2018 Microsoft Corporation.
https://aka.ms/autorest
info    |    Loading AutoRest core      '/home/runner/work/bicep-types-az/bicep-types-az/src/generator/node_modules/@autorest/core/dist' (3.6.6)
info    |    Loading local AutoRest extension '@autorest/bicep' (/home/runner/work/bicep-types-az/bicep-types-az/src/autorest.bicep)
info    |    Loading AutoRest extension '@autorest/modelerfour' (*->4.22.0)
info    | Processing batch task - {"tag":"microsoft.eventhub-2017-04-01"} .
info    |    Loading local AutoRest extension '@autorest/bicep' (/home/runner/work/bicep-types-az/bicep-types-az/src/autorest.bicep)
info    |    Loading AutoRest extension '@autorest/modelerfour' (*->4.22.0)
warning | SkippedSemanticValidation | Semantic validation was skipped.
warning | PreCheck/SchemaMissingType | The schema 'AuthorizationRuleListResult' with an undefined type and declared properties is a bit ambiguous. This has been auto-corrected to 'type:object'
    - openapi-document.json:256:4
warning | PreCheck/SchemaMissingType | The schema 'AuthorizationRule' with an undefined type and declared properties is a bit ambiguous. This has been auto-corrected to 'type:object'
    - openapi-document.json:319:4
warning | PreCheck/SchemaMissingType | The schema 'AuthorizationRule-properties' with an undefined type and declared properties is a bit ambiguous. This has been auto-corrected to 'type:object'
    - openapi-document.json:347:4
warning | PreCheck/SchemaMissingType | The schema 'AccessKeys' with an undefined type and declared properties is a bit ambiguous. This has been auto-corrected to 'type:object'
    - openapi-document.json:400:4
warning | PreCheck/SchemaMissingType | The schema 'RegenerateAccessKeyParameters' with an undefined type and declared properties is a bit ambiguous. This has been auto-corrected to 'type:object'
    - openapi-document.json:579:4
warning | PreCheck/SchemaMissingType | The schema 'CheckNameAvailabilityParameter' with an undefined type and declared properties is a bit ambiguous. This has been auto-corrected to 'type:object'
    - openapi-document.json:629:4
warning | PreCheck/SchemaMissingType | The schema 'CheckNameAvailabilityResult' with an undefined type and declared properties is a bit ambiguous. This has been auto-corrected to 'type:object'
    - openapi-document.json:671:4
warning | PreCheck/SchemaMissingType | The schema 'ConsumerGroup' with an undefined type and declared properties is a bit ambiguous. This has been auto-corrected to 'type:object'
    - openapi-document.json:720:4
warning | PreCheck/SchemaMissingType | The schema 'ConsumerGroup-properties' with an undefined type and declared properties is a bit ambiguous. This has been auto-corrected to 'type:object'
    - openapi-document.json:748:4
warning | PreCheck/SchemaMissingType | The schema 'ConsumerGroupListResult' with an undefined type and declared properties is a bit ambiguous. This has been auto-corrected to 'type:object'
    - openapi-document.json:839:4
warning | PreCheck/SchemaMissingType | The schema 'CheckNameAvailabilityParameter' with an undefined type and declared properties is a bit ambiguous. This has been auto-corrected to 'type:object'
    - openapi-document.json:902:4
warning | PreCheck/SchemaMissingType | The schema 'CheckNameAvailabilityResult' with an undefined type and declared properties is a bit ambiguous. This has been auto-corrected to 'type:object'
    - openapi-document.json:944:4
warning | PreCheck/SchemaMissingType | The schema 'ArmDisasterRecovery' with an undefined type and declared properties is a bit ambiguous. This has been auto-corrected to 'type:object'
    - openapi-document.json:993:4
warning | PreCheck/SchemaMissingType | The schema 'ArmDisasterRecovery-properties' with an undefined type and declared properties is a bit ambiguous. This has been auto-corrected to 'type:object'
    - openapi-document.json:1021:4
warning | PreCheck/SchemaMissingType | The schema 'ArmDisasterRecoveryListResult' with an undefined type and declared properties is a bit ambiguous. This has been auto-corrected to 'type:object'
    - openapi-document.json:1127:4
warning | PreCheck/SchemaMissingType | The schema 'CaptureDescription' with an undefined type and declared properties is a bit ambiguous. This has been auto-corrected to 'type:object'
    - openapi-document.json:1192:4
warning | PreCheck/SchemaMissingType | The schema 'Eventhub' with an undefined type and declared properties is a bit ambiguous. This has been auto-corrected to 'type:object'
    - openapi-document.json:1278:4
warning | PreCheck/SchemaMissingType | The schema 'Eventhub-properties' with an undefined type and declared properties is a bit ambiguous. This has been auto-corrected to 'type:object'
    - openapi-document.json:1306:4
warning | PreCheck/SchemaMissingType | The schema 'EventHubListResult' with an undefined type and declared properties is a bit ambiguous. This has been auto-corrected to 'type:object'
    - openapi-document.json:1476:4
warning | PreCheck/SchemaMissingType | The schema 'Destination' with an undefined type and declared properties is a bit ambiguous. This has been auto-corrected to 'type:object'
    - openapi-document.json:1539:4
warning | PreCheck/SchemaMissingType | The schema 'Destination-properties' with an undefined type and declared properties is a bit ambiguous. This has been auto-corrected to 'type:object'
    - openapi-document.json:1583:4
warning | PreCheck/SchemaMissingType | The schema 'EHNamespaceListResult' with an undefined type and declared properties is a bit ambiguous. This has been auto-corrected to 'type:object'
    - openapi-document.json:1730:4
warning | PreCheck/SchemaMissingType | The schema 'EHNamespace' with an undefined type and declared properties is a bit ambiguous. This has been auto-corrected to 'type:object'
    - openapi-document.json:1793:4
warning | PreCheck/SchemaMissingType | The schema 'EHNamespace-properties' with an undefined type and declared properties is a bit ambiguous. This has been auto-corrected to 'type:object'
    - openapi-document.json:1825:4
warning | PreCheck/SchemaMissingType | The schema 'MessagingPlan' with an undefined type and declared properties is a bit ambiguous. This has been auto-corrected to 'type:object'
    - openapi-document.json:1996:4
warning | PreCheck/SchemaMissingType | The schema 'MessagingPlan-properties' with an undefined type and declared properties is a bit ambiguous. This has been auto-corrected to 'type:object'
    - openapi-document.json:2023:4
warning | PreCheck/SchemaMissingType | The schema 'Subnet' with an undefined type and declared properties is a bit ambiguous. This has been auto-corrected to 'type:object'
    - openapi-document.json:2140:4
warning | PreCheck/SchemaMissingType | The schema 'NWRuleSetIpRules' with an undefined type and declared properties is a bit ambiguous. This has been auto-corrected to 'type:object'
    - openapi-document.json:2182:4
warning | PreCheck/SchemaMissingType | The schema 'NWRuleSetVirtualNetworkRules' with an undefined type and declared properties is a bit ambiguous. This has been auto-corrected to 'type:object'
    - openapi-document.json:2230:4
warning | PreCheck/SchemaMissingType | The schema 'NetworkRuleSet' with an undefined type and declared properties is a bit ambiguous. This has been auto-corrected to 'type:object'
    - openapi-document.json:2257:4
warning | PreCheck/SchemaMissingType | The schema 'NetworkRuleSet-properties' with an undefined type and declared properties is a bit ambiguous. This has been auto-corrected to 'type:object'
    - openapi-document.json:2285:4
warning | PreCheck/SchemaMissingType | The schema 'NetworkRuleSetListResult' with an undefined type and declared properties is a bit ambiguous. This has been auto-corrected to 'type:object'
    - openapi-document.json:2363:4
warning | PreCheck/SchemaMissingType | The schema 'OperationListResult' with an undefined type and declared properties is a bit ambiguous. This has been auto-corrected to 'type:object'
    - openapi-document.json:2426:4
warning | PreCheck/SchemaMissingType | The schema 'Operation-display' with an undefined type and declared properties is a bit ambiguous. This has been auto-corrected to 'type:object'
    - openapi-document.json:2539:4
warning | PreCheck/SchemaMissingType | The schema 'MessagingRegions' with an undefined type and declared properties is a bit ambiguous. This has been auto-corrected to 'type:object'
    - openapi-document.json:2629:4
warning | PreCheck/SchemaMissingType | The schema 'MessagingRegions-properties' with an undefined type and declared properties is a bit ambiguous. This has been auto-corrected to 'type:object'
    - openapi-document.json:2656:4
warning | PreCheck/SchemaMissingType | The schema 'MessagingRegionsListResult' with an undefined type and declared properties is a bit ambiguous. This has been auto-corrected to 'type:object'
    - openapi-document.json:2723:4
warning | PreCheck/SchemaMissingType | The schema 'TrackedResource' with an undefined type and declared properties is a bit ambiguous. This has been auto-corrected to 'type:object'
    - openapi-document.json:2788:4
warning | PreCheck/SchemaMissingType | The schema 'Resource' with an undefined type and declared properties is a bit ambiguous. This has been auto-corrected to 'type:object'
    - openapi-document.json:2883:4
warning | PreCheck/CheckDuplicateSchemas | Checking for duplicate schemas, this could take a (long) while.  Run with --verbose for more detail.
warning | UnkownSecurityScheme | Security scheme azure_auth is unknown and will not be processed. Only supported types are AADToken,AzureKey,Anonymous
warning | UnkownSecurityScheme | Security scheme azure_auth is unknown and will not be processed. Only supported types are AADToken,AzureKey,Anonymous
warning | UnkownSecurityScheme | Security scheme azure_auth is unknown and will not be processed. Only supported types are AADToken,AzureKey,Anonymous
warning | UnkownSecurityScheme | Security scheme azure_auth is unknown and will not be processed. Only supported types are AADToken,AzureKey,Anonymous
warning | UnkownSecurityScheme | Security scheme azure_auth is unknown and will not be processed. Only supported types are AADToken,AzureKey,Anonymous
warning | UnkownSecurityScheme | Security scheme azure_auth is unknown and will not be processed. Only supported types are AADToken,AzureKey,Anonymous
warning | UnkownSecurityScheme | Security scheme azure_auth is unknown and will not be processed. Only supported types are AADToken,AzureKey,Anonymous
warning | UnkownSecurityScheme | Security scheme azure_auth is unknown and will not be processed. Only supported types are AADToken,AzureKey,Anonymous
warning | UnkownSecurityScheme | Security scheme azure_auth is unknown and will not be processed. Only supported types are AADToken,AzureKey,Anonymous
info    | autorest.bicep took 28ms
info    | Processing batch task - {"tag":"microsoft.eventhub-2015-08-01"} .
info    |    Loading local AutoRest extension '@autorest/bicep' (/home/runner/work/bicep-types-az/bicep-types-az/src/autorest.bicep)
info    |    Loading AutoRest extension '@autorest/modelerfour' (*->4.22.0)
warning | SkippedSemanticValidation | Semantic validation was skipped.
warning | PreCheck/SchemaMissingType | The schema 'OperationListResult' with an undefined type and declared properties is a bit ambiguous. This has been auto-corrected to 'type:object'
    - openapi-document.json:31:4
warning | PreCheck/SchemaMissingType | The schema 'Operation-display' with an undefined type and declared properties is a bit ambiguous. This has been auto-corrected to 'type:object'
    - openapi-document.json:144:4
warning | PreCheck/SchemaMissingType | The schema 'TrackedResource' with an undefined type and declared properties is a bit ambiguous. This has been auto-corrected to 'type:object'
    - openapi-document.json:234:4
warning | PreCheck/SchemaMissingType | The schema 'Resource' with an undefined type and declared properties is a bit ambiguous. This has been auto-corrected to 'type:object'
    - openapi-document.json:324:4
warning | PreCheck/SchemaMissingType | The schema 'NamespaceCreateOrUpdateParameters' with an undefined type and declared properties is a bit ambiguous. This has been auto-corrected to 'type:object'
    - openapi-document.json:433:4
warning | PreCheck/SchemaMissingType | The schema 'NamespaceListResult' with an undefined type and declared properties is a bit ambiguous. This has been auto-corrected to 'type:object'
    - openapi-document.json:525:4
warning | PreCheck/SchemaMissingType | The schema 'NamespaceResource' with an undefined type and declared properties is a bit ambiguous. This has been auto-corrected to 'type:object'
    - openapi-document.json:588:4
warning | PreCheck/SchemaMissingType | The schema 'NamespaceProperties' with an undefined type and declared properties is a bit ambiguous. This has been auto-corrected to 'type:object'
    - openapi-document.json:618:4
warning | PreCheck/SchemaMissingType | The schema 'SharedAccessAuthorizationRuleCreateOrUpdateParameters' with an undefined type and declared properties is a bit ambiguous. This has been auto-corrected to 'type:object'
    - openapi-document.json:820:4
warning | PreCheck/SchemaMissingType | The schema 'SharedAccessAuthorizationRuleListResult' with an undefined type and declared properties is a bit ambiguous. This has been auto-corrected to 'type:object'
    - openapi-document.json:884:4
warning | PreCheck/SchemaMissingType | The schema 'SharedAccessAuthorizationRuleResource' with an undefined type and declared properties is a bit ambiguous. This has been auto-corrected to 'type:object'
    - openapi-document.json:947:4
warning | PreCheck/SchemaMissingType | The schema 'SharedAccessAuthorizationRuleProperties' with an undefined type and declared properties is a bit ambiguous. This has been auto-corrected to 'type:object'
    - openapi-document.json:974:4
warning | PreCheck/SchemaMissingType | The schema 'ResourceListKeys' with an undefined type and declared properties is a bit ambiguous. This has been auto-corrected to 'type:object'
    - openapi-document.json:1023:4
warning | PreCheck/SchemaMissingType | The schema 'RegenerateKeysParameters' with an undefined type and declared properties is a bit ambiguous. This has been auto-corrected to 'type:object'
    - openapi-document.json:1156:4
warning | PreCheck/SchemaMissingType | The schema 'EventHubCreateOrUpdateParameters' with an undefined type and declared properties is a bit ambiguous. This has been auto-corrected to 'type:object'
    - openapi-document.json:1182:4
warning | PreCheck/SchemaMissingType | The schema 'EventHubProperties' with an undefined type and declared properties is a bit ambiguous. This has been auto-corrected to 'type:object'
    - openapi-document.json:1270:4
warning | PreCheck/SchemaMissingType | The schema 'EventHubResource' with an undefined type and declared properties is a bit ambiguous. This has been auto-corrected to 'type:object'
    - openapi-document.json:1430:4
warning | PreCheck/SchemaMissingType | The schema 'EventHubListResult' with an undefined type and declared properties is a bit ambiguous. This has been auto-corrected to 'type:object'
    - openapi-document.json:1457:4
warning | PreCheck/SchemaMissingType | The schema 'ConsumerGroupCreateOrUpdateParameters' with an undefined type and declared properties is a bit ambiguous. This has been auto-corrected to 'type:object'
    - openapi-document.json:1520:4
warning | PreCheck/SchemaMissingType | The schema 'ConsumerGroupProperties' with an undefined type and declared properties is a bit ambiguous. This has been auto-corrected to 'type:object'
    - openapi-document.json:1608:4
warning | PreCheck/SchemaMissingType | The schema 'ConsumerGroupResource' with an undefined type and declared properties is a bit ambiguous. This has been auto-corrected to 'type:object'
    - openapi-document.json:1718:4
warning | PreCheck/SchemaMissingType | The schema 'ConsumerGroupListResult' with an undefined type and declared properties is a bit ambiguous. This has been auto-corrected to 'type:object'
    - openapi-document.json:1745:4
warning | PreCheck/SchemaMissingType | The schema 'CheckNameAvailabilityParameter' with an undefined type and declared properties is a bit ambiguous. This has been auto-corrected to 'type:object'
    - openapi-document.json:1808:4
warning | PreCheck/SchemaMissingType | The schema 'CheckNameAvailabilityResult' with an undefined type and declared properties is a bit ambiguous. This has been auto-corrected to 'type:object'
    - openapi-document.json:1850:4
warning | PreCheck/SchemaMissingType | The schema 'NamespaceUpdateParameter' with an undefined type and declared properties is a bit ambiguous. This has been auto-corrected to 'type:object'
    - openapi-document.json:1899:4
warning | PreCheck/CheckDuplicateSchemas | Checking for duplicate schemas, this could take a (long) while.  Run with --verbose for more detail.
warning | PreCheck/PropertyRedeclarationWarning | Schema 'TrackedResource' has a property 'location' that is already declared the parent schema 'Resource' but isn't significantly different. The property has been removed from TrackedResource
warning | UnkownSecurityScheme | Security scheme azure_auth is unknown and will not be processed. Only supported types are AADToken,AzureKey,Anonymous
info    | autorest.bicep took 2ms
info    | Processing batch task - {"tag":"microsoft.eventhub-2014-09-01"} .
info    |    Loading local AutoRest extension '@autorest/bicep' (/home/runner/work/bicep-types-az/bicep-types-az/src/autorest.bicep)
info    |    Loading AutoRest extension '@autorest/modelerfour' (*->4.22.0)
warning | SkippedSemanticValidation | Semantic validation was skipped.
warning | PreCheck/SchemaMissingType | The schema 'OperationListResult' with an undefined type and declared properties is a bit ambiguous. This has been auto-corrected to 'type:object'
    - openapi-document.json:31:4
warning | PreCheck/SchemaMissingType | The schema 'Operation-display' with an undefined type and declared properties is a bit ambiguous. This has been auto-corrected to 'type:object'
    - openapi-document.json:144:4
warning | PreCheck/SchemaMissingType | The schema 'TrackedResource' with an undefined type and declared properties is a bit ambiguous. This has been auto-corrected to 'type:object'
    - openapi-document.json:234:4
warning | PreCheck/SchemaMissingType | The schema 'Resource' with an undefined type and declared properties is a bit ambiguous. This has been auto-corrected to 'type:object'
    - openapi-document.json:324:4
warning | PreCheck/SchemaMissingType | The schema 'NamespaceCreateOrUpdateParameters' with an undefined type and declared properties is a bit ambiguous. This has been auto-corrected to 'type:object'
    - openapi-document.json:433:4
warning | PreCheck/SchemaMissingType | The schema 'NamespaceListResult' with an undefined type and declared properties is a bit ambiguous. This has been auto-corrected to 'type:object'
    - openapi-document.json:525:4
warning | PreCheck/SchemaMissingType | The schema 'NamespaceResource' with an undefined type and declared properties is a bit ambiguous. This has been auto-corrected to 'type:object'
    - openapi-document.json:588:4
warning | PreCheck/SchemaMissingType | The schema 'NamespaceProperties' with an undefined type and declared properties is a bit ambiguous. This has been auto-corrected to 'type:object'
    - openapi-document.json:618:4
warning | PreCheck/SchemaMissingType | The schema 'SharedAccessAuthorizationRuleCreateOrUpdateParameters' with an undefined type and declared properties is a bit ambiguous. This has been auto-corrected to 'type:object'
    - openapi-document.json:820:4
warning | PreCheck/SchemaMissingType | The schema 'SharedAccessAuthorizationRuleListResult' with an undefined type and declared properties is a bit ambiguous. This has been auto-corrected to 'type:object'
    - openapi-document.json:884:4
warning | PreCheck/SchemaMissingType | The schema 'SharedAccessAuthorizationRulePostResource' with an undefined type and declared properties is a bit ambiguous. This has been auto-corrected to 'type:object'
    - openapi-document.json:947:4
warning | PreCheck/SchemaMissingType | The schema 'SharedAccessAuthorizationRulePostProperties' with an undefined type and declared properties is a bit ambiguous. This has been auto-corrected to 'type:object'
    - openapi-document.json:974:4
warning | PreCheck/SchemaMissingType | The schema 'SharedAccessAuthorizationRuleResource' with an undefined type and declared properties is a bit ambiguous. This has been auto-corrected to 'type:object'
    - openapi-document.json:1176:4
warning | PreCheck/SchemaMissingType | The schema 'SharedAccessAuthorizationRuleProperties' with an undefined type and declared properties is a bit ambiguous. This has been auto-corrected to 'type:object'
    - openapi-document.json:1203:4
warning | PreCheck/SchemaMissingType | The schema 'EventHubCreateOrUpdateParameters' with an undefined type and declared properties is a bit ambiguous. This has been auto-corrected to 'type:object'
    - openapi-document.json:1252:4
warning | PreCheck/SchemaMissingType | The schema 'EventHubProperties' with an undefined type and declared properties is a bit ambiguous. This has been auto-corrected to 'type:object'
    - openapi-document.json:1340:4
warning | PreCheck/SchemaMissingType | The schema 'EventHubResource' with an undefined type and declared properties is a bit ambiguous. This has been auto-corrected to 'type:object'
    - openapi-document.json:1500:4
warning | PreCheck/SchemaMissingType | The schema 'EventHubListResult' with an undefined type and declared properties is a bit ambiguous. This has been auto-corrected to 'type:object'
    - openapi-document.json:1527:4
warning | PreCheck/SchemaMissingType | The schema 'ConsumerGroupCreateOrUpdateParameters' with an undefined type and declared properties is a bit ambiguous. This has been auto-corrected to 'type:object'
    - openapi-document.json:1590:4
warning | PreCheck/SchemaMissingType | The schema 'ConsumerGroupProperties' with an undefined type and declared properties is a bit ambiguous. This has been auto-corrected to 'type:object'
    - openapi-document.json:1678:4
warning | PreCheck/SchemaMissingType | The schema 'ConsumerGroupResource' with an undefined type and declared properties is a bit ambiguous. This has been auto-corrected to 'type:object'
    - openapi-document.json:1788:4
warning | PreCheck/SchemaMissingType | The schema 'ConsumerGroupListResult' with an undefined type and declared properties is a bit ambiguous. This has been auto-corrected to 'type:object'
    - openapi-document.json:1815:4
warning | PreCheck/SchemaMissingType | The schema 'CheckNameAvailabilityParameter' with an undefined type and declared properties is a bit ambiguous. This has been auto-corrected to 'type:object'
    - openapi-document.json:1878:4
warning | PreCheck/SchemaMissingType | The schema 'CheckNameAvailabilityResult' with an undefined type and declared properties is a bit ambiguous. This has been auto-corrected to 'type:object'
    - openapi-document.json:1920:4
warning | PreCheck/SchemaMissingType | The schema 'NamespaceUpdateParameter' with an undefined type and declared properties is a bit ambiguous. This has been auto-corrected to 'type:object'
    - openapi-document.json:1969:4
warning | PreCheck/CheckDuplicateSchemas | Checking for duplicate schemas, this could take a (long) while.  Run with --verbose for more detail.
warning | PreCheck/PropertyRedeclarationWarning | Schema 'TrackedResource' has a property 'location' that is already declared the parent schema 'Resource' but isn't significantly different. The property has been removed from TrackedResource
warning | UnkownSecurityScheme | Security scheme azure_auth is unknown and will not be processed. Only supported types are AADToken,AzureKey,Anonymous
info    | autorest.bicep took 2ms
info    | Processing batch task - {"tag":"microsoft.eventhub-2021-01-01-preview"} .
info    |    Loading local AutoRest extension '@autorest/bicep' (/home/runner/work/bicep-types-az/bicep-types-az/src/autorest.bicep)
info    |    Loading AutoRest extension '@autorest/modelerfour' (*->4.22.0)
warning | SkippedSemanticValidation | Semantic validation was skipped.
warning | PreCheck/SchemaMissingType | The schema 'EHNamespaceListResult' with an undefined type and declared properties is a bit ambiguous. This has been auto-corrected to 'type:object'
    - openapi-document.json:231:4
warning | PreCheck/SchemaMissingType | The schema 'EHNamespace' with an undefined type and declared properties is a bit ambiguous. This has been auto-corrected to 'type:object'
    - openapi-document.json:294:4
warning | PreCheck/SchemaMissingType | The schema 'EHNamespace-properties' with an undefined type and declared properties is a bit ambiguous. This has been auto-corrected to 'type:object'
    - openapi-document.json:335:4
warning | PreCheck/SchemaMissingType | The schema 'Identity' with an undefined type and declared properties is a bit ambiguous. This has been auto-corrected to 'type:object'
    - openapi-document.json:643:4
warning | PreCheck/SchemaMissingType | The schema 'Encryption' with an undefined type and declared properties is a bit ambiguous. This has been auto-corrected to 'type:object'
    - openapi-document.json:809:4
warning | PreCheck/SchemaMissingType | The schema 'KeyVaultProperties' with an undefined type and declared properties is a bit ambiguous. This has been auto-corrected to 'type:object'
    - openapi-document.json:865:4
warning | PreCheck/SchemaMissingType | The schema 'PrivateEndpointConnection' with an undefined type and declared properties is a bit ambiguous. This has been auto-corrected to 'type:object'
    - openapi-document.json:952:4
warning | PreCheck/SchemaMissingType | The schema 'PrivateEndpointConnectionProperties' with an undefined type and declared properties is a bit ambiguous. This has been auto-corrected to 'type:object'
    - openapi-document.json:985:4
warning | PreCheck/SchemaMissingType | The schema 'PrivateEndpoint' with an undefined type and declared properties is a bit ambiguous. This has been auto-corrected to 'type:object'
    - openapi-document.json:1019:4
warning | PreCheck/SchemaMissingType | The schema 'ConnectionState' with an undefined type and declared properties is a bit ambiguous. This has been auto-corrected to 'type:object'
    - openapi-document.json:1058:4
warning | PreCheck/SchemaMissingType | The schema 'PrivateEndpointConnectionListResult' with an undefined type and declared properties is a bit ambiguous. This has been auto-corrected to 'type:object'
    - openapi-document.json:1105:4
warning | PreCheck/SchemaMissingType | The schema 'PrivateLinkResource' with an undefined type and declared properties is a bit ambiguous. This has been auto-corrected to 'type:object'
    - openapi-document.json:1168:4
warning | PreCheck/SchemaMissingType | The schema 'PrivateLinkResourceProperties' with an undefined type and declared properties is a bit ambiguous. This has been auto-corrected to 'type:object'
    - openapi-document.json:1254:4
warning | PreCheck/SchemaMissingType | The schema 'PrivateLinkResourcesListResult' with an undefined type and declared properties is a bit ambiguous. This has been auto-corrected to 'type:object'
    - openapi-document.json:1373:4
warning | PreCheck/SchemaMissingType | The schema 'userAssignedIdentityProperties' with an undefined type and declared properties is a bit ambiguous. This has been auto-corrected to 'type:object'
    - openapi-document.json:1436:4
warning | PreCheck/SchemaMissingType | The schema 'OperationListResult' with an undefined type and declared properties is a bit ambiguous. This has been auto-corrected to 'type:object'
    - openapi-document.json:1475:4
warning | PreCheck/SchemaMissingType | The schema 'Operation-display' with an undefined type and declared properties is a bit ambiguous. This has been auto-corrected to 'type:object'
    - openapi-document.json:1588:4
warning | PreCheck/SchemaMissingType | The schema 'CaptureDescription' with an undefined type and declared properties is a bit ambiguous. This has been auto-corrected to 'type:object'
    - openapi-document.json:1678:4
warning | PreCheck/SchemaMissingType | The schema 'Eventhub' with an undefined type and declared properties is a bit ambiguous. This has been auto-corrected to 'type:object'
    - openapi-document.json:1764:4
warning | PreCheck/SchemaMissingType | The schema 'Eventhub-properties' with an undefined type and declared properties is a bit ambiguous. This has been auto-corrected to 'type:object'
    - openapi-document.json:1797:4
warning | PreCheck/SchemaMissingType | The schema 'EventHubListResult' with an undefined type and declared properties is a bit ambiguous. This has been auto-corrected to 'type:object'
    - openapi-document.json:1967:4
warning | PreCheck/SchemaMissingType | The schema 'Destination' with an undefined type and declared properties is a bit ambiguous. This has been auto-corrected to 'type:object'
    - openapi-document.json:2030:4
warning | PreCheck/SchemaMissingType | The schema 'Destination-properties' with an undefined type and declared properties is a bit ambiguous. This has been auto-corrected to 'type:object'
    - openapi-document.json:2074:4
warning | PreCheck/SchemaMissingType | The schema 'CheckNameAvailabilityParameter' with an undefined type and declared properties is a bit ambiguous. This has been auto-corrected to 'type:object'
    - openapi-document.json:2159:4
warning | PreCheck/SchemaMissingType | The schema 'CheckNameAvailabilityResult' with an undefined type and declared properties is a bit ambiguous. This has been auto-corrected to 'type:object'
    - openapi-document.json:2201:4
warning | PreCheck/SchemaMissingType | The schema 'ArmDisasterRecovery' with an undefined type and declared properties is a bit ambiguous. This has been auto-corrected to 'type:object'
    - openapi-document.json:2250:4
warning | PreCheck/SchemaMissingType | The schema 'ArmDisasterRecovery-properties' with an undefined type and declared properties is a bit ambiguous. This has been auto-corrected to 'type:object'
    - openapi-document.json:2283:4
warning | PreCheck/SchemaMissingType | The schema 'ArmDisasterRecoveryListResult' with an undefined type and declared properties is a bit ambiguous. This has been auto-corrected to 'type:object'
    - openapi-document.json:2389:4
warning | PreCheck/SchemaMissingType | The schema 'Subnet' with an undefined type and declared properties is a bit ambiguous. This has been auto-corrected to 'type:object'
    - openapi-document.json:2454:4
warning | PreCheck/SchemaMissingType | The schema 'NWRuleSetIpRules' with an undefined type and declared properties is a bit ambiguous. This has been auto-corrected to 'type:object'
    - openapi-document.json:2493:4
warning | PreCheck/SchemaMissingType | The schema 'NWRuleSetVirtualNetworkRules' with an undefined type and declared properties is a bit ambiguous. This has been auto-corrected to 'type:object'
    - openapi-document.json:2541:4
warning | PreCheck/SchemaMissingType | The schema 'NetworkRuleSet' with an undefined type and declared properties is a bit ambiguous. This has been auto-corrected to 'type:object'
    - openapi-document.json:2568:4
warning | PreCheck/SchemaMissingType | The schema 'NetworkRuleSet-properties' with an undefined type and declared properties is a bit ambiguous. This has been auto-corrected to 'type:object'
    - openapi-document.json:2601:4
warning | PreCheck/SchemaMissingType | The schema 'AuthorizationRuleListResult' with an undefined type and declared properties is a bit ambiguous. This has been auto-corrected to 'type:object'
    - openapi-document.json:2683:4
warning | PreCheck/SchemaMissingType | The schema 'AuthorizationRule' with an undefined type and declared properties is a bit ambiguous. This has been auto-corrected to 'type:object'
    - openapi-document.json:2746:4
warning | PreCheck/SchemaMissingType | The schema 'AuthorizationRule-properties' with an undefined type and declared properties is a bit ambiguous. This has been auto-corrected to 'type:object'
    - openapi-document.json:2779:4
warning | PreCheck/SchemaMissingType | The schema 'AccessKeys' with an undefined type and declared properties is a bit ambiguous. This has been auto-corrected to 'type:object'
    - openapi-document.json:2832:4
warning | PreCheck/SchemaMissingType | The schema 'RegenerateAccessKeyParameters' with an undefined type and declared properties is a bit ambiguous. This has been auto-corrected to 'type:object'
    - openapi-document.json:3011:4
warning | PreCheck/SchemaMissingType | The schema 'ConsumerGroup' with an undefined type and declared properties is a bit ambiguous. This has been auto-corrected to 'type:object'
    - openapi-document.json:3061:4
warning | PreCheck/SchemaMissingType | The schema 'ConsumerGroup-properties' with an undefined type and declared properties is a bit ambiguous. This has been auto-corrected to 'type:object'
    - openapi-document.json:3094:4
warning | PreCheck/SchemaMissingType | The schema 'ConsumerGroupListResult' with an undefined type and declared properties is a bit ambiguous. This has been auto-corrected to 'type:object'
    - openapi-document.json:3185:4
warning | PreCheck/SchemaMissingType | The schema 'CheckNameAvailabilityParameter' with an undefined type and declared properties is a bit ambiguous. This has been auto-corrected to 'type:object'
    - openapi-document.json:3248:4
warning | PreCheck/SchemaMissingType | The schema 'CheckNameAvailabilityResult' with an undefined type and declared properties is a bit ambiguous. This has been auto-corrected to 'type:object'
    - openapi-document.json:3290:4
warning | PreCheck/SchemaMissingType | The schema 'TrackedResource' with an undefined type and declared properties is a bit ambiguous. This has been auto-corrected to 'type:object'
    - openapi-document.json:3339:4
warning | PreCheck/SchemaMissingType | The schema 'Resource' with an undefined type and declared properties is a bit ambiguous. This has been auto-corrected to 'type:object'
    - openapi-document.json:3434:4
warning | PreCheck/CheckDuplicateSchemas | Checking for duplicate schemas, this could take a (long) while.  Run with --verbose for more detail.
warning | UnkownSecurityScheme | Security scheme azure_auth is unknown and will not be processed. Only supported types are AADToken,AzureKey,Anonymous
warning | UnkownSecurityScheme | Security scheme azure_auth is unknown and will not be processed. Only supported types are AADToken,AzureKey,Anonymous
warning | UnkownSecurityScheme | Security scheme azure_auth is unknown and will not be processed. Only supported types are AADToken,AzureKey,Anonymous
warning | UnkownSecurityScheme | Security scheme azure_auth is unknown and will not be processed. Only supported types are AADToken,AzureKey,Anonymous
warning | UnkownSecurityScheme | Security scheme azure_auth is unknown and will not be processed. Only supported types are AADToken,AzureKey,Anonymous
warning | UnkownSecurityScheme | Security scheme azure_auth is unknown and will not be processed. Only supported types are AADToken,AzureKey,Anonymous
warning | UnkownSecurityScheme | Security scheme azure_auth is unknown and will not be processed. Only supported types are AADToken,AzureKey,Anonymous
warning | UnkownSecurityScheme | Security scheme azure_auth is unknown and will not be processed. Only supported types are AADToken,AzureKey,Anonymous
info    | autorest.bicep took 4ms
info    | Processing batch task - {"tag":"microsoft.eventhub-2021-06-01-preview"} .
info    |    Loading local AutoRest extension '@autorest/bicep' (/home/runner/work/bicep-types-az/bicep-types-az/src/autorest.bicep)
info    |    Loading AutoRest extension '@autorest/modelerfour' (*->4.22.0)
warning | SkippedSemanticValidation | Semantic validation was skipped.
warning | PreCheck/SchemaMissingType | The schema 'EHNamespaceListResult' with an undefined type and declared properties is a bit ambiguous. This has been auto-corrected to 'type:object'
    - openapi-document.json:804:4
warning | PreCheck/SchemaMissingType | The schema 'EHNamespace' with an undefined type and declared properties is a bit ambiguous. This has been auto-corrected to 'type:object'
    - openapi-document.json:867:4
warning | PreCheck/SchemaMissingType | The schema 'EHNamespace-properties' with an undefined type and declared properties is a bit ambiguous. This has been auto-corrected to 'type:object'
    - openapi-document.json:908:4
warning | PreCheck/SchemaMissingType | The schema 'Identity' with an undefined type and declared properties is a bit ambiguous. This has been auto-corrected to 'type:object'
    - openapi-document.json:1218:4
warning | PreCheck/SchemaMissingType | The schema 'Encryption' with an undefined type and declared properties is a bit ambiguous. This has been auto-corrected to 'type:object'
    - openapi-document.json:1385:4
warning | PreCheck/SchemaMissingType | The schema 'KeyVaultProperties' with an undefined type and declared properties is a bit ambiguous. This has been auto-corrected to 'type:object'
    - openapi-document.json:1441:4
warning | PreCheck/SchemaMissingType | The schema 'PrivateEndpointConnection' with an undefined type and declared properties is a bit ambiguous. This has been auto-corrected to 'type:object'
    - openapi-document.json:1528:4
warning | PreCheck/SchemaMissingType | The schema 'PrivateEndpointConnectionProperties' with an undefined type and declared properties is a bit ambiguous. This has been auto-corrected to 'type:object'
    - openapi-document.json:1561:4
warning | PreCheck/SchemaMissingType | The schema 'PrivateEndpoint' with an undefined type and declared properties is a bit ambiguous. This has been auto-corrected to 'type:object'
    - openapi-document.json:1595:4
warning | PreCheck/SchemaMissingType | The schema 'ConnectionState' with an undefined type and declared properties is a bit ambiguous. This has been auto-corrected to 'type:object'
    - openapi-document.json:1634:4
warning | PreCheck/SchemaMissingType | The schema 'PrivateEndpointConnectionListResult' with an undefined type and declared properties is a bit ambiguous. This has been auto-corrected to 'type:object'
    - openapi-document.json:1681:4
warning | PreCheck/SchemaMissingType | The schema 'PrivateLinkResource' with an undefined type and declared properties is a bit ambiguous. This has been auto-corrected to 'type:object'
    - openapi-document.json:1744:4
warning | PreCheck/SchemaMissingType | The schema 'PrivateLinkResourceProperties' with an undefined type and declared properties is a bit ambiguous. This has been auto-corrected to 'type:object'
    - openapi-document.json:1830:4
warning | PreCheck/SchemaMissingType | The schema 'PrivateLinkResourcesListResult' with an undefined type and declared properties is a bit ambiguous. This has been auto-corrected to 'type:object'
    - openapi-document.json:1949:4
warning | PreCheck/SchemaMissingType | The schema 'OperationListResult' with an undefined type and declared properties is a bit ambiguous. This has been auto-corrected to 'type:object'
    - openapi-document.json:2052:4
warning | PreCheck/SchemaMissingType | The schema 'Operation-display' with an undefined type and declared properties is a bit ambiguous. This has been auto-corrected to 'type:object'
    - openapi-document.json:2165:4
warning | PreCheck/SchemaMissingType | The schema 'CaptureDescription' with an undefined type and declared properties is a bit ambiguous. This has been auto-corrected to 'type:object'
    - openapi-document.json:2255:4
warning | PreCheck/SchemaMissingType | The schema 'Eventhub' with an undefined type and declared properties is a bit ambiguous. This has been auto-corrected to 'type:object'
    - openapi-document.json:2337:4
warning | PreCheck/SchemaMissingType | The schema 'Eventhub-properties' with an undefined type and declared properties is a bit ambiguous. This has been auto-corrected to 'type:object'
    - openapi-document.json:2370:4
warning | PreCheck/SchemaMissingType | The schema 'EventHubListResult' with an undefined type and declared properties is a bit ambiguous. This has been auto-corrected to 'type:object'
    - openapi-document.json:2540:4
warning | PreCheck/SchemaMissingType | The schema 'Destination' with an undefined type and declared properties is a bit ambiguous. This has been auto-corrected to 'type:object'
    - openapi-document.json:2603:4
warning | PreCheck/SchemaMissingType | The schema 'Destination-properties' with an undefined type and declared properties is a bit ambiguous. This has been auto-corrected to 'type:object'
    - openapi-document.json:2647:4
warning | PreCheck/SchemaMissingType | The schema 'CheckNameAvailabilityParameter' with an undefined type and declared properties is a bit ambiguous. This has been auto-corrected to 'type:object'
    - openapi-document.json:2732:4
warning | PreCheck/SchemaMissingType | The schema 'CheckNameAvailabilityResult' with an undefined type and declared properties is a bit ambiguous. This has been auto-corrected to 'type:object'
    - openapi-document.json:2774:4
warning | PreCheck/SchemaMissingType | The schema 'ArmDisasterRecovery' with an undefined type and declared properties is a bit ambiguous. This has been auto-corrected to 'type:object'
    - openapi-document.json:2823:4
warning | PreCheck/SchemaMissingType | The schema 'ArmDisasterRecovery-properties' with an undefined type and declared properties is a bit ambiguous. This has been auto-corrected to 'type:object'
    - openapi-document.json:2856:4
warning | PreCheck/SchemaMissingType | The schema 'ArmDisasterRecoveryListResult' with an undefined type and declared properties is a bit ambiguous. This has been auto-corrected to 'type:object'
    - openapi-document.json:2962:4
warning | PreCheck/SchemaMissingType | The schema 'Subnet' with an undefined type and declared properties is a bit ambiguous. This has been auto-corrected to 'type:object'
    - openapi-document.json:3027:4
warning | PreCheck/SchemaMissingType | The schema 'NWRuleSetIpRules' with an undefined type and declared properties is a bit ambiguous. This has been auto-corrected to 'type:object'
    - openapi-document.json:3066:4
warning | PreCheck/SchemaMissingType | The schema 'NWRuleSetVirtualNetworkRules' with an undefined type and declared properties is a bit ambiguous. This has been auto-corrected to 'type:object'
    - openapi-document.json:3114:4
warning | PreCheck/SchemaMissingType | The schema 'NetworkRuleSet' with an undefined type and declared properties is a bit ambiguous. This has been auto-corrected to 'type:object'
    - openapi-document.json:3141:4
warning | PreCheck/SchemaMissingType | The schema 'NetworkRuleSet-properties' with an undefined type and declared properties is a bit ambiguous. This has been auto-corrected to 'type:object'
    - openapi-document.json:3174:4
warning | PreCheck/SchemaMissingType | The schema 'AuthorizationRuleListResult' with an undefined type and declared properties is a bit ambiguous. This has been auto-corrected to 'type:object'
    - openapi-document.json:3264:4
warning | PreCheck/SchemaMissingType | The schema 'AuthorizationRule' with an undefined type and declared properties is a bit ambiguous. This has been auto-corrected to 'type:object'
    - openapi-document.json:3327:4
warning | PreCheck/SchemaMissingType | The schema 'AuthorizationRule-properties' with an undefined type and declared properties is a bit ambiguous. This has been auto-corrected to 'type:object'
    - openapi-document.json:3360:4
warning | PreCheck/SchemaMissingType | The schema 'AccessKeys' with an undefined type and declared properties is a bit ambiguous. This has been auto-corrected to 'type:object'
    - openapi-document.json:3413:4
warning | PreCheck/SchemaMissingType | The schema 'RegenerateAccessKeyParameters' with an undefined type and declared properties is a bit ambiguous. This has been auto-corrected to 'type:object'
    - openapi-document.json:3592:4
warning | PreCheck/SchemaMissingType | The schema 'ConsumerGroup' with an undefined type and declared properties is a bit ambiguous. This has been auto-corrected to 'type:object'
    - openapi-document.json:3642:4
warning | PreCheck/SchemaMissingType | The schema 'ConsumerGroup-properties' with an undefined type and declared properties is a bit ambiguous. This has been auto-corrected to 'type:object'
    - openapi-document.json:3675:4
warning | PreCheck/SchemaMissingType | The schema 'ConsumerGroupListResult' with an undefined type and declared properties is a bit ambiguous. This has been auto-corrected to 'type:object'
    - openapi-document.json:3766:4
warning | PreCheck/SchemaMissingType | The schema 'CheckNameAvailabilityParameter' with an undefined type and declared properties is a bit ambiguous. This has been auto-corrected to 'type:object'
    - openapi-document.json:3829:4
warning | PreCheck/SchemaMissingType | The schema 'CheckNameAvailabilityResult' with an undefined type and declared properties is a bit ambiguous. This has been auto-corrected to 'type:object'
    - openapi-document.json:3871:4
warning | PreCheck/SchemaMissingType | The schema 'TrackedResource' with an undefined type and declared properties is a bit ambiguous. This has been auto-corrected to 'type:object'
    - openapi-document.json:3920:4
warning | PreCheck/SchemaMissingType | The schema 'Resource' with an undefined type and declared properties is a bit ambiguous. This has been auto-corrected to 'type:object'
    - openapi-document.json:4015:4
warning | PreCheck/CheckDuplicateSchemas | Checking for duplicate schemas, this could take a (long) while.  Run with --verbose for more detail.
warning | UnkownSecurityScheme | Security scheme azure_auth is unknown and will not be processed. Only supported types are AADToken,AzureKey,Anonymous
warning | UnkownSecurityScheme | Security scheme azure_auth is unknown and will not be processed. Only supported types are AADToken,AzureKey,Anonymous
warning | UnkownSecurityScheme | Security scheme azure_auth is unknown and will not be processed. Only supported types are AADToken,AzureKey,Anonymous
warning | UnkownSecurityScheme | Security scheme azure_auth is unknown and will not be processed. Only supported types are AADToken,AzureKey,Anonymous
warning | UnkownSecurityScheme | Security scheme azure_auth is unknown and will not be processed. Only supported types are AADToken,AzureKey,Anonymous
warning | UnkownSecurityScheme | Security scheme azure_auth is unknown and will not be processed. Only supported types are AADToken,AzureKey,Anonymous
warning | UnkownSecurityScheme | Security scheme azure_auth is unknown and will not be processed. Only supported types are AADToken,AzureKey,Anonymous
warning | UnkownSecurityScheme | Security scheme azure_auth is unknown and will not be processed. Only supported types are AADToken,AzureKey,Anonymous
warning | UnkownSecurityScheme | Security scheme azure_auth is unknown and will not be processed. Only supported types are AADToken,AzureKey,Anonymous
warning | UnkownSecurityScheme | Security scheme azure_auth is unknown and will not be processed. Only supported types are AADToken,AzureKey,Anonymous
warning | UnkownSecurityScheme | Security scheme azure_auth is unknown and will not be processed. Only supported types are AADToken,AzureKey,Anonymous
info    | autorest.bicep took 5ms
info    | Processing batch task - {"tag":"microsoft.eventhub-2018-01-01-preview"} .
info    |    Loading local AutoRest extension '@autorest/bicep' (/home/runner/work/bicep-types-az/bicep-types-az/src/autorest.bicep)
info    |    Loading AutoRest extension '@autorest/modelerfour' (*->4.22.0)
warning | SkippedSemanticValidation | Semantic validation was skipped.
warning | PreCheck/SchemaMissingType | The schema 'AvailableClustersList' with an undefined type and declared properties is a bit ambiguous. This has been auto-corrected to 'type:object'
    - openapi-document.json:381:4
warning | PreCheck/SchemaMissingType | The schema 'AvailableCluster' with an undefined type and declared properties is a bit ambiguous. This has been auto-corrected to 'type:object'
    - openapi-document.json:423:4
warning | PreCheck/SchemaMissingType | The schema 'Cluster' with an undefined type and declared properties is a bit ambiguous. This has been auto-corrected to 'type:object'
    - openapi-document.json:462:4
warning | PreCheck/SchemaMissingType | The schema 'Cluster-properties' with an undefined type and declared properties is a bit ambiguous. This has been auto-corrected to 'type:object'
    - openapi-document.json:494:4
warning | PreCheck/SchemaMissingType | The schema 'ClusterListResult' with an undefined type and declared properties is a bit ambiguous. This has been auto-corrected to 'type:object'
    - openapi-document.json:661:4
warning | PreCheck/SchemaMissingType | The schema 'EHNamespaceIdListResult' with an undefined type and declared properties is a bit ambiguous. This has been auto-corrected to 'type:object'
    - openapi-document.json:724:4
warning | PreCheck/SchemaMissingType | The schema 'IpFilterRule' with an undefined type and declared properties is a bit ambiguous. This has been auto-corrected to 'type:object'
    - openapi-document.json:806:4
warning | PreCheck/SchemaMissingType | The schema 'IpFilterRule-properties' with an undefined type and declared properties is a bit ambiguous. This has been auto-corrected to 'type:object'
    - openapi-document.json:834:4
warning | PreCheck/SchemaMissingType | The schema 'IpFilterRuleListResult' with an undefined type and declared properties is a bit ambiguous. This has been auto-corrected to 'type:object'
    - openapi-document.json:906:4
warning | PreCheck/SchemaMissingType | The schema 'EHNamespaceListResult' with an undefined type and declared properties is a bit ambiguous. This has been auto-corrected to 'type:object'
    - openapi-document.json:969:4
warning | PreCheck/SchemaMissingType | The schema 'EHNamespace' with an undefined type and declared properties is a bit ambiguous. This has been auto-corrected to 'type:object'
    - openapi-document.json:1032:4
warning | PreCheck/SchemaMissingType | The schema 'EHNamespace-properties' with an undefined type and declared properties is a bit ambiguous. This has been auto-corrected to 'type:object'
    - openapi-document.json:1068:4
warning | PreCheck/SchemaMissingType | The schema 'Identity' with an undefined type and declared properties is a bit ambiguous. This has been auto-corrected to 'type:object'
    - openapi-document.json:1352:4
warning | PreCheck/SchemaMissingType | The schema 'Encryption' with an undefined type and declared properties is a bit ambiguous. This has been auto-corrected to 'type:object'
    - openapi-document.json:1421:4
warning | PreCheck/SchemaMissingType | The schema 'KeyVaultProperties' with an undefined type and declared properties is a bit ambiguous. This has been auto-corrected to 'type:object'
    - openapi-document.json:1473:4
warning | PreCheck/SchemaMissingType | The schema 'PrivateEndpointConnection' with an undefined type and declared properties is a bit ambiguous. This has been auto-corrected to 'type:object'
    - openapi-document.json:1557:4
warning | PreCheck/SchemaMissingType | The schema 'PrivateEndpointConnectionProperties' with an undefined type and declared properties is a bit ambiguous. This has been auto-corrected to 'type:object'
    - openapi-document.json:1585:4
warning | PreCheck/SchemaMissingType | The schema 'PrivateEndpoint' with an undefined type and declared properties is a bit ambiguous. This has been auto-corrected to 'type:object'
    - openapi-document.json:1619:4
warning | PreCheck/SchemaMissingType | The schema 'ConnectionState' with an undefined type and declared properties is a bit ambiguous. This has been auto-corrected to 'type:object'
    - openapi-document.json:1658:4
warning | PreCheck/SchemaMissingType | The schema 'PrivateEndpointConnectionListResult' with an undefined type and declared properties is a bit ambiguous. This has been auto-corrected to 'type:object'
    - openapi-document.json:1705:4
warning | PreCheck/SchemaMissingType | The schema 'PrivateLinkResource' with an undefined type and declared properties is a bit ambiguous. This has been auto-corrected to 'type:object'
    - openapi-document.json:1768:4
warning | PreCheck/SchemaMissingType | The schema 'PrivateLinkResourceProperties' with an undefined type and declared properties is a bit ambiguous. This has been auto-corrected to 'type:object'
    - openapi-document.json:1854:4
warning | PreCheck/SchemaMissingType | The schema 'PrivateLinkResourcesListResult' with an undefined type and declared properties is a bit ambiguous. This has been auto-corrected to 'type:object'
    - openapi-document.json:1973:4
warning | PreCheck/SchemaMissingType | The schema 'ClusterQuotaConfigurationProperties' with an undefined type and declared properties is a bit ambiguous. This has been auto-corrected to 'type:object'
    - openapi-document.json:2036:4
warning | PreCheck/SchemaMissingType | The schema 'VirtualNetworkRule' with an undefined type and declared properties is a bit ambiguous. This has been auto-corrected to 'type:object'
    - openapi-document.json:2097:4
warning | PreCheck/SchemaMissingType | The schema 'VirtualNetworkRule-properties' with an undefined type and declared properties is a bit ambiguous. This has been auto-corrected to 'type:object'
    - openapi-document.json:2125:4
warning | PreCheck/SchemaMissingType | The schema 'VirtualNetworkRuleListResult' with an undefined type and declared properties is a bit ambiguous. This has been auto-corrected to 'type:object'
    - openapi-document.json:2168:4
warning | PreCheck/SchemaMissingType | The schema 'Subnet' with an undefined type and declared properties is a bit ambiguous. This has been auto-corrected to 'type:object'
    - openapi-document.json:2231:4
warning | PreCheck/SchemaMissingType | The schema 'NWRuleSetIpRules' with an undefined type and declared properties is a bit ambiguous. This has been auto-corrected to 'type:object'
    - openapi-document.json:2270:4
warning | PreCheck/SchemaMissingType | The schema 'NWRuleSetVirtualNetworkRules' with an undefined type and declared properties is a bit ambiguous. This has been auto-corrected to 'type:object'
    - openapi-document.json:2318:4
warning | PreCheck/SchemaMissingType | The schema 'NetworkRuleSet' with an undefined type and declared properties is a bit ambiguous. This has been auto-corrected to 'type:object'
    - openapi-document.json:2345:4
warning | PreCheck/SchemaMissingType | The schema 'NetworkRuleSet-properties' with an undefined type and declared properties is a bit ambiguous. This has been auto-corrected to 'type:object'
    - openapi-document.json:2373:4
warning | PreCheck/SchemaMissingType | The schema 'AuthorizationRuleListResult' with an undefined type and declared properties is a bit ambiguous. This has been auto-corrected to 'type:object'
    - openapi-document.json:2455:4
warning | PreCheck/SchemaMissingType | The schema 'AuthorizationRule' with an undefined type and declared properties is a bit ambiguous. This has been auto-corrected to 'type:object'
    - openapi-document.json:2518:4
warning | PreCheck/SchemaMissingType | The schema 'AuthorizationRule-properties' with an undefined type and declared properties is a bit ambiguous. This has been auto-corrected to 'type:object'
    - openapi-document.json:2546:4
warning | PreCheck/SchemaMissingType | The schema 'AccessKeys' with an undefined type and declared properties is a bit ambiguous. This has been auto-corrected to 'type:object'
    - openapi-document.json:2599:4
warning | PreCheck/SchemaMissingType | The schema 'RegenerateAccessKeyParameters' with an undefined type and declared properties is a bit ambiguous. This has been auto-corrected to 'type:object'
    - openapi-document.json:2778:4
warning | PreCheck/SchemaMissingType | The schema 'CheckNameAvailabilityParameter' with an undefined type and declared properties is a bit ambiguous. This has been auto-corrected to 'type:object'
    - openapi-document.json:2828:4
warning | PreCheck/SchemaMissingType | The schema 'CheckNameAvailabilityResult' with an undefined type and declared properties is a bit ambiguous. This has been auto-corrected to 'type:object'
    - openapi-document.json:2870:4
warning | PreCheck/SchemaMissingType | The schema 'ConsumerGroup' with an undefined type and declared properties is a bit ambiguous. This has been auto-corrected to 'type:object'
    - openapi-document.json:2919:4
warning | PreCheck/SchemaMissingType | The schema 'ConsumerGroup-properties' with an undefined type and declared properties is a bit ambiguous. This has been auto-corrected to 'type:object'
    - openapi-document.json:2947:4
warning | PreCheck/SchemaMissingType | The schema 'ConsumerGroupListResult' with an undefined type and declared properties is a bit ambiguous. This has been auto-corrected to 'type:object'
    - openapi-document.json:3038:4
warning | PreCheck/SchemaMissingType | The schema 'CheckNameAvailabilityParameter' with an undefined type and declared properties is a bit ambiguous. This has been auto-corrected to 'type:object'
    - openapi-document.json:3101:4
warning | PreCheck/SchemaMissingType | The schema 'CheckNameAvailabilityResult' with an undefined type and declared properties is a bit ambiguous. This has been auto-corrected to 'type:object'
    - openapi-document.json:3143:4
warning | PreCheck/SchemaMissingType | The schema 'ArmDisasterRecovery' with an undefined type and declared properties is a bit ambiguous. This has been auto-corrected to 'type:object'
    - openapi-document.json:3192:4
warning | PreCheck/SchemaMissingType | The schema 'ArmDisasterRecovery-properties' with an undefined type and declared properties is a bit ambiguous. This has been auto-corrected to 'type:object'
    - openapi-document.json:3220:4
warning | PreCheck/SchemaMissingType | The schema 'ArmDisasterRecoveryListResult' with an undefined type and declared properties is a bit ambiguous. This has been auto-corrected to 'type:object'
    - openapi-document.json:3326:4
warning | PreCheck/SchemaMissingType | The schema 'OperationListResult' with an undefined type and declared properties is a bit ambiguous. This has been auto-corrected to 'type:object'
    - openapi-document.json:3391:4
warning | PreCheck/SchemaMissingType | The schema 'Operation-display' with an undefined type and declared properties is a bit ambiguous. This has been auto-corrected to 'type:object'
    - openapi-document.json:3504:4
warning | PreCheck/SchemaMissingType | The schema 'CaptureDescription' with an undefined type and declared properties is a bit ambiguous. This has been auto-corrected to 'type:object'
    - openapi-document.json:3594:4
warning | PreCheck/SchemaMissingType | The schema 'Eventhub' with an undefined type and declared properties is a bit ambiguous. This has been auto-corrected to 'type:object'
    - openapi-document.json:3680:4
warning | PreCheck/SchemaMissingType | The schema 'Eventhub-properties' with an undefined type and declared properties is a bit ambiguous. This has been auto-corrected to 'type:object'
    - openapi-document.json:3708:4
warning | PreCheck/SchemaMissingType | The schema 'EventHubListResult' with an undefined type and declared properties is a bit ambiguous. This has been auto-corrected to 'type:object'
    - openapi-document.json:3878:4
warning | PreCheck/SchemaMissingType | The schema 'Destination' with an undefined type and declared properties is a bit ambiguous. This has been auto-corrected to 'type:object'
    - openapi-document.json:3941:4
warning | PreCheck/SchemaMissingType | The schema 'Destination-properties' with an undefined type and declared properties is a bit ambiguous. This has been auto-corrected to 'type:object'
    - openapi-document.json:3985:4
warning | PreCheck/SchemaMissingType | The schema 'MessagingRegions' with an undefined type and declared properties is a bit ambiguous. This has been auto-corrected to 'type:object'
    - openapi-document.json:4070:4
warning | PreCheck/SchemaMissingType | The schema 'MessagingRegions-properties' with an undefined type and declared properties is a bit ambiguous. This has been auto-corrected to 'type:object'
    - openapi-document.json:4097:4
warning | PreCheck/SchemaMissingType | The schema 'MessagingRegionsListResult' with an undefined type and declared properties is a bit ambiguous. This has been auto-corrected to 'type:object'
    - openapi-document.json:4164:4
warning | PreCheck/SchemaMissingType | The schema 'TrackedResource' with an undefined type and declared properties is a bit ambiguous. This has been auto-corrected to 'type:object'
    - openapi-document.json:4229:4
warning | PreCheck/SchemaMissingType | The schema 'Resource' with an undefined type and declared properties is a bit ambiguous. This has been auto-corrected to 'type:object'
    - openapi-document.json:4324:4
warning | PreCheck/CheckDuplicateSchemas | Checking for duplicate schemas, this could take a (long) while.  Run with --verbose for more detail.
warning | UnkownSecurityScheme | Security scheme azure_auth is unknown and will not be processed. Only supported types are AADToken,AzureKey,Anonymous
warning | UnkownSecurityScheme | Security scheme azure_auth is unknown and will not be processed. Only supported types are AADToken,AzureKey,Anonymous
warning | UnkownSecurityScheme | Security scheme azure_auth is unknown and will not be processed. Only supported types are AADToken,AzureKey,Anonymous
warning | UnkownSecurityScheme | Security scheme azure_auth is unknown and will not be processed. Only supported types are AADToken,AzureKey,Anonymous
warning | UnkownSecurityScheme | Security scheme azure_auth is unknown and will not be processed. Only supported types are AADToken,AzureKey,Anonymous
warning | UnkownSecurityScheme | Security scheme azure_auth is unknown and will not be processed. Only supported types are AADToken,AzureKey,Anonymous
warning | UnkownSecurityScheme | Security scheme azure_auth is unknown and will not be processed. Only supported types are AADToken,AzureKey,Anonymous
warning | UnkownSecurityScheme | Security scheme azure_auth is unknown and will not be processed. Only supported types are AADToken,AzureKey,Anonymous
warning | UnkownSecurityScheme | Security scheme azure_auth is unknown and will not be processed. Only supported types are AADToken,AzureKey,Anonymous
warning | UnkownSecurityScheme | Security scheme azure_auth is unknown and will not be processed. Only supported types are AADToken,AzureKey,Anonymous
warning | UnkownSecurityScheme | Security scheme azure_auth is unknown and will not be processed. Only supported types are AADToken,AzureKey,Anonymous
warning | UnkownSecurityScheme | Security scheme azure_auth is unknown and will not be processed. Only supported types are AADToken,AzureKey,Anonymous
warning | UnkownSecurityScheme | Security scheme azure_auth is unknown and will not be processed. Only supported types are AADToken,AzureKey,Anonymous
warning | UnkownSecurityScheme | Security scheme azure_auth is unknown and will not be processed. Only supported types are AADToken,AzureKey,Anonymous
info    | autorest.bicep took 4ms
info    | Generation Complete
