Generating types for 'specification/azsadmin/resource-manager/infrastructureinsights/readme.md'
AutoRest code generation utility [cli version: 3.7.2; node: v22.22.0]
(C) 2018 Microsoft Corporation.
https://aka.ms/autorest
warning | SkippedSemanticValidation | Semantic validation was skipped.
warning | PreCheck/SchemaMissingType | The schema 'BaseHealth' with an undefined type and declared properties is a bit ambiguous. This has been auto-corrected to 'type:object'
    - file:///home/runner/work/bicep-types-az/bicep-types-az/workflow-temp/azure-rest-api-specs/specification/azsadmin/resource-manager/infrastructureinsights/Microsoft.InfrastructureInsights.Admin/preview/2016-05-01/InfrastructureInsights.json:58:5
warning | PreCheck/SchemaMissingType | The schema 'Resource' with an undefined type and declared properties is a bit ambiguous. This has been auto-corrected to 'type:object'
    - file:///home/runner/work/bicep-types-az/bicep-types-az/workflow-temp/azure-rest-api-specs/specification/azsadmin/resource-manager/infrastructureinsights/Microsoft.InfrastructureInsights.Admin/preview/2016-05-01/InfrastructureInsights.json:83:5
warning | PreCheck/SchemaMissingType | The schema 'TrackedResource' with an undefined type and declared properties is a bit ambiguous. This has been auto-corrected to 'type:object'
    - file:///home/runner/work/bicep-types-az/bicep-types-az/workflow-temp/azure-rest-api-specs/specification/azsadmin/resource-manager/infrastructureinsights/Microsoft.InfrastructureInsights.Admin/preview/2016-05-01/InfrastructureInsights.json:104:5
warning | PreCheck/SchemaMissingType | The schema 'AlertSummary' with an undefined type and declared properties is a bit ambiguous. This has been auto-corrected to 'type:object'
    - file:///home/runner/work/bicep-types-az/bicep-types-az/workflow-temp/azure-rest-api-specs/specification/azsadmin/resource-manager/infrastructureinsights/Microsoft.InfrastructureInsights.Admin/preview/2016-05-01/InfrastructureInsights.json:134:5
warning | PreCheck/SchemaMissingType | The schema 'Metrics' with an undefined type and declared properties is a bit ambiguous. This has been auto-corrected to 'type:object'
    - file:///home/runner/work/bicep-types-az/bicep-types-az/workflow-temp/azure-rest-api-specs/specification/azsadmin/resource-manager/infrastructureinsights/Microsoft.InfrastructureInsights.Admin/preview/2016-05-01/InfrastructureInsights.json:147:5
warning | PreCheck/SchemaMissingType | The schema 'UsageMetrics' with an undefined type and declared properties is a bit ambiguous. This has been auto-corrected to 'type:object'
    - file:///home/runner/work/bicep-types-az/bicep-types-az/workflow-temp/azure-rest-api-specs/specification/azsadmin/resource-manager/infrastructureinsights/Microsoft.InfrastructureInsights.Admin/preview/2016-05-01/InfrastructureInsights.json:212:5
warning | PreCheck/SchemaMissingType | The schema 'Operation' with an undefined type and declared properties is a bit ambiguous. This has been auto-corrected to 'type:object'
    - file:///home/runner/work/bicep-types-az/bicep-types-az/workflow-temp/azure-rest-api-specs/specification/azsadmin/resource-manager/infrastructureinsights/Microsoft.InfrastructureInsights.Admin/preview/2016-05-01/InfrastructureInsights.json:231:5
warning | PreCheck/SchemaMissingType | The schema 'Display' with an undefined type and declared properties is a bit ambiguous. This has been auto-corrected to 'type:object'
    - file:///home/runner/work/bicep-types-az/bicep-types-az/workflow-temp/azure-rest-api-specs/specification/azsadmin/resource-manager/infrastructureinsights/Microsoft.InfrastructureInsights.Admin/preview/2016-05-01/InfrastructureInsights.json:244:5
warning | PreCheck/SchemaMissingType | The schema 'OperationList' with an undefined type and declared properties is a bit ambiguous. This has been auto-corrected to 'type:object'
    - file:///home/runner/work/bicep-types-az/bicep-types-az/workflow-temp/azure-rest-api-specs/specification/azsadmin/resource-manager/infrastructureinsights/Microsoft.InfrastructureInsights.Admin/preview/2016-05-01/InfrastructureInsights.json:265:5
warning | PreCheck/SchemaMissingType | The schema 'AlertModel' with an undefined type and declared properties is a bit ambiguous. This has been auto-corrected to 'type:object'
    - file:///home/runner/work/bicep-types-az/bicep-types-az/workflow-temp/azure-rest-api-specs/specification/azsadmin/resource-manager/infrastructureinsights/Microsoft.InfrastructureInsights.Admin/preview/2016-05-01/Alert.json:202:5
warning | PreCheck/SchemaMissingType | The schema 'AlertList' with an undefined type and declared properties is a bit ambiguous. This has been auto-corrected to 'type:object'
    - file:///home/runner/work/bicep-types-az/bicep-types-az/workflow-temp/azure-rest-api-specs/specification/azsadmin/resource-manager/infrastructureinsights/Microsoft.InfrastructureInsights.Admin/preview/2016-05-01/Alert.json:290:5
warning | PreCheck/SchemaMissingType | The schema 'RegionHealth' with an undefined type and declared properties is a bit ambiguous. This has been auto-corrected to 'type:object'
    - file:///home/runner/work/bicep-types-az/bicep-types-az/workflow-temp/azure-rest-api-specs/specification/azsadmin/resource-manager/infrastructureinsights/Microsoft.InfrastructureInsights.Admin/preview/2016-05-01/RegionHealth.json:103:5
warning | PreCheck/SchemaMissingType | The schema 'RegionHealthModel' with an undefined type and declared properties is a bit ambiguous. This has been auto-corrected to 'type:object'
    - file:///home/runner/work/bicep-types-az/bicep-types-az/workflow-temp/azure-rest-api-specs/specification/azsadmin/resource-manager/infrastructureinsights/Microsoft.InfrastructureInsights.Admin/preview/2016-05-01/RegionHealth.json:118:5
warning | PreCheck/SchemaMissingType | The schema 'RegionHealthList' with an undefined type and declared properties is a bit ambiguous. This has been auto-corrected to 'type:object'
    - file:///home/runner/work/bicep-types-az/bicep-types-az/workflow-temp/azure-rest-api-specs/specification/azsadmin/resource-manager/infrastructureinsights/Microsoft.InfrastructureInsights.Admin/preview/2016-05-01/RegionHealth.json:137:5
warning | PreCheck/SchemaMissingType | The schema 'ResourceHealth' with an undefined type and declared properties is a bit ambiguous. This has been auto-corrected to 'type:object'
    - file:///home/runner/work/bicep-types-az/bicep-types-az/workflow-temp/azure-rest-api-specs/specification/azsadmin/resource-manager/infrastructureinsights/Microsoft.InfrastructureInsights.Admin/preview/2016-05-01/ResourceHealth.json:118:5
warning | PreCheck/SchemaMissingType | The schema 'ResourceHealthModel' with an undefined type and declared properties is a bit ambiguous. This has been auto-corrected to 'type:object'
    - file:///home/runner/work/bicep-types-az/bicep-types-az/workflow-temp/azure-rest-api-specs/specification/azsadmin/resource-manager/infrastructureinsights/Microsoft.InfrastructureInsights.Admin/preview/2016-05-01/ResourceHealth.json:133:5
warning | PreCheck/SchemaMissingType | The schema 'ResourceHealthList' with an undefined type and declared properties is a bit ambiguous. This has been auto-corrected to 'type:object'
    - file:///home/runner/work/bicep-types-az/bicep-types-az/workflow-temp/azure-rest-api-specs/specification/azsadmin/resource-manager/infrastructureinsights/Microsoft.InfrastructureInsights.Admin/preview/2016-05-01/ResourceHealth.json:177:5
warning | PreCheck/SchemaMissingType | The schema 'ServiceHealthModel' with an undefined type and declared properties is a bit ambiguous. This has been auto-corrected to 'type:object'
    - file:///home/runner/work/bicep-types-az/bicep-types-az/workflow-temp/azure-rest-api-specs/specification/azsadmin/resource-manager/infrastructureinsights/Microsoft.InfrastructureInsights.Admin/preview/2016-05-01/ServiceHealth.json:125:5
warning | PreCheck/SchemaMissingType | The schema 'ServiceHealthList' with an undefined type and declared properties is a bit ambiguous. This has been auto-corrected to 'type:object'
    - file:///home/runner/work/bicep-types-az/bicep-types-az/workflow-temp/azure-rest-api-specs/specification/azsadmin/resource-manager/infrastructureinsights/Microsoft.InfrastructureInsights.Admin/preview/2016-05-01/ServiceHealth.json:147:5
warning | PreCheck/CheckDuplicateSchemas | Checking for duplicate schemas, this could take a (long) while.  Run with --verbose for more detail.
warning | Skipping Alerts_Close due to required query parameter "user"
