Generating types for 'specification/resources/resource-manager/Microsoft.Resources/templateSpecs/readme.md'
AutoRest code generation utility [cli version: 3.7.2; node: v22.22.0]
(C) 2018 Microsoft Corporation.
https://aka.ms/autorest
warning | DeprecatedConfig | Using directive.0.suppress which is deprecated and will be removed in the future.
warning | DeprecatedConfig | Using directive.1.suppress which is deprecated and will be removed in the future.
warning | DeprecatedConfig | Using directive.2.suppress which is deprecated and will be removed in the future.
warning | DeprecatedConfig | Using directive.3.suppress which is deprecated and will be removed in the future.
warning | DeprecatedConfig | Using directive.4.suppress which is deprecated and will be removed in the future.
warning | DeprecatedConfig | Using directive.5.suppress which is deprecated and will be removed in the future.
warning | DeprecatedConfig | Using directive.6.suppress which is deprecated and will be removed in the future.
warning | DeprecatedConfig | Using directive.7.suppress which is deprecated and will be removed in the future.
warning | DeprecatedConfig | Using directive.0.suppress which is deprecated and will be removed in the future.
warning | DeprecatedConfig | Using directive.1.suppress which is deprecated and will be removed in the future.
warning | DeprecatedConfig | Using directive.2.suppress which is deprecated and will be removed in the future.
warning | DeprecatedConfig | Using directive.3.suppress which is deprecated and will be removed in the future.
warning | DeprecatedConfig | Using directive.4.suppress which is deprecated and will be removed in the future.
warning | DeprecatedConfig | Using directive.5.suppress which is deprecated and will be removed in the future.
warning | DeprecatedConfig | Using directive.6.suppress which is deprecated and will be removed in the future.
warning | DeprecatedConfig | Using directive.7.suppress which is deprecated and will be removed in the future.
warning | SkippedSemanticValidation | Semantic validation was skipped.
warning | PreCheck/SchemaMissingType | The schema 'TemplateSpecsListResult' with an undefined type and declared properties is a bit ambiguous. This has been auto-corrected to 'type:object'
    - file:///home/runner/work/bicep-types-az/bicep-types-az/workflow-temp/azure-rest-api-specs/specification/resources/resource-manager/Microsoft.Resources/templateSpecs/preview/2019-06-01-preview/templateSpecs.json:614:5
warning | PreCheck/SchemaMissingType | The schema 'TemplateSpecVersionsListResult' with an undefined type and declared properties is a bit ambiguous. This has been auto-corrected to 'type:object'
    - file:///home/runner/work/bicep-types-az/bicep-types-az/workflow-temp/azure-rest-api-specs/specification/resources/resource-manager/Microsoft.Resources/templateSpecs/preview/2019-06-01-preview/templateSpecs.json:752:5
warning | PreCheck/SchemaMissingType | The schema 'TemplateSpecsError' with an undefined type and declared properties is a bit ambiguous. This has been auto-corrected to 'type:object'
    - file:///home/runner/work/bicep-types-az/bicep-types-az/workflow-temp/azure-rest-api-specs/specification/resources/resource-manager/Microsoft.Resources/templateSpecs/preview/2019-06-01-preview/templateSpecs.json:843:5
warning | PreCheck/CheckDuplicateSchemas | Checking for duplicate schemas, this could take a (long) while.  Run with --verbose for more detail.
warning | Unrecognized property type: any-object. Returning 'any'.
warning | Unrecognized property type: any-object. Returning 'any'.
warning | DeprecatedConfig | Using directive.0.suppress which is deprecated and will be removed in the future.
warning | DeprecatedConfig | Using directive.1.suppress which is deprecated and will be removed in the future.
warning | DeprecatedConfig | Using directive.2.suppress which is deprecated and will be removed in the future.
warning | DeprecatedConfig | Using directive.3.suppress which is deprecated and will be removed in the future.
warning | DeprecatedConfig | Using directive.4.suppress which is deprecated and will be removed in the future.
warning | DeprecatedConfig | Using directive.5.suppress which is deprecated and will be removed in the future.
warning | DeprecatedConfig | Using directive.6.suppress which is deprecated and will be removed in the future.
warning | DeprecatedConfig | Using directive.7.suppress which is deprecated and will be removed in the future.
warning | SkippedSemanticValidation | Semantic validation was skipped.
warning | PreCheck/SchemaMissingType | The schema 'TemplateSpecsListResult' with an undefined type and declared properties is a bit ambiguous. This has been auto-corrected to 'type:object'
    - file:///home/runner/work/bicep-types-az/bicep-types-az/workflow-temp/azure-rest-api-specs/specification/resources/resource-manager/Microsoft.Resources/templateSpecs/preview/2021-03-01-preview/templateSpecs.json:618:5
warning | PreCheck/SchemaMissingType | The schema 'TemplateSpecVersionsListResult' with an undefined type and declared properties is a bit ambiguous. This has been auto-corrected to 'type:object'
    - file:///home/runner/work/bicep-types-az/bicep-types-az/workflow-temp/azure-rest-api-specs/specification/resources/resource-manager/Microsoft.Resources/templateSpecs/preview/2021-03-01-preview/templateSpecs.json:764:5
warning | PreCheck/SchemaMissingType | The schema 'TemplateSpecsError' with an undefined type and declared properties is a bit ambiguous. This has been auto-corrected to 'type:object'
    - file:///home/runner/work/bicep-types-az/bicep-types-az/workflow-temp/azure-rest-api-specs/specification/resources/resource-manager/Microsoft.Resources/templateSpecs/preview/2021-03-01-preview/templateSpecs.json:822:5
warning | PreCheck/CheckDuplicateSchemas | Checking for duplicate schemas, this could take a (long) while.  Run with --verbose for more detail.
warning | Unrecognized property type: any-object. Returning 'any'.
warning | Unrecognized property type: any-object. Returning 'any'.
warning | Unrecognized property type: any-object. Returning 'any'.
warning | Unrecognized property type: any-object. Returning 'any'.
warning | Unrecognized property type: any-object. Returning 'any'.
warning | DeprecatedConfig | Using directive.0.suppress which is deprecated and will be removed in the future.
warning | DeprecatedConfig | Using directive.1.suppress which is deprecated and will be removed in the future.
warning | DeprecatedConfig | Using directive.2.suppress which is deprecated and will be removed in the future.
warning | DeprecatedConfig | Using directive.3.suppress which is deprecated and will be removed in the future.
warning | DeprecatedConfig | Using directive.4.suppress which is deprecated and will be removed in the future.
warning | DeprecatedConfig | Using directive.5.suppress which is deprecated and will be removed in the future.
warning | DeprecatedConfig | Using directive.6.suppress which is deprecated and will be removed in the future.
warning | DeprecatedConfig | Using directive.7.suppress which is deprecated and will be removed in the future.
warning | SkippedSemanticValidation | Semantic validation was skipped.
warning | PreCheck/SchemaMissingType | The schema 'TemplateSpecsListResult' with an undefined type and declared properties is a bit ambiguous. This has been auto-corrected to 'type:object'
    - file:///home/runner/work/bicep-types-az/bicep-types-az/workflow-temp/azure-rest-api-specs/specification/resources/resource-manager/Microsoft.Resources/templateSpecs/stable/2021-05-01/templateSpecs.json:618:5
warning | PreCheck/SchemaMissingType | The schema 'TemplateSpecVersionsListResult' with an undefined type and declared properties is a bit ambiguous. This has been auto-corrected to 'type:object'
    - file:///home/runner/work/bicep-types-az/bicep-types-az/workflow-temp/azure-rest-api-specs/specification/resources/resource-manager/Microsoft.Resources/templateSpecs/stable/2021-05-01/templateSpecs.json:767:5
warning | PreCheck/SchemaMissingType | The schema 'TemplateSpecsError' with an undefined type and declared properties is a bit ambiguous. This has been auto-corrected to 'type:object'
    - file:///home/runner/work/bicep-types-az/bicep-types-az/workflow-temp/azure-rest-api-specs/specification/resources/resource-manager/Microsoft.Resources/templateSpecs/stable/2021-05-01/templateSpecs.json:825:5
warning | PreCheck/CheckDuplicateSchemas | Checking for duplicate schemas, this could take a (long) while.  Run with --verbose for more detail.
warning | Unrecognized property type: any-object. Returning 'any'.
warning | Unrecognized property type: any-object. Returning 'any'.
warning | Unrecognized property type: any-object. Returning 'any'.
warning | Unrecognized property type: any-object. Returning 'any'.
warning | Unrecognized property type: any-object. Returning 'any'.
warning | DeprecatedConfig | Using directive.0.suppress which is deprecated and will be removed in the future.
warning | DeprecatedConfig | Using directive.1.suppress which is deprecated and will be removed in the future.
warning | DeprecatedConfig | Using directive.2.suppress which is deprecated and will be removed in the future.
warning | DeprecatedConfig | Using directive.3.suppress which is deprecated and will be removed in the future.
warning | DeprecatedConfig | Using directive.4.suppress which is deprecated and will be removed in the future.
warning | DeprecatedConfig | Using directive.5.suppress which is deprecated and will be removed in the future.
warning | DeprecatedConfig | Using directive.6.suppress which is deprecated and will be removed in the future.
warning | DeprecatedConfig | Using directive.7.suppress which is deprecated and will be removed in the future.
warning | SkippedSemanticValidation | Semantic validation was skipped.
warning | PreCheck/CheckDuplicateSchemas | Checking for duplicate schemas, this could take a (long) while.  Run with --verbose for more detail.
warning | Unrecognized property type: any-object. Returning 'any'.
warning | Unrecognized property type: any-object. Returning 'any'.
warning | Unrecognized property type: any-object. Returning 'any'.
warning | Unrecognized property type: any-object. Returning 'any'.
warning | Unrecognized property type: any-object. Returning 'any'.
