Generating types for 'specification/azsadmin/resource-manager/subscriptions/readme.md'
AutoRest code generation utility [cli version: 3.7.1; node: v16.20.2]
(C) 2018 Microsoft Corporation.
https://aka.ms/autorest
warning | DeprecatedConfig | Using directive.0.suppress which is deprecated and will be removed in the future.
warning | DeprecatedConfig | Using directive.1.suppress which is deprecated and will be removed in the future.
warning | DeprecatedConfig | Using directive.2.suppress which is deprecated and will be removed in the future.
warning | DeprecatedConfig | Using directive.3.suppress which is deprecated and will be removed in the future.
warning | DeprecatedConfig | Using directive.4.suppress which is deprecated and will be removed in the future.
warning | DeprecatedConfig | Using directive.0.suppress which is deprecated and will be removed in the future.
warning | DeprecatedConfig | Using directive.1.suppress which is deprecated and will be removed in the future.
warning | DeprecatedConfig | Using directive.2.suppress which is deprecated and will be removed in the future.
warning | DeprecatedConfig | Using directive.3.suppress which is deprecated and will be removed in the future.
warning | DeprecatedConfig | Using directive.4.suppress which is deprecated and will be removed in the future.
warning | SkippedSemanticValidation | Semantic validation was skipped.
warning | PreCheck/SchemaMissingType | The schema 'Display' with an undefined type and declared properties is a bit ambiguous. This has been auto-corrected to 'type:object'
    - file:///home/runner/work/bicep-types-az/bicep-types-az/workflow-temp/azure-rest-api-specs/specification/azsadmin/resource-manager/subscriptions/Microsoft.Subscriptions.Admin/preview/2015-11-01/Subscriptions.json:518:5
warning | PreCheck/SchemaMissingType | The schema 'DirectoryTenantHealthReportList' with an undefined type and declared properties is a bit ambiguous. This has been auto-corrected to 'type:object'
    - file:///home/runner/work/bicep-types-az/bicep-types-az/workflow-temp/azure-rest-api-specs/specification/azsadmin/resource-manager/subscriptions/Microsoft.Subscriptions.Admin/preview/2015-11-01/Subscriptions.json:641:5
warning | PreCheck/SchemaMissingType | The schema 'ApplicationHealthReportList' with an undefined type and declared properties is a bit ambiguous. This has been auto-corrected to 'type:object'
    - file:///home/runner/work/bicep-types-az/bicep-types-az/workflow-temp/azure-rest-api-specs/specification/azsadmin/resource-manager/subscriptions/Microsoft.Subscriptions.Admin/preview/2015-11-01/Subscriptions.json:682:5
warning | PreCheck/SchemaMissingType | The schema 'AppRoleAssignmentHealthReportList' with an undefined type and declared properties is a bit ambiguous. This has been auto-corrected to 'type:object'
    - file:///home/runner/work/bicep-types-az/bicep-types-az/workflow-temp/azure-rest-api-specs/specification/azsadmin/resource-manager/subscriptions/Microsoft.Subscriptions.Admin/preview/2015-11-01/Subscriptions.json:729:5
warning | PreCheck/SchemaMissingType | The schema 'OAuth2PermissionGrantHealthReportList' with an undefined type and declared properties is a bit ambiguous. This has been auto-corrected to 'type:object'
    - file:///home/runner/work/bicep-types-az/bicep-types-az/workflow-temp/azure-rest-api-specs/specification/azsadmin/resource-manager/subscriptions/Microsoft.Subscriptions.Admin/preview/2015-11-01/Subscriptions.json:780:5
warning | PreCheck/SchemaMissingType | The schema 'ServicePrincipalTagHealthReportList' with an undefined type and declared properties is a bit ambiguous. This has been auto-corrected to 'type:object'
    - file:///home/runner/work/bicep-types-az/bicep-types-az/workflow-temp/azure-rest-api-specs/specification/azsadmin/resource-manager/subscriptions/Microsoft.Subscriptions.Admin/preview/2015-11-01/Subscriptions.json:831:5
warning | PreCheck/SchemaMissingType | The schema 'SubscriptionList' with an undefined type and declared properties is a bit ambiguous. This has been auto-corrected to 'type:object'
    - file:///home/runner/work/bicep-types-az/bicep-types-az/workflow-temp/azure-rest-api-specs/specification/azsadmin/resource-manager/subscriptions/Microsoft.Subscriptions.Admin/preview/2015-11-01/Subscriptions.json:943:5
warning | PreCheck/SchemaMissingType | The schema 'MetricList' with an undefined type and declared properties is a bit ambiguous. This has been auto-corrected to 'type:object'
    - file:///home/runner/work/bicep-types-az/bicep-types-az/workflow-temp/azure-rest-api-specs/specification/azsadmin/resource-manager/subscriptions/Microsoft.Subscriptions.Admin/preview/2015-11-01/Subscriptions.json:1275:5
warning | PreCheck/SchemaMissingType | The schema 'MetricDefinitionList' with an undefined type and declared properties is a bit ambiguous. This has been auto-corrected to 'type:object'
    - file:///home/runner/work/bicep-types-az/bicep-types-az/workflow-temp/azure-rest-api-specs/specification/azsadmin/resource-manager/subscriptions/Microsoft.Subscriptions.Admin/preview/2015-11-01/Subscriptions.json:1292:5
warning | PreCheck/SchemaMissingType | The schema 'PlanAcquisitionList' with an undefined type and declared properties is a bit ambiguous. This has been auto-corrected to 'type:object'
    - file:///home/runner/work/bicep-types-az/bicep-types-az/workflow-temp/azure-rest-api-specs/specification/azsadmin/resource-manager/subscriptions/Microsoft.Subscriptions.Admin/preview/2015-11-01/AcquiredPlan.json:261:5
warning | PreCheck/SchemaMissingType | The schema 'DelegatedProviderOfferList' with an undefined type and declared properties is a bit ambiguous. This has been auto-corrected to 'type:object'
    - file:///home/runner/work/bicep-types-az/bicep-types-az/workflow-temp/azure-rest-api-specs/specification/azsadmin/resource-manager/subscriptions/Microsoft.Subscriptions.Admin/preview/2015-11-01/DelegatedProviderOffer.json:182:5
warning | PreCheck/SchemaMissingType | The schema 'LocationList' with an undefined type and declared properties is a bit ambiguous. This has been auto-corrected to 'type:object'
    - file:///home/runner/work/bicep-types-az/bicep-types-az/workflow-temp/azure-rest-api-specs/specification/azsadmin/resource-manager/subscriptions/Microsoft.Subscriptions.Admin/preview/2015-11-01/Location.json:217:5
warning | PreCheck/SchemaMissingType | The schema 'OperationsStatusIdentifier' with an undefined type and declared properties is a bit ambiguous. This has been auto-corrected to 'type:object'
    - file:///home/runner/work/bicep-types-az/bicep-types-az/workflow-temp/azure-rest-api-specs/specification/azsadmin/resource-manager/subscriptions/Microsoft.Subscriptions.Admin/preview/2015-11-01/Location.json:281:5
warning | PreCheck/SchemaMissingType | The schema 'ExtendedErrorInfo' with an undefined type and declared properties is a bit ambiguous. This has been auto-corrected to 'type:object'
    - file:///home/runner/work/bicep-types-az/bicep-types-az/workflow-temp/azure-rest-api-specs/specification/azsadmin/resource-manager/subscriptions/Microsoft.Subscriptions.Admin/preview/2015-11-01/Location.json:298:5
warning | PreCheck/SchemaMissingType | The schema 'ExtendedErrorInfoList' with an undefined type and declared properties is a bit ambiguous. This has been auto-corrected to 'type:object'
    - file:///home/runner/work/bicep-types-az/bicep-types-az/workflow-temp/azure-rest-api-specs/specification/azsadmin/resource-manager/subscriptions/Microsoft.Subscriptions.Admin/preview/2015-11-01/Location.json:315:5
warning | PreCheck/SchemaMissingType | The schema 'ManifestList' with an undefined type and declared properties is a bit ambiguous. This has been auto-corrected to 'type:object'
    - file:///home/runner/work/bicep-types-az/bicep-types-az/workflow-temp/azure-rest-api-specs/specification/azsadmin/resource-manager/subscriptions/Microsoft.Subscriptions.Admin/preview/2015-11-01/Manifest.json:181:5
warning | PreCheck/SchemaMissingType | The schema 'ExtensionList' with an undefined type and declared properties is a bit ambiguous. This has been auto-corrected to 'type:object'
    - file:///home/runner/work/bicep-types-az/bicep-types-az/workflow-temp/azure-rest-api-specs/specification/azsadmin/resource-manager/subscriptions/Microsoft.Subscriptions.Admin/preview/2015-11-01/Manifest.json:262:5
warning | PreCheck/SchemaMissingType | The schema 'ResourceAccessList' with an undefined type and declared properties is a bit ambiguous. This has been auto-corrected to 'type:object'
    - file:///home/runner/work/bicep-types-az/bicep-types-az/workflow-temp/azure-rest-api-specs/specification/azsadmin/resource-manager/subscriptions/Microsoft.Subscriptions.Admin/preview/2015-11-01/Manifest.json:322:5
warning | PreCheck/SchemaMissingType | The schema 'ResourceTypeList' with an undefined type and declared properties is a bit ambiguous. This has been auto-corrected to 'type:object'
    - file:///home/runner/work/bicep-types-az/bicep-types-az/workflow-temp/azure-rest-api-specs/specification/azsadmin/resource-manager/subscriptions/Microsoft.Subscriptions.Admin/preview/2015-11-01/Manifest.json:355:5
warning | PreCheck/SchemaMissingType | The schema 'AuthorizationActionMappingList' with an undefined type and declared properties is a bit ambiguous. This has been auto-corrected to 'type:object'
    - file:///home/runner/work/bicep-types-az/bicep-types-az/workflow-temp/azure-rest-api-specs/specification/azsadmin/resource-manager/subscriptions/Microsoft.Subscriptions.Admin/preview/2015-11-01/Manifest.json:516:5
warning | PreCheck/SchemaMissingType | The schema 'AuthorizationActionMapping' with an undefined type and declared properties is a bit ambiguous. This has been auto-corrected to 'type:object'
    - file:///home/runner/work/bicep-types-az/bicep-types-az/workflow-temp/azure-rest-api-specs/specification/azsadmin/resource-manager/subscriptions/Microsoft.Subscriptions.Admin/preview/2015-11-01/Manifest.json:533:5
warning | PreCheck/SchemaMissingType | The schema 'LinkedAccessCheckList' with an undefined type and declared properties is a bit ambiguous. This has been auto-corrected to 'type:object'
    - file:///home/runner/work/bicep-types-az/bicep-types-az/workflow-temp/azure-rest-api-specs/specification/azsadmin/resource-manager/subscriptions/Microsoft.Subscriptions.Admin/preview/2015-11-01/Manifest.json:546:5
warning | PreCheck/SchemaMissingType | The schema 'LinkedAccessCheck' with an undefined type and declared properties is a bit ambiguous. This has been auto-corrected to 'type:object'
    - file:///home/runner/work/bicep-types-az/bicep-types-az/workflow-temp/azure-rest-api-specs/specification/azsadmin/resource-manager/subscriptions/Microsoft.Subscriptions.Admin/preview/2015-11-01/Manifest.json:566:5
warning | PreCheck/SchemaMissingType | The schema 'LinkedNotificationRuleList' with an undefined type and declared properties is a bit ambiguous. This has been auto-corrected to 'type:object'
    - file:///home/runner/work/bicep-types-az/bicep-types-az/workflow-temp/azure-rest-api-specs/specification/azsadmin/resource-manager/subscriptions/Microsoft.Subscriptions.Admin/preview/2015-11-01/Manifest.json:591:5
warning | PreCheck/SchemaMissingType | The schema 'LinkedNotificationRule' with an undefined type and declared properties is a bit ambiguous. This has been auto-corrected to 'type:object'
    - file:///home/runner/work/bicep-types-az/bicep-types-az/workflow-temp/azure-rest-api-specs/specification/azsadmin/resource-manager/subscriptions/Microsoft.Subscriptions.Admin/preview/2015-11-01/Manifest.json:608:5
warning | PreCheck/SchemaMissingType | The schema 'LinkedOperationRuleList' with an undefined type and declared properties is a bit ambiguous. This has been auto-corrected to 'type:object'
    - file:///home/runner/work/bicep-types-az/bicep-types-az/workflow-temp/azure-rest-api-specs/specification/azsadmin/resource-manager/subscriptions/Microsoft.Subscriptions.Admin/preview/2015-11-01/Manifest.json:620:5
warning | PreCheck/SchemaMissingType | The schema 'LinkedOperationRule' with an undefined type and declared properties is a bit ambiguous. This has been auto-corrected to 'type:object'
    - file:///home/runner/work/bicep-types-az/bicep-types-az/workflow-temp/azure-rest-api-specs/specification/azsadmin/resource-manager/subscriptions/Microsoft.Subscriptions.Admin/preview/2015-11-01/Manifest.json:637:5
warning | PreCheck/SchemaMissingType | The schema 'ApiProfileList' with an undefined type and declared properties is a bit ambiguous. This has been auto-corrected to 'type:object'
    - file:///home/runner/work/bicep-types-az/bicep-types-az/workflow-temp/azure-rest-api-specs/specification/azsadmin/resource-manager/subscriptions/Microsoft.Subscriptions.Admin/preview/2015-11-01/Manifest.json:723:5
warning | PreCheck/SchemaMissingType | The schema 'ApiProfile' with an undefined type and declared properties is a bit ambiguous. This has been auto-corrected to 'type:object'
    - file:///home/runner/work/bicep-types-az/bicep-types-az/workflow-temp/azure-rest-api-specs/specification/azsadmin/resource-manager/subscriptions/Microsoft.Subscriptions.Admin/preview/2015-11-01/Manifest.json:743:5
warning | PreCheck/SchemaMissingType | The schema 'ResourceProviderEndpointList' with an undefined type and declared properties is a bit ambiguous. This has been auto-corrected to 'type:object'
    - file:///home/runner/work/bicep-types-az/bicep-types-az/workflow-temp/azure-rest-api-specs/specification/azsadmin/resource-manager/subscriptions/Microsoft.Subscriptions.Admin/preview/2015-11-01/Manifest.json:756:5
warning | PreCheck/SchemaMissingType | The schema 'ResourceProviderEndpoint' with an undefined type and declared properties is a bit ambiguous. This has been auto-corrected to 'type:object'
    - file:///home/runner/work/bicep-types-az/bicep-types-az/workflow-temp/azure-rest-api-specs/specification/azsadmin/resource-manager/subscriptions/Microsoft.Subscriptions.Admin/preview/2015-11-01/Manifest.json:775:5
warning | PreCheck/SchemaMissingType | The schema 'ResourceProviderAuthorization' with an undefined type and declared properties is a bit ambiguous. This has been auto-corrected to 'type:object'
    - file:///home/runner/work/bicep-types-az/bicep-types-az/workflow-temp/azure-rest-api-specs/specification/azsadmin/resource-manager/subscriptions/Microsoft.Subscriptions.Admin/preview/2015-11-01/Manifest.json:823:5
warning | PreCheck/SchemaMissingType | The schema 'AzureResourceHydrationAccountList' with an undefined type and declared properties is a bit ambiguous. This has been auto-corrected to 'type:object'
    - file:///home/runner/work/bicep-types-az/bicep-types-az/workflow-temp/azure-rest-api-specs/specification/azsadmin/resource-manager/subscriptions/Microsoft.Subscriptions.Admin/preview/2015-11-01/Manifest.json:836:5
warning | PreCheck/SchemaMissingType | The schema 'AzureResourceHydrationAccount' with an undefined type and declared properties is a bit ambiguous. This has been auto-corrected to 'type:object'
    - file:///home/runner/work/bicep-types-az/bicep-types-az/workflow-temp/azure-rest-api-specs/specification/azsadmin/resource-manager/subscriptions/Microsoft.Subscriptions.Admin/preview/2015-11-01/Manifest.json:855:5
warning | PreCheck/SchemaMissingType | The schema 'FanoutLinkedNotificationRuleList' with an undefined type and declared properties is a bit ambiguous. This has been auto-corrected to 'type:object'
    - file:///home/runner/work/bicep-types-az/bicep-types-az/workflow-temp/azure-rest-api-specs/specification/azsadmin/resource-manager/subscriptions/Microsoft.Subscriptions.Admin/preview/2015-11-01/Manifest.json:877:5
warning | PreCheck/SchemaMissingType | The schema 'FanoutLinkedNotificationRule' with an undefined type and declared properties is a bit ambiguous. This has been auto-corrected to 'type:object'
    - file:///home/runner/work/bicep-types-az/bicep-types-az/workflow-temp/azure-rest-api-specs/specification/azsadmin/resource-manager/subscriptions/Microsoft.Subscriptions.Admin/preview/2015-11-01/Manifest.json:894:5
warning | PreCheck/SchemaMissingType | The schema 'OfferDelegationList' with an undefined type and declared properties is a bit ambiguous. This has been auto-corrected to 'type:object'
    - file:///home/runner/work/bicep-types-az/bicep-types-az/workflow-temp/azure-rest-api-specs/specification/azsadmin/resource-manager/subscriptions/Microsoft.Subscriptions.Admin/preview/2015-11-01/OfferDelegation.json:232:5
warning | PreCheck/SchemaMissingType | The schema 'PlanList' with an undefined type and declared properties is a bit ambiguous. This has been auto-corrected to 'type:object'
    - file:///home/runner/work/bicep-types-az/bicep-types-az/workflow-temp/azure-rest-api-specs/specification/azsadmin/resource-manager/subscriptions/Microsoft.Subscriptions.Admin/preview/2015-11-01/Plan.json:374:5
warning | PreCheck/SchemaMissingType | The schema 'QuotaList' with an undefined type and declared properties is a bit ambiguous. This has been auto-corrected to 'type:object'
    - file:///home/runner/work/bicep-types-az/bicep-types-az/workflow-temp/azure-rest-api-specs/specification/azsadmin/resource-manager/subscriptions/Microsoft.Subscriptions.Admin/preview/2015-11-01/Quota.json:131:5
warning | PreCheck/CheckDuplicateSchemas | Checking for duplicate schemas, this could take a (long) while.  Run with --verbose for more detail.
