AutoRest code generation utility [cli version: 3.4.0; node: v14.18.0]
(C) 2018 Microsoft Corporation.
https://aka.ms/autorest
info    |    Loading AutoRest core      '/home/runner/work/bicep-types-az/bicep-types-az/src/generator/node_modules/@autorest/core/dist' (3.6.2)
info    |    Loading local AutoRest extension '@autorest/bicep' (/home/runner/work/bicep-types-az/bicep-types-az/src/autorest.bicep)
info    |    Loading AutoRest extension '@autorest/modelerfour' (*->4.21.3)
info    | Processing batch task - {"tag":"microsoft.scheduler-2016-03-01"} .
info    |    Loading local AutoRest extension '@autorest/bicep' (/home/runner/work/bicep-types-az/bicep-types-az/src/autorest.bicep)
info    |    Loading AutoRest extension '@autorest/modelerfour' (*->4.21.3)
warning | SkippedSemanticValidation | Semantic validation was skipped.
warning | PreCheck/SchemaMissingType | The schema 'JobCollectionListResult' with an undefined type and declared properties is a bit ambiguous. This has been auto-corrected to 'type:object'
warning | PreCheck/SchemaMissingType | The schema 'JobListResult' with an undefined type and declared properties is a bit ambiguous. This has been auto-corrected to 'type:object'
warning | PreCheck/SchemaMissingType | The schema 'JobHistoryListResult' with an undefined type and declared properties is a bit ambiguous. This has been auto-corrected to 'type:object'
warning | PreCheck/SchemaMissingType | The schema 'JobCollectionDefinition' with an undefined type and declared properties is a bit ambiguous. This has been auto-corrected to 'type:object'
warning | PreCheck/SchemaMissingType | The schema 'JobCollectionProperties' with an undefined type and declared properties is a bit ambiguous. This has been auto-corrected to 'type:object'
warning | PreCheck/SchemaMissingType | The schema 'Sku' with an undefined type and declared properties is a bit ambiguous. This has been auto-corrected to 'type:object'
warning | PreCheck/SchemaMissingType | The schema 'JobCollectionQuota' with an undefined type and declared properties is a bit ambiguous. This has been auto-corrected to 'type:object'
warning | PreCheck/SchemaMissingType | The schema 'JobDefinition' with an undefined type and declared properties is a bit ambiguous. This has been auto-corrected to 'type:object'
warning | PreCheck/SchemaMissingType | The schema 'JobProperties' with an undefined type and declared properties is a bit ambiguous. This has been auto-corrected to 'type:object'
warning | PreCheck/SchemaMissingType | The schema 'JobHistoryDefinition' with an undefined type and declared properties is a bit ambiguous. This has been auto-corrected to 'type:object'
warning | PreCheck/SchemaMissingType | The schema 'JobHistoryDefinitionProperties' with an undefined type and declared properties is a bit ambiguous. This has been auto-corrected to 'type:object'
warning | PreCheck/SchemaMissingType | The schema 'JobAction' with an undefined type and declared properties is a bit ambiguous. This has been auto-corrected to 'type:object'
warning | PreCheck/SchemaMissingType | The schema 'JobErrorAction' with an undefined type and declared properties is a bit ambiguous. This has been auto-corrected to 'type:object'
warning | PreCheck/SchemaMissingType | The schema 'HttpRequest' with an undefined type and declared properties is a bit ambiguous. This has been auto-corrected to 'type:object'
warning | PreCheck/SchemaMissingType | The schema 'ClientCertAuthentication' with an undefined type and declared properties is a bit ambiguous. This has been auto-corrected to 'type:object'
warning | PreCheck/SchemaMissingType | The schema 'BasicAuthentication' with an undefined type and declared properties is a bit ambiguous. This has been auto-corrected to 'type:object'
warning | PreCheck/SchemaMissingType | The schema 'OAuthAuthentication' with an undefined type and declared properties is a bit ambiguous. This has been auto-corrected to 'type:object'
warning | PreCheck/SchemaMissingType | The schema 'HttpAuthentication' with an undefined type and declared properties is a bit ambiguous. This has been auto-corrected to 'type:object'
warning | PreCheck/SchemaMissingType | The schema 'StorageQueueMessage' with an undefined type and declared properties is a bit ambiguous. This has been auto-corrected to 'type:object'
warning | PreCheck/SchemaMissingType | The schema 'ServiceBusQueueMessage' with an undefined type and declared properties is a bit ambiguous. This has been auto-corrected to 'type:object'
warning | PreCheck/SchemaMissingType | The schema 'ServiceBusTopicMessage' with an undefined type and declared properties is a bit ambiguous. This has been auto-corrected to 'type:object'
warning | PreCheck/SchemaMissingType | The schema 'ServiceBusMessage' with an undefined type and declared properties is a bit ambiguous. This has been auto-corrected to 'type:object'
warning | PreCheck/SchemaMissingType | The schema 'ServiceBusAuthentication' with an undefined type and declared properties is a bit ambiguous. This has been auto-corrected to 'type:object'
warning | PreCheck/SchemaMissingType | The schema 'ServiceBusBrokeredMessageProperties' with an undefined type and declared properties is a bit ambiguous. This has been auto-corrected to 'type:object'
warning | PreCheck/SchemaMissingType | The schema 'RetryPolicy' with an undefined type and declared properties is a bit ambiguous. This has been auto-corrected to 'type:object'
warning | PreCheck/SchemaMissingType | The schema 'JobMaxRecurrence' with an undefined type and declared properties is a bit ambiguous. This has been auto-corrected to 'type:object'
warning | PreCheck/SchemaMissingType | The schema 'JobRecurrence' with an undefined type and declared properties is a bit ambiguous. This has been auto-corrected to 'type:object'
warning | PreCheck/SchemaMissingType | The schema 'JobRecurrenceSchedule' with an undefined type and declared properties is a bit ambiguous. This has been auto-corrected to 'type:object'
warning | PreCheck/SchemaMissingType | The schema 'JobRecurrenceScheduleMonthlyOccurrence' with an undefined type and declared properties is a bit ambiguous. This has been auto-corrected to 'type:object'
warning | PreCheck/SchemaMissingType | The schema 'JobStatus' with an undefined type and declared properties is a bit ambiguous. This has been auto-corrected to 'type:object'
warning | PreCheck/CheckDuplicateSchemas | Checking for duplicate schemas, this could take a (long) while.  Run with --verbose for more detail.
info    | autorest.bicep took 11ms
info    | Processing batch task - {"tag":"microsoft.scheduler-2016-01-01"} .
info    |    Loading local AutoRest extension '@autorest/bicep' (/home/runner/work/bicep-types-az/bicep-types-az/src/autorest.bicep)
info    |    Loading AutoRest extension '@autorest/modelerfour' (*->4.21.3)
warning | SkippedSemanticValidation | Semantic validation was skipped.
warning | PreCheck/SchemaMissingType | The schema 'JobCollectionListResult' with an undefined type and declared properties is a bit ambiguous. This has been auto-corrected to 'type:object'
warning | PreCheck/SchemaMissingType | The schema 'JobListResult' with an undefined type and declared properties is a bit ambiguous. This has been auto-corrected to 'type:object'
warning | PreCheck/SchemaMissingType | The schema 'JobHistoryListResult' with an undefined type and declared properties is a bit ambiguous. This has been auto-corrected to 'type:object'
warning | PreCheck/SchemaMissingType | The schema 'JobCollectionDefinition' with an undefined type and declared properties is a bit ambiguous. This has been auto-corrected to 'type:object'
warning | PreCheck/SchemaMissingType | The schema 'JobCollectionProperties' with an undefined type and declared properties is a bit ambiguous. This has been auto-corrected to 'type:object'
warning | PreCheck/SchemaMissingType | The schema 'Sku' with an undefined type and declared properties is a bit ambiguous. This has been auto-corrected to 'type:object'
warning | PreCheck/SchemaMissingType | The schema 'JobCollectionQuota' with an undefined type and declared properties is a bit ambiguous. This has been auto-corrected to 'type:object'
warning | PreCheck/SchemaMissingType | The schema 'JobDefinition' with an undefined type and declared properties is a bit ambiguous. This has been auto-corrected to 'type:object'
warning | PreCheck/SchemaMissingType | The schema 'JobProperties' with an undefined type and declared properties is a bit ambiguous. This has been auto-corrected to 'type:object'
warning | PreCheck/SchemaMissingType | The schema 'JobHistoryDefinition' with an undefined type and declared properties is a bit ambiguous. This has been auto-corrected to 'type:object'
warning | PreCheck/SchemaMissingType | The schema 'JobHistoryDefinitionProperties' with an undefined type and declared properties is a bit ambiguous. This has been auto-corrected to 'type:object'
warning | PreCheck/SchemaMissingType | The schema 'JobAction' with an undefined type and declared properties is a bit ambiguous. This has been auto-corrected to 'type:object'
warning | PreCheck/SchemaMissingType | The schema 'JobErrorAction' with an undefined type and declared properties is a bit ambiguous. This has been auto-corrected to 'type:object'
warning | PreCheck/SchemaMissingType | The schema 'HttpRequest' with an undefined type and declared properties is a bit ambiguous. This has been auto-corrected to 'type:object'
warning | PreCheck/SchemaMissingType | The schema 'ClientCertAuthentication' with an undefined type and declared properties is a bit ambiguous. This has been auto-corrected to 'type:object'
warning | PreCheck/SchemaMissingType | The schema 'BasicAuthentication' with an undefined type and declared properties is a bit ambiguous. This has been auto-corrected to 'type:object'
warning | PreCheck/SchemaMissingType | The schema 'OAuthAuthentication' with an undefined type and declared properties is a bit ambiguous. This has been auto-corrected to 'type:object'
warning | PreCheck/SchemaMissingType | The schema 'HttpAuthentication' with an undefined type and declared properties is a bit ambiguous. This has been auto-corrected to 'type:object'
warning | PreCheck/SchemaMissingType | The schema 'StorageQueueMessage' with an undefined type and declared properties is a bit ambiguous. This has been auto-corrected to 'type:object'
warning | PreCheck/SchemaMissingType | The schema 'ServiceBusQueueMessage' with an undefined type and declared properties is a bit ambiguous. This has been auto-corrected to 'type:object'
warning | PreCheck/SchemaMissingType | The schema 'ServiceBusTopicMessage' with an undefined type and declared properties is a bit ambiguous. This has been auto-corrected to 'type:object'
warning | PreCheck/SchemaMissingType | The schema 'ServiceBusMessage' with an undefined type and declared properties is a bit ambiguous. This has been auto-corrected to 'type:object'
warning | PreCheck/SchemaMissingType | The schema 'ServiceBusAuthentication' with an undefined type and declared properties is a bit ambiguous. This has been auto-corrected to 'type:object'
warning | PreCheck/SchemaMissingType | The schema 'ServiceBusBrokeredMessageProperties' with an undefined type and declared properties is a bit ambiguous. This has been auto-corrected to 'type:object'
warning | PreCheck/SchemaMissingType | The schema 'RetryPolicy' with an undefined type and declared properties is a bit ambiguous. This has been auto-corrected to 'type:object'
warning | PreCheck/SchemaMissingType | The schema 'JobMaxRecurrence' with an undefined type and declared properties is a bit ambiguous. This has been auto-corrected to 'type:object'
warning | PreCheck/SchemaMissingType | The schema 'JobRecurrence' with an undefined type and declared properties is a bit ambiguous. This has been auto-corrected to 'type:object'
warning | PreCheck/SchemaMissingType | The schema 'JobRecurrenceSchedule' with an undefined type and declared properties is a bit ambiguous. This has been auto-corrected to 'type:object'
warning | PreCheck/SchemaMissingType | The schema 'JobRecurrenceScheduleMonthlyOccurrence' with an undefined type and declared properties is a bit ambiguous. This has been auto-corrected to 'type:object'
warning | PreCheck/SchemaMissingType | The schema 'JobStatus' with an undefined type and declared properties is a bit ambiguous. This has been auto-corrected to 'type:object'
warning | PreCheck/CheckDuplicateSchemas | Checking for duplicate schemas, this could take a (long) while.  Run with --verbose for more detail.
warning | UnkownSecurityScheme | Security scheme azure_auth is unknown and will not be processed. Only supported types are AADToken,AzureKey,Anonymous
info    | autorest.bicep took 4ms
info    | Processing batch task - {"tag":"microsoft.scheduler-2014-08-01-preview"} .
info    |    Loading local AutoRest extension '@autorest/bicep' (/home/runner/work/bicep-types-az/bicep-types-az/src/autorest.bicep)
info    |    Loading AutoRest extension '@autorest/modelerfour' (*->4.21.3)
warning | SkippedSemanticValidation | Semantic validation was skipped.
warning | PreCheck/SchemaMissingType | The schema 'JobCollectionListResult' with an undefined type and declared properties is a bit ambiguous. This has been auto-corrected to 'type:object'
warning | PreCheck/SchemaMissingType | The schema 'JobListResult' with an undefined type and declared properties is a bit ambiguous. This has been auto-corrected to 'type:object'
warning | PreCheck/SchemaMissingType | The schema 'JobHistoryListResult' with an undefined type and declared properties is a bit ambiguous. This has been auto-corrected to 'type:object'
warning | PreCheck/SchemaMissingType | The schema 'JobCollectionDefinition' with an undefined type and declared properties is a bit ambiguous. This has been auto-corrected to 'type:object'
warning | PreCheck/SchemaMissingType | The schema 'JobCollectionProperties' with an undefined type and declared properties is a bit ambiguous. This has been auto-corrected to 'type:object'
warning | PreCheck/SchemaMissingType | The schema 'Sku' with an undefined type and declared properties is a bit ambiguous. This has been auto-corrected to 'type:object'
warning | PreCheck/SchemaMissingType | The schema 'JobCollectionQuota' with an undefined type and declared properties is a bit ambiguous. This has been auto-corrected to 'type:object'
warning | PreCheck/SchemaMissingType | The schema 'JobDefinition' with an undefined type and declared properties is a bit ambiguous. This has been auto-corrected to 'type:object'
warning | PreCheck/SchemaMissingType | The schema 'JobProperties' with an undefined type and declared properties is a bit ambiguous. This has been auto-corrected to 'type:object'
warning | PreCheck/SchemaMissingType | The schema 'JobHistoryDefinition' with an undefined type and declared properties is a bit ambiguous. This has been auto-corrected to 'type:object'
warning | PreCheck/SchemaMissingType | The schema 'JobHistoryDefinitionProperties' with an undefined type and declared properties is a bit ambiguous. This has been auto-corrected to 'type:object'
warning | PreCheck/SchemaMissingType | The schema 'JobAction' with an undefined type and declared properties is a bit ambiguous. This has been auto-corrected to 'type:object'
warning | PreCheck/SchemaMissingType | The schema 'JobErrorAction' with an undefined type and declared properties is a bit ambiguous. This has been auto-corrected to 'type:object'
warning | PreCheck/SchemaMissingType | The schema 'HttpRequest' with an undefined type and declared properties is a bit ambiguous. This has been auto-corrected to 'type:object'
warning | PreCheck/SchemaMissingType | The schema 'ClientCertAuthentication' with an undefined type and declared properties is a bit ambiguous. This has been auto-corrected to 'type:object'
warning | PreCheck/SchemaMissingType | The schema 'BasicAuthentication' with an undefined type and declared properties is a bit ambiguous. This has been auto-corrected to 'type:object'
warning | PreCheck/SchemaMissingType | The schema 'OAuthAuthentication' with an undefined type and declared properties is a bit ambiguous. This has been auto-corrected to 'type:object'
warning | PreCheck/SchemaMissingType | The schema 'HttpAuthentication' with an undefined type and declared properties is a bit ambiguous. This has been auto-corrected to 'type:object'
warning | PreCheck/SchemaMissingType | The schema 'StorageQueueMessage' with an undefined type and declared properties is a bit ambiguous. This has been auto-corrected to 'type:object'
warning | PreCheck/SchemaMissingType | The schema 'ServiceBusQueueMessage' with an undefined type and declared properties is a bit ambiguous. This has been auto-corrected to 'type:object'
warning | PreCheck/SchemaMissingType | The schema 'ServiceBusTopicMessage' with an undefined type and declared properties is a bit ambiguous. This has been auto-corrected to 'type:object'
warning | PreCheck/SchemaMissingType | The schema 'ServiceBusMessage' with an undefined type and declared properties is a bit ambiguous. This has been auto-corrected to 'type:object'
warning | PreCheck/SchemaMissingType | The schema 'ServiceBusAuthentication' with an undefined type and declared properties is a bit ambiguous. This has been auto-corrected to 'type:object'
warning | PreCheck/SchemaMissingType | The schema 'ServiceBusBrokeredMessageProperties' with an undefined type and declared properties is a bit ambiguous. This has been auto-corrected to 'type:object'
warning | PreCheck/SchemaMissingType | The schema 'RetryPolicy' with an undefined type and declared properties is a bit ambiguous. This has been auto-corrected to 'type:object'
warning | PreCheck/SchemaMissingType | The schema 'JobMaxRecurrence' with an undefined type and declared properties is a bit ambiguous. This has been auto-corrected to 'type:object'
warning | PreCheck/SchemaMissingType | The schema 'JobRecurrence' with an undefined type and declared properties is a bit ambiguous. This has been auto-corrected to 'type:object'
warning | PreCheck/SchemaMissingType | The schema 'JobRecurrenceSchedule' with an undefined type and declared properties is a bit ambiguous. This has been auto-corrected to 'type:object'
warning | PreCheck/SchemaMissingType | The schema 'JobRecurrenceScheduleMonthlyOccurrence' with an undefined type and declared properties is a bit ambiguous. This has been auto-corrected to 'type:object'
warning | PreCheck/SchemaMissingType | The schema 'JobStatus' with an undefined type and declared properties is a bit ambiguous. This has been auto-corrected to 'type:object'
warning | PreCheck/CheckDuplicateSchemas | Checking for duplicate schemas, this could take a (long) while.  Run with --verbose for more detail.
warning | UnkownSecurityScheme | Security scheme azure_auth is unknown and will not be processed. Only supported types are AADToken,AzureKey,Anonymous
info    | autorest.bicep took 4ms
[8.69 s] Generation Complete
