AutoRest code generation utility [cli version: 3.7.1; node: v16.20.2]
(C) 2018 Microsoft Corporation.
https://aka.ms/autorest
warning | DeprecatedConfig | Using directive.0.suppress which is deprecated and will be removed in the future.
warning | DeprecatedConfig | Using directive.1.suppress which is deprecated and will be removed in the future.
warning | DeprecatedConfig | Using directive.2.suppress which is deprecated and will be removed in the future.
warning | DeprecatedConfig | Using directive.3.suppress which is deprecated and will be removed in the future.
warning | DeprecatedConfig | Using directive.4.suppress which is deprecated and will be removed in the future.
warning | DeprecatedConfig | Using directive.5.suppress which is deprecated and will be removed in the future.
warning | DeprecatedConfig | Using directive.0.suppress which is deprecated and will be removed in the future.
warning | DeprecatedConfig | Using directive.1.suppress which is deprecated and will be removed in the future.
warning | DeprecatedConfig | Using directive.2.suppress which is deprecated and will be removed in the future.
warning | DeprecatedConfig | Using directive.3.suppress which is deprecated and will be removed in the future.
warning | DeprecatedConfig | Using directive.4.suppress which is deprecated and will be removed in the future.
warning | DeprecatedConfig | Using directive.5.suppress which is deprecated and will be removed in the future.
warning | SkippedSemanticValidation | Semantic validation was skipped.
warning | PreCheck/CheckDuplicateSchemas | Checking for duplicate schemas, this could take a (long) while.  Run with --verbose for more detail.
warning | PreCheck/DuplicateSchema | Duplicate Schema named 'Filter' (8 differences):
  - properties.contains: {"$ref":"#/components/schemas/schemas:26","description":"Property contains"} => <none>
  - properties.eq: {"$ref":"#/components/schemas/schemas:28","description":"Property eq"} => <none>
  - properties.exists: {"type":"boolean","description":"Property exists"} => <none>
  - properties.neq: {"$ref":"#/components/schemas/schemas:30","description":"Property neq"} => <none>
  - properties.property: {"$ref":"#/components/schemas/schemas:32","description":"Property property"} => <none>
  - properties.behavior: <none> => {"$ref":"#/components/schemas/FilterBehavior","description":"How to handle logs that satisfy the filter's conditions and requirement."}
  - properties.conditions: <none> => {"x-ms-identifiers":[],"$ref":"#/components/schemas/schemas:6557","description":"Match conditions for the filter."}
  - properties.requirement: <none> => {"$ref":"#/components/schemas/FilterRequirement","description":"Logic to apply to the filtering conditions. You can specify that, in order to satisfy the filter, a log must match all conditions or must match at least one condition."}
warning | PreCheck/DuplicateSchema | Duplicate Schema named 'Tag' (2 differences):
  - properties.key.description: "The key name of the tag. You can specify a value that is 1 to 127 Unicode characters in length and cannot be prefixed with aws:. You can use any of the following characters: the set of Unicode letters, digits, whitespace, _, ., /, =, +, and -." => "Property key"
  - properties.value.description: "The value for the tag. You can specify a value that is 1 to 255 Unicode characters in length and cannot be prefixed with aws:. You can use any of the following characters: the set of Unicode letters, digits, whitespace, _, ., /, =, +, and -." => "Property value"
warning | PreCheck/DuplicateSchema | Duplicate Schema named 'Tag' (2 differences):
  - properties.key.description: "The key name of the tag. You can specify a value that is 1 to 127 Unicode characters in length and cannot be prefixed with aws:. You can use any of the following characters: the set of Unicode letters, digits, whitespace, _, ., /, =, +, and -." => "The key name of the tag. You can specify a value that is 1 to 128 Unicode characters in length and cannot be prefixed with aws:."
  - properties.value.description: "The value for the tag. You can specify a value that is 1 to 255 Unicode characters in length and cannot be prefixed with aws:. You can use any of the following characters: the set of Unicode letters, digits, whitespace, _, ., /, =, +, and -." => "The value for the tag. You can specify a value that is 0 to 256 Unicode characters in length and cannot be prefixed with aws:."
warning | PreCheck/DuplicateSchema | Duplicate Schema named 'Tag' (2 differences):
  - properties.key.description: "The key name of the tag. You can specify a value that is 1 to 127 Unicode characters in length and cannot be prefixed with aws:. You can use any of the following characters: the set of Unicode letters, digits, whitespace, _, ., /, =, +, and -." => "A string used to identify this tag. You can specify a maximum of 127 characters for a tag key."
  - properties.value.description: "The value for the tag. You can specify a value that is 1 to 255 Unicode characters in length and cannot be prefixed with aws:. You can use any of the following characters: the set of Unicode letters, digits, whitespace, _, ., /, =, +, and -." => "A string containing the value for this tag. You can specify a maximum of 256 characters for a tag value."
warning | PreCheck/DuplicateSchema | Duplicate Schema named 'Tag' (2 differences):
  - properties.key.description: "The key name of the tag. You can specify a value that is 1 to 127 Unicode characters in length and cannot be prefixed with aws:. You can use any of the following characters: the set of Unicode letters, digits, whitespace, , ., /, =, +, and -." => "A string that contains `Tag key. The string length should be between 1 and 128 characters. Valid characters include a-z, A-Z, 0-9, space, and the special characters  - . : / = + @`."
  - properties.value.description: "The value for the tag. You can specify a value that is 1 to 255 Unicode characters in length and cannot be prefixed with aws:. You can use any of the following characters: the set of Unicode letters, digits, whitespace, , ., /, =, +, and -." => "A string that contains an optional `Tag value. The string length should be between 0 and 256 characters. Valid characters include a-z, A-Z, 0-9, space, and the special characters  - . : / = + @`."
warning | PreCheck/DuplicateSchema | Duplicate Schema named 'Tag' (2 differences):
  - properties.key.description: "The key name of the tag. You can specify a value that is 1 to 127 Unicode characters in length and cannot be prefixed with aws:. You can use any of the following characters: the set of Unicode letters, digits, whitespace, _, ., /, =, +, and -." => "A unique identifier for the tag. The combination of tag keys and values can help you organize and categorize your resources."
  - properties.value.description: "The value for the tag. You can specify a value that is 1 to 255 Unicode characters in length and cannot be prefixed with aws:. You can use any of the following characters: the set of Unicode letters, digits, whitespace, _, ., /, =, +, and -." => "The value for the specified tag key."
warning | PreCheck/DuplicateSchema | Duplicate Schema named 'Tag' (2 differences):
  - properties.key.description: "The key name of the tag. You can specify a value that is 1 to 127 Unicode characters in length and cannot be prefixed with aws:. You can use any of the following characters: the set of Unicode letters, digits, whitespace, _, ., /, =, +, and -." => "<p>The tag's key.</p>"
  - properties.value.description: "The value for the tag. You can specify a value that is 1 to 255 Unicode characters in length and cannot be prefixed with aws:. You can use any of the following characters: the set of Unicode letters, digits, whitespace, _, ., /, =, +, and -." => "<p>The tag's value.</p>"
warning | PreCheck/DuplicateSchema | Duplicate Schema named 'Tag' (2 differences):
  - properties.key.description: "The key name of the tag. You can specify a value that is 1 to 127 Unicode characters in length and cannot be prefixed with aws:. You can use any of the following characters: the set of Unicode letters, digits, whitespace, _, ., /, =, +, and -." => "The key of the tag. Tag keys are case sensitive. Each DynamoDB table can only have up to one tag with the same key. If you try to add an existing tag (same key), the existing tag value will be updated to the new value."
  - properties.value.description: "The value for the tag. You can specify a value that is 1 to 255 Unicode characters in length and cannot be prefixed with aws:. You can use any of the following characters: the set of Unicode letters, digits, whitespace, _, ., /, =, +, and -." => "The value of the tag. Tag values are case-sensitive and can be null."
warning | PreCheck/DuplicateSchema | Duplicate Schema named 'Tag' (2 differences):
  - properties.key.description: "The key name of the tag. You can specify a value that is 1 to 127 Unicode characters in length and cannot be prefixed with aws:. You can use any of the following characters: the set of Unicode letters, digits, whitespace, _, ., /, =, +, and -." => "<p>The key of the tag.</p> <p>Constraints: Tag keys are case-sensitive and accept a maximum of 127 Unicode characters. May not begin with <code>aws:</code>.</p>"
  - properties.value.description: "The value for the tag. You can specify a value that is 1 to 255 Unicode characters in length and cannot be prefixed with aws:. You can use any of the following characters: the set of Unicode letters, digits, whitespace, _, ., /, =, +, and -." => "<p>The value of the tag.</p> <p>Constraints: Tag values are case-sensitive and accept a maximum of 256 Unicode characters.</p>"
warning | PreCheck/DuplicateSchema | Duplicate Schema named 'Tag' (2 differences):
  - properties.key.description: "The key name of the tag. You can specify a value that is 1 to 127 Unicode characters in length and cannot be prefixed with aws:. You can use any of the following characters: the set of Unicode letters, digits, whitespace, _, ., /, =, +, and -." => "The tag key."
  - properties.value.description: "The value for the tag. You can specify a value that is 1 to 255 Unicode characters in length and cannot be prefixed with aws:. You can use any of the following characters: the set of Unicode letters, digits, whitespace, _, ., /, =, +, and -." => "The tag value."
warning | PreCheck/DuplicateSchema | Duplicate Schema named 'Tag' (2 differences):
  - properties.key.description: "The key name of the tag. You can specify a value that is 1 to 127 Unicode characters in length and cannot be prefixed with aws:. You can use any of the following characters: the set of Unicode letters, digits, whitespace, , ., /, =, +, and -." => "The key name of the tag. You can specify a value that is 1 to 128 Unicode characters in length and cannot be prefixed with aws:. You can use any of the following characters: the set of Unicode letters, digits, whitespace, , ., /, =, +, and -."
  - properties.value.description: "The value for the tag. You can specify a value that is 1 to 255 Unicode characters in length and cannot be prefixed with aws:. You can use any of the following characters: the set of Unicode letters, digits, whitespace, , ., /, =, +, and -." => "The value for the tag. You can specify a value that is 0 to 256 Unicode characters in length and cannot be prefixed with aws:. You can use any of the following characters: the set of Unicode letters, digits, whitespace, , ., /, =, +, and -."
warning | PreCheck/DuplicateSchema | Duplicate Schema named 'Tag' (2 differences):
  - properties.key.description: "The key name of the tag. You can specify a value that is 1 to 127 Unicode characters in length and cannot be prefixed with aws:. You can use any of the following characters: the set of Unicode letters, digits, whitespace, _, ., /, =, +, and -." => "One part of a key-value pair that make up a tag. A `key` is a general label that acts like a category for more specific tag values."
  - properties.value.description: "The value for the tag. You can specify a value that is 1 to 255 Unicode characters in length and cannot be prefixed with aws:. You can use any of the following characters: the set of Unicode letters, digits, whitespace, _, ., /, =, +, and -." => "A `value` acts as a descriptor within a tag category (key)."
warning | PreCheck/DuplicateSchema | Duplicate Schema named 'Tag' (2 differences):
  - properties.key.description: "The key name of the tag. You can specify a value that is 1 to 127 Unicode characters in length and cannot be prefixed with aws:. You can use any of the following characters: the set of Unicode letters, digits, whitespace, _, ., /, =, +, and -." => "One part of a key-value pair that make up a tag. A `key` is a general label that acts like a category for more specific tag values."
  - properties.value.description: "The value for the tag. You can specify a value that is 1 to 255 Unicode characters in length and cannot be prefixed with aws:. You can use any of the following characters: the set of Unicode letters, digits, whitespace, _, ., /, =, +, and -." => "The optional part of a key-value pair that make up a tag. A `value` acts as a descriptor within a tag category (key)."
warning | PreCheck/DuplicateSchema | Duplicate Schema named 'Tag' (2 differences):
  - properties.key.description: "The key name of the tag. You can specify a value that is 1 to 127 Unicode characters in length and cannot be prefixed with aws:. You can use any of the following characters: the set of Unicode letters, digits, whitespace, _, ., /, =, +, and -." => "The key name of the tag."
  - properties.value.description: "The value for the tag. You can specify a value that is 1 to 255 Unicode characters in length and cannot be prefixed with aws:. You can use any of the following characters: the set of Unicode letters, digits, whitespace, _, ., /, =, +, and -." => "The value for the tag."
warning | PreCheck/DuplicateSchema | Duplicate Schema named 'Tag' (2 differences):
  - properties.key.description: "The key name of the tag. You can specify a value that is 1 to 127 Unicode characters in length and cannot be prefixed with aws:. You can use any of the following characters: the set of Unicode letters, digits, whitespace, _, ., /, =, +, and -." => "The key of the tag."
  - properties.value.description: "The value for the tag. You can specify a value that is 1 to 255 Unicode characters in length and cannot be prefixed with aws:. You can use any of the following characters: the set of Unicode letters, digits, whitespace, _, ., /, =, +, and -." => "The value of the tag."
warning | PreCheck/DuplicateSchema | Duplicate Schema named 'Tag' (2 differences):
  - properties.key.description: "The key name of the tag. You can specify a value that is 1 to 127 Unicode characters in length and cannot be prefixed with aws:. You can use any of the following characters: the set of Unicode letters, digits, whitespace, _, ., /, =, +, and -." => "The value for the tag."
  - properties.value.description: "The value for the tag. You can specify a value that is 1 to 255 Unicode characters in length and cannot be prefixed with aws:. You can use any of the following characters: the set of Unicode letters, digits, whitespace, _, ., /, =, +, and -." => "The key name of the tag."
warning | PreCheck/DuplicateSchema | Duplicate Schema named 'Tag' (2 differences):
  - properties.key.description: "The key name of the tag. You can specify a value that is 1 to 127 Unicode characters in length and cannot be prefixed with aws:. You can use any of the following characters: the set of Unicode letters, digits, whitespace, _, ., /, =, +, and -." => "<p>A user-defined key, which is the minimum required information for a valid tag. For more information, see <a href='https://docs.aws.amazon.com/emr/latest/ManagementGuide/emr-plan-tags.html'>Tag</a>. </p>"
  - properties.value.description: "The value for the tag. You can specify a value that is 1 to 255 Unicode characters in length and cannot be prefixed with aws:. You can use any of the following characters: the set of Unicode letters, digits, whitespace, _, ., /, =, +, and -." => "<p>A user-defined value, which is optional in a tag. For more information, see <a href='https://docs.aws.amazon.com/emr/latest/ManagementGuide/emr-plan-tags.html'>Tag Clusters</a>. </p>"
warning | PreCheck/DuplicateSchema | Duplicate Schema named 'Tag' (2 differences):
  - properties.key.description: "The key name of the tag. You can specify a value that is 1 to 127 Unicode characters in length and cannot be prefixed with aws:. You can use any of the following characters: the set of Unicode letters, digits, whitespace, _, ., /, =, +, and -." => "The key name that can be used to look up or retrieve the associated value. For example, `Department or Cost Center` are common choices."
  - properties.value.description: "The value for the tag. You can specify a value that is 1 to 255 Unicode characters in length and cannot be prefixed with aws:. You can use any of the following characters: the set of Unicode letters, digits, whitespace, _, ., /, =, +, and -." => "The value associated with this tag. For example, tags with a key name of `Department could have values such as Human Resources, Accounting, and Support. Tags with a key name of Cost Center might have values that consist of the number associated with the different cost centers in your company. Typically, many resources have tags with the same key name but with different values.   AWS always interprets the tag Value` as a single string. If you need to store an array, you can store comma-separated values in the string. However, you must interpret the value in your code."
warning | PreCheck/DuplicateSchema | Duplicate Schema named 'Tag' (2 differences):
  - properties.key.description: "The key name of the tag. You can specify a value that is 1 to 127 Unicode characters in length and cannot be prefixed with aws:. You can use any of the following characters: the set of Unicode letters, digits, whitespace, _, ., /, =, +, and -." => "The tag's key."
  - properties.value.description: "The value for the tag. You can specify a value that is 1 to 255 Unicode characters in length and cannot be prefixed with aws:. You can use any of the following characters: the set of Unicode letters, digits, whitespace, _, ., /, =, +, and -." => "The tag's value."
warning | PreCheck/DuplicateSchema | Duplicate Schema named 'Tag' (2 differences):
  - properties.key.description: "The key name of the tag. You can specify a value that is 1 to 127 Unicode characters in length and cannot be prefixed with aws:. You can use any of the following characters: the set of Unicode letters, digits, whitespace, _, ., /, =, +, and -." => "The key identifier, or name, of the tag."
  - properties.value.description: "The value for the tag. You can specify a value that is 1 to 255 Unicode characters in length and cannot be prefixed with aws:. You can use any of the following characters: the set of Unicode letters, digits, whitespace, _, ., /, =, +, and -." => "The string value that's associated with the key of the tag. You can set the value of a tag to an empty string, but you can't set the value of a tag to null."
warning | PreCheck/DuplicateSchema | Duplicate Schema named 'Tag' (2 differences):
  - properties.key.description: "The key name of the tag. You can specify a value that is 1 to 127 Unicode characters in length and cannot be prefixed with aws:. You can use any of the following characters: the set of Unicode letters, digits, whitespace, , ., /, =, +, and -." => "A key is the required name of the tag. The string value can be from 1 to 128 Unicode characters in length and can't be prefixed with `aws: or rds:`. The string can only contain only the set of Unicode letters, digits, white-space, '_', '.', ':', '/', '=', '+', '-', '@' (Java regex: '^([\\\\p{L}\\\\p{Z}\\\\p{N}.:/=+\\\\-@]*)$')."
  - properties.value.description: "The value for the tag. You can specify a value that is 1 to 255 Unicode characters in length and cannot be prefixed with aws:. You can use any of the following characters: the set of Unicode letters, digits, whitespace, , ., /, =, +, and -." => "A value is the optional value of the tag. The string value can be from 1 to 256 Unicode characters in length and can't be prefixed with `aws: or rds:`. The string can only contain only the set of Unicode letters, digits, white-space, '_', '.', ':', '/', '=', '+', '-', '@' (Java regex: '^([\\\\p{L}\\\\p{Z}\\\\p{N}.:/=+\\\\-@]*)$')."
warning | PreCheck/DuplicateSchema | Duplicate Schema named 'Tag' (2 differences):
  - properties.key.description: "The key name of the tag. You can specify a value that is 1 to 127 Unicode characters in length and cannot be prefixed with aws:. You can use any of the following characters: the set of Unicode letters, digits, whitespace, , ., /, =, +, and -." => "<p>A key is the required name of the tag. The string value can be from 1 to 128 Unicode characters in length and can't be prefixed with <code>aws:</code> or <code>rds:</code>. The string can only contain only the set of Unicode letters, digits, white-space, '_', '.', ':', '/', '=', '+', '-', '@' (Java regex: '^([\\p{L}\\p{Z}\\p{N}.:/=+\\-@]*)$').</p>"
  - properties.value.description: "The value for the tag. You can specify a value that is 1 to 255 Unicode characters in length and cannot be prefixed with aws:. You can use any of the following characters: the set of Unicode letters, digits, whitespace, , ., /, =, +, and -." => "<p>A value is the optional value of the tag. The string value can be from 1 to 256 Unicode characters in length and can't be prefixed with <code>aws:</code> or <code>rds:</code>. The string can only contain only the set of Unicode letters, digits, white-space, '_', '.', ':', '/', '=', '+', '-', '@' (Java regex: '^([\\p{L}\\p{Z}\\p{N}.:/=+\\-@]*)$').</p>"
warning | PreCheck/DuplicateSchema | Duplicate Schema named 'Tag' (2 differences):
  - properties.key.description: "The key name of the tag. You can specify a value that is 1 to 127 Unicode characters in length and cannot be prefixed with aws:. You can use any of the following characters: the set of Unicode letters, digits, whitespace, _, ., /, =, +, and -." => "Name of the object key."
  - properties.value.description: "The value for the tag. You can specify a value that is 1 to 255 Unicode characters in length and cannot be prefixed with aws:. You can use any of the following characters: the set of Unicode letters, digits, whitespace, _, ., /, =, +, and -." => "Value of the tag."
warning | PreCheck/DuplicateSchema | Duplicate Schema named 'Tag' (2 differences):
  - properties.key.description: "The key name of the tag. You can specify a value that is 1 to 127 Unicode characters in length and cannot be prefixed with aws:. You can use any of the following characters: the set of Unicode letters, digits, whitespace, _, ., /, =, +, and -." => "The key identifier, or name, of the tag."
  - properties.value.description: "The value for the tag. You can specify a value that is 1 to 255 Unicode characters in length and cannot be prefixed with aws:. You can use any of the following characters: the set of Unicode letters, digits, whitespace, _, ., /, =, +, and -." => "The string value associated with the key of the tag."
warning | PreCheck/DuplicateSchema | Duplicate Schema named 'Tag' (2 differences):
  - properties.key.description: "The key name of the tag. You can specify a value that is 1 to 127 Unicode characters in length and cannot be prefixed with aws:. You can use any of the following characters: the set of Unicode letters, digits, whitespace, _, ., /, =, +, and -." => "The required key portion of the tag."
  - properties.value.description: "The value for the tag. You can specify a value that is 1 to 255 Unicode characters in length and cannot be prefixed with aws:. You can use any of the following characters: the set of Unicode letters, digits, whitespace, _, ., /, =, +, and -." => "The optional value portion of the tag."
warning | PreCheck/DuplicateSchema | Duplicate Schema named 'LaunchTemplateSpecification' (5 differences):
  - properties.launchTemplateId: {"$ref":"#/components/schemas/schemas:392","description":"The ID of the launch template. You must specify the `LaunchTemplateID or the LaunchTemplateName`, but not both."} => <none>
  - properties.launchTemplateName: {"$ref":"#/components/schemas/schemas:393","description":"The name of the launch template. You must specify the `LaunchTemplateName or the LaunchTemplateID`, but not both."} => <none>
  - properties.version.description: "The version number of the launch template. Specifying `$Latest or $Default for the template version number is not supported. However, you can specify LatestVersionNumber or DefaultVersionNumber using the Fn::GetAtt intrinsic function. For more information, see [Fn::GetAtt](https://docs.aws.amazon.com/AWSCloudFormation/latest/UserGuide/intrinsic-function-reference-getatt.html).  For an example of using the Fn::GetAtt function, see the [Examples](https://docs.aws.amazon.com/AWSCloudFormation/latest/UserGuide/aws-resource-autoscaling-autoscalinggroup.html#aws-resource-autoscaling-autoscalinggroup--examples) section of the AWS::AutoScaling::AutoScalingGroup` resource." => "Property version"
  - properties.id: <none> => {"$ref":"#/components/schemas/schemas:3170","description":"Property id"}
  - properties.name: <none> => {"$ref":"#/components/schemas/schemas:3171","description":"Property name"}
warning | PreCheck/DuplicateSchema | Duplicate Schema named 'NotificationConfiguration' (4 differences):
  - properties.notificationTypes: {"$ref":"#/components/schemas/schemas:421","description":"A list of event types that send a notification. Event types can include any of the following types.  *Allowed values*:  +   `autoscaling:EC2INSTANCE_LAUNCH   +   autoscaling:EC2_INSTANCE_LAUNCH_ERROR   +   autoscaling:EC2_INSTANCE_TERMINATE   +   autoscaling:EC2_INSTANCE_TERMINATE_ERROR   +   autoscaling:TESTNOTIFICATION`"} => <none>
  - properties.topicARN: {"$ref":"#/components/schemas/schemas:423","description":"The Amazon Resource Name (ARN) of the Amazon SNS topic."} => <none>
  - properties.topicArn: <none> => {"$ref":"#/components/schemas/schemas:1312","description":"<p>The Amazon Resource Name (ARN) that identifies the topic. </p>"}
  - properties.topicStatus: <none> => {"$ref":"#/components/schemas/schemas:1313","description":"<p>The current state of the topic. A value of “active” means that notifications will be sent to the topic. A value of “inactive” means that notifications will not be sent to the topic.</p>"}
warning | PreCheck/DuplicateSchema | Duplicate Schema named 'NotificationConfiguration' (6 differences):
  - properties.notificationTypes: {"$ref":"#/components/schemas/schemas:421","description":"A list of event types that send a notification. Event types can include any of the following types.  *Allowed values*:  +   `autoscaling:EC2INSTANCE_LAUNCH   +   autoscaling:EC2_INSTANCE_LAUNCH_ERROR   +   autoscaling:EC2_INSTANCE_TERMINATE   +   autoscaling:EC2_INSTANCE_TERMINATE_ERROR   +   autoscaling:TESTNOTIFICATION`"} => <none>
  - properties.topicARN: {"$ref":"#/components/schemas/schemas:423","description":"The Amazon Resource Name (ARN) of the Amazon SNS topic."} => <none>
  - properties.eventBridgeConfiguration: <none> => {"$ref":"#/components/schemas/schemas:5883","description":"Enables delivery of events to Amazon EventBridge. Amazon S3 can send events to Amazon EventBridge whenever certain events happen in your bucket, see [Using EventBridge](https://docs.aws.amazon.com/AmazonS3/latest/userguide/EventBridge.html) in the *Amazon S3 User Guide*. Unlike other destinations, delivery of events to EventBridge can be either enabled or disabled for a bucket. If enabled, all events will be sent to EventBridge and you can use EventBridge rules to route events to additional targets. For more information, see [What Is Amazon EventBridge](https://docs.aws.amazon.com/eventbridge/latest/userguide/eb-what-is.html) in the *Amazon EventBridge User Guide*"}
  - properties.lambdaConfigurations: <none> => {"x-ms-identifiers":[],"$ref":"#/components/schemas/schemas:5923","description":"Describes the LAMlong functions to invoke and the events for which to invoke them."}
  - properties.queueConfigurations: <none> => {"x-ms-identifiers":[],"$ref":"#/components/schemas/schemas:5924","description":"The Amazon Simple Queue Service queues to publish messages to and the events for which to publish messages."}
  - properties.topicConfigurations: <none> => {"x-ms-identifiers":[],"$ref":"#/components/schemas/schemas:5925","description":"The topic to which notifications are sent and the events for which notifications are generated."}
warning | PreCheck/DuplicateSchema | Duplicate Schema named 'Parameter' (3 differences):
  - properties.parameterKey: {"$ref":"#/components/schemas/schemas:552","description":"The key associated with the parameter. If you don't specify a key and value for a particular parameter, AWS CloudFormation uses the default value that is specified in your template."} => <none>
  - properties.parameterValue.description: "The input value associated with the parameter." => "The value of the parameter. If ParameterName is wlmjsonconfiguration, then the maximum size of ParameterValue is 8000 characters."
  - properties.parameterName: <none> => {"$ref":"#/components/schemas/schemas:5584","description":"The name of the parameter."}
warning | PreCheck/DuplicateSchema | Duplicate Schema named 'Logging' (4 differences):
  - properties.bucket: {"$ref":"#/components/schemas/schemas:693","description":"The Amazon S3 bucket to store the access logs in, for example, `myawslogbucket.s3.amazonaws.com`."} => <none>
  - properties.includeCookies: {"type":"boolean","description":"Specifies whether you want CloudFront to include cookies in access logs, specify `true for IncludeCookies. If you choose to include cookies in logs, CloudFront logs all cookies regardless of how you configure the cache behaviors for this distribution. If you don't want to include cookies when you create a distribution or if you want to disable include cookies for an existing distribution, specify false for IncludeCookies`."} => <none>
  - properties.prefix: {"$ref":"#/components/schemas/schemas:694","description":"An optional string that you want CloudFront to prefix to the access log `filenames for this distribution, for example, myprefix/. If you want to enable logging, but you don't want to specify a prefix, you still must include an empty Prefix element in the Logging` element."} => <none>
  - properties.clusterLogging: <none> => {"x-ms-identifiers":[],"$ref":"#/components/schemas/schemas:3109","description":"<p>The cluster control plane logging configuration for your cluster.</p>"}
warning | PreCheck/DuplicateSchema | Duplicate Schema named 'Origin' (4 differences):
  - type: "object" => "string"
  - properties: {"connectionAttempts":{"$ref":"#/components/schemas/schemas:696","description":"The number of times that CloudFront attempts to connect to the origin. The minimum number is 1, the maximum is 3, and the default (if you don't specify otherwise) is 3. For a custom origin (including an Amazon S3 bucket that's configured with static website hosting), this value also specifies the number of times that CloudFront attempts to get a response from the origin, in the case of an [Origin Response Timeout](https://docs.aws.amazon.com/AmazonCloudFront/latest/DeveloperGuide/distribution-web-values-specify.html#DownloadDistValuesOriginResponseTimeout). For more information, see [Origin Connection Attempts](https://docs.aws.amazon.com/AmazonCloudFront/latest/DeveloperGuide/distribution-web-values-specify.html#origin-connection-attempts) in the *Amazon CloudFront Developer Guide*."},"connectionTimeout":{"$ref":"#/components/schemas/schemas:697","description":"The number of seconds that CloudFront waits when trying to establish a connection to the origin. The minimum timeout is 1 second, the maximum is 10 seconds, and the default (if you don't specify otherwise) is 10 seconds. For more information, see [Origin Connection Timeout](https://docs.aws.amazon.com/AmazonCloudFront/latest/DeveloperGuide/distribution-web-values-specify.html#origin-connection-timeout) in the *Amazon CloudFront Developer Guide*."},"customOriginConfig":{"$ref":"#/components/schemas/schemas:624","description":"Use this type to specify an origin that is not an Amazon S3 bucket, with one exception. If the Amazon S3 bucket is configured with static website hosting, use this type. If the Amazon S3 bucket is not configured with static website hosting, use the `S3OriginConfig type instead. A custom origin. A custom origin is any origin that is *not* an Amazon S3 bucket, with one exception. An Amazon S3 bucket that is [configured with static website hosting](https://docs.aws.amazon.com/AmazonS3/latest/dev/WebsiteHosting.html) *is* a custom origin."},"domainName":{"$ref":"#/components/schemas/schemas:698","description":"The domain name for the origin. For more information, see [Origin Domain Name](https://docs.aws.amazon.com/AmazonCloudFront/latest/DeveloperGuide/distribution-web-values-specify.html#DownloadDistValuesDomainName) in the *Amazon CloudFront Developer Guide*."},"id":{"$ref":"#/components/schemas/schemas:699","description":"A unique identifier for the origin. This value must be unique within the distribution. Use this value to specify the TargetOriginId in a CacheBehavior or DefaultCacheBehavior."},"originAccessControlId":{"$ref":"#/components/schemas/schemas:700","description":"The unique identifier of an origin access control for this origin. For more information, see [Restricting access to an Amazon S3 origin](https://docs.aws.amazon.com/AmazonCloudFront/latest/DeveloperGuide/private-content-restricting-access-to-s3.html) in the *Amazon CloudFront Developer Guide*."},"originCustomHeaders":{"x-ms-identifiers":[],"$ref":"#/components/schemas/schemas:701","description":"A list of HTTP header names and values that CloudFront adds to the requests that it sends to the origin. For more information, see [Adding Custom Headers to Origin Requests](https://docs.aws.amazon.com/AmazonCloudFront/latest/DeveloperGuide/add-origin-custom-headers.html) in the *Amazon CloudFront Developer Guide*."},"originPath":{"$ref":"#/components/schemas/schemas:702","description":"An optional path that CloudFront appends to the origin domain name when CloudFront requests content from the origin. For more information, see [Origin Path](https://docs.aws.amazon.com/AmazonCloudFront/latest/DeveloperGuide/distribution-web-values-specify.html#DownloadDistValuesOriginPath) in the *Amazon CloudFront Developer Guide*."},"originShield":{"$ref":"#/components/schemas/schemas:717","description":"CloudFront Origin Shield. Using Origin Shield can help reduce the load on your origin. For more information, see [Using Origin Shield](https://docs.aws.amazon.com/AmazonCloudFront/latest/DeveloperGuide/origin-shield.html) in the *Amazon CloudFront Developer Guide*. CloudFront Origin Shield. Using Origin Shield can help reduce the load on your origin. For more information, see [Using Origin Shield](https://docs.aws.amazon.com/AmazonCloudFront/latest/DeveloperGuide/origin-shield.html) in the *Amazon CloudFront Developer Guide*."},"s3OriginConfig":{"$ref":"#/components/schemas/schemas:721","description":"Use this type to specify an origin that is an Amazon S3 bucket that is not configured with static website hosting. To specify any other type of origin, including an Amazon S3 bucket that is configured with static website hosting, use the CustomOriginConfig type instead. A complex type that contains information about the Amazon S3 origin. If the origin is a custom origin or an S3 bucket that is configured as a website endpoint, use the CustomOriginConfig` element instead."}} => <none>
  - x-ms-enum: <none> => {"name":"Origin","modelAsString":true}
  - enum: <none> => ["user","system","user,system","AWS_KMS","EXTERNAL"]
warning | PreCheck/DuplicateSchema | Duplicate Schema named 'Dimension' (3 differences):
  - properties.name: {"$ref":"#/components/schemas/schemas:858","description":"The name of the dimension, from 1–255 characters in length. This dimension name must have been included when the metric was published."} => <none>
  - properties.value.description: "The value for the dimension, from 1–255 characters in length." => "The log event field that will contain the value for this dimension. This dimension will only be published for a metric if the value is found in the log event. For example, `$.eventType for JSON log events, or $server` for space-delimited log events."
  - properties.key: <none> => {"$ref":"#/components/schemas/schemas:4498","description":"The name for the CW metric dimension that the metric filter creates. Dimension names must contain only ASCII characters, must include at least one non-whitespace character, and cannot start with a colon (:)."}
warning | PreCheck/DuplicateSchema | Duplicate Schema named 'Dimension' (2 differences):
  - properties.name: {"$ref":"#/components/schemas/schemas:858","description":"The name of the dimension, from 1–255 characters in length. This dimension name must have been included when the metric was published."} => <none>
  - properties.value.description: "The value for the dimension, from 1–255 characters in length." => "Property value"
warning | PreCheck/DuplicateSchema | Duplicate Schema named 'VpcConfig' (5 differences):
  - properties.securityGroupIds.description: "<p>A list of one or more security groups IDs in your Amazon VPC.</p>" => "A list of VPC security group IDs."
  - properties.subnets: {"$ref":"#/components/schemas/schemas:1018","description":"<p>A list of one or more subnet IDs in your Amazon VPC.</p>"} => <none>
  - properties.vpcId: {"$ref":"#/components/schemas/schemas:1020","description":"<p>The ID of the Amazon VPC.</p>"} => <none>
  - properties.ipv6AllowedForDualStack: <none> => {"type":"boolean","description":"Allows outbound IPv6 traffic on VPC functions that are connected to dual-stack subnets."}
  - properties.subnetIds: <none> => {"$ref":"#/components/schemas/schemas:4251","description":"A list of VPC subnet IDs."}
warning | PreCheck/DuplicateSchema | Duplicate Schema named 'Endpoint' (4 differences):
  - properties.address.description: "<p>The DNS hostname of the endpoint.</p>" => "The connection endpoint for the DB cluster."
  - properties.port.$ref: "#/components/schemas/schemas:1303" => "#/components/schemas/schemas:5152"
  - properties.port.description: "<p>The port number that applications should use to connect to the endpoint.</p>" => "The port number that will accept connections on this DB cluster."
  - properties.url: {"$ref":"#/components/schemas/schemas:1304","description":"<p>The URL that applications should use to connect to the endpoint. The default ports are 8111 for the 'dax' protocol and 9111 for the 'daxs' protocol.</p>"} => <none>
warning | PreCheck/DuplicateSchema | Duplicate Schema named 'Endpoint' (5 differences):
  - properties.address.description: "<p>The DNS hostname of the endpoint.</p>" => "Specifies the DNS address of the DB instance."
  - properties.port.$ref: "#/components/schemas/schemas:1303" => "#/components/schemas/schemas:5273"
  - properties.port.description: "<p>The port number that applications should use to connect to the endpoint.</p>" => "Specifies the port that the database engine is listening on."
  - properties.url: {"$ref":"#/components/schemas/schemas:1304","description":"<p>The URL that applications should use to connect to the endpoint. The default ports are 8111 for the 'dax' protocol and 9111 for the 'daxs' protocol.</p>"} => <none>
  - properties.hostedZoneId: <none> => {"$ref":"#/components/schemas/schemas:5272","description":"Specifies the ID that Amazon Route 53 assigns when you create a hosted zone."}
warning | PreCheck/DuplicateSchema | Duplicate Schema named 'Endpoint' (4 differences):
  - properties.address.description: "<p>The DNS hostname of the endpoint.</p>" => "Property address"
  - properties.port.$ref: "#/components/schemas/schemas:1303" => "#/components/schemas/schemas:5543"
  - properties.port.description: "<p>The port number that applications should use to connect to the endpoint.</p>" => "Property port"
  - properties.url: {"$ref":"#/components/schemas/schemas:1304","description":"<p>The URL that applications should use to connect to the endpoint. The default ports are 8111 for the 'dax' protocol and 9111 for the 'daxs' protocol.</p>"} => <none>
warning | PreCheck/DuplicateSchema | Duplicate Schema named 'IamInstanceProfile' (4 differences):
  - properties.arn: {"$ref":"#/components/schemas/schemas:1768","description":"<p>The Amazon Resource Name (ARN) of the instance profile.</p>"} => <none>
  - properties.id: {"$ref":"#/components/schemas/schemas:1769","description":"<p>The ID of the instance profile.</p>"} => <none>
  - properties.properties: <none> => {"$ref":"#/components/schemas/schemas:3858","description":"The resource-specific properties for this resource."}
  - allOf: <none> => [{"$ref":"#/components/schemas/schemas:6693"}]
warning | PreCheck/DuplicateSchema | Duplicate Schema named 'InstanceIpv6Address' (2 differences):
  - properties.ipv6Address.description: "<p>The IPv6 address.</p>" => "Property ipv6Address"
  - properties.isPrimaryIpv6: {"type":"boolean","description":"<p>Determines if an IPv6 address associated with a network interface is the primary IPv6 address. When you enable an IPv6 GUA address to be a primary IPv6, the first IPv6 GUA will be made the primary IPv6 address until the instance is terminated or the network interface is detached. For more information, see <a href='https://docs.aws.amazon.com/AWSEC2/latest/APIReference/API_RunInstances.html'>RunInstances</a>.</p>"} => <none>
warning | PreCheck/DuplicateSchema | Duplicate Schema named 'EncryptionConfiguration' (3 differences):
  - properties.encryptionType: {"$ref":"#/components/schemas/EncryptionConfigurationEncryptionType","description":"The encryption type to use. If you use the `KMS encryption type, the contents of the repository will be encrypted using server-side encryption with KMSlong key stored in KMS. When you use KMS to encrypt your data, you can either use the default AWS managed KMS key for Amazon ECR, or specify your own KMS key, which you already created. For more information, see [Protecting data using server-side encryption with an key stored in (SSE-KMS)](https://docs.aws.amazon.com/AmazonS3/latest/dev/UsingKMSEncryption.html) in the *Amazon Simple Storage Service Console Developer Guide*. If you use the AES256` encryption type, Amazon ECR uses server-side encryption with Amazon S3-managed encryption keys which encrypts the images in the repository using an AES-256 encryption algorithm. For more information, see [Protecting data using server-side encryption with Amazon S3-managed encryption keys (SSE-S3)](https://docs.aws.amazon.com/AmazonS3/latest/dev/UsingServerSideEncryption.html) in the *Ama The encryption type to use."} => <none>
  - properties.kmsKey: {"$ref":"#/components/schemas/schemas:2556","description":"If you use the `KMS` encryption type, specify the KMS key to use for encryption. The alias, key ID, or full ARN of the KMS key can be specified. The key must exist in the same Region as the repository. If no key is specified, the default AWS managed KMS key for Amazon ECR will be used. If you use the KMS encryption type, specify the CMK to use for encryption. The alias, key ID, or full ARN of the CMK can be specified. The key must exist in the same Region as the repository. If no key is specified, the default AWS managed CMK for Amazon ECR will be used."} => <none>
  - properties.replicaKmsKeyID: <none> => {"$ref":"#/components/schemas/schemas:5882","description":"Specifies the ID (Key ARN or Alias ARN) of the customer managed AWS KMS key stored in AWS Key Management Service (KMS) for the destination bucket. Amazon S3 uses this key to encrypt replica objects. Amazon S3 only supports symmetric encryption KMS keys. For more information, see [Asymmetric keys in KMS](https://docs.aws.amazon.com//kms/latest/developerguide/symmetric-asymmetric.html) in the *Key Management Service Developer Guide*."}
warning | PreCheck/DuplicateSchema | Duplicate Schema named 'LifecyclePolicy' (5 differences):
  - properties.lifecyclePolicyText: {"$ref":"#/components/schemas/schemas:2561","description":"The JSON repository policy text to apply to the repository. The JSON repository policy text to apply to the repository."} => <none>
  - properties.registryId: {"$ref":"#/components/schemas/schemas:2562","description":"The AWS account ID associated with the registry that contains the repository. If you do not specify a registry, the default registry is assumed. The AWS account ID associated with the registry that contains the repository. If you do not specify a registry, the default registry is assumed."} => <none>
  - properties.transitionToArchive: <none> => {"$ref":"#/components/schemas/schemas:2991","description":"The number of days after files were last accessed in primary storage (the Standard storage class) at which to move them to Archive storage. Metadata operations such as listing the contents of a directory don't count as file access events."}
  - properties.transitionToIA: <none> => {"$ref":"#/components/schemas/schemas:2992","description":"The number of days after files were last accessed in primary storage (the Standard storage class) at which to move them to Infrequent Access (IA) storage. Metadata operations such as listing the contents of a directory don't count as file access events."}
  - properties.transitionToPrimaryStorageClass: <none> => {"$ref":"#/components/schemas/schemas:2993","description":"Whether to move files back to primary (Standard) storage after they are accessed in IA or Archive storage. Metadata operations such as listing the contents of a directory don't count as file access events."}
warning | PreCheck/DuplicateSchema | Duplicate Schema named 'EphemeralStorage' (2 differences):
  - properties.sizeInGiB: {"$ref":"#/components/schemas/schemas:2855","description":"The total amount, in GiB, of ephemeral storage to set for the task. The minimum supported value is `20 GiB and the maximum supported value is 200` GiB."} => <none>
  - properties.size: <none> => {"$ref":"#/components/schemas/schemas:4202","description":"The size of the function's `/tmp` directory."}
warning | PreCheck/DuplicateSchema | Duplicate Schema named 'ReplicationConfiguration' (3 differences):
  - properties.destinations: {"x-ms-identifiers":[],"$ref":"#/components/schemas/schemas:2996","description":"An array of destination objects. Only one destination object is supported."} => <none>
  - properties.role: <none> => {"$ref":"#/components/schemas/schemas:5953","description":"The Amazon Resource Name (ARN) of the IAMlong (IAM) role that Amazon S3 assumes when replicating objects. For more information, see [How to Set Up Replication](https://docs.aws.amazon.com/AmazonS3/latest/dev/replication-how-setup.html) in the *Amazon S3 User Guide*."}
  - properties.rules: <none> => {"x-ms-identifiers":[],"$ref":"#/components/schemas/schemas:5954","description":"A container for one or more replication rules. A replication configuration must have at least one rule and can contain a maximum of 1,000 rules."}
warning | PreCheck/DuplicateSchema | Duplicate Schema named 'ReplicationDestination' (11 differences):
  - properties.availabilityZoneName: {"$ref":"#/components/schemas/schemas:2998","description":"The AWS For One Zone file systems, the replication configuration must specify the Availability Zone in which the destination file system is located.  Use the format `us-east-1a` to specify the Availability Zone. For more information about One Zone file systems, see [EFS file system types](https://docs.aws.amazon.com/efs/latest/ug/storage-classes.html) in the *Amazon EFS User Guide*.  One Zone file system type is not available in all Availability Zones in AWS-Regions where Amazon EFS is available."} => <none>
  - properties.fileSystemId: {"$ref":"#/components/schemas/schemas:2999","description":"The ID of the destination Amazon EFS file system."} => <none>
  - properties.kmsKeyId: {"$ref":"#/components/schemas/schemas:3000","description":"The ID of an kms-key-long used to protect the encrypted file system."} => <none>
  - properties.region: {"$ref":"#/components/schemas/schemas:3001","description":"The AWS-Region in which the destination file system is located.  For One Zone file systems, the replication configuration must specify the AWS-Region in which the destination file system is located."} => <none>
  - properties.accessControlTranslation: <none> => {"$ref":"#/components/schemas/schemas:5835","description":"Specify this only in a cross-account scenario (where source and destination bucket owners are not the same), and you want to change replica ownership to the AWS-account that owns the destination bucket. If this is not specified in the replication configuration, the replicas are owned by same AWS-account that owns the source object. Specify this only in a cross-account scenario (where source and destination bucket owners are not the same), and you want to change replica ownership to the AWS-account that owns the destination bucket. If this is not specified in the replication configuration, the replicas are owned by same AWS-account that owns the source object."}
  - properties.account: <none> => {"$ref":"#/components/schemas/schemas:5956","description":"Destination bucket owner account ID. In a cross-account scenario, if you direct Amazon S3 to change replica ownership to the AWS-account that owns the destination bucket by specifying the `AccessControlTranslation property, this is the account ID of the destination bucket owner. For more information, see [Cross-Region Replication Additional Configuration: Change Replica Owner](https://docs.aws.amazon.com/AmazonS3/latest/dev/crr-change-owner.html) in the *Amazon S3 User Guide*. If you specify the AccessControlTranslation property, the Account` property is required."}
  - properties.bucket: <none> => {"$ref":"#/components/schemas/schemas:5957","description":"The Amazon Resource Name (ARN) of the bucket where you want Amazon S3 to store the results."}
  - properties.encryptionConfiguration: <none> => {"$ref":"#/components/schemas/schemas:5881","description":"Specifies encryption-related information. Specifies encryption-related information for an Amazon S3 bucket that is a destination for replicated objects."}
  - properties.metrics: <none> => {"$ref":"#/components/schemas/schemas:5908","description":"A container specifying replication metrics-related settings enabling replication metrics and events. A container specifying replication metrics-related settings enabling replication metrics and events."}
  - properties.replicationTime: <none> => {"$ref":"#/components/schemas/schemas:5969","description":"A container specifying S3 Replication Time Control (S3 RTC), including whether S3 RTC is enabled and the time when all objects and operations on objects must be replicated. Must be specified together with a `Metrics block. A container specifying S3 Replication Time Control (S3 RTC) related information, including whether S3 RTC is enabled and the time when all objects and operations on objects must be replicated. Must be specified together with a Metrics` block."}
  - properties.storageClass: <none> => {"$ref":"#/components/schemas/ReplicationDestinationStorageClass","description":"The storage class to use when replicating objects, such as S3 Standard or reduced redundancy. By default, Amazon S3 uses the storage class of the source object to create the object replica.  For valid values, see the `StorageClass` element of the [PUT Bucket replication](https://docs.aws.amazon.com/AmazonS3/latest/API/RESTBucketPUTreplication.html) action in the *Amazon S3 API Reference*."}
warning | PreCheck/DuplicateSchema | Duplicate Schema named 'Certificate' (2 differences):
  - properties.data: {"$ref":"#/components/schemas/schemas:3063","description":"<p>The Base64-encoded certificate data required to communicate with your cluster. Add this to the <code>certificate-authority-data</code> section of the <code>kubeconfig</code> file for your cluster.</p>"} => <none>
  - properties.certificateArn: <none> => {"$ref":"#/components/schemas/schemas:3369","description":"The Amazon Resource Name (ARN) of the certificate."}
warning | PreCheck/DuplicateSchema | Duplicate Schema named 'Tier' (4 differences):
  - type: "object" => "string"
  - properties: {"name":{"$ref":"#/components/schemas/schemas:3318","description":"The name of this environment tier."},"type":{"$ref":"#/components/schemas/schemas:3319","description":"The type of this environment tier."},"version":{"$ref":"#/components/schemas/schemas:3320","description":"The version of this environment tier. When you don't set a value to it, Elastic Beanstalk uses the latest compatible worker tier version."}} => <none>
  - enum: <none> => ["Advanced","Intelligent-Tiering","Standard"]
  - x-ms-enum: <none> => {"name":"Tier","modelAsString":true,"values":[{"name":"Advanced","value":"Advanced","description":"Tier enum Advanced"},{"name":"IntelligentTiering","value":"Intelligent-Tiering","description":"Tier enum Intelligent-Tiering"},{"name":"Standard","value":"Standard","description":"Tier enum Standard"}]}
warning | PreCheck/DuplicateSchema | Duplicate Schema named 'Action' (4 differences):
  - type: "object" => "string"
  - properties: {"authenticateCognitoConfig":{"$ref":"#/components/schemas/schemas:3335","description":"[HTTPS listeners] Information for using Amazon Cognito to authenticate users. Specify only when `Type is authenticate-cognito. Specifies information required when integrating with Amazon Cognito to authenticate users."},"authenticateOidcConfig":{"$ref":"#/components/schemas/schemas:3345","description":"[HTTPS listeners] Information about an identity provider that is compliant with OpenID Connect (OIDC). Specify only when Type is authenticate-oidc. Specifies information required using an identity provide (IdP) that is compliant with OpenID Connect (OIDC) to authenticate users."},"fixedResponseConfig":{"$ref":"#/components/schemas/schemas:3386","description":"[Application Load Balancer] Information for creating an action that returns a custom HTTP response. Specify only when Type is fixed-response. Specifies information required when returning a custom HTTP response."},"forwardConfig":{"$ref":"#/components/schemas/schemas:3390","description":"Information for creating an action that distributes requests among one or more target groups. For Network Load Balancers, you can specify a single target group. Specify only when Type is forward. If you specify both ForwardConfig and TargetGroupArn, you can specify only one target group using ForwardConfig and it must be the same target group specified in TargetGroupArn. Information for creating an action that distributes requests among one or more target groups. For Network Load Balancers, you can specify a single target group. Specify only when Type is forward. If you specify both ForwardConfig and TargetGroupArn, you can specify only one target group using ForwardConfig and it must be the same target group specified in TargetGroupArn."},"order":{"$ref":"#/components/schemas/schemas:3332","description":"The order for the action. This value is required for rules with multiple actions. The action with the lowest value for order is performed first."},"redirectConfig":{"$ref":"#/components/schemas/schemas:3396","description":"[Application Load Balancer] Information for creating a redirect action. Specify only when Type is redirect. Information about a redirect action. A URI consists of the following components: protocol://hostname:port/path?query. You must modify at least one of the following components to avoid a redirect loop: protocol, hostname, port, or path. Any components that you do not modify retain their original values. You can reuse URI components using the following reserved keywords:  +  #{protocol}  +  #{host}  +  #{port}  +  #{path} (the leading '/' is removed)  +  #{query}   For example, you can change the path to '/new/#{path}', the hostname to 'example.#{host}', or the query to '#{query}&value=xyz'."},"targetGroupArn":{"$ref":"#/components/schemas/schemas:3333","description":"The Amazon Resource Name (ARN) of the target group. Specify only when Type is forward and you want to route to a single target group. To route to one or more target groups, use ForwardConfig` instead."},"type":{"$ref":"#/components/schemas/schemas:3334","description":"The type of action."}} => <none>
  - enum: <none> => ["ALLOW","BLOCK","CAPTCHA","CHALLENGE","COUNT","EXCLUDEDASCOUNT"]
  - x-ms-enum: <none> => {"name":"Action","modelAsString":true,"values":[{"name":"ALLOW","value":"ALLOW","description":"Action enum ALLOW"},{"name":"BLOCK","value":"BLOCK","description":"Action enum BLOCK"},{"name":"CAPTCHA","value":"CAPTCHA","description":"Action enum CAPTCHA"},{"name":"CHALLENGE","value":"CHALLENGE","description":"Action enum CHALLENGE"},{"name":"COUNT","value":"COUNT","description":"Action enum COUNT"},{"name":"EXCLUDEDAS_COUNT","value":"EXCLUDED_AS_COUNT","description":"Action enum EXCLUDED_ASCOUNT"}]}
warning | PreCheck/DuplicateSchema | Duplicate Schema named 'SubnetMapping' (5 differences):
  - properties.allocationId: {"$ref":"#/components/schemas/schemas:3457","description":"[Network Load Balancers] The allocation ID of the Elastic IP address for an internet-facing load balancer."} => <none>
  - properties.iPv6Address: {"$ref":"#/components/schemas/schemas:3458","description":"[Network Load Balancers] The IPv6 address."} => <none>
  - properties.privateIPv4Address: {"$ref":"#/components/schemas/schemas:3459","description":"[Network Load Balancers] The private IPv4 address for an internal load balancer."} => <none>
  - properties.subnetId.description: "The ID of the subnet." => "A SubnetId."
  - properties.ipAddressType: <none> => {"$ref":"#/components/schemas/schemas:4702","description":"A IPAddressType"}
warning | PreCheck/DuplicateSchema | Duplicate Schema named 'TargetDescription' (3 differences):
  - properties.availabilityZone.description: "An Availability Zone or all. This determines whether the target receives traffic from the load balancer nodes in the specified Availability Zone or from all enabled Availability Zones for the load balancer." => "<p>An Availability Zone or <code>all</code>. This determines whether the target receives traffic from the load balancer nodes in the specified Availability Zone or from all enabled Availability Zones for the load balancer.</p> <p>For Application Load Balancer target groups, the specified Availability Zone value is only applicable when cross-zone load balancing is off. Otherwise the parameter is ignored and treated as <code>all</code>.</p> <p>This parameter is not supported if the target type of the target group is <code>instance</code> or <code>alb</code>.</p> <p>If the target type is <code>ip</code> and the IP address is in a subnet of the VPC for the target group, the Availability Zone is automatically detected and this parameter is optional. If the IP address is outside the VPC, this parameter is required.</p> <p>For Application Load Balancer target groups with cross-zone load balancing off, if the target type is <code>ip</code> and the IP address is outside of the VPC for the target group, this should be an Availability Zone inside the VPC for the target group.</p> <p>If the target type is <code>lambda</code>, this parameter is optional and the only supported value is <code>all</code>.</p>"
  - properties.id.description: "The ID of the target. If the target type of the target group is instance, specify an instance ID. If the target type is ip, specify an IP address. If the target type is lambda, specify the ARN of the Lambda function. If the target type is alb, specify the ARN of the Application Load Balancer target." => "<p>The ID of the target. If the target type of the target group is <code>instance</code>, specify an instance ID. If the target type is <code>ip</code>, specify an IP address. If the target type is <code>lambda</code>, specify the ARN of the Lambda function. If the target type is <code>alb</code>, specify the ARN of the Application Load Balancer target. </p>"
  - properties.port.description: "The port on which the target is listening. If the target group protocol is GENEVE, the supported port is 6081. If the target type is alb, the targeted Application Load Balancer must have at least one listener whose port matches the target group port. Not used if the target is a Lambda function." => "<p>The port on which the target is listening. If the target group protocol is GENEVE, the supported port is 6081. If the target type is <code>alb</code>, the targeted Application Load Balancer must have at least one listener whose port matches the target group port. This parameter is not used if the target is a Lambda function.</p>"
warning | PreCheck/DuplicateSchema | Duplicate Schema named 'ClusterStatus' (4 differences):
  - type: "object" => "string"
  - properties: {"errorDetails":{"x-ms-identifiers":[],"$ref":"#/components/schemas/schemas:3620","description":"<p>A list of tuples that provides information about the errors that caused a cluster to terminate. This structure can contain up to 10 different <code>ErrorDetail</code> tuples.</p>"},"state":{"$ref":"#/components/schemas/schemas:3618","description":"<p>The current state of the cluster.</p>"},"stateChangeReason":{"$ref":"#/components/schemas/schemas:3614","description":"<p>The reason for the cluster status change.</p>"},"timeline":{"$ref":"#/components/schemas/schemas:3621","description":"<p>A timeline that represents the status of a cluster over the lifetime of the cluster.</p>"}} => <none>
  - enum: <none> => ["ACTIVE","CREATING","DELETING","FAILED","PENDING","UPDATING"]
  - x-ms-enum: <none> => {"name":"ClusterStatus","modelAsString":true,"values":[{"name":"ACTIVE","value":"ACTIVE","description":"ClusterStatus enum ACTIVE"},{"name":"CREATING","value":"CREATING","description":"ClusterStatus enum CREATING"},{"name":"DELETING","value":"DELETING","description":"ClusterStatus enum DELETING"},{"name":"FAILED","value":"FAILED","description":"ClusterStatus enum FAILED"},{"name":"PENDING","value":"PENDING","description":"ClusterStatus enum PENDING"},{"name":"UPDATING","value":"UPDATING","description":"ClusterStatus enum UPDATING"}]}
warning | PreCheck/DuplicateSchema | Duplicate Schema named 'ErrorDetail' (8 differences):
  - properties.errorCode: {"$ref":"#/components/schemas/schemas:3663","description":"<p>The name or code associated with the error.</p>"} => <none>
  - properties.errorData: {"x-ms-identifiers":[],"$ref":"#/components/schemas/schemas:3664","description":"<p>A list of key value pairs that provides contextual information about why an error occured.</p>"} => <none>
  - properties.errorMessage: {"$ref":"#/components/schemas/schemas:3665","description":"<p>A message that describes the error.</p>"} => <none>
  - properties.code: <none> => {"$ref":"#/components/schemas/schemas:6635","description":"The error code.","readOnly":true}
  - properties.message: <none> => {"$ref":"#/components/schemas/schemas:6636","description":"The error message.","readOnly":true}
  - properties.target: <none> => {"$ref":"#/components/schemas/schemas:6637","description":"The error target.","readOnly":true}
  - properties.details: <none> => {"x-ms-identifiers":["message","target"],"$ref":"#/components/schemas/schemas:6638","description":"The error details.","readOnly":true}
  - properties.additionalInfo: <none> => {"x-ms-identifiers":[],"$ref":"#/components/schemas/schemas:6639","description":"The error additional info.","readOnly":true}
warning | PreCheck/DuplicateSchema | Duplicate Schema named 'Policy' (1 differences):
  - properties.policyDocument.description: "The policy document." => "The entire contents of the policy that defines permissions. For more information, see [Overview of JSON policies](https://docs.aws.amazon.com/IAM/latest/UserGuide/accesspolicies.html#accesspolicies-json)."
warning | PreCheck/DuplicateSchema | Duplicate Schema named 'LoggingConfig' (8 differences):
  - properties.applicationLogLevel: {"$ref":"#/components/schemas/LoggingConfigApplicationLogLevel","description":"Set this property to filter the application logs for your function that Lambda sends to CloudWatch. Lambda only sends application logs at the selected level of detail and lower, where `TRACE is the highest level and FATAL` is the lowest."} => <none>
  - properties.logFormat: {"$ref":"#/components/schemas/LoggingConfigLogFormat","description":"The format in which Lambda sends your function's application and system logs to CloudWatch. Select between plain text and structured JSON."} => <none>
  - properties.logGroup: {"$ref":"#/components/schemas/schemas:4229","description":"The name of the Amazon CloudWatch log group the function sends logs to. By default, Lambda functions send logs to a default log group named `/aws/lambda/<function name>`. To use a different log group, enter an existing log group or enter a new log group name."} => <none>
  - properties.systemLogLevel: {"$ref":"#/components/schemas/LoggingConfigSystemLogLevel","description":"Set this property to filter the system logs for your function that Lambda sends to CloudWatch. Lambda only sends system logs at the selected level of detail and lower, where `DEBUG is the highest level and WARN` is the lowest."} => <none>
  - properties.failureFeedbackRoleArn: <none> => {"$ref":"#/components/schemas/schemas:6316","description":"Property failureFeedbackRoleArn"}
  - properties.protocol: <none> => {"$ref":"#/components/schemas/LoggingConfigProtocol","description":"Property protocol"}
  - properties.successFeedbackRoleArn: <none> => {"$ref":"#/components/schemas/schemas:6317","description":"Property successFeedbackRoleArn"}
  - properties.successFeedbackSampleRate: <none> => {"$ref":"#/components/schemas/schemas:6318","description":"Property successFeedbackSampleRate"}
warning | PreCheck/DuplicateSchema | Duplicate Schema named 'ActionDefinition' (1 differences):
  - properties.publishMetricAction.$ref: "#/components/schemas/schemas:4759" => "#/components/schemas/schemas:4842"
warning | PreCheck/DuplicateSchema | Duplicate Schema named 'CustomAction' (1 differences):
  - properties.actionDefinition.$ref: "#/components/schemas/schemas:4717" => "#/components/schemas/schemas:4787"
warning | PreCheck/DuplicateSchema | Duplicate Schema named 'PublishMetricAction' (1 differences):
  - properties.dimensions.$ref: "#/components/schemas/schemas:4760" => "#/components/schemas/schemas:4843"
warning | PreCheck/DuplicateSchema | Duplicate Schema named 'ProcessorFeature' (3 differences):
  - properties.name.$ref: "#/components/schemas/ProcessorFeatureName" => "#/components/schemas/schemas:5344"
  - properties.name.description: "The name of the processor feature. Valid names are `coreCount and threadsPerCore`." => "<p>The name of the processor feature. Valid names are <code>coreCount</code> and <code>threadsPerCore</code>.</p>"
  - properties.value.description: "The value of a processor feature name." => "<p>The value of a processor feature name.</p>"
warning | PreCheck/DuplicateSchema | Duplicate Schema named 'PublicAccessBlockConfiguration' (4 differences):
  - properties.blockPublicAcls.description: "Specifies whether Amazon S3 should block public access control lists (ACLs) for buckets in this account. Setting this element to TRUE causes the following behavior:- PUT Bucket acl and PUT Object acl calls fail if the specified ACL is public. - PUT Object calls fail if the request includes a public ACL.. - PUT Bucket calls fail if the request includes a public ACL.Enabling this setting doesn't affect existing policies or ACLs." => "Specifies whether Amazon S3 should block public access control lists (ACLs) for this bucket and objects in this bucket. Setting this element to `TRUE` causes the following behavior:  +  PUT Bucket ACL and PUT Object ACL calls fail if the specified ACL is public.  +  PUT Object calls fail if the request includes a public ACL.  +  PUT Bucket calls fail if the request includes a public ACL.   Enabling this setting doesn't affect existing policies or ACLs."
  - properties.blockPublicPolicy.description: "Specifies whether Amazon S3 should block public bucket policies for buckets in this account. Setting this element to TRUE causes Amazon S3 to reject calls to PUT Bucket policy if the specified bucket policy allows public access. Enabling this setting doesn't affect existing bucket policies." => "Specifies whether Amazon S3 should block public bucket policies for this bucket. Setting this element to `TRUE` causes Amazon S3 to reject calls to PUT Bucket policy if the specified bucket policy allows public access.  Enabling this setting doesn't affect existing bucket policies."
  - properties.ignorePublicAcls.description: "Specifies whether Amazon S3 should ignore public ACLs for buckets in this account. Setting this element to TRUE causes Amazon S3 to ignore all public ACLs on buckets in this account and any objects that they contain. Enabling this setting doesn't affect the persistence of any existing ACLs and doesn't prevent new public ACLs from being set." => "Specifies whether Amazon S3 should ignore public ACLs for this bucket and objects in this bucket. Setting this element to `TRUE` causes Amazon S3 to ignore all public ACLs on this bucket and objects in this bucket. Enabling this setting doesn't affect the persistence of any existing ACLs and doesn't prevent new public ACLs from being set."
  - properties.restrictPublicBuckets.description: "Specifies whether Amazon S3 should restrict public bucket policies for this bucket. Setting this element to TRUE restricts access to this bucket to only AWS services and authorized users within this account if the bucket has a public policy.Enabling this setting doesn't affect previously stored bucket policies, except that public and cross-account access within any public bucket policy, including non-public delegation to specific accounts, is blocked." => "Specifies whether Amazon S3 should restrict public bucket policies for this bucket. Setting this element to `TRUE` restricts access to this bucket to only AWS-service principals and authorized users within this account if the bucket has a public policy. Enabling this setting doesn't affect previously stored bucket policies, except that public and cross-account access within any public bucket policy, including non-public delegation to specific accounts, is blocked."
warning | Modeler/MissingType | The schema 'components·17hrhr0·schemas·awsapigatewayrestapiproperties·properties·body·additionalproperties' has no type or format information whatsoever. Location:
   file:///home/runner/work/bicep-types-az/bicep-types-az/workflow-temp/azure-rest-api-specs/specification/awsconnector/resource-manager/Microsoft.AwsConnector/stable/2024-12-01/apiGatewayRestApi.json#/components/schemas/components·17hrhr0·schemas·awsapigatewayrestapiproperties·properties·body·additionalproperties
warning | Modeler/MissingType | The schema 'AwsCloudFormationStackProperties-stackPolicyBody' has no type or format information whatsoever. Location:
   file:///home/runner/work/bicep-types-az/bicep-types-az/workflow-temp/azure-rest-api-specs/specification/awsconnector/resource-manager/Microsoft.AwsConnector/stable/2024-12-01/cloudFormationStack.json#/components/schemas/AwsCloudFormationStackProperties-stackPolicyBody
warning | Modeler/MissingType | The schema 'AwsCloudFormationStackProperties-templateBody' has no type or format information whatsoever. Location:
   file:///home/runner/work/bicep-types-az/bicep-types-az/workflow-temp/azure-rest-api-specs/specification/awsconnector/resource-manager/Microsoft.AwsConnector/stable/2024-12-01/cloudFormationStack.json#/components/schemas/AwsCloudFormationStackProperties-templateBody
warning | Modeler/MissingType | The schema 'ResourcePolicy-policyDocument' has no type or format information whatsoever. Location:
   file:///home/runner/work/bicep-types-az/bicep-types-az/workflow-temp/azure-rest-api-specs/specification/awsconnector/resource-manager/Microsoft.AwsConnector/stable/2024-12-01/dynamoDBTable.json#/components/schemas/ResourcePolicy-policyDocument
warning | Modeler/MissingType | The schema 'components·hj33mj·schemas·awsec2vpcendpointproperties·properties·policydocument·additionalproperties' has no type or format information whatsoever. Location:
   file:///home/runner/work/bicep-types-az/bicep-types-az/workflow-temp/azure-rest-api-specs/specification/awsconnector/resource-manager/Microsoft.AwsConnector/stable/2024-12-01/ec2VPCEndpoint.json#/components/schemas/components·hj33mj·schemas·awsec2vpcendpointproperties·properties·policydocument·additionalproperties
warning | Modeler/MissingType | The schema 'components·1ctmbvc·schemas·awsecrrepositoryproperties·properties·repositorypolicytext·additionalproperties' has no type or format information whatsoever. Location:
   file:///home/runner/work/bicep-types-az/bicep-types-az/workflow-temp/azure-rest-api-specs/specification/awsconnector/resource-manager/Microsoft.AwsConnector/stable/2024-12-01/ecrRepository.json#/components/schemas/components·1ctmbvc·schemas·awsecrrepositoryproperties·properties·repositorypolicytext·additionalproperties
warning | Modeler/MissingType | The schema 'LogConfiguration-options' has no type or format information whatsoever. Location:
   file:///home/runner/work/bicep-types-az/bicep-types-az/workflow-temp/azure-rest-api-specs/specification/awsconnector/resource-manager/Microsoft.AwsConnector/stable/2024-12-01/ecsService.json#/components/schemas/LogConfiguration-options
   file:///home/runner/work/bicep-types-az/bicep-types-az/workflow-temp/azure-rest-api-specs/specification/awsconnector/resource-manager/Microsoft.AwsConnector/stable/2024-12-01/ecsTaskDefinition.json#/components/schemas/LogConfiguration-options
warning | Modeler/MissingType | The schema 'ContainerDefinition-dockerLabels' has no type or format information whatsoever. Location:
   file:///home/runner/work/bicep-types-az/bicep-types-az/workflow-temp/azure-rest-api-specs/specification/awsconnector/resource-manager/Microsoft.AwsConnector/stable/2024-12-01/ecsTaskDefinition.json#/components/schemas/ContainerDefinition-dockerLabels
warning | Modeler/MissingType | The schema 'FirelensConfiguration-options' has no type or format information whatsoever. Location:
   file:///home/runner/work/bicep-types-az/bicep-types-az/workflow-temp/azure-rest-api-specs/specification/awsconnector/resource-manager/Microsoft.AwsConnector/stable/2024-12-01/ecsTaskDefinition.json#/components/schemas/FirelensConfiguration-options
warning | Modeler/MissingType | The schema 'DockerVolumeConfiguration-driverOpts' has no type or format information whatsoever. Location:
   file:///home/runner/work/bicep-types-az/bicep-types-az/workflow-temp/azure-rest-api-specs/specification/awsconnector/resource-manager/Microsoft.AwsConnector/stable/2024-12-01/ecsTaskDefinition.json#/components/schemas/DockerVolumeConfiguration-driverOpts
warning | Modeler/MissingType | The schema 'DockerVolumeConfiguration-labels' has no type or format information whatsoever. Location:
   file:///home/runner/work/bicep-types-az/bicep-types-az/workflow-temp/azure-rest-api-specs/specification/awsconnector/resource-manager/Microsoft.AwsConnector/stable/2024-12-01/ecsTaskDefinition.json#/components/schemas/DockerVolumeConfiguration-labels
warning | Modeler/MissingType | The schema 'AwsEfsFileSystemProperties-fileSystemPolicy' has no type or format information whatsoever. Location:
   file:///home/runner/work/bicep-types-az/bicep-types-az/workflow-temp/azure-rest-api-specs/specification/awsconnector/resource-manager/Microsoft.AwsConnector/stable/2024-12-01/efsFileSystem.json#/components/schemas/AwsEfsFileSystemProperties-fileSystemPolicy
warning | Modeler/MissingType | The schema 'components·7txq40·schemas·policy·properties·policydocument·additionalproperties' has no type or format information whatsoever. Location:
   file:///home/runner/work/bicep-types-az/bicep-types-az/workflow-temp/azure-rest-api-specs/specification/awsconnector/resource-manager/Microsoft.AwsConnector/stable/2024-12-01/iamGroup.json#/components/schemas/components·7txq40·schemas·policy·properties·policydocument·additionalproperties
   file:///home/runner/work/bicep-types-az/bicep-types-az/workflow-temp/azure-rest-api-specs/specification/awsconnector/resource-manager/Microsoft.AwsConnector/stable/2024-12-01/iamRole.json#/components/schemas/components·7txq40·schemas·policy·properties·policydocument·additionalproperties
warning | Modeler/MissingType | The schema 'components·1epn91·schemas·awsiamroleproperties·properties·assumerolepolicydocument·additionalproperties' has no type or format information whatsoever. Location:
   file:///home/runner/work/bicep-types-az/bicep-types-az/workflow-temp/azure-rest-api-specs/specification/awsconnector/resource-manager/Microsoft.AwsConnector/stable/2024-12-01/iamRole.json#/components/schemas/components·1epn91·schemas·awsiamroleproperties·properties·assumerolepolicydocument·additionalproperties
warning | Modeler/MissingType | The schema 'components·16ls46s·schemas·awskmskeyproperties·properties·keypolicy·additionalproperties' has no type or format information whatsoever. Location:
   file:///home/runner/work/bicep-types-az/bicep-types-az/workflow-temp/azure-rest-api-specs/specification/awsconnector/resource-manager/Microsoft.AwsConnector/stable/2024-12-01/kmsKey.json#/components/schemas/components·16ls46s·schemas·awskmskeyproperties·properties·keypolicy·additionalproperties
warning | Modeler/MissingType | The schema 'AwsLogsLogGroupProperties-dataProtectionPolicy' has no type or format information whatsoever. Location:
   file:///home/runner/work/bicep-types-az/bicep-types-az/workflow-temp/azure-rest-api-specs/specification/awsconnector/resource-manager/Microsoft.AwsConnector/stable/2024-12-01/logsLogGroup.json#/components/schemas/AwsLogsLogGroupProperties-dataProtectionPolicy
warning | Modeler/MissingType | The schema 'AwsRedshiftClusterProperties-namespaceResourcePolicy' has no type or format information whatsoever. Location:
   file:///home/runner/work/bicep-types-az/bicep-types-az/workflow-temp/azure-rest-api-specs/specification/awsconnector/resource-manager/Microsoft.AwsConnector/stable/2024-12-01/redshiftCluster.json#/components/schemas/AwsRedshiftClusterProperties-namespaceResourcePolicy
warning | Modeler/MissingType | The schema 'AwsS3AccessPointProperties-policy' has no type or format information whatsoever. Location:
   file:///home/runner/work/bicep-types-az/bicep-types-az/workflow-temp/azure-rest-api-specs/specification/awsconnector/resource-manager/Microsoft.AwsConnector/stable/2024-12-01/s3AccessPoint.json#/components/schemas/AwsS3AccessPointProperties-policy
warning | Modeler/MissingType | The schema 'TargetObjectKeyFormat-simplePrefix' has no type or format information whatsoever. Location:
   file:///home/runner/work/bicep-types-az/bicep-types-az/workflow-temp/azure-rest-api-specs/specification/awsconnector/resource-manager/Microsoft.AwsConnector/stable/2024-12-01/s3Bucket.json#/components/schemas/TargetObjectKeyFormat-simplePrefix
warning | Modeler/MissingType | The schema 'AwsSecretsManagerResourcePolicyProperties-resourcePolicy' has no type or format information whatsoever. Location:
   file:///home/runner/work/bicep-types-az/bicep-types-az/workflow-temp/azure-rest-api-specs/specification/awsconnector/resource-manager/Microsoft.AwsConnector/stable/2024-12-01/secretsManagerResourcePolicy.json#/components/schemas/AwsSecretsManagerResourcePolicyProperties-resourcePolicy
warning | Modeler/MissingType | The schema 'AwsSnsTopicProperties-archivePolicy' has no type or format information whatsoever. Location:
   file:///home/runner/work/bicep-types-az/bicep-types-az/workflow-temp/azure-rest-api-specs/specification/awsconnector/resource-manager/Microsoft.AwsConnector/stable/2024-12-01/snsTopic.json#/components/schemas/AwsSnsTopicProperties-archivePolicy
warning | Modeler/MissingType | The schema 'AwsSnsTopicProperties-dataProtectionPolicy' has no type or format information whatsoever. Location:
   file:///home/runner/work/bicep-types-az/bicep-types-az/workflow-temp/azure-rest-api-specs/specification/awsconnector/resource-manager/Microsoft.AwsConnector/stable/2024-12-01/snsTopic.json#/components/schemas/AwsSnsTopicProperties-dataProtectionPolicy
warning | Modeler/MissingType | The schema 'components·17dwcm9·schemas·awssqsqueueproperties·properties·redriveallowpolicy·additionalproperties' has no type or format information whatsoever. Location:
   file:///home/runner/work/bicep-types-az/bicep-types-az/workflow-temp/azure-rest-api-specs/specification/awsconnector/resource-manager/Microsoft.AwsConnector/stable/2024-12-01/sqsQueue.json#/components/schemas/components·17dwcm9·schemas·awssqsqueueproperties·properties·redriveallowpolicy·additionalproperties
warning | Modeler/MissingType | The schema 'components·vin4cd·schemas·awssqsqueueproperties·properties·redrivepolicy·additionalproperties' has no type or format information whatsoever. Location:
   file:///home/runner/work/bicep-types-az/bicep-types-az/workflow-temp/azure-rest-api-specs/specification/awsconnector/resource-manager/Microsoft.AwsConnector/stable/2024-12-01/sqsQueue.json#/components/schemas/components·vin4cd·schemas·awssqsqueueproperties·properties·redrivepolicy·additionalproperties
warning | Modeler/MissingType | The schema 'AwsSsmParameterProperties-tags' has no type or format information whatsoever. Location:
   file:///home/runner/work/bicep-types-az/bicep-types-az/workflow-temp/azure-rest-api-specs/specification/awsconnector/resource-manager/Microsoft.AwsConnector/stable/2024-12-01/ssmParameter.json#/components/schemas/AwsSsmParameterProperties-tags
warning | Modeler/MissingType | The schema 'FieldToMatch-method' has no type or format information whatsoever. Location:
   file:///home/runner/work/bicep-types-az/bicep-types-az/workflow-temp/azure-rest-api-specs/specification/awsconnector/resource-manager/Microsoft.AwsConnector/stable/2024-12-01/wafv2LoggingConfiguration.json#/components/schemas/FieldToMatch-method
warning | Modeler/MissingType | The schema 'FieldToMatch-queryString' has no type or format information whatsoever. Location:
   file:///home/runner/work/bicep-types-az/bicep-types-az/workflow-temp/azure-rest-api-specs/specification/awsconnector/resource-manager/Microsoft.AwsConnector/stable/2024-12-01/wafv2LoggingConfiguration.json#/components/schemas/FieldToMatch-queryString
warning | Modeler/MissingType | The schema 'FieldToMatch-uriPath' has no type or format information whatsoever. Location:
   file:///home/runner/work/bicep-types-az/bicep-types-az/workflow-temp/azure-rest-api-specs/specification/awsconnector/resource-manager/Microsoft.AwsConnector/stable/2024-12-01/wafv2LoggingConfiguration.json#/components/schemas/FieldToMatch-uriPath
warning | PreNamer/DeduplicateName | Deduplicating schema name: 'ClusterStatus' -> 'ClusterStatusAutoGenerated'
warning | PreNamer/DeduplicateName | Deduplicating schema name: 'Origin' -> 'OriginAutoGenerated'
warning | PreNamer/DeduplicateName | Deduplicating schema name: 'Tier' -> 'TierAutoGenerated'
warning | PreNamer/DeduplicateName | Deduplicating schema name: 'Action' -> 'ActionAutoGenerated'
warning | PreNamer/DeduplicateName | Deduplicating schema name: 'Filter' -> 'FilterAutoGenerated'
warning | PreNamer/DeduplicateName | Deduplicating schema name: 'Tag' -> 'TagAutoGenerated'
warning | PreNamer/DeduplicateName | Deduplicating schema name: 'Tag' -> 'TagAutoGenerated2'
warning | PreNamer/DeduplicateName | Deduplicating schema name: 'Tag' -> 'TagAutoGenerated3'
warning | PreNamer/DeduplicateName | Deduplicating schema name: 'Tag' -> 'TagAutoGenerated4'
warning | PreNamer/DeduplicateName | Deduplicating schema name: 'Tag' -> 'TagAutoGenerated5'
warning | PreNamer/DeduplicateName | Deduplicating schema name: 'Tag' -> 'TagAutoGenerated6'
warning | PreNamer/DeduplicateName | Deduplicating schema name: 'Tag' -> 'TagAutoGenerated7'
warning | PreNamer/DeduplicateName | Deduplicating schema name: 'Tag' -> 'TagAutoGenerated8'
warning | PreNamer/DeduplicateName | Deduplicating schema name: 'Tag' -> 'TagAutoGenerated9'
warning | PreNamer/DeduplicateName | Deduplicating schema name: 'Tag' -> 'TagAutoGenerated10'
warning | PreNamer/DeduplicateName | Deduplicating schema name: 'Tag' -> 'TagAutoGenerated11'
warning | PreNamer/DeduplicateName | Deduplicating schema name: 'Tag' -> 'TagAutoGenerated12'
warning | PreNamer/DeduplicateName | Deduplicating schema name: 'Tag' -> 'TagAutoGenerated13'
warning | PreNamer/DeduplicateName | Deduplicating schema name: 'Tag' -> 'TagAutoGenerated14'
warning | PreNamer/DeduplicateName | Deduplicating schema name: 'Tag' -> 'TagAutoGenerated15'
warning | PreNamer/DeduplicateName | Deduplicating schema name: 'Tag' -> 'TagAutoGenerated16'
warning | PreNamer/DeduplicateName | Deduplicating schema name: 'Tag' -> 'TagAutoGenerated17'
warning | PreNamer/DeduplicateName | Deduplicating schema name: 'Tag' -> 'TagAutoGenerated18'
warning | PreNamer/DeduplicateName | Deduplicating schema name: 'Tag' -> 'TagAutoGenerated19'
warning | PreNamer/DeduplicateName | Deduplicating schema name: 'Tag' -> 'TagAutoGenerated20'
warning | PreNamer/DeduplicateName | Deduplicating schema name: 'Tag' -> 'TagAutoGenerated21'
warning | PreNamer/DeduplicateName | Deduplicating schema name: 'Tag' -> 'TagAutoGenerated22'
warning | PreNamer/DeduplicateName | Deduplicating schema name: 'Tag' -> 'TagAutoGenerated23'
warning | PreNamer/DeduplicateName | Deduplicating schema name: 'Tag' -> 'TagAutoGenerated24'
warning | PreNamer/DeduplicateName | Deduplicating schema name: 'Tag' -> 'TagAutoGenerated25'
warning | PreNamer/DeduplicateName | Deduplicating schema name: 'Tag' -> 'TagAutoGenerated26'
warning | PreNamer/DeduplicateName | Deduplicating schema name: 'Tag' -> 'TagAutoGenerated27'
warning | PreNamer/DeduplicateName | Deduplicating schema name: 'Tag' -> 'TagAutoGenerated28'
warning | PreNamer/DeduplicateName | Deduplicating schema name: 'Tag' -> 'TagAutoGenerated29'
warning | PreNamer/DeduplicateName | Deduplicating schema name: 'Tag' -> 'TagAutoGenerated30'
warning | PreNamer/DeduplicateName | Deduplicating schema name: 'Tag' -> 'TagAutoGenerated31'
warning | PreNamer/DeduplicateName | Deduplicating schema name: 'Tag' -> 'TagAutoGenerated32'
warning | PreNamer/DeduplicateName | Deduplicating schema name: 'Tag' -> 'TagAutoGenerated33'
warning | PreNamer/DeduplicateName | Deduplicating schema name: 'Tag' -> 'TagAutoGenerated34'
warning | PreNamer/DeduplicateName | Deduplicating schema name: 'Tag' -> 'TagAutoGenerated35'
warning | PreNamer/DeduplicateName | Deduplicating schema name: 'Tag' -> 'TagAutoGenerated36'
warning | PreNamer/DeduplicateName | Deduplicating schema name: 'Tag' -> 'TagAutoGenerated37'
warning | PreNamer/DeduplicateName | Deduplicating schema name: 'Tag' -> 'TagAutoGenerated38'
warning | PreNamer/DeduplicateName | Deduplicating schema name: 'Tag' -> 'TagAutoGenerated39'
warning | PreNamer/DeduplicateName | Deduplicating schema name: 'Tag' -> 'TagAutoGenerated40'
warning | PreNamer/DeduplicateName | Deduplicating schema name: 'Tag' -> 'TagAutoGenerated41'
warning | PreNamer/DeduplicateName | Deduplicating schema name: 'Tag' -> 'TagAutoGenerated42'
warning | PreNamer/DeduplicateName | Deduplicating schema name: 'Tag' -> 'TagAutoGenerated43'
warning | PreNamer/DeduplicateName | Deduplicating schema name: 'Tag' -> 'TagAutoGenerated44'
warning | PreNamer/DeduplicateName | Deduplicating schema name: 'Tag' -> 'TagAutoGenerated45'
warning | PreNamer/DeduplicateName | Deduplicating schema name: 'Tag' -> 'TagAutoGenerated46'
warning | PreNamer/DeduplicateName | Deduplicating schema name: 'Tag' -> 'TagAutoGenerated47'
warning | PreNamer/DeduplicateName | Deduplicating schema name: 'Tag' -> 'TagAutoGenerated48'
warning | PreNamer/DeduplicateName | Deduplicating schema name: 'Tag' -> 'TagAutoGenerated49'
warning | PreNamer/DeduplicateName | Deduplicating schema name: 'Tag' -> 'TagAutoGenerated50'
warning | PreNamer/DeduplicateName | Deduplicating schema name: 'Tag' -> 'TagAutoGenerated51'
warning | PreNamer/DeduplicateName | Deduplicating schema name: 'Tag' -> 'TagAutoGenerated52'
warning | PreNamer/DeduplicateName | Deduplicating schema name: 'Tag' -> 'TagAutoGenerated53'
warning | PreNamer/DeduplicateName | Deduplicating schema name: 'Tag' -> 'TagAutoGenerated54'
warning | PreNamer/DeduplicateName | Deduplicating schema name: 'ErrorDetail' -> 'ErrorDetailAutoGenerated'
warning | PreNamer/DeduplicateName | Deduplicating schema name: 'LaunchTemplateSpecification' -> 'LaunchTemplateSpecificationAutoGenerated'
warning | PreNamer/DeduplicateName | Deduplicating schema name: 'NotificationConfiguration' -> 'NotificationConfigurationAutoGenerated'
warning | PreNamer/DeduplicateName | Deduplicating schema name: 'NotificationConfiguration' -> 'NotificationConfigurationAutoGenerated2'
warning | PreNamer/DeduplicateName | Deduplicating schema name: 'Parameter' -> 'ParameterAutoGenerated'
warning | PreNamer/DeduplicateName | Deduplicating schema name: 'Logging' -> 'LoggingAutoGenerated'
warning | PreNamer/DeduplicateName | Deduplicating schema name: 'Dimension' -> 'DimensionAutoGenerated'
warning | PreNamer/DeduplicateName | Deduplicating schema name: 'Dimension' -> 'DimensionAutoGenerated2'
warning | PreNamer/DeduplicateName | Deduplicating schema name: 'Dimension' -> 'DimensionAutoGenerated3'
warning | PreNamer/DeduplicateName | Deduplicating schema name: 'VpcConfig' -> 'VpcConfigAutoGenerated'
warning | PreNamer/DeduplicateName | Deduplicating schema name: 'Endpoint' -> 'EndpointAutoGenerated'
warning | PreNamer/DeduplicateName | Deduplicating schema name: 'Endpoint' -> 'EndpointAutoGenerated2'
warning | PreNamer/DeduplicateName | Deduplicating schema name: 'Endpoint' -> 'EndpointAutoGenerated3'
warning | PreNamer/DeduplicateName | Deduplicating schema name: 'IamInstanceProfile' -> 'IamInstanceProfileAutoGenerated'
warning | PreNamer/DeduplicateName | Deduplicating schema name: 'InstanceIpv6Address' -> 'InstanceIpv6AddressAutoGenerated'
warning | PreNamer/DeduplicateName | Deduplicating schema name: 'StatusTypeEnumValue' -> 'StatusTypeEnumValueAutoGenerated'
warning | PreNamer/DeduplicateName | Deduplicating schema name: 'EncryptionConfiguration' -> 'EncryptionConfigurationAutoGenerated'
warning | PreNamer/DeduplicateName | Deduplicating schema name: 'LifecyclePolicy' -> 'LifecyclePolicyAutoGenerated'
warning | PreNamer/DeduplicateName | Deduplicating schema name: 'EphemeralStorage' -> 'EphemeralStorageAutoGenerated'
warning | PreNamer/DeduplicateName | Deduplicating schema name: 'ReplicationConfiguration' -> 'ReplicationConfigurationAutoGenerated'
warning | PreNamer/DeduplicateName | Deduplicating schema name: 'ReplicationDestination' -> 'ReplicationDestinationAutoGenerated'
warning | PreNamer/DeduplicateName | Deduplicating schema name: 'Certificate' -> 'CertificateAutoGenerated'
warning | PreNamer/DeduplicateName | Deduplicating schema name: 'SubnetMapping' -> 'SubnetMappingAutoGenerated'
warning | PreNamer/DeduplicateName | Deduplicating schema name: 'TargetDescription' -> 'TargetDescriptionAutoGenerated'
warning | PreNamer/DeduplicateName | Deduplicating schema name: 'Policy' -> 'PolicyAutoGenerated'
warning | PreNamer/DeduplicateName | Deduplicating schema name: 'LoggingConfig' -> 'LoggingConfigAutoGenerated'
warning | PreNamer/DeduplicateName | Deduplicating schema name: 'CustomAction' -> 'CustomActionAutoGenerated'
warning | PreNamer/DeduplicateName | Deduplicating schema name: 'ActionDefinition' -> 'ActionDefinitionAutoGenerated'
warning | PreNamer/DeduplicateName | Deduplicating schema name: 'PublishMetricAction' -> 'PublishMetricActionAutoGenerated'
warning | PreNamer/DeduplicateName | Deduplicating schema name: 'ProcessorFeature' -> 'ProcessorFeatureAutoGenerated'
warning | PreNamer/DeduplicateName | Deduplicating schema name: 'PublicAccessBlockConfiguration' -> 'PublicAccessBlockConfigurationAutoGenerated'
warning | Unrecognized property type: any-object. Returning 'any'.
