WARNING: Unable to parse swagger path "stable/2023-01-01/managedClusters.json"
WARNING: Unable to parse swagger path "preview/2023-01-02-preview/managedClusters.json"
WARNING: Unable to parse swagger path "preview/2022-09-02-preview/fleets.json"
WARNING: Unable to parse swagger path "stable/2022-11-01/managedClusters.json"
WARNING: Unable to parse swagger path "preview/2022-11-02-preview/managedClusters.json"
WARNING: Unable to parse swagger path "preview/2022-10-02-preview/managedClusters.json"
WARNING: Unable to parse swagger path "stable/2022-09-01/managedClusters.json"
WARNING: Unable to parse swagger path "preview/2022-09-02-preview/managedClusters.json"
WARNING: Unable to parse swagger path "preview/2022-08-03-preview/managedClusters.json"
WARNING: Unable to parse swagger path "preview/2022-07-02-preview/fleets.json"
WARNING: Unable to parse swagger path "preview/2022-08-02-preview/managedClusters.json"
WARNING: Unable to parse swagger path "stable/2022-07-01/managedClusters.json"
WARNING: Unable to parse swagger path "preview/2022-07-02-preview/managedClusters.json"
WARNING: Unable to parse swagger path "stable/2022-06-01/managedClusters.json"
WARNING: Unable to parse swagger path "preview/2022-06-02-preview/managedClusters.json"
WARNING: Unable to parse swagger path "preview/2022-06-02-preview/fleets.json"
WARNING: Unable to parse swagger path "preview/2022-05-02-preview/managedClusters.json"
WARNING: Unable to parse swagger path "stable/2022-04-01/managedClusters.json"
WARNING: Unable to parse swagger path "preview/2022-04-02-preview/managedClusters.json"
WARNING: Unable to parse swagger path "stable/2022-03-01/managedClusters.json"
WARNING: Unable to parse swagger path "preview/2022-03-02-preview/managedClusters.json"
WARNING: Unable to parse swagger path "stable/2022-02-01/managedClusters.json"
WARNING: Unable to parse swagger path "preview/2022-02-02-preview/managedClusters.json"
WARNING: Unable to parse swagger path "stable/2022-01-01/managedClusters.json"
WARNING: Unable to parse swagger path "preview/2022-01-02-preview/managedClusters.json"
WARNING: Unable to parse swagger path "preview/2021-11-01-preview/managedClusters.json"
WARNING: Unable to parse swagger path "stable/2021-10-01/managedClusters.json"
WARNING: Unable to parse swagger path "stable/2021-09-01/managedClusters.json"
WARNING: Unable to parse swagger path "stable/2021-08-01/managedClusters.json"
WARNING: Unable to parse swagger path "stable/2021-07-01/managedClusters.json"
WARNING: Unable to parse swagger path "stable/2021-05-01/managedClusters.json"
WARNING: Unable to parse swagger path "stable/2021-03-01/managedClusters.json"
WARNING: Unable to parse swagger path "stable/2021-02-01/managedClusters.json"
WARNING: Unable to parse swagger path "stable/2020-12-01/managedClusters.json"
WARNING: Unable to parse swagger path "stable/2020-11-01/managedClusters.json"
WARNING: Unable to parse swagger path "stable/2019-04-30/openShiftManagedClusters.json"
WARNING: Unable to parse swagger path "stable/2017-07-01/containerService.json"
WARNING: Unable to parse swagger path "stable/2019-08-01/location.json"
WARNING: Unable to parse swagger path "stable/2020-09-01/managedClusters.json"
WARNING: Unable to parse swagger path "stable/2020-07-01/managedClusters.json"
WARNING: Unable to parse swagger path "stable/2020-06-01/managedClusters.json"
WARNING: Unable to parse swagger path "stable/2020-04-01/managedClusters.json"
WARNING: Unable to parse swagger path "stable/2020-03-01/managedClusters.json"
WARNING: Unable to parse swagger path "stable/2020-02-01/managedClusters.json"
WARNING: Unable to parse swagger path "stable/2020-01-01/managedClusters.json"
WARNING: Unable to parse swagger path "stable/2019-11-01/managedClusters.json"
WARNING: Unable to parse swagger path "preview/2019-10-27-preview/openShiftManagedClusters.json"
WARNING: Unable to parse swagger path "preview/2019-09-30/openShiftManagedClusters.json"
WARNING: Unable to parse swagger path "stable/2019-08-01/managedClusters.json"
WARNING: Unable to parse swagger path "stable/2019-10-01/managedClusters.json"
WARNING: Unable to parse swagger path "stable/2019-06-01/location.json"
WARNING: Unable to parse swagger path "stable/2019-06-01/managedClusters.json"
WARNING: Unable to parse swagger path "stable/2019-04-01/managedClusters.json"
WARNING: Unable to parse swagger path "stable/2019-04-01/location.json"
WARNING: Unable to parse swagger path "preview/2018-09-30-preview/openShiftManagedClusters.json"
WARNING: Unable to parse swagger path "stable/2019-02-01/managedClusters.json"
WARNING: Unable to parse swagger path "stable/2017-09-30/location.json"
WARNING: Unable to parse swagger path "preview/2018-08-01-preview/managedClusters.json"
WARNING: Unable to parse swagger path "stable/2018-03-31/managedClusters.json"
WARNING: Unable to parse swagger path "stable/2017-08-31/managedClusters.json"
WARNING: Unable to parse swagger path "stable/2017-01-31/containerService.json"
WARNING: Unable to parse swagger path "stable/2016-09-30/containerService.json"
WARNING: Unable to parse swagger path "stable/2016-03-30/containerService.json"
AutoRest code generation utility [cli version: 3.6.3; node: v16.19.1]
(C) 2018 Microsoft Corporation.
https://aka.ms/autorest
warning | DeprecatedConfig | Using directive.0.suppress which is deprecated and will be removed in the future.
warning | DeprecatedConfig | Using directive.1.suppress which is deprecated and will be removed in the future.
warning | DeprecatedConfig | Using directive.2.suppress which is deprecated and will be removed in the future.
warning | DeprecatedConfig | Using directive.3.suppress which is deprecated and will be removed in the future.
