
Executing: autorest --use=/home/runner/work/bicep-types-az/bicep-types-az/src/autorest.bicep --azureresourceschema --output-folder=/home/runner/work/bicep-types-az/bicep-types-az/generated/authorization --multiapi /home/runner/work/bicep-types-az/bicep-types-az/workflow-temp/azure-rest-api-specs/specification/authorization/resource-manager/readme.md
AutoRest code generation utility [cli version: 3.1.2; node: v14.16.0, max-memory: 2048 MB]
(C) 2018 Microsoft Corporation.
https://aka.ms/autorest
   Loading AutoRest core      '/home/runner/work/bicep-types-az/bicep-types-az/src/generator/node_modules/@autorest/core/dist' (3.1.0)
INFORMATION: > Loading local AutoRest extension '@autorest/azureresourceschema' (/home/runner/work/bicep-types-az/bicep-types-az/src/autorest.bicep)
INFORMATION: > Loading AutoRest extension '@autorest/modelerfour' (4.16.2->4.16.2)
Processing batch task - {"tag":"schema-authorization-2020-10-01-preview"} .
INFORMATION: > Loading local AutoRest extension '@autorest/azureresourceschema' (/home/runner/work/bicep-types-az/bicep-types-az/src/autorest.bicep)
INFORMATION: > Loading AutoRest extension '@autorest/modelerfour' (4.16.2->4.16.2)

WARNING (PreCheck/SchemaMissingType): The schema 'RoleAssignmentScheduleFilter' with an undefined type and decalared properties is a bit ambigious. This has been auto-corrected to 'type:object'

WARNING (PreCheck/SchemaMissingType): The schema 'RoleAssignmentScheduleProperties' with an undefined type and decalared properties is a bit ambigious. This has been auto-corrected to 'type:object'

WARNING (PreCheck/SchemaMissingType): The schema 'RoleAssignmentSchedule' with an undefined type and decalared properties is a bit ambigious. This has been auto-corrected to 'type:object'

WARNING (PreCheck/SchemaMissingType): The schema 'RoleAssignmentScheduleListResult' with an undefined type and decalared properties is a bit ambigious. This has been auto-corrected to 'type:object'

WARNING (PreCheck/SchemaMissingType): The schema 'CloudError' with an undefined type and decalared properties is a bit ambigious. This has been auto-corrected to 'type:object'

WARNING (PreCheck/SchemaMissingType): The schema 'CloudErrorBody' with an undefined type and decalared properties is a bit ambigious. This has been auto-corrected to 'type:object'

WARNING (PreCheck/SchemaMissingType): The schema 'RoleAssignmentScheduleInstanceFilter' with an undefined type and decalared properties is a bit ambigious. This has been auto-corrected to 'type:object'

WARNING (PreCheck/SchemaMissingType): The schema 'RoleAssignmentScheduleInstanceProperties' with an undefined type and decalared properties is a bit ambigious. This has been auto-corrected to 'type:object'

WARNING (PreCheck/SchemaMissingType): The schema 'RoleAssignmentScheduleInstance' with an undefined type and decalared properties is a bit ambigious. This has been auto-corrected to 'type:object'

WARNING (PreCheck/SchemaMissingType): The schema 'RoleAssignmentScheduleInstanceListResult' with an undefined type and decalared properties is a bit ambigious. This has been auto-corrected to 'type:object'

WARNING (PreCheck/SchemaMissingType): The schema 'CloudError' with an undefined type and decalared properties is a bit ambigious. This has been auto-corrected to 'type:object'

WARNING (PreCheck/SchemaMissingType): The schema 'CloudErrorBody' with an undefined type and decalared properties is a bit ambigious. This has been auto-corrected to 'type:object'

WARNING (PreCheck/SchemaMissingType): The schema 'RoleAssignmentScheduleRequestFilter' with an undefined type and decalared properties is a bit ambigious. This has been auto-corrected to 'type:object'

WARNING (PreCheck/SchemaMissingType): The schema 'RoleAssignmentScheduleRequestProperties' with an undefined type and decalared properties is a bit ambigious. This has been auto-corrected to 'type:object'

WARNING (PreCheck/SchemaMissingType): The schema 'RoleAssignmentScheduleRequestProperties-scheduleInfo' with an undefined type and decalared properties is a bit ambigious. This has been auto-corrected to 'type:object'

WARNING (PreCheck/SchemaMissingType): The schema 'RoleAssignmentScheduleRequestProperties-scheduleInfo-expiration' with an undefined type and decalared properties is a bit ambigious. This has been auto-corrected to 'type:object'

WARNING (PreCheck/SchemaMissingType): The schema 'RoleAssignmentScheduleRequestProperties-ticketInfo' with an undefined type and decalared properties is a bit ambigious. This has been auto-corrected to 'type:object'

WARNING (PreCheck/SchemaMissingType): The schema 'RoleAssignmentScheduleRequest' with an undefined type and decalared properties is a bit ambigious. This has been auto-corrected to 'type:object'

WARNING (PreCheck/SchemaMissingType): The schema 'RoleAssignmentScheduleRequestListResult' with an undefined type and decalared properties is a bit ambigious. This has been auto-corrected to 'type:object'

WARNING (PreCheck/SchemaMissingType): The schema 'CloudError' with an undefined type and decalared properties is a bit ambigious. This has been auto-corrected to 'type:object'

WARNING (PreCheck/SchemaMissingType): The schema 'CloudErrorBody' with an undefined type and decalared properties is a bit ambigious. This has been auto-corrected to 'type:object'

WARNING (PreCheck/SchemaMissingType): The schema 'RoleEligibilityScheduleFilter' with an undefined type and decalared properties is a bit ambigious. This has been auto-corrected to 'type:object'

WARNING (PreCheck/SchemaMissingType): The schema 'RoleEligibilityScheduleProperties' with an undefined type and decalared properties is a bit ambigious. This has been auto-corrected to 'type:object'

WARNING (PreCheck/SchemaMissingType): The schema 'RoleEligibilitySchedule' with an undefined type and decalared properties is a bit ambigious. This has been auto-corrected to 'type:object'

WARNING (PreCheck/SchemaMissingType): The schema 'RoleEligibilityScheduleListResult' with an undefined type and decalared properties is a bit ambigious. This has been auto-corrected to 'type:object'

WARNING (PreCheck/SchemaMissingType): The schema 'CloudError' with an undefined type and decalared properties is a bit ambigious. This has been auto-corrected to 'type:object'

WARNING (PreCheck/SchemaMissingType): The schema 'CloudErrorBody' with an undefined type and decalared properties is a bit ambigious. This has been auto-corrected to 'type:object'

WARNING (PreCheck/SchemaMissingType): The schema 'RoleEligibilityScheduleInstanceFilter' with an undefined type and decalared properties is a bit ambigious. This has been auto-corrected to 'type:object'

WARNING (PreCheck/SchemaMissingType): The schema 'RoleEligibilityScheduleInstanceProperties' with an undefined type and decalared properties is a bit ambigious. This has been auto-corrected to 'type:object'

WARNING (PreCheck/SchemaMissingType): The schema 'RoleEligibilityScheduleInstance' with an undefined type and decalared properties is a bit ambigious. This has been auto-corrected to 'type:object'

WARNING (PreCheck/SchemaMissingType): The schema 'RoleEligibilityScheduleInstanceListResult' with an undefined type and decalared properties is a bit ambigious. This has been auto-corrected to 'type:object'

WARNING (PreCheck/SchemaMissingType): The schema 'CloudError' with an undefined type and decalared properties is a bit ambigious. This has been auto-corrected to 'type:object'

WARNING (PreCheck/SchemaMissingType): The schema 'CloudErrorBody' with an undefined type and decalared properties is a bit ambigious. This has been auto-corrected to 'type:object'

WARNING (PreCheck/SchemaMissingType): The schema 'RoleEligibilityScheduleRequestFilter' with an undefined type and decalared properties is a bit ambigious. This has been auto-corrected to 'type:object'

WARNING (PreCheck/SchemaMissingType): The schema 'RoleEligibilityScheduleRequestProperties' with an undefined type and decalared properties is a bit ambigious. This has been auto-corrected to 'type:object'

WARNING (PreCheck/SchemaMissingType): The schema 'RoleEligibilityScheduleRequestProperties-scheduleInfo' with an undefined type and decalared properties is a bit ambigious. This has been auto-corrected to 'type:object'

WARNING (PreCheck/SchemaMissingType): The schema 'RoleEligibilityScheduleRequestProperties-scheduleInfo-expiration' with an undefined type and decalared properties is a bit ambigious. This has been auto-corrected to 'type:object'

WARNING (PreCheck/SchemaMissingType): The schema 'RoleEligibilityScheduleRequestProperties-ticketInfo' with an undefined type and decalared properties is a bit ambigious. This has been auto-corrected to 'type:object'

WARNING (PreCheck/SchemaMissingType): The schema 'RoleEligibilityScheduleRequest' with an undefined type and decalared properties is a bit ambigious. This has been auto-corrected to 'type:object'

WARNING (PreCheck/SchemaMissingType): The schema 'RoleEligibilityScheduleRequestListResult' with an undefined type and decalared properties is a bit ambigious. This has been auto-corrected to 'type:object'

WARNING (PreCheck/SchemaMissingType): The schema 'CloudError' with an undefined type and decalared properties is a bit ambigious. This has been auto-corrected to 'type:object'

WARNING (PreCheck/SchemaMissingType): The schema 'CloudErrorBody' with an undefined type and decalared properties is a bit ambigious. This has been auto-corrected to 'type:object'

WARNING (PreCheck/SchemaMissingType): The schema 'RoleManagementPolicyProperties' with an undefined type and decalared properties is a bit ambigious. This has been auto-corrected to 'type:object'

WARNING (PreCheck/SchemaMissingType): The schema 'RoleManagementPolicy' with an undefined type and decalared properties is a bit ambigious. This has been auto-corrected to 'type:object'

WARNING (PreCheck/SchemaMissingType): The schema 'RoleManagementPolicyListResult' with an undefined type and decalared properties is a bit ambigious. This has been auto-corrected to 'type:object'

WARNING (PreCheck/SchemaMissingType): The schema 'CloudError' with an undefined type and decalared properties is a bit ambigious. This has been auto-corrected to 'type:object'

WARNING (PreCheck/SchemaMissingType): The schema 'CloudErrorBody' with an undefined type and decalared properties is a bit ambigious. This has been auto-corrected to 'type:object'

WARNING (PreCheck/SchemaMissingType): The schema 'RoleManagementPolicyAssignment' with an undefined type and decalared properties is a bit ambigious. This has been auto-corrected to 'type:object'

WARNING (PreCheck/SchemaMissingType): The schema 'RoleManagementPolicyAssignmentProperties' with an undefined type and decalared properties is a bit ambigious. This has been auto-corrected to 'type:object'

WARNING (PreCheck/SchemaMissingType): The schema 'RoleManagementPolicyAssignmentListResult' with an undefined type and decalared properties is a bit ambigious. This has been auto-corrected to 'type:object'

WARNING (PreCheck/SchemaMissingType): The schema 'CloudError' with an undefined type and decalared properties is a bit ambigious. This has been auto-corrected to 'type:object'

WARNING (PreCheck/SchemaMissingType): The schema 'CloudErrorBody' with an undefined type and decalared properties is a bit ambigious. This has been auto-corrected to 'type:object'

WARNING (PreCheck/CheckDuplicateSchemas): Checking for duplicate schemas, this could take a (long) while.  Run with --verbose for more detail.

WARNING (PreCheck/PropertyRedeclarationWarning): Schema 'RoleManagementPolicyApprovalRule' has a property 'id' that is already declared the parent schema 'RoleManagementPolicyRule' but isn't significantly different. The property has been removed from RoleManagementPolicyApprovalRule

WARNING (PreCheck/PropertyRedeclarationWarning): Schema 'RoleManagementPolicyApprovalRule' has a property 'ruleType' that is already declared the parent schema 'RoleManagementPolicyRule' but isn't significantly different. The property has been removed from RoleManagementPolicyApprovalRule

WARNING (PreCheck/PropertyRedeclarationWarning): Schema 'RoleManagementPolicyApprovalRule' has a property 'target' that is already declared the parent schema 'RoleManagementPolicyRule' but isn't significantly different. The property has been removed from RoleManagementPolicyApprovalRule

WARNING (PreCheck/PropertyRedeclarationWarning): Schema 'RoleManagementPolicyAuthenticationContextRule' has a property 'id' that is already declared the parent schema 'RoleManagementPolicyRule' but isn't significantly different. The property has been removed from RoleManagementPolicyAuthenticationContextRule

WARNING (PreCheck/PropertyRedeclarationWarning): Schema 'RoleManagementPolicyAuthenticationContextRule' has a property 'ruleType' that is already declared the parent schema 'RoleManagementPolicyRule' but isn't significantly different. The property has been removed from RoleManagementPolicyAuthenticationContextRule

WARNING (PreCheck/PropertyRedeclarationWarning): Schema 'RoleManagementPolicyAuthenticationContextRule' has a property 'target' that is already declared the parent schema 'RoleManagementPolicyRule' but isn't significantly different. The property has been removed from RoleManagementPolicyAuthenticationContextRule

WARNING (PreCheck/PropertyRedeclarationWarning): Schema 'RoleManagementPolicyEnablementRule' has a property 'id' that is already declared the parent schema 'RoleManagementPolicyRule' but isn't significantly different. The property has been removed from RoleManagementPolicyEnablementRule

WARNING (PreCheck/PropertyRedeclarationWarning): Schema 'RoleManagementPolicyEnablementRule' has a property 'ruleType' that is already declared the parent schema 'RoleManagementPolicyRule' but isn't significantly different. The property has been removed from RoleManagementPolicyEnablementRule

WARNING (PreCheck/PropertyRedeclarationWarning): Schema 'RoleManagementPolicyEnablementRule' has a property 'target' that is already declared the parent schema 'RoleManagementPolicyRule' but isn't significantly different. The property has been removed from RoleManagementPolicyEnablementRule

WARNING (PreCheck/PropertyRedeclarationWarning): Schema 'RoleManagementPolicyExpirationRule' has a property 'id' that is already declared the parent schema 'RoleManagementPolicyRule' but isn't significantly different. The property has been removed from RoleManagementPolicyExpirationRule

WARNING (PreCheck/PropertyRedeclarationWarning): Schema 'RoleManagementPolicyExpirationRule' has a property 'ruleType' that is already declared the parent schema 'RoleManagementPolicyRule' but isn't significantly different. The property has been removed from RoleManagementPolicyExpirationRule

WARNING (PreCheck/PropertyRedeclarationWarning): Schema 'RoleManagementPolicyExpirationRule' has a property 'target' that is already declared the parent schema 'RoleManagementPolicyRule' but isn't significantly different. The property has been removed from RoleManagementPolicyExpirationRule

WARNING (PreCheck/PropertyRedeclarationWarning): Schema 'RoleManagementPolicyNotificationRule' has a property 'id' that is already declared the parent schema 'RoleManagementPolicyRule' but isn't significantly different. The property has been removed from RoleManagementPolicyNotificationRule

WARNING (PreCheck/PropertyRedeclarationWarning): Schema 'RoleManagementPolicyNotificationRule' has a property 'ruleType' that is already declared the parent schema 'RoleManagementPolicyRule' but isn't significantly different. The property has been removed from RoleManagementPolicyNotificationRule

WARNING (PreCheck/PropertyRedeclarationWarning): Schema 'RoleManagementPolicyNotificationRule' has a property 'target' that is already declared the parent schema 'RoleManagementPolicyRule' but isn't significantly different. The property has been removed from RoleManagementPolicyNotificationRule
INFORMATION: Autorest.AzureResourceSchema took 27ms
Processing batch task - {"tag":"schema-authorization-2020-04-01-preview"} .
INFORMATION: > Loading local AutoRest extension '@autorest/azureresourceschema' (/home/runner/work/bicep-types-az/bicep-types-az/src/autorest.bicep)
INFORMATION: > Loading AutoRest extension '@autorest/modelerfour' (4.16.2->4.16.2)

WARNING (PreCheck/SchemaMissingType): The schema 'RoleAssignmentFilter' with an undefined type and decalared properties is a bit ambigious. This has been auto-corrected to 'type:object'

WARNING (PreCheck/SchemaMissingType): The schema 'RoleAssignmentPropertiesWithScope' with an undefined type and decalared properties is a bit ambigious. This has been auto-corrected to 'type:object'

WARNING (PreCheck/SchemaMissingType): The schema 'RoleAssignment' with an undefined type and decalared properties is a bit ambigious. This has been auto-corrected to 'type:object'

WARNING (PreCheck/SchemaMissingType): The schema 'RoleAssignmentListResult' with an undefined type and decalared properties is a bit ambigious. This has been auto-corrected to 'type:object'

WARNING (PreCheck/SchemaMissingType): The schema 'RoleAssignmentProperties' with an undefined type and decalared properties is a bit ambigious. This has been auto-corrected to 'type:object'

WARNING (PreCheck/SchemaMissingType): The schema 'RoleAssignmentCreateParameters' with an undefined type and decalared properties is a bit ambigious. This has been auto-corrected to 'type:object'

WARNING (PreCheck/SchemaMissingType): The schema 'ErrorDetail' with an undefined type and decalared properties is a bit ambigious. This has been auto-corrected to 'type:object'

WARNING (PreCheck/SchemaMissingType): The schema 'ErrorResponse' with an undefined type and decalared properties is a bit ambigious. This has been auto-corrected to 'type:object'

WARNING (PreCheck/SchemaMissingType): The schema 'ErrorAdditionalInfo' with an undefined type and decalared properties is a bit ambigious. This has been auto-corrected to 'type:object'

WARNING (PreCheck/CheckDuplicateSchemas): Checking for duplicate schemas, this could take a (long) while.  Run with --verbose for more detail.
WARNING: Skipping path '/{roleId}': Unable to locate "/providers/" segment
INFORMATION: Autorest.AzureResourceSchema took 2ms
Processing batch task - {"tag":"schema-authorization-2018-09-01-preview"} .
INFORMATION: > Loading local AutoRest extension '@autorest/azureresourceschema' (/home/runner/work/bicep-types-az/bicep-types-az/src/autorest.bicep)
INFORMATION: > Loading AutoRest extension '@autorest/modelerfour' (4.16.2->4.16.2)

WARNING (PreCheck/SchemaMissingType): The schema 'RoleAssignmentFilter' with an undefined type and decalared properties is a bit ambigious. This has been auto-corrected to 'type:object'

WARNING (PreCheck/SchemaMissingType): The schema 'RoleAssignmentPropertiesWithScope' with an undefined type and decalared properties is a bit ambigious. This has been auto-corrected to 'type:object'

WARNING (PreCheck/SchemaMissingType): The schema 'RoleAssignment' with an undefined type and decalared properties is a bit ambigious. This has been auto-corrected to 'type:object'

WARNING (PreCheck/SchemaMissingType): The schema 'RoleAssignmentListResult' with an undefined type and decalared properties is a bit ambigious. This has been auto-corrected to 'type:object'

WARNING (PreCheck/SchemaMissingType): The schema 'RoleAssignmentProperties' with an undefined type and decalared properties is a bit ambigious. This has been auto-corrected to 'type:object'

WARNING (PreCheck/SchemaMissingType): The schema 'RoleAssignmentCreateParameters' with an undefined type and decalared properties is a bit ambigious. This has been auto-corrected to 'type:object'

WARNING (PreCheck/CheckDuplicateSchemas): Checking for duplicate schemas, this could take a (long) while.  Run with --verbose for more detail.
WARNING: Skipping path '/{roleId}': Unable to locate "/providers/" segment
INFORMATION: Autorest.AzureResourceSchema took 1ms
Processing batch task - {"tag":"schema-authorization-2018-07-01-preview"} .
INFORMATION: > Loading local AutoRest extension '@autorest/azureresourceschema' (/home/runner/work/bicep-types-az/bicep-types-az/src/autorest.bicep)
INFORMATION: > Loading AutoRest extension '@autorest/modelerfour' (4.16.2->4.16.2)

WARNING (PreCheck/SchemaMissingType): The schema 'DenyAssignmentFilter' with an undefined type and decalared properties is a bit ambigious. This has been auto-corrected to 'type:object'

WARNING (PreCheck/SchemaMissingType): The schema 'DenyAssignmentProperties' with an undefined type and decalared properties is a bit ambigious. This has been auto-corrected to 'type:object'

WARNING (PreCheck/SchemaMissingType): The schema 'DenyAssignment' with an undefined type and decalared properties is a bit ambigious. This has been auto-corrected to 'type:object'

WARNING (PreCheck/SchemaMissingType): The schema 'DenyAssignmentListResult' with an undefined type and decalared properties is a bit ambigious. This has been auto-corrected to 'type:object'

WARNING (PreCheck/SchemaMissingType): The schema 'DenyAssignmentPermission' with an undefined type and decalared properties is a bit ambigious. This has been auto-corrected to 'type:object'

WARNING (PreCheck/SchemaMissingType): The schema 'Principal' with an undefined type and decalared properties is a bit ambigious. This has been auto-corrected to 'type:object'

WARNING (PreCheck/CheckDuplicateSchemas): Checking for duplicate schemas, this could take a (long) while.  Run with --verbose for more detail.
INFORMATION: Autorest.AzureResourceSchema took 1ms
Processing batch task - {"tag":"schema-authorization-2018-05-01-preview"} .
INFORMATION: > Loading local AutoRest extension '@autorest/azureresourceschema' (/home/runner/work/bicep-types-az/bicep-types-az/src/autorest.bicep)
INFORMATION: > Loading AutoRest extension '@autorest/modelerfour' (4.16.2->4.16.2)

WARNING (PreCheck/SchemaMissingType): The schema 'AccessReviewScheduleDefinition' with an undefined type and decalared properties is a bit ambigious. This has been auto-corrected to 'type:object'

WARNING (PreCheck/SchemaMissingType): The schema 'AccessReviewScheduleDefinitionProperties' with an undefined type and decalared properties is a bit ambigious. This has been auto-corrected to 'type:object'

WARNING (PreCheck/SchemaMissingType): The schema 'AccessReviewInstance' with an undefined type and decalared properties is a bit ambigious. This has been auto-corrected to 'type:object'

WARNING (PreCheck/SchemaMissingType): The schema 'AccessReviewInstanceProperties' with an undefined type and decalared properties is a bit ambigious. This has been auto-corrected to 'type:object'

WARNING (PreCheck/SchemaMissingType): The schema 'AccessReviewScheduleSettings' with an undefined type and decalared properties is a bit ambigious. This has been auto-corrected to 'type:object'

WARNING (PreCheck/SchemaMissingType): The schema 'AccessReviewDefaultSettings' with an undefined type and decalared properties is a bit ambigious. This has been auto-corrected to 'type:object'

WARNING (PreCheck/SchemaMissingType): The schema 'AccessReviewRecurrenceSettings' with an undefined type and decalared properties is a bit ambigious. This has been auto-corrected to 'type:object'

WARNING (PreCheck/SchemaMissingType): The schema 'AccessReviewRecurrencePattern' with an undefined type and decalared properties is a bit ambigious. This has been auto-corrected to 'type:object'

WARNING (PreCheck/SchemaMissingType): The schema 'AccessReviewRecurrenceRange' with an undefined type and decalared properties is a bit ambigious. This has been auto-corrected to 'type:object'

WARNING (PreCheck/SchemaMissingType): The schema 'AccessReviewScope' with an undefined type and decalared properties is a bit ambigious. This has been auto-corrected to 'type:object'

WARNING (PreCheck/SchemaMissingType): The schema 'AccessReviewReviewer' with an undefined type and decalared properties is a bit ambigious. This has been auto-corrected to 'type:object'

WARNING (PreCheck/SchemaMissingType): The schema 'AccessReviewDecision' with an undefined type and decalared properties is a bit ambigious. This has been auto-corrected to 'type:object'

WARNING (PreCheck/SchemaMissingType): The schema 'AccessReviewDecisionProperties' with an undefined type and decalared properties is a bit ambigious. This has been auto-corrected to 'type:object'

WARNING (PreCheck/SchemaMissingType): The schema 'AccessReviewDecisionTarget' with an undefined type and decalared properties is a bit ambigious. This has been auto-corrected to 'type:object'

WARNING (PreCheck/SchemaMissingType): The schema 'UserDecisionTarget' with an undefined type and decalared properties is a bit ambigious. This has been auto-corrected to 'type:object'

WARNING (PreCheck/SchemaMissingType): The schema 'ServicePrincipalDecisionTarget' with an undefined type and decalared properties is a bit ambigious. This has been auto-corrected to 'type:object'

WARNING (PreCheck/SchemaMissingType): The schema 'AccessReviewActorIdentity' with an undefined type and decalared properties is a bit ambigious. This has been auto-corrected to 'type:object'

WARNING (PreCheck/SchemaMissingType): The schema 'AccessReviewScheduleDefinitionListResult' with an undefined type and decalared properties is a bit ambigious. This has been auto-corrected to 'type:object'

WARNING (PreCheck/SchemaMissingType): The schema 'AccessReviewInstanceListResult' with an undefined type and decalared properties is a bit ambigious. This has been auto-corrected to 'type:object'

WARNING (PreCheck/SchemaMissingType): The schema 'AccessReviewDecisionListResult' with an undefined type and decalared properties is a bit ambigious. This has been auto-corrected to 'type:object'

WARNING (PreCheck/EmptyParentSchemaWarning): Schema 'UserDecisionTarget' has an allOf list with an empty object schema as a parent, removing it.

WARNING (PreCheck/EmptyParentSchemaWarning): Schema 'ServicePrincipalDecisionTarget' has an allOf list with an empty object schema as a parent, removing it.

WARNING (PreCheck/CheckDuplicateSchemas): Checking for duplicate schemas, this could take a (long) while.  Run with --verbose for more detail.
INFORMATION: Autorest.AzureResourceSchema took 6ms
Processing batch task - {"tag":"schema-authorization-2018-01-01-preview"} .
INFORMATION: > Loading local AutoRest extension '@autorest/azureresourceschema' (/home/runner/work/bicep-types-az/bicep-types-az/src/autorest.bicep)
INFORMATION: > Loading AutoRest extension '@autorest/modelerfour' (4.16.2->4.16.2)

WARNING (PreCheck/SchemaMissingType): The schema 'ResourceType' with an undefined type and decalared properties is a bit ambigious. This has been auto-corrected to 'type:object'

WARNING (PreCheck/SchemaMissingType): The schema 'ProviderOperation' with an undefined type and decalared properties is a bit ambigious. This has been auto-corrected to 'type:object'

WARNING (PreCheck/SchemaMissingType): The schema 'ProviderOperationsMetadata' with an undefined type and decalared properties is a bit ambigious. This has been auto-corrected to 'type:object'

WARNING (PreCheck/SchemaMissingType): The schema 'ProviderOperationsMetadataListResult' with an undefined type and decalared properties is a bit ambigious. This has been auto-corrected to 'type:object'

WARNING (PreCheck/SchemaMissingType): The schema 'RoleDefinitionFilter' with an undefined type and decalared properties is a bit ambigious. This has been auto-corrected to 'type:object'

WARNING (PreCheck/SchemaMissingType): The schema 'RoleDefinitionProperties' with an undefined type and decalared properties is a bit ambigious. This has been auto-corrected to 'type:object'

WARNING (PreCheck/SchemaMissingType): The schema 'RoleDefinition' with an undefined type and decalared properties is a bit ambigious. This has been auto-corrected to 'type:object'

WARNING (PreCheck/SchemaMissingType): The schema 'RoleDefinitionListResult' with an undefined type and decalared properties is a bit ambigious. This has been auto-corrected to 'type:object'

WARNING (PreCheck/SchemaMissingType): The schema 'PermissionGetResult' with an undefined type and decalared properties is a bit ambigious. This has been auto-corrected to 'type:object'

WARNING (PreCheck/SchemaMissingType): The schema 'Permission' with an undefined type and decalared properties is a bit ambigious. This has been auto-corrected to 'type:object'

WARNING (PreCheck/SchemaMissingType): The schema 'RoleAssignmentFilter' with an undefined type and decalared properties is a bit ambigious. This has been auto-corrected to 'type:object'

WARNING (PreCheck/SchemaMissingType): The schema 'RoleAssignmentPropertiesWithScope' with an undefined type and decalared properties is a bit ambigious. This has been auto-corrected to 'type:object'

WARNING (PreCheck/SchemaMissingType): The schema 'RoleAssignment' with an undefined type and decalared properties is a bit ambigious. This has been auto-corrected to 'type:object'

WARNING (PreCheck/SchemaMissingType): The schema 'RoleAssignmentListResult' with an undefined type and decalared properties is a bit ambigious. This has been auto-corrected to 'type:object'

WARNING (PreCheck/SchemaMissingType): The schema 'RoleAssignmentProperties' with an undefined type and decalared properties is a bit ambigious. This has been auto-corrected to 'type:object'

WARNING (PreCheck/SchemaMissingType): The schema 'RoleAssignmentCreateParameters' with an undefined type and decalared properties is a bit ambigious. This has been auto-corrected to 'type:object'

WARNING (PreCheck/CheckDuplicateSchemas): Checking for duplicate schemas, this could take a (long) while.  Run with --verbose for more detail.
WARNING: Skipping path '/{roleId}': Unable to locate "/providers/" segment
INFORMATION: Autorest.AzureResourceSchema took 2ms
Processing batch task - {"tag":"schema-authorization-2017-10-01-preview"} .
INFORMATION: > Loading local AutoRest extension '@autorest/azureresourceschema' (/home/runner/work/bicep-types-az/bicep-types-az/src/autorest.bicep)
INFORMATION: > Loading AutoRest extension '@autorest/modelerfour' (4.16.2->4.16.2)

WARNING (PreCheck/SchemaMissingType): The schema 'RoleAssignmentFilter' with an undefined type and decalared properties is a bit ambigious. This has been auto-corrected to 'type:object'

WARNING (PreCheck/SchemaMissingType): The schema 'RoleAssignmentPropertiesWithScope' with an undefined type and decalared properties is a bit ambigious. This has been auto-corrected to 'type:object'

WARNING (PreCheck/SchemaMissingType): The schema 'RoleAssignment' with an undefined type and decalared properties is a bit ambigious. This has been auto-corrected to 'type:object'

WARNING (PreCheck/SchemaMissingType): The schema 'RoleAssignmentListResult' with an undefined type and decalared properties is a bit ambigious. This has been auto-corrected to 'type:object'

WARNING (PreCheck/SchemaMissingType): The schema 'RoleAssignmentProperties' with an undefined type and decalared properties is a bit ambigious. This has been auto-corrected to 'type:object'

WARNING (PreCheck/SchemaMissingType): The schema 'RoleAssignmentCreateParameters' with an undefined type and decalared properties is a bit ambigious. This has been auto-corrected to 'type:object'

WARNING (PreCheck/CheckDuplicateSchemas): Checking for duplicate schemas, this could take a (long) while.  Run with --verbose for more detail.
WARNING: Skipping path '/{roleAssignmentId}': Unable to locate "/providers/" segment
INFORMATION: Autorest.AzureResourceSchema took 1ms
Processing batch task - {"tag":"schema-authorization-2015-07-01"} .
INFORMATION: > Loading local AutoRest extension '@autorest/azureresourceschema' (/home/runner/work/bicep-types-az/bicep-types-az/src/autorest.bicep)
INFORMATION: > Loading AutoRest extension '@autorest/modelerfour' (4.16.2->4.16.2)

WARNING (PreCheck/SchemaMissingType): The schema 'RoleDefinitionFilter' with an undefined type and decalared properties is a bit ambigious. This has been auto-corrected to 'type:object'

WARNING (PreCheck/SchemaMissingType): The schema 'RoleDefinitionProperties' with an undefined type and decalared properties is a bit ambigious. This has been auto-corrected to 'type:object'

WARNING (PreCheck/SchemaMissingType): The schema 'RoleDefinition' with an undefined type and decalared properties is a bit ambigious. This has been auto-corrected to 'type:object'

WARNING (PreCheck/SchemaMissingType): The schema 'RoleDefinitionListResult' with an undefined type and decalared properties is a bit ambigious. This has been auto-corrected to 'type:object'

WARNING (PreCheck/SchemaMissingType): The schema 'PermissionGetResult' with an undefined type and decalared properties is a bit ambigious. This has been auto-corrected to 'type:object'

WARNING (PreCheck/SchemaMissingType): The schema 'Permission' with an undefined type and decalared properties is a bit ambigious. This has been auto-corrected to 'type:object'

WARNING (PreCheck/SchemaMissingType): The schema 'ResourceType' with an undefined type and decalared properties is a bit ambigious. This has been auto-corrected to 'type:object'

WARNING (PreCheck/SchemaMissingType): The schema 'ProviderOperation' with an undefined type and decalared properties is a bit ambigious. This has been auto-corrected to 'type:object'

WARNING (PreCheck/SchemaMissingType): The schema 'ProviderOperationsMetadata' with an undefined type and decalared properties is a bit ambigious. This has been auto-corrected to 'type:object'

WARNING (PreCheck/SchemaMissingType): The schema 'ProviderOperationsMetadataListResult' with an undefined type and decalared properties is a bit ambigious. This has been auto-corrected to 'type:object'

WARNING (PreCheck/SchemaMissingType): The schema 'RoleAssignmentFilter' with an undefined type and decalared properties is a bit ambigious. This has been auto-corrected to 'type:object'

WARNING (PreCheck/SchemaMissingType): The schema 'RoleAssignmentPropertiesWithScope' with an undefined type and decalared properties is a bit ambigious. This has been auto-corrected to 'type:object'

WARNING (PreCheck/SchemaMissingType): The schema 'RoleAssignment' with an undefined type and decalared properties is a bit ambigious. This has been auto-corrected to 'type:object'

WARNING (PreCheck/SchemaMissingType): The schema 'RoleAssignmentListResult' with an undefined type and decalared properties is a bit ambigious. This has been auto-corrected to 'type:object'

WARNING (PreCheck/SchemaMissingType): The schema 'RoleAssignmentProperties' with an undefined type and decalared properties is a bit ambigious. This has been auto-corrected to 'type:object'

WARNING (PreCheck/SchemaMissingType): The schema 'RoleAssignmentCreateParameters' with an undefined type and decalared properties is a bit ambigious. This has been auto-corrected to 'type:object'

WARNING (PreCheck/SchemaMissingType): The schema 'ClassicAdministratorProperties' with an undefined type and decalared properties is a bit ambigious. This has been auto-corrected to 'type:object'

WARNING (PreCheck/SchemaMissingType): The schema 'ClassicAdministrator' with an undefined type and decalared properties is a bit ambigious. This has been auto-corrected to 'type:object'

WARNING (PreCheck/SchemaMissingType): The schema 'ClassicAdministratorListResult' with an undefined type and decalared properties is a bit ambigious. This has been auto-corrected to 'type:object'

WARNING (PreCheck/CheckDuplicateSchemas): Checking for duplicate schemas, this could take a (long) while.  Run with --verbose for more detail.
WARNING: Skipping path '/{roleAssignmentId}': Unable to locate "/providers/" segment
INFORMATION: Autorest.AzureResourceSchema took 5ms
Processing batch task - {"tag":"schema-authorization-2015-06-01"} .
INFORMATION: > Loading local AutoRest extension '@autorest/azureresourceschema' (/home/runner/work/bicep-types-az/bicep-types-az/src/autorest.bicep)
INFORMATION: > Loading AutoRest extension '@autorest/modelerfour' (4.16.2->4.16.2)

WARNING (PreCheck/SchemaMissingType): The schema 'ClassicAdministratorProperties' with an undefined type and decalared properties is a bit ambigious. This has been auto-corrected to 'type:object'

WARNING (PreCheck/SchemaMissingType): The schema 'ClassicAdministrator' with an undefined type and decalared properties is a bit ambigious. This has been auto-corrected to 'type:object'

WARNING (PreCheck/SchemaMissingType): The schema 'ClassicAdministratorListResult' with an undefined type and decalared properties is a bit ambigious. This has been auto-corrected to 'type:object'

WARNING (PreCheck/CheckDuplicateSchemas): Checking for duplicate schemas, this could take a (long) while.  Run with --verbose for more detail.
INFORMATION: Autorest.AzureResourceSchema took 0ms
Processing batch task - {"tag":"schema-authorization-2020-10-01-preview"} .
INFORMATION: > Loading local AutoRest extension '@autorest/azureresourceschema' (/home/runner/work/bicep-types-az/bicep-types-az/src/autorest.bicep)
INFORMATION: > Loading AutoRest extension '@autorest/modelerfour' (4.16.2->4.16.2)

WARNING (PreCheck/SchemaMissingType): The schema 'RoleAssignmentScheduleFilter' with an undefined type and decalared properties is a bit ambigious. This has been auto-corrected to 'type:object'

WARNING (PreCheck/SchemaMissingType): The schema 'RoleAssignmentScheduleProperties' with an undefined type and decalared properties is a bit ambigious. This has been auto-corrected to 'type:object'

WARNING (PreCheck/SchemaMissingType): The schema 'RoleAssignmentSchedule' with an undefined type and decalared properties is a bit ambigious. This has been auto-corrected to 'type:object'

WARNING (PreCheck/SchemaMissingType): The schema 'RoleAssignmentScheduleListResult' with an undefined type and decalared properties is a bit ambigious. This has been auto-corrected to 'type:object'

WARNING (PreCheck/SchemaMissingType): The schema 'CloudError' with an undefined type and decalared properties is a bit ambigious. This has been auto-corrected to 'type:object'

WARNING (PreCheck/SchemaMissingType): The schema 'CloudErrorBody' with an undefined type and decalared properties is a bit ambigious. This has been auto-corrected to 'type:object'

WARNING (PreCheck/SchemaMissingType): The schema 'RoleAssignmentScheduleInstanceFilter' with an undefined type and decalared properties is a bit ambigious. This has been auto-corrected to 'type:object'

WARNING (PreCheck/SchemaMissingType): The schema 'RoleAssignmentScheduleInstanceProperties' with an undefined type and decalared properties is a bit ambigious. This has been auto-corrected to 'type:object'

WARNING (PreCheck/SchemaMissingType): The schema 'RoleAssignmentScheduleInstance' with an undefined type and decalared properties is a bit ambigious. This has been auto-corrected to 'type:object'

WARNING (PreCheck/SchemaMissingType): The schema 'RoleAssignmentScheduleInstanceListResult' with an undefined type and decalared properties is a bit ambigious. This has been auto-corrected to 'type:object'

WARNING (PreCheck/SchemaMissingType): The schema 'CloudError' with an undefined type and decalared properties is a bit ambigious. This has been auto-corrected to 'type:object'

WARNING (PreCheck/SchemaMissingType): The schema 'CloudErrorBody' with an undefined type and decalared properties is a bit ambigious. This has been auto-corrected to 'type:object'

WARNING (PreCheck/SchemaMissingType): The schema 'RoleAssignmentScheduleRequestFilter' with an undefined type and decalared properties is a bit ambigious. This has been auto-corrected to 'type:object'

WARNING (PreCheck/SchemaMissingType): The schema 'RoleAssignmentScheduleRequestProperties' with an undefined type and decalared properties is a bit ambigious. This has been auto-corrected to 'type:object'

WARNING (PreCheck/SchemaMissingType): The schema 'RoleAssignmentScheduleRequestProperties-scheduleInfo' with an undefined type and decalared properties is a bit ambigious. This has been auto-corrected to 'type:object'

WARNING (PreCheck/SchemaMissingType): The schema 'RoleAssignmentScheduleRequestProperties-scheduleInfo-expiration' with an undefined type and decalared properties is a bit ambigious. This has been auto-corrected to 'type:object'

WARNING (PreCheck/SchemaMissingType): The schema 'RoleAssignmentScheduleRequestProperties-ticketInfo' with an undefined type and decalared properties is a bit ambigious. This has been auto-corrected to 'type:object'

WARNING (PreCheck/SchemaMissingType): The schema 'RoleAssignmentScheduleRequest' with an undefined type and decalared properties is a bit ambigious. This has been auto-corrected to 'type:object'

WARNING (PreCheck/SchemaMissingType): The schema 'RoleAssignmentScheduleRequestListResult' with an undefined type and decalared properties is a bit ambigious. This has been auto-corrected to 'type:object'

WARNING (PreCheck/SchemaMissingType): The schema 'CloudError' with an undefined type and decalared properties is a bit ambigious. This has been auto-corrected to 'type:object'

WARNING (PreCheck/SchemaMissingType): The schema 'CloudErrorBody' with an undefined type and decalared properties is a bit ambigious. This has been auto-corrected to 'type:object'

WARNING (PreCheck/SchemaMissingType): The schema 'RoleEligibilityScheduleFilter' with an undefined type and decalared properties is a bit ambigious. This has been auto-corrected to 'type:object'

WARNING (PreCheck/SchemaMissingType): The schema 'RoleEligibilityScheduleProperties' with an undefined type and decalared properties is a bit ambigious. This has been auto-corrected to 'type:object'

WARNING (PreCheck/SchemaMissingType): The schema 'RoleEligibilitySchedule' with an undefined type and decalared properties is a bit ambigious. This has been auto-corrected to 'type:object'

WARNING (PreCheck/SchemaMissingType): The schema 'RoleEligibilityScheduleListResult' with an undefined type and decalared properties is a bit ambigious. This has been auto-corrected to 'type:object'

WARNING (PreCheck/SchemaMissingType): The schema 'CloudError' with an undefined type and decalared properties is a bit ambigious. This has been auto-corrected to 'type:object'

WARNING (PreCheck/SchemaMissingType): The schema 'CloudErrorBody' with an undefined type and decalared properties is a bit ambigious. This has been auto-corrected to 'type:object'

WARNING (PreCheck/SchemaMissingType): The schema 'RoleEligibilityScheduleInstanceFilter' with an undefined type and decalared properties is a bit ambigious. This has been auto-corrected to 'type:object'

WARNING (PreCheck/SchemaMissingType): The schema 'RoleEligibilityScheduleInstanceProperties' with an undefined type and decalared properties is a bit ambigious. This has been auto-corrected to 'type:object'

WARNING (PreCheck/SchemaMissingType): The schema 'RoleEligibilityScheduleInstance' with an undefined type and decalared properties is a bit ambigious. This has been auto-corrected to 'type:object'

WARNING (PreCheck/SchemaMissingType): The schema 'RoleEligibilityScheduleInstanceListResult' with an undefined type and decalared properties is a bit ambigious. This has been auto-corrected to 'type:object'

WARNING (PreCheck/SchemaMissingType): The schema 'CloudError' with an undefined type and decalared properties is a bit ambigious. This has been auto-corrected to 'type:object'

WARNING (PreCheck/SchemaMissingType): The schema 'CloudErrorBody' with an undefined type and decalared properties is a bit ambigious. This has been auto-corrected to 'type:object'

WARNING (PreCheck/SchemaMissingType): The schema 'RoleEligibilityScheduleRequestFilter' with an undefined type and decalared properties is a bit ambigious. This has been auto-corrected to 'type:object'

WARNING (PreCheck/SchemaMissingType): The schema 'RoleEligibilityScheduleRequestProperties' with an undefined type and decalared properties is a bit ambigious. This has been auto-corrected to 'type:object'

WARNING (PreCheck/SchemaMissingType): The schema 'RoleEligibilityScheduleRequestProperties-scheduleInfo' with an undefined type and decalared properties is a bit ambigious. This has been auto-corrected to 'type:object'

WARNING (PreCheck/SchemaMissingType): The schema 'RoleEligibilityScheduleRequestProperties-scheduleInfo-expiration' with an undefined type and decalared properties is a bit ambigious. This has been auto-corrected to 'type:object'

WARNING (PreCheck/SchemaMissingType): The schema 'RoleEligibilityScheduleRequestProperties-ticketInfo' with an undefined type and decalared properties is a bit ambigious. This has been auto-corrected to 'type:object'

WARNING (PreCheck/SchemaMissingType): The schema 'RoleEligibilityScheduleRequest' with an undefined type and decalared properties is a bit ambigious. This has been auto-corrected to 'type:object'

WARNING (PreCheck/SchemaMissingType): The schema 'RoleEligibilityScheduleRequestListResult' with an undefined type and decalared properties is a bit ambigious. This has been auto-corrected to 'type:object'

WARNING (PreCheck/SchemaMissingType): The schema 'CloudError' with an undefined type and decalared properties is a bit ambigious. This has been auto-corrected to 'type:object'

WARNING (PreCheck/SchemaMissingType): The schema 'CloudErrorBody' with an undefined type and decalared properties is a bit ambigious. This has been auto-corrected to 'type:object'

WARNING (PreCheck/SchemaMissingType): The schema 'RoleManagementPolicyProperties' with an undefined type and decalared properties is a bit ambigious. This has been auto-corrected to 'type:object'

WARNING (PreCheck/SchemaMissingType): The schema 'RoleManagementPolicy' with an undefined type and decalared properties is a bit ambigious. This has been auto-corrected to 'type:object'

WARNING (PreCheck/SchemaMissingType): The schema 'RoleManagementPolicyListResult' with an undefined type and decalared properties is a bit ambigious. This has been auto-corrected to 'type:object'

WARNING (PreCheck/SchemaMissingType): The schema 'CloudError' with an undefined type and decalared properties is a bit ambigious. This has been auto-corrected to 'type:object'

WARNING (PreCheck/SchemaMissingType): The schema 'CloudErrorBody' with an undefined type and decalared properties is a bit ambigious. This has been auto-corrected to 'type:object'

WARNING (PreCheck/SchemaMissingType): The schema 'RoleManagementPolicyAssignment' with an undefined type and decalared properties is a bit ambigious. This has been auto-corrected to 'type:object'

WARNING (PreCheck/SchemaMissingType): The schema 'RoleManagementPolicyAssignmentProperties' with an undefined type and decalared properties is a bit ambigious. This has been auto-corrected to 'type:object'

WARNING (PreCheck/SchemaMissingType): The schema 'RoleManagementPolicyAssignmentListResult' with an undefined type and decalared properties is a bit ambigious. This has been auto-corrected to 'type:object'

WARNING (PreCheck/SchemaMissingType): The schema 'CloudError' with an undefined type and decalared properties is a bit ambigious. This has been auto-corrected to 'type:object'

WARNING (PreCheck/SchemaMissingType): The schema 'CloudErrorBody' with an undefined type and decalared properties is a bit ambigious. This has been auto-corrected to 'type:object'

WARNING (PreCheck/CheckDuplicateSchemas): Checking for duplicate schemas, this could take a (long) while.  Run with --verbose for more detail.

WARNING (PreCheck/PropertyRedeclarationWarning): Schema 'RoleManagementPolicyApprovalRule' has a property 'id' that is already declared the parent schema 'RoleManagementPolicyRule' but isn't significantly different. The property has been removed from RoleManagementPolicyApprovalRule

WARNING (PreCheck/PropertyRedeclarationWarning): Schema 'RoleManagementPolicyApprovalRule' has a property 'ruleType' that is already declared the parent schema 'RoleManagementPolicyRule' but isn't significantly different. The property has been removed from RoleManagementPolicyApprovalRule

WARNING (PreCheck/PropertyRedeclarationWarning): Schema 'RoleManagementPolicyApprovalRule' has a property 'target' that is already declared the parent schema 'RoleManagementPolicyRule' but isn't significantly different. The property has been removed from RoleManagementPolicyApprovalRule

WARNING (PreCheck/PropertyRedeclarationWarning): Schema 'RoleManagementPolicyAuthenticationContextRule' has a property 'id' that is already declared the parent schema 'RoleManagementPolicyRule' but isn't significantly different. The property has been removed from RoleManagementPolicyAuthenticationContextRule

WARNING (PreCheck/PropertyRedeclarationWarning): Schema 'RoleManagementPolicyAuthenticationContextRule' has a property 'ruleType' that is already declared the parent schema 'RoleManagementPolicyRule' but isn't significantly different. The property has been removed from RoleManagementPolicyAuthenticationContextRule

WARNING (PreCheck/PropertyRedeclarationWarning): Schema 'RoleManagementPolicyAuthenticationContextRule' has a property 'target' that is already declared the parent schema 'RoleManagementPolicyRule' but isn't significantly different. The property has been removed from RoleManagementPolicyAuthenticationContextRule

WARNING (PreCheck/PropertyRedeclarationWarning): Schema 'RoleManagementPolicyEnablementRule' has a property 'id' that is already declared the parent schema 'RoleManagementPolicyRule' but isn't significantly different. The property has been removed from RoleManagementPolicyEnablementRule

WARNING (PreCheck/PropertyRedeclarationWarning): Schema 'RoleManagementPolicyEnablementRule' has a property 'ruleType' that is already declared the parent schema 'RoleManagementPolicyRule' but isn't significantly different. The property has been removed from RoleManagementPolicyEnablementRule

WARNING (PreCheck/PropertyRedeclarationWarning): Schema 'RoleManagementPolicyEnablementRule' has a property 'target' that is already declared the parent schema 'RoleManagementPolicyRule' but isn't significantly different. The property has been removed from RoleManagementPolicyEnablementRule

WARNING (PreCheck/PropertyRedeclarationWarning): Schema 'RoleManagementPolicyExpirationRule' has a property 'id' that is already declared the parent schema 'RoleManagementPolicyRule' but isn't significantly different. The property has been removed from RoleManagementPolicyExpirationRule

WARNING (PreCheck/PropertyRedeclarationWarning): Schema 'RoleManagementPolicyExpirationRule' has a property 'ruleType' that is already declared the parent schema 'RoleManagementPolicyRule' but isn't significantly different. The property has been removed from RoleManagementPolicyExpirationRule

WARNING (PreCheck/PropertyRedeclarationWarning): Schema 'RoleManagementPolicyExpirationRule' has a property 'target' that is already declared the parent schema 'RoleManagementPolicyRule' but isn't significantly different. The property has been removed from RoleManagementPolicyExpirationRule

WARNING (PreCheck/PropertyRedeclarationWarning): Schema 'RoleManagementPolicyNotificationRule' has a property 'id' that is already declared the parent schema 'RoleManagementPolicyRule' but isn't significantly different. The property has been removed from RoleManagementPolicyNotificationRule

WARNING (PreCheck/PropertyRedeclarationWarning): Schema 'RoleManagementPolicyNotificationRule' has a property 'ruleType' that is already declared the parent schema 'RoleManagementPolicyRule' but isn't significantly different. The property has been removed from RoleManagementPolicyNotificationRule

WARNING (PreCheck/PropertyRedeclarationWarning): Schema 'RoleManagementPolicyNotificationRule' has a property 'target' that is already declared the parent schema 'RoleManagementPolicyRule' but isn't significantly different. The property has been removed from RoleManagementPolicyNotificationRule
INFORMATION: Autorest.AzureResourceSchema took 5ms
Processing batch task - {"tag":"schema-authorization-2020-04-01-preview"} .
INFORMATION: > Loading local AutoRest extension '@autorest/azureresourceschema' (/home/runner/work/bicep-types-az/bicep-types-az/src/autorest.bicep)
INFORMATION: > Loading AutoRest extension '@autorest/modelerfour' (4.16.2->4.16.2)

WARNING (PreCheck/SchemaMissingType): The schema 'RoleAssignmentFilter' with an undefined type and decalared properties is a bit ambigious. This has been auto-corrected to 'type:object'

WARNING (PreCheck/SchemaMissingType): The schema 'RoleAssignmentPropertiesWithScope' with an undefined type and decalared properties is a bit ambigious. This has been auto-corrected to 'type:object'

WARNING (PreCheck/SchemaMissingType): The schema 'RoleAssignment' with an undefined type and decalared properties is a bit ambigious. This has been auto-corrected to 'type:object'

WARNING (PreCheck/SchemaMissingType): The schema 'RoleAssignmentListResult' with an undefined type and decalared properties is a bit ambigious. This has been auto-corrected to 'type:object'

WARNING (PreCheck/SchemaMissingType): The schema 'RoleAssignmentProperties' with an undefined type and decalared properties is a bit ambigious. This has been auto-corrected to 'type:object'

WARNING (PreCheck/SchemaMissingType): The schema 'RoleAssignmentCreateParameters' with an undefined type and decalared properties is a bit ambigious. This has been auto-corrected to 'type:object'

WARNING (PreCheck/SchemaMissingType): The schema 'ErrorDetail' with an undefined type and decalared properties is a bit ambigious. This has been auto-corrected to 'type:object'

WARNING (PreCheck/SchemaMissingType): The schema 'ErrorResponse' with an undefined type and decalared properties is a bit ambigious. This has been auto-corrected to 'type:object'

WARNING (PreCheck/SchemaMissingType): The schema 'ErrorAdditionalInfo' with an undefined type and decalared properties is a bit ambigious. This has been auto-corrected to 'type:object'

WARNING (PreCheck/CheckDuplicateSchemas): Checking for duplicate schemas, this could take a (long) while.  Run with --verbose for more detail.
WARNING: Skipping path '/{roleId}': Unable to locate "/providers/" segment
INFORMATION: Autorest.AzureResourceSchema took 6ms
Processing batch task - {"tag":"schema-authorization-2018-09-01-preview"} .
INFORMATION: > Loading local AutoRest extension '@autorest/azureresourceschema' (/home/runner/work/bicep-types-az/bicep-types-az/src/autorest.bicep)
INFORMATION: > Loading AutoRest extension '@autorest/modelerfour' (4.16.2->4.16.2)

WARNING (PreCheck/SchemaMissingType): The schema 'RoleAssignmentFilter' with an undefined type and decalared properties is a bit ambigious. This has been auto-corrected to 'type:object'

WARNING (PreCheck/SchemaMissingType): The schema 'RoleAssignmentPropertiesWithScope' with an undefined type and decalared properties is a bit ambigious. This has been auto-corrected to 'type:object'

WARNING (PreCheck/SchemaMissingType): The schema 'RoleAssignment' with an undefined type and decalared properties is a bit ambigious. This has been auto-corrected to 'type:object'

WARNING (PreCheck/SchemaMissingType): The schema 'RoleAssignmentListResult' with an undefined type and decalared properties is a bit ambigious. This has been auto-corrected to 'type:object'

WARNING (PreCheck/SchemaMissingType): The schema 'RoleAssignmentProperties' with an undefined type and decalared properties is a bit ambigious. This has been auto-corrected to 'type:object'

WARNING (PreCheck/SchemaMissingType): The schema 'RoleAssignmentCreateParameters' with an undefined type and decalared properties is a bit ambigious. This has been auto-corrected to 'type:object'

WARNING (PreCheck/CheckDuplicateSchemas): Checking for duplicate schemas, this could take a (long) while.  Run with --verbose for more detail.
WARNING: Skipping path '/{roleId}': Unable to locate "/providers/" segment
INFORMATION: Autorest.AzureResourceSchema took 2ms
Processing batch task - {"tag":"schema-authorization-2018-07-01-preview"} .
INFORMATION: > Loading local AutoRest extension '@autorest/azureresourceschema' (/home/runner/work/bicep-types-az/bicep-types-az/src/autorest.bicep)
INFORMATION: > Loading AutoRest extension '@autorest/modelerfour' (4.16.2->4.16.2)

WARNING (PreCheck/SchemaMissingType): The schema 'DenyAssignmentFilter' with an undefined type and decalared properties is a bit ambigious. This has been auto-corrected to 'type:object'

WARNING (PreCheck/SchemaMissingType): The schema 'DenyAssignmentProperties' with an undefined type and decalared properties is a bit ambigious. This has been auto-corrected to 'type:object'

WARNING (PreCheck/SchemaMissingType): The schema 'DenyAssignment' with an undefined type and decalared properties is a bit ambigious. This has been auto-corrected to 'type:object'

WARNING (PreCheck/SchemaMissingType): The schema 'DenyAssignmentListResult' with an undefined type and decalared properties is a bit ambigious. This has been auto-corrected to 'type:object'

WARNING (PreCheck/SchemaMissingType): The schema 'DenyAssignmentPermission' with an undefined type and decalared properties is a bit ambigious. This has been auto-corrected to 'type:object'

WARNING (PreCheck/SchemaMissingType): The schema 'Principal' with an undefined type and decalared properties is a bit ambigious. This has been auto-corrected to 'type:object'

WARNING (PreCheck/CheckDuplicateSchemas): Checking for duplicate schemas, this could take a (long) while.  Run with --verbose for more detail.
INFORMATION: Autorest.AzureResourceSchema took 0ms
Processing batch task - {"tag":"schema-authorization-2018-05-01-preview"} .
INFORMATION: > Loading local AutoRest extension '@autorest/azureresourceschema' (/home/runner/work/bicep-types-az/bicep-types-az/src/autorest.bicep)
INFORMATION: > Loading AutoRest extension '@autorest/modelerfour' (4.16.2->4.16.2)

WARNING (PreCheck/SchemaMissingType): The schema 'AccessReviewScheduleDefinition' with an undefined type and decalared properties is a bit ambigious. This has been auto-corrected to 'type:object'

WARNING (PreCheck/SchemaMissingType): The schema 'AccessReviewScheduleDefinitionProperties' with an undefined type and decalared properties is a bit ambigious. This has been auto-corrected to 'type:object'

WARNING (PreCheck/SchemaMissingType): The schema 'AccessReviewInstance' with an undefined type and decalared properties is a bit ambigious. This has been auto-corrected to 'type:object'

WARNING (PreCheck/SchemaMissingType): The schema 'AccessReviewInstanceProperties' with an undefined type and decalared properties is a bit ambigious. This has been auto-corrected to 'type:object'

WARNING (PreCheck/SchemaMissingType): The schema 'AccessReviewScheduleSettings' with an undefined type and decalared properties is a bit ambigious. This has been auto-corrected to 'type:object'

WARNING (PreCheck/SchemaMissingType): The schema 'AccessReviewDefaultSettings' with an undefined type and decalared properties is a bit ambigious. This has been auto-corrected to 'type:object'

WARNING (PreCheck/SchemaMissingType): The schema 'AccessReviewRecurrenceSettings' with an undefined type and decalared properties is a bit ambigious. This has been auto-corrected to 'type:object'

WARNING (PreCheck/SchemaMissingType): The schema 'AccessReviewRecurrencePattern' with an undefined type and decalared properties is a bit ambigious. This has been auto-corrected to 'type:object'

WARNING (PreCheck/SchemaMissingType): The schema 'AccessReviewRecurrenceRange' with an undefined type and decalared properties is a bit ambigious. This has been auto-corrected to 'type:object'

WARNING (PreCheck/SchemaMissingType): The schema 'AccessReviewScope' with an undefined type and decalared properties is a bit ambigious. This has been auto-corrected to 'type:object'

WARNING (PreCheck/SchemaMissingType): The schema 'AccessReviewReviewer' with an undefined type and decalared properties is a bit ambigious. This has been auto-corrected to 'type:object'

WARNING (PreCheck/SchemaMissingType): The schema 'AccessReviewDecision' with an undefined type and decalared properties is a bit ambigious. This has been auto-corrected to 'type:object'

WARNING (PreCheck/SchemaMissingType): The schema 'AccessReviewDecisionProperties' with an undefined type and decalared properties is a bit ambigious. This has been auto-corrected to 'type:object'

WARNING (PreCheck/SchemaMissingType): The schema 'AccessReviewDecisionTarget' with an undefined type and decalared properties is a bit ambigious. This has been auto-corrected to 'type:object'

WARNING (PreCheck/SchemaMissingType): The schema 'UserDecisionTarget' with an undefined type and decalared properties is a bit ambigious. This has been auto-corrected to 'type:object'

WARNING (PreCheck/SchemaMissingType): The schema 'ServicePrincipalDecisionTarget' with an undefined type and decalared properties is a bit ambigious. This has been auto-corrected to 'type:object'

WARNING (PreCheck/SchemaMissingType): The schema 'AccessReviewActorIdentity' with an undefined type and decalared properties is a bit ambigious. This has been auto-corrected to 'type:object'

WARNING (PreCheck/SchemaMissingType): The schema 'AccessReviewScheduleDefinitionListResult' with an undefined type and decalared properties is a bit ambigious. This has been auto-corrected to 'type:object'

WARNING (PreCheck/SchemaMissingType): The schema 'AccessReviewInstanceListResult' with an undefined type and decalared properties is a bit ambigious. This has been auto-corrected to 'type:object'

WARNING (PreCheck/SchemaMissingType): The schema 'AccessReviewDecisionListResult' with an undefined type and decalared properties is a bit ambigious. This has been auto-corrected to 'type:object'

WARNING (PreCheck/EmptyParentSchemaWarning): Schema 'UserDecisionTarget' has an allOf list with an empty object schema as a parent, removing it.

WARNING (PreCheck/EmptyParentSchemaWarning): Schema 'ServicePrincipalDecisionTarget' has an allOf list with an empty object schema as a parent, removing it.

WARNING (PreCheck/CheckDuplicateSchemas): Checking for duplicate schemas, this could take a (long) while.  Run with --verbose for more detail.
INFORMATION: Autorest.AzureResourceSchema took 3ms
Processing batch task - {"tag":"schema-authorization-2018-01-01-preview"} .
INFORMATION: > Loading local AutoRest extension '@autorest/azureresourceschema' (/home/runner/work/bicep-types-az/bicep-types-az/src/autorest.bicep)
INFORMATION: > Loading AutoRest extension '@autorest/modelerfour' (4.16.2->4.16.2)

WARNING (PreCheck/SchemaMissingType): The schema 'ResourceType' with an undefined type and decalared properties is a bit ambigious. This has been auto-corrected to 'type:object'

WARNING (PreCheck/SchemaMissingType): The schema 'ProviderOperation' with an undefined type and decalared properties is a bit ambigious. This has been auto-corrected to 'type:object'

WARNING (PreCheck/SchemaMissingType): The schema 'ProviderOperationsMetadata' with an undefined type and decalared properties is a bit ambigious. This has been auto-corrected to 'type:object'

WARNING (PreCheck/SchemaMissingType): The schema 'ProviderOperationsMetadataListResult' with an undefined type and decalared properties is a bit ambigious. This has been auto-corrected to 'type:object'

WARNING (PreCheck/SchemaMissingType): The schema 'RoleDefinitionFilter' with an undefined type and decalared properties is a bit ambigious. This has been auto-corrected to 'type:object'

WARNING (PreCheck/SchemaMissingType): The schema 'RoleDefinitionProperties' with an undefined type and decalared properties is a bit ambigious. This has been auto-corrected to 'type:object'

WARNING (PreCheck/SchemaMissingType): The schema 'RoleDefinition' with an undefined type and decalared properties is a bit ambigious. This has been auto-corrected to 'type:object'

WARNING (PreCheck/SchemaMissingType): The schema 'RoleDefinitionListResult' with an undefined type and decalared properties is a bit ambigious. This has been auto-corrected to 'type:object'

WARNING (PreCheck/SchemaMissingType): The schema 'PermissionGetResult' with an undefined type and decalared properties is a bit ambigious. This has been auto-corrected to 'type:object'

WARNING (PreCheck/SchemaMissingType): The schema 'Permission' with an undefined type and decalared properties is a bit ambigious. This has been auto-corrected to 'type:object'

WARNING (PreCheck/SchemaMissingType): The schema 'RoleAssignmentFilter' with an undefined type and decalared properties is a bit ambigious. This has been auto-corrected to 'type:object'

WARNING (PreCheck/SchemaMissingType): The schema 'RoleAssignmentPropertiesWithScope' with an undefined type and decalared properties is a bit ambigious. This has been auto-corrected to 'type:object'

WARNING (PreCheck/SchemaMissingType): The schema 'RoleAssignment' with an undefined type and decalared properties is a bit ambigious. This has been auto-corrected to 'type:object'

WARNING (PreCheck/SchemaMissingType): The schema 'RoleAssignmentListResult' with an undefined type and decalared properties is a bit ambigious. This has been auto-corrected to 'type:object'

WARNING (PreCheck/SchemaMissingType): The schema 'RoleAssignmentProperties' with an undefined type and decalared properties is a bit ambigious. This has been auto-corrected to 'type:object'

WARNING (PreCheck/SchemaMissingType): The schema 'RoleAssignmentCreateParameters' with an undefined type and decalared properties is a bit ambigious. This has been auto-corrected to 'type:object'

WARNING (PreCheck/CheckDuplicateSchemas): Checking for duplicate schemas, this could take a (long) while.  Run with --verbose for more detail.
WARNING: Skipping path '/{roleId}': Unable to locate "/providers/" segment
INFORMATION: Autorest.AzureResourceSchema took 1ms
Processing batch task - {"tag":"schema-authorization-2017-10-01-preview"} .
INFORMATION: > Loading local AutoRest extension '@autorest/azureresourceschema' (/home/runner/work/bicep-types-az/bicep-types-az/src/autorest.bicep)
INFORMATION: > Loading AutoRest extension '@autorest/modelerfour' (4.16.2->4.16.2)

WARNING (PreCheck/SchemaMissingType): The schema 'RoleAssignmentFilter' with an undefined type and decalared properties is a bit ambigious. This has been auto-corrected to 'type:object'

WARNING (PreCheck/SchemaMissingType): The schema 'RoleAssignmentPropertiesWithScope' with an undefined type and decalared properties is a bit ambigious. This has been auto-corrected to 'type:object'

WARNING (PreCheck/SchemaMissingType): The schema 'RoleAssignment' with an undefined type and decalared properties is a bit ambigious. This has been auto-corrected to 'type:object'

WARNING (PreCheck/SchemaMissingType): The schema 'RoleAssignmentListResult' with an undefined type and decalared properties is a bit ambigious. This has been auto-corrected to 'type:object'

WARNING (PreCheck/SchemaMissingType): The schema 'RoleAssignmentProperties' with an undefined type and decalared properties is a bit ambigious. This has been auto-corrected to 'type:object'

WARNING (PreCheck/SchemaMissingType): The schema 'RoleAssignmentCreateParameters' with an undefined type and decalared properties is a bit ambigious. This has been auto-corrected to 'type:object'

WARNING (PreCheck/CheckDuplicateSchemas): Checking for duplicate schemas, this could take a (long) while.  Run with --verbose for more detail.
WARNING: Skipping path '/{roleAssignmentId}': Unable to locate "/providers/" segment
INFORMATION: Autorest.AzureResourceSchema took 1ms
Processing batch task - {"tag":"schema-authorization-2015-07-01"} .
INFORMATION: > Loading local AutoRest extension '@autorest/azureresourceschema' (/home/runner/work/bicep-types-az/bicep-types-az/src/autorest.bicep)
INFORMATION: > Loading AutoRest extension '@autorest/modelerfour' (4.16.2->4.16.2)

WARNING (PreCheck/SchemaMissingType): The schema 'RoleDefinitionFilter' with an undefined type and decalared properties is a bit ambigious. This has been auto-corrected to 'type:object'

WARNING (PreCheck/SchemaMissingType): The schema 'RoleDefinitionProperties' with an undefined type and decalared properties is a bit ambigious. This has been auto-corrected to 'type:object'

WARNING (PreCheck/SchemaMissingType): The schema 'RoleDefinition' with an undefined type and decalared properties is a bit ambigious. This has been auto-corrected to 'type:object'

WARNING (PreCheck/SchemaMissingType): The schema 'RoleDefinitionListResult' with an undefined type and decalared properties is a bit ambigious. This has been auto-corrected to 'type:object'

WARNING (PreCheck/SchemaMissingType): The schema 'PermissionGetResult' with an undefined type and decalared properties is a bit ambigious. This has been auto-corrected to 'type:object'

WARNING (PreCheck/SchemaMissingType): The schema 'Permission' with an undefined type and decalared properties is a bit ambigious. This has been auto-corrected to 'type:object'

WARNING (PreCheck/SchemaMissingType): The schema 'ResourceType' with an undefined type and decalared properties is a bit ambigious. This has been auto-corrected to 'type:object'

WARNING (PreCheck/SchemaMissingType): The schema 'ProviderOperation' with an undefined type and decalared properties is a bit ambigious. This has been auto-corrected to 'type:object'

WARNING (PreCheck/SchemaMissingType): The schema 'ProviderOperationsMetadata' with an undefined type and decalared properties is a bit ambigious. This has been auto-corrected to 'type:object'

WARNING (PreCheck/SchemaMissingType): The schema 'ProviderOperationsMetadataListResult' with an undefined type and decalared properties is a bit ambigious. This has been auto-corrected to 'type:object'

WARNING (PreCheck/SchemaMissingType): The schema 'RoleAssignmentFilter' with an undefined type and decalared properties is a bit ambigious. This has been auto-corrected to 'type:object'

WARNING (PreCheck/SchemaMissingType): The schema 'RoleAssignmentPropertiesWithScope' with an undefined type and decalared properties is a bit ambigious. This has been auto-corrected to 'type:object'

WARNING (PreCheck/SchemaMissingType): The schema 'RoleAssignment' with an undefined type and decalared properties is a bit ambigious. This has been auto-corrected to 'type:object'

WARNING (PreCheck/SchemaMissingType): The schema 'RoleAssignmentListResult' with an undefined type and decalared properties is a bit ambigious. This has been auto-corrected to 'type:object'

WARNING (PreCheck/SchemaMissingType): The schema 'RoleAssignmentProperties' with an undefined type and decalared properties is a bit ambigious. This has been auto-corrected to 'type:object'

WARNING (PreCheck/SchemaMissingType): The schema 'RoleAssignmentCreateParameters' with an undefined type and decalared properties is a bit ambigious. This has been auto-corrected to 'type:object'

WARNING (PreCheck/SchemaMissingType): The schema 'ClassicAdministratorProperties' with an undefined type and decalared properties is a bit ambigious. This has been auto-corrected to 'type:object'

WARNING (PreCheck/SchemaMissingType): The schema 'ClassicAdministrator' with an undefined type and decalared properties is a bit ambigious. This has been auto-corrected to 'type:object'

WARNING (PreCheck/SchemaMissingType): The schema 'ClassicAdministratorListResult' with an undefined type and decalared properties is a bit ambigious. This has been auto-corrected to 'type:object'

WARNING (PreCheck/CheckDuplicateSchemas): Checking for duplicate schemas, this could take a (long) while.  Run with --verbose for more detail.
WARNING: Skipping path '/{roleAssignmentId}': Unable to locate "/providers/" segment
INFORMATION: Autorest.AzureResourceSchema took 1ms
Processing batch task - {"tag":"schema-authorization-2015-06-01"} .
INFORMATION: > Loading local AutoRest extension '@autorest/azureresourceschema' (/home/runner/work/bicep-types-az/bicep-types-az/src/autorest.bicep)
INFORMATION: > Loading AutoRest extension '@autorest/modelerfour' (4.16.2->4.16.2)

WARNING (PreCheck/SchemaMissingType): The schema 'ClassicAdministratorProperties' with an undefined type and decalared properties is a bit ambigious. This has been auto-corrected to 'type:object'

WARNING (PreCheck/SchemaMissingType): The schema 'ClassicAdministrator' with an undefined type and decalared properties is a bit ambigious. This has been auto-corrected to 'type:object'

WARNING (PreCheck/SchemaMissingType): The schema 'ClassicAdministratorListResult' with an undefined type and decalared properties is a bit ambigious. This has been auto-corrected to 'type:object'

WARNING (PreCheck/CheckDuplicateSchemas): Checking for duplicate schemas, this could take a (long) while.  Run with --verbose for more detail.
INFORMATION: Autorest.AzureResourceSchema took 0ms
[47.13 s] Generation Complete
