Generating types for 'specification/hanaonazure/resource-manager/Microsoft.HanaOnAzure/HanaOnAzure/readme.md'
AutoRest code generation utility [cli version: 3.8.0; node: v22.22.2]
(C) 2018 Microsoft Corporation.
https://aka.ms/autorest
⚠️ AutoRest is deprecated and will be retired on July 1, 2026. Please migrate to TypeSpec: https://typespec.io — details: https://github.com/Azure/autorest/issues/5175
warning | SkippedSemanticValidation | Semantic validation was skipped.
warning | PreCheck/SchemaMissingType | The schema 'Resource' with an undefined type and declared properties is a bit ambiguous. This has been auto-corrected to 'type:object'
    - file:///home/runner/work/bicep-types-az/bicep-types-az/workflow-temp/azure-rest-api-specs/specification/hanaonazure/resource-manager/Microsoft.HanaOnAzure/HanaOnAzure/preview/2017-11-03-preview/hanaonazure.json:522:5
warning | PreCheck/SchemaMissingType | The schema 'HanaInstancesListResult' with an undefined type and declared properties is a bit ambiguous. This has been auto-corrected to 'type:object'
    - file:///home/runner/work/bicep-types-az/bicep-types-az/workflow-temp/azure-rest-api-specs/specification/hanaonazure/resource-manager/Microsoft.HanaOnAzure/HanaOnAzure/preview/2017-11-03-preview/hanaonazure.json:554:5
warning | PreCheck/SchemaMissingType | The schema 'HanaInstance' with an undefined type and declared properties is a bit ambiguous. This has been auto-corrected to 'type:object'
    - file:///home/runner/work/bicep-types-az/bicep-types-az/workflow-temp/azure-rest-api-specs/specification/hanaonazure/resource-manager/Microsoft.HanaOnAzure/HanaOnAzure/preview/2017-11-03-preview/hanaonazure.json:570:5
warning | PreCheck/SchemaMissingType | The schema 'HanaInstanceProperties' with an undefined type and declared properties is a bit ambiguous. This has been auto-corrected to 'type:object'
    - file:///home/runner/work/bicep-types-az/bicep-types-az/workflow-temp/azure-rest-api-specs/specification/hanaonazure/resource-manager/Microsoft.HanaOnAzure/HanaOnAzure/preview/2017-11-03-preview/hanaonazure.json:585:5
warning | PreCheck/SchemaMissingType | The schema 'HardwareProfile' with an undefined type and declared properties is a bit ambiguous. This has been auto-corrected to 'type:object'
    - file:///home/runner/work/bicep-types-az/bicep-types-az/workflow-temp/azure-rest-api-specs/specification/hanaonazure/resource-manager/Microsoft.HanaOnAzure/HanaOnAzure/preview/2017-11-03-preview/hanaonazure.json:660:5
warning | PreCheck/SchemaMissingType | The schema 'Disk' with an undefined type and declared properties is a bit ambiguous. This has been auto-corrected to 'type:object'
    - file:///home/runner/work/bicep-types-az/bicep-types-az/workflow-temp/azure-rest-api-specs/specification/hanaonazure/resource-manager/Microsoft.HanaOnAzure/HanaOnAzure/preview/2017-11-03-preview/hanaonazure.json:732:5
warning | PreCheck/SchemaMissingType | The schema 'StorageProfile' with an undefined type and declared properties is a bit ambiguous. This has been auto-corrected to 'type:object'
    - file:///home/runner/work/bicep-types-az/bicep-types-az/workflow-temp/azure-rest-api-specs/specification/hanaonazure/resource-manager/Microsoft.HanaOnAzure/HanaOnAzure/preview/2017-11-03-preview/hanaonazure.json:779:5
warning | PreCheck/SchemaMissingType | The schema 'OSProfile' with an undefined type and declared properties is a bit ambiguous. This has been auto-corrected to 'type:object'
    - file:///home/runner/work/bicep-types-az/bicep-types-az/workflow-temp/azure-rest-api-specs/specification/hanaonazure/resource-manager/Microsoft.HanaOnAzure/HanaOnAzure/preview/2017-11-03-preview/hanaonazure.json:803:5
warning | PreCheck/SchemaMissingType | The schema 'NetworkProfile' with an undefined type and declared properties is a bit ambiguous. This has been auto-corrected to 'type:object'
    - file:///home/runner/work/bicep-types-az/bicep-types-az/workflow-temp/azure-rest-api-specs/specification/hanaonazure/resource-manager/Microsoft.HanaOnAzure/HanaOnAzure/preview/2017-11-03-preview/hanaonazure.json:826:5
warning | PreCheck/SchemaMissingType | The schema 'IpAddress' with an undefined type and declared properties is a bit ambiguous. This has been auto-corrected to 'type:object'
    - file:///home/runner/work/bicep-types-az/bicep-types-az/workflow-temp/azure-rest-api-specs/specification/hanaonazure/resource-manager/Microsoft.HanaOnAzure/HanaOnAzure/preview/2017-11-03-preview/hanaonazure.json:843:5
warning | PreCheck/CheckDuplicateSchemas | Checking for duplicate schemas, this could take a (long) while.  Run with --verbose for more detail.
warning | SkippedSemanticValidation | Semantic validation was skipped.
warning | PreCheck/CheckDuplicateSchemas | Checking for duplicate schemas, this could take a (long) while.  Run with --verbose for more detail.
warning | SecurityDefinedSpecAndConfig | OpenAPI spec has a security definition but autorest security config is defined. Security config from autorest will be used.
