WARNING: Unable to parse swagger path "$(this-folder)/Microsoft.Quota/preview/2021-03-15-preview/quota.json"
Executing: autorest --use=/home/runner/work/bicep-types-az/bicep-types-az/src/autorest.bicep --bicep --output-folder=/tmp/_bcp_1625795651387/quota --multiapi --title=none --skip-semantics-validation /home/runner/work/bicep-types-az/bicep-types-az/workflow-temp/azure-rest-api-specs/specification/quota/resource-manager/readme.md --debug --verbose
AutoRest code generation utility [cli version: 3.2.1; node: v14.17.1, max-memory: 4096 MB]
(C) 2018 Microsoft Corporation.
https://aka.ms/autorest
No configuration found at 'file:///home/runner/work/bicep-types-az/bicep-types-az/src/generator/src/cmd/'.
> Including configuration file 'file:///home/runner/work/bicep-types-az/bicep-types-az/src/generator/node_modules/autorest/dist/resources/default-configuration.md'
> Including configuration file 'file:///home/runner/work/bicep-types-az/bicep-types-az/src/generator/node_modules/autorest/dist/resources/inspect.md'
> Including configuration file 'file:///home/runner/work/bicep-types-az/bicep-types-az/src/generator/node_modules/autorest/dist/resources/directives.md'
> Including configuration file 'file:///home/runner/work/bicep-types-az/bicep-types-az/src/generator/node_modules/autorest/dist/resources/pipeline.md'
> Including configuration file 'file:///home/runner/work/bicep-types-az/bicep-types-az/src/generator/node_modules/autorest/dist/resources/loader-openapi.md'
> Including configuration file 'file:///home/runner/work/bicep-types-az/bicep-types-az/src/generator/node_modules/autorest/dist/resources/miscellaneous.md'
> Including configuration file 'file:///home/runner/work/bicep-types-az/bicep-types-az/src/generator/node_modules/autorest/dist/resources/plugin-powershell.md'
> Including configuration file 'file:///home/runner/work/bicep-types-az/bicep-types-az/src/generator/node_modules/autorest/dist/resources/plugin-azureresourceschema.md'
> Including configuration file 'file:///home/runner/work/bicep-types-az/bicep-types-az/src/generator/node_modules/autorest/dist/resources/plugin-csharp.md'
> Including configuration file 'file:///home/runner/work/bicep-types-az/bicep-types-az/src/generator/node_modules/autorest/dist/resources/plugin-go.md'
> Including configuration file 'file:///home/runner/work/bicep-types-az/bicep-types-az/src/generator/node_modules/autorest/dist/resources/plugin-java.md'
> Including configuration file 'file:///home/runner/work/bicep-types-az/bicep-types-az/src/generator/node_modules/autorest/dist/resources/plugin-nodejs.md'
> Including configuration file 'file:///home/runner/work/bicep-types-az/bicep-types-az/src/generator/node_modules/autorest/dist/resources/plugin-php.md'
> Including configuration file 'file:///home/runner/work/bicep-types-az/bicep-types-az/src/generator/node_modules/autorest/dist/resources/plugin-python.md'
> Including configuration file 'file:///home/runner/work/bicep-types-az/bicep-types-az/src/generator/node_modules/autorest/dist/resources/plugin-ruby.md'
> Including configuration file 'file:///home/runner/work/bicep-types-az/bicep-types-az/src/generator/node_modules/autorest/dist/resources/plugin-typescript.md'
> Including configuration file 'file:///home/runner/work/bicep-types-az/bicep-types-az/src/generator/node_modules/autorest/dist/resources/plugin-validators.md'
> Including configuration file 'file:///home/runner/work/bicep-types-az/bicep-types-az/src/generator/node_modules/autorest/dist/resources/plugin-az.md'
> Including configuration file 'file:///home/runner/work/bicep-types-az/bicep-types-az/src/generator/node_modules/autorest/dist/resources/plugin-terraform.md'
> Including configuration file 'file:///home/runner/work/bicep-types-az/bicep-types-az/src/generator/node_modules/autorest/dist/resources/plugin-azure-functions.md'
> Including configuration file 'file:///home/runner/work/bicep-types-az/bicep-types-az/src/generator/node_modules/autorest/dist/resources/graphs.md'
> Including configuration file 'file:///home/runner/work/bicep-types-az/bicep-types-az/src/generator/node_modules/autorest/dist/resources/help-configuration.md'
> Loading local AutoRest extension '@autorest/bicep' (/home/runner/work/bicep-types-az/bicep-types-az/src/autorest.bicep)
> Including extension configuration file 'file:///home/runner/work/bicep-types-az/bicep-types-az/src/autorest.bicep/README.md'
> Including configuration file 'file:///home/runner/work/bicep-types-az/bicep-types-az/src/autorest.bicep/README.md'
> Loading AutoRest extension '@autorest/modelerfour' (https://tinyurl.com/yhlkz69y->4.20.0-ci.b8e3f92c0)
> Including extension configuration file 'file:///home/runner/.autorest/@autorest_modelerfour@4.20.0-ci.b8e3f92c0/node_modules/@autorest/modelerfour/readme.md'
> Including configuration file 'file:///home/runner/.autorest/@autorest_modelerfour@4.20.0-ci.b8e3f92c0/node_modules/@autorest/modelerfour/readme.md'
NOTE: AutoRest core version selected from configuration: https://tinyurl.com/yfjyy27f.
Network Enabled: true

There is a new version of AutoRest available (3.2.3).
 > You can install the newer version with with npm install -g autorest@latest

Starting @autorest/core from /home/runner/.autorest/@autorest_core@3.5.0-ci.b8e3f92c0/node_modules/@autorest/core
   Loading AutoRest core      '/home/runner/.autorest/@autorest_core@3.5.0-ci.b8e3f92c0/node_modules/@autorest/core/dist' (3.5.0-ci.b8e3f92c0)
VERBOSE [0.69 s]: > Including configuration file 'file:///home/runner/work/bicep-types-az/bicep-types-az/workflow-temp/azure-rest-api-specs/specification/quota/resource-manager/readme.bicep.md'
VERBOSE [0.7 s]: > Initial configuration file 'file:///home/runner/work/bicep-types-az/bicep-types-az/workflow-temp/azure-rest-api-specs/specification/quota/resource-manager/readme.md'
VERBOSE [0.7 s]: > Including configuration file 'file:///home/runner/work/bicep-types-az/bicep-types-az/workflow-temp/azure-rest-api-specs/specification/quota/resource-manager/readme.md'
VERBOSE [0.72 s]: > Including configuration file 'file:///home/runner/.autorest/@autorest_core@3.5.0-ci.b8e3f92c0/node_modules/@autorest/core/dist/resources/default-configuration.md'
VERBOSE [0.74 s]: > Including configuration file 'file:///home/runner/.autorest/@autorest_core@3.5.0-ci.b8e3f92c0/node_modules/@autorest/core/dist/resources/inspect.md'
VERBOSE [0.76 s]: > Including configuration file 'file:///home/runner/.autorest/@autorest_core@3.5.0-ci.b8e3f92c0/node_modules/@autorest/core/dist/resources/directives.md'
VERBOSE [0.77 s]: > Including configuration file 'file:///home/runner/.autorest/@autorest_core@3.5.0-ci.b8e3f92c0/node_modules/@autorest/core/dist/resources/pipeline.md'
VERBOSE [0.8 s]: > Including configuration file 'file:///home/runner/.autorest/@autorest_core@3.5.0-ci.b8e3f92c0/node_modules/@autorest/core/dist/resources/loader-openapi.md'
VERBOSE [0.82 s]: > Including configuration file 'file:///home/runner/.autorest/@autorest_core@3.5.0-ci.b8e3f92c0/node_modules/@autorest/core/dist/resources/miscellaneous.md'
VERBOSE [0.83 s]: > Including configuration file 'file:///home/runner/.autorest/@autorest_core@3.5.0-ci.b8e3f92c0/node_modules/@autorest/core/dist/resources/plugin-powershell.md'
VERBOSE [0.86 s]: > Including configuration file 'file:///home/runner/.autorest/@autorest_core@3.5.0-ci.b8e3f92c0/node_modules/@autorest/core/dist/resources/plugin-azureresourceschema.md'
VERBOSE [0.88 s]: > Including configuration file 'file:///home/runner/.autorest/@autorest_core@3.5.0-ci.b8e3f92c0/node_modules/@autorest/core/dist/resources/plugin-csharp.md'
VERBOSE [0.89 s]: > Including configuration file 'file:///home/runner/.autorest/@autorest_core@3.5.0-ci.b8e3f92c0/node_modules/@autorest/core/dist/resources/plugin-go.md'
VERBOSE [0.91 s]: > Including configuration file 'file:///home/runner/.autorest/@autorest_core@3.5.0-ci.b8e3f92c0/node_modules/@autorest/core/dist/resources/plugin-java.md'
VERBOSE [0.93 s]: > Including configuration file 'file:///home/runner/.autorest/@autorest_core@3.5.0-ci.b8e3f92c0/node_modules/@autorest/core/dist/resources/plugin-nodejs.md'
VERBOSE [0.95 s]: > Including configuration file 'file:///home/runner/.autorest/@autorest_core@3.5.0-ci.b8e3f92c0/node_modules/@autorest/core/dist/resources/plugin-php.md'
VERBOSE [0.97 s]: > Including configuration file 'file:///home/runner/.autorest/@autorest_core@3.5.0-ci.b8e3f92c0/node_modules/@autorest/core/dist/resources/plugin-python.md'
VERBOSE [0.99 s]: > Including configuration file 'file:///home/runner/.autorest/@autorest_core@3.5.0-ci.b8e3f92c0/node_modules/@autorest/core/dist/resources/plugin-ruby.md'
VERBOSE [1.01 s]: > Including configuration file 'file:///home/runner/.autorest/@autorest_core@3.5.0-ci.b8e3f92c0/node_modules/@autorest/core/dist/resources/plugin-typescript.md'
VERBOSE [1.03 s]: > Including configuration file 'file:///home/runner/.autorest/@autorest_core@3.5.0-ci.b8e3f92c0/node_modules/@autorest/core/dist/resources/plugin-validators.md'
VERBOSE [1.06 s]: > Including configuration file 'file:///home/runner/.autorest/@autorest_core@3.5.0-ci.b8e3f92c0/node_modules/@autorest/core/dist/resources/plugin-az.md'
VERBOSE [1.08 s]: > Including configuration file 'file:///home/runner/.autorest/@autorest_core@3.5.0-ci.b8e3f92c0/node_modules/@autorest/core/dist/resources/plugin-terraform.md'
VERBOSE [1.1 s]: > Including configuration file 'file:///home/runner/.autorest/@autorest_core@3.5.0-ci.b8e3f92c0/node_modules/@autorest/core/dist/resources/plugin-azure-functions.md'
VERBOSE [1.13 s]: > Including configuration file 'file:///home/runner/.autorest/@autorest_core@3.5.0-ci.b8e3f92c0/node_modules/@autorest/core/dist/resources/graphs.md'
VERBOSE [1.15 s]: > Including configuration file 'file:///home/runner/.autorest/@autorest_core@3.5.0-ci.b8e3f92c0/node_modules/@autorest/core/dist/resources/help-configuration.md'
INFORMATION: > Loading local AutoRest extension '@autorest/bicep' (/home/runner/work/bicep-types-az/bicep-types-az/src/autorest.bicep)
VERBOSE [1.23 s]: > Including extension configuration file 'file:///home/runner/work/bicep-types-az/bicep-types-az/src/autorest.bicep/README.md'
VERBOSE [1.23 s]: > Including configuration file 'file:///home/runner/work/bicep-types-az/bicep-types-az/src/autorest.bicep/README.md'
INFORMATION: > Loading AutoRest extension '@autorest/modelerfour' (https://tinyurl.com/yhlkz69y->4.20.0-ci.b8e3f92c0)
VERBOSE [1.9 s]: > Including extension configuration file 'file:///home/runner/.autorest/@autorest_modelerfour@4.20.0-ci.b8e3f92c0/node_modules/@autorest/modelerfour/readme.md'
VERBOSE [1.9 s]: > Including configuration file 'file:///home/runner/.autorest/@autorest_modelerfour@4.20.0-ci.b8e3f92c0/node_modules/@autorest/modelerfour/readme.md'
Processing batch task - {"tag":"microsoft.quota-2021-03-15"} .
VERBOSE [2.12 s]: > Including configuration file 'file:///home/runner/work/bicep-types-az/bicep-types-az/workflow-temp/azure-rest-api-specs/specification/quota/resource-manager/readme.bicep.md'
VERBOSE [2.12 s]: > Initial configuration file 'file:///home/runner/work/bicep-types-az/bicep-types-az/workflow-temp/azure-rest-api-specs/specification/quota/resource-manager/readme.md'
VERBOSE [2.12 s]: > Including configuration file 'file:///home/runner/work/bicep-types-az/bicep-types-az/workflow-temp/azure-rest-api-specs/specification/quota/resource-manager/readme.md'
VERBOSE [2.13 s]: > Including configuration file 'file:///home/runner/.autorest/@autorest_core@3.5.0-ci.b8e3f92c0/node_modules/@autorest/core/dist/resources/default-configuration.md'
VERBOSE [2.14 s]: > Including configuration file 'file:///home/runner/.autorest/@autorest_core@3.5.0-ci.b8e3f92c0/node_modules/@autorest/core/dist/resources/inspect.md'
VERBOSE [2.15 s]: > Including configuration file 'file:///home/runner/.autorest/@autorest_core@3.5.0-ci.b8e3f92c0/node_modules/@autorest/core/dist/resources/directives.md'
VERBOSE [2.16 s]: > Including configuration file 'file:///home/runner/.autorest/@autorest_core@3.5.0-ci.b8e3f92c0/node_modules/@autorest/core/dist/resources/pipeline.md'
VERBOSE [2.18 s]: > Including configuration file 'file:///home/runner/.autorest/@autorest_core@3.5.0-ci.b8e3f92c0/node_modules/@autorest/core/dist/resources/loader-openapi.md'
VERBOSE [2.19 s]: > Including configuration file 'file:///home/runner/.autorest/@autorest_core@3.5.0-ci.b8e3f92c0/node_modules/@autorest/core/dist/resources/miscellaneous.md'
VERBOSE [2.2 s]: > Including configuration file 'file:///home/runner/.autorest/@autorest_core@3.5.0-ci.b8e3f92c0/node_modules/@autorest/core/dist/resources/plugin-powershell.md'
VERBOSE [2.21 s]: > Including configuration file 'file:///home/runner/.autorest/@autorest_core@3.5.0-ci.b8e3f92c0/node_modules/@autorest/core/dist/resources/plugin-azureresourceschema.md'
VERBOSE [2.23 s]: > Including configuration file 'file:///home/runner/.autorest/@autorest_core@3.5.0-ci.b8e3f92c0/node_modules/@autorest/core/dist/resources/plugin-csharp.md'
VERBOSE [2.24 s]: > Including configuration file 'file:///home/runner/.autorest/@autorest_core@3.5.0-ci.b8e3f92c0/node_modules/@autorest/core/dist/resources/plugin-go.md'
VERBOSE [2.26 s]: > Including configuration file 'file:///home/runner/.autorest/@autorest_core@3.5.0-ci.b8e3f92c0/node_modules/@autorest/core/dist/resources/plugin-java.md'
VERBOSE [2.27 s]: > Including configuration file 'file:///home/runner/.autorest/@autorest_core@3.5.0-ci.b8e3f92c0/node_modules/@autorest/core/dist/resources/plugin-nodejs.md'
VERBOSE [2.29 s]: > Including configuration file 'file:///home/runner/.autorest/@autorest_core@3.5.0-ci.b8e3f92c0/node_modules/@autorest/core/dist/resources/plugin-php.md'
VERBOSE [2.31 s]: > Including configuration file 'file:///home/runner/.autorest/@autorest_core@3.5.0-ci.b8e3f92c0/node_modules/@autorest/core/dist/resources/plugin-python.md'
VERBOSE [2.32 s]: > Including configuration file 'file:///home/runner/.autorest/@autorest_core@3.5.0-ci.b8e3f92c0/node_modules/@autorest/core/dist/resources/plugin-ruby.md'
VERBOSE [2.34 s]: > Including configuration file 'file:///home/runner/.autorest/@autorest_core@3.5.0-ci.b8e3f92c0/node_modules/@autorest/core/dist/resources/plugin-typescript.md'
VERBOSE [2.36 s]: > Including configuration file 'file:///home/runner/.autorest/@autorest_core@3.5.0-ci.b8e3f92c0/node_modules/@autorest/core/dist/resources/plugin-validators.md'
VERBOSE [2.38 s]: > Including configuration file 'file:///home/runner/.autorest/@autorest_core@3.5.0-ci.b8e3f92c0/node_modules/@autorest/core/dist/resources/plugin-az.md'
VERBOSE [2.4 s]: > Including configuration file 'file:///home/runner/.autorest/@autorest_core@3.5.0-ci.b8e3f92c0/node_modules/@autorest/core/dist/resources/plugin-terraform.md'
VERBOSE [2.42 s]: > Including configuration file 'file:///home/runner/.autorest/@autorest_core@3.5.0-ci.b8e3f92c0/node_modules/@autorest/core/dist/resources/plugin-azure-functions.md'
VERBOSE [2.44 s]: > Including configuration file 'file:///home/runner/.autorest/@autorest_core@3.5.0-ci.b8e3f92c0/node_modules/@autorest/core/dist/resources/graphs.md'
VERBOSE [2.46 s]: > Including configuration file 'file:///home/runner/.autorest/@autorest_core@3.5.0-ci.b8e3f92c0/node_modules/@autorest/core/dist/resources/help-configuration.md'
INFORMATION: > Loading local AutoRest extension '@autorest/bicep' (/home/runner/work/bicep-types-az/bicep-types-az/src/autorest.bicep)
VERBOSE [2.53 s]: > Including extension configuration file 'file:///home/runner/work/bicep-types-az/bicep-types-az/src/autorest.bicep/README.md'
VERBOSE [2.53 s]: > Including configuration file 'file:///home/runner/work/bicep-types-az/bicep-types-az/src/autorest.bicep/README.md'
INFORMATION: > Loading AutoRest extension '@autorest/modelerfour' (https://tinyurl.com/yhlkz69y->4.20.0-ci.b8e3f92c0)
VERBOSE [3.09 s]: > Including extension configuration file 'file:///home/runner/.autorest/@autorest_modelerfour@4.20.0-ci.b8e3f92c0/node_modules/@autorest/modelerfour/readme.md'
VERBOSE [3.09 s]: > Including configuration file 'file:///home/runner/.autorest/@autorest_modelerfour@4.20.0-ci.b8e3f92c0/node_modules/@autorest/modelerfour/readme.md'
DEBUG [3.72 s]: swagger-document/loader-swagger - START inputs = 0
DEBUG [3.72 s]: openapi-document/loader-openapi - START inputs = 0
DEBUG [3.72 s]: pipeline-emitter - START inputs = 0
DEBUG [3.72 s]: configuration-emitter - START inputs = 0
DEBUG [3.72 s]: pipeline-emitter - END [0.06 s][86 MB]
DEBUG [3.72 s]: configuration-emitter - END [0.06 s][86 MB]
VERBOSE [3.75 s]: Reading OpenAPI 2.0 file file:///home/runner/work/bicep-types-az/bicep-types-az/workflow-temp/azure-rest-api-specs/specification/quota/resource-manager/Microsoft.Quota/stable/2021-03-15/quota.json
DEBUG [3.76 s]: openapi-document/loader-openapi - END [0.09 s][91 MB]
DEBUG [3.82 s]: openapi-document/individual/transform - SKIPPING
DEBUG [3.82 s]: openapi-document/individual/schema-validator-openapi - SKIPPING
DEBUG [3.82 s]: openapi-document/individual/identity - SKIPPING
DEBUG [3.87 s]: swagger-document/loader-swagger - END [0.2 s][91 MB]
DEBUG [3.87 s]: swagger-document/individual/transform - START inputs = 1
DEBUG [3.94 s]: swagger-document/individual/transform - END [0.07 s][95 MB]
DEBUG [3.95 s]: swagger-document/individual/schema-validator-swagger - START inputs = 1
DEBUG [4.23 s]: swagger-document/individual/schema-validator-swagger - END [0.28 s][104 MB]
DEBUG [4.23 s]: swagger-document/identity - START inputs = 1
DEBUG [4.23 s]: swagger-document/individual/identity - START inputs = 1
DEBUG [4.23 s]: swagger-document/identity - END [0 s][104 MB]
DEBUG [4.23 s]: swagger-document/individual/identity - END [0 s][104 MB]
DEBUG [4.23 s]: openapi-document/openapi-document-converter - START inputs = 1
DEBUG [4.3 s]: openapi-document/openapi-document-converter - END [0.06 s][108 MB]
DEBUG [4.3 s]: openapi-document/transform - START inputs = 1
DEBUG [4.31 s]: openapi-document/transform - END [0 s][112 MB]
DEBUG [4.31 s]: openapi-document/semantic-validator - START inputs = 1
WARNING: Semantic validation was skipped.
DEBUG [4.31 s]: openapi-document/semantic-validator - END [0 s][112 MB]
DEBUG [4.31 s]: openapi-document/allof-cleaner - START inputs = 1
DEBUG [4.31 s]: openapi-document/allof-cleaner - END [0 s][113 MB]
DEBUG [4.31 s]: openapi-document/tree-shaker - START inputs = 1
DEBUG [4.39 s]: openapi-document/tree-shaker - END [0.07 s][113 MB]
DEBUG [4.39 s]: openapi-document/multi-api-merger - START inputs = 1
DEBUG [4.48 s]: openapi-document/multi-api-merger - END [0.09 s][127 MB]
DEBUG [4.49 s]: openapi-document/components-cleaner - START inputs = 1
DEBUG [4.58 s]: openapi-document/components-cleaner - END [0.09 s][126 MB]
DEBUG [4.58 s]: openapi-document/component-modifiers - START inputs = 1
DEBUG [4.6 s]: openapi-document/component-modifiers - END [0.01 s][134 MB]
DEBUG [4.6 s]: openapi-document/api-version-parameter-handler - START inputs = 1
DEBUG [4.6 s]: openapi-document/api-version-parameter-handler - END [0 s][134 MB]
DEBUG [4.6 s]: openapi-document/profile-filter - START inputs = 1
DEBUG [4.6 s]: openapi-document/profile-filter - END [0 s][134 MB]
DEBUG [4.6 s]: openapi-document/model-deduplicator - START inputs = 1
DEBUG [4.6 s]: openapi-document/emitter - START inputs = 1
DEBUG [4.6 s]: openapi-document/model-deduplicator - END [0 s][134 MB]
DEBUG [4.6 s]: openapi-document/emitter - END [0 s][134 MB]
DEBUG [4.6 s]: openapi-document/enum-deduplicator - START inputs = 1
DEBUG [4.73 s]: openapi-document/enum-deduplicator - END [0.13 s][141 MB]
DEBUG [4.73 s]: openapi-document/subset-reducer - START inputs = 1
DEBUG [4.73 s]: openapi-document/subset-reducer - END [0 s][141 MB]
DEBUG [4.74 s]: openapi-document/quick-check - START inputs = 1
DEBUG [4.74 s]: openapi-document/multi-api/reset-identity - START inputs = 1
DEBUG [4.77 s]: openapi-document/quick-check - END [0.03 s][149 MB]
DEBUG [4.77 s]: openapi-document/multi-api/reset-identity - END [0.03 s][149 MB]
DEBUG [4.78 s]: openapi-document/multi-api/identity - START inputs = 1
DEBUG [4.79 s]: openapi-document/multi-api/identity - END [0.01 s][140 MB]
DEBUG [4.79 s]: openapi-document/multi-api/emitter - START inputs = 1
DEBUG [4.79 s]: prechecker - START inputs = 1
DEBUG [4.8 s]: openapi-document/multi-api/emitter - END [0 s][140 MB]

WARNING (PreCheck/CheckDuplicateSchemas): Checking for duplicate schemas, this could take a (long) while.  Run with --verbose for more detail.
VERBOSE [4.88 s]: Found and removed 0 duplicate schema
DEBUG [5.14 s]: prechecker - END [0.34 s][76 MB]
DEBUG [5.14 s]: modelerfour - START inputs = 2
VERBOSE [5.21 s]:   ModelerFour/api-version-mode:client
VERBOSE [5.21 s]:   ModelerFour/api-version-parameter:constant
VERBOSE [5.22 s]:   ModelerFour/use-model-namespace:false

WARNING (UnkownSecurityScheme): Security scheme azure_auth is unknown and will not be processed. Only supported types are AADToken,AzureKey,Anonymous
DEBUG [5.36 s]: modelerfour - END [0.21 s][79 MB]
DEBUG [5.36 s]: modelerfour/new-transform - START inputs = 2
DEBUG [5.36 s]: modelerfour/new-transform - END [0 s][79 MB]
DEBUG [5.36 s]: modelerfour/flattener - START inputs = 2
DEBUG [5.45 s]: modelerfour/flattener - END [0.08 s][81 MB]
DEBUG [5.45 s]: modelerfour/flattener/new-transform - START inputs = 2
DEBUG [5.45 s]: modelerfour/flattener/new-transform - END [0 s][81 MB]
DEBUG [5.45 s]: modelerfour/grouper - START inputs = 2
DEBUG [5.52 s]: modelerfour/grouper - END [0.06 s][83 MB]
DEBUG [5.52 s]: modelerfour/grouper/new-transform - START inputs = 2
DEBUG [5.52 s]: modelerfour/grouper/new-transform - END [0 s][83 MB]
DEBUG [5.52 s]: modelerfour/pre-namer - START inputs = 2
DEBUG [5.6 s]: modelerfour/pre-namer - END [0.07 s][85 MB]
DEBUG [5.6 s]: modelerfour/pre-namer/new-transform - START inputs = 2
DEBUG [5.6 s]: modelerfour/pre-namer/new-transform - END [0 s][85 MB]
DEBUG [5.6 s]: modelerfour/checker - START inputs = 4
DEBUG [5.65 s]: modelerfour/checker - END [0.05 s][87 MB]
DEBUG [5.65 s]: modelerfour/identity - START inputs = 2
DEBUG [5.65 s]: modelerfour/identity - END [0 s][87 MB]
DEBUG [5.65 s]: bicep - START inputs = 2
DEBUG [5.65 s]: modelerfour/emitter - START inputs = 2
DEBUG [5.65 s]: modelerfour/notags/emitter - START inputs = 2
DEBUG [5.65 s]: modelerfour/emitter - END [0 s][87 MB]
DEBUG [5.65 s]: modelerfour/notags/emitter - END [0 s][87 MB]
WARNING: Unrecognized property type: any-object. Returning 'any'.
INFORMATION: autorest.bicep took 7ms
DEBUG [5.72 s]: bicep - END [0.07 s][88 MB]
DEBUG [5.72 s]: bicep/emitter - START inputs = 2
DEBUG [5.72 s]: Emitting 'bicep-files' at file:///tmp/_bcp_1625795651387/quota/microsoft.quota/2021-03-15/types.json
DEBUG [5.72 s]: Emitting 'bicep-files' at file:///tmp/_bcp_1625795651387/quota/microsoft.quota/2021-03-15/types.md
DEBUG [5.72 s]: bicep/emitter - END [0 s][88 MB]
Processing batch task - {"tag":"microsoft.quota-2021-03-15-preview"} .
VERBOSE [5.74 s]: > Including configuration file 'file:///home/runner/work/bicep-types-az/bicep-types-az/workflow-temp/azure-rest-api-specs/specification/quota/resource-manager/readme.bicep.md'
VERBOSE [5.74 s]: > Initial configuration file 'file:///home/runner/work/bicep-types-az/bicep-types-az/workflow-temp/azure-rest-api-specs/specification/quota/resource-manager/readme.md'
VERBOSE [5.74 s]: > Including configuration file 'file:///home/runner/work/bicep-types-az/bicep-types-az/workflow-temp/azure-rest-api-specs/specification/quota/resource-manager/readme.md'
VERBOSE [5.75 s]: > Including configuration file 'file:///home/runner/.autorest/@autorest_core@3.5.0-ci.b8e3f92c0/node_modules/@autorest/core/dist/resources/default-configuration.md'
VERBOSE [5.76 s]: > Including configuration file 'file:///home/runner/.autorest/@autorest_core@3.5.0-ci.b8e3f92c0/node_modules/@autorest/core/dist/resources/inspect.md'
VERBOSE [5.77 s]: > Including configuration file 'file:///home/runner/.autorest/@autorest_core@3.5.0-ci.b8e3f92c0/node_modules/@autorest/core/dist/resources/directives.md'
VERBOSE [5.78 s]: > Including configuration file 'file:///home/runner/.autorest/@autorest_core@3.5.0-ci.b8e3f92c0/node_modules/@autorest/core/dist/resources/pipeline.md'
VERBOSE [5.79 s]: > Including configuration file 'file:///home/runner/.autorest/@autorest_core@3.5.0-ci.b8e3f92c0/node_modules/@autorest/core/dist/resources/loader-openapi.md'
VERBOSE [5.8 s]: > Including configuration file 'file:///home/runner/.autorest/@autorest_core@3.5.0-ci.b8e3f92c0/node_modules/@autorest/core/dist/resources/miscellaneous.md'
VERBOSE [5.81 s]: > Including configuration file 'file:///home/runner/.autorest/@autorest_core@3.5.0-ci.b8e3f92c0/node_modules/@autorest/core/dist/resources/plugin-powershell.md'
VERBOSE [5.83 s]: > Including configuration file 'file:///home/runner/.autorest/@autorest_core@3.5.0-ci.b8e3f92c0/node_modules/@autorest/core/dist/resources/plugin-azureresourceschema.md'
VERBOSE [5.84 s]: > Including configuration file 'file:///home/runner/.autorest/@autorest_core@3.5.0-ci.b8e3f92c0/node_modules/@autorest/core/dist/resources/plugin-csharp.md'
VERBOSE [5.85 s]: > Including configuration file 'file:///home/runner/.autorest/@autorest_core@3.5.0-ci.b8e3f92c0/node_modules/@autorest/core/dist/resources/plugin-go.md'
VERBOSE [5.87 s]: > Including configuration file 'file:///home/runner/.autorest/@autorest_core@3.5.0-ci.b8e3f92c0/node_modules/@autorest/core/dist/resources/plugin-java.md'
VERBOSE [5.89 s]: > Including configuration file 'file:///home/runner/.autorest/@autorest_core@3.5.0-ci.b8e3f92c0/node_modules/@autorest/core/dist/resources/plugin-nodejs.md'
VERBOSE [5.91 s]: > Including configuration file 'file:///home/runner/.autorest/@autorest_core@3.5.0-ci.b8e3f92c0/node_modules/@autorest/core/dist/resources/plugin-php.md'
VERBOSE [5.92 s]: > Including configuration file 'file:///home/runner/.autorest/@autorest_core@3.5.0-ci.b8e3f92c0/node_modules/@autorest/core/dist/resources/plugin-python.md'
VERBOSE [5.94 s]: > Including configuration file 'file:///home/runner/.autorest/@autorest_core@3.5.0-ci.b8e3f92c0/node_modules/@autorest/core/dist/resources/plugin-ruby.md'
VERBOSE [5.96 s]: > Including configuration file 'file:///home/runner/.autorest/@autorest_core@3.5.0-ci.b8e3f92c0/node_modules/@autorest/core/dist/resources/plugin-typescript.md'
VERBOSE [5.98 s]: > Including configuration file 'file:///home/runner/.autorest/@autorest_core@3.5.0-ci.b8e3f92c0/node_modules/@autorest/core/dist/resources/plugin-validators.md'
VERBOSE [6 s]: > Including configuration file 'file:///home/runner/.autorest/@autorest_core@3.5.0-ci.b8e3f92c0/node_modules/@autorest/core/dist/resources/plugin-az.md'
VERBOSE [6.02 s]: > Including configuration file 'file:///home/runner/.autorest/@autorest_core@3.5.0-ci.b8e3f92c0/node_modules/@autorest/core/dist/resources/plugin-terraform.md'
VERBOSE [6.04 s]: > Including configuration file 'file:///home/runner/.autorest/@autorest_core@3.5.0-ci.b8e3f92c0/node_modules/@autorest/core/dist/resources/plugin-azure-functions.md'
VERBOSE [6.06 s]: > Including configuration file 'file:///home/runner/.autorest/@autorest_core@3.5.0-ci.b8e3f92c0/node_modules/@autorest/core/dist/resources/graphs.md'
VERBOSE [6.08 s]: > Including configuration file 'file:///home/runner/.autorest/@autorest_core@3.5.0-ci.b8e3f92c0/node_modules/@autorest/core/dist/resources/help-configuration.md'
INFORMATION: > Loading local AutoRest extension '@autorest/bicep' (/home/runner/work/bicep-types-az/bicep-types-az/src/autorest.bicep)
VERBOSE [6.14 s]: > Including extension configuration file 'file:///home/runner/work/bicep-types-az/bicep-types-az/src/autorest.bicep/README.md'
VERBOSE [6.14 s]: > Including configuration file 'file:///home/runner/work/bicep-types-az/bicep-types-az/src/autorest.bicep/README.md'
INFORMATION: > Loading AutoRest extension '@autorest/modelerfour' (https://tinyurl.com/yhlkz69y->4.20.0-ci.b8e3f92c0)
VERBOSE [6.74 s]: > Including extension configuration file 'file:///home/runner/.autorest/@autorest_modelerfour@4.20.0-ci.b8e3f92c0/node_modules/@autorest/modelerfour/readme.md'
VERBOSE [6.74 s]: > Including configuration file 'file:///home/runner/.autorest/@autorest_modelerfour@4.20.0-ci.b8e3f92c0/node_modules/@autorest/modelerfour/readme.md'
DEBUG [7.04 s]: swagger-document/loader-swagger - START inputs = 0
DEBUG [7.04 s]: openapi-document/loader-openapi - START inputs = 0
DEBUG [7.04 s]: pipeline-emitter - START inputs = 0
DEBUG [7.04 s]: configuration-emitter - START inputs = 0
DEBUG [7.04 s]: pipeline-emitter - END [0.04 s][107 MB]
DEBUG [7.04 s]: configuration-emitter - END [0.04 s][107 MB]
VERBOSE [7.05 s]: Reading OpenAPI 2.0 file file:///home/runner/work/bicep-types-az/bicep-types-az/workflow-temp/azure-rest-api-specs/specification/quota/resource-manager/Microsoft.Quota/preview/2021-03-15-preview/quota.json
DEBUG [7.05 s]: openapi-document/loader-openapi - END [0.05 s][112 MB]
DEBUG [7.08 s]: openapi-document/individual/transform - SKIPPING
DEBUG [7.08 s]: openapi-document/individual/schema-validator-openapi - SKIPPING
DEBUG [7.08 s]: openapi-document/individual/identity - SKIPPING
DEBUG [7.11 s]: swagger-document/loader-swagger - END [0.11 s][121 MB]
DEBUG [7.12 s]: swagger-document/individual/transform - START inputs = 1
DEBUG [7.19 s]: swagger-document/individual/transform - END [0.06 s][125 MB]
DEBUG [7.19 s]: swagger-document/individual/schema-validator-swagger - START inputs = 1
DEBUG [7.19 s]: swagger-document/individual/schema-validator-swagger - END [0 s][116 MB]
DEBUG [7.19 s]: swagger-document/identity - START inputs = 1
DEBUG [7.19 s]: swagger-document/individual/identity - START inputs = 1
DEBUG [7.19 s]: swagger-document/identity - END [0 s][116 MB]
DEBUG [7.19 s]: swagger-document/individual/identity - END [0 s][116 MB]
DEBUG [7.19 s]: openapi-document/openapi-document-converter - START inputs = 1
DEBUG [7.23 s]: openapi-document/openapi-document-converter - END [0.03 s][120 MB]
DEBUG [7.23 s]: openapi-document/transform - START inputs = 1
DEBUG [7.24 s]: openapi-document/transform - END [0 s][124 MB]
DEBUG [7.24 s]: openapi-document/semantic-validator - START inputs = 1
WARNING: Semantic validation was skipped.
DEBUG [7.24 s]: openapi-document/semantic-validator - END [0 s][124 MB]
DEBUG [7.24 s]: openapi-document/allof-cleaner - START inputs = 1
DEBUG [7.24 s]: openapi-document/allof-cleaner - END [0 s][125 MB]
DEBUG [7.24 s]: openapi-document/tree-shaker - START inputs = 1
DEBUG [7.3 s]: openapi-document/tree-shaker - END [0.05 s][126 MB]
DEBUG [7.3 s]: openapi-document/multi-api-merger - START inputs = 1
DEBUG [7.36 s]: openapi-document/multi-api-merger - END [0.06 s][138 MB]
DEBUG [7.37 s]: openapi-document/components-cleaner - START inputs = 1
DEBUG [7.45 s]: openapi-document/components-cleaner - END [0.08 s][147 MB]
DEBUG [7.45 s]: openapi-document/component-modifiers - START inputs = 1
DEBUG [7.46 s]: openapi-document/component-modifiers - END [0.01 s][155 MB]
DEBUG [7.47 s]: openapi-document/api-version-parameter-handler - START inputs = 1
DEBUG [7.47 s]: openapi-document/api-version-parameter-handler - END [0 s][147 MB]
DEBUG [7.47 s]: openapi-document/profile-filter - START inputs = 1
DEBUG [7.47 s]: openapi-document/profile-filter - END [0 s][147 MB]
DEBUG [7.47 s]: openapi-document/model-deduplicator - START inputs = 1
DEBUG [7.47 s]: openapi-document/emitter - START inputs = 1
DEBUG [7.47 s]: openapi-document/model-deduplicator - END [0 s][147 MB]
DEBUG [7.47 s]: openapi-document/emitter - END [0 s][147 MB]
DEBUG [7.47 s]: openapi-document/enum-deduplicator - START inputs = 1
DEBUG [7.57 s]: openapi-document/enum-deduplicator - END [0.1 s][164 MB]
DEBUG [7.57 s]: openapi-document/subset-reducer - START inputs = 1
DEBUG [7.57 s]: openapi-document/subset-reducer - END [0 s][164 MB]
DEBUG [7.57 s]: openapi-document/quick-check - START inputs = 1
DEBUG [7.57 s]: openapi-document/multi-api/reset-identity - START inputs = 1
DEBUG [7.59 s]: openapi-document/quick-check - END [0.01 s][159 MB]
DEBUG [7.59 s]: openapi-document/multi-api/reset-identity - END [0.01 s][159 MB]
DEBUG [7.59 s]: openapi-document/multi-api/identity - START inputs = 1
DEBUG [7.59 s]: openapi-document/multi-api/identity - END [0 s][159 MB]
DEBUG [7.59 s]: openapi-document/multi-api/emitter - START inputs = 1
DEBUG [7.59 s]: prechecker - START inputs = 1
DEBUG [7.59 s]: openapi-document/multi-api/emitter - END [0 s][159 MB]

WARNING (PreCheck/CheckDuplicateSchemas): Checking for duplicate schemas, this could take a (long) while.  Run with --verbose for more detail.
VERBOSE [7.6 s]: Found and removed 0 duplicate schema
DEBUG [7.63 s]: prechecker - END [0.03 s][161 MB]
DEBUG [7.63 s]: modelerfour - START inputs = 2
VERBOSE [7.65 s]:   ModelerFour/api-version-mode:client
VERBOSE [7.65 s]:   ModelerFour/api-version-parameter:constant
VERBOSE [7.65 s]:   ModelerFour/use-model-namespace:false

WARNING (UnkownSecurityScheme): Security scheme azure_auth is unknown and will not be processed. Only supported types are AADToken,AzureKey,Anonymous
DEBUG [7.75 s]: modelerfour - END [0.12 s][163 MB]
DEBUG [7.75 s]: modelerfour/new-transform - START inputs = 2
DEBUG [7.75 s]: modelerfour/new-transform - END [0 s][164 MB]
DEBUG [7.75 s]: modelerfour/flattener - START inputs = 2
DEBUG [7.8 s]: modelerfour/flattener - END [0.05 s][166 MB]
DEBUG [7.8 s]: modelerfour/flattener/new-transform - START inputs = 2
DEBUG [7.8 s]: modelerfour/flattener/new-transform - END [0 s][166 MB]
DEBUG [7.8 s]: modelerfour/grouper - START inputs = 2
DEBUG [7.85 s]: modelerfour/grouper - END [0.04 s][168 MB]
DEBUG [7.85 s]: modelerfour/grouper/new-transform - START inputs = 2
DEBUG [7.86 s]: modelerfour/grouper/new-transform - END [0 s][168 MB]
DEBUG [7.86 s]: modelerfour/pre-namer - START inputs = 2
DEBUG [7.92 s]: modelerfour/pre-namer - END [0.06 s][170 MB]
DEBUG [7.92 s]: modelerfour/pre-namer/new-transform - START inputs = 2
DEBUG [7.92 s]: modelerfour/pre-namer/new-transform - END [0 s][170 MB]
DEBUG [7.92 s]: modelerfour/checker - START inputs = 4
DEBUG [7.97 s]: modelerfour/checker - END [0.04 s][172 MB]
DEBUG [7.97 s]: modelerfour/identity - START inputs = 2
DEBUG [7.97 s]: modelerfour/identity - END [0 s][172 MB]
DEBUG [7.97 s]: bicep - START inputs = 2
DEBUG [7.97 s]: modelerfour/emitter - START inputs = 2
DEBUG [7.97 s]: modelerfour/notags/emitter - START inputs = 2
DEBUG [7.98 s]: modelerfour/emitter - END [0 s][172 MB]
DEBUG [7.98 s]: modelerfour/notags/emitter - END [0 s][172 MB]
WARNING: Unrecognized property type: any-object. Returning 'any'.
INFORMATION: autorest.bicep took 1ms
DEBUG [8.02 s]: bicep - END [0.04 s][173 MB]
DEBUG [8.02 s]: bicep/emitter - START inputs = 2
DEBUG [8.02 s]: Emitting 'bicep-files' at file:///tmp/_bcp_1625795651387/quota/microsoft.quota/2021-03-15-preview/types.json
DEBUG [8.02 s]: Emitting 'bicep-files' at file:///tmp/_bcp_1625795651387/quota/microsoft.quota/2021-03-15-preview/types.md
DEBUG [8.02 s]: bicep/emitter - END [0 s][173 MB]
[8.02 s] Clearing Folders.
[8.02 s] Writing Outputs.
[8.02 s] Generation Complete
[8.02 s] Shutting Down.
[8.03 s] Exiting.
