
Executing: autorest --use=/home/runner/work/bicep-types-az/bicep-types-az/src/generator --azureresourceschema --output-folder=/tmp/_bcp_1617399061309/apimanagement --multiapi /home/runner/work/bicep-types-az/bicep-types-az/workflow-temp/azure-rest-api-specs/specification/apimanagement/resource-manager/readme.md
AutoRest code generation utility [cli version: 3.1.4; node: v14.16.0, max-memory: 2048 MB]
(C) 2018 Microsoft Corporation.
https://aka.ms/autorest
   Loading AutoRest core      '/home/runner/work/bicep-types-az/bicep-types-az/src/generator/node_modules/@autorest/core/dist' (3.2.2)
INFORMATION: > Loading local AutoRest extension '@autorest/bicep' (/home/runner/work/bicep-types-az/bicep-types-az/src/generator)
INFORMATION: > Loading AutoRest extension '@autorest/azureresourceschema' (~3.0.45->3.0.98)
Processing batch task - {"tag":"schema-apimanagement-2020-12-01"} .
INFORMATION: > Loading local AutoRest extension '@autorest/bicep' (/home/runner/work/bicep-types-az/bicep-types-az/src/generator)
INFORMATION: > Loading AutoRest extension '@autorest/azureresourceschema' (~3.0.45->3.0.98)
INFORMATION: Resource type Microsoft.ApiManagement/service/apis/operations/tags under path '/subscriptions/{subscriptionId}/resourceGroups/{resourceGroupName}/providers/Microsoft.ApiManagement/service/{serviceName}/apis/{apiId}/operations/{operationId}/tags/{tagId}' has no body defined.
INFORMATION: Resource type Microsoft.ApiManagement/service/apis/tags under path '/subscriptions/{subscriptionId}/resourceGroups/{resourceGroupName}/providers/Microsoft.ApiManagement/service/{serviceName}/apis/{apiId}/tags/{tagId}' has no body defined.
INFORMATION: Resource type Microsoft.ApiManagement/service/products/tags under path '/subscriptions/{subscriptionId}/resourceGroups/{resourceGroupName}/providers/Microsoft.ApiManagement/service/{serviceName}/products/{productId}/tags/{tagId}' has no body defined.
INFORMATION: Resource type Microsoft.ApiManagement/service/contentTypes under path '/subscriptions/{subscriptionId}/resourceGroups/{resourceGroupName}/providers/Microsoft.ApiManagement/service/{serviceName}/contentTypes/{contentTypeId}' has no body defined.
INFORMATION: Resource type Microsoft.ApiManagement/service/contentTypes/contentItems under path '/subscriptions/{subscriptionId}/resourceGroups/{resourceGroupName}/providers/Microsoft.ApiManagement/service/{serviceName}/contentTypes/{contentTypeId}/contentItems/{contentItemId}' has no body defined.
INFORMATION: Resource type Microsoft.ApiManagement/service/groups/users under path '/subscriptions/{subscriptionId}/resourceGroups/{resourceGroupName}/providers/Microsoft.ApiManagement/service/{serviceName}/groups/{groupId}/users/{userId}' has no body defined.
INFORMATION: Resource type Microsoft.ApiManagement/service/notifications under path '/subscriptions/{subscriptionId}/resourceGroups/{resourceGroupName}/providers/Microsoft.ApiManagement/service/{serviceName}/notifications/{notificationName}' has no body defined.
INFORMATION: Resource type Microsoft.ApiManagement/service/notifications/recipientUsers under path '/subscriptions/{subscriptionId}/resourceGroups/{resourceGroupName}/providers/Microsoft.ApiManagement/service/{serviceName}/notifications/{notificationName}/recipientUsers/{userId}' has no body defined.
INFORMATION: Resource type Microsoft.ApiManagement/service/notifications/recipientEmails under path '/subscriptions/{subscriptionId}/resourceGroups/{resourceGroupName}/providers/Microsoft.ApiManagement/service/{serviceName}/notifications/{notificationName}/recipientEmails/{email}' has no body defined.
INFORMATION: Resource type Microsoft.ApiManagement/service/products/apis under path '/subscriptions/{subscriptionId}/resourceGroups/{resourceGroupName}/providers/Microsoft.ApiManagement/service/{serviceName}/products/{productId}/apis/{apiId}' has no body defined.
INFORMATION: Resource type Microsoft.ApiManagement/service/products/groups under path '/subscriptions/{subscriptionId}/resourceGroups/{resourceGroupName}/providers/Microsoft.ApiManagement/service/{serviceName}/products/{productId}/groups/{groupId}' has no body defined.
Processing batch task - {"tag":"schema-apimanagement-2020-06-01-preview"} .
INFORMATION: > Loading local AutoRest extension '@autorest/bicep' (/home/runner/work/bicep-types-az/bicep-types-az/src/generator)
INFORMATION: > Loading AutoRest extension '@autorest/azureresourceschema' (~3.0.45->3.0.98)
INFORMATION: Resource type Microsoft.ApiManagement/service/apis/operations/tags under path '/subscriptions/{subscriptionId}/resourceGroups/{resourceGroupName}/providers/Microsoft.ApiManagement/service/{serviceName}/apis/{apiId}/operations/{operationId}/tags/{tagId}' has no body defined.
INFORMATION: Resource type Microsoft.ApiManagement/service/apis/tags under path '/subscriptions/{subscriptionId}/resourceGroups/{resourceGroupName}/providers/Microsoft.ApiManagement/service/{serviceName}/apis/{apiId}/tags/{tagId}' has no body defined.
INFORMATION: Resource type Microsoft.ApiManagement/service/products/tags under path '/subscriptions/{subscriptionId}/resourceGroups/{resourceGroupName}/providers/Microsoft.ApiManagement/service/{serviceName}/products/{productId}/tags/{tagId}' has no body defined.
INFORMATION: Resource type Microsoft.ApiManagement/service/contentTypes under path '/subscriptions/{subscriptionId}/resourceGroups/{resourceGroupName}/providers/Microsoft.ApiManagement/service/{serviceName}/contentTypes/{contentTypeId}' has no body defined.
INFORMATION: Resource type Microsoft.ApiManagement/service/contentTypes/contentItems under path '/subscriptions/{subscriptionId}/resourceGroups/{resourceGroupName}/providers/Microsoft.ApiManagement/service/{serviceName}/contentTypes/{contentTypeId}/contentItems/{contentItemId}' has no body defined.
INFORMATION: Resource type Microsoft.ApiManagement/service/groups/users under path '/subscriptions/{subscriptionId}/resourceGroups/{resourceGroupName}/providers/Microsoft.ApiManagement/service/{serviceName}/groups/{groupId}/users/{userId}' has no body defined.
INFORMATION: Resource type Microsoft.ApiManagement/service/notifications under path '/subscriptions/{subscriptionId}/resourceGroups/{resourceGroupName}/providers/Microsoft.ApiManagement/service/{serviceName}/notifications/{notificationName}' has no body defined.
INFORMATION: Resource type Microsoft.ApiManagement/service/notifications/recipientUsers under path '/subscriptions/{subscriptionId}/resourceGroups/{resourceGroupName}/providers/Microsoft.ApiManagement/service/{serviceName}/notifications/{notificationName}/recipientUsers/{userId}' has no body defined.
INFORMATION: Resource type Microsoft.ApiManagement/service/notifications/recipientEmails under path '/subscriptions/{subscriptionId}/resourceGroups/{resourceGroupName}/providers/Microsoft.ApiManagement/service/{serviceName}/notifications/{notificationName}/recipientEmails/{email}' has no body defined.
INFORMATION: Resource type Microsoft.ApiManagement/service/products/apis under path '/subscriptions/{subscriptionId}/resourceGroups/{resourceGroupName}/providers/Microsoft.ApiManagement/service/{serviceName}/products/{productId}/apis/{apiId}' has no body defined.
INFORMATION: Resource type Microsoft.ApiManagement/service/products/groups under path '/subscriptions/{subscriptionId}/resourceGroups/{resourceGroupName}/providers/Microsoft.ApiManagement/service/{serviceName}/products/{productId}/groups/{groupId}' has no body defined.
Processing batch task - {"tag":"schema-apimanagement-2019-12-01-preview"} .
INFORMATION: > Loading local AutoRest extension '@autorest/bicep' (/home/runner/work/bicep-types-az/bicep-types-az/src/generator)
INFORMATION: > Loading AutoRest extension '@autorest/azureresourceschema' (~3.0.45->3.0.98)
INFORMATION: Resource type Microsoft.ApiManagement/service/apis/operations/tags under path '/subscriptions/{subscriptionId}/resourceGroups/{resourceGroupName}/providers/Microsoft.ApiManagement/service/{serviceName}/apis/{apiId}/operations/{operationId}/tags/{tagId}' has no body defined.
INFORMATION: Resource type Microsoft.ApiManagement/service/apis/tags under path '/subscriptions/{subscriptionId}/resourceGroups/{resourceGroupName}/providers/Microsoft.ApiManagement/service/{serviceName}/apis/{apiId}/tags/{tagId}' has no body defined.
INFORMATION: Resource type Microsoft.ApiManagement/service/products/tags under path '/subscriptions/{subscriptionId}/resourceGroups/{resourceGroupName}/providers/Microsoft.ApiManagement/service/{serviceName}/products/{productId}/tags/{tagId}' has no body defined.
INFORMATION: Resource type Microsoft.ApiManagement/service/groups/users under path '/subscriptions/{subscriptionId}/resourceGroups/{resourceGroupName}/providers/Microsoft.ApiManagement/service/{serviceName}/groups/{groupId}/users/{userId}' has no body defined.
INFORMATION: Resource type Microsoft.ApiManagement/service/notifications under path '/subscriptions/{subscriptionId}/resourceGroups/{resourceGroupName}/providers/Microsoft.ApiManagement/service/{serviceName}/notifications/{notificationName}' has no body defined.
INFORMATION: Resource type Microsoft.ApiManagement/service/notifications/recipientUsers under path '/subscriptions/{subscriptionId}/resourceGroups/{resourceGroupName}/providers/Microsoft.ApiManagement/service/{serviceName}/notifications/{notificationName}/recipientUsers/{userId}' has no body defined.
INFORMATION: Resource type Microsoft.ApiManagement/service/notifications/recipientEmails under path '/subscriptions/{subscriptionId}/resourceGroups/{resourceGroupName}/providers/Microsoft.ApiManagement/service/{serviceName}/notifications/{notificationName}/recipientEmails/{email}' has no body defined.
INFORMATION: Resource type Microsoft.ApiManagement/service/products/apis under path '/subscriptions/{subscriptionId}/resourceGroups/{resourceGroupName}/providers/Microsoft.ApiManagement/service/{serviceName}/products/{productId}/apis/{apiId}' has no body defined.
INFORMATION: Resource type Microsoft.ApiManagement/service/products/groups under path '/subscriptions/{subscriptionId}/resourceGroups/{resourceGroupName}/providers/Microsoft.ApiManagement/service/{serviceName}/products/{productId}/groups/{groupId}' has no body defined.
Processing batch task - {"tag":"schema-apimanagement-2019-12-01"} .
INFORMATION: > Loading local AutoRest extension '@autorest/bicep' (/home/runner/work/bicep-types-az/bicep-types-az/src/generator)
INFORMATION: > Loading AutoRest extension '@autorest/azureresourceschema' (~3.0.45->3.0.98)
INFORMATION: Resource type Microsoft.ApiManagement/service/apis/operations/tags under path '/subscriptions/{subscriptionId}/resourceGroups/{resourceGroupName}/providers/Microsoft.ApiManagement/service/{serviceName}/apis/{apiId}/operations/{operationId}/tags/{tagId}' has no body defined.
INFORMATION: Resource type Microsoft.ApiManagement/service/apis/tags under path '/subscriptions/{subscriptionId}/resourceGroups/{resourceGroupName}/providers/Microsoft.ApiManagement/service/{serviceName}/apis/{apiId}/tags/{tagId}' has no body defined.
INFORMATION: Resource type Microsoft.ApiManagement/service/products/tags under path '/subscriptions/{subscriptionId}/resourceGroups/{resourceGroupName}/providers/Microsoft.ApiManagement/service/{serviceName}/products/{productId}/tags/{tagId}' has no body defined.
INFORMATION: Resource type Microsoft.ApiManagement/service/contentTypes under path '/subscriptions/{subscriptionId}/resourceGroups/{resourceGroupName}/providers/Microsoft.ApiManagement/service/{serviceName}/contentTypes/{contentTypeId}' has no body defined.
INFORMATION: Resource type Microsoft.ApiManagement/service/contentTypes/contentItems under path '/subscriptions/{subscriptionId}/resourceGroups/{resourceGroupName}/providers/Microsoft.ApiManagement/service/{serviceName}/contentTypes/{contentTypeId}/contentItems/{contentItemId}' has no body defined.
INFORMATION: Resource type Microsoft.ApiManagement/service/groups/users under path '/subscriptions/{subscriptionId}/resourceGroups/{resourceGroupName}/providers/Microsoft.ApiManagement/service/{serviceName}/groups/{groupId}/users/{userId}' has no body defined.
INFORMATION: Resource type Microsoft.ApiManagement/service/notifications under path '/subscriptions/{subscriptionId}/resourceGroups/{resourceGroupName}/providers/Microsoft.ApiManagement/service/{serviceName}/notifications/{notificationName}' has no body defined.
INFORMATION: Resource type Microsoft.ApiManagement/service/notifications/recipientUsers under path '/subscriptions/{subscriptionId}/resourceGroups/{resourceGroupName}/providers/Microsoft.ApiManagement/service/{serviceName}/notifications/{notificationName}/recipientUsers/{userId}' has no body defined.
INFORMATION: Resource type Microsoft.ApiManagement/service/notifications/recipientEmails under path '/subscriptions/{subscriptionId}/resourceGroups/{resourceGroupName}/providers/Microsoft.ApiManagement/service/{serviceName}/notifications/{notificationName}/recipientEmails/{email}' has no body defined.
INFORMATION: Resource type Microsoft.ApiManagement/service/products/apis under path '/subscriptions/{subscriptionId}/resourceGroups/{resourceGroupName}/providers/Microsoft.ApiManagement/service/{serviceName}/products/{productId}/apis/{apiId}' has no body defined.
INFORMATION: Resource type Microsoft.ApiManagement/service/products/groups under path '/subscriptions/{subscriptionId}/resourceGroups/{resourceGroupName}/providers/Microsoft.ApiManagement/service/{serviceName}/products/{productId}/groups/{groupId}' has no body defined.
Processing batch task - {"tag":"schema-apimanagement-2019-01-01"} .
INFORMATION: > Loading local AutoRest extension '@autorest/bicep' (/home/runner/work/bicep-types-az/bicep-types-az/src/generator)
INFORMATION: > Loading AutoRest extension '@autorest/azureresourceschema' (~3.0.45->3.0.98)
INFORMATION: Resource type Microsoft.ApiManagement/service/apis/operations/tags under path '/subscriptions/{subscriptionId}/resourceGroups/{resourceGroupName}/providers/Microsoft.ApiManagement/service/{serviceName}/apis/{apiId}/operations/{operationId}/tags/{tagId}' has no body defined.
INFORMATION: Resource type Microsoft.ApiManagement/service/apis/tags under path '/subscriptions/{subscriptionId}/resourceGroups/{resourceGroupName}/providers/Microsoft.ApiManagement/service/{serviceName}/apis/{apiId}/tags/{tagId}' has no body defined.
INFORMATION: Resource type Microsoft.ApiManagement/service/products/tags under path '/subscriptions/{subscriptionId}/resourceGroups/{resourceGroupName}/providers/Microsoft.ApiManagement/service/{serviceName}/products/{productId}/tags/{tagId}' has no body defined.
INFORMATION: Resource type Microsoft.ApiManagement/service/groups/users under path '/subscriptions/{subscriptionId}/resourceGroups/{resourceGroupName}/providers/Microsoft.ApiManagement/service/{serviceName}/groups/{groupId}/users/{userId}' has no body defined.
INFORMATION: Resource type Microsoft.ApiManagement/service/notifications under path '/subscriptions/{subscriptionId}/resourceGroups/{resourceGroupName}/providers/Microsoft.ApiManagement/service/{serviceName}/notifications/{notificationName}' has no body defined.
INFORMATION: Resource type Microsoft.ApiManagement/service/notifications/recipientUsers under path '/subscriptions/{subscriptionId}/resourceGroups/{resourceGroupName}/providers/Microsoft.ApiManagement/service/{serviceName}/notifications/{notificationName}/recipientUsers/{userId}' has no body defined.
INFORMATION: Resource type Microsoft.ApiManagement/service/notifications/recipientEmails under path '/subscriptions/{subscriptionId}/resourceGroups/{resourceGroupName}/providers/Microsoft.ApiManagement/service/{serviceName}/notifications/{notificationName}/recipientEmails/{email}' has no body defined.
INFORMATION: Resource type Microsoft.ApiManagement/service/products/apis under path '/subscriptions/{subscriptionId}/resourceGroups/{resourceGroupName}/providers/Microsoft.ApiManagement/service/{serviceName}/products/{productId}/apis/{apiId}' has no body defined.
INFORMATION: Resource type Microsoft.ApiManagement/service/products/groups under path '/subscriptions/{subscriptionId}/resourceGroups/{resourceGroupName}/providers/Microsoft.ApiManagement/service/{serviceName}/products/{productId}/groups/{groupId}' has no body defined.
Processing batch task - {"tag":"schema-apimanagement-2018-06-01-preview"} .
INFORMATION: > Loading local AutoRest extension '@autorest/bicep' (/home/runner/work/bicep-types-az/bicep-types-az/src/generator)
INFORMATION: > Loading AutoRest extension '@autorest/azureresourceschema' (~3.0.45->3.0.98)
INFORMATION: Resource type Microsoft.ApiManagement/service/apis/operations/tags under path '/subscriptions/{subscriptionId}/resourceGroups/{resourceGroupName}/providers/Microsoft.ApiManagement/service/{serviceName}/apis/{apiId}/operations/{operationId}/tags/{tagId}' has no body defined.
INFORMATION: Resource type Microsoft.ApiManagement/service/apis/tags under path '/subscriptions/{subscriptionId}/resourceGroups/{resourceGroupName}/providers/Microsoft.ApiManagement/service/{serviceName}/apis/{apiId}/tags/{tagId}' has no body defined.
INFORMATION: Resource type Microsoft.ApiManagement/service/products/tags under path '/subscriptions/{subscriptionId}/resourceGroups/{resourceGroupName}/providers/Microsoft.ApiManagement/service/{serviceName}/products/{productId}/tags/{tagId}' has no body defined.
INFORMATION: Resource type Microsoft.ApiManagement/service/groups/users under path '/subscriptions/{subscriptionId}/resourceGroups/{resourceGroupName}/providers/Microsoft.ApiManagement/service/{serviceName}/groups/{groupId}/users/{userId}' has no body defined.
INFORMATION: Resource type Microsoft.ApiManagement/service/notifications under path '/subscriptions/{subscriptionId}/resourceGroups/{resourceGroupName}/providers/Microsoft.ApiManagement/service/{serviceName}/notifications/{notificationName}' has no body defined.
INFORMATION: Resource type Microsoft.ApiManagement/service/notifications/recipientUsers under path '/subscriptions/{subscriptionId}/resourceGroups/{resourceGroupName}/providers/Microsoft.ApiManagement/service/{serviceName}/notifications/{notificationName}/recipientUsers/{userId}' has no body defined.
INFORMATION: Resource type Microsoft.ApiManagement/service/notifications/recipientEmails under path '/subscriptions/{subscriptionId}/resourceGroups/{resourceGroupName}/providers/Microsoft.ApiManagement/service/{serviceName}/notifications/{notificationName}/recipientEmails/{email}' has no body defined.
INFORMATION: Resource type Microsoft.ApiManagement/service/products/apis under path '/subscriptions/{subscriptionId}/resourceGroups/{resourceGroupName}/providers/Microsoft.ApiManagement/service/{serviceName}/products/{productId}/apis/{apiId}' has no body defined.
INFORMATION: Resource type Microsoft.ApiManagement/service/products/groups under path '/subscriptions/{subscriptionId}/resourceGroups/{resourceGroupName}/providers/Microsoft.ApiManagement/service/{serviceName}/products/{productId}/groups/{groupId}' has no body defined.
Processing batch task - {"tag":"schema-apimanagement-2018-01-01"} .
INFORMATION: > Loading local AutoRest extension '@autorest/bicep' (/home/runner/work/bicep-types-az/bicep-types-az/src/generator)
INFORMATION: > Loading AutoRest extension '@autorest/azureresourceschema' (~3.0.45->3.0.98)
INFORMATION: Resource type Microsoft.ApiManagement/service/apis/diagnostics/loggers under path '/subscriptions/{subscriptionId}/resourceGroups/{resourceGroupName}/providers/Microsoft.ApiManagement/service/{serviceName}/apis/{apiId}/diagnostics/{diagnosticId}/loggers/{loggerid}' has no body defined.
INFORMATION: Resource type Microsoft.ApiManagement/service/diagnostics/loggers under path '/subscriptions/{subscriptionId}/resourceGroups/{resourceGroupName}/providers/Microsoft.ApiManagement/service/{serviceName}/diagnostics/{diagnosticId}/loggers/{loggerid}' has no body defined.
INFORMATION: Resource type Microsoft.ApiManagement/service/groups/users under path '/subscriptions/{subscriptionId}/resourceGroups/{resourceGroupName}/providers/Microsoft.ApiManagement/service/{serviceName}/groups/{groupId}/users/{uid}' has no body defined.
INFORMATION: Resource type Microsoft.ApiManagement/service/notifications under path '/subscriptions/{subscriptionId}/resourceGroups/{resourceGroupName}/providers/Microsoft.ApiManagement/service/{serviceName}/notifications/{notificationName}' has no body defined.
INFORMATION: Resource type Microsoft.ApiManagement/service/notifications/recipientUsers under path '/subscriptions/{subscriptionId}/resourceGroups/{resourceGroupName}/providers/Microsoft.ApiManagement/service/{serviceName}/notifications/{notificationName}/recipientUsers/{uid}' has no body defined.
INFORMATION: Resource type Microsoft.ApiManagement/service/notifications/recipientEmails under path '/subscriptions/{subscriptionId}/resourceGroups/{resourceGroupName}/providers/Microsoft.ApiManagement/service/{serviceName}/notifications/{notificationName}/recipientEmails/{email}' has no body defined.
INFORMATION: Resource type Microsoft.ApiManagement/service/products/apis under path '/subscriptions/{subscriptionId}/resourceGroups/{resourceGroupName}/providers/Microsoft.ApiManagement/service/{serviceName}/products/{productId}/apis/{apiId}' has no body defined.
INFORMATION: Resource type Microsoft.ApiManagement/service/products/groups under path '/subscriptions/{subscriptionId}/resourceGroups/{resourceGroupName}/providers/Microsoft.ApiManagement/service/{serviceName}/products/{productId}/groups/{groupId}' has no body defined.
INFORMATION: Resource type Microsoft.ApiManagement/service/apis/tags under path '/subscriptions/{subscriptionId}/resourceGroups/{resourceGroupName}/providers/Microsoft.ApiManagement/service/{serviceName}/apis/{apiId}/tags/{tagId}' has no body defined.
INFORMATION: Resource type Microsoft.ApiManagement/service/apis/operations/tags under path '/subscriptions/{subscriptionId}/resourceGroups/{resourceGroupName}/providers/Microsoft.ApiManagement/service/{serviceName}/apis/{apiId}/operations/{operationId}/tags/{tagId}' has no body defined.
INFORMATION: Resource type Microsoft.ApiManagement/service/products/tags under path '/subscriptions/{subscriptionId}/resourceGroups/{resourceGroupName}/providers/Microsoft.ApiManagement/service/{serviceName}/products/{productId}/tags/{tagId}' has no body defined.
Processing batch task - {"tag":"schema-apimanagement-2017-03-01"} .
INFORMATION: > Loading local AutoRest extension '@autorest/bicep' (/home/runner/work/bicep-types-az/bicep-types-az/src/generator)
INFORMATION: > Loading AutoRest extension '@autorest/azureresourceschema' (~3.0.45->3.0.98)
INFORMATION: Resource type Microsoft.ApiManagement/service/apis/diagnostics/loggers under path '/subscriptions/{subscriptionId}/resourceGroups/{resourceGroupName}/providers/Microsoft.ApiManagement/service/{serviceName}/apis/{apiId}/diagnostics/{diagnosticId}/loggers/{loggerid}' has no body defined.
INFORMATION: Resource type Microsoft.ApiManagement/service/diagnostics/loggers under path '/subscriptions/{subscriptionId}/resourceGroups/{resourceGroupName}/providers/Microsoft.ApiManagement/service/{serviceName}/diagnostics/{diagnosticId}/loggers/{loggerid}' has no body defined.
INFORMATION: Resource type Microsoft.ApiManagement/service/groups/users under path '/subscriptions/{subscriptionId}/resourceGroups/{resourceGroupName}/providers/Microsoft.ApiManagement/service/{serviceName}/groups/{groupId}/users/{uid}' has no body defined.
INFORMATION: Resource type Microsoft.ApiManagement/service/notifications under path '/subscriptions/{subscriptionId}/resourceGroups/{resourceGroupName}/providers/Microsoft.ApiManagement/service/{serviceName}/notifications/{notificationName}' has no body defined.
INFORMATION: Resource type Microsoft.ApiManagement/service/notifications/recipientUsers under path '/subscriptions/{subscriptionId}/resourceGroups/{resourceGroupName}/providers/Microsoft.ApiManagement/service/{serviceName}/notifications/{notificationName}/recipientUsers/{uid}' has no body defined.
INFORMATION: Resource type Microsoft.ApiManagement/service/notifications/recipientEmails under path '/subscriptions/{subscriptionId}/resourceGroups/{resourceGroupName}/providers/Microsoft.ApiManagement/service/{serviceName}/notifications/{notificationName}/recipientEmails/{email}' has no body defined.
INFORMATION: Resource type Microsoft.ApiManagement/service/products/apis under path '/subscriptions/{subscriptionId}/resourceGroups/{resourceGroupName}/providers/Microsoft.ApiManagement/service/{serviceName}/products/{productId}/apis/{apiId}' has no body defined.
INFORMATION: Resource type Microsoft.ApiManagement/service/products/groups under path '/subscriptions/{subscriptionId}/resourceGroups/{resourceGroupName}/providers/Microsoft.ApiManagement/service/{serviceName}/products/{productId}/groups/{groupId}' has no body defined.
INFORMATION: Resource type Microsoft.ApiManagement/service/apis/tags under path '/subscriptions/{subscriptionId}/resourceGroups/{resourceGroupName}/providers/Microsoft.ApiManagement/service/{serviceName}/apis/{apiId}/tags/{tagId}' has no body defined.
INFORMATION: Resource type Microsoft.ApiManagement/service/apis/operations/tags under path '/subscriptions/{subscriptionId}/resourceGroups/{resourceGroupName}/providers/Microsoft.ApiManagement/service/{serviceName}/apis/{apiId}/operations/{operationId}/tags/{tagId}' has no body defined.
INFORMATION: Resource type Microsoft.ApiManagement/service/products/tags under path '/subscriptions/{subscriptionId}/resourceGroups/{resourceGroupName}/providers/Microsoft.ApiManagement/service/{serviceName}/products/{productId}/tags/{tagId}' has no body defined.
Processing batch task - {"tag":"schema-apimanagement-2016-10-10"} .
INFORMATION: > Loading local AutoRest extension '@autorest/bicep' (/home/runner/work/bicep-types-az/bicep-types-az/src/generator)
INFORMATION: > Loading AutoRest extension '@autorest/azureresourceschema' (~3.0.45->3.0.98)
WARNING: Skipping path '/subscriptions/{subscriptionId}/resourceGroups/{resourceGroupName}/providers/Microsoft.ApiManagement/service/{serviceName}/apis/{apiId}/operations/{operationId}/policy': Found mismatch betwen type segments (4) and name segments (3)
WARNING: Skipping path '/subscriptions/{subscriptionId}/resourceGroups/{resourceGroupName}/providers/Microsoft.ApiManagement/service/{serviceName}/apis/{apiId}/policy': Found mismatch betwen type segments (3) and name segments (2)
WARNING: Skipping path '/subscriptions/{subscriptionId}/resourceGroups/{resourceGroupName}/providers/Microsoft.ApiManagement/service/{serviceName}/products/{productId}/policy': Found mismatch betwen type segments (3) and name segments (2)
INFORMATION: Resource type Microsoft.ApiManagement/service/groups/users under path '/subscriptions/{subscriptionId}/resourceGroups/{resourceGroupName}/providers/Microsoft.ApiManagement/service/{serviceName}/groups/{groupId}/users/{uid}' has no body defined.
INFORMATION: Resource type Microsoft.ApiManagement/service/products/apis under path '/subscriptions/{subscriptionId}/resourceGroups/{resourceGroupName}/providers/Microsoft.ApiManagement/service/{serviceName}/products/{productId}/apis/{apiId}' has no body defined.
INFORMATION: Resource type Microsoft.ApiManagement/service/products/groups under path '/subscriptions/{subscriptionId}/resourceGroups/{resourceGroupName}/providers/Microsoft.ApiManagement/service/{serviceName}/products/{productId}/groups/{groupId}' has no body defined.
INFORMATION: Resource type Microsoft.ApiManagement/service/tenant under path '/subscriptions/{subscriptionId}/resourceGroups/{resourceGroupName}/providers/Microsoft.ApiManagement/service/{serviceName}/tenant/policy' has no body defined.
Processing batch task - {"tag":"schema-apimanagement-2016-07-07"} .
INFORMATION: > Loading local AutoRest extension '@autorest/bicep' (/home/runner/work/bicep-types-az/bicep-types-az/src/generator)
INFORMATION: > Loading AutoRest extension '@autorest/azureresourceschema' (~3.0.45->3.0.98)
INFORMATION: Resource type Microsoft.ApiManagement/service/products/apis under path '/subscriptions/{subscriptionId}/resourceGroups/{resourceGroupName}/providers/Microsoft.ApiManagement/service/{serviceName}/products/{productId}/apis/{apiId}' has no body defined.
INFORMATION: Resource type Microsoft.ApiManagement/service/products/groups under path '/subscriptions/{subscriptionId}/resourceGroups/{resourceGroupName}/providers/Microsoft.ApiManagement/service/{serviceName}/products/{productId}/groups/{groupId}' has no body defined.
INFORMATION: Resource type Microsoft.ApiManagement/service/groups/users under path '/subscriptions/{subscriptionId}/resourceGroups/{resourceGroupName}/providers/Microsoft.ApiManagement/service/{serviceName}/groups/{groupId}/users/{uid}' has no body defined.
Processing batch task - {"tag":"schema-apimanagement-2020-12-01"} .
INFORMATION: > Loading local AutoRest extension '@autorest/bicep' (/home/runner/work/bicep-types-az/bicep-types-az/src/generator)
INFORMATION: > Loading AutoRest extension '@autorest/azureresourceschema' (~3.0.45->3.0.98)
INFORMATION: Resource type Microsoft.ApiManagement/service/apis/operations/tags under path '/subscriptions/{subscriptionId}/resourceGroups/{resourceGroupName}/providers/Microsoft.ApiManagement/service/{serviceName}/apis/{apiId}/operations/{operationId}/tags/{tagId}' has no body defined.
INFORMATION: Resource type Microsoft.ApiManagement/service/apis/tags under path '/subscriptions/{subscriptionId}/resourceGroups/{resourceGroupName}/providers/Microsoft.ApiManagement/service/{serviceName}/apis/{apiId}/tags/{tagId}' has no body defined.
INFORMATION: Resource type Microsoft.ApiManagement/service/products/tags under path '/subscriptions/{subscriptionId}/resourceGroups/{resourceGroupName}/providers/Microsoft.ApiManagement/service/{serviceName}/products/{productId}/tags/{tagId}' has no body defined.
INFORMATION: Resource type Microsoft.ApiManagement/service/contentTypes under path '/subscriptions/{subscriptionId}/resourceGroups/{resourceGroupName}/providers/Microsoft.ApiManagement/service/{serviceName}/contentTypes/{contentTypeId}' has no body defined.
INFORMATION: Resource type Microsoft.ApiManagement/service/contentTypes/contentItems under path '/subscriptions/{subscriptionId}/resourceGroups/{resourceGroupName}/providers/Microsoft.ApiManagement/service/{serviceName}/contentTypes/{contentTypeId}/contentItems/{contentItemId}' has no body defined.
INFORMATION: Resource type Microsoft.ApiManagement/service/groups/users under path '/subscriptions/{subscriptionId}/resourceGroups/{resourceGroupName}/providers/Microsoft.ApiManagement/service/{serviceName}/groups/{groupId}/users/{userId}' has no body defined.
INFORMATION: Resource type Microsoft.ApiManagement/service/notifications under path '/subscriptions/{subscriptionId}/resourceGroups/{resourceGroupName}/providers/Microsoft.ApiManagement/service/{serviceName}/notifications/{notificationName}' has no body defined.
INFORMATION: Resource type Microsoft.ApiManagement/service/notifications/recipientUsers under path '/subscriptions/{subscriptionId}/resourceGroups/{resourceGroupName}/providers/Microsoft.ApiManagement/service/{serviceName}/notifications/{notificationName}/recipientUsers/{userId}' has no body defined.
INFORMATION: Resource type Microsoft.ApiManagement/service/notifications/recipientEmails under path '/subscriptions/{subscriptionId}/resourceGroups/{resourceGroupName}/providers/Microsoft.ApiManagement/service/{serviceName}/notifications/{notificationName}/recipientEmails/{email}' has no body defined.
INFORMATION: Resource type Microsoft.ApiManagement/service/products/apis under path '/subscriptions/{subscriptionId}/resourceGroups/{resourceGroupName}/providers/Microsoft.ApiManagement/service/{serviceName}/products/{productId}/apis/{apiId}' has no body defined.
INFORMATION: Resource type Microsoft.ApiManagement/service/products/groups under path '/subscriptions/{subscriptionId}/resourceGroups/{resourceGroupName}/providers/Microsoft.ApiManagement/service/{serviceName}/products/{productId}/groups/{groupId}' has no body defined.
Processing batch task - {"tag":"schema-apimanagement-2020-06-01-preview"} .
INFORMATION: > Loading local AutoRest extension '@autorest/bicep' (/home/runner/work/bicep-types-az/bicep-types-az/src/generator)
INFORMATION: > Loading AutoRest extension '@autorest/azureresourceschema' (~3.0.45->3.0.98)
INFORMATION: Resource type Microsoft.ApiManagement/service/apis/operations/tags under path '/subscriptions/{subscriptionId}/resourceGroups/{resourceGroupName}/providers/Microsoft.ApiManagement/service/{serviceName}/apis/{apiId}/operations/{operationId}/tags/{tagId}' has no body defined.
INFORMATION: Resource type Microsoft.ApiManagement/service/apis/tags under path '/subscriptions/{subscriptionId}/resourceGroups/{resourceGroupName}/providers/Microsoft.ApiManagement/service/{serviceName}/apis/{apiId}/tags/{tagId}' has no body defined.
INFORMATION: Resource type Microsoft.ApiManagement/service/products/tags under path '/subscriptions/{subscriptionId}/resourceGroups/{resourceGroupName}/providers/Microsoft.ApiManagement/service/{serviceName}/products/{productId}/tags/{tagId}' has no body defined.
INFORMATION: Resource type Microsoft.ApiManagement/service/contentTypes under path '/subscriptions/{subscriptionId}/resourceGroups/{resourceGroupName}/providers/Microsoft.ApiManagement/service/{serviceName}/contentTypes/{contentTypeId}' has no body defined.
INFORMATION: Resource type Microsoft.ApiManagement/service/contentTypes/contentItems under path '/subscriptions/{subscriptionId}/resourceGroups/{resourceGroupName}/providers/Microsoft.ApiManagement/service/{serviceName}/contentTypes/{contentTypeId}/contentItems/{contentItemId}' has no body defined.
INFORMATION: Resource type Microsoft.ApiManagement/service/groups/users under path '/subscriptions/{subscriptionId}/resourceGroups/{resourceGroupName}/providers/Microsoft.ApiManagement/service/{serviceName}/groups/{groupId}/users/{userId}' has no body defined.
INFORMATION: Resource type Microsoft.ApiManagement/service/notifications under path '/subscriptions/{subscriptionId}/resourceGroups/{resourceGroupName}/providers/Microsoft.ApiManagement/service/{serviceName}/notifications/{notificationName}' has no body defined.
INFORMATION: Resource type Microsoft.ApiManagement/service/notifications/recipientUsers under path '/subscriptions/{subscriptionId}/resourceGroups/{resourceGroupName}/providers/Microsoft.ApiManagement/service/{serviceName}/notifications/{notificationName}/recipientUsers/{userId}' has no body defined.
INFORMATION: Resource type Microsoft.ApiManagement/service/notifications/recipientEmails under path '/subscriptions/{subscriptionId}/resourceGroups/{resourceGroupName}/providers/Microsoft.ApiManagement/service/{serviceName}/notifications/{notificationName}/recipientEmails/{email}' has no body defined.
INFORMATION: Resource type Microsoft.ApiManagement/service/products/apis under path '/subscriptions/{subscriptionId}/resourceGroups/{resourceGroupName}/providers/Microsoft.ApiManagement/service/{serviceName}/products/{productId}/apis/{apiId}' has no body defined.
INFORMATION: Resource type Microsoft.ApiManagement/service/products/groups under path '/subscriptions/{subscriptionId}/resourceGroups/{resourceGroupName}/providers/Microsoft.ApiManagement/service/{serviceName}/products/{productId}/groups/{groupId}' has no body defined.
Processing batch task - {"tag":"schema-apimanagement-2019-12-01-preview"} .
INFORMATION: > Loading local AutoRest extension '@autorest/bicep' (/home/runner/work/bicep-types-az/bicep-types-az/src/generator)
INFORMATION: > Loading AutoRest extension '@autorest/azureresourceschema' (~3.0.45->3.0.98)
INFORMATION: Resource type Microsoft.ApiManagement/service/apis/operations/tags under path '/subscriptions/{subscriptionId}/resourceGroups/{resourceGroupName}/providers/Microsoft.ApiManagement/service/{serviceName}/apis/{apiId}/operations/{operationId}/tags/{tagId}' has no body defined.
INFORMATION: Resource type Microsoft.ApiManagement/service/apis/tags under path '/subscriptions/{subscriptionId}/resourceGroups/{resourceGroupName}/providers/Microsoft.ApiManagement/service/{serviceName}/apis/{apiId}/tags/{tagId}' has no body defined.
INFORMATION: Resource type Microsoft.ApiManagement/service/products/tags under path '/subscriptions/{subscriptionId}/resourceGroups/{resourceGroupName}/providers/Microsoft.ApiManagement/service/{serviceName}/products/{productId}/tags/{tagId}' has no body defined.
INFORMATION: Resource type Microsoft.ApiManagement/service/groups/users under path '/subscriptions/{subscriptionId}/resourceGroups/{resourceGroupName}/providers/Microsoft.ApiManagement/service/{serviceName}/groups/{groupId}/users/{userId}' has no body defined.
INFORMATION: Resource type Microsoft.ApiManagement/service/notifications under path '/subscriptions/{subscriptionId}/resourceGroups/{resourceGroupName}/providers/Microsoft.ApiManagement/service/{serviceName}/notifications/{notificationName}' has no body defined.
INFORMATION: Resource type Microsoft.ApiManagement/service/notifications/recipientUsers under path '/subscriptions/{subscriptionId}/resourceGroups/{resourceGroupName}/providers/Microsoft.ApiManagement/service/{serviceName}/notifications/{notificationName}/recipientUsers/{userId}' has no body defined.
INFORMATION: Resource type Microsoft.ApiManagement/service/notifications/recipientEmails under path '/subscriptions/{subscriptionId}/resourceGroups/{resourceGroupName}/providers/Microsoft.ApiManagement/service/{serviceName}/notifications/{notificationName}/recipientEmails/{email}' has no body defined.
INFORMATION: Resource type Microsoft.ApiManagement/service/products/apis under path '/subscriptions/{subscriptionId}/resourceGroups/{resourceGroupName}/providers/Microsoft.ApiManagement/service/{serviceName}/products/{productId}/apis/{apiId}' has no body defined.
INFORMATION: Resource type Microsoft.ApiManagement/service/products/groups under path '/subscriptions/{subscriptionId}/resourceGroups/{resourceGroupName}/providers/Microsoft.ApiManagement/service/{serviceName}/products/{productId}/groups/{groupId}' has no body defined.
Processing batch task - {"tag":"schema-apimanagement-2019-12-01"} .
INFORMATION: > Loading local AutoRest extension '@autorest/bicep' (/home/runner/work/bicep-types-az/bicep-types-az/src/generator)
INFORMATION: > Loading AutoRest extension '@autorest/azureresourceschema' (~3.0.45->3.0.98)
INFORMATION: Resource type Microsoft.ApiManagement/service/apis/operations/tags under path '/subscriptions/{subscriptionId}/resourceGroups/{resourceGroupName}/providers/Microsoft.ApiManagement/service/{serviceName}/apis/{apiId}/operations/{operationId}/tags/{tagId}' has no body defined.
INFORMATION: Resource type Microsoft.ApiManagement/service/apis/tags under path '/subscriptions/{subscriptionId}/resourceGroups/{resourceGroupName}/providers/Microsoft.ApiManagement/service/{serviceName}/apis/{apiId}/tags/{tagId}' has no body defined.
INFORMATION: Resource type Microsoft.ApiManagement/service/products/tags under path '/subscriptions/{subscriptionId}/resourceGroups/{resourceGroupName}/providers/Microsoft.ApiManagement/service/{serviceName}/products/{productId}/tags/{tagId}' has no body defined.
INFORMATION: Resource type Microsoft.ApiManagement/service/contentTypes under path '/subscriptions/{subscriptionId}/resourceGroups/{resourceGroupName}/providers/Microsoft.ApiManagement/service/{serviceName}/contentTypes/{contentTypeId}' has no body defined.
INFORMATION: Resource type Microsoft.ApiManagement/service/contentTypes/contentItems under path '/subscriptions/{subscriptionId}/resourceGroups/{resourceGroupName}/providers/Microsoft.ApiManagement/service/{serviceName}/contentTypes/{contentTypeId}/contentItems/{contentItemId}' has no body defined.
INFORMATION: Resource type Microsoft.ApiManagement/service/groups/users under path '/subscriptions/{subscriptionId}/resourceGroups/{resourceGroupName}/providers/Microsoft.ApiManagement/service/{serviceName}/groups/{groupId}/users/{userId}' has no body defined.
INFORMATION: Resource type Microsoft.ApiManagement/service/notifications under path '/subscriptions/{subscriptionId}/resourceGroups/{resourceGroupName}/providers/Microsoft.ApiManagement/service/{serviceName}/notifications/{notificationName}' has no body defined.
INFORMATION: Resource type Microsoft.ApiManagement/service/notifications/recipientUsers under path '/subscriptions/{subscriptionId}/resourceGroups/{resourceGroupName}/providers/Microsoft.ApiManagement/service/{serviceName}/notifications/{notificationName}/recipientUsers/{userId}' has no body defined.
INFORMATION: Resource type Microsoft.ApiManagement/service/notifications/recipientEmails under path '/subscriptions/{subscriptionId}/resourceGroups/{resourceGroupName}/providers/Microsoft.ApiManagement/service/{serviceName}/notifications/{notificationName}/recipientEmails/{email}' has no body defined.
INFORMATION: Resource type Microsoft.ApiManagement/service/products/apis under path '/subscriptions/{subscriptionId}/resourceGroups/{resourceGroupName}/providers/Microsoft.ApiManagement/service/{serviceName}/products/{productId}/apis/{apiId}' has no body defined.
INFORMATION: Resource type Microsoft.ApiManagement/service/products/groups under path '/subscriptions/{subscriptionId}/resourceGroups/{resourceGroupName}/providers/Microsoft.ApiManagement/service/{serviceName}/products/{productId}/groups/{groupId}' has no body defined.
Processing batch task - {"tag":"schema-apimanagement-2019-01-01"} .
INFORMATION: > Loading local AutoRest extension '@autorest/bicep' (/home/runner/work/bicep-types-az/bicep-types-az/src/generator)
INFORMATION: > Loading AutoRest extension '@autorest/azureresourceschema' (~3.0.45->3.0.98)
INFORMATION: Resource type Microsoft.ApiManagement/service/apis/operations/tags under path '/subscriptions/{subscriptionId}/resourceGroups/{resourceGroupName}/providers/Microsoft.ApiManagement/service/{serviceName}/apis/{apiId}/operations/{operationId}/tags/{tagId}' has no body defined.
INFORMATION: Resource type Microsoft.ApiManagement/service/apis/tags under path '/subscriptions/{subscriptionId}/resourceGroups/{resourceGroupName}/providers/Microsoft.ApiManagement/service/{serviceName}/apis/{apiId}/tags/{tagId}' has no body defined.
INFORMATION: Resource type Microsoft.ApiManagement/service/products/tags under path '/subscriptions/{subscriptionId}/resourceGroups/{resourceGroupName}/providers/Microsoft.ApiManagement/service/{serviceName}/products/{productId}/tags/{tagId}' has no body defined.
INFORMATION: Resource type Microsoft.ApiManagement/service/groups/users under path '/subscriptions/{subscriptionId}/resourceGroups/{resourceGroupName}/providers/Microsoft.ApiManagement/service/{serviceName}/groups/{groupId}/users/{userId}' has no body defined.
INFORMATION: Resource type Microsoft.ApiManagement/service/notifications under path '/subscriptions/{subscriptionId}/resourceGroups/{resourceGroupName}/providers/Microsoft.ApiManagement/service/{serviceName}/notifications/{notificationName}' has no body defined.
INFORMATION: Resource type Microsoft.ApiManagement/service/notifications/recipientUsers under path '/subscriptions/{subscriptionId}/resourceGroups/{resourceGroupName}/providers/Microsoft.ApiManagement/service/{serviceName}/notifications/{notificationName}/recipientUsers/{userId}' has no body defined.
INFORMATION: Resource type Microsoft.ApiManagement/service/notifications/recipientEmails under path '/subscriptions/{subscriptionId}/resourceGroups/{resourceGroupName}/providers/Microsoft.ApiManagement/service/{serviceName}/notifications/{notificationName}/recipientEmails/{email}' has no body defined.
INFORMATION: Resource type Microsoft.ApiManagement/service/products/apis under path '/subscriptions/{subscriptionId}/resourceGroups/{resourceGroupName}/providers/Microsoft.ApiManagement/service/{serviceName}/products/{productId}/apis/{apiId}' has no body defined.
INFORMATION: Resource type Microsoft.ApiManagement/service/products/groups under path '/subscriptions/{subscriptionId}/resourceGroups/{resourceGroupName}/providers/Microsoft.ApiManagement/service/{serviceName}/products/{productId}/groups/{groupId}' has no body defined.
Processing batch task - {"tag":"schema-apimanagement-2018-06-01-preview"} .
INFORMATION: > Loading local AutoRest extension '@autorest/bicep' (/home/runner/work/bicep-types-az/bicep-types-az/src/generator)
INFORMATION: > Loading AutoRest extension '@autorest/azureresourceschema' (~3.0.45->3.0.98)
INFORMATION: Resource type Microsoft.ApiManagement/service/apis/operations/tags under path '/subscriptions/{subscriptionId}/resourceGroups/{resourceGroupName}/providers/Microsoft.ApiManagement/service/{serviceName}/apis/{apiId}/operations/{operationId}/tags/{tagId}' has no body defined.
INFORMATION: Resource type Microsoft.ApiManagement/service/apis/tags under path '/subscriptions/{subscriptionId}/resourceGroups/{resourceGroupName}/providers/Microsoft.ApiManagement/service/{serviceName}/apis/{apiId}/tags/{tagId}' has no body defined.
INFORMATION: Resource type Microsoft.ApiManagement/service/products/tags under path '/subscriptions/{subscriptionId}/resourceGroups/{resourceGroupName}/providers/Microsoft.ApiManagement/service/{serviceName}/products/{productId}/tags/{tagId}' has no body defined.
INFORMATION: Resource type Microsoft.ApiManagement/service/groups/users under path '/subscriptions/{subscriptionId}/resourceGroups/{resourceGroupName}/providers/Microsoft.ApiManagement/service/{serviceName}/groups/{groupId}/users/{userId}' has no body defined.
INFORMATION: Resource type Microsoft.ApiManagement/service/notifications under path '/subscriptions/{subscriptionId}/resourceGroups/{resourceGroupName}/providers/Microsoft.ApiManagement/service/{serviceName}/notifications/{notificationName}' has no body defined.
INFORMATION: Resource type Microsoft.ApiManagement/service/notifications/recipientUsers under path '/subscriptions/{subscriptionId}/resourceGroups/{resourceGroupName}/providers/Microsoft.ApiManagement/service/{serviceName}/notifications/{notificationName}/recipientUsers/{userId}' has no body defined.
INFORMATION: Resource type Microsoft.ApiManagement/service/notifications/recipientEmails under path '/subscriptions/{subscriptionId}/resourceGroups/{resourceGroupName}/providers/Microsoft.ApiManagement/service/{serviceName}/notifications/{notificationName}/recipientEmails/{email}' has no body defined.
INFORMATION: Resource type Microsoft.ApiManagement/service/products/apis under path '/subscriptions/{subscriptionId}/resourceGroups/{resourceGroupName}/providers/Microsoft.ApiManagement/service/{serviceName}/products/{productId}/apis/{apiId}' has no body defined.
INFORMATION: Resource type Microsoft.ApiManagement/service/products/groups under path '/subscriptions/{subscriptionId}/resourceGroups/{resourceGroupName}/providers/Microsoft.ApiManagement/service/{serviceName}/products/{productId}/groups/{groupId}' has no body defined.
Processing batch task - {"tag":"schema-apimanagement-2018-01-01"} .
INFORMATION: > Loading local AutoRest extension '@autorest/bicep' (/home/runner/work/bicep-types-az/bicep-types-az/src/generator)
INFORMATION: > Loading AutoRest extension '@autorest/azureresourceschema' (~3.0.45->3.0.98)
INFORMATION: Resource type Microsoft.ApiManagement/service/apis/diagnostics/loggers under path '/subscriptions/{subscriptionId}/resourceGroups/{resourceGroupName}/providers/Microsoft.ApiManagement/service/{serviceName}/apis/{apiId}/diagnostics/{diagnosticId}/loggers/{loggerid}' has no body defined.
INFORMATION: Resource type Microsoft.ApiManagement/service/diagnostics/loggers under path '/subscriptions/{subscriptionId}/resourceGroups/{resourceGroupName}/providers/Microsoft.ApiManagement/service/{serviceName}/diagnostics/{diagnosticId}/loggers/{loggerid}' has no body defined.
INFORMATION: Resource type Microsoft.ApiManagement/service/groups/users under path '/subscriptions/{subscriptionId}/resourceGroups/{resourceGroupName}/providers/Microsoft.ApiManagement/service/{serviceName}/groups/{groupId}/users/{uid}' has no body defined.
INFORMATION: Resource type Microsoft.ApiManagement/service/notifications under path '/subscriptions/{subscriptionId}/resourceGroups/{resourceGroupName}/providers/Microsoft.ApiManagement/service/{serviceName}/notifications/{notificationName}' has no body defined.
INFORMATION: Resource type Microsoft.ApiManagement/service/notifications/recipientUsers under path '/subscriptions/{subscriptionId}/resourceGroups/{resourceGroupName}/providers/Microsoft.ApiManagement/service/{serviceName}/notifications/{notificationName}/recipientUsers/{uid}' has no body defined.
INFORMATION: Resource type Microsoft.ApiManagement/service/notifications/recipientEmails under path '/subscriptions/{subscriptionId}/resourceGroups/{resourceGroupName}/providers/Microsoft.ApiManagement/service/{serviceName}/notifications/{notificationName}/recipientEmails/{email}' has no body defined.
INFORMATION: Resource type Microsoft.ApiManagement/service/products/apis under path '/subscriptions/{subscriptionId}/resourceGroups/{resourceGroupName}/providers/Microsoft.ApiManagement/service/{serviceName}/products/{productId}/apis/{apiId}' has no body defined.
INFORMATION: Resource type Microsoft.ApiManagement/service/products/groups under path '/subscriptions/{subscriptionId}/resourceGroups/{resourceGroupName}/providers/Microsoft.ApiManagement/service/{serviceName}/products/{productId}/groups/{groupId}' has no body defined.
INFORMATION: Resource type Microsoft.ApiManagement/service/apis/tags under path '/subscriptions/{subscriptionId}/resourceGroups/{resourceGroupName}/providers/Microsoft.ApiManagement/service/{serviceName}/apis/{apiId}/tags/{tagId}' has no body defined.
INFORMATION: Resource type Microsoft.ApiManagement/service/apis/operations/tags under path '/subscriptions/{subscriptionId}/resourceGroups/{resourceGroupName}/providers/Microsoft.ApiManagement/service/{serviceName}/apis/{apiId}/operations/{operationId}/tags/{tagId}' has no body defined.
INFORMATION: Resource type Microsoft.ApiManagement/service/products/tags under path '/subscriptions/{subscriptionId}/resourceGroups/{resourceGroupName}/providers/Microsoft.ApiManagement/service/{serviceName}/products/{productId}/tags/{tagId}' has no body defined.
Processing batch task - {"tag":"schema-apimanagement-2017-03-01"} .
INFORMATION: > Loading local AutoRest extension '@autorest/bicep' (/home/runner/work/bicep-types-az/bicep-types-az/src/generator)
INFORMATION: > Loading AutoRest extension '@autorest/azureresourceschema' (~3.0.45->3.0.98)
INFORMATION: Resource type Microsoft.ApiManagement/service/apis/diagnostics/loggers under path '/subscriptions/{subscriptionId}/resourceGroups/{resourceGroupName}/providers/Microsoft.ApiManagement/service/{serviceName}/apis/{apiId}/diagnostics/{diagnosticId}/loggers/{loggerid}' has no body defined.
INFORMATION: Resource type Microsoft.ApiManagement/service/diagnostics/loggers under path '/subscriptions/{subscriptionId}/resourceGroups/{resourceGroupName}/providers/Microsoft.ApiManagement/service/{serviceName}/diagnostics/{diagnosticId}/loggers/{loggerid}' has no body defined.
INFORMATION: Resource type Microsoft.ApiManagement/service/groups/users under path '/subscriptions/{subscriptionId}/resourceGroups/{resourceGroupName}/providers/Microsoft.ApiManagement/service/{serviceName}/groups/{groupId}/users/{uid}' has no body defined.
INFORMATION: Resource type Microsoft.ApiManagement/service/notifications under path '/subscriptions/{subscriptionId}/resourceGroups/{resourceGroupName}/providers/Microsoft.ApiManagement/service/{serviceName}/notifications/{notificationName}' has no body defined.
INFORMATION: Resource type Microsoft.ApiManagement/service/notifications/recipientUsers under path '/subscriptions/{subscriptionId}/resourceGroups/{resourceGroupName}/providers/Microsoft.ApiManagement/service/{serviceName}/notifications/{notificationName}/recipientUsers/{uid}' has no body defined.
INFORMATION: Resource type Microsoft.ApiManagement/service/notifications/recipientEmails under path '/subscriptions/{subscriptionId}/resourceGroups/{resourceGroupName}/providers/Microsoft.ApiManagement/service/{serviceName}/notifications/{notificationName}/recipientEmails/{email}' has no body defined.
INFORMATION: Resource type Microsoft.ApiManagement/service/products/apis under path '/subscriptions/{subscriptionId}/resourceGroups/{resourceGroupName}/providers/Microsoft.ApiManagement/service/{serviceName}/products/{productId}/apis/{apiId}' has no body defined.
INFORMATION: Resource type Microsoft.ApiManagement/service/products/groups under path '/subscriptions/{subscriptionId}/resourceGroups/{resourceGroupName}/providers/Microsoft.ApiManagement/service/{serviceName}/products/{productId}/groups/{groupId}' has no body defined.
INFORMATION: Resource type Microsoft.ApiManagement/service/apis/tags under path '/subscriptions/{subscriptionId}/resourceGroups/{resourceGroupName}/providers/Microsoft.ApiManagement/service/{serviceName}/apis/{apiId}/tags/{tagId}' has no body defined.
INFORMATION: Resource type Microsoft.ApiManagement/service/apis/operations/tags under path '/subscriptions/{subscriptionId}/resourceGroups/{resourceGroupName}/providers/Microsoft.ApiManagement/service/{serviceName}/apis/{apiId}/operations/{operationId}/tags/{tagId}' has no body defined.
INFORMATION: Resource type Microsoft.ApiManagement/service/products/tags under path '/subscriptions/{subscriptionId}/resourceGroups/{resourceGroupName}/providers/Microsoft.ApiManagement/service/{serviceName}/products/{productId}/tags/{tagId}' has no body defined.
Processing batch task - {"tag":"schema-apimanagement-2016-10-10"} .
INFORMATION: > Loading local AutoRest extension '@autorest/bicep' (/home/runner/work/bicep-types-az/bicep-types-az/src/generator)
INFORMATION: > Loading AutoRest extension '@autorest/azureresourceschema' (~3.0.45->3.0.98)
WARNING: Skipping path '/subscriptions/{subscriptionId}/resourceGroups/{resourceGroupName}/providers/Microsoft.ApiManagement/service/{serviceName}/apis/{apiId}/operations/{operationId}/policy': Found mismatch betwen type segments (4) and name segments (3)
WARNING: Skipping path '/subscriptions/{subscriptionId}/resourceGroups/{resourceGroupName}/providers/Microsoft.ApiManagement/service/{serviceName}/apis/{apiId}/policy': Found mismatch betwen type segments (3) and name segments (2)
WARNING: Skipping path '/subscriptions/{subscriptionId}/resourceGroups/{resourceGroupName}/providers/Microsoft.ApiManagement/service/{serviceName}/products/{productId}/policy': Found mismatch betwen type segments (3) and name segments (2)
INFORMATION: Resource type Microsoft.ApiManagement/service/groups/users under path '/subscriptions/{subscriptionId}/resourceGroups/{resourceGroupName}/providers/Microsoft.ApiManagement/service/{serviceName}/groups/{groupId}/users/{uid}' has no body defined.
INFORMATION: Resource type Microsoft.ApiManagement/service/products/apis under path '/subscriptions/{subscriptionId}/resourceGroups/{resourceGroupName}/providers/Microsoft.ApiManagement/service/{serviceName}/products/{productId}/apis/{apiId}' has no body defined.
INFORMATION: Resource type Microsoft.ApiManagement/service/products/groups under path '/subscriptions/{subscriptionId}/resourceGroups/{resourceGroupName}/providers/Microsoft.ApiManagement/service/{serviceName}/products/{productId}/groups/{groupId}' has no body defined.
INFORMATION: Resource type Microsoft.ApiManagement/service/tenant under path '/subscriptions/{subscriptionId}/resourceGroups/{resourceGroupName}/providers/Microsoft.ApiManagement/service/{serviceName}/tenant/policy' has no body defined.
Processing batch task - {"tag":"schema-apimanagement-2016-07-07"} .
INFORMATION: > Loading local AutoRest extension '@autorest/bicep' (/home/runner/work/bicep-types-az/bicep-types-az/src/generator)
INFORMATION: > Loading AutoRest extension '@autorest/azureresourceschema' (~3.0.45->3.0.98)
INFORMATION: Resource type Microsoft.ApiManagement/service/products/apis under path '/subscriptions/{subscriptionId}/resourceGroups/{resourceGroupName}/providers/Microsoft.ApiManagement/service/{serviceName}/products/{productId}/apis/{apiId}' has no body defined.
INFORMATION: Resource type Microsoft.ApiManagement/service/products/groups under path '/subscriptions/{subscriptionId}/resourceGroups/{resourceGroupName}/providers/Microsoft.ApiManagement/service/{serviceName}/products/{productId}/groups/{groupId}' has no body defined.
INFORMATION: Resource type Microsoft.ApiManagement/service/groups/users under path '/subscriptions/{subscriptionId}/resourceGroups/{resourceGroupName}/providers/Microsoft.ApiManagement/service/{serviceName}/groups/{groupId}/users/{uid}' has no body defined.
[785.53 s] Generation Complete
