AutoRest code generation utility [cli version: 3.4.2; node: v14.18.1]
(C) 2018 Microsoft Corporation.
https://aka.ms/autorest
info    |    Loading AutoRest core      '/home/runner/work/bicep-types-az/bicep-types-az/src/generator/node_modules/@autorest/core/dist' (3.6.6)
info    |    Loading local AutoRest extension '@autorest/bicep' (/home/runner/work/bicep-types-az/bicep-types-az/src/autorest.bicep)
info    |    Loading AutoRest extension '@autorest/modelerfour' (*->4.22.0)
info    | Processing batch task - {"tag":"microsoft.management-2021-04-01"} .
info    |    Loading local AutoRest extension '@autorest/bicep' (/home/runner/work/bicep-types-az/bicep-types-az/src/autorest.bicep)
info    |    Loading AutoRest extension '@autorest/modelerfour' (*->4.22.0)
warning | SkippedSemanticValidation | Semantic validation was skipped.
warning | PreCheck/SchemaMissingType | The schema 'ErrorResponse' with an undefined type and declared properties is a bit ambiguous. This has been auto-corrected to 'type:object'
    - openapi-document.json:31:4
warning | PreCheck/SchemaMissingType | The schema 'ErrorDetails' with an undefined type and declared properties is a bit ambiguous. This has been auto-corrected to 'type:object'
    - openapi-document.json:53:4
warning | PreCheck/SchemaMissingType | The schema 'OperationDisplayProperties' with an undefined type and declared properties is a bit ambiguous. This has been auto-corrected to 'type:object'
    - openapi-document.json:180:4
warning | PreCheck/SchemaMissingType | The schema 'OperationListResult' with an undefined type and declared properties is a bit ambiguous. This has been auto-corrected to 'type:object'
    - openapi-document.json:290:4
warning | PreCheck/SchemaMissingType | The schema 'CheckNameAvailabilityResult' with an undefined type and declared properties is a bit ambiguous. This has been auto-corrected to 'type:object'
    - openapi-document.json:357:4
warning | PreCheck/SchemaMissingType | The schema 'TenantBackfillStatusResult' with an undefined type and declared properties is a bit ambiguous. This has been auto-corrected to 'type:object'
    - openapi-document.json:420:4
warning | PreCheck/SchemaMissingType | The schema 'ManagementGroupListResult' with an undefined type and declared properties is a bit ambiguous. This has been auto-corrected to 'type:object'
    - openapi-document.json:490:4
warning | PreCheck/SchemaMissingType | The schema 'ManagementGroupInfo' with an undefined type and declared properties is a bit ambiguous. This has been auto-corrected to 'type:object'
    - openapi-document.json:555:4
warning | PreCheck/SchemaMissingType | The schema 'ListSubscriptionUnderManagementGroup' with an undefined type and declared properties is a bit ambiguous. This has been auto-corrected to 'type:object'
    - openapi-document.json:708:4
warning | PreCheck/SchemaMissingType | The schema 'SubscriptionUnderManagementGroup' with an undefined type and declared properties is a bit ambiguous. This has been auto-corrected to 'type:object'
    - openapi-document.json:773:4
warning | PreCheck/SchemaMissingType | The schema 'ManagementGroup' with an undefined type and declared properties is a bit ambiguous. This has been auto-corrected to 'type:object'
    - openapi-document.json:954:4
warning | PreCheck/SchemaMissingType | The schema 'ManagementGroupChildInfo' with an undefined type and declared properties is a bit ambiguous. This has been auto-corrected to 'type:object'
    - openapi-document.json:1316:4
warning | PreCheck/SchemaMissingType | The schema 'ManagementGroupPathElement' with an undefined type and declared properties is a bit ambiguous. This has been auto-corrected to 'type:object'
    - openapi-document.json:1426:4
warning | PreCheck/SchemaMissingType | The schema 'ParentGroupInfo' with an undefined type and declared properties is a bit ambiguous. This has been auto-corrected to 'type:object'
    - openapi-document.json:1486:4
warning | PreCheck/SchemaMissingType | The schema 'OperationResults' with an undefined type and declared properties is a bit ambiguous. This has been auto-corrected to 'type:object'
    - openapi-document.json:1567:4
warning | PreCheck/SchemaMissingType | The schema 'AzureAsyncOperationResults' with an undefined type and declared properties is a bit ambiguous. This has been auto-corrected to 'type:object'
    - openapi-document.json:1659:4
warning | PreCheck/SchemaMissingType | The schema 'HierarchySettings' with an undefined type and declared properties is a bit ambiguous. This has been auto-corrected to 'type:object'
    - openapi-document.json:1774:4
warning | PreCheck/SchemaMissingType | The schema 'HierarchySettingsList' with an undefined type and declared properties is a bit ambiguous. This has been auto-corrected to 'type:object'
    - openapi-document.json:1932:4
warning | PreCheck/SchemaMissingType | The schema 'HierarchySettingsInfo' with an undefined type and declared properties is a bit ambiguous. This has been auto-corrected to 'type:object'
    - openapi-document.json:1997:4
warning | PreCheck/SchemaMissingType | The schema 'DescendantListResult' with an undefined type and declared properties is a bit ambiguous. This has been auto-corrected to 'type:object'
    - openapi-document.json:2159:4
warning | PreCheck/SchemaMissingType | The schema 'DescendantInfo' with an undefined type and declared properties is a bit ambiguous. This has been auto-corrected to 'type:object'
    - openapi-document.json:2224:4
warning | PreCheck/SchemaMissingType | The schema 'DescendantParentGroupInfo' with an undefined type and declared properties is a bit ambiguous. This has been auto-corrected to 'type:object'
    - openapi-document.json:2367:4
warning | PreCheck/SchemaMissingType | The schema 'EntityListResult' with an undefined type and declared properties is a bit ambiguous. This has been auto-corrected to 'type:object'
    - openapi-document.json:2406:4
warning | PreCheck/SchemaMissingType | The schema 'EntityInfo' with an undefined type and declared properties is a bit ambiguous. This has been auto-corrected to 'type:object'
    - openapi-document.json:2494:4
warning | PreCheck/SchemaMissingType | The schema 'EntityParentGroupInfo' with an undefined type and declared properties is a bit ambiguous. This has been auto-corrected to 'type:object'
    - openapi-document.json:2820:4
warning | PreCheck/SchemaMissingType | The schema 'EntityHierarchyItem' with an undefined type and declared properties is a bit ambiguous. This has been auto-corrected to 'type:object'
    - openapi-document.json:2859:4
warning | PreCheck/SchemaMissingType | The schema 'CreateManagementGroupChildInfo' with an undefined type and declared properties is a bit ambiguous. This has been auto-corrected to 'type:object'
    - openapi-document.json:3365:4
warning | PreCheck/SchemaMissingType | The schema 'CreateParentGroupInfo' with an undefined type and declared properties is a bit ambiguous. This has been auto-corrected to 'type:object'
    - openapi-document.json:3484:4
warning | PreCheck/CheckDuplicateSchemas | Checking for duplicate schemas, this could take a (long) while.  Run with --verbose for more detail.
warning | UnkownSecurityScheme | Security scheme azure_auth is unknown and will not be processed. Only supported types are AADToken,AzureKey,Anonymous
info    | Resource type microsoft.management/managementgroups/subscriptions under path '/providers/Microsoft.Management/managementGroups/{groupId}/subscriptions/{subscriptionId}' has no body defined.
info    | autorest.bicep took 7ms
info    | Processing batch task - {"tag":"microsoft.management-2020-10-01"} .
info    |    Loading local AutoRest extension '@autorest/bicep' (/home/runner/work/bicep-types-az/bicep-types-az/src/autorest.bicep)
info    |    Loading AutoRest extension '@autorest/modelerfour' (*->4.22.0)
warning | SkippedSemanticValidation | Semantic validation was skipped.
warning | PreCheck/SchemaMissingType | The schema 'ErrorResponse' with an undefined type and declared properties is a bit ambiguous. This has been auto-corrected to 'type:object'
    - openapi-document.json:31:4
warning | PreCheck/SchemaMissingType | The schema 'ErrorDetails' with an undefined type and declared properties is a bit ambiguous. This has been auto-corrected to 'type:object'
    - openapi-document.json:53:4
warning | PreCheck/SchemaMissingType | The schema 'OperationDisplayProperties' with an undefined type and declared properties is a bit ambiguous. This has been auto-corrected to 'type:object'
    - openapi-document.json:180:4
warning | PreCheck/SchemaMissingType | The schema 'OperationListResult' with an undefined type and declared properties is a bit ambiguous. This has been auto-corrected to 'type:object'
    - openapi-document.json:290:4
warning | PreCheck/SchemaMissingType | The schema 'CheckNameAvailabilityResult' with an undefined type and declared properties is a bit ambiguous. This has been auto-corrected to 'type:object'
    - openapi-document.json:357:4
warning | PreCheck/SchemaMissingType | The schema 'TenantBackfillStatusResult' with an undefined type and declared properties is a bit ambiguous. This has been auto-corrected to 'type:object'
    - openapi-document.json:420:4
warning | PreCheck/SchemaMissingType | The schema 'ManagementGroupListResult' with an undefined type and declared properties is a bit ambiguous. This has been auto-corrected to 'type:object'
    - openapi-document.json:490:4
warning | PreCheck/SchemaMissingType | The schema 'ManagementGroupInfo' with an undefined type and declared properties is a bit ambiguous. This has been auto-corrected to 'type:object'
    - openapi-document.json:555:4
warning | PreCheck/SchemaMissingType | The schema 'ListSubscriptionUnderManagementGroup' with an undefined type and declared properties is a bit ambiguous. This has been auto-corrected to 'type:object'
    - openapi-document.json:708:4
warning | PreCheck/SchemaMissingType | The schema 'SubscriptionUnderManagementGroup' with an undefined type and declared properties is a bit ambiguous. This has been auto-corrected to 'type:object'
    - openapi-document.json:773:4
warning | PreCheck/SchemaMissingType | The schema 'ManagementGroup' with an undefined type and declared properties is a bit ambiguous. This has been auto-corrected to 'type:object'
    - openapi-document.json:954:4
warning | PreCheck/SchemaMissingType | The schema 'ManagementGroupChildInfo' with an undefined type and declared properties is a bit ambiguous. This has been auto-corrected to 'type:object'
    - openapi-document.json:1291:4
warning | PreCheck/SchemaMissingType | The schema 'ManagementGroupPathElement' with an undefined type and declared properties is a bit ambiguous. This has been auto-corrected to 'type:object'
    - openapi-document.json:1401:4
warning | PreCheck/SchemaMissingType | The schema 'ParentGroupInfo' with an undefined type and declared properties is a bit ambiguous. This has been auto-corrected to 'type:object'
    - openapi-document.json:1461:4
warning | PreCheck/SchemaMissingType | The schema 'OperationResults' with an undefined type and declared properties is a bit ambiguous. This has been auto-corrected to 'type:object'
    - openapi-document.json:1542:4
warning | PreCheck/SchemaMissingType | The schema 'AzureAsyncOperationResults' with an undefined type and declared properties is a bit ambiguous. This has been auto-corrected to 'type:object'
    - openapi-document.json:1634:4
warning | PreCheck/SchemaMissingType | The schema 'HierarchySettings' with an undefined type and declared properties is a bit ambiguous. This has been auto-corrected to 'type:object'
    - openapi-document.json:1749:4
warning | PreCheck/SchemaMissingType | The schema 'HierarchySettingsList' with an undefined type and declared properties is a bit ambiguous. This has been auto-corrected to 'type:object'
    - openapi-document.json:1907:4
warning | PreCheck/SchemaMissingType | The schema 'HierarchySettingsInfo' with an undefined type and declared properties is a bit ambiguous. This has been auto-corrected to 'type:object'
    - openapi-document.json:1972:4
warning | PreCheck/SchemaMissingType | The schema 'DescendantListResult' with an undefined type and declared properties is a bit ambiguous. This has been auto-corrected to 'type:object'
    - openapi-document.json:2134:4
warning | PreCheck/SchemaMissingType | The schema 'DescendantInfo' with an undefined type and declared properties is a bit ambiguous. This has been auto-corrected to 'type:object'
    - openapi-document.json:2199:4
warning | PreCheck/SchemaMissingType | The schema 'DescendantParentGroupInfo' with an undefined type and declared properties is a bit ambiguous. This has been auto-corrected to 'type:object'
    - openapi-document.json:2342:4
warning | PreCheck/SchemaMissingType | The schema 'EntityListResult' with an undefined type and declared properties is a bit ambiguous. This has been auto-corrected to 'type:object'
    - openapi-document.json:2381:4
warning | PreCheck/SchemaMissingType | The schema 'EntityInfo' with an undefined type and declared properties is a bit ambiguous. This has been auto-corrected to 'type:object'
    - openapi-document.json:2469:4
warning | PreCheck/SchemaMissingType | The schema 'EntityParentGroupInfo' with an undefined type and declared properties is a bit ambiguous. This has been auto-corrected to 'type:object'
    - openapi-document.json:2795:4
warning | PreCheck/SchemaMissingType | The schema 'EntityHierarchyItem' with an undefined type and declared properties is a bit ambiguous. This has been auto-corrected to 'type:object'
    - openapi-document.json:2834:4
warning | PreCheck/SchemaMissingType | The schema 'CreateManagementGroupChildInfo' with an undefined type and declared properties is a bit ambiguous. This has been auto-corrected to 'type:object'
    - openapi-document.json:3340:4
warning | PreCheck/SchemaMissingType | The schema 'CreateParentGroupInfo' with an undefined type and declared properties is a bit ambiguous. This has been auto-corrected to 'type:object'
    - openapi-document.json:3459:4
warning | PreCheck/CheckDuplicateSchemas | Checking for duplicate schemas, this could take a (long) while.  Run with --verbose for more detail.
warning | UnkownSecurityScheme | Security scheme azure_auth is unknown and will not be processed. Only supported types are AADToken,AzureKey,Anonymous
info    | Resource type microsoft.management/managementgroups/subscriptions under path '/providers/Microsoft.Management/managementGroups/{groupId}/subscriptions/{subscriptionId}' has no body defined.
info    | autorest.bicep took 3ms
info    | Processing batch task - {"tag":"microsoft.management-2020-05-01"} .
info    |    Loading local AutoRest extension '@autorest/bicep' (/home/runner/work/bicep-types-az/bicep-types-az/src/autorest.bicep)
info    |    Loading AutoRest extension '@autorest/modelerfour' (*->4.22.0)
warning | SkippedSemanticValidation | Semantic validation was skipped.
warning | PreCheck/SchemaMissingType | The schema 'ErrorResponse' with an undefined type and declared properties is a bit ambiguous. This has been auto-corrected to 'type:object'
    - openapi-document.json:31:4
warning | PreCheck/SchemaMissingType | The schema 'ErrorDetails' with an undefined type and declared properties is a bit ambiguous. This has been auto-corrected to 'type:object'
    - openapi-document.json:53:4
warning | PreCheck/SchemaMissingType | The schema 'OperationDisplayProperties' with an undefined type and declared properties is a bit ambiguous. This has been auto-corrected to 'type:object'
    - openapi-document.json:180:4
warning | PreCheck/SchemaMissingType | The schema 'OperationListResult' with an undefined type and declared properties is a bit ambiguous. This has been auto-corrected to 'type:object'
    - openapi-document.json:290:4
warning | PreCheck/SchemaMissingType | The schema 'CheckNameAvailabilityResult' with an undefined type and declared properties is a bit ambiguous. This has been auto-corrected to 'type:object'
    - openapi-document.json:357:4
warning | PreCheck/SchemaMissingType | The schema 'TenantBackfillStatusResult' with an undefined type and declared properties is a bit ambiguous. This has been auto-corrected to 'type:object'
    - openapi-document.json:420:4
warning | PreCheck/SchemaMissingType | The schema 'ManagementGroupListResult' with an undefined type and declared properties is a bit ambiguous. This has been auto-corrected to 'type:object'
    - openapi-document.json:490:4
warning | PreCheck/SchemaMissingType | The schema 'ManagementGroupInfo' with an undefined type and declared properties is a bit ambiguous. This has been auto-corrected to 'type:object'
    - openapi-document.json:555:4
warning | PreCheck/SchemaMissingType | The schema 'ListSubscriptionUnderManagementGroup' with an undefined type and declared properties is a bit ambiguous. This has been auto-corrected to 'type:object'
    - openapi-document.json:708:4
warning | PreCheck/SchemaMissingType | The schema 'SubscriptionUnderManagementGroup' with an undefined type and declared properties is a bit ambiguous. This has been auto-corrected to 'type:object'
    - openapi-document.json:773:4
warning | PreCheck/SchemaMissingType | The schema 'ManagementGroup' with an undefined type and declared properties is a bit ambiguous. This has been auto-corrected to 'type:object'
    - openapi-document.json:954:4
warning | PreCheck/SchemaMissingType | The schema 'ManagementGroupChildInfo' with an undefined type and declared properties is a bit ambiguous. This has been auto-corrected to 'type:object'
    - openapi-document.json:1250:4
warning | PreCheck/SchemaMissingType | The schema 'ManagementGroupPathElement' with an undefined type and declared properties is a bit ambiguous. This has been auto-corrected to 'type:object'
    - openapi-document.json:1360:4
warning | PreCheck/SchemaMissingType | The schema 'ParentGroupInfo' with an undefined type and declared properties is a bit ambiguous. This has been auto-corrected to 'type:object'
    - openapi-document.json:1420:4
warning | PreCheck/SchemaMissingType | The schema 'OperationResults' with an undefined type and declared properties is a bit ambiguous. This has been auto-corrected to 'type:object'
    - openapi-document.json:1501:4
warning | PreCheck/SchemaMissingType | The schema 'AzureAsyncOperationResults' with an undefined type and declared properties is a bit ambiguous. This has been auto-corrected to 'type:object'
    - openapi-document.json:1593:4
warning | PreCheck/SchemaMissingType | The schema 'HierarchySettings' with an undefined type and declared properties is a bit ambiguous. This has been auto-corrected to 'type:object'
    - openapi-document.json:1708:4
warning | PreCheck/SchemaMissingType | The schema 'HierarchySettingsList' with an undefined type and declared properties is a bit ambiguous. This has been auto-corrected to 'type:object'
    - openapi-document.json:1866:4
warning | PreCheck/SchemaMissingType | The schema 'HierarchySettingsInfo' with an undefined type and declared properties is a bit ambiguous. This has been auto-corrected to 'type:object'
    - openapi-document.json:1931:4
warning | PreCheck/SchemaMissingType | The schema 'DescendantListResult' with an undefined type and declared properties is a bit ambiguous. This has been auto-corrected to 'type:object'
    - openapi-document.json:2093:4
warning | PreCheck/SchemaMissingType | The schema 'DescendantInfo' with an undefined type and declared properties is a bit ambiguous. This has been auto-corrected to 'type:object'
    - openapi-document.json:2158:4
warning | PreCheck/SchemaMissingType | The schema 'DescendantParentGroupInfo' with an undefined type and declared properties is a bit ambiguous. This has been auto-corrected to 'type:object'
    - openapi-document.json:2301:4
warning | PreCheck/SchemaMissingType | The schema 'EntityListResult' with an undefined type and declared properties is a bit ambiguous. This has been auto-corrected to 'type:object'
    - openapi-document.json:2340:4
warning | PreCheck/SchemaMissingType | The schema 'EntityInfo' with an undefined type and declared properties is a bit ambiguous. This has been auto-corrected to 'type:object'
    - openapi-document.json:2428:4
warning | PreCheck/SchemaMissingType | The schema 'EntityParentGroupInfo' with an undefined type and declared properties is a bit ambiguous. This has been auto-corrected to 'type:object'
    - openapi-document.json:2754:4
warning | PreCheck/SchemaMissingType | The schema 'EntityHierarchyItem' with an undefined type and declared properties is a bit ambiguous. This has been auto-corrected to 'type:object'
    - openapi-document.json:2793:4
warning | PreCheck/SchemaMissingType | The schema 'CreateManagementGroupChildInfo' with an undefined type and declared properties is a bit ambiguous. This has been auto-corrected to 'type:object'
    - openapi-document.json:3299:4
warning | PreCheck/SchemaMissingType | The schema 'CreateParentGroupInfo' with an undefined type and declared properties is a bit ambiguous. This has been auto-corrected to 'type:object'
    - openapi-document.json:3418:4
warning | PreCheck/CheckDuplicateSchemas | Checking for duplicate schemas, this could take a (long) while.  Run with --verbose for more detail.
warning | UnkownSecurityScheme | Security scheme azure_auth is unknown and will not be processed. Only supported types are AADToken,AzureKey,Anonymous
info    | Resource type microsoft.management/managementgroups/subscriptions under path '/providers/Microsoft.Management/managementGroups/{groupId}/subscriptions/{subscriptionId}' has no body defined.
info    | autorest.bicep took 2ms
info    | Processing batch task - {"tag":"microsoft.management-2020-02-01"} .
info    |    Loading local AutoRest extension '@autorest/bicep' (/home/runner/work/bicep-types-az/bicep-types-az/src/autorest.bicep)
info    |    Loading AutoRest extension '@autorest/modelerfour' (*->4.22.0)
warning | SkippedSemanticValidation | Semantic validation was skipped.
warning | PreCheck/SchemaMissingType | The schema 'ErrorResponse' with an undefined type and declared properties is a bit ambiguous. This has been auto-corrected to 'type:object'
    - openapi-document.json:31:4
warning | PreCheck/SchemaMissingType | The schema 'ErrorDetails' with an undefined type and declared properties is a bit ambiguous. This has been auto-corrected to 'type:object'
    - openapi-document.json:53:4
warning | PreCheck/SchemaMissingType | The schema 'OperationDisplayProperties' with an undefined type and declared properties is a bit ambiguous. This has been auto-corrected to 'type:object'
    - openapi-document.json:180:4
warning | PreCheck/SchemaMissingType | The schema 'OperationListResult' with an undefined type and declared properties is a bit ambiguous. This has been auto-corrected to 'type:object'
    - openapi-document.json:290:4
warning | PreCheck/SchemaMissingType | The schema 'CheckNameAvailabilityResult' with an undefined type and declared properties is a bit ambiguous. This has been auto-corrected to 'type:object'
    - openapi-document.json:357:4
warning | PreCheck/SchemaMissingType | The schema 'TenantBackfillStatusResult' with an undefined type and declared properties is a bit ambiguous. This has been auto-corrected to 'type:object'
    - openapi-document.json:420:4
warning | PreCheck/SchemaMissingType | The schema 'ManagementGroupListResult' with an undefined type and declared properties is a bit ambiguous. This has been auto-corrected to 'type:object'
    - openapi-document.json:490:4
warning | PreCheck/SchemaMissingType | The schema 'ManagementGroupInfo' with an undefined type and declared properties is a bit ambiguous. This has been auto-corrected to 'type:object'
    - openapi-document.json:555:4
warning | PreCheck/SchemaMissingType | The schema 'ManagementGroup' with an undefined type and declared properties is a bit ambiguous. This has been auto-corrected to 'type:object'
    - openapi-document.json:708:4
warning | PreCheck/SchemaMissingType | The schema 'ManagementGroupChildInfo' with an undefined type and declared properties is a bit ambiguous. This has been auto-corrected to 'type:object'
    - openapi-document.json:1045:4
warning | PreCheck/SchemaMissingType | The schema 'ManagementGroupPathElement' with an undefined type and declared properties is a bit ambiguous. This has been auto-corrected to 'type:object'
    - openapi-document.json:1195:4
warning | PreCheck/SchemaMissingType | The schema 'ParentGroupInfo' with an undefined type and declared properties is a bit ambiguous. This has been auto-corrected to 'type:object'
    - openapi-document.json:1255:4
warning | PreCheck/SchemaMissingType | The schema 'OperationResults' with an undefined type and declared properties is a bit ambiguous. This has been auto-corrected to 'type:object'
    - openapi-document.json:1336:4
warning | PreCheck/SchemaMissingType | The schema 'AzureAsyncOperationResults' with an undefined type and declared properties is a bit ambiguous. This has been auto-corrected to 'type:object'
    - openapi-document.json:1428:4
warning | PreCheck/SchemaMissingType | The schema 'HierarchySettings' with an undefined type and declared properties is a bit ambiguous. This has been auto-corrected to 'type:object'
    - openapi-document.json:1543:4
warning | PreCheck/SchemaMissingType | The schema 'HierarchySettingsList' with an undefined type and declared properties is a bit ambiguous. This has been auto-corrected to 'type:object'
    - openapi-document.json:1701:4
warning | PreCheck/SchemaMissingType | The schema 'HierarchySettingsInfo' with an undefined type and declared properties is a bit ambiguous. This has been auto-corrected to 'type:object'
    - openapi-document.json:1766:4
warning | PreCheck/SchemaMissingType | The schema 'DescendantListResult' with an undefined type and declared properties is a bit ambiguous. This has been auto-corrected to 'type:object'
    - openapi-document.json:1928:4
warning | PreCheck/SchemaMissingType | The schema 'DescendantInfo' with an undefined type and declared properties is a bit ambiguous. This has been auto-corrected to 'type:object'
    - openapi-document.json:1993:4
warning | PreCheck/SchemaMissingType | The schema 'DescendantParentGroupInfo' with an undefined type and declared properties is a bit ambiguous. This has been auto-corrected to 'type:object'
    - openapi-document.json:2136:4
warning | PreCheck/SchemaMissingType | The schema 'EntityListResult' with an undefined type and declared properties is a bit ambiguous. This has been auto-corrected to 'type:object'
    - openapi-document.json:2175:4
warning | PreCheck/SchemaMissingType | The schema 'EntityInfo' with an undefined type and declared properties is a bit ambiguous. This has been auto-corrected to 'type:object'
    - openapi-document.json:2263:4
warning | PreCheck/SchemaMissingType | The schema 'EntityParentGroupInfo' with an undefined type and declared properties is a bit ambiguous. This has been auto-corrected to 'type:object'
    - openapi-document.json:2589:4
warning | PreCheck/SchemaMissingType | The schema 'EntityHierarchyItem' with an undefined type and declared properties is a bit ambiguous. This has been auto-corrected to 'type:object'
    - openapi-document.json:2628:4
warning | PreCheck/SchemaMissingType | The schema 'CreateManagementGroupChildInfo' with an undefined type and declared properties is a bit ambiguous. This has been auto-corrected to 'type:object'
    - openapi-document.json:3177:4
warning | PreCheck/SchemaMissingType | The schema 'CreateParentGroupInfo' with an undefined type and declared properties is a bit ambiguous. This has been auto-corrected to 'type:object'
    - openapi-document.json:3338:4
warning | PreCheck/CheckDuplicateSchemas | Checking for duplicate schemas, this could take a (long) while.  Run with --verbose for more detail.
warning | UnkownSecurityScheme | Security scheme azure_auth is unknown and will not be processed. Only supported types are AADToken,AzureKey,Anonymous
info    | Resource type microsoft.management/managementgroups/subscriptions under path '/providers/Microsoft.Management/managementGroups/{groupId}/subscriptions/{subscriptionId}' has no body defined.
info    | autorest.bicep took 2ms
info    | Processing batch task - {"tag":"microsoft.management-2019-11-01"} .
info    |    Loading local AutoRest extension '@autorest/bicep' (/home/runner/work/bicep-types-az/bicep-types-az/src/autorest.bicep)
info    |    Loading AutoRest extension '@autorest/modelerfour' (*->4.22.0)
warning | SkippedSemanticValidation | Semantic validation was skipped.
warning | PreCheck/SchemaMissingType | The schema 'ErrorResponse' with an undefined type and declared properties is a bit ambiguous. This has been auto-corrected to 'type:object'
    - openapi-document.json:31:4
warning | PreCheck/SchemaMissingType | The schema 'ErrorDetails' with an undefined type and declared properties is a bit ambiguous. This has been auto-corrected to 'type:object'
    - openapi-document.json:53:4
warning | PreCheck/SchemaMissingType | The schema 'OperationDisplayProperties' with an undefined type and declared properties is a bit ambiguous. This has been auto-corrected to 'type:object'
    - openapi-document.json:180:4
warning | PreCheck/SchemaMissingType | The schema 'OperationListResult' with an undefined type and declared properties is a bit ambiguous. This has been auto-corrected to 'type:object'
    - openapi-document.json:290:4
warning | PreCheck/SchemaMissingType | The schema 'CheckNameAvailabilityResult' with an undefined type and declared properties is a bit ambiguous. This has been auto-corrected to 'type:object'
    - openapi-document.json:357:4
warning | PreCheck/SchemaMissingType | The schema 'TenantBackfillStatusResult' with an undefined type and declared properties is a bit ambiguous. This has been auto-corrected to 'type:object'
    - openapi-document.json:420:4
warning | PreCheck/SchemaMissingType | The schema 'ManagementGroupListResult' with an undefined type and declared properties is a bit ambiguous. This has been auto-corrected to 'type:object'
    - openapi-document.json:490:4
warning | PreCheck/SchemaMissingType | The schema 'ManagementGroupInfo' with an undefined type and declared properties is a bit ambiguous. This has been auto-corrected to 'type:object'
    - openapi-document.json:555:4
warning | PreCheck/SchemaMissingType | The schema 'ManagementGroup' with an undefined type and declared properties is a bit ambiguous. This has been auto-corrected to 'type:object'
    - openapi-document.json:708:4
warning | PreCheck/SchemaMissingType | The schema 'ManagementGroupChildInfo' with an undefined type and declared properties is a bit ambiguous. This has been auto-corrected to 'type:object'
    - openapi-document.json:1045:4
warning | PreCheck/SchemaMissingType | The schema 'ManagementGroupPathElement' with an undefined type and declared properties is a bit ambiguous. This has been auto-corrected to 'type:object'
    - openapi-document.json:1195:4
warning | PreCheck/SchemaMissingType | The schema 'ParentGroupInfo' with an undefined type and declared properties is a bit ambiguous. This has been auto-corrected to 'type:object'
    - openapi-document.json:1255:4
warning | PreCheck/SchemaMissingType | The schema 'OperationResults' with an undefined type and declared properties is a bit ambiguous. This has been auto-corrected to 'type:object'
    - openapi-document.json:1336:4
warning | PreCheck/SchemaMissingType | The schema 'DescendantListResult' with an undefined type and declared properties is a bit ambiguous. This has been auto-corrected to 'type:object'
    - openapi-document.json:1446:4
warning | PreCheck/SchemaMissingType | The schema 'DescendantInfo' with an undefined type and declared properties is a bit ambiguous. This has been auto-corrected to 'type:object'
    - openapi-document.json:1511:4
warning | PreCheck/SchemaMissingType | The schema 'DescendantParentGroupInfo' with an undefined type and declared properties is a bit ambiguous. This has been auto-corrected to 'type:object'
    - openapi-document.json:1654:4
warning | PreCheck/SchemaMissingType | The schema 'EntityListResult' with an undefined type and declared properties is a bit ambiguous. This has been auto-corrected to 'type:object'
    - openapi-document.json:1693:4
warning | PreCheck/SchemaMissingType | The schema 'EntityInfo' with an undefined type and declared properties is a bit ambiguous. This has been auto-corrected to 'type:object'
    - openapi-document.json:1781:4
warning | PreCheck/SchemaMissingType | The schema 'EntityParentGroupInfo' with an undefined type and declared properties is a bit ambiguous. This has been auto-corrected to 'type:object'
    - openapi-document.json:2107:4
warning | PreCheck/SchemaMissingType | The schema 'EntityHierarchyItem' with an undefined type and declared properties is a bit ambiguous. This has been auto-corrected to 'type:object'
    - openapi-document.json:2146:4
warning | PreCheck/SchemaMissingType | The schema 'CreateManagementGroupChildInfo' with an undefined type and declared properties is a bit ambiguous. This has been auto-corrected to 'type:object'
    - openapi-document.json:2695:4
warning | PreCheck/SchemaMissingType | The schema 'CreateParentGroupInfo' with an undefined type and declared properties is a bit ambiguous. This has been auto-corrected to 'type:object'
    - openapi-document.json:2856:4
warning | PreCheck/CheckDuplicateSchemas | Checking for duplicate schemas, this could take a (long) while.  Run with --verbose for more detail.
warning | UnkownSecurityScheme | Security scheme azure_auth is unknown and will not be processed. Only supported types are AADToken,AzureKey,Anonymous
info    | Resource type microsoft.management/managementgroups/subscriptions under path '/providers/Microsoft.Management/managementGroups/{groupId}/subscriptions/{subscriptionId}' has no body defined.
info    | autorest.bicep took 2ms
info    | Processing batch task - {"tag":"microsoft.management-2018-03-01-preview"} .
info    |    Loading local AutoRest extension '@autorest/bicep' (/home/runner/work/bicep-types-az/bicep-types-az/src/autorest.bicep)
info    |    Loading AutoRest extension '@autorest/modelerfour' (*->4.22.0)
warning | SkippedSemanticValidation | Semantic validation was skipped.
warning | PreCheck/SchemaMissingType | The schema 'ErrorResponse' with an undefined type and declared properties is a bit ambiguous. This has been auto-corrected to 'type:object'
    - openapi-document.json:31:4
warning | PreCheck/SchemaMissingType | The schema 'ErrorDetails' with an undefined type and declared properties is a bit ambiguous. This has been auto-corrected to 'type:object'
    - openapi-document.json:53:4
warning | PreCheck/SchemaMissingType | The schema 'OperationDisplayProperties' with an undefined type and declared properties is a bit ambiguous. This has been auto-corrected to 'type:object'
    - openapi-document.json:180:4
warning | PreCheck/SchemaMissingType | The schema 'OperationListResult' with an undefined type and declared properties is a bit ambiguous. This has been auto-corrected to 'type:object'
    - openapi-document.json:290:4
warning | PreCheck/SchemaMissingType | The schema 'CheckNameAvailabilityResult' with an undefined type and declared properties is a bit ambiguous. This has been auto-corrected to 'type:object'
    - openapi-document.json:357:4
warning | PreCheck/SchemaMissingType | The schema 'TenantBackfillStatusResult' with an undefined type and declared properties is a bit ambiguous. This has been auto-corrected to 'type:object'
    - openapi-document.json:420:4
warning | PreCheck/SchemaMissingType | The schema 'ManagementGroupListResult' with an undefined type and declared properties is a bit ambiguous. This has been auto-corrected to 'type:object'
    - openapi-document.json:490:4
warning | PreCheck/SchemaMissingType | The schema 'ManagementGroupInfo' with an undefined type and declared properties is a bit ambiguous. This has been auto-corrected to 'type:object'
    - openapi-document.json:555:4
warning | PreCheck/SchemaMissingType | The schema 'ManagementGroup' with an undefined type and declared properties is a bit ambiguous. This has been auto-corrected to 'type:object'
    - openapi-document.json:708:4
warning | PreCheck/SchemaMissingType | The schema 'ManagementGroupChildInfo' with an undefined type and declared properties is a bit ambiguous. This has been auto-corrected to 'type:object'
    - openapi-document.json:1020:4
warning | PreCheck/SchemaMissingType | The schema 'ParentGroupInfo' with an undefined type and declared properties is a bit ambiguous. This has been auto-corrected to 'type:object'
    - openapi-document.json:1170:4
warning | PreCheck/SchemaMissingType | The schema 'OperationResults' with an undefined type and declared properties is a bit ambiguous. This has been auto-corrected to 'type:object'
    - openapi-document.json:1251:4
warning | PreCheck/SchemaMissingType | The schema 'DescendantListResult' with an undefined type and declared properties is a bit ambiguous. This has been auto-corrected to 'type:object'
    - openapi-document.json:1369:4
warning | PreCheck/SchemaMissingType | The schema 'DescendantInfo' with an undefined type and declared properties is a bit ambiguous. This has been auto-corrected to 'type:object'
    - openapi-document.json:1434:4
warning | PreCheck/SchemaMissingType | The schema 'DescendantParentGroupInfo' with an undefined type and declared properties is a bit ambiguous. This has been auto-corrected to 'type:object'
    - openapi-document.json:1577:4
warning | PreCheck/SchemaMissingType | The schema 'EntityListResult' with an undefined type and declared properties is a bit ambiguous. This has been auto-corrected to 'type:object'
    - openapi-document.json:1616:4
warning | PreCheck/SchemaMissingType | The schema 'EntityInfo' with an undefined type and declared properties is a bit ambiguous. This has been auto-corrected to 'type:object'
    - openapi-document.json:1704:4
warning | PreCheck/SchemaMissingType | The schema 'EntityParentGroupInfo' with an undefined type and declared properties is a bit ambiguous. This has been auto-corrected to 'type:object'
    - openapi-document.json:2030:4
warning | PreCheck/SchemaMissingType | The schema 'EntityHierarchyItem' with an undefined type and declared properties is a bit ambiguous. This has been auto-corrected to 'type:object'
    - openapi-document.json:2069:4
warning | PreCheck/SchemaMissingType | The schema 'CreateManagementGroupChildInfo' with an undefined type and declared properties is a bit ambiguous. This has been auto-corrected to 'type:object'
    - openapi-document.json:2618:4
warning | PreCheck/SchemaMissingType | The schema 'CreateParentGroupInfo' with an undefined type and declared properties is a bit ambiguous. This has been auto-corrected to 'type:object'
    - openapi-document.json:2779:4
warning | PreCheck/CheckDuplicateSchemas | Checking for duplicate schemas, this could take a (long) while.  Run with --verbose for more detail.
warning | UnkownSecurityScheme | Security scheme azure_auth is unknown and will not be processed. Only supported types are AADToken,AzureKey,Anonymous
info    | Resource type microsoft.management/managementgroups/subscriptions under path '/providers/Microsoft.Management/managementGroups/{groupId}/subscriptions/{subscriptionId}' has no body defined.
info    | autorest.bicep took 1ms
info    | Processing batch task - {"tag":"microsoft.management-2018-01-01-preview"} .
info    |    Loading local AutoRest extension '@autorest/bicep' (/home/runner/work/bicep-types-az/bicep-types-az/src/autorest.bicep)
info    |    Loading AutoRest extension '@autorest/modelerfour' (*->4.22.0)
warning | SkippedSemanticValidation | Semantic validation was skipped.
warning | PreCheck/SchemaMissingType | The schema 'ErrorResponse' with an undefined type and declared properties is a bit ambiguous. This has been auto-corrected to 'type:object'
    - openapi-document.json:31:4
warning | PreCheck/SchemaMissingType | The schema 'ErrorDetails' with an undefined type and declared properties is a bit ambiguous. This has been auto-corrected to 'type:object'
    - openapi-document.json:53:4
warning | PreCheck/SchemaMissingType | The schema 'OperationDisplayProperties' with an undefined type and declared properties is a bit ambiguous. This has been auto-corrected to 'type:object'
    - openapi-document.json:180:4
warning | PreCheck/SchemaMissingType | The schema 'OperationListResult' with an undefined type and declared properties is a bit ambiguous. This has been auto-corrected to 'type:object'
    - openapi-document.json:290:4
warning | PreCheck/SchemaMissingType | The schema 'CheckNameAvailabilityResult' with an undefined type and declared properties is a bit ambiguous. This has been auto-corrected to 'type:object'
    - openapi-document.json:357:4
warning | PreCheck/SchemaMissingType | The schema 'ManagementGroupListResult' with an undefined type and declared properties is a bit ambiguous. This has been auto-corrected to 'type:object'
    - openapi-document.json:420:4
warning | PreCheck/SchemaMissingType | The schema 'ManagementGroupInfo' with an undefined type and declared properties is a bit ambiguous. This has been auto-corrected to 'type:object'
    - openapi-document.json:485:4
warning | PreCheck/SchemaMissingType | The schema 'ManagementGroup' with an undefined type and declared properties is a bit ambiguous. This has been auto-corrected to 'type:object'
    - openapi-document.json:638:4
warning | PreCheck/SchemaMissingType | The schema 'ManagementGroupChildInfo' with an undefined type and declared properties is a bit ambiguous. This has been auto-corrected to 'type:object'
    - openapi-document.json:950:4
warning | PreCheck/SchemaMissingType | The schema 'ParentGroupInfo' with an undefined type and declared properties is a bit ambiguous. This has been auto-corrected to 'type:object'
    - openapi-document.json:1100:4
warning | PreCheck/SchemaMissingType | The schema 'OperationResults' with an undefined type and declared properties is a bit ambiguous. This has been auto-corrected to 'type:object'
    - openapi-document.json:1181:4
warning | PreCheck/SchemaMissingType | The schema 'EntityListResult' with an undefined type and declared properties is a bit ambiguous. This has been auto-corrected to 'type:object'
    - openapi-document.json:1299:4
warning | PreCheck/SchemaMissingType | The schema 'EntityInfo' with an undefined type and declared properties is a bit ambiguous. This has been auto-corrected to 'type:object'
    - openapi-document.json:1364:4
warning | PreCheck/SchemaMissingType | The schema 'EntityParentGroupInfo' with an undefined type and declared properties is a bit ambiguous. This has been auto-corrected to 'type:object'
    - openapi-document.json:1527:4
warning | PreCheck/SchemaMissingType | The schema 'EntityHierarchyItem' with an undefined type and declared properties is a bit ambiguous. This has been auto-corrected to 'type:object'
    - openapi-document.json:1566:4
warning | PreCheck/SchemaMissingType | The schema 'CreateManagementGroupChildInfo' with an undefined type and declared properties is a bit ambiguous. This has been auto-corrected to 'type:object'
    - openapi-document.json:2115:4
warning | PreCheck/SchemaMissingType | The schema 'CreateParentGroupInfo' with an undefined type and declared properties is a bit ambiguous. This has been auto-corrected to 'type:object'
    - openapi-document.json:2276:4
warning | PreCheck/CheckDuplicateSchemas | Checking for duplicate schemas, this could take a (long) while.  Run with --verbose for more detail.
warning | UnkownSecurityScheme | Security scheme azure_auth is unknown and will not be processed. Only supported types are AADToken,AzureKey,Anonymous
info    | Resource type microsoft.management/managementgroups/subscriptions under path '/providers/Microsoft.Management/managementGroups/{groupId}/subscriptions/{subscriptionId}' has no body defined.
info    | autorest.bicep took 2ms
info    | Processing batch task - {"tag":"microsoft.management-2017-11-01-preview"} .
info    |    Loading local AutoRest extension '@autorest/bicep' (/home/runner/work/bicep-types-az/bicep-types-az/src/autorest.bicep)
info    |    Loading AutoRest extension '@autorest/modelerfour' (*->4.22.0)
warning | SkippedSemanticValidation | Semantic validation was skipped.
warning | PreCheck/SchemaMissingType | The schema 'ErrorResponse' with an undefined type and declared properties is a bit ambiguous. This has been auto-corrected to 'type:object'
    - openapi-document.json:31:4
warning | PreCheck/SchemaMissingType | The schema 'ErrorDetails' with an undefined type and declared properties is a bit ambiguous. This has been auto-corrected to 'type:object'
    - openapi-document.json:53:4
warning | PreCheck/SchemaMissingType | The schema 'Operation-display' with an undefined type and declared properties is a bit ambiguous. This has been auto-corrected to 'type:object'
    - openapi-document.json:159:4
warning | PreCheck/SchemaMissingType | The schema 'OperationListResult' with an undefined type and declared properties is a bit ambiguous. This has been auto-corrected to 'type:object'
    - openapi-document.json:272:4
warning | PreCheck/SchemaMissingType | The schema 'ManagementGroupListResult' with an undefined type and declared properties is a bit ambiguous. This has been auto-corrected to 'type:object'
    - openapi-document.json:339:4
warning | PreCheck/SchemaMissingType | The schema 'ManagementGroupInfo' with an undefined type and declared properties is a bit ambiguous. This has been auto-corrected to 'type:object'
    - openapi-document.json:404:4
warning | PreCheck/SchemaMissingType | The schema 'ManagementGroup' with an undefined type and declared properties is a bit ambiguous. This has been auto-corrected to 'type:object'
    - openapi-document.json:557:4
warning | PreCheck/SchemaMissingType | The schema 'ManagementGroupChildInfo' with an undefined type and declared properties is a bit ambiguous. This has been auto-corrected to 'type:object'
    - openapi-document.json:827:4
warning | PreCheck/SchemaMissingType | The schema 'ParentGroupInfo' with an undefined type and declared properties is a bit ambiguous. This has been auto-corrected to 'type:object'
    - openapi-document.json:915:4
warning | PreCheck/CheckDuplicateSchemas | Checking for duplicate schemas, this could take a (long) while.  Run with --verbose for more detail.
warning | UnkownSecurityScheme | Security scheme azure_auth is unknown and will not be processed. Only supported types are AADToken,AzureKey,Anonymous
info    | Resource type microsoft.management/managementgroups/subscriptions under path '/providers/Microsoft.Management/managementGroups/{groupId}/subscriptions/{subscriptionId}' has no body defined.
info    | autorest.bicep took 1ms
info    | Processing batch task - {"tag":"microsoft.management-2017-08-31-preview"} .
info    |    Loading local AutoRest extension '@autorest/bicep' (/home/runner/work/bicep-types-az/bicep-types-az/src/autorest.bicep)
info    |    Loading AutoRest extension '@autorest/modelerfour' (*->4.22.0)
warning | SkippedSemanticValidation | Semantic validation was skipped.
warning | PreCheck/SchemaMissingType | The schema 'ErrorResponse' with an undefined type and declared properties is a bit ambiguous. This has been auto-corrected to 'type:object'
    - openapi-document.json:31:4
warning | PreCheck/SchemaMissingType | The schema 'ErrorDetails' with an undefined type and declared properties is a bit ambiguous. This has been auto-corrected to 'type:object'
    - openapi-document.json:53:4
warning | PreCheck/SchemaMissingType | The schema 'Operation-display' with an undefined type and declared properties is a bit ambiguous. This has been auto-corrected to 'type:object'
    - openapi-document.json:180:4
warning | PreCheck/SchemaMissingType | The schema 'OperationListResult' with an undefined type and declared properties is a bit ambiguous. This has been auto-corrected to 'type:object'
    - openapi-document.json:270:4
warning | PreCheck/SchemaMissingType | The schema 'ManagementGroupListResult' with an undefined type and declared properties is a bit ambiguous. This has been auto-corrected to 'type:object'
    - openapi-document.json:337:4
warning | PreCheck/SchemaMissingType | The schema 'ManagementGroupInfo' with an undefined type and declared properties is a bit ambiguous. This has been auto-corrected to 'type:object'
    - openapi-document.json:402:4
warning | PreCheck/SchemaMissingType | The schema 'ManagementGroup' with an undefined type and declared properties is a bit ambiguous. This has been auto-corrected to 'type:object'
    - openapi-document.json:557:4
warning | PreCheck/SchemaMissingType | The schema 'ParentGroupInfo' with an undefined type and declared properties is a bit ambiguous. This has been auto-corrected to 'type:object'
    - openapi-document.json:808:4
warning | PreCheck/SchemaMissingType | The schema 'ManagementGroupWithChildren' with an undefined type and declared properties is a bit ambiguous. This has been auto-corrected to 'type:object'
    - openapi-document.json:868:4
warning | PreCheck/SchemaMissingType | The schema 'ManagementGroupChildInfo' with an undefined type and declared properties is a bit ambiguous. This has been auto-corrected to 'type:object'
    - openapi-document.json:1051:4
warning | PreCheck/SchemaMissingType | The schema 'ManagementGroupWithHierarchy' with an undefined type and declared properties is a bit ambiguous. This has been auto-corrected to 'type:object'
    - openapi-document.json:1137:4
warning | PreCheck/SchemaMissingType | The schema 'ManagementGroupRecursiveChildInfo' with an undefined type and declared properties is a bit ambiguous. This has been auto-corrected to 'type:object'
    - openapi-document.json:1320:4
warning | PreCheck/CheckDuplicateSchemas | Checking for duplicate schemas, this could take a (long) while.  Run with --verbose for more detail.
warning | UnkownSecurityScheme | Security scheme azure_auth is unknown and will not be processed. Only supported types are AADToken,AzureKey,Anonymous
info    | autorest.bicep took 0ms
info    | Generation Complete
