Executing: autorest --use=/home/runner/work/bicep-types-az/bicep-types-az/src/autorest.bicep --bicep --output-folder=/tmp/_bcp_1625795651387/addons --multiapi --title=none --skip-semantics-validation /home/runner/work/bicep-types-az/bicep-types-az/workflow-temp/azure-rest-api-specs/specification/addons/resource-manager/readme.md --debug --verbose
AutoRest code generation utility [cli version: 3.2.1; node: v14.17.1, max-memory: 4096 MB]
(C) 2018 Microsoft Corporation.
https://aka.ms/autorest
No configuration found at 'file:///home/runner/work/bicep-types-az/bicep-types-az/src/generator/src/cmd/'.
> Including configuration file 'file:///home/runner/work/bicep-types-az/bicep-types-az/src/generator/node_modules/autorest/dist/resources/default-configuration.md'
> Including configuration file 'file:///home/runner/work/bicep-types-az/bicep-types-az/src/generator/node_modules/autorest/dist/resources/inspect.md'
> Including configuration file 'file:///home/runner/work/bicep-types-az/bicep-types-az/src/generator/node_modules/autorest/dist/resources/directives.md'
> Including configuration file 'file:///home/runner/work/bicep-types-az/bicep-types-az/src/generator/node_modules/autorest/dist/resources/pipeline.md'
> Including configuration file 'file:///home/runner/work/bicep-types-az/bicep-types-az/src/generator/node_modules/autorest/dist/resources/loader-openapi.md'
> Including configuration file 'file:///home/runner/work/bicep-types-az/bicep-types-az/src/generator/node_modules/autorest/dist/resources/miscellaneous.md'
> Including configuration file 'file:///home/runner/work/bicep-types-az/bicep-types-az/src/generator/node_modules/autorest/dist/resources/plugin-powershell.md'
> Including configuration file 'file:///home/runner/work/bicep-types-az/bicep-types-az/src/generator/node_modules/autorest/dist/resources/plugin-azureresourceschema.md'
> Including configuration file 'file:///home/runner/work/bicep-types-az/bicep-types-az/src/generator/node_modules/autorest/dist/resources/plugin-csharp.md'
> Including configuration file 'file:///home/runner/work/bicep-types-az/bicep-types-az/src/generator/node_modules/autorest/dist/resources/plugin-go.md'
> Including configuration file 'file:///home/runner/work/bicep-types-az/bicep-types-az/src/generator/node_modules/autorest/dist/resources/plugin-java.md'
> Including configuration file 'file:///home/runner/work/bicep-types-az/bicep-types-az/src/generator/node_modules/autorest/dist/resources/plugin-nodejs.md'
> Including configuration file 'file:///home/runner/work/bicep-types-az/bicep-types-az/src/generator/node_modules/autorest/dist/resources/plugin-php.md'
> Including configuration file 'file:///home/runner/work/bicep-types-az/bicep-types-az/src/generator/node_modules/autorest/dist/resources/plugin-python.md'
> Including configuration file 'file:///home/runner/work/bicep-types-az/bicep-types-az/src/generator/node_modules/autorest/dist/resources/plugin-ruby.md'
> Including configuration file 'file:///home/runner/work/bicep-types-az/bicep-types-az/src/generator/node_modules/autorest/dist/resources/plugin-typescript.md'
> Including configuration file 'file:///home/runner/work/bicep-types-az/bicep-types-az/src/generator/node_modules/autorest/dist/resources/plugin-validators.md'
> Including configuration file 'file:///home/runner/work/bicep-types-az/bicep-types-az/src/generator/node_modules/autorest/dist/resources/plugin-az.md'
> Including configuration file 'file:///home/runner/work/bicep-types-az/bicep-types-az/src/generator/node_modules/autorest/dist/resources/plugin-terraform.md'
> Including configuration file 'file:///home/runner/work/bicep-types-az/bicep-types-az/src/generator/node_modules/autorest/dist/resources/plugin-azure-functions.md'
> Including configuration file 'file:///home/runner/work/bicep-types-az/bicep-types-az/src/generator/node_modules/autorest/dist/resources/graphs.md'
> Including configuration file 'file:///home/runner/work/bicep-types-az/bicep-types-az/src/generator/node_modules/autorest/dist/resources/help-configuration.md'
> Loading local AutoRest extension '@autorest/bicep' (/home/runner/work/bicep-types-az/bicep-types-az/src/autorest.bicep)
> Including extension configuration file 'file:///home/runner/work/bicep-types-az/bicep-types-az/src/autorest.bicep/README.md'
> Including configuration file 'file:///home/runner/work/bicep-types-az/bicep-types-az/src/autorest.bicep/README.md'
> Installing AutoRest extension '@autorest/modelerfour' (https://tinyurl.com/yhlkz69y)
Installing @autorest/modelerfour, 4.20.0-ci.b8e3f92c0
Package Install completed @autorest/modelerfour, 4.20.0-ci.b8e3f92c0
> Installed AutoRest extension '@autorest/modelerfour' (https://tinyurl.com/yhlkz69y->4.20.0-ci.b8e3f92c0)
> Including extension configuration file 'file:///home/runner/.autorest/@autorest_modelerfour@4.20.0-ci.b8e3f92c0/node_modules/@autorest/modelerfour/readme.md'
> Including configuration file 'file:///home/runner/.autorest/@autorest_modelerfour@4.20.0-ci.b8e3f92c0/node_modules/@autorest/modelerfour/readme.md'
NOTE: AutoRest core version selected from configuration: https://tinyurl.com/yfjyy27f.
Network Enabled: true

There is a new version of AutoRest available (3.2.3).
 > You can install the newer version with with npm install -g autorest@latest

Starting @autorest/core from /home/runner/.autorest/@autorest_core@3.5.0-ci.b8e3f92c0/node_modules/@autorest/core
   Loading AutoRest core      '/home/runner/.autorest/@autorest_core@3.5.0-ci.b8e3f92c0/node_modules/@autorest/core/dist' (3.5.0-ci.b8e3f92c0)
VERBOSE [0.69 s]: > Including configuration file 'file:///home/runner/work/bicep-types-az/bicep-types-az/workflow-temp/azure-rest-api-specs/specification/addons/resource-manager/readme.bicep.md'
VERBOSE [0.7 s]: > Initial configuration file 'file:///home/runner/work/bicep-types-az/bicep-types-az/workflow-temp/azure-rest-api-specs/specification/addons/resource-manager/readme.md'
VERBOSE [0.7 s]: > Including configuration file 'file:///home/runner/work/bicep-types-az/bicep-types-az/workflow-temp/azure-rest-api-specs/specification/addons/resource-manager/readme.md'
VERBOSE [0.72 s]: > Including configuration file 'file:///home/runner/.autorest/@autorest_core@3.5.0-ci.b8e3f92c0/node_modules/@autorest/core/dist/resources/default-configuration.md'
VERBOSE [0.74 s]: > Including configuration file 'file:///home/runner/.autorest/@autorest_core@3.5.0-ci.b8e3f92c0/node_modules/@autorest/core/dist/resources/inspect.md'
VERBOSE [0.76 s]: > Including configuration file 'file:///home/runner/.autorest/@autorest_core@3.5.0-ci.b8e3f92c0/node_modules/@autorest/core/dist/resources/directives.md'
VERBOSE [0.78 s]: > Including configuration file 'file:///home/runner/.autorest/@autorest_core@3.5.0-ci.b8e3f92c0/node_modules/@autorest/core/dist/resources/pipeline.md'
VERBOSE [0.8 s]: > Including configuration file 'file:///home/runner/.autorest/@autorest_core@3.5.0-ci.b8e3f92c0/node_modules/@autorest/core/dist/resources/loader-openapi.md'
VERBOSE [0.83 s]: > Including configuration file 'file:///home/runner/.autorest/@autorest_core@3.5.0-ci.b8e3f92c0/node_modules/@autorest/core/dist/resources/miscellaneous.md'
VERBOSE [0.84 s]: > Including configuration file 'file:///home/runner/.autorest/@autorest_core@3.5.0-ci.b8e3f92c0/node_modules/@autorest/core/dist/resources/plugin-powershell.md'
VERBOSE [0.86 s]: > Including configuration file 'file:///home/runner/.autorest/@autorest_core@3.5.0-ci.b8e3f92c0/node_modules/@autorest/core/dist/resources/plugin-azureresourceschema.md'
VERBOSE [0.87 s]: > Including configuration file 'file:///home/runner/.autorest/@autorest_core@3.5.0-ci.b8e3f92c0/node_modules/@autorest/core/dist/resources/plugin-csharp.md'
VERBOSE [0.89 s]: > Including configuration file 'file:///home/runner/.autorest/@autorest_core@3.5.0-ci.b8e3f92c0/node_modules/@autorest/core/dist/resources/plugin-go.md'
VERBOSE [0.91 s]: > Including configuration file 'file:///home/runner/.autorest/@autorest_core@3.5.0-ci.b8e3f92c0/node_modules/@autorest/core/dist/resources/plugin-java.md'
VERBOSE [0.93 s]: > Including configuration file 'file:///home/runner/.autorest/@autorest_core@3.5.0-ci.b8e3f92c0/node_modules/@autorest/core/dist/resources/plugin-nodejs.md'
VERBOSE [0.96 s]: > Including configuration file 'file:///home/runner/.autorest/@autorest_core@3.5.0-ci.b8e3f92c0/node_modules/@autorest/core/dist/resources/plugin-php.md'
VERBOSE [0.98 s]: > Including configuration file 'file:///home/runner/.autorest/@autorest_core@3.5.0-ci.b8e3f92c0/node_modules/@autorest/core/dist/resources/plugin-python.md'
VERBOSE [0.99 s]: > Including configuration file 'file:///home/runner/.autorest/@autorest_core@3.5.0-ci.b8e3f92c0/node_modules/@autorest/core/dist/resources/plugin-ruby.md'
VERBOSE [1.02 s]: > Including configuration file 'file:///home/runner/.autorest/@autorest_core@3.5.0-ci.b8e3f92c0/node_modules/@autorest/core/dist/resources/plugin-typescript.md'
VERBOSE [1.04 s]: > Including configuration file 'file:///home/runner/.autorest/@autorest_core@3.5.0-ci.b8e3f92c0/node_modules/@autorest/core/dist/resources/plugin-validators.md'
VERBOSE [1.07 s]: > Including configuration file 'file:///home/runner/.autorest/@autorest_core@3.5.0-ci.b8e3f92c0/node_modules/@autorest/core/dist/resources/plugin-az.md'
VERBOSE [1.09 s]: > Including configuration file 'file:///home/runner/.autorest/@autorest_core@3.5.0-ci.b8e3f92c0/node_modules/@autorest/core/dist/resources/plugin-terraform.md'
VERBOSE [1.11 s]: > Including configuration file 'file:///home/runner/.autorest/@autorest_core@3.5.0-ci.b8e3f92c0/node_modules/@autorest/core/dist/resources/plugin-azure-functions.md'
VERBOSE [1.13 s]: > Including configuration file 'file:///home/runner/.autorest/@autorest_core@3.5.0-ci.b8e3f92c0/node_modules/@autorest/core/dist/resources/graphs.md'
VERBOSE [1.16 s]: > Including configuration file 'file:///home/runner/.autorest/@autorest_core@3.5.0-ci.b8e3f92c0/node_modules/@autorest/core/dist/resources/help-configuration.md'
INFORMATION: > Loading local AutoRest extension '@autorest/bicep' (/home/runner/work/bicep-types-az/bicep-types-az/src/autorest.bicep)
VERBOSE [1.24 s]: > Including extension configuration file 'file:///home/runner/work/bicep-types-az/bicep-types-az/src/autorest.bicep/README.md'
VERBOSE [1.24 s]: > Including configuration file 'file:///home/runner/work/bicep-types-az/bicep-types-az/src/autorest.bicep/README.md'
INFORMATION: > Loading AutoRest extension '@autorest/modelerfour' (https://tinyurl.com/yhlkz69y->4.20.0-ci.b8e3f92c0)
VERBOSE [2.43 s]: > Including extension configuration file 'file:///home/runner/.autorest/@autorest_modelerfour@4.20.0-ci.b8e3f92c0/node_modules/@autorest/modelerfour/readme.md'
VERBOSE [2.43 s]: > Including configuration file 'file:///home/runner/.autorest/@autorest_modelerfour@4.20.0-ci.b8e3f92c0/node_modules/@autorest/modelerfour/readme.md'
Processing batch task - {"tag":"microsoft.addons-2018-03-01"} .
VERBOSE [2.66 s]: > Including configuration file 'file:///home/runner/work/bicep-types-az/bicep-types-az/workflow-temp/azure-rest-api-specs/specification/addons/resource-manager/readme.bicep.md'
VERBOSE [2.66 s]: > Initial configuration file 'file:///home/runner/work/bicep-types-az/bicep-types-az/workflow-temp/azure-rest-api-specs/specification/addons/resource-manager/readme.md'
VERBOSE [2.66 s]: > Including configuration file 'file:///home/runner/work/bicep-types-az/bicep-types-az/workflow-temp/azure-rest-api-specs/specification/addons/resource-manager/readme.md'
VERBOSE [2.68 s]: > Including configuration file 'file:///home/runner/.autorest/@autorest_core@3.5.0-ci.b8e3f92c0/node_modules/@autorest/core/dist/resources/default-configuration.md'
VERBOSE [2.69 s]: > Including configuration file 'file:///home/runner/.autorest/@autorest_core@3.5.0-ci.b8e3f92c0/node_modules/@autorest/core/dist/resources/inspect.md'
VERBOSE [2.69 s]: > Including configuration file 'file:///home/runner/.autorest/@autorest_core@3.5.0-ci.b8e3f92c0/node_modules/@autorest/core/dist/resources/directives.md'
VERBOSE [2.71 s]: > Including configuration file 'file:///home/runner/.autorest/@autorest_core@3.5.0-ci.b8e3f92c0/node_modules/@autorest/core/dist/resources/pipeline.md'
VERBOSE [2.72 s]: > Including configuration file 'file:///home/runner/.autorest/@autorest_core@3.5.0-ci.b8e3f92c0/node_modules/@autorest/core/dist/resources/loader-openapi.md'
VERBOSE [2.73 s]: > Including configuration file 'file:///home/runner/.autorest/@autorest_core@3.5.0-ci.b8e3f92c0/node_modules/@autorest/core/dist/resources/miscellaneous.md'
VERBOSE [2.75 s]: > Including configuration file 'file:///home/runner/.autorest/@autorest_core@3.5.0-ci.b8e3f92c0/node_modules/@autorest/core/dist/resources/plugin-powershell.md'
VERBOSE [2.76 s]: > Including configuration file 'file:///home/runner/.autorest/@autorest_core@3.5.0-ci.b8e3f92c0/node_modules/@autorest/core/dist/resources/plugin-azureresourceschema.md'
VERBOSE [2.77 s]: > Including configuration file 'file:///home/runner/.autorest/@autorest_core@3.5.0-ci.b8e3f92c0/node_modules/@autorest/core/dist/resources/plugin-csharp.md'
VERBOSE [2.79 s]: > Including configuration file 'file:///home/runner/.autorest/@autorest_core@3.5.0-ci.b8e3f92c0/node_modules/@autorest/core/dist/resources/plugin-go.md'
VERBOSE [2.81 s]: > Including configuration file 'file:///home/runner/.autorest/@autorest_core@3.5.0-ci.b8e3f92c0/node_modules/@autorest/core/dist/resources/plugin-java.md'
VERBOSE [2.82 s]: > Including configuration file 'file:///home/runner/.autorest/@autorest_core@3.5.0-ci.b8e3f92c0/node_modules/@autorest/core/dist/resources/plugin-nodejs.md'
VERBOSE [2.84 s]: > Including configuration file 'file:///home/runner/.autorest/@autorest_core@3.5.0-ci.b8e3f92c0/node_modules/@autorest/core/dist/resources/plugin-php.md'
VERBOSE [2.86 s]: > Including configuration file 'file:///home/runner/.autorest/@autorest_core@3.5.0-ci.b8e3f92c0/node_modules/@autorest/core/dist/resources/plugin-python.md'
VERBOSE [2.88 s]: > Including configuration file 'file:///home/runner/.autorest/@autorest_core@3.5.0-ci.b8e3f92c0/node_modules/@autorest/core/dist/resources/plugin-ruby.md'
VERBOSE [2.9 s]: > Including configuration file 'file:///home/runner/.autorest/@autorest_core@3.5.0-ci.b8e3f92c0/node_modules/@autorest/core/dist/resources/plugin-typescript.md'
VERBOSE [2.92 s]: > Including configuration file 'file:///home/runner/.autorest/@autorest_core@3.5.0-ci.b8e3f92c0/node_modules/@autorest/core/dist/resources/plugin-validators.md'
VERBOSE [2.94 s]: > Including configuration file 'file:///home/runner/.autorest/@autorest_core@3.5.0-ci.b8e3f92c0/node_modules/@autorest/core/dist/resources/plugin-az.md'
VERBOSE [2.96 s]: > Including configuration file 'file:///home/runner/.autorest/@autorest_core@3.5.0-ci.b8e3f92c0/node_modules/@autorest/core/dist/resources/plugin-terraform.md'
VERBOSE [2.98 s]: > Including configuration file 'file:///home/runner/.autorest/@autorest_core@3.5.0-ci.b8e3f92c0/node_modules/@autorest/core/dist/resources/plugin-azure-functions.md'
VERBOSE [3 s]: > Including configuration file 'file:///home/runner/.autorest/@autorest_core@3.5.0-ci.b8e3f92c0/node_modules/@autorest/core/dist/resources/graphs.md'
VERBOSE [3.02 s]: > Including configuration file 'file:///home/runner/.autorest/@autorest_core@3.5.0-ci.b8e3f92c0/node_modules/@autorest/core/dist/resources/help-configuration.md'
INFORMATION: > Loading local AutoRest extension '@autorest/bicep' (/home/runner/work/bicep-types-az/bicep-types-az/src/autorest.bicep)
VERBOSE [3.09 s]: > Including extension configuration file 'file:///home/runner/work/bicep-types-az/bicep-types-az/src/autorest.bicep/README.md'
VERBOSE [3.09 s]: > Including configuration file 'file:///home/runner/work/bicep-types-az/bicep-types-az/src/autorest.bicep/README.md'
INFORMATION: > Loading AutoRest extension '@autorest/modelerfour' (https://tinyurl.com/yhlkz69y->4.20.0-ci.b8e3f92c0)
VERBOSE [3.67 s]: > Including extension configuration file 'file:///home/runner/.autorest/@autorest_modelerfour@4.20.0-ci.b8e3f92c0/node_modules/@autorest/modelerfour/readme.md'
VERBOSE [3.67 s]: > Including configuration file 'file:///home/runner/.autorest/@autorest_modelerfour@4.20.0-ci.b8e3f92c0/node_modules/@autorest/modelerfour/readme.md'
DEBUG [4.29 s]: swagger-document/loader-swagger - START inputs = 0
DEBUG [4.29 s]: openapi-document/loader-openapi - START inputs = 0
DEBUG [4.29 s]: pipeline-emitter - START inputs = 0
DEBUG [4.29 s]: configuration-emitter - START inputs = 0
DEBUG [4.29 s]: pipeline-emitter - END [0.05 s][88 MB]
DEBUG [4.29 s]: configuration-emitter - END [0.05 s][88 MB]
VERBOSE [4.32 s]: Reading OpenAPI 2.0 file file:///home/runner/work/bicep-types-az/bicep-types-az/workflow-temp/azure-rest-api-specs/specification/addons/resource-manager/Microsoft.Addons/preview/2018-03-01/addons-swagger.json
DEBUG [4.32 s]: openapi-document/loader-openapi - END [0.08 s][90 MB]
DEBUG [4.35 s]: openapi-document/individual/transform - SKIPPING
DEBUG [4.35 s]: openapi-document/individual/schema-validator-openapi - SKIPPING
DEBUG [4.35 s]: openapi-document/individual/identity - SKIPPING
DEBUG [4.37 s]: swagger-document/loader-swagger - END [0.13 s][100 MB]
DEBUG [4.37 s]: swagger-document/individual/transform - START inputs = 1
DEBUG [4.39 s]: swagger-document/individual/transform - END [0.02 s][104 MB]
DEBUG [4.4 s]: swagger-document/individual/schema-validator-swagger - START inputs = 1
DEBUG [4.68 s]: swagger-document/individual/schema-validator-swagger - END [0.27 s][96 MB]
DEBUG [4.68 s]: swagger-document/identity - START inputs = 1
DEBUG [4.68 s]: swagger-document/individual/identity - START inputs = 1
DEBUG [4.68 s]: swagger-document/identity - END [0 s][96 MB]
DEBUG [4.68 s]: swagger-document/individual/identity - END [0 s][96 MB]
DEBUG [4.68 s]: openapi-document/openapi-document-converter - START inputs = 1
DEBUG [4.7 s]: openapi-document/openapi-document-converter - END [0.02 s][101 MB]
DEBUG [4.7 s]: openapi-document/transform - START inputs = 1
DEBUG [4.7 s]: openapi-document/transform - END [0 s][102 MB]
DEBUG [4.7 s]: openapi-document/semantic-validator - START inputs = 1
WARNING: Semantic validation was skipped.
DEBUG [4.7 s]: openapi-document/semantic-validator - END [0 s][102 MB]
DEBUG [4.7 s]: openapi-document/allof-cleaner - START inputs = 1
DEBUG [4.7 s]: openapi-document/allof-cleaner - END [0 s][102 MB]
DEBUG [4.7 s]: openapi-document/tree-shaker - START inputs = 1
DEBUG [4.73 s]: openapi-document/tree-shaker - END [0.03 s][96 MB]
DEBUG [4.74 s]: openapi-document/multi-api-merger - START inputs = 1
DEBUG [4.78 s]: openapi-document/multi-api-merger - END [0.04 s][107 MB]
DEBUG [4.78 s]: openapi-document/components-cleaner - START inputs = 1
DEBUG [4.82 s]: openapi-document/components-cleaner - END [0.04 s][109 MB]
DEBUG [4.82 s]: openapi-document/component-modifiers - START inputs = 1
DEBUG [4.83 s]: openapi-document/component-modifiers - END [0 s][112 MB]
DEBUG [4.83 s]: openapi-document/api-version-parameter-handler - START inputs = 1
DEBUG [4.83 s]: openapi-document/api-version-parameter-handler - END [0 s][101 MB]
DEBUG [4.83 s]: openapi-document/profile-filter - START inputs = 1
DEBUG [4.83 s]: openapi-document/profile-filter - END [0 s][101 MB]
DEBUG [4.84 s]: openapi-document/model-deduplicator - START inputs = 1
DEBUG [4.84 s]: openapi-document/emitter - START inputs = 1
DEBUG [4.84 s]: openapi-document/model-deduplicator - END [0 s][101 MB]
DEBUG [4.84 s]: openapi-document/emitter - END [0 s][101 MB]
DEBUG [4.84 s]: openapi-document/enum-deduplicator - START inputs = 1
DEBUG [4.9 s]: openapi-document/enum-deduplicator - END [0.06 s][104 MB]
DEBUG [4.91 s]: openapi-document/subset-reducer - START inputs = 1
DEBUG [4.91 s]: openapi-document/subset-reducer - END [0 s][104 MB]
DEBUG [4.91 s]: openapi-document/quick-check - START inputs = 1
DEBUG [4.91 s]: openapi-document/multi-api/reset-identity - START inputs = 1
DEBUG [4.91 s]: openapi-document/quick-check - END [0 s][107 MB]
DEBUG [4.91 s]: openapi-document/multi-api/reset-identity - END [0 s][107 MB]
DEBUG [4.91 s]: openapi-document/multi-api/identity - START inputs = 1
DEBUG [4.91 s]: openapi-document/multi-api/identity - END [0 s][107 MB]
DEBUG [4.91 s]: openapi-document/multi-api/emitter - START inputs = 1
DEBUG [4.91 s]: prechecker - START inputs = 1
DEBUG [4.91 s]: openapi-document/multi-api/emitter - END [0 s][107 MB]

WARNING (PreCheck/CheckDuplicateSchemas): Checking for duplicate schemas, this could take a (long) while.  Run with --verbose for more detail.
VERBOSE [4.95 s]: Found and removed 0 duplicate schema
DEBUG [5.14 s]: prechecker - END [0.23 s][108 MB]
DEBUG [5.15 s]: modelerfour - START inputs = 2
VERBOSE [5.21 s]:   ModelerFour/api-version-mode:client
VERBOSE [5.21 s]:   ModelerFour/api-version-parameter:constant
VERBOSE [5.21 s]:   ModelerFour/use-model-namespace:false
DEBUG [5.26 s]: modelerfour - END [0.11 s][109 MB]
DEBUG [5.26 s]: modelerfour/new-transform - START inputs = 2
DEBUG [5.27 s]: modelerfour/new-transform - END [0 s][109 MB]
DEBUG [5.27 s]: modelerfour/flattener - START inputs = 2
DEBUG [5.3 s]: modelerfour/flattener - END [0.03 s][110 MB]
DEBUG [5.3 s]: modelerfour/flattener/new-transform - START inputs = 2
DEBUG [5.3 s]: modelerfour/flattener/new-transform - END [0 s][110 MB]
DEBUG [5.3 s]: modelerfour/grouper - START inputs = 2
DEBUG [5.33 s]: modelerfour/grouper - END [0.02 s][111 MB]
DEBUG [5.33 s]: modelerfour/grouper/new-transform - START inputs = 2
DEBUG [5.33 s]: modelerfour/grouper/new-transform - END [0 s][111 MB]
DEBUG [5.33 s]: modelerfour/pre-namer - START inputs = 2
DEBUG [5.37 s]: modelerfour/pre-namer - END [0.04 s][112 MB]
DEBUG [5.37 s]: modelerfour/pre-namer/new-transform - START inputs = 2
DEBUG [5.37 s]: modelerfour/pre-namer/new-transform - END [0 s][112 MB]
DEBUG [5.37 s]: modelerfour/checker - START inputs = 4
DEBUG [5.39 s]: modelerfour/checker - END [0.02 s][113 MB]
DEBUG [5.39 s]: modelerfour/identity - START inputs = 2
DEBUG [5.39 s]: modelerfour/identity - END [0 s][113 MB]
DEBUG [5.39 s]: bicep - START inputs = 2
DEBUG [5.39 s]: modelerfour/emitter - START inputs = 2
DEBUG [5.39 s]: modelerfour/notags/emitter - START inputs = 2
DEBUG [5.39 s]: modelerfour/emitter - END [0 s][114 MB]
DEBUG [5.39 s]: modelerfour/notags/emitter - END [0 s][114 MB]
INFORMATION: Resource type microsoft.addons/supportproviders/supportplantypes under path '/subscriptions/{subscriptionId}/providers/Microsoft.Addons/supportProviders/{providerName}/supportPlanTypes/{planTypeName}' has no body defined.
INFORMATION: autorest.bicep took 5ms
DEBUG [5.44 s]: bicep - END [0.04 s][114 MB]
DEBUG [5.44 s]: bicep/emitter - START inputs = 2
DEBUG [5.44 s]: Emitting 'bicep-files' at file:///tmp/_bcp_1625795651387/addons/microsoft.addons/2018-03-01/types.json
DEBUG [5.44 s]: Emitting 'bicep-files' at file:///tmp/_bcp_1625795651387/addons/microsoft.addons/2018-03-01/types.md
DEBUG [5.44 s]: bicep/emitter - END [0 s][114 MB]
Processing batch task - {"tag":"microsoft.addons-2017-05-15"} .
VERBOSE [5.46 s]: > Including configuration file 'file:///home/runner/work/bicep-types-az/bicep-types-az/workflow-temp/azure-rest-api-specs/specification/addons/resource-manager/readme.bicep.md'
VERBOSE [5.46 s]: > Initial configuration file 'file:///home/runner/work/bicep-types-az/bicep-types-az/workflow-temp/azure-rest-api-specs/specification/addons/resource-manager/readme.md'
VERBOSE [5.46 s]: > Including configuration file 'file:///home/runner/work/bicep-types-az/bicep-types-az/workflow-temp/azure-rest-api-specs/specification/addons/resource-manager/readme.md'
VERBOSE [5.47 s]: > Including configuration file 'file:///home/runner/.autorest/@autorest_core@3.5.0-ci.b8e3f92c0/node_modules/@autorest/core/dist/resources/default-configuration.md'
VERBOSE [5.48 s]: > Including configuration file 'file:///home/runner/.autorest/@autorest_core@3.5.0-ci.b8e3f92c0/node_modules/@autorest/core/dist/resources/inspect.md'
VERBOSE [5.49 s]: > Including configuration file 'file:///home/runner/.autorest/@autorest_core@3.5.0-ci.b8e3f92c0/node_modules/@autorest/core/dist/resources/directives.md'
VERBOSE [5.5 s]: > Including configuration file 'file:///home/runner/.autorest/@autorest_core@3.5.0-ci.b8e3f92c0/node_modules/@autorest/core/dist/resources/pipeline.md'
VERBOSE [5.52 s]: > Including configuration file 'file:///home/runner/.autorest/@autorest_core@3.5.0-ci.b8e3f92c0/node_modules/@autorest/core/dist/resources/loader-openapi.md'
VERBOSE [5.53 s]: > Including configuration file 'file:///home/runner/.autorest/@autorest_core@3.5.0-ci.b8e3f92c0/node_modules/@autorest/core/dist/resources/miscellaneous.md'
VERBOSE [5.54 s]: > Including configuration file 'file:///home/runner/.autorest/@autorest_core@3.5.0-ci.b8e3f92c0/node_modules/@autorest/core/dist/resources/plugin-powershell.md'
VERBOSE [5.56 s]: > Including configuration file 'file:///home/runner/.autorest/@autorest_core@3.5.0-ci.b8e3f92c0/node_modules/@autorest/core/dist/resources/plugin-azureresourceschema.md'
VERBOSE [5.57 s]: > Including configuration file 'file:///home/runner/.autorest/@autorest_core@3.5.0-ci.b8e3f92c0/node_modules/@autorest/core/dist/resources/plugin-csharp.md'
VERBOSE [5.59 s]: > Including configuration file 'file:///home/runner/.autorest/@autorest_core@3.5.0-ci.b8e3f92c0/node_modules/@autorest/core/dist/resources/plugin-go.md'
VERBOSE [5.61 s]: > Including configuration file 'file:///home/runner/.autorest/@autorest_core@3.5.0-ci.b8e3f92c0/node_modules/@autorest/core/dist/resources/plugin-java.md'
VERBOSE [5.62 s]: > Including configuration file 'file:///home/runner/.autorest/@autorest_core@3.5.0-ci.b8e3f92c0/node_modules/@autorest/core/dist/resources/plugin-nodejs.md'
VERBOSE [5.64 s]: > Including configuration file 'file:///home/runner/.autorest/@autorest_core@3.5.0-ci.b8e3f92c0/node_modules/@autorest/core/dist/resources/plugin-php.md'
VERBOSE [5.66 s]: > Including configuration file 'file:///home/runner/.autorest/@autorest_core@3.5.0-ci.b8e3f92c0/node_modules/@autorest/core/dist/resources/plugin-python.md'
VERBOSE [5.68 s]: > Including configuration file 'file:///home/runner/.autorest/@autorest_core@3.5.0-ci.b8e3f92c0/node_modules/@autorest/core/dist/resources/plugin-ruby.md'
VERBOSE [5.7 s]: > Including configuration file 'file:///home/runner/.autorest/@autorest_core@3.5.0-ci.b8e3f92c0/node_modules/@autorest/core/dist/resources/plugin-typescript.md'
VERBOSE [5.72 s]: > Including configuration file 'file:///home/runner/.autorest/@autorest_core@3.5.0-ci.b8e3f92c0/node_modules/@autorest/core/dist/resources/plugin-validators.md'
VERBOSE [5.74 s]: > Including configuration file 'file:///home/runner/.autorest/@autorest_core@3.5.0-ci.b8e3f92c0/node_modules/@autorest/core/dist/resources/plugin-az.md'
VERBOSE [5.76 s]: > Including configuration file 'file:///home/runner/.autorest/@autorest_core@3.5.0-ci.b8e3f92c0/node_modules/@autorest/core/dist/resources/plugin-terraform.md'
VERBOSE [5.78 s]: > Including configuration file 'file:///home/runner/.autorest/@autorest_core@3.5.0-ci.b8e3f92c0/node_modules/@autorest/core/dist/resources/plugin-azure-functions.md'
VERBOSE [5.8 s]: > Including configuration file 'file:///home/runner/.autorest/@autorest_core@3.5.0-ci.b8e3f92c0/node_modules/@autorest/core/dist/resources/graphs.md'
VERBOSE [5.82 s]: > Including configuration file 'file:///home/runner/.autorest/@autorest_core@3.5.0-ci.b8e3f92c0/node_modules/@autorest/core/dist/resources/help-configuration.md'
INFORMATION: > Loading local AutoRest extension '@autorest/bicep' (/home/runner/work/bicep-types-az/bicep-types-az/src/autorest.bicep)
VERBOSE [5.89 s]: > Including extension configuration file 'file:///home/runner/work/bicep-types-az/bicep-types-az/src/autorest.bicep/README.md'
VERBOSE [5.89 s]: > Including configuration file 'file:///home/runner/work/bicep-types-az/bicep-types-az/src/autorest.bicep/README.md'
INFORMATION: > Loading AutoRest extension '@autorest/modelerfour' (https://tinyurl.com/yhlkz69y->4.20.0-ci.b8e3f92c0)
VERBOSE [6.48 s]: > Including extension configuration file 'file:///home/runner/.autorest/@autorest_modelerfour@4.20.0-ci.b8e3f92c0/node_modules/@autorest/modelerfour/readme.md'
VERBOSE [6.49 s]: > Including configuration file 'file:///home/runner/.autorest/@autorest_modelerfour@4.20.0-ci.b8e3f92c0/node_modules/@autorest/modelerfour/readme.md'
DEBUG [6.79 s]: swagger-document/loader-swagger - START inputs = 0
DEBUG [6.79 s]: openapi-document/loader-openapi - START inputs = 0
DEBUG [6.79 s]: pipeline-emitter - START inputs = 0
DEBUG [6.79 s]: configuration-emitter - START inputs = 0
DEBUG [6.79 s]: pipeline-emitter - END [0.04 s][72 MB]
DEBUG [6.79 s]: configuration-emitter - END [0.04 s][72 MB]
VERBOSE [6.79 s]: Reading OpenAPI 2.0 file file:///home/runner/work/bicep-types-az/bicep-types-az/workflow-temp/azure-rest-api-specs/specification/addons/resource-manager/Microsoft.Addons/preview/2017-05-15/Addons.json
DEBUG [6.79 s]: openapi-document/loader-openapi - END [0.04 s][74 MB]
DEBUG [6.8 s]: openapi-document/individual/transform - SKIPPING
DEBUG [6.8 s]: openapi-document/individual/schema-validator-openapi - SKIPPING
DEBUG [6.8 s]: openapi-document/individual/identity - SKIPPING
DEBUG [6.81 s]: swagger-document/loader-swagger - END [0.07 s][82 MB]
DEBUG [6.81 s]: swagger-document/individual/transform - START inputs = 1
DEBUG [6.83 s]: swagger-document/individual/transform - END [0.01 s][87 MB]
DEBUG [6.83 s]: swagger-document/individual/schema-validator-swagger - START inputs = 1
DEBUG [6.84 s]: swagger-document/individual/schema-validator-swagger - END [0 s][73 MB]
DEBUG [6.84 s]: swagger-document/identity - START inputs = 1
DEBUG [6.84 s]: swagger-document/individual/identity - START inputs = 1
DEBUG [6.84 s]: swagger-document/identity - END [0 s][73 MB]
DEBUG [6.84 s]: swagger-document/individual/identity - END [0 s][73 MB]
DEBUG [6.84 s]: openapi-document/openapi-document-converter - START inputs = 1
DEBUG [6.85 s]: openapi-document/openapi-document-converter - END [0 s][77 MB]
DEBUG [6.85 s]: openapi-document/transform - START inputs = 1
DEBUG [6.85 s]: openapi-document/transform - END [0 s][79 MB]
DEBUG [6.85 s]: openapi-document/semantic-validator - START inputs = 1
WARNING: Semantic validation was skipped.
DEBUG [6.85 s]: openapi-document/semantic-validator - END [0 s][79 MB]
DEBUG [6.85 s]: openapi-document/allof-cleaner - START inputs = 1
DEBUG [6.85 s]: openapi-document/allof-cleaner - END [0 s][79 MB]
DEBUG [6.85 s]: openapi-document/tree-shaker - START inputs = 1
DEBUG [6.87 s]: openapi-document/tree-shaker - END [0.01 s][85 MB]
DEBUG [6.87 s]: openapi-document/multi-api-merger - START inputs = 1
DEBUG [6.89 s]: openapi-document/multi-api-merger - END [0.02 s][84 MB]
DEBUG [6.9 s]: openapi-document/components-cleaner - START inputs = 1
DEBUG [6.92 s]: openapi-document/components-cleaner - END [0.02 s][86 MB]
DEBUG [6.92 s]: openapi-document/component-modifiers - START inputs = 1
DEBUG [6.93 s]: openapi-document/component-modifiers - END [0 s][89 MB]
DEBUG [6.93 s]: openapi-document/api-version-parameter-handler - START inputs = 1
DEBUG [6.93 s]: openapi-document/api-version-parameter-handler - END [0 s][89 MB]
DEBUG [6.93 s]: openapi-document/profile-filter - START inputs = 1
DEBUG [6.93 s]: openapi-document/profile-filter - END [0 s][89 MB]
DEBUG [6.93 s]: openapi-document/model-deduplicator - START inputs = 1
DEBUG [6.93 s]: openapi-document/emitter - START inputs = 1
DEBUG [6.93 s]: openapi-document/model-deduplicator - END [0 s][89 MB]
DEBUG [6.93 s]: openapi-document/emitter - END [0 s][89 MB]
DEBUG [6.93 s]: openapi-document/enum-deduplicator - START inputs = 1
DEBUG [6.96 s]: openapi-document/enum-deduplicator - END [0.03 s][93 MB]
DEBUG [6.97 s]: openapi-document/subset-reducer - START inputs = 1
DEBUG [6.97 s]: openapi-document/subset-reducer - END [0 s][81 MB]
DEBUG [6.97 s]: openapi-document/quick-check - START inputs = 1
DEBUG [6.97 s]: openapi-document/multi-api/reset-identity - START inputs = 1
DEBUG [6.97 s]: openapi-document/quick-check - END [0 s][83 MB]
DEBUG [6.97 s]: openapi-document/multi-api/reset-identity - END [0 s][83 MB]
DEBUG [6.97 s]: openapi-document/multi-api/identity - START inputs = 1
DEBUG [6.97 s]: openapi-document/multi-api/identity - END [0 s][83 MB]
DEBUG [6.97 s]: openapi-document/multi-api/emitter - START inputs = 1
DEBUG [6.97 s]: prechecker - START inputs = 1
DEBUG [6.97 s]: openapi-document/multi-api/emitter - END [0 s][84 MB]

WARNING (PreCheck/SchemaMissingType): The schema 'CanonicalSupportPlanStatusItem' with an undefined type and declared properties is a bit ambiguous. This has been auto-corrected to 'type:object'

WARNING (PreCheck/CheckDuplicateSchemas): Checking for duplicate schemas, this could take a (long) while.  Run with --verbose for more detail.
VERBOSE [6.98 s]: Found and removed 0 duplicate schema
DEBUG [6.99 s]: prechecker - END [0.01 s][85 MB]
DEBUG [6.99 s]: modelerfour - START inputs = 2
VERBOSE [7 s]:   ModelerFour/api-version-mode:client
VERBOSE [7 s]:   ModelerFour/api-version-parameter:constant
VERBOSE [7 s]:   ModelerFour/use-model-namespace:false
DEBUG [7.03 s]: modelerfour - END [0.03 s][86 MB]
DEBUG [7.03 s]: modelerfour/new-transform - START inputs = 2
DEBUG [7.03 s]: modelerfour/new-transform - END [0 s][86 MB]
DEBUG [7.03 s]: modelerfour/flattener - START inputs = 2
DEBUG [7.05 s]: modelerfour/flattener - END [0.01 s][87 MB]
DEBUG [7.05 s]: modelerfour/flattener/new-transform - START inputs = 2
DEBUG [7.05 s]: modelerfour/flattener/new-transform - END [0 s][87 MB]
DEBUG [7.05 s]: modelerfour/grouper - START inputs = 2
DEBUG [7.07 s]: modelerfour/grouper - END [0.01 s][88 MB]
DEBUG [7.07 s]: modelerfour/grouper/new-transform - START inputs = 2
DEBUG [7.07 s]: modelerfour/grouper/new-transform - END [0 s][88 MB]
DEBUG [7.07 s]: modelerfour/pre-namer - START inputs = 2
DEBUG [7.09 s]: modelerfour/pre-namer - END [0.02 s][89 MB]
DEBUG [7.09 s]: modelerfour/pre-namer/new-transform - START inputs = 2
DEBUG [7.09 s]: modelerfour/pre-namer/new-transform - END [0 s][89 MB]
DEBUG [7.09 s]: modelerfour/checker - START inputs = 4
DEBUG [7.11 s]: modelerfour/checker - END [0.01 s][90 MB]
DEBUG [7.11 s]: modelerfour/identity - START inputs = 2
DEBUG [7.11 s]: modelerfour/identity - END [0 s][90 MB]
DEBUG [7.11 s]: bicep - START inputs = 2
DEBUG [7.11 s]: modelerfour/emitter - START inputs = 2
DEBUG [7.11 s]: modelerfour/notags/emitter - START inputs = 2
DEBUG [7.11 s]: modelerfour/emitter - END [0 s][90 MB]
DEBUG [7.11 s]: modelerfour/notags/emitter - END [0 s][90 MB]
INFORMATION: Resource type microsoft.addons/supportproviders/supportplantypes under path '/subscriptions/{subscriptionId}/providers/Microsoft.Addons/supportProviders/{providerName}/supportPlanTypes/{planTypeName}' has no body defined.
INFORMATION: autorest.bicep took 1ms
DEBUG [7.14 s]: bicep - END [0.02 s][91 MB]
DEBUG [7.14 s]: bicep/emitter - START inputs = 2
DEBUG [7.14 s]: Emitting 'bicep-files' at file:///tmp/_bcp_1625795651387/addons/microsoft.addons/2017-05-15/types.json
DEBUG [7.14 s]: Emitting 'bicep-files' at file:///tmp/_bcp_1625795651387/addons/microsoft.addons/2017-05-15/types.md
DEBUG [7.14 s]: bicep/emitter - END [0 s][91 MB]
[7.14 s] Clearing Folders.
[7.14 s] Writing Outputs.
[7.14 s] Generation Complete
[7.14 s] Shutting Down.
[7.14 s] Exiting.
