
Executing: autorest --use=/home/runner/work/bicep-types-az/bicep-types-az/src/generator --azureresourceschema --output-folder=/home/runner/work/bicep-types-az/bicep-types-az/generated/servicebus --multiapi /home/runner/work/bicep-types-az/bicep-types-az/workflow-temp/azure-rest-api-specs/specification/servicebus/resource-manager/readme.md
AutoRest code generation utility [cli version: 3.1.3; node: v14.16.0, max-memory: 2048 MB]
(C) 2018 Microsoft Corporation.
https://aka.ms/autorest
   Loading AutoRest core      '/home/runner/work/bicep-types-az/bicep-types-az/src/generator/node_modules/@autorest/core/dist' (3.2.1)
INFORMATION: > Loading local AutoRest extension '@autorest/bicep' (/home/runner/work/bicep-types-az/bicep-types-az/src/generator)
INFORMATION: > Installing AutoRest extension '@autorest/azureresourceschema' (~3.0.45)
INFORMATION: > Installed AutoRest extension '@autorest/azureresourceschema' (~3.0.45->3.0.98)
Processing batch task - {"tag":"schema-servicebus-2018-01-01-preview"} .
INFORMATION: > Loading local AutoRest extension '@autorest/bicep' (/home/runner/work/bicep-types-az/bicep-types-az/src/generator)
INFORMATION: > Loading AutoRest extension '@autorest/azureresourceschema' (~3.0.45->3.0.98)
ERROR: Schema violation: should match format "uri" (paths > /subscriptions/{subscriptionId}/resourceGroups/{resourceGroupName}/providers/Microsoft.ServiceBus/namespaces/{namespaceName}/topics/{topicName}/subscriptions/{subscriptionName}/rules/{ruleName} > get > externalDocs > url)
  format: uri
    - file:///home/runner/work/bicep-types-az/bicep-types-az/workflow-temp/azure-rest-api-specs/specification/servicebus/resource-manager/Microsoft.ServiceBus/preview/2018-01-01-preview/Rules.json:350:5
ERROR: Schema violation: should match format "uri" (paths > /subscriptions/{subscriptionId}/resourceGroups/{resourceGroupName}/providers/Microsoft.ServiceBus/namespaces/{namespaceName}/topics/{topicName}/subscriptions/{subscriptionName}/rules/{ruleName} > get > externalDocs > url)
  format: uri
    - file:///home/runner/work/bicep-types-az/bicep-types-az/workflow-temp/azure-rest-api-specs/specification/servicebus/resource-manager/Microsoft.ServiceBus/preview/2018-01-01-preview/Rules.json:350:5
Process() cancelled due to failure 
Failure during batch task - {"tag":"schema-servicebus-2018-01-01-preview"} -- false.
Exited with code 1
