
Executing: autorest --use=/home/runner/work/bicep-types-az/bicep-types-az/src/autorest.bicep --azureresourceschema --output-folder=/home/runner/work/bicep-types-az/bicep-types-az/generated/cdn --multiapi /home/runner/work/bicep-types-az/bicep-types-az/workflow-temp/azure-rest-api-specs/specification/cdn/resource-manager/readme.md
AutoRest code generation utility [cli version: 3.1.2; node: v14.16.0, max-memory: 2048 MB]
(C) 2018 Microsoft Corporation.
https://aka.ms/autorest
   Loading AutoRest core      '/home/runner/work/bicep-types-az/bicep-types-az/src/generator/node_modules/@autorest/core/dist' (3.1.0)
INFORMATION: > Loading local AutoRest extension '@autorest/azureresourceschema' (/home/runner/work/bicep-types-az/bicep-types-az/src/autorest.bicep)
INFORMATION: > Loading AutoRest extension '@autorest/modelerfour' (4.16.2->4.16.2)
Processing batch task - {"tag":"schema-cdn-2020-09-01"} .
INFORMATION: > Loading local AutoRest extension '@autorest/azureresourceschema' (/home/runner/work/bicep-types-az/bicep-types-az/src/autorest.bicep)
INFORMATION: > Loading AutoRest extension '@autorest/modelerfour' (4.16.2->4.16.2)

WARNING (PreCheck/SchemaMissingType): The schema 'ProfileProperties' with an undefined type and decalared properties is a bit ambigious. This has been auto-corrected to 'type:object'

WARNING (PreCheck/SchemaMissingType): The schema 'ProfileListResult' with an undefined type and decalared properties is a bit ambigious. This has been auto-corrected to 'type:object'

WARNING (PreCheck/SchemaMissingType): The schema 'EndpointProperties' with an undefined type and decalared properties is a bit ambigious. This has been auto-corrected to 'type:object'

WARNING (PreCheck/SchemaMissingType): The schema 'EndpointListResult' with an undefined type and decalared properties is a bit ambigious. This has been auto-corrected to 'type:object'

WARNING (PreCheck/SchemaMissingType): The schema 'EndpointPropertiesUpdateParameters' with an undefined type and decalared properties is a bit ambigious. This has been auto-corrected to 'type:object'

WARNING (PreCheck/SchemaMissingType): The schema 'DeliveryRuleCondition' with an undefined type and decalared properties is a bit ambigious. This has been auto-corrected to 'type:object'

WARNING (PreCheck/SchemaMissingType): The schema 'DeliveryRuleRemoteAddressCondition' with an undefined type and decalared properties is a bit ambigious. This has been auto-corrected to 'type:object'

WARNING (PreCheck/SchemaMissingType): The schema 'DeliveryRuleRequestMethodCondition' with an undefined type and decalared properties is a bit ambigious. This has been auto-corrected to 'type:object'

WARNING (PreCheck/SchemaMissingType): The schema 'DeliveryRuleQueryStringCondition' with an undefined type and decalared properties is a bit ambigious. This has been auto-corrected to 'type:object'

WARNING (PreCheck/SchemaMissingType): The schema 'DeliveryRulePostArgsCondition' with an undefined type and decalared properties is a bit ambigious. This has been auto-corrected to 'type:object'

WARNING (PreCheck/SchemaMissingType): The schema 'DeliveryRuleRequestUriCondition' with an undefined type and decalared properties is a bit ambigious. This has been auto-corrected to 'type:object'

WARNING (PreCheck/SchemaMissingType): The schema 'DeliveryRuleRequestHeaderCondition' with an undefined type and decalared properties is a bit ambigious. This has been auto-corrected to 'type:object'

WARNING (PreCheck/SchemaMissingType): The schema 'DeliveryRuleRequestBodyCondition' with an undefined type and decalared properties is a bit ambigious. This has been auto-corrected to 'type:object'

WARNING (PreCheck/SchemaMissingType): The schema 'DeliveryRuleRequestSchemeCondition' with an undefined type and decalared properties is a bit ambigious. This has been auto-corrected to 'type:object'

WARNING (PreCheck/SchemaMissingType): The schema 'DeliveryRuleUrlPathCondition' with an undefined type and decalared properties is a bit ambigious. This has been auto-corrected to 'type:object'

WARNING (PreCheck/SchemaMissingType): The schema 'DeliveryRuleUrlFileExtensionCondition' with an undefined type and decalared properties is a bit ambigious. This has been auto-corrected to 'type:object'

WARNING (PreCheck/SchemaMissingType): The schema 'DeliveryRuleUrlFileNameCondition' with an undefined type and decalared properties is a bit ambigious. This has been auto-corrected to 'type:object'

WARNING (PreCheck/SchemaMissingType): The schema 'DeliveryRuleHttpVersionCondition' with an undefined type and decalared properties is a bit ambigious. This has been auto-corrected to 'type:object'

WARNING (PreCheck/SchemaMissingType): The schema 'DeliveryRuleCookiesCondition' with an undefined type and decalared properties is a bit ambigious. This has been auto-corrected to 'type:object'

WARNING (PreCheck/SchemaMissingType): The schema 'DeliveryRuleIsDeviceCondition' with an undefined type and decalared properties is a bit ambigious. This has been auto-corrected to 'type:object'

WARNING (PreCheck/SchemaMissingType): The schema 'RemoteAddressMatchConditionParameters' with an undefined type and decalared properties is a bit ambigious. This has been auto-corrected to 'type:object'

WARNING (PreCheck/SchemaMissingType): The schema 'RequestMethodMatchConditionParameters' with an undefined type and decalared properties is a bit ambigious. This has been auto-corrected to 'type:object'

WARNING (PreCheck/SchemaMissingType): The schema 'QueryStringMatchConditionParameters' with an undefined type and decalared properties is a bit ambigious. This has been auto-corrected to 'type:object'

WARNING (PreCheck/SchemaMissingType): The schema 'PostArgsMatchConditionParameters' with an undefined type and decalared properties is a bit ambigious. This has been auto-corrected to 'type:object'

WARNING (PreCheck/SchemaMissingType): The schema 'RequestUriMatchConditionParameters' with an undefined type and decalared properties is a bit ambigious. This has been auto-corrected to 'type:object'

WARNING (PreCheck/SchemaMissingType): The schema 'RequestHeaderMatchConditionParameters' with an undefined type and decalared properties is a bit ambigious. This has been auto-corrected to 'type:object'

WARNING (PreCheck/SchemaMissingType): The schema 'RequestBodyMatchConditionParameters' with an undefined type and decalared properties is a bit ambigious. This has been auto-corrected to 'type:object'

WARNING (PreCheck/SchemaMissingType): The schema 'RequestSchemeMatchConditionParameters' with an undefined type and decalared properties is a bit ambigious. This has been auto-corrected to 'type:object'

WARNING (PreCheck/SchemaMissingType): The schema 'UrlPathMatchConditionParameters' with an undefined type and decalared properties is a bit ambigious. This has been auto-corrected to 'type:object'

WARNING (PreCheck/SchemaMissingType): The schema 'UrlFileExtensionMatchConditionParameters' with an undefined type and decalared properties is a bit ambigious. This has been auto-corrected to 'type:object'

WARNING (PreCheck/SchemaMissingType): The schema 'UrlFileNameMatchConditionParameters' with an undefined type and decalared properties is a bit ambigious. This has been auto-corrected to 'type:object'

WARNING (PreCheck/SchemaMissingType): The schema 'HttpVersionMatchConditionParameters' with an undefined type and decalared properties is a bit ambigious. This has been auto-corrected to 'type:object'

WARNING (PreCheck/SchemaMissingType): The schema 'CookiesMatchConditionParameters' with an undefined type and decalared properties is a bit ambigious. This has been auto-corrected to 'type:object'

WARNING (PreCheck/SchemaMissingType): The schema 'IsDeviceMatchConditionParameters' with an undefined type and decalared properties is a bit ambigious. This has been auto-corrected to 'type:object'

WARNING (PreCheck/SchemaMissingType): The schema 'DeliveryRuleAction' with an undefined type and decalared properties is a bit ambigious. This has been auto-corrected to 'type:object'

WARNING (PreCheck/SchemaMissingType): The schema 'UrlRedirectAction' with an undefined type and decalared properties is a bit ambigious. This has been auto-corrected to 'type:object'

WARNING (PreCheck/SchemaMissingType): The schema 'UrlRedirectActionParameters' with an undefined type and decalared properties is a bit ambigious. This has been auto-corrected to 'type:object'

WARNING (PreCheck/SchemaMissingType): The schema 'UrlSigningAction' with an undefined type and decalared properties is a bit ambigious. This has been auto-corrected to 'type:object'

WARNING (PreCheck/SchemaMissingType): The schema 'UrlSigningActionParameters' with an undefined type and decalared properties is a bit ambigious. This has been auto-corrected to 'type:object'

WARNING (PreCheck/SchemaMissingType): The schema 'UrlSigningParamIdentifier' with an undefined type and decalared properties is a bit ambigious. This has been auto-corrected to 'type:object'

WARNING (PreCheck/SchemaMissingType): The schema 'OriginGroupOverrideAction' with an undefined type and decalared properties is a bit ambigious. This has been auto-corrected to 'type:object'

WARNING (PreCheck/SchemaMissingType): The schema 'OriginGroupOverrideActionParameters' with an undefined type and decalared properties is a bit ambigious. This has been auto-corrected to 'type:object'

WARNING (PreCheck/SchemaMissingType): The schema 'UrlRewriteAction' with an undefined type and decalared properties is a bit ambigious. This has been auto-corrected to 'type:object'

WARNING (PreCheck/SchemaMissingType): The schema 'UrlRewriteActionParameters' with an undefined type and decalared properties is a bit ambigious. This has been auto-corrected to 'type:object'

WARNING (PreCheck/SchemaMissingType): The schema 'DeliveryRuleRequestHeaderAction' with an undefined type and decalared properties is a bit ambigious. This has been auto-corrected to 'type:object'

WARNING (PreCheck/SchemaMissingType): The schema 'DeliveryRuleResponseHeaderAction' with an undefined type and decalared properties is a bit ambigious. This has been auto-corrected to 'type:object'

WARNING (PreCheck/SchemaMissingType): The schema 'HeaderActionParameters' with an undefined type and decalared properties is a bit ambigious. This has been auto-corrected to 'type:object'

WARNING (PreCheck/SchemaMissingType): The schema 'DeliveryRuleCacheExpirationAction' with an undefined type and decalared properties is a bit ambigious. This has been auto-corrected to 'type:object'

WARNING (PreCheck/SchemaMissingType): The schema 'CacheExpirationActionParameters' with an undefined type and decalared properties is a bit ambigious. This has been auto-corrected to 'type:object'

WARNING (PreCheck/SchemaMissingType): The schema 'DeliveryRuleCacheKeyQueryStringAction' with an undefined type and decalared properties is a bit ambigious. This has been auto-corrected to 'type:object'

WARNING (PreCheck/SchemaMissingType): The schema 'CacheKeyQueryStringActionParameters' with an undefined type and decalared properties is a bit ambigious. This has been auto-corrected to 'type:object'

WARNING (PreCheck/SchemaMissingType): The schema 'ResourceReference' with an undefined type and decalared properties is a bit ambigious. This has been auto-corrected to 'type:object'

WARNING (PreCheck/SchemaMissingType): The schema 'UrlSigningKey' with an undefined type and decalared properties is a bit ambigious. This has been auto-corrected to 'type:object'

WARNING (PreCheck/SchemaMissingType): The schema 'KeyVaultSigningKeyParameters' with an undefined type and decalared properties is a bit ambigious. This has been auto-corrected to 'type:object'

WARNING (PreCheck/SchemaMissingType): The schema 'OriginProperties' with an undefined type and decalared properties is a bit ambigious. This has been auto-corrected to 'type:object'

WARNING (PreCheck/SchemaMissingType): The schema 'OriginUpdatePropertiesParameters' with an undefined type and decalared properties is a bit ambigious. This has been auto-corrected to 'type:object'

WARNING (PreCheck/SchemaMissingType): The schema 'OriginListResult' with an undefined type and decalared properties is a bit ambigious. This has been auto-corrected to 'type:object'

WARNING (PreCheck/SchemaMissingType): The schema 'OriginGroupUpdatePropertiesParameters' with an undefined type and decalared properties is a bit ambigious. This has been auto-corrected to 'type:object'

WARNING (PreCheck/SchemaMissingType): The schema 'HealthProbeParameters' with an undefined type and decalared properties is a bit ambigious. This has been auto-corrected to 'type:object'

WARNING (PreCheck/SchemaMissingType): The schema 'ResponseBasedOriginErrorDetectionParameters' with an undefined type and decalared properties is a bit ambigious. This has been auto-corrected to 'type:object'

WARNING (PreCheck/SchemaMissingType): The schema 'HttpErrorRangeParameters' with an undefined type and decalared properties is a bit ambigious. This has been auto-corrected to 'type:object'

WARNING (PreCheck/SchemaMissingType): The schema 'OriginGroupListResult' with an undefined type and decalared properties is a bit ambigious. This has been auto-corrected to 'type:object'

WARNING (PreCheck/SchemaMissingType): The schema 'CustomDomainProperties' with an undefined type and decalared properties is a bit ambigious. This has been auto-corrected to 'type:object'

WARNING (PreCheck/SchemaMissingType): The schema 'CustomDomainPropertiesParameters' with an undefined type and decalared properties is a bit ambigious. This has been auto-corrected to 'type:object'

WARNING (PreCheck/SchemaMissingType): The schema 'CustomDomainHttpsParameters' with an undefined type and decalared properties is a bit ambigious. This has been auto-corrected to 'type:object'

WARNING (PreCheck/SchemaMissingType): The schema 'CdnManagedHttpsParameters' with an undefined type and decalared properties is a bit ambigious. This has been auto-corrected to 'type:object'

WARNING (PreCheck/SchemaMissingType): The schema 'CdnCertificateSourceParameters' with an undefined type and decalared properties is a bit ambigious. This has been auto-corrected to 'type:object'

WARNING (PreCheck/SchemaMissingType): The schema 'UserManagedHttpsParameters' with an undefined type and decalared properties is a bit ambigious. This has been auto-corrected to 'type:object'

WARNING (PreCheck/SchemaMissingType): The schema 'KeyVaultCertificateSourceParameters' with an undefined type and decalared properties is a bit ambigious. This has been auto-corrected to 'type:object'

WARNING (PreCheck/SchemaMissingType): The schema 'CustomDomainListResult' with an undefined type and decalared properties is a bit ambigious. This has been auto-corrected to 'type:object'

WARNING (PreCheck/SchemaMissingType): The schema 'ResourceUsageListResult' with an undefined type and decalared properties is a bit ambigious. This has been auto-corrected to 'type:object'

WARNING (PreCheck/SchemaMissingType): The schema 'Operation-display' with an undefined type and decalared properties is a bit ambigious. This has been auto-corrected to 'type:object'

WARNING (PreCheck/SchemaMissingType): The schema 'OperationsListResult' with an undefined type and decalared properties is a bit ambigious. This has been auto-corrected to 'type:object'

WARNING (PreCheck/SchemaMissingType): The schema 'EdgenodeResult' with an undefined type and decalared properties is a bit ambigious. This has been auto-corrected to 'type:object'

WARNING (PreCheck/SchemaMissingType): The schema 'EdgeNodeProperties' with an undefined type and decalared properties is a bit ambigious. This has been auto-corrected to 'type:object'

WARNING (PreCheck/SchemaMissingType): The schema 'Resource' with an undefined type and decalared properties is a bit ambigious. This has been auto-corrected to 'type:object'

WARNING (PreCheck/SchemaMissingType): The schema 'TrackedResource' with an undefined type and decalared properties is a bit ambigious. This has been auto-corrected to 'type:object'

WARNING (PreCheck/SchemaMissingType): The schema 'ProxyResource' with an undefined type and decalared properties is a bit ambigious. This has been auto-corrected to 'type:object'

WARNING (PreCheck/SchemaMissingType): The schema 'Certificate' with an undefined type and decalared properties is a bit ambigious. This has been auto-corrected to 'type:object'

WARNING (PreCheck/SchemaMissingType): The schema 'ManagedCertificate' with an undefined type and 'allOf'/'anyOf'/'oneOf' is a bit ambigious. This has been auto-corrected to 'type:object'

WARNING (PreCheck/SchemaMissingType): The schema 'CustomerCertificate' with an undefined type and decalared properties is a bit ambigious. This has been auto-corrected to 'type:object'

WARNING (PreCheck/SchemaMissingType): The schema 'AFDDomainListResult' with an undefined type and decalared properties is a bit ambigious. This has been auto-corrected to 'type:object'

WARNING (PreCheck/SchemaMissingType): The schema 'AFDDomainProperties' with an undefined type and decalared properties is a bit ambigious. This has been auto-corrected to 'type:object'

WARNING (PreCheck/SchemaMissingType): The schema 'AFDDomainUpdatePropertiesParameters' with an undefined type and decalared properties is a bit ambigious. This has been auto-corrected to 'type:object'

WARNING (PreCheck/SchemaMissingType): The schema 'DomainValidationProperties' with an undefined type and decalared properties is a bit ambigious. This has been auto-corrected to 'type:object'

WARNING (PreCheck/SchemaMissingType): The schema 'AFDDomainHttpsParameters' with an undefined type and decalared properties is a bit ambigious. This has been auto-corrected to 'type:object'

WARNING (PreCheck/SchemaMissingType): The schema 'SecurityPolicyProperties' with an undefined type and decalared properties is a bit ambigious. This has been auto-corrected to 'type:object'

WARNING (PreCheck/SchemaMissingType): The schema 'SecurityPolicyListResult' with an undefined type and decalared properties is a bit ambigious. This has been auto-corrected to 'type:object'

WARNING (PreCheck/SchemaMissingType): The schema 'AFDEndpointProperties' with an undefined type and decalared properties is a bit ambigious. This has been auto-corrected to 'type:object'

WARNING (PreCheck/SchemaMissingType): The schema 'AFDEndpointListResult' with an undefined type and decalared properties is a bit ambigious. This has been auto-corrected to 'type:object'

WARNING (PreCheck/SchemaMissingType): The schema 'AFDEndpointPropertiesUpdateParameters' with an undefined type and decalared properties is a bit ambigious. This has been auto-corrected to 'type:object'

WARNING (PreCheck/SchemaMissingType): The schema 'SecretListResult' with an undefined type and decalared properties is a bit ambigious. This has been auto-corrected to 'type:object'

WARNING (PreCheck/SchemaMissingType): The schema 'SecretProperties' with an undefined type and decalared properties is a bit ambigious. This has been auto-corrected to 'type:object'

WARNING (PreCheck/SchemaMissingType): The schema 'RuleSetListResult' with an undefined type and decalared properties is a bit ambigious. This has been auto-corrected to 'type:object'

WARNING (PreCheck/SchemaMissingType): The schema 'AFDOriginProperties' with an undefined type and 'allOf'/'anyOf'/'oneOf' is a bit ambigious. This has been auto-corrected to 'type:object'

WARNING (PreCheck/SchemaMissingType): The schema 'AFDOriginUpdatePropertiesParameters' with an undefined type and decalared properties is a bit ambigious. This has been auto-corrected to 'type:object'

WARNING (PreCheck/SchemaMissingType): The schema 'SharedPrivateLinkResourceProperties' with an undefined type and decalared properties is a bit ambigious. This has been auto-corrected to 'type:object'

WARNING (PreCheck/SchemaMissingType): The schema 'AFDOriginListResult' with an undefined type and decalared properties is a bit ambigious. This has been auto-corrected to 'type:object'

WARNING (PreCheck/SchemaMissingType): The schema 'AFDOriginGroupUpdatePropertiesParameters' with an undefined type and decalared properties is a bit ambigious. This has been auto-corrected to 'type:object'

WARNING (PreCheck/SchemaMissingType): The schema 'AFDOriginGroupListResult' with an undefined type and decalared properties is a bit ambigious. This has been auto-corrected to 'type:object'

WARNING (PreCheck/SchemaMissingType): The schema 'RouteListResult' with an undefined type and decalared properties is a bit ambigious. This has been auto-corrected to 'type:object'

WARNING (PreCheck/SchemaMissingType): The schema 'RouteProperties' with an undefined type and 'allOf'/'anyOf'/'oneOf' is a bit ambigious. This has been auto-corrected to 'type:object'

WARNING (PreCheck/SchemaMissingType): The schema 'RouteUpdatePropertiesParameters' with an undefined type and decalared properties is a bit ambigious. This has been auto-corrected to 'type:object'

WARNING (PreCheck/SchemaMissingType): The schema 'RuleListResult' with an undefined type and decalared properties is a bit ambigious. This has been auto-corrected to 'type:object'

WARNING (PreCheck/SchemaMissingType): The schema 'RuleUpdatePropertiesParameters' with an undefined type and decalared properties is a bit ambigious. This has been auto-corrected to 'type:object'

WARNING (PreCheck/SchemaMissingType): The schema 'AfdErrorResponse' with an undefined type and decalared properties is a bit ambigious. This has been auto-corrected to 'type:object'

WARNING (PreCheck/SchemaMissingType): The schema 'MetricsResponse' with an undefined type and decalared properties is a bit ambigious. This has been auto-corrected to 'type:object'

WARNING (PreCheck/SchemaMissingType): The schema 'RankingsResponse' with an undefined type and decalared properties is a bit ambigious. This has been auto-corrected to 'type:object'

WARNING (PreCheck/SchemaMissingType): The schema 'ContinentsResponse' with an undefined type and decalared properties is a bit ambigious. This has been auto-corrected to 'type:object'

WARNING (PreCheck/SchemaMissingType): The schema 'ResourcesResponse' with an undefined type and decalared properties is a bit ambigious. This has been auto-corrected to 'type:object'

WARNING (PreCheck/SchemaMissingType): The schema 'WafMetricsResponse' with an undefined type and decalared properties is a bit ambigious. This has been auto-corrected to 'type:object'

WARNING (PreCheck/SchemaMissingType): The schema 'WafRankingsResponse' with an undefined type and decalared properties is a bit ambigious. This has been auto-corrected to 'type:object'

WARNING (PreCheck/SchemaMissingType): The schema 'UsageName' with an undefined type and decalared properties is a bit ambigious. This has been auto-corrected to 'type:object'

WARNING (PreCheck/SchemaMissingType): The schema 'Usage' with an undefined type and decalared properties is a bit ambigious. This has been auto-corrected to 'type:object'

WARNING (PreCheck/SchemaMissingType): The schema 'UsagesListResult' with an undefined type and decalared properties is a bit ambigious. This has been auto-corrected to 'type:object'

WARNING (PreCheck/SchemaMissingType): The schema 'CdnWebApplicationFirewallPolicyList' with an undefined type and decalared properties is a bit ambigious. This has been auto-corrected to 'type:object'

WARNING (PreCheck/SchemaMissingType): The schema 'CdnWebApplicationFirewallPolicy' with an undefined type and decalared properties is a bit ambigious. This has been auto-corrected to 'type:object'

WARNING (PreCheck/SchemaMissingType): The schema 'CdnWebApplicationFirewallPolicyProperties' with an undefined type and decalared properties is a bit ambigious. This has been auto-corrected to 'type:object'

WARNING (PreCheck/SchemaMissingType): The schema 'policySettings' with an undefined type and decalared properties is a bit ambigious. This has been auto-corrected to 'type:object'

WARNING (PreCheck/SchemaMissingType): The schema 'CustomRuleList' with an undefined type and decalared properties is a bit ambigious. This has been auto-corrected to 'type:object'

WARNING (PreCheck/SchemaMissingType): The schema 'RateLimitRuleList' with an undefined type and decalared properties is a bit ambigious. This has been auto-corrected to 'type:object'

WARNING (PreCheck/SchemaMissingType): The schema 'MatchCondition' with an undefined type and decalared properties is a bit ambigious. This has been auto-corrected to 'type:object'

WARNING (PreCheck/SchemaMissingType): The schema 'ManagedRuleSetList' with an undefined type and decalared properties is a bit ambigious. This has been auto-corrected to 'type:object'

WARNING (PreCheck/SchemaMissingType): The schema 'ManagedRuleGroupOverride' with an undefined type and decalared properties is a bit ambigious. This has been auto-corrected to 'type:object'

WARNING (PreCheck/SchemaMissingType): The schema 'ManagedRuleOverride' with an undefined type and decalared properties is a bit ambigious. This has been auto-corrected to 'type:object'

WARNING (PreCheck/SchemaMissingType): The schema 'ManagedRuleSetDefinitionList' with an undefined type and decalared properties is a bit ambigious. This has been auto-corrected to 'type:object'

WARNING (PreCheck/SchemaMissingType): The schema 'ManagedRuleSetDefinition' with an undefined type and decalared properties is a bit ambigious. This has been auto-corrected to 'type:object'

WARNING (PreCheck/SchemaMissingType): The schema 'ManagedRuleSetDefinitionProperties' with an undefined type and decalared properties is a bit ambigious. This has been auto-corrected to 'type:object'

WARNING (PreCheck/SchemaMissingType): The schema 'ManagedRuleGroupDefinition' with an undefined type and decalared properties is a bit ambigious. This has been auto-corrected to 'type:object'

WARNING (PreCheck/SchemaMissingType): The schema 'ManagedRuleDefinition' with an undefined type and decalared properties is a bit ambigious. This has been auto-corrected to 'type:object'

WARNING (PreCheck/CheckDuplicateSchemas): Checking for duplicate schemas, this could take a (long) while.  Run with --verbose for more detail.

WARNING (PreCheck/DuplicateSchema): Duplicate Schema named DeliveryRuleAction -- discriminator: {"propertyName":"name"} => <none>,properties: {"name":{"description":"The name of the action for the delivery rule.","$ref":"#/components/schemas/DeliveryRuleAction"}} => <none>,required: ["name"] => <none>,type: undefined => "string",enum: undefined => ["CacheExpiration","CacheKeyQueryString","ModifyRequestHeader","ModifyResponseHeader","UrlRedirect","UrlRewrite","UrlSigning","OriginGroupOverride"],x-ms-enum: undefined => {"name":"DeliveryRuleAction","modelAsString":true} 
WARNING: Unrecognized property type: sealed-choice
WARNING: Unrecognized property type: sealed-choice
WARNING: Unrecognized property type: sealed-choice
WARNING: Unrecognized property type: sealed-choice
WARNING: Unrecognized property type: sealed-choice
WARNING: Unrecognized property type: constant
WARNING: Unrecognized property type: constant
WARNING: Unrecognized property type: constant
WARNING: Unrecognized property type: constant
WARNING: Unrecognized property type: constant
WARNING: Unrecognized property type: constant
WARNING: Unrecognized property type: constant
WARNING: Unrecognized property type: constant
WARNING: Unrecognized property type: constant
WARNING: Unrecognized property type: constant
WARNING: Unrecognized property type: constant
WARNING: Unrecognized property type: constant
WARNING: Unrecognized property type: constant
WARNING: Unrecognized property type: constant
WARNING: Unrecognized property type: constant
WARNING: Unrecognized property type: constant
WARNING: Unrecognized property type: constant
WARNING: Unrecognized property type: constant
WARNING: Unrecognized property type: constant
WARNING: Unrecognized property type: constant
WARNING: Unrecognized property type: constant
WARNING: Unrecognized property type: constant
WARNING: Unrecognized property type: constant
WARNING: Unrecognized property type: sealed-choice
WARNING: Unrecognized property type: any
WARNING: Unrecognized property type: any
WARNING: Unrecognized property type: sealed-choice
WARNING: Skipping resource type microsoft.cdn/profiles/rulesets under path '/subscriptions/{subscriptionId}/resourceGroups/{resourceGroupName}/providers/Microsoft.Cdn/profiles/{profileName}/ruleSets/{ruleSetName}': No resource body defined
INFORMATION: Autorest.AzureResourceSchema took 31ms
Processing batch task - {"tag":"schema-cdn-2020-04-15"} .
INFORMATION: > Loading local AutoRest extension '@autorest/azureresourceschema' (/home/runner/work/bicep-types-az/bicep-types-az/src/autorest.bicep)
INFORMATION: > Loading AutoRest extension '@autorest/modelerfour' (4.16.2->4.16.2)

WARNING (PreCheck/SchemaMissingType): The schema 'ProfileProperties' with an undefined type and decalared properties is a bit ambigious. This has been auto-corrected to 'type:object'

WARNING (PreCheck/SchemaMissingType): The schema 'ProfileListResult' with an undefined type and decalared properties is a bit ambigious. This has been auto-corrected to 'type:object'

WARNING (PreCheck/SchemaMissingType): The schema 'EndpointProperties' with an undefined type and decalared properties is a bit ambigious. This has been auto-corrected to 'type:object'

WARNING (PreCheck/SchemaMissingType): The schema 'EndpointListResult' with an undefined type and decalared properties is a bit ambigious. This has been auto-corrected to 'type:object'

WARNING (PreCheck/SchemaMissingType): The schema 'EndpointPropertiesUpdateParameters' with an undefined type and decalared properties is a bit ambigious. This has been auto-corrected to 'type:object'

WARNING (PreCheck/SchemaMissingType): The schema 'DeliveryRuleCondition' with an undefined type and decalared properties is a bit ambigious. This has been auto-corrected to 'type:object'

WARNING (PreCheck/SchemaMissingType): The schema 'DeliveryRuleRemoteAddressCondition' with an undefined type and decalared properties is a bit ambigious. This has been auto-corrected to 'type:object'

WARNING (PreCheck/SchemaMissingType): The schema 'DeliveryRuleRequestMethodCondition' with an undefined type and decalared properties is a bit ambigious. This has been auto-corrected to 'type:object'

WARNING (PreCheck/SchemaMissingType): The schema 'DeliveryRuleQueryStringCondition' with an undefined type and decalared properties is a bit ambigious. This has been auto-corrected to 'type:object'

WARNING (PreCheck/SchemaMissingType): The schema 'DeliveryRulePostArgsCondition' with an undefined type and decalared properties is a bit ambigious. This has been auto-corrected to 'type:object'

WARNING (PreCheck/SchemaMissingType): The schema 'DeliveryRuleRequestUriCondition' with an undefined type and decalared properties is a bit ambigious. This has been auto-corrected to 'type:object'

WARNING (PreCheck/SchemaMissingType): The schema 'DeliveryRuleRequestHeaderCondition' with an undefined type and decalared properties is a bit ambigious. This has been auto-corrected to 'type:object'

WARNING (PreCheck/SchemaMissingType): The schema 'DeliveryRuleRequestBodyCondition' with an undefined type and decalared properties is a bit ambigious. This has been auto-corrected to 'type:object'

WARNING (PreCheck/SchemaMissingType): The schema 'DeliveryRuleRequestSchemeCondition' with an undefined type and decalared properties is a bit ambigious. This has been auto-corrected to 'type:object'

WARNING (PreCheck/SchemaMissingType): The schema 'DeliveryRuleUrlPathCondition' with an undefined type and decalared properties is a bit ambigious. This has been auto-corrected to 'type:object'

WARNING (PreCheck/SchemaMissingType): The schema 'DeliveryRuleUrlFileExtensionCondition' with an undefined type and decalared properties is a bit ambigious. This has been auto-corrected to 'type:object'

WARNING (PreCheck/SchemaMissingType): The schema 'DeliveryRuleUrlFileNameCondition' with an undefined type and decalared properties is a bit ambigious. This has been auto-corrected to 'type:object'

WARNING (PreCheck/SchemaMissingType): The schema 'DeliveryRuleHttpVersionCondition' with an undefined type and decalared properties is a bit ambigious. This has been auto-corrected to 'type:object'

WARNING (PreCheck/SchemaMissingType): The schema 'DeliveryRuleCookiesCondition' with an undefined type and decalared properties is a bit ambigious. This has been auto-corrected to 'type:object'

WARNING (PreCheck/SchemaMissingType): The schema 'DeliveryRuleIsDeviceCondition' with an undefined type and decalared properties is a bit ambigious. This has been auto-corrected to 'type:object'

WARNING (PreCheck/SchemaMissingType): The schema 'RemoteAddressMatchConditionParameters' with an undefined type and decalared properties is a bit ambigious. This has been auto-corrected to 'type:object'

WARNING (PreCheck/SchemaMissingType): The schema 'RequestMethodMatchConditionParameters' with an undefined type and decalared properties is a bit ambigious. This has been auto-corrected to 'type:object'

WARNING (PreCheck/SchemaMissingType): The schema 'QueryStringMatchConditionParameters' with an undefined type and decalared properties is a bit ambigious. This has been auto-corrected to 'type:object'

WARNING (PreCheck/SchemaMissingType): The schema 'PostArgsMatchConditionParameters' with an undefined type and decalared properties is a bit ambigious. This has been auto-corrected to 'type:object'

WARNING (PreCheck/SchemaMissingType): The schema 'RequestUriMatchConditionParameters' with an undefined type and decalared properties is a bit ambigious. This has been auto-corrected to 'type:object'

WARNING (PreCheck/SchemaMissingType): The schema 'RequestHeaderMatchConditionParameters' with an undefined type and decalared properties is a bit ambigious. This has been auto-corrected to 'type:object'

WARNING (PreCheck/SchemaMissingType): The schema 'RequestBodyMatchConditionParameters' with an undefined type and decalared properties is a bit ambigious. This has been auto-corrected to 'type:object'

WARNING (PreCheck/SchemaMissingType): The schema 'RequestSchemeMatchConditionParameters' with an undefined type and decalared properties is a bit ambigious. This has been auto-corrected to 'type:object'

WARNING (PreCheck/SchemaMissingType): The schema 'UrlPathMatchConditionParameters' with an undefined type and decalared properties is a bit ambigious. This has been auto-corrected to 'type:object'

WARNING (PreCheck/SchemaMissingType): The schema 'UrlFileExtensionMatchConditionParameters' with an undefined type and decalared properties is a bit ambigious. This has been auto-corrected to 'type:object'

WARNING (PreCheck/SchemaMissingType): The schema 'UrlFileNameMatchConditionParameters' with an undefined type and decalared properties is a bit ambigious. This has been auto-corrected to 'type:object'

WARNING (PreCheck/SchemaMissingType): The schema 'HttpVersionMatchConditionParameters' with an undefined type and decalared properties is a bit ambigious. This has been auto-corrected to 'type:object'

WARNING (PreCheck/SchemaMissingType): The schema 'CookiesMatchConditionParameters' with an undefined type and decalared properties is a bit ambigious. This has been auto-corrected to 'type:object'

WARNING (PreCheck/SchemaMissingType): The schema 'IsDeviceMatchConditionParameters' with an undefined type and decalared properties is a bit ambigious. This has been auto-corrected to 'type:object'

WARNING (PreCheck/SchemaMissingType): The schema 'DeliveryRuleAction' with an undefined type and decalared properties is a bit ambigious. This has been auto-corrected to 'type:object'

WARNING (PreCheck/SchemaMissingType): The schema 'UrlRedirectAction' with an undefined type and decalared properties is a bit ambigious. This has been auto-corrected to 'type:object'

WARNING (PreCheck/SchemaMissingType): The schema 'UrlRedirectActionParameters' with an undefined type and decalared properties is a bit ambigious. This has been auto-corrected to 'type:object'

WARNING (PreCheck/SchemaMissingType): The schema 'UrlSigningAction' with an undefined type and decalared properties is a bit ambigious. This has been auto-corrected to 'type:object'

WARNING (PreCheck/SchemaMissingType): The schema 'UrlSigningActionParameters' with an undefined type and decalared properties is a bit ambigious. This has been auto-corrected to 'type:object'

WARNING (PreCheck/SchemaMissingType): The schema 'UrlSigningParamIdentifier' with an undefined type and decalared properties is a bit ambigious. This has been auto-corrected to 'type:object'

WARNING (PreCheck/SchemaMissingType): The schema 'UrlRewriteAction' with an undefined type and decalared properties is a bit ambigious. This has been auto-corrected to 'type:object'

WARNING (PreCheck/SchemaMissingType): The schema 'UrlRewriteActionParameters' with an undefined type and decalared properties is a bit ambigious. This has been auto-corrected to 'type:object'

WARNING (PreCheck/SchemaMissingType): The schema 'DeliveryRuleRequestHeaderAction' with an undefined type and decalared properties is a bit ambigious. This has been auto-corrected to 'type:object'

WARNING (PreCheck/SchemaMissingType): The schema 'DeliveryRuleResponseHeaderAction' with an undefined type and decalared properties is a bit ambigious. This has been auto-corrected to 'type:object'

WARNING (PreCheck/SchemaMissingType): The schema 'HeaderActionParameters' with an undefined type and decalared properties is a bit ambigious. This has been auto-corrected to 'type:object'

WARNING (PreCheck/SchemaMissingType): The schema 'DeliveryRuleCacheExpirationAction' with an undefined type and decalared properties is a bit ambigious. This has been auto-corrected to 'type:object'

WARNING (PreCheck/SchemaMissingType): The schema 'CacheExpirationActionParameters' with an undefined type and decalared properties is a bit ambigious. This has been auto-corrected to 'type:object'

WARNING (PreCheck/SchemaMissingType): The schema 'DeliveryRuleCacheKeyQueryStringAction' with an undefined type and decalared properties is a bit ambigious. This has been auto-corrected to 'type:object'

WARNING (PreCheck/SchemaMissingType): The schema 'CacheKeyQueryStringActionParameters' with an undefined type and decalared properties is a bit ambigious. This has been auto-corrected to 'type:object'

WARNING (PreCheck/SchemaMissingType): The schema 'ResourceReference' with an undefined type and decalared properties is a bit ambigious. This has been auto-corrected to 'type:object'

WARNING (PreCheck/SchemaMissingType): The schema 'UrlSigningKey' with an undefined type and decalared properties is a bit ambigious. This has been auto-corrected to 'type:object'

WARNING (PreCheck/SchemaMissingType): The schema 'KeyVaultSigningKeyParameters' with an undefined type and decalared properties is a bit ambigious. This has been auto-corrected to 'type:object'

WARNING (PreCheck/SchemaMissingType): The schema 'OriginProperties' with an undefined type and decalared properties is a bit ambigious. This has been auto-corrected to 'type:object'

WARNING (PreCheck/SchemaMissingType): The schema 'OriginUpdatePropertiesParameters' with an undefined type and decalared properties is a bit ambigious. This has been auto-corrected to 'type:object'

WARNING (PreCheck/SchemaMissingType): The schema 'OriginListResult' with an undefined type and decalared properties is a bit ambigious. This has been auto-corrected to 'type:object'

WARNING (PreCheck/SchemaMissingType): The schema 'OriginGroupUpdatePropertiesParameters' with an undefined type and decalared properties is a bit ambigious. This has been auto-corrected to 'type:object'

WARNING (PreCheck/SchemaMissingType): The schema 'HealthProbeParameters' with an undefined type and decalared properties is a bit ambigious. This has been auto-corrected to 'type:object'

WARNING (PreCheck/SchemaMissingType): The schema 'ResponseBasedOriginErrorDetectionParameters' with an undefined type and decalared properties is a bit ambigious. This has been auto-corrected to 'type:object'

WARNING (PreCheck/SchemaMissingType): The schema 'HttpErrorRangeParameters' with an undefined type and decalared properties is a bit ambigious. This has been auto-corrected to 'type:object'

WARNING (PreCheck/SchemaMissingType): The schema 'OriginGroupListResult' with an undefined type and decalared properties is a bit ambigious. This has been auto-corrected to 'type:object'

WARNING (PreCheck/SchemaMissingType): The schema 'CustomDomainProperties' with an undefined type and decalared properties is a bit ambigious. This has been auto-corrected to 'type:object'

WARNING (PreCheck/SchemaMissingType): The schema 'CustomDomainPropertiesParameters' with an undefined type and decalared properties is a bit ambigious. This has been auto-corrected to 'type:object'

WARNING (PreCheck/SchemaMissingType): The schema 'CustomDomainHttpsParameters' with an undefined type and decalared properties is a bit ambigious. This has been auto-corrected to 'type:object'

WARNING (PreCheck/SchemaMissingType): The schema 'CdnManagedHttpsParameters' with an undefined type and decalared properties is a bit ambigious. This has been auto-corrected to 'type:object'

WARNING (PreCheck/SchemaMissingType): The schema 'CdnCertificateSourceParameters' with an undefined type and decalared properties is a bit ambigious. This has been auto-corrected to 'type:object'

WARNING (PreCheck/SchemaMissingType): The schema 'UserManagedHttpsParameters' with an undefined type and decalared properties is a bit ambigious. This has been auto-corrected to 'type:object'

WARNING (PreCheck/SchemaMissingType): The schema 'KeyVaultCertificateSourceParameters' with an undefined type and decalared properties is a bit ambigious. This has been auto-corrected to 'type:object'

WARNING (PreCheck/SchemaMissingType): The schema 'CustomDomainListResult' with an undefined type and decalared properties is a bit ambigious. This has been auto-corrected to 'type:object'

WARNING (PreCheck/SchemaMissingType): The schema 'ResourceUsageListResult' with an undefined type and decalared properties is a bit ambigious. This has been auto-corrected to 'type:object'

WARNING (PreCheck/SchemaMissingType): The schema 'Operation-display' with an undefined type and decalared properties is a bit ambigious. This has been auto-corrected to 'type:object'

WARNING (PreCheck/SchemaMissingType): The schema 'OperationsListResult' with an undefined type and decalared properties is a bit ambigious. This has been auto-corrected to 'type:object'

WARNING (PreCheck/SchemaMissingType): The schema 'EdgenodeResult' with an undefined type and decalared properties is a bit ambigious. This has been auto-corrected to 'type:object'

WARNING (PreCheck/SchemaMissingType): The schema 'EdgeNodeProperties' with an undefined type and decalared properties is a bit ambigious. This has been auto-corrected to 'type:object'

WARNING (PreCheck/SchemaMissingType): The schema 'Resource' with an undefined type and decalared properties is a bit ambigious. This has been auto-corrected to 'type:object'

WARNING (PreCheck/SchemaMissingType): The schema 'TrackedResource' with an undefined type and decalared properties is a bit ambigious. This has been auto-corrected to 'type:object'

WARNING (PreCheck/SchemaMissingType): The schema 'ProxyResource' with an undefined type and 'allOf'/'anyOf'/'oneOf' is a bit ambigious. This has been auto-corrected to 'type:object'

WARNING (PreCheck/SchemaMissingType): The schema 'CdnWebApplicationFirewallPolicyList' with an undefined type and decalared properties is a bit ambigious. This has been auto-corrected to 'type:object'

WARNING (PreCheck/SchemaMissingType): The schema 'CdnWebApplicationFirewallPolicy' with an undefined type and decalared properties is a bit ambigious. This has been auto-corrected to 'type:object'

WARNING (PreCheck/SchemaMissingType): The schema 'CdnWebApplicationFirewallPolicyProperties' with an undefined type and decalared properties is a bit ambigious. This has been auto-corrected to 'type:object'

WARNING (PreCheck/SchemaMissingType): The schema 'policySettings' with an undefined type and decalared properties is a bit ambigious. This has been auto-corrected to 'type:object'

WARNING (PreCheck/SchemaMissingType): The schema 'CustomRuleList' with an undefined type and decalared properties is a bit ambigious. This has been auto-corrected to 'type:object'

WARNING (PreCheck/SchemaMissingType): The schema 'RateLimitRuleList' with an undefined type and decalared properties is a bit ambigious. This has been auto-corrected to 'type:object'

WARNING (PreCheck/SchemaMissingType): The schema 'MatchCondition' with an undefined type and decalared properties is a bit ambigious. This has been auto-corrected to 'type:object'

WARNING (PreCheck/SchemaMissingType): The schema 'ManagedRuleSetList' with an undefined type and decalared properties is a bit ambigious. This has been auto-corrected to 'type:object'

WARNING (PreCheck/SchemaMissingType): The schema 'ManagedRuleGroupOverride' with an undefined type and decalared properties is a bit ambigious. This has been auto-corrected to 'type:object'

WARNING (PreCheck/SchemaMissingType): The schema 'ManagedRuleOverride' with an undefined type and decalared properties is a bit ambigious. This has been auto-corrected to 'type:object'

WARNING (PreCheck/SchemaMissingType): The schema 'ManagedRuleSetDefinitionList' with an undefined type and decalared properties is a bit ambigious. This has been auto-corrected to 'type:object'

WARNING (PreCheck/SchemaMissingType): The schema 'ManagedRuleSetDefinition' with an undefined type and decalared properties is a bit ambigious. This has been auto-corrected to 'type:object'

WARNING (PreCheck/SchemaMissingType): The schema 'ManagedRuleSetDefinitionProperties' with an undefined type and decalared properties is a bit ambigious. This has been auto-corrected to 'type:object'

WARNING (PreCheck/SchemaMissingType): The schema 'ManagedRuleGroupDefinition' with an undefined type and decalared properties is a bit ambigious. This has been auto-corrected to 'type:object'

WARNING (PreCheck/SchemaMissingType): The schema 'ManagedRuleDefinition' with an undefined type and decalared properties is a bit ambigious. This has been auto-corrected to 'type:object'

WARNING (PreCheck/CheckDuplicateSchemas): Checking for duplicate schemas, this could take a (long) while.  Run with --verbose for more detail.

WARNING (PreCheck/DuplicateSchema): Duplicate Schema named DeliveryRuleAction -- discriminator: {"propertyName":"name"} => <none>,properties: {"name":{"description":"The name of the action for the delivery rule.","$ref":"#/components/schemas/DeliveryRuleAction"}} => <none>,required: ["name"] => <none>,type: undefined => "string",enum: undefined => ["CacheExpiration","CacheKeyQueryString","ModifyRequestHeader","ModifyResponseHeader","UrlRedirect","UrlRewrite","UrlSigning"],x-ms-enum: undefined => {"name":"DeliveryRuleAction","modelAsString":true} 
WARNING: Unrecognized property type: sealed-choice
WARNING: Unrecognized property type: sealed-choice
WARNING: Unrecognized property type: sealed-choice
WARNING: Unrecognized property type: sealed-choice
WARNING: Unrecognized property type: sealed-choice
WARNING: Unrecognized property type: constant
WARNING: Unrecognized property type: constant
WARNING: Unrecognized property type: constant
WARNING: Unrecognized property type: constant
WARNING: Unrecognized property type: constant
WARNING: Unrecognized property type: constant
WARNING: Unrecognized property type: constant
WARNING: Unrecognized property type: constant
WARNING: Unrecognized property type: constant
WARNING: Unrecognized property type: constant
WARNING: Unrecognized property type: constant
WARNING: Unrecognized property type: constant
WARNING: Unrecognized property type: constant
WARNING: Unrecognized property type: constant
WARNING: Unrecognized property type: constant
WARNING: Unrecognized property type: constant
WARNING: Unrecognized property type: constant
WARNING: Unrecognized property type: constant
WARNING: Unrecognized property type: constant
WARNING: Unrecognized property type: constant
WARNING: Unrecognized property type: constant
WARNING: Unrecognized property type: constant
INFORMATION: Autorest.AzureResourceSchema took 15ms
Processing batch task - {"tag":"schema-cdn-2019-12-31"} .
INFORMATION: > Loading local AutoRest extension '@autorest/azureresourceschema' (/home/runner/work/bicep-types-az/bicep-types-az/src/autorest.bicep)
INFORMATION: > Loading AutoRest extension '@autorest/modelerfour' (4.16.2->4.16.2)

WARNING (PreCheck/SchemaMissingType): The schema 'ProfileProperties' with an undefined type and decalared properties is a bit ambigious. This has been auto-corrected to 'type:object'

WARNING (PreCheck/SchemaMissingType): The schema 'ProfileListResult' with an undefined type and decalared properties is a bit ambigious. This has been auto-corrected to 'type:object'

WARNING (PreCheck/SchemaMissingType): The schema 'EndpointProperties' with an undefined type and decalared properties is a bit ambigious. This has been auto-corrected to 'type:object'

WARNING (PreCheck/SchemaMissingType): The schema 'EndpointListResult' with an undefined type and decalared properties is a bit ambigious. This has been auto-corrected to 'type:object'

WARNING (PreCheck/SchemaMissingType): The schema 'EndpointPropertiesUpdateParameters' with an undefined type and decalared properties is a bit ambigious. This has been auto-corrected to 'type:object'

WARNING (PreCheck/SchemaMissingType): The schema 'DeliveryRuleCondition' with an undefined type and decalared properties is a bit ambigious. This has been auto-corrected to 'type:object'

WARNING (PreCheck/SchemaMissingType): The schema 'DeliveryRuleRemoteAddressCondition' with an undefined type and decalared properties is a bit ambigious. This has been auto-corrected to 'type:object'

WARNING (PreCheck/SchemaMissingType): The schema 'DeliveryRuleRequestMethodCondition' with an undefined type and decalared properties is a bit ambigious. This has been auto-corrected to 'type:object'

WARNING (PreCheck/SchemaMissingType): The schema 'DeliveryRuleQueryStringCondition' with an undefined type and decalared properties is a bit ambigious. This has been auto-corrected to 'type:object'

WARNING (PreCheck/SchemaMissingType): The schema 'DeliveryRulePostArgsCondition' with an undefined type and decalared properties is a bit ambigious. This has been auto-corrected to 'type:object'

WARNING (PreCheck/SchemaMissingType): The schema 'DeliveryRuleRequestUriCondition' with an undefined type and decalared properties is a bit ambigious. This has been auto-corrected to 'type:object'

WARNING (PreCheck/SchemaMissingType): The schema 'DeliveryRuleRequestHeaderCondition' with an undefined type and decalared properties is a bit ambigious. This has been auto-corrected to 'type:object'

WARNING (PreCheck/SchemaMissingType): The schema 'DeliveryRuleRequestBodyCondition' with an undefined type and decalared properties is a bit ambigious. This has been auto-corrected to 'type:object'

WARNING (PreCheck/SchemaMissingType): The schema 'DeliveryRuleRequestSchemeCondition' with an undefined type and decalared properties is a bit ambigious. This has been auto-corrected to 'type:object'

WARNING (PreCheck/SchemaMissingType): The schema 'DeliveryRuleUrlPathCondition' with an undefined type and decalared properties is a bit ambigious. This has been auto-corrected to 'type:object'

WARNING (PreCheck/SchemaMissingType): The schema 'DeliveryRuleUrlFileExtensionCondition' with an undefined type and decalared properties is a bit ambigious. This has been auto-corrected to 'type:object'

WARNING (PreCheck/SchemaMissingType): The schema 'DeliveryRuleUrlFileNameCondition' with an undefined type and decalared properties is a bit ambigious. This has been auto-corrected to 'type:object'

WARNING (PreCheck/SchemaMissingType): The schema 'DeliveryRuleHttpVersionCondition' with an undefined type and decalared properties is a bit ambigious. This has been auto-corrected to 'type:object'

WARNING (PreCheck/SchemaMissingType): The schema 'DeliveryRuleCookiesCondition' with an undefined type and decalared properties is a bit ambigious. This has been auto-corrected to 'type:object'

WARNING (PreCheck/SchemaMissingType): The schema 'DeliveryRuleIsDeviceCondition' with an undefined type and decalared properties is a bit ambigious. This has been auto-corrected to 'type:object'

WARNING (PreCheck/SchemaMissingType): The schema 'RemoteAddressMatchConditionParameters' with an undefined type and decalared properties is a bit ambigious. This has been auto-corrected to 'type:object'

WARNING (PreCheck/SchemaMissingType): The schema 'RequestMethodMatchConditionParameters' with an undefined type and decalared properties is a bit ambigious. This has been auto-corrected to 'type:object'

WARNING (PreCheck/SchemaMissingType): The schema 'QueryStringMatchConditionParameters' with an undefined type and decalared properties is a bit ambigious. This has been auto-corrected to 'type:object'

WARNING (PreCheck/SchemaMissingType): The schema 'PostArgsMatchConditionParameters' with an undefined type and decalared properties is a bit ambigious. This has been auto-corrected to 'type:object'

WARNING (PreCheck/SchemaMissingType): The schema 'RequestUriMatchConditionParameters' with an undefined type and decalared properties is a bit ambigious. This has been auto-corrected to 'type:object'

WARNING (PreCheck/SchemaMissingType): The schema 'RequestHeaderMatchConditionParameters' with an undefined type and decalared properties is a bit ambigious. This has been auto-corrected to 'type:object'

WARNING (PreCheck/SchemaMissingType): The schema 'RequestBodyMatchConditionParameters' with an undefined type and decalared properties is a bit ambigious. This has been auto-corrected to 'type:object'

WARNING (PreCheck/SchemaMissingType): The schema 'RequestSchemeMatchConditionParameters' with an undefined type and decalared properties is a bit ambigious. This has been auto-corrected to 'type:object'

WARNING (PreCheck/SchemaMissingType): The schema 'UrlPathMatchConditionParameters' with an undefined type and decalared properties is a bit ambigious. This has been auto-corrected to 'type:object'

WARNING (PreCheck/SchemaMissingType): The schema 'UrlFileExtensionMatchConditionParameters' with an undefined type and decalared properties is a bit ambigious. This has been auto-corrected to 'type:object'

WARNING (PreCheck/SchemaMissingType): The schema 'UrlFileNameMatchConditionParameters' with an undefined type and decalared properties is a bit ambigious. This has been auto-corrected to 'type:object'

WARNING (PreCheck/SchemaMissingType): The schema 'HttpVersionMatchConditionParameters' with an undefined type and decalared properties is a bit ambigious. This has been auto-corrected to 'type:object'

WARNING (PreCheck/SchemaMissingType): The schema 'CookiesMatchConditionParameters' with an undefined type and decalared properties is a bit ambigious. This has been auto-corrected to 'type:object'

WARNING (PreCheck/SchemaMissingType): The schema 'IsDeviceMatchConditionParameters' with an undefined type and decalared properties is a bit ambigious. This has been auto-corrected to 'type:object'

WARNING (PreCheck/SchemaMissingType): The schema 'DeliveryRuleAction' with an undefined type and decalared properties is a bit ambigious. This has been auto-corrected to 'type:object'

WARNING (PreCheck/SchemaMissingType): The schema 'UrlRedirectAction' with an undefined type and decalared properties is a bit ambigious. This has been auto-corrected to 'type:object'

WARNING (PreCheck/SchemaMissingType): The schema 'UrlRedirectActionParameters' with an undefined type and decalared properties is a bit ambigious. This has been auto-corrected to 'type:object'

WARNING (PreCheck/SchemaMissingType): The schema 'UrlRewriteAction' with an undefined type and decalared properties is a bit ambigious. This has been auto-corrected to 'type:object'

WARNING (PreCheck/SchemaMissingType): The schema 'UrlRewriteActionParameters' with an undefined type and decalared properties is a bit ambigious. This has been auto-corrected to 'type:object'

WARNING (PreCheck/SchemaMissingType): The schema 'OriginGroupOverrideAction' with an undefined type and decalared properties is a bit ambigious. This has been auto-corrected to 'type:object'

WARNING (PreCheck/SchemaMissingType): The schema 'OriginGroupOverrideActionParameters' with an undefined type and decalared properties is a bit ambigious. This has been auto-corrected to 'type:object'

WARNING (PreCheck/SchemaMissingType): The schema 'DeliveryRuleRequestHeaderAction' with an undefined type and decalared properties is a bit ambigious. This has been auto-corrected to 'type:object'

WARNING (PreCheck/SchemaMissingType): The schema 'DeliveryRuleResponseHeaderAction' with an undefined type and decalared properties is a bit ambigious. This has been auto-corrected to 'type:object'

WARNING (PreCheck/SchemaMissingType): The schema 'HeaderActionParameters' with an undefined type and decalared properties is a bit ambigious. This has been auto-corrected to 'type:object'

WARNING (PreCheck/SchemaMissingType): The schema 'DeliveryRuleCacheExpirationAction' with an undefined type and decalared properties is a bit ambigious. This has been auto-corrected to 'type:object'

WARNING (PreCheck/SchemaMissingType): The schema 'CacheExpirationActionParameters' with an undefined type and decalared properties is a bit ambigious. This has been auto-corrected to 'type:object'

WARNING (PreCheck/SchemaMissingType): The schema 'DeliveryRuleCacheKeyQueryStringAction' with an undefined type and decalared properties is a bit ambigious. This has been auto-corrected to 'type:object'

WARNING (PreCheck/SchemaMissingType): The schema 'CacheKeyQueryStringActionParameters' with an undefined type and decalared properties is a bit ambigious. This has been auto-corrected to 'type:object'

WARNING (PreCheck/SchemaMissingType): The schema 'ResourceReference' with an undefined type and decalared properties is a bit ambigious. This has been auto-corrected to 'type:object'

WARNING (PreCheck/SchemaMissingType): The schema 'OriginProperties' with an undefined type and decalared properties is a bit ambigious. This has been auto-corrected to 'type:object'

WARNING (PreCheck/SchemaMissingType): The schema 'OriginUpdatePropertiesParameters' with an undefined type and decalared properties is a bit ambigious. This has been auto-corrected to 'type:object'

WARNING (PreCheck/SchemaMissingType): The schema 'OriginListResult' with an undefined type and decalared properties is a bit ambigious. This has been auto-corrected to 'type:object'

WARNING (PreCheck/SchemaMissingType): The schema 'OriginGroupUpdatePropertiesParameters' with an undefined type and decalared properties is a bit ambigious. This has been auto-corrected to 'type:object'

WARNING (PreCheck/SchemaMissingType): The schema 'HealthProbeParameters' with an undefined type and decalared properties is a bit ambigious. This has been auto-corrected to 'type:object'

WARNING (PreCheck/SchemaMissingType): The schema 'ResponseBasedOriginErrorDetectionParameters' with an undefined type and decalared properties is a bit ambigious. This has been auto-corrected to 'type:object'

WARNING (PreCheck/SchemaMissingType): The schema 'HttpErrorRangeParameters' with an undefined type and decalared properties is a bit ambigious. This has been auto-corrected to 'type:object'

WARNING (PreCheck/SchemaMissingType): The schema 'OriginGroupListResult' with an undefined type and decalared properties is a bit ambigious. This has been auto-corrected to 'type:object'

WARNING (PreCheck/SchemaMissingType): The schema 'CustomDomainProperties' with an undefined type and decalared properties is a bit ambigious. This has been auto-corrected to 'type:object'

WARNING (PreCheck/SchemaMissingType): The schema 'CustomDomainPropertiesParameters' with an undefined type and decalared properties is a bit ambigious. This has been auto-corrected to 'type:object'

WARNING (PreCheck/SchemaMissingType): The schema 'CustomDomainHttpsParameters' with an undefined type and decalared properties is a bit ambigious. This has been auto-corrected to 'type:object'

WARNING (PreCheck/SchemaMissingType): The schema 'CdnManagedHttpsParameters' with an undefined type and decalared properties is a bit ambigious. This has been auto-corrected to 'type:object'

WARNING (PreCheck/SchemaMissingType): The schema 'CdnCertificateSourceParameters' with an undefined type and decalared properties is a bit ambigious. This has been auto-corrected to 'type:object'

WARNING (PreCheck/SchemaMissingType): The schema 'UserManagedHttpsParameters' with an undefined type and decalared properties is a bit ambigious. This has been auto-corrected to 'type:object'

WARNING (PreCheck/SchemaMissingType): The schema 'KeyVaultCertificateSourceParameters' with an undefined type and decalared properties is a bit ambigious. This has been auto-corrected to 'type:object'

WARNING (PreCheck/SchemaMissingType): The schema 'CustomDomainListResult' with an undefined type and decalared properties is a bit ambigious. This has been auto-corrected to 'type:object'

WARNING (PreCheck/SchemaMissingType): The schema 'ResourceUsageListResult' with an undefined type and decalared properties is a bit ambigious. This has been auto-corrected to 'type:object'

WARNING (PreCheck/SchemaMissingType): The schema 'Operation-display' with an undefined type and decalared properties is a bit ambigious. This has been auto-corrected to 'type:object'

WARNING (PreCheck/SchemaMissingType): The schema 'OperationsListResult' with an undefined type and decalared properties is a bit ambigious. This has been auto-corrected to 'type:object'

WARNING (PreCheck/SchemaMissingType): The schema 'EdgenodeResult' with an undefined type and decalared properties is a bit ambigious. This has been auto-corrected to 'type:object'

WARNING (PreCheck/SchemaMissingType): The schema 'EdgeNodeProperties' with an undefined type and decalared properties is a bit ambigious. This has been auto-corrected to 'type:object'

WARNING (PreCheck/SchemaMissingType): The schema 'Resource' with an undefined type and decalared properties is a bit ambigious. This has been auto-corrected to 'type:object'

WARNING (PreCheck/SchemaMissingType): The schema 'TrackedResource' with an undefined type and decalared properties is a bit ambigious. This has been auto-corrected to 'type:object'

WARNING (PreCheck/SchemaMissingType): The schema 'ProxyResource' with an undefined type and 'allOf'/'anyOf'/'oneOf' is a bit ambigious. This has been auto-corrected to 'type:object'

WARNING (PreCheck/CheckDuplicateSchemas): Checking for duplicate schemas, this could take a (long) while.  Run with --verbose for more detail.

WARNING (PreCheck/DuplicateSchema): Duplicate Schema named DeliveryRuleAction -- discriminator: {"propertyName":"name"} => <none>,properties: {"name":{"description":"The name of the action for the delivery rule.","$ref":"#/components/schemas/DeliveryRuleAction"}} => <none>,required: ["name"] => <none>,type: undefined => "string",enum: undefined => ["CacheExpiration","CacheKeyQueryString","ModifyRequestHeader","ModifyResponseHeader","UrlRedirect","UrlRewrite","OriginGroupOverride"],x-ms-enum: undefined => {"name":"DeliveryRuleAction","modelAsString":true} 
WARNING: Unrecognized property type: sealed-choice
WARNING: Unrecognized property type: sealed-choice
WARNING: Unrecognized property type: sealed-choice
WARNING: Unrecognized property type: sealed-choice
WARNING: Unrecognized property type: sealed-choice
WARNING: Unrecognized property type: constant
WARNING: Unrecognized property type: constant
WARNING: Unrecognized property type: constant
WARNING: Unrecognized property type: constant
WARNING: Unrecognized property type: constant
WARNING: Unrecognized property type: constant
WARNING: Unrecognized property type: constant
WARNING: Unrecognized property type: constant
WARNING: Unrecognized property type: constant
WARNING: Unrecognized property type: constant
WARNING: Unrecognized property type: constant
WARNING: Unrecognized property type: constant
WARNING: Unrecognized property type: constant
WARNING: Unrecognized property type: constant
WARNING: Unrecognized property type: constant
WARNING: Unrecognized property type: constant
WARNING: Unrecognized property type: constant
WARNING: Unrecognized property type: constant
WARNING: Unrecognized property type: constant
WARNING: Unrecognized property type: constant
WARNING: Unrecognized property type: constant
INFORMATION: Autorest.AzureResourceSchema took 21ms
Processing batch task - {"tag":"schema-cdn-2019-06-15-preview"} .
INFORMATION: > Loading local AutoRest extension '@autorest/azureresourceschema' (/home/runner/work/bicep-types-az/bicep-types-az/src/autorest.bicep)
INFORMATION: > Loading AutoRest extension '@autorest/modelerfour' (4.16.2->4.16.2)

WARNING (PreCheck/SchemaMissingType): The schema 'ProfileProperties' with an undefined type and decalared properties is a bit ambigious. This has been auto-corrected to 'type:object'

WARNING (PreCheck/SchemaMissingType): The schema 'ProfileListResult' with an undefined type and decalared properties is a bit ambigious. This has been auto-corrected to 'type:object'

WARNING (PreCheck/SchemaMissingType): The schema 'EndpointProperties' with an undefined type and decalared properties is a bit ambigious. This has been auto-corrected to 'type:object'

WARNING (PreCheck/SchemaMissingType): The schema 'EndpointListResult' with an undefined type and decalared properties is a bit ambigious. This has been auto-corrected to 'type:object'

WARNING (PreCheck/SchemaMissingType): The schema 'EndpointPropertiesUpdateParameters' with an undefined type and decalared properties is a bit ambigious. This has been auto-corrected to 'type:object'

WARNING (PreCheck/SchemaMissingType): The schema 'DeliveryRuleCondition' with an undefined type and decalared properties is a bit ambigious. This has been auto-corrected to 'type:object'

WARNING (PreCheck/SchemaMissingType): The schema 'DeliveryRuleRemoteAddressCondition' with an undefined type and decalared properties is a bit ambigious. This has been auto-corrected to 'type:object'

WARNING (PreCheck/SchemaMissingType): The schema 'DeliveryRuleRequestMethodCondition' with an undefined type and decalared properties is a bit ambigious. This has been auto-corrected to 'type:object'

WARNING (PreCheck/SchemaMissingType): The schema 'DeliveryRuleQueryStringCondition' with an undefined type and decalared properties is a bit ambigious. This has been auto-corrected to 'type:object'

WARNING (PreCheck/SchemaMissingType): The schema 'DeliveryRulePostArgsCondition' with an undefined type and decalared properties is a bit ambigious. This has been auto-corrected to 'type:object'

WARNING (PreCheck/SchemaMissingType): The schema 'DeliveryRuleRequestUriCondition' with an undefined type and decalared properties is a bit ambigious. This has been auto-corrected to 'type:object'

WARNING (PreCheck/SchemaMissingType): The schema 'DeliveryRuleRequestHeaderCondition' with an undefined type and decalared properties is a bit ambigious. This has been auto-corrected to 'type:object'

WARNING (PreCheck/SchemaMissingType): The schema 'DeliveryRuleRequestBodyCondition' with an undefined type and decalared properties is a bit ambigious. This has been auto-corrected to 'type:object'

WARNING (PreCheck/SchemaMissingType): The schema 'DeliveryRuleRequestSchemeCondition' with an undefined type and decalared properties is a bit ambigious. This has been auto-corrected to 'type:object'

WARNING (PreCheck/SchemaMissingType): The schema 'DeliveryRuleUrlPathCondition' with an undefined type and decalared properties is a bit ambigious. This has been auto-corrected to 'type:object'

WARNING (PreCheck/SchemaMissingType): The schema 'DeliveryRuleUrlFileExtensionCondition' with an undefined type and decalared properties is a bit ambigious. This has been auto-corrected to 'type:object'

WARNING (PreCheck/SchemaMissingType): The schema 'DeliveryRuleUrlFileNameCondition' with an undefined type and decalared properties is a bit ambigious. This has been auto-corrected to 'type:object'

WARNING (PreCheck/SchemaMissingType): The schema 'DeliveryRuleHttpVersionCondition' with an undefined type and decalared properties is a bit ambigious. This has been auto-corrected to 'type:object'

WARNING (PreCheck/SchemaMissingType): The schema 'DeliveryRuleCookiesCondition' with an undefined type and decalared properties is a bit ambigious. This has been auto-corrected to 'type:object'

WARNING (PreCheck/SchemaMissingType): The schema 'DeliveryRuleIsDeviceCondition' with an undefined type and decalared properties is a bit ambigious. This has been auto-corrected to 'type:object'

WARNING (PreCheck/SchemaMissingType): The schema 'RemoteAddressMatchConditionParameters' with an undefined type and decalared properties is a bit ambigious. This has been auto-corrected to 'type:object'

WARNING (PreCheck/SchemaMissingType): The schema 'RequestMethodMatchConditionParameters' with an undefined type and decalared properties is a bit ambigious. This has been auto-corrected to 'type:object'

WARNING (PreCheck/SchemaMissingType): The schema 'QueryStringMatchConditionParameters' with an undefined type and decalared properties is a bit ambigious. This has been auto-corrected to 'type:object'

WARNING (PreCheck/SchemaMissingType): The schema 'PostArgsMatchConditionParameters' with an undefined type and decalared properties is a bit ambigious. This has been auto-corrected to 'type:object'

WARNING (PreCheck/SchemaMissingType): The schema 'RequestUriMatchConditionParameters' with an undefined type and decalared properties is a bit ambigious. This has been auto-corrected to 'type:object'

WARNING (PreCheck/SchemaMissingType): The schema 'RequestHeaderMatchConditionParameters' with an undefined type and decalared properties is a bit ambigious. This has been auto-corrected to 'type:object'

WARNING (PreCheck/SchemaMissingType): The schema 'RequestBodyMatchConditionParameters' with an undefined type and decalared properties is a bit ambigious. This has been auto-corrected to 'type:object'

WARNING (PreCheck/SchemaMissingType): The schema 'RequestSchemeMatchConditionParameters' with an undefined type and decalared properties is a bit ambigious. This has been auto-corrected to 'type:object'

WARNING (PreCheck/SchemaMissingType): The schema 'UrlPathMatchConditionParameters' with an undefined type and decalared properties is a bit ambigious. This has been auto-corrected to 'type:object'

WARNING (PreCheck/SchemaMissingType): The schema 'UrlFileExtensionMatchConditionParameters' with an undefined type and decalared properties is a bit ambigious. This has been auto-corrected to 'type:object'

WARNING (PreCheck/SchemaMissingType): The schema 'UrlFileNameMatchConditionParameters' with an undefined type and decalared properties is a bit ambigious. This has been auto-corrected to 'type:object'

WARNING (PreCheck/SchemaMissingType): The schema 'HttpVersionMatchConditionParameters' with an undefined type and decalared properties is a bit ambigious. This has been auto-corrected to 'type:object'

WARNING (PreCheck/SchemaMissingType): The schema 'CookiesMatchConditionParameters' with an undefined type and decalared properties is a bit ambigious. This has been auto-corrected to 'type:object'

WARNING (PreCheck/SchemaMissingType): The schema 'IsDeviceMatchConditionParameters' with an undefined type and decalared properties is a bit ambigious. This has been auto-corrected to 'type:object'

WARNING (PreCheck/SchemaMissingType): The schema 'DeliveryRuleAction' with an undefined type and decalared properties is a bit ambigious. This has been auto-corrected to 'type:object'

WARNING (PreCheck/SchemaMissingType): The schema 'UrlRedirectAction' with an undefined type and decalared properties is a bit ambigious. This has been auto-corrected to 'type:object'

WARNING (PreCheck/SchemaMissingType): The schema 'UrlRedirectActionParameters' with an undefined type and decalared properties is a bit ambigious. This has been auto-corrected to 'type:object'

WARNING (PreCheck/SchemaMissingType): The schema 'UrlRewriteAction' with an undefined type and decalared properties is a bit ambigious. This has been auto-corrected to 'type:object'

WARNING (PreCheck/SchemaMissingType): The schema 'UrlRewriteActionParameters' with an undefined type and decalared properties is a bit ambigious. This has been auto-corrected to 'type:object'

WARNING (PreCheck/SchemaMissingType): The schema 'DeliveryRuleRequestHeaderAction' with an undefined type and decalared properties is a bit ambigious. This has been auto-corrected to 'type:object'

WARNING (PreCheck/SchemaMissingType): The schema 'DeliveryRuleResponseHeaderAction' with an undefined type and decalared properties is a bit ambigious. This has been auto-corrected to 'type:object'

WARNING (PreCheck/SchemaMissingType): The schema 'HeaderActionParameters' with an undefined type and decalared properties is a bit ambigious. This has been auto-corrected to 'type:object'

WARNING (PreCheck/SchemaMissingType): The schema 'DeliveryRuleCacheExpirationAction' with an undefined type and decalared properties is a bit ambigious. This has been auto-corrected to 'type:object'

WARNING (PreCheck/SchemaMissingType): The schema 'CacheExpirationActionParameters' with an undefined type and decalared properties is a bit ambigious. This has been auto-corrected to 'type:object'

WARNING (PreCheck/SchemaMissingType): The schema 'DeliveryRuleCacheKeyQueryStringAction' with an undefined type and decalared properties is a bit ambigious. This has been auto-corrected to 'type:object'

WARNING (PreCheck/SchemaMissingType): The schema 'CacheKeyQueryStringActionParameters' with an undefined type and decalared properties is a bit ambigious. This has been auto-corrected to 'type:object'

WARNING (PreCheck/SchemaMissingType): The schema 'OriginProperties' with an undefined type and decalared properties is a bit ambigious. This has been auto-corrected to 'type:object'

WARNING (PreCheck/SchemaMissingType): The schema 'OriginPropertiesParameters' with an undefined type and decalared properties is a bit ambigious. This has been auto-corrected to 'type:object'

WARNING (PreCheck/SchemaMissingType): The schema 'OriginListResult' with an undefined type and decalared properties is a bit ambigious. This has been auto-corrected to 'type:object'

WARNING (PreCheck/SchemaMissingType): The schema 'CustomDomainProperties' with an undefined type and decalared properties is a bit ambigious. This has been auto-corrected to 'type:object'

WARNING (PreCheck/SchemaMissingType): The schema 'CustomDomainPropertiesParameters' with an undefined type and decalared properties is a bit ambigious. This has been auto-corrected to 'type:object'

WARNING (PreCheck/SchemaMissingType): The schema 'CustomDomainHttpsParameters' with an undefined type and decalared properties is a bit ambigious. This has been auto-corrected to 'type:object'

WARNING (PreCheck/SchemaMissingType): The schema 'CdnManagedHttpsParameters' with an undefined type and decalared properties is a bit ambigious. This has been auto-corrected to 'type:object'

WARNING (PreCheck/SchemaMissingType): The schema 'CdnCertificateSourceParameters' with an undefined type and decalared properties is a bit ambigious. This has been auto-corrected to 'type:object'

WARNING (PreCheck/SchemaMissingType): The schema 'UserManagedHttpsParameters' with an undefined type and decalared properties is a bit ambigious. This has been auto-corrected to 'type:object'

WARNING (PreCheck/SchemaMissingType): The schema 'KeyVaultCertificateSourceParameters' with an undefined type and decalared properties is a bit ambigious. This has been auto-corrected to 'type:object'

WARNING (PreCheck/SchemaMissingType): The schema 'CustomDomainListResult' with an undefined type and decalared properties is a bit ambigious. This has been auto-corrected to 'type:object'

WARNING (PreCheck/SchemaMissingType): The schema 'ResourceUsageListResult' with an undefined type and decalared properties is a bit ambigious. This has been auto-corrected to 'type:object'

WARNING (PreCheck/SchemaMissingType): The schema 'Operation-display' with an undefined type and decalared properties is a bit ambigious. This has been auto-corrected to 'type:object'

WARNING (PreCheck/SchemaMissingType): The schema 'OperationsListResult' with an undefined type and decalared properties is a bit ambigious. This has been auto-corrected to 'type:object'

WARNING (PreCheck/SchemaMissingType): The schema 'EdgenodeResult' with an undefined type and decalared properties is a bit ambigious. This has been auto-corrected to 'type:object'

WARNING (PreCheck/SchemaMissingType): The schema 'EdgeNodeProperties' with an undefined type and decalared properties is a bit ambigious. This has been auto-corrected to 'type:object'

WARNING (PreCheck/SchemaMissingType): The schema 'Resource' with an undefined type and decalared properties is a bit ambigious. This has been auto-corrected to 'type:object'

WARNING (PreCheck/SchemaMissingType): The schema 'TrackedResource' with an undefined type and decalared properties is a bit ambigious. This has been auto-corrected to 'type:object'

WARNING (PreCheck/SchemaMissingType): The schema 'ProxyResource' with an undefined type and 'allOf'/'anyOf'/'oneOf' is a bit ambigious. This has been auto-corrected to 'type:object'

WARNING (PreCheck/SchemaMissingType): The schema 'CdnWebApplicationFirewallPolicyList' with an undefined type and decalared properties is a bit ambigious. This has been auto-corrected to 'type:object'

WARNING (PreCheck/SchemaMissingType): The schema 'CdnWebApplicationFirewallPolicy' with an undefined type and decalared properties is a bit ambigious. This has been auto-corrected to 'type:object'

WARNING (PreCheck/SchemaMissingType): The schema 'CdnWebApplicationFirewallPolicyProperties' with an undefined type and decalared properties is a bit ambigious. This has been auto-corrected to 'type:object'

WARNING (PreCheck/SchemaMissingType): The schema 'policySettings' with an undefined type and decalared properties is a bit ambigious. This has been auto-corrected to 'type:object'

WARNING (PreCheck/SchemaMissingType): The schema 'CustomRuleList' with an undefined type and decalared properties is a bit ambigious. This has been auto-corrected to 'type:object'

WARNING (PreCheck/SchemaMissingType): The schema 'RateLimitRuleList' with an undefined type and decalared properties is a bit ambigious. This has been auto-corrected to 'type:object'

WARNING (PreCheck/SchemaMissingType): The schema 'MatchCondition' with an undefined type and decalared properties is a bit ambigious. This has been auto-corrected to 'type:object'

WARNING (PreCheck/SchemaMissingType): The schema 'ManagedRuleSetList' with an undefined type and decalared properties is a bit ambigious. This has been auto-corrected to 'type:object'

WARNING (PreCheck/SchemaMissingType): The schema 'ManagedRuleGroupOverride' with an undefined type and decalared properties is a bit ambigious. This has been auto-corrected to 'type:object'

WARNING (PreCheck/SchemaMissingType): The schema 'ManagedRuleOverride' with an undefined type and decalared properties is a bit ambigious. This has been auto-corrected to 'type:object'

WARNING (PreCheck/SchemaMissingType): The schema 'ManagedRuleSetDefinitionList' with an undefined type and decalared properties is a bit ambigious. This has been auto-corrected to 'type:object'

WARNING (PreCheck/SchemaMissingType): The schema 'ManagedRuleSetDefinition' with an undefined type and decalared properties is a bit ambigious. This has been auto-corrected to 'type:object'

WARNING (PreCheck/SchemaMissingType): The schema 'ManagedRuleSetDefinitionProperties' with an undefined type and decalared properties is a bit ambigious. This has been auto-corrected to 'type:object'

WARNING (PreCheck/SchemaMissingType): The schema 'ManagedRuleGroupDefinition' with an undefined type and decalared properties is a bit ambigious. This has been auto-corrected to 'type:object'

WARNING (PreCheck/SchemaMissingType): The schema 'ManagedRuleDefinition' with an undefined type and decalared properties is a bit ambigious. This has been auto-corrected to 'type:object'

WARNING (PreCheck/CheckDuplicateSchemas): Checking for duplicate schemas, this could take a (long) while.  Run with --verbose for more detail.

WARNING (PreCheck/DuplicateSchema): Duplicate Schema named DeliveryRuleAction -- discriminator: {"propertyName":"name"} => <none>,properties: {"name":{"description":"The name of the action for the delivery rule.","$ref":"#/components/schemas/DeliveryRuleAction"}} => <none>,required: ["name"] => <none>,type: undefined => "string",enum: undefined => ["CacheExpiration","CacheKeyQueryString","ModifyRequestHeader","ModifyResponseHeader","UrlRedirect","UrlRewrite"],x-ms-enum: undefined => {"name":"DeliveryRuleAction","modelAsString":true} 
WARNING: Unrecognized property type: sealed-choice
WARNING: Unrecognized property type: sealed-choice
WARNING: Unrecognized property type: constant
WARNING: Unrecognized property type: constant
WARNING: Unrecognized property type: constant
WARNING: Unrecognized property type: constant
WARNING: Unrecognized property type: constant
WARNING: Unrecognized property type: constant
WARNING: Unrecognized property type: constant
WARNING: Unrecognized property type: constant
WARNING: Unrecognized property type: constant
An error was encountered while handling a request: Unable to find PUT or GET type
WARNING: Unrecognized property type: constant
WARNING: Unrecognized property type: constant
WARNING: Unrecognized property type: constant
WARNING: Unrecognized property type: constant
WARNING: Unrecognized property type: constant
WARNING: Unrecognized property type: constant
WARNING: Unrecognized property type: constant
WARNING: Unrecognized property type: constant
WARNING: Unrecognized property type: constant
WARNING: Unrecognized property type: constant
WARNING: Unrecognized property type: constant
WARNING: Unrecognized property type: sealed-choice
FATAL: Unable to find PUT or GET type
Failure during batch task - {"tag":"schema-cdn-2019-06-15-preview"} -- Error: Plugin azureresourceschema reported failure..
  Error: Plugin azureresourceschema reported failure.
Exited with code 1
