Generating types for 'specification/developerhub/resource-manager/Microsoft.DevHub/DeveloperHub/readme.md'
AutoRest code generation utility [cli version: 3.7.2; node: v22.22.0]
(C) 2018 Microsoft Corporation.
https://aka.ms/autorest
warning | SkippedSemanticValidation | Semantic validation was skipped.
warning | PreCheck/CheckDuplicateSchemas | Checking for duplicate schemas, this could take a (long) while.  Run with --verbose for more detail.
warning | Skipping GitHubOAuthCallback due to required query parameter "code"
warning | Skipping GitHubOAuthCallback due to required query parameter "state"
warning | SkippedSemanticValidation | Semantic validation was skipped.
warning | PreCheck/CheckDuplicateSchemas | Checking for duplicate schemas, this could take a (long) while.  Run with --verbose for more detail.
warning | Skipping GitHubOAuthCallback due to required query parameter "code"
warning | Skipping GitHubOAuthCallback due to required query parameter "state"
warning | SkippedSemanticValidation | Semantic validation was skipped.
warning | PreCheck/CheckDuplicateSchemas | Checking for duplicate schemas, this could take a (long) while.  Run with --verbose for more detail.
warning | Skipping GitHubOAuthCallback due to required query parameter "code"
warning | Skipping GitHubOAuthCallback due to required query parameter "state"
warning | SkippedSemanticValidation | Semantic validation was skipped.
warning | PreCheck/CheckDuplicateSchemas | Checking for duplicate schemas, this could take a (long) while.  Run with --verbose for more detail.
warning | Skipping GitHubOAuthCallback due to required query parameter "code"
warning | Skipping GitHubOAuthCallback due to required query parameter "state"
warning | SkippedSemanticValidation | Semantic validation was skipped.
warning | PreCheck/CheckDuplicateSchemas | Checking for duplicate schemas, this could take a (long) while.  Run with --verbose for more detail.
warning | Skipping GitHubOAuthCallback due to required query parameter "code"
warning | Skipping GitHubOAuthCallback due to required query parameter "state"
warning | SkippedSemanticValidation | Semantic validation was skipped.
warning | PreCheck/CheckDuplicateSchemas | Checking for duplicate schemas, this could take a (long) while.  Run with --verbose for more detail.
warning | Skipping GitHubOAuthCallback due to required query parameter "code"
warning | Skipping GitHubOAuthCallback due to required query parameter "state"
