Executing: autorest --use=/home/runner/work/bicep-types-az/bicep-types-az/src/autorest.bicep --bicep --output-folder=/tmp/_bcp_1625795651387/hybridkubernetes --multiapi --title=none --skip-semantics-validation /home/runner/work/bicep-types-az/bicep-types-az/workflow-temp/azure-rest-api-specs/specification/hybridkubernetes/resource-manager/readme.md --debug --verbose
AutoRest code generation utility [cli version: 3.2.1; node: v14.17.1, max-memory: 4096 MB]
(C) 2018 Microsoft Corporation.
https://aka.ms/autorest
No configuration found at 'file:///home/runner/work/bicep-types-az/bicep-types-az/src/generator/src/cmd/'.
> Including configuration file 'file:///home/runner/work/bicep-types-az/bicep-types-az/src/generator/node_modules/autorest/dist/resources/default-configuration.md'
> Including configuration file 'file:///home/runner/work/bicep-types-az/bicep-types-az/src/generator/node_modules/autorest/dist/resources/inspect.md'
> Including configuration file 'file:///home/runner/work/bicep-types-az/bicep-types-az/src/generator/node_modules/autorest/dist/resources/directives.md'
> Including configuration file 'file:///home/runner/work/bicep-types-az/bicep-types-az/src/generator/node_modules/autorest/dist/resources/pipeline.md'
> Including configuration file 'file:///home/runner/work/bicep-types-az/bicep-types-az/src/generator/node_modules/autorest/dist/resources/loader-openapi.md'
> Including configuration file 'file:///home/runner/work/bicep-types-az/bicep-types-az/src/generator/node_modules/autorest/dist/resources/miscellaneous.md'
> Including configuration file 'file:///home/runner/work/bicep-types-az/bicep-types-az/src/generator/node_modules/autorest/dist/resources/plugin-powershell.md'
> Including configuration file 'file:///home/runner/work/bicep-types-az/bicep-types-az/src/generator/node_modules/autorest/dist/resources/plugin-azureresourceschema.md'
> Including configuration file 'file:///home/runner/work/bicep-types-az/bicep-types-az/src/generator/node_modules/autorest/dist/resources/plugin-csharp.md'
> Including configuration file 'file:///home/runner/work/bicep-types-az/bicep-types-az/src/generator/node_modules/autorest/dist/resources/plugin-go.md'
> Including configuration file 'file:///home/runner/work/bicep-types-az/bicep-types-az/src/generator/node_modules/autorest/dist/resources/plugin-java.md'
> Including configuration file 'file:///home/runner/work/bicep-types-az/bicep-types-az/src/generator/node_modules/autorest/dist/resources/plugin-nodejs.md'
> Including configuration file 'file:///home/runner/work/bicep-types-az/bicep-types-az/src/generator/node_modules/autorest/dist/resources/plugin-php.md'
> Including configuration file 'file:///home/runner/work/bicep-types-az/bicep-types-az/src/generator/node_modules/autorest/dist/resources/plugin-python.md'
> Including configuration file 'file:///home/runner/work/bicep-types-az/bicep-types-az/src/generator/node_modules/autorest/dist/resources/plugin-ruby.md'
> Including configuration file 'file:///home/runner/work/bicep-types-az/bicep-types-az/src/generator/node_modules/autorest/dist/resources/plugin-typescript.md'
> Including configuration file 'file:///home/runner/work/bicep-types-az/bicep-types-az/src/generator/node_modules/autorest/dist/resources/plugin-validators.md'
> Including configuration file 'file:///home/runner/work/bicep-types-az/bicep-types-az/src/generator/node_modules/autorest/dist/resources/plugin-az.md'
> Including configuration file 'file:///home/runner/work/bicep-types-az/bicep-types-az/src/generator/node_modules/autorest/dist/resources/plugin-terraform.md'
> Including configuration file 'file:///home/runner/work/bicep-types-az/bicep-types-az/src/generator/node_modules/autorest/dist/resources/plugin-azure-functions.md'
> Including configuration file 'file:///home/runner/work/bicep-types-az/bicep-types-az/src/generator/node_modules/autorest/dist/resources/graphs.md'
> Including configuration file 'file:///home/runner/work/bicep-types-az/bicep-types-az/src/generator/node_modules/autorest/dist/resources/help-configuration.md'
> Loading local AutoRest extension '@autorest/bicep' (/home/runner/work/bicep-types-az/bicep-types-az/src/autorest.bicep)
> Including extension configuration file 'file:///home/runner/work/bicep-types-az/bicep-types-az/src/autorest.bicep/README.md'
> Including configuration file 'file:///home/runner/work/bicep-types-az/bicep-types-az/src/autorest.bicep/README.md'
> Loading AutoRest extension '@autorest/modelerfour' (https://tinyurl.com/yhlkz69y->4.20.0-ci.b8e3f92c0)
> Including extension configuration file 'file:///home/runner/.autorest/@autorest_modelerfour@4.20.0-ci.b8e3f92c0/node_modules/@autorest/modelerfour/readme.md'
> Including configuration file 'file:///home/runner/.autorest/@autorest_modelerfour@4.20.0-ci.b8e3f92c0/node_modules/@autorest/modelerfour/readme.md'
NOTE: AutoRest core version selected from configuration: https://tinyurl.com/yfjyy27f.
Network Enabled: true

There is a new version of AutoRest available (3.2.3).
 > You can install the newer version with with npm install -g autorest@latest

Starting @autorest/core from /home/runner/.autorest/@autorest_core@3.5.0-ci.b8e3f92c0/node_modules/@autorest/core
   Loading AutoRest core      '/home/runner/.autorest/@autorest_core@3.5.0-ci.b8e3f92c0/node_modules/@autorest/core/dist' (3.5.0-ci.b8e3f92c0)
VERBOSE [0.69 s]: > Including configuration file 'file:///home/runner/work/bicep-types-az/bicep-types-az/workflow-temp/azure-rest-api-specs/specification/hybridkubernetes/resource-manager/readme.bicep.md'
VERBOSE [0.71 s]: > Initial configuration file 'file:///home/runner/work/bicep-types-az/bicep-types-az/workflow-temp/azure-rest-api-specs/specification/hybridkubernetes/resource-manager/readme.md'
VERBOSE [0.71 s]: > Including configuration file 'file:///home/runner/work/bicep-types-az/bicep-types-az/workflow-temp/azure-rest-api-specs/specification/hybridkubernetes/resource-manager/readme.md'
VERBOSE [0.72 s]: > Including configuration file 'file:///home/runner/.autorest/@autorest_core@3.5.0-ci.b8e3f92c0/node_modules/@autorest/core/dist/resources/default-configuration.md'
VERBOSE [0.74 s]: > Including configuration file 'file:///home/runner/.autorest/@autorest_core@3.5.0-ci.b8e3f92c0/node_modules/@autorest/core/dist/resources/inspect.md'
VERBOSE [0.75 s]: > Including configuration file 'file:///home/runner/.autorest/@autorest_core@3.5.0-ci.b8e3f92c0/node_modules/@autorest/core/dist/resources/directives.md'
VERBOSE [0.76 s]: > Including configuration file 'file:///home/runner/.autorest/@autorest_core@3.5.0-ci.b8e3f92c0/node_modules/@autorest/core/dist/resources/pipeline.md'
VERBOSE [0.78 s]: > Including configuration file 'file:///home/runner/.autorest/@autorest_core@3.5.0-ci.b8e3f92c0/node_modules/@autorest/core/dist/resources/loader-openapi.md'
VERBOSE [0.8 s]: > Including configuration file 'file:///home/runner/.autorest/@autorest_core@3.5.0-ci.b8e3f92c0/node_modules/@autorest/core/dist/resources/miscellaneous.md'
VERBOSE [0.82 s]: > Including configuration file 'file:///home/runner/.autorest/@autorest_core@3.5.0-ci.b8e3f92c0/node_modules/@autorest/core/dist/resources/plugin-powershell.md'
VERBOSE [0.83 s]: > Including configuration file 'file:///home/runner/.autorest/@autorest_core@3.5.0-ci.b8e3f92c0/node_modules/@autorest/core/dist/resources/plugin-azureresourceschema.md'
VERBOSE [0.85 s]: > Including configuration file 'file:///home/runner/.autorest/@autorest_core@3.5.0-ci.b8e3f92c0/node_modules/@autorest/core/dist/resources/plugin-csharp.md'
VERBOSE [0.86 s]: > Including configuration file 'file:///home/runner/.autorest/@autorest_core@3.5.0-ci.b8e3f92c0/node_modules/@autorest/core/dist/resources/plugin-go.md'
VERBOSE [0.88 s]: > Including configuration file 'file:///home/runner/.autorest/@autorest_core@3.5.0-ci.b8e3f92c0/node_modules/@autorest/core/dist/resources/plugin-java.md'
VERBOSE [0.9 s]: > Including configuration file 'file:///home/runner/.autorest/@autorest_core@3.5.0-ci.b8e3f92c0/node_modules/@autorest/core/dist/resources/plugin-nodejs.md'
VERBOSE [0.92 s]: > Including configuration file 'file:///home/runner/.autorest/@autorest_core@3.5.0-ci.b8e3f92c0/node_modules/@autorest/core/dist/resources/plugin-php.md'
VERBOSE [0.94 s]: > Including configuration file 'file:///home/runner/.autorest/@autorest_core@3.5.0-ci.b8e3f92c0/node_modules/@autorest/core/dist/resources/plugin-python.md'
VERBOSE [0.96 s]: > Including configuration file 'file:///home/runner/.autorest/@autorest_core@3.5.0-ci.b8e3f92c0/node_modules/@autorest/core/dist/resources/plugin-ruby.md'
VERBOSE [0.98 s]: > Including configuration file 'file:///home/runner/.autorest/@autorest_core@3.5.0-ci.b8e3f92c0/node_modules/@autorest/core/dist/resources/plugin-typescript.md'
VERBOSE [1 s]: > Including configuration file 'file:///home/runner/.autorest/@autorest_core@3.5.0-ci.b8e3f92c0/node_modules/@autorest/core/dist/resources/plugin-validators.md'
VERBOSE [1.02 s]: > Including configuration file 'file:///home/runner/.autorest/@autorest_core@3.5.0-ci.b8e3f92c0/node_modules/@autorest/core/dist/resources/plugin-az.md'
VERBOSE [1.05 s]: > Including configuration file 'file:///home/runner/.autorest/@autorest_core@3.5.0-ci.b8e3f92c0/node_modules/@autorest/core/dist/resources/plugin-terraform.md'
VERBOSE [1.07 s]: > Including configuration file 'file:///home/runner/.autorest/@autorest_core@3.5.0-ci.b8e3f92c0/node_modules/@autorest/core/dist/resources/plugin-azure-functions.md'
VERBOSE [1.09 s]: > Including configuration file 'file:///home/runner/.autorest/@autorest_core@3.5.0-ci.b8e3f92c0/node_modules/@autorest/core/dist/resources/graphs.md'
VERBOSE [1.11 s]: > Including configuration file 'file:///home/runner/.autorest/@autorest_core@3.5.0-ci.b8e3f92c0/node_modules/@autorest/core/dist/resources/help-configuration.md'
INFORMATION: > Loading local AutoRest extension '@autorest/bicep' (/home/runner/work/bicep-types-az/bicep-types-az/src/autorest.bicep)
VERBOSE [1.19 s]: > Including extension configuration file 'file:///home/runner/work/bicep-types-az/bicep-types-az/src/autorest.bicep/README.md'
VERBOSE [1.19 s]: > Including configuration file 'file:///home/runner/work/bicep-types-az/bicep-types-az/src/autorest.bicep/README.md'
INFORMATION: > Loading AutoRest extension '@autorest/modelerfour' (https://tinyurl.com/yhlkz69y->4.20.0-ci.b8e3f92c0)
VERBOSE [1.82 s]: > Including extension configuration file 'file:///home/runner/.autorest/@autorest_modelerfour@4.20.0-ci.b8e3f92c0/node_modules/@autorest/modelerfour/readme.md'
VERBOSE [1.82 s]: > Including configuration file 'file:///home/runner/.autorest/@autorest_modelerfour@4.20.0-ci.b8e3f92c0/node_modules/@autorest/modelerfour/readme.md'
Processing batch task - {"tag":"microsoft.kubernetes-2020-01-01-preview"} .
VERBOSE [2.03 s]: > Including configuration file 'file:///home/runner/work/bicep-types-az/bicep-types-az/workflow-temp/azure-rest-api-specs/specification/hybridkubernetes/resource-manager/readme.bicep.md'
VERBOSE [2.04 s]: > Initial configuration file 'file:///home/runner/work/bicep-types-az/bicep-types-az/workflow-temp/azure-rest-api-specs/specification/hybridkubernetes/resource-manager/readme.md'
VERBOSE [2.04 s]: > Including configuration file 'file:///home/runner/work/bicep-types-az/bicep-types-az/workflow-temp/azure-rest-api-specs/specification/hybridkubernetes/resource-manager/readme.md'
VERBOSE [2.04 s]: > Including configuration file 'file:///home/runner/.autorest/@autorest_core@3.5.0-ci.b8e3f92c0/node_modules/@autorest/core/dist/resources/default-configuration.md'
VERBOSE [2.05 s]: > Including configuration file 'file:///home/runner/.autorest/@autorest_core@3.5.0-ci.b8e3f92c0/node_modules/@autorest/core/dist/resources/inspect.md'
VERBOSE [2.06 s]: > Including configuration file 'file:///home/runner/.autorest/@autorest_core@3.5.0-ci.b8e3f92c0/node_modules/@autorest/core/dist/resources/directives.md'
VERBOSE [2.07 s]: > Including configuration file 'file:///home/runner/.autorest/@autorest_core@3.5.0-ci.b8e3f92c0/node_modules/@autorest/core/dist/resources/pipeline.md'
VERBOSE [2.08 s]: > Including configuration file 'file:///home/runner/.autorest/@autorest_core@3.5.0-ci.b8e3f92c0/node_modules/@autorest/core/dist/resources/loader-openapi.md'
VERBOSE [2.09 s]: > Including configuration file 'file:///home/runner/.autorest/@autorest_core@3.5.0-ci.b8e3f92c0/node_modules/@autorest/core/dist/resources/miscellaneous.md'
VERBOSE [2.11 s]: > Including configuration file 'file:///home/runner/.autorest/@autorest_core@3.5.0-ci.b8e3f92c0/node_modules/@autorest/core/dist/resources/plugin-powershell.md'
VERBOSE [2.12 s]: > Including configuration file 'file:///home/runner/.autorest/@autorest_core@3.5.0-ci.b8e3f92c0/node_modules/@autorest/core/dist/resources/plugin-azureresourceschema.md'
VERBOSE [2.13 s]: > Including configuration file 'file:///home/runner/.autorest/@autorest_core@3.5.0-ci.b8e3f92c0/node_modules/@autorest/core/dist/resources/plugin-csharp.md'
VERBOSE [2.15 s]: > Including configuration file 'file:///home/runner/.autorest/@autorest_core@3.5.0-ci.b8e3f92c0/node_modules/@autorest/core/dist/resources/plugin-go.md'
VERBOSE [2.16 s]: > Including configuration file 'file:///home/runner/.autorest/@autorest_core@3.5.0-ci.b8e3f92c0/node_modules/@autorest/core/dist/resources/plugin-java.md'
VERBOSE [2.18 s]: > Including configuration file 'file:///home/runner/.autorest/@autorest_core@3.5.0-ci.b8e3f92c0/node_modules/@autorest/core/dist/resources/plugin-nodejs.md'
VERBOSE [2.19 s]: > Including configuration file 'file:///home/runner/.autorest/@autorest_core@3.5.0-ci.b8e3f92c0/node_modules/@autorest/core/dist/resources/plugin-php.md'
VERBOSE [2.21 s]: > Including configuration file 'file:///home/runner/.autorest/@autorest_core@3.5.0-ci.b8e3f92c0/node_modules/@autorest/core/dist/resources/plugin-python.md'
VERBOSE [2.22 s]: > Including configuration file 'file:///home/runner/.autorest/@autorest_core@3.5.0-ci.b8e3f92c0/node_modules/@autorest/core/dist/resources/plugin-ruby.md'
VERBOSE [2.24 s]: > Including configuration file 'file:///home/runner/.autorest/@autorest_core@3.5.0-ci.b8e3f92c0/node_modules/@autorest/core/dist/resources/plugin-typescript.md'
VERBOSE [2.26 s]: > Including configuration file 'file:///home/runner/.autorest/@autorest_core@3.5.0-ci.b8e3f92c0/node_modules/@autorest/core/dist/resources/plugin-validators.md'
VERBOSE [2.28 s]: > Including configuration file 'file:///home/runner/.autorest/@autorest_core@3.5.0-ci.b8e3f92c0/node_modules/@autorest/core/dist/resources/plugin-az.md'
VERBOSE [2.29 s]: > Including configuration file 'file:///home/runner/.autorest/@autorest_core@3.5.0-ci.b8e3f92c0/node_modules/@autorest/core/dist/resources/plugin-terraform.md'
VERBOSE [2.31 s]: > Including configuration file 'file:///home/runner/.autorest/@autorest_core@3.5.0-ci.b8e3f92c0/node_modules/@autorest/core/dist/resources/plugin-azure-functions.md'
VERBOSE [2.33 s]: > Including configuration file 'file:///home/runner/.autorest/@autorest_core@3.5.0-ci.b8e3f92c0/node_modules/@autorest/core/dist/resources/graphs.md'
VERBOSE [2.36 s]: > Including configuration file 'file:///home/runner/.autorest/@autorest_core@3.5.0-ci.b8e3f92c0/node_modules/@autorest/core/dist/resources/help-configuration.md'
INFORMATION: > Loading local AutoRest extension '@autorest/bicep' (/home/runner/work/bicep-types-az/bicep-types-az/src/autorest.bicep)
VERBOSE [2.42 s]: > Including extension configuration file 'file:///home/runner/work/bicep-types-az/bicep-types-az/src/autorest.bicep/README.md'
VERBOSE [2.42 s]: > Including configuration file 'file:///home/runner/work/bicep-types-az/bicep-types-az/src/autorest.bicep/README.md'
INFORMATION: > Loading AutoRest extension '@autorest/modelerfour' (https://tinyurl.com/yhlkz69y->4.20.0-ci.b8e3f92c0)
VERBOSE [2.97 s]: > Including extension configuration file 'file:///home/runner/.autorest/@autorest_modelerfour@4.20.0-ci.b8e3f92c0/node_modules/@autorest/modelerfour/readme.md'
VERBOSE [2.97 s]: > Including configuration file 'file:///home/runner/.autorest/@autorest_modelerfour@4.20.0-ci.b8e3f92c0/node_modules/@autorest/modelerfour/readme.md'
DEBUG [3.59 s]: swagger-document/loader-swagger - START inputs = 0
DEBUG [3.59 s]: openapi-document/loader-openapi - START inputs = 0
DEBUG [3.59 s]: pipeline-emitter - START inputs = 0
DEBUG [3.59 s]: configuration-emitter - START inputs = 0
DEBUG [3.6 s]: pipeline-emitter - END [0.05 s][83 MB]
DEBUG [3.6 s]: configuration-emitter - END [0.05 s][83 MB]
VERBOSE [3.62 s]: Reading OpenAPI 2.0 file file:///home/runner/work/bicep-types-az/bicep-types-az/workflow-temp/azure-rest-api-specs/specification/hybridkubernetes/resource-manager/Microsoft.Kubernetes/preview/2020-01-01-preview/connectedClusters.json
DEBUG [3.62 s]: openapi-document/loader-openapi - END [0.08 s][86 MB]
VERBOSE [3.67 s]: Reading $ref'd file file:///home/runner/work/bicep-types-az/bicep-types-az/workflow-temp/azure-rest-api-specs/specification/common-types/resource-management/v2/types.json
DEBUG [3.67 s]: openapi-document/individual/transform - SKIPPING
DEBUG [3.67 s]: openapi-document/individual/schema-validator-openapi - SKIPPING
DEBUG [3.67 s]: openapi-document/individual/identity - SKIPPING
DEBUG [3.74 s]: swagger-document/loader-swagger - END [0.2 s][93 MB]
DEBUG [3.75 s]: swagger-document/individual/transform - START inputs = 2
DEBUG [3.82 s]: swagger-document/individual/transform - END [0.07 s][95 MB]
DEBUG [3.82 s]: swagger-document/individual/schema-validator-swagger - START inputs = 2
DEBUG [4.11 s]: swagger-document/individual/schema-validator-swagger - END [0.29 s][103 MB]
DEBUG [4.11 s]: swagger-document/identity - START inputs = 2
DEBUG [4.11 s]: swagger-document/individual/identity - START inputs = 2
DEBUG [4.11 s]: swagger-document/identity - END [0 s][104 MB]
DEBUG [4.11 s]: swagger-document/individual/identity - END [0 s][104 MB]
DEBUG [4.11 s]: openapi-document/openapi-document-converter - START inputs = 2
DEBUG [4.16 s]: openapi-document/openapi-document-converter - END [0.05 s][105 MB]
DEBUG [4.16 s]: openapi-document/transform - START inputs = 2
DEBUG [4.17 s]: openapi-document/transform - END [0 s][108 MB]
DEBUG [4.18 s]: openapi-document/semantic-validator - START inputs = 2
WARNING: Semantic validation was skipped.
DEBUG [4.18 s]: openapi-document/semantic-validator - END [0 s][99 MB]
DEBUG [4.18 s]: openapi-document/allof-cleaner - START inputs = 2
DEBUG [4.18 s]: openapi-document/allof-cleaner - END [0 s][100 MB]
DEBUG [4.18 s]: openapi-document/tree-shaker - START inputs = 2
DEBUG [4.26 s]: openapi-document/tree-shaker - END [0.07 s][110 MB]
DEBUG [4.26 s]: openapi-document/multi-api-merger - START inputs = 2
DEBUG [4.37 s]: openapi-document/multi-api-merger - END [0.1 s][111 MB]
DEBUG [4.37 s]: openapi-document/components-cleaner - START inputs = 1
DEBUG [4.43 s]: openapi-document/components-cleaner - END [0.06 s][122 MB]
DEBUG [4.44 s]: openapi-document/component-modifiers - START inputs = 1
DEBUG [4.44 s]: openapi-document/component-modifiers - END [0 s][128 MB]
DEBUG [4.45 s]: openapi-document/api-version-parameter-handler - START inputs = 1
DEBUG [4.45 s]: openapi-document/api-version-parameter-handler - END [0 s][128 MB]
DEBUG [4.45 s]: openapi-document/profile-filter - START inputs = 1
DEBUG [4.45 s]: openapi-document/profile-filter - END [0 s][128 MB]
DEBUG [4.45 s]: openapi-document/model-deduplicator - START inputs = 1
DEBUG [4.45 s]: openapi-document/emitter - START inputs = 1
DEBUG [4.45 s]: openapi-document/model-deduplicator - END [0 s][128 MB]
DEBUG [4.45 s]: openapi-document/emitter - END [0 s][128 MB]
DEBUG [4.45 s]: openapi-document/enum-deduplicator - START inputs = 1
DEBUG [4.55 s]: openapi-document/enum-deduplicator - END [0.1 s][128 MB]
DEBUG [4.56 s]: openapi-document/subset-reducer - START inputs = 1
DEBUG [4.56 s]: openapi-document/subset-reducer - END [0 s][128 MB]
DEBUG [4.56 s]: openapi-document/quick-check - START inputs = 1
DEBUG [4.56 s]: openapi-document/multi-api/reset-identity - START inputs = 1
DEBUG [4.6 s]: openapi-document/quick-check - END [0.04 s][134 MB]
DEBUG [4.6 s]: openapi-document/multi-api/reset-identity - END [0.04 s][134 MB]
DEBUG [4.6 s]: openapi-document/multi-api/identity - START inputs = 1
DEBUG [4.6 s]: openapi-document/multi-api/identity - END [0 s][134 MB]
DEBUG [4.61 s]: openapi-document/multi-api/emitter - START inputs = 1
DEBUG [4.61 s]: prechecker - START inputs = 1
DEBUG [4.61 s]: openapi-document/multi-api/emitter - END [0 s][134 MB]

WARNING (PreCheck/SchemaMissingType): The schema 'OperationList' with an undefined type and declared properties is a bit ambiguous. This has been auto-corrected to 'type:object'

WARNING (PreCheck/SchemaMissingType): The schema 'Operation-display' with an undefined type and declared properties is a bit ambiguous. This has been auto-corrected to 'type:object'

WARNING (PreCheck/SchemaMissingType): The schema 'CredentialResults' with an undefined type and declared properties is a bit ambiguous. This has been auto-corrected to 'type:object'

WARNING (PreCheck/SchemaMissingType): The schema 'HybridConnectionConfig' with an undefined type and declared properties is a bit ambiguous. This has been auto-corrected to 'type:object'

WARNING (PreCheck/CheckDuplicateSchemas): Checking for duplicate schemas, this could take a (long) while.  Run with --verbose for more detail.
VERBOSE [4.68 s]: Found and removed 0 duplicate schema
DEBUG [4.93 s]: prechecker - END [0.31 s][77 MB]
DEBUG [4.93 s]: modelerfour - START inputs = 2
VERBOSE [4.99 s]:   ModelerFour/api-version-mode:client
VERBOSE [4.99 s]:   ModelerFour/api-version-parameter:constant
VERBOSE [4.99 s]:   ModelerFour/use-model-namespace:false

WARNING (UnkownSecurityScheme): Security scheme azure_auth is unknown and will not be processed. Only supported types are AADToken,AzureKey,Anonymous
DEBUG [5.11 s]: modelerfour - END [0.17 s][80 MB]
DEBUG [5.11 s]: modelerfour/new-transform - START inputs = 2
DEBUG [5.11 s]: modelerfour/new-transform - END [0 s][80 MB]
DEBUG [5.11 s]: modelerfour/flattener - START inputs = 2
DEBUG [5.19 s]: modelerfour/flattener - END [0.07 s][83 MB]
DEBUG [5.19 s]: modelerfour/flattener/new-transform - START inputs = 2
DEBUG [5.19 s]: modelerfour/flattener/new-transform - END [0 s][83 MB]
DEBUG [5.19 s]: modelerfour/grouper - START inputs = 2
DEBUG [5.25 s]: modelerfour/grouper - END [0.05 s][85 MB]
DEBUG [5.25 s]: modelerfour/grouper/new-transform - START inputs = 2
DEBUG [5.25 s]: modelerfour/grouper/new-transform - END [0 s][85 MB]
DEBUG [5.25 s]: modelerfour/pre-namer - START inputs = 2
DEBUG [5.32 s]: modelerfour/pre-namer - END [0.06 s][88 MB]
DEBUG [5.32 s]: modelerfour/pre-namer/new-transform - START inputs = 2
DEBUG [5.32 s]: modelerfour/pre-namer/new-transform - END [0 s][88 MB]
DEBUG [5.32 s]: modelerfour/checker - START inputs = 4
DEBUG [5.36 s]: modelerfour/checker - END [0.04 s][91 MB]
DEBUG [5.36 s]: modelerfour/identity - START inputs = 2
DEBUG [5.36 s]: modelerfour/identity - END [0 s][91 MB]
DEBUG [5.36 s]: bicep - START inputs = 2
DEBUG [5.36 s]: modelerfour/emitter - START inputs = 2
DEBUG [5.36 s]: modelerfour/notags/emitter - START inputs = 2
DEBUG [5.36 s]: modelerfour/emitter - END [0 s][91 MB]
DEBUG [5.36 s]: modelerfour/notags/emitter - END [0 s][91 MB]
INFORMATION: autorest.bicep took 7ms
DEBUG [5.43 s]: bicep - END [0.07 s][92 MB]
DEBUG [5.44 s]: bicep/emitter - START inputs = 2
DEBUG [5.44 s]: Emitting 'bicep-files' at file:///tmp/_bcp_1625795651387/hybridkubernetes/microsoft.kubernetes/2020-01-01-preview/types.json
DEBUG [5.44 s]: Emitting 'bicep-files' at file:///tmp/_bcp_1625795651387/hybridkubernetes/microsoft.kubernetes/2020-01-01-preview/types.md
DEBUG [5.44 s]: bicep/emitter - END [0 s][92 MB]
Processing batch task - {"tag":"microsoft.kubernetes-2021-04-01-preview"} .
VERBOSE [5.45 s]: > Including configuration file 'file:///home/runner/work/bicep-types-az/bicep-types-az/workflow-temp/azure-rest-api-specs/specification/hybridkubernetes/resource-manager/readme.bicep.md'
VERBOSE [5.45 s]: > Initial configuration file 'file:///home/runner/work/bicep-types-az/bicep-types-az/workflow-temp/azure-rest-api-specs/specification/hybridkubernetes/resource-manager/readme.md'
VERBOSE [5.45 s]: > Including configuration file 'file:///home/runner/work/bicep-types-az/bicep-types-az/workflow-temp/azure-rest-api-specs/specification/hybridkubernetes/resource-manager/readme.md'
VERBOSE [5.46 s]: > Including configuration file 'file:///home/runner/.autorest/@autorest_core@3.5.0-ci.b8e3f92c0/node_modules/@autorest/core/dist/resources/default-configuration.md'
VERBOSE [5.46 s]: > Including configuration file 'file:///home/runner/.autorest/@autorest_core@3.5.0-ci.b8e3f92c0/node_modules/@autorest/core/dist/resources/inspect.md'
VERBOSE [5.47 s]: > Including configuration file 'file:///home/runner/.autorest/@autorest_core@3.5.0-ci.b8e3f92c0/node_modules/@autorest/core/dist/resources/directives.md'
VERBOSE [5.48 s]: > Including configuration file 'file:///home/runner/.autorest/@autorest_core@3.5.0-ci.b8e3f92c0/node_modules/@autorest/core/dist/resources/pipeline.md'
VERBOSE [5.49 s]: > Including configuration file 'file:///home/runner/.autorest/@autorest_core@3.5.0-ci.b8e3f92c0/node_modules/@autorest/core/dist/resources/loader-openapi.md'
VERBOSE [5.5 s]: > Including configuration file 'file:///home/runner/.autorest/@autorest_core@3.5.0-ci.b8e3f92c0/node_modules/@autorest/core/dist/resources/miscellaneous.md'
VERBOSE [5.51 s]: > Including configuration file 'file:///home/runner/.autorest/@autorest_core@3.5.0-ci.b8e3f92c0/node_modules/@autorest/core/dist/resources/plugin-powershell.md'
VERBOSE [5.53 s]: > Including configuration file 'file:///home/runner/.autorest/@autorest_core@3.5.0-ci.b8e3f92c0/node_modules/@autorest/core/dist/resources/plugin-azureresourceschema.md'
VERBOSE [5.54 s]: > Including configuration file 'file:///home/runner/.autorest/@autorest_core@3.5.0-ci.b8e3f92c0/node_modules/@autorest/core/dist/resources/plugin-csharp.md'
VERBOSE [5.55 s]: > Including configuration file 'file:///home/runner/.autorest/@autorest_core@3.5.0-ci.b8e3f92c0/node_modules/@autorest/core/dist/resources/plugin-go.md'
VERBOSE [5.57 s]: > Including configuration file 'file:///home/runner/.autorest/@autorest_core@3.5.0-ci.b8e3f92c0/node_modules/@autorest/core/dist/resources/plugin-java.md'
VERBOSE [5.59 s]: > Including configuration file 'file:///home/runner/.autorest/@autorest_core@3.5.0-ci.b8e3f92c0/node_modules/@autorest/core/dist/resources/plugin-nodejs.md'
VERBOSE [5.6 s]: > Including configuration file 'file:///home/runner/.autorest/@autorest_core@3.5.0-ci.b8e3f92c0/node_modules/@autorest/core/dist/resources/plugin-php.md'
VERBOSE [5.62 s]: > Including configuration file 'file:///home/runner/.autorest/@autorest_core@3.5.0-ci.b8e3f92c0/node_modules/@autorest/core/dist/resources/plugin-python.md'
VERBOSE [5.63 s]: > Including configuration file 'file:///home/runner/.autorest/@autorest_core@3.5.0-ci.b8e3f92c0/node_modules/@autorest/core/dist/resources/plugin-ruby.md'
VERBOSE [5.65 s]: > Including configuration file 'file:///home/runner/.autorest/@autorest_core@3.5.0-ci.b8e3f92c0/node_modules/@autorest/core/dist/resources/plugin-typescript.md'
VERBOSE [5.68 s]: > Including configuration file 'file:///home/runner/.autorest/@autorest_core@3.5.0-ci.b8e3f92c0/node_modules/@autorest/core/dist/resources/plugin-validators.md'
VERBOSE [5.7 s]: > Including configuration file 'file:///home/runner/.autorest/@autorest_core@3.5.0-ci.b8e3f92c0/node_modules/@autorest/core/dist/resources/plugin-az.md'
VERBOSE [5.71 s]: > Including configuration file 'file:///home/runner/.autorest/@autorest_core@3.5.0-ci.b8e3f92c0/node_modules/@autorest/core/dist/resources/plugin-terraform.md'
VERBOSE [5.73 s]: > Including configuration file 'file:///home/runner/.autorest/@autorest_core@3.5.0-ci.b8e3f92c0/node_modules/@autorest/core/dist/resources/plugin-azure-functions.md'
VERBOSE [5.75 s]: > Including configuration file 'file:///home/runner/.autorest/@autorest_core@3.5.0-ci.b8e3f92c0/node_modules/@autorest/core/dist/resources/graphs.md'
VERBOSE [5.77 s]: > Including configuration file 'file:///home/runner/.autorest/@autorest_core@3.5.0-ci.b8e3f92c0/node_modules/@autorest/core/dist/resources/help-configuration.md'
INFORMATION: > Loading local AutoRest extension '@autorest/bicep' (/home/runner/work/bicep-types-az/bicep-types-az/src/autorest.bicep)
VERBOSE [5.84 s]: > Including extension configuration file 'file:///home/runner/work/bicep-types-az/bicep-types-az/src/autorest.bicep/README.md'
VERBOSE [5.84 s]: > Including configuration file 'file:///home/runner/work/bicep-types-az/bicep-types-az/src/autorest.bicep/README.md'
INFORMATION: > Loading AutoRest extension '@autorest/modelerfour' (https://tinyurl.com/yhlkz69y->4.20.0-ci.b8e3f92c0)
VERBOSE [6.42 s]: > Including extension configuration file 'file:///home/runner/.autorest/@autorest_modelerfour@4.20.0-ci.b8e3f92c0/node_modules/@autorest/modelerfour/readme.md'
VERBOSE [6.42 s]: > Including configuration file 'file:///home/runner/.autorest/@autorest_modelerfour@4.20.0-ci.b8e3f92c0/node_modules/@autorest/modelerfour/readme.md'
DEBUG [6.7 s]: swagger-document/loader-swagger - START inputs = 0
DEBUG [6.7 s]: openapi-document/loader-openapi - START inputs = 0
DEBUG [6.7 s]: pipeline-emitter - START inputs = 0
DEBUG [6.7 s]: configuration-emitter - START inputs = 0
DEBUG [6.7 s]: pipeline-emitter - END [0.04 s][106 MB]
DEBUG [6.7 s]: configuration-emitter - END [0.04 s][106 MB]
VERBOSE [6.71 s]: Reading OpenAPI 2.0 file file:///home/runner/work/bicep-types-az/bicep-types-az/workflow-temp/azure-rest-api-specs/specification/hybridkubernetes/resource-manager/Microsoft.Kubernetes/preview/2021-04-01-preview/connectedClusters.json
DEBUG [6.71 s]: openapi-document/loader-openapi - END [0.04 s][109 MB]
VERBOSE [6.73 s]: Reading $ref'd file file:///home/runner/work/bicep-types-az/bicep-types-az/workflow-temp/azure-rest-api-specs/specification/common-types/resource-management/v2/types.json
DEBUG [6.73 s]: openapi-document/individual/transform - SKIPPING
DEBUG [6.73 s]: openapi-document/individual/schema-validator-openapi - SKIPPING
DEBUG [6.73 s]: openapi-document/individual/identity - SKIPPING
DEBUG [6.8 s]: swagger-document/loader-swagger - END [0.13 s][116 MB]
DEBUG [6.8 s]: swagger-document/individual/transform - START inputs = 2
DEBUG [6.87 s]: swagger-document/individual/transform - END [0.07 s][119 MB]
DEBUG [6.87 s]: swagger-document/individual/schema-validator-swagger - START inputs = 2
DEBUG [6.87 s]: swagger-document/individual/schema-validator-swagger - END [0 s][120 MB]
DEBUG [6.87 s]: swagger-document/identity - START inputs = 2
DEBUG [6.87 s]: swagger-document/individual/identity - START inputs = 2
DEBUG [6.87 s]: swagger-document/identity - END [0 s][120 MB]
DEBUG [6.87 s]: swagger-document/individual/identity - END [0 s][120 MB]
DEBUG [6.88 s]: openapi-document/openapi-document-converter - START inputs = 2
DEBUG [6.91 s]: openapi-document/openapi-document-converter - END [0.03 s][123 MB]
DEBUG [6.91 s]: openapi-document/transform - START inputs = 2
DEBUG [6.92 s]: openapi-document/transform - END [0 s][127 MB]
DEBUG [6.92 s]: openapi-document/semantic-validator - START inputs = 2
WARNING: Semantic validation was skipped.
DEBUG [6.92 s]: openapi-document/semantic-validator - END [0 s][127 MB]
DEBUG [6.92 s]: openapi-document/allof-cleaner - START inputs = 2
DEBUG [6.92 s]: openapi-document/allof-cleaner - END [0 s][128 MB]
DEBUG [6.92 s]: openapi-document/tree-shaker - START inputs = 2
DEBUG [6.98 s]: openapi-document/tree-shaker - END [0.05 s][128 MB]
DEBUG [6.98 s]: openapi-document/multi-api-merger - START inputs = 2
DEBUG [7.06 s]: openapi-document/multi-api-merger - END [0.07 s][143 MB]
DEBUG [7.06 s]: openapi-document/components-cleaner - START inputs = 1
DEBUG [7.13 s]: openapi-document/components-cleaner - END [0.06 s][146 MB]
DEBUG [7.13 s]: openapi-document/component-modifiers - START inputs = 1
DEBUG [7.15 s]: openapi-document/component-modifiers - END [0 s][152 MB]
DEBUG [7.15 s]: openapi-document/api-version-parameter-handler - START inputs = 1
DEBUG [7.15 s]: openapi-document/api-version-parameter-handler - END [0 s][152 MB]
DEBUG [7.15 s]: openapi-document/profile-filter - START inputs = 1
DEBUG [7.15 s]: openapi-document/profile-filter - END [0 s][152 MB]
DEBUG [7.15 s]: openapi-document/model-deduplicator - START inputs = 1
DEBUG [7.15 s]: openapi-document/emitter - START inputs = 1
DEBUG [7.15 s]: openapi-document/model-deduplicator - END [0 s][153 MB]
DEBUG [7.15 s]: openapi-document/emitter - END [0 s][153 MB]
DEBUG [7.15 s]: openapi-document/enum-deduplicator - START inputs = 1
DEBUG [7.24 s]: openapi-document/enum-deduplicator - END [0.08 s][155 MB]
DEBUG [7.24 s]: openapi-document/subset-reducer - START inputs = 1
DEBUG [7.24 s]: openapi-document/subset-reducer - END [0 s][156 MB]
DEBUG [7.24 s]: openapi-document/quick-check - START inputs = 1
DEBUG [7.24 s]: openapi-document/multi-api/reset-identity - START inputs = 1
DEBUG [7.25 s]: openapi-document/quick-check - END [0.01 s][162 MB]
DEBUG [7.25 s]: openapi-document/multi-api/reset-identity - END [0.01 s][162 MB]
DEBUG [7.25 s]: openapi-document/multi-api/identity - START inputs = 1
DEBUG [7.25 s]: openapi-document/multi-api/identity - END [0 s][162 MB]
DEBUG [7.25 s]: openapi-document/multi-api/emitter - START inputs = 1
DEBUG [7.25 s]: prechecker - START inputs = 1
DEBUG [7.25 s]: openapi-document/multi-api/emitter - END [0 s][162 MB]

WARNING (PreCheck/SchemaMissingType): The schema 'OperationList' with an undefined type and declared properties is a bit ambiguous. This has been auto-corrected to 'type:object'

WARNING (PreCheck/SchemaMissingType): The schema 'Operation-display' with an undefined type and declared properties is a bit ambiguous. This has been auto-corrected to 'type:object'

WARNING (PreCheck/SchemaMissingType): The schema 'CredentialResults' with an undefined type and declared properties is a bit ambiguous. This has been auto-corrected to 'type:object'

WARNING (PreCheck/SchemaMissingType): The schema 'HybridConnectionConfig' with an undefined type and declared properties is a bit ambiguous. This has been auto-corrected to 'type:object'

WARNING (PreCheck/CheckDuplicateSchemas): Checking for duplicate schemas, this could take a (long) while.  Run with --verbose for more detail.
VERBOSE [7.27 s]: Found and removed 0 duplicate schema
DEBUG [7.3 s]: prechecker - END [0.04 s][155 MB]
DEBUG [7.3 s]: modelerfour - START inputs = 2
VERBOSE [7.32 s]:   ModelerFour/api-version-mode:client
VERBOSE [7.32 s]:   ModelerFour/api-version-parameter:constant
VERBOSE [7.32 s]:   ModelerFour/use-model-namespace:false

WARNING (UnkownSecurityScheme): Security scheme azure_auth is unknown and will not be processed. Only supported types are AADToken,AzureKey,Anonymous
DEBUG [7.39 s]: modelerfour - END [0.09 s][158 MB]
DEBUG [7.4 s]: modelerfour/new-transform - START inputs = 2
DEBUG [7.4 s]: modelerfour/new-transform - END [0 s][158 MB]
DEBUG [7.4 s]: modelerfour/flattener - START inputs = 2
DEBUG [7.45 s]: modelerfour/flattener - END [0.04 s][161 MB]
DEBUG [7.45 s]: modelerfour/flattener/new-transform - START inputs = 2
DEBUG [7.45 s]: modelerfour/flattener/new-transform - END [0 s][161 MB]
DEBUG [7.45 s]: modelerfour/grouper - START inputs = 2
DEBUG [7.5 s]: modelerfour/grouper - END [0.04 s][164 MB]
DEBUG [7.5 s]: modelerfour/grouper/new-transform - START inputs = 2
DEBUG [7.5 s]: modelerfour/grouper/new-transform - END [0 s][164 MB]
DEBUG [7.5 s]: modelerfour/pre-namer - START inputs = 2
DEBUG [7.56 s]: modelerfour/pre-namer - END [0.05 s][167 MB]
DEBUG [7.56 s]: modelerfour/pre-namer/new-transform - START inputs = 2
DEBUG [7.56 s]: modelerfour/pre-namer/new-transform - END [0 s][167 MB]
DEBUG [7.56 s]: modelerfour/checker - START inputs = 4
DEBUG [7.61 s]: modelerfour/checker - END [0.04 s][170 MB]
DEBUG [7.61 s]: modelerfour/identity - START inputs = 2
DEBUG [7.61 s]: modelerfour/identity - END [0 s][170 MB]
DEBUG [7.61 s]: bicep - START inputs = 2
DEBUG [7.61 s]: modelerfour/emitter - START inputs = 2
DEBUG [7.61 s]: modelerfour/notags/emitter - START inputs = 2
DEBUG [7.61 s]: modelerfour/emitter - END [0 s][171 MB]
DEBUG [7.61 s]: modelerfour/notags/emitter - END [0 s][171 MB]
INFORMATION: autorest.bicep took 1ms
DEBUG [7.65 s]: bicep - END [0.03 s][172 MB]
DEBUG [7.65 s]: bicep/emitter - START inputs = 2
DEBUG [7.65 s]: Emitting 'bicep-files' at file:///tmp/_bcp_1625795651387/hybridkubernetes/microsoft.kubernetes/2021-04-01-preview/types.json
DEBUG [7.65 s]: Emitting 'bicep-files' at file:///tmp/_bcp_1625795651387/hybridkubernetes/microsoft.kubernetes/2021-04-01-preview/types.md
DEBUG [7.65 s]: bicep/emitter - END [0 s][172 MB]
Processing batch task - {"tag":"microsoft.kubernetes-2021-03-01"} .
VERBOSE [7.66 s]: > Including configuration file 'file:///home/runner/work/bicep-types-az/bicep-types-az/workflow-temp/azure-rest-api-specs/specification/hybridkubernetes/resource-manager/readme.bicep.md'
VERBOSE [7.67 s]: > Initial configuration file 'file:///home/runner/work/bicep-types-az/bicep-types-az/workflow-temp/azure-rest-api-specs/specification/hybridkubernetes/resource-manager/readme.md'
VERBOSE [7.67 s]: > Including configuration file 'file:///home/runner/work/bicep-types-az/bicep-types-az/workflow-temp/azure-rest-api-specs/specification/hybridkubernetes/resource-manager/readme.md'
VERBOSE [7.67 s]: > Including configuration file 'file:///home/runner/.autorest/@autorest_core@3.5.0-ci.b8e3f92c0/node_modules/@autorest/core/dist/resources/default-configuration.md'
VERBOSE [7.68 s]: > Including configuration file 'file:///home/runner/.autorest/@autorest_core@3.5.0-ci.b8e3f92c0/node_modules/@autorest/core/dist/resources/inspect.md'
VERBOSE [7.69 s]: > Including configuration file 'file:///home/runner/.autorest/@autorest_core@3.5.0-ci.b8e3f92c0/node_modules/@autorest/core/dist/resources/directives.md'
VERBOSE [7.69 s]: > Including configuration file 'file:///home/runner/.autorest/@autorest_core@3.5.0-ci.b8e3f92c0/node_modules/@autorest/core/dist/resources/pipeline.md'
VERBOSE [7.7 s]: > Including configuration file 'file:///home/runner/.autorest/@autorest_core@3.5.0-ci.b8e3f92c0/node_modules/@autorest/core/dist/resources/loader-openapi.md'
VERBOSE [7.71 s]: > Including configuration file 'file:///home/runner/.autorest/@autorest_core@3.5.0-ci.b8e3f92c0/node_modules/@autorest/core/dist/resources/miscellaneous.md'
VERBOSE [7.72 s]: > Including configuration file 'file:///home/runner/.autorest/@autorest_core@3.5.0-ci.b8e3f92c0/node_modules/@autorest/core/dist/resources/plugin-powershell.md'
VERBOSE [7.73 s]: > Including configuration file 'file:///home/runner/.autorest/@autorest_core@3.5.0-ci.b8e3f92c0/node_modules/@autorest/core/dist/resources/plugin-azureresourceschema.md'
VERBOSE [7.75 s]: > Including configuration file 'file:///home/runner/.autorest/@autorest_core@3.5.0-ci.b8e3f92c0/node_modules/@autorest/core/dist/resources/plugin-csharp.md'
VERBOSE [7.76 s]: > Including configuration file 'file:///home/runner/.autorest/@autorest_core@3.5.0-ci.b8e3f92c0/node_modules/@autorest/core/dist/resources/plugin-go.md'
VERBOSE [7.77 s]: > Including configuration file 'file:///home/runner/.autorest/@autorest_core@3.5.0-ci.b8e3f92c0/node_modules/@autorest/core/dist/resources/plugin-java.md'
VERBOSE [7.79 s]: > Including configuration file 'file:///home/runner/.autorest/@autorest_core@3.5.0-ci.b8e3f92c0/node_modules/@autorest/core/dist/resources/plugin-nodejs.md'
VERBOSE [7.8 s]: > Including configuration file 'file:///home/runner/.autorest/@autorest_core@3.5.0-ci.b8e3f92c0/node_modules/@autorest/core/dist/resources/plugin-php.md'
VERBOSE [7.82 s]: > Including configuration file 'file:///home/runner/.autorest/@autorest_core@3.5.0-ci.b8e3f92c0/node_modules/@autorest/core/dist/resources/plugin-python.md'
VERBOSE [7.84 s]: > Including configuration file 'file:///home/runner/.autorest/@autorest_core@3.5.0-ci.b8e3f92c0/node_modules/@autorest/core/dist/resources/plugin-ruby.md'
VERBOSE [7.85 s]: > Including configuration file 'file:///home/runner/.autorest/@autorest_core@3.5.0-ci.b8e3f92c0/node_modules/@autorest/core/dist/resources/plugin-typescript.md'
VERBOSE [7.87 s]: > Including configuration file 'file:///home/runner/.autorest/@autorest_core@3.5.0-ci.b8e3f92c0/node_modules/@autorest/core/dist/resources/plugin-validators.md'
VERBOSE [7.89 s]: > Including configuration file 'file:///home/runner/.autorest/@autorest_core@3.5.0-ci.b8e3f92c0/node_modules/@autorest/core/dist/resources/plugin-az.md'
VERBOSE [7.9 s]: > Including configuration file 'file:///home/runner/.autorest/@autorest_core@3.5.0-ci.b8e3f92c0/node_modules/@autorest/core/dist/resources/plugin-terraform.md'
VERBOSE [7.92 s]: > Including configuration file 'file:///home/runner/.autorest/@autorest_core@3.5.0-ci.b8e3f92c0/node_modules/@autorest/core/dist/resources/plugin-azure-functions.md'
VERBOSE [7.94 s]: > Including configuration file 'file:///home/runner/.autorest/@autorest_core@3.5.0-ci.b8e3f92c0/node_modules/@autorest/core/dist/resources/graphs.md'
VERBOSE [7.97 s]: > Including configuration file 'file:///home/runner/.autorest/@autorest_core@3.5.0-ci.b8e3f92c0/node_modules/@autorest/core/dist/resources/help-configuration.md'
INFORMATION: > Loading local AutoRest extension '@autorest/bicep' (/home/runner/work/bicep-types-az/bicep-types-az/src/autorest.bicep)
VERBOSE [8.03 s]: > Including extension configuration file 'file:///home/runner/work/bicep-types-az/bicep-types-az/src/autorest.bicep/README.md'
VERBOSE [8.03 s]: > Including configuration file 'file:///home/runner/work/bicep-types-az/bicep-types-az/src/autorest.bicep/README.md'
INFORMATION: > Loading AutoRest extension '@autorest/modelerfour' (https://tinyurl.com/yhlkz69y->4.20.0-ci.b8e3f92c0)
VERBOSE [8.57 s]: > Including extension configuration file 'file:///home/runner/.autorest/@autorest_modelerfour@4.20.0-ci.b8e3f92c0/node_modules/@autorest/modelerfour/readme.md'
VERBOSE [8.57 s]: > Including configuration file 'file:///home/runner/.autorest/@autorest_modelerfour@4.20.0-ci.b8e3f92c0/node_modules/@autorest/modelerfour/readme.md'
DEBUG [8.84 s]: swagger-document/loader-swagger - START inputs = 0
DEBUG [8.84 s]: openapi-document/loader-openapi - START inputs = 0
DEBUG [8.84 s]: pipeline-emitter - START inputs = 0
DEBUG [8.84 s]: configuration-emitter - START inputs = 0
DEBUG [8.84 s]: pipeline-emitter - END [0.02 s][179 MB]
DEBUG [8.84 s]: configuration-emitter - END [0.02 s][179 MB]
VERBOSE [8.85 s]: Reading OpenAPI 2.0 file file:///home/runner/work/bicep-types-az/bicep-types-az/workflow-temp/azure-rest-api-specs/specification/hybridkubernetes/resource-manager/Microsoft.Kubernetes/stable/2021-03-01/connectedClusters.json
DEBUG [8.85 s]: openapi-document/loader-openapi - END [0.03 s][181 MB]
VERBOSE [8.86 s]: Reading $ref'd file file:///home/runner/work/bicep-types-az/bicep-types-az/workflow-temp/azure-rest-api-specs/specification/common-types/resource-management/v2/types.json
DEBUG [8.86 s]: openapi-document/individual/transform - SKIPPING
DEBUG [8.86 s]: openapi-document/individual/schema-validator-openapi - SKIPPING
DEBUG [8.86 s]: openapi-document/individual/identity - SKIPPING
DEBUG [8.9 s]: swagger-document/loader-swagger - END [0.08 s][191 MB]
DEBUG [8.9 s]: swagger-document/individual/transform - START inputs = 2
DEBUG [8.96 s]: swagger-document/individual/transform - END [0.05 s][192 MB]
DEBUG [8.96 s]: swagger-document/individual/schema-validator-swagger - START inputs = 2
DEBUG [8.96 s]: swagger-document/individual/schema-validator-swagger - END [0 s][193 MB]
DEBUG [8.96 s]: swagger-document/identity - START inputs = 2
DEBUG [8.96 s]: swagger-document/individual/identity - START inputs = 2
DEBUG [8.96 s]: swagger-document/identity - END [0 s][193 MB]
DEBUG [8.96 s]: swagger-document/individual/identity - END [0 s][193 MB]
DEBUG [8.96 s]: openapi-document/openapi-document-converter - START inputs = 2
DEBUG [8.99 s]: openapi-document/openapi-document-converter - END [0.02 s][193 MB]
DEBUG [8.99 s]: openapi-document/transform - START inputs = 2
DEBUG [8.99 s]: openapi-document/transform - END [0 s][196 MB]
DEBUG [8.99 s]: openapi-document/semantic-validator - START inputs = 2
WARNING: Semantic validation was skipped.
DEBUG [8.99 s]: openapi-document/semantic-validator - END [0 s][196 MB]
DEBUG [8.99 s]: openapi-document/allof-cleaner - START inputs = 2
DEBUG [9 s]: openapi-document/allof-cleaner - END [0 s][197 MB]
DEBUG [9.01 s]: openapi-document/tree-shaker - START inputs = 2
DEBUG [9.05 s]: openapi-document/tree-shaker - END [0.03 s][194 MB]
DEBUG [9.05 s]: openapi-document/multi-api-merger - START inputs = 2
DEBUG [9.11 s]: openapi-document/multi-api-merger - END [0.06 s][202 MB]
DEBUG [9.11 s]: openapi-document/components-cleaner - START inputs = 1
DEBUG [9.16 s]: openapi-document/components-cleaner - END [0.05 s][207 MB]
DEBUG [9.16 s]: openapi-document/component-modifiers - START inputs = 1
DEBUG [9.17 s]: openapi-document/component-modifiers - END [0 s][211 MB]
DEBUG [9.17 s]: openapi-document/api-version-parameter-handler - START inputs = 1
DEBUG [9.17 s]: openapi-document/api-version-parameter-handler - END [0 s][211 MB]
DEBUG [9.17 s]: openapi-document/profile-filter - START inputs = 1
DEBUG [9.17 s]: openapi-document/profile-filter - END [0 s][211 MB]
DEBUG [9.17 s]: openapi-document/model-deduplicator - START inputs = 1
DEBUG [9.17 s]: openapi-document/emitter - START inputs = 1
DEBUG [9.17 s]: openapi-document/model-deduplicator - END [0 s][211 MB]
DEBUG [9.17 s]: openapi-document/emitter - END [0 s][211 MB]
DEBUG [9.17 s]: openapi-document/enum-deduplicator - START inputs = 1
DEBUG [9.23 s]: openapi-document/enum-deduplicator - END [0.05 s][218 MB]
DEBUG [9.23 s]: openapi-document/subset-reducer - START inputs = 1
DEBUG [9.23 s]: openapi-document/subset-reducer - END [0 s][218 MB]
DEBUG [9.23 s]: openapi-document/quick-check - START inputs = 1
DEBUG [9.23 s]: openapi-document/multi-api/reset-identity - START inputs = 1
DEBUG [9.24 s]: openapi-document/quick-check - END [0 s][223 MB]
DEBUG [9.24 s]: openapi-document/multi-api/reset-identity - END [0 s][223 MB]
DEBUG [9.24 s]: openapi-document/multi-api/identity - START inputs = 1
DEBUG [9.24 s]: openapi-document/multi-api/identity - END [0 s][213 MB]
DEBUG [9.24 s]: openapi-document/multi-api/emitter - START inputs = 1
DEBUG [9.24 s]: prechecker - START inputs = 1
DEBUG [9.25 s]: openapi-document/multi-api/emitter - END [0 s][214 MB]

WARNING (PreCheck/SchemaMissingType): The schema 'OperationList' with an undefined type and declared properties is a bit ambiguous. This has been auto-corrected to 'type:object'

WARNING (PreCheck/SchemaMissingType): The schema 'Operation-display' with an undefined type and declared properties is a bit ambiguous. This has been auto-corrected to 'type:object'

WARNING (PreCheck/CheckDuplicateSchemas): Checking for duplicate schemas, this could take a (long) while.  Run with --verbose for more detail.
VERBOSE [9.25 s]: Found and removed 0 duplicate schema
DEBUG [9.27 s]: prechecker - END [0.02 s][215 MB]
DEBUG [9.27 s]: modelerfour - START inputs = 2
VERBOSE [9.29 s]:   ModelerFour/api-version-mode:client
VERBOSE [9.29 s]:   ModelerFour/api-version-parameter:constant
VERBOSE [9.29 s]:   ModelerFour/use-model-namespace:false

WARNING (UnkownSecurityScheme): Security scheme azure_auth is unknown and will not be processed. Only supported types are AADToken,AzureKey,Anonymous
DEBUG [9.34 s]: modelerfour - END [0.07 s][217 MB]
DEBUG [9.34 s]: modelerfour/new-transform - START inputs = 2
DEBUG [9.34 s]: modelerfour/new-transform - END [0 s][217 MB]
DEBUG [9.35 s]: modelerfour/flattener - START inputs = 2
DEBUG [9.38 s]: modelerfour/flattener - END [0.03 s][219 MB]
DEBUG [9.38 s]: modelerfour/flattener/new-transform - START inputs = 2
DEBUG [9.38 s]: modelerfour/flattener/new-transform - END [0 s][219 MB]
DEBUG [9.38 s]: modelerfour/grouper - START inputs = 2
DEBUG [9.41 s]: modelerfour/grouper - END [0.03 s][220 MB]
DEBUG [9.41 s]: modelerfour/grouper/new-transform - START inputs = 2
DEBUG [9.42 s]: modelerfour/grouper/new-transform - END [0 s][220 MB]
DEBUG [9.42 s]: modelerfour/pre-namer - START inputs = 2
DEBUG [9.46 s]: modelerfour/pre-namer - END [0.04 s][222 MB]
DEBUG [9.46 s]: modelerfour/pre-namer/new-transform - START inputs = 2
DEBUG [9.46 s]: modelerfour/pre-namer/new-transform - END [0 s][222 MB]
DEBUG [9.46 s]: modelerfour/checker - START inputs = 4
DEBUG [9.49 s]: modelerfour/checker - END [0.03 s][224 MB]
DEBUG [9.49 s]: modelerfour/identity - START inputs = 2
DEBUG [9.49 s]: modelerfour/identity - END [0 s][224 MB]
DEBUG [9.49 s]: bicep - START inputs = 2
DEBUG [9.49 s]: modelerfour/emitter - START inputs = 2
DEBUG [9.49 s]: modelerfour/notags/emitter - START inputs = 2
DEBUG [9.5 s]: modelerfour/emitter - END [0 s][224 MB]
DEBUG [9.5 s]: modelerfour/notags/emitter - END [0 s][224 MB]
INFORMATION: autorest.bicep took 2ms
DEBUG [9.51 s]: bicep - END [0.01 s][224 MB]
DEBUG [9.51 s]: bicep/emitter - START inputs = 2
DEBUG [9.51 s]: Emitting 'bicep-files' at file:///tmp/_bcp_1625795651387/hybridkubernetes/microsoft.kubernetes/2021-03-01/types.json
DEBUG [9.51 s]: Emitting 'bicep-files' at file:///tmp/_bcp_1625795651387/hybridkubernetes/microsoft.kubernetes/2021-03-01/types.md
DEBUG [9.51 s]: bicep/emitter - END [0 s][225 MB]
[9.51 s] Clearing Folders.
[9.51 s] Writing Outputs.
[9.51 s] Generation Complete
[9.51 s] Shutting Down.
[9.52 s] Exiting.
