Generating types for 'specification/resources/resource-manager/Microsoft.Authorization/locks/readme.md'
AutoRest code generation utility [cli version: 3.7.2; node: v22.22.0]
(C) 2018 Microsoft Corporation.
https://aka.ms/autorest
warning | SkippedSemanticValidation | Semantic validation was skipped.
warning | PreCheck/SchemaMissingType | The schema 'ManagementLockOwner' with an undefined type and declared properties is a bit ambiguous. This has been auto-corrected to 'type:object'
    - file:///home/runner/work/bicep-types-az/bicep-types-az/workflow-temp/azure-rest-api-specs/specification/resources/resource-manager/Microsoft.Authorization/locks/stable/2020-05-01/locks.json:1045:5
warning | PreCheck/SchemaMissingType | The schema 'ManagementLockProperties' with an undefined type and declared properties is a bit ambiguous. This has been auto-corrected to 'type:object'
    - file:///home/runner/work/bicep-types-az/bicep-types-az/workflow-temp/azure-rest-api-specs/specification/resources/resource-manager/Microsoft.Authorization/locks/stable/2020-05-01/locks.json:1054:5
warning | PreCheck/SchemaMissingType | The schema 'ManagementLockObject' with an undefined type and declared properties is a bit ambiguous. This has been auto-corrected to 'type:object'
    - file:///home/runner/work/bicep-types-az/bicep-types-az/workflow-temp/azure-rest-api-specs/specification/resources/resource-manager/Microsoft.Authorization/locks/stable/2020-05-01/locks.json:1089:5
warning | PreCheck/SchemaMissingType | The schema 'ManagementLockListResult' with an undefined type and declared properties is a bit ambiguous. This has been auto-corrected to 'type:object'
    - file:///home/runner/work/bicep-types-az/bicep-types-az/workflow-temp/azure-rest-api-specs/specification/resources/resource-manager/Microsoft.Authorization/locks/stable/2020-05-01/locks.json:1122:5
warning | PreCheck/SchemaMissingType | The schema 'Operation-display' with an undefined type and declared properties is a bit ambiguous. This has been auto-corrected to 'type:object'
    - file:///home/runner/work/bicep-types-az/bicep-types-az/workflow-temp/azure-rest-api-specs/specification/resources/resource-manager/Microsoft.Authorization/locks/stable/2020-05-01/locks.json:1146:9
warning | PreCheck/SchemaMissingType | The schema 'OperationListResult' with an undefined type and declared properties is a bit ambiguous. This has been auto-corrected to 'type:object'
    - file:///home/runner/work/bicep-types-az/bicep-types-az/workflow-temp/azure-rest-api-specs/specification/resources/resource-manager/Microsoft.Authorization/locks/stable/2020-05-01/locks.json:1165:5
warning | PreCheck/CheckDuplicateSchemas | Checking for duplicate schemas, this could take a (long) while.  Run with --verbose for more detail.
warning | SkippedSemanticValidation | Semantic validation was skipped.
warning | PreCheck/SchemaMissingType | The schema 'ManagementLockOwner' with an undefined type and declared properties is a bit ambiguous. This has been auto-corrected to 'type:object'
    - file:///home/runner/work/bicep-types-az/bicep-types-az/workflow-temp/azure-rest-api-specs/specification/resources/resource-manager/Microsoft.Authorization/locks/stable/2017-04-01/locks.json:1045:5
warning | PreCheck/SchemaMissingType | The schema 'ManagementLockProperties' with an undefined type and declared properties is a bit ambiguous. This has been auto-corrected to 'type:object'
    - file:///home/runner/work/bicep-types-az/bicep-types-az/workflow-temp/azure-rest-api-specs/specification/resources/resource-manager/Microsoft.Authorization/locks/stable/2017-04-01/locks.json:1054:5
warning | PreCheck/SchemaMissingType | The schema 'ManagementLockObject' with an undefined type and declared properties is a bit ambiguous. This has been auto-corrected to 'type:object'
    - file:///home/runner/work/bicep-types-az/bicep-types-az/workflow-temp/azure-rest-api-specs/specification/resources/resource-manager/Microsoft.Authorization/locks/stable/2017-04-01/locks.json:1086:5
warning | PreCheck/SchemaMissingType | The schema 'ManagementLockListResult' with an undefined type and declared properties is a bit ambiguous. This has been auto-corrected to 'type:object'
    - file:///home/runner/work/bicep-types-az/bicep-types-az/workflow-temp/azure-rest-api-specs/specification/resources/resource-manager/Microsoft.Authorization/locks/stable/2017-04-01/locks.json:1115:5
warning | PreCheck/SchemaMissingType | The schema 'Operation-display' with an undefined type and declared properties is a bit ambiguous. This has been auto-corrected to 'type:object'
    - file:///home/runner/work/bicep-types-az/bicep-types-az/workflow-temp/azure-rest-api-specs/specification/resources/resource-manager/Microsoft.Authorization/locks/stable/2017-04-01/locks.json:1139:9
warning | PreCheck/SchemaMissingType | The schema 'OperationListResult' with an undefined type and declared properties is a bit ambiguous. This has been auto-corrected to 'type:object'
    - file:///home/runner/work/bicep-types-az/bicep-types-az/workflow-temp/azure-rest-api-specs/specification/resources/resource-manager/Microsoft.Authorization/locks/stable/2017-04-01/locks.json:1158:5
warning | PreCheck/CheckDuplicateSchemas | Checking for duplicate schemas, this could take a (long) while.  Run with --verbose for more detail.
warning | SkippedSemanticValidation | Semantic validation was skipped.
warning | PreCheck/SchemaMissingType | The schema 'ManagementLockOwner' with an undefined type and declared properties is a bit ambiguous. This has been auto-corrected to 'type:object'
    - file:///home/runner/work/bicep-types-az/bicep-types-az/workflow-temp/azure-rest-api-specs/specification/resources/resource-manager/Microsoft.Authorization/locks/stable/2016-09-01/locks.json:943:5
warning | PreCheck/SchemaMissingType | The schema 'ManagementLockProperties' with an undefined type and declared properties is a bit ambiguous. This has been auto-corrected to 'type:object'
    - file:///home/runner/work/bicep-types-az/bicep-types-az/workflow-temp/azure-rest-api-specs/specification/resources/resource-manager/Microsoft.Authorization/locks/stable/2016-09-01/locks.json:952:5
warning | PreCheck/SchemaMissingType | The schema 'ManagementLockObject' with an undefined type and declared properties is a bit ambiguous. This has been auto-corrected to 'type:object'
    - file:///home/runner/work/bicep-types-az/bicep-types-az/workflow-temp/azure-rest-api-specs/specification/resources/resource-manager/Microsoft.Authorization/locks/stable/2016-09-01/locks.json:984:5
warning | PreCheck/SchemaMissingType | The schema 'ManagementLockListResult' with an undefined type and declared properties is a bit ambiguous. This has been auto-corrected to 'type:object'
    - file:///home/runner/work/bicep-types-az/bicep-types-az/workflow-temp/azure-rest-api-specs/specification/resources/resource-manager/Microsoft.Authorization/locks/stable/2016-09-01/locks.json:1013:5
warning | PreCheck/SchemaMissingType | The schema 'Operation-display' with an undefined type and declared properties is a bit ambiguous. This has been auto-corrected to 'type:object'
    - file:///home/runner/work/bicep-types-az/bicep-types-az/workflow-temp/azure-rest-api-specs/specification/resources/resource-manager/Microsoft.Authorization/locks/stable/2016-09-01/locks.json:1037:9
warning | PreCheck/SchemaMissingType | The schema 'OperationListResult' with an undefined type and declared properties is a bit ambiguous. This has been auto-corrected to 'type:object'
    - file:///home/runner/work/bicep-types-az/bicep-types-az/workflow-temp/azure-rest-api-specs/specification/resources/resource-manager/Microsoft.Authorization/locks/stable/2016-09-01/locks.json:1056:5
warning | PreCheck/CheckDuplicateSchemas | Checking for duplicate schemas, this could take a (long) while.  Run with --verbose for more detail.
warning | SkippedSemanticValidation | Semantic validation was skipped.
warning | PreCheck/SchemaMissingType | The schema 'ManagementLockProperties' with an undefined type and declared properties is a bit ambiguous. This has been auto-corrected to 'type:object'
    - file:///home/runner/work/bicep-types-az/bicep-types-az/workflow-temp/azure-rest-api-specs/specification/resources/resource-manager/Microsoft.Authorization/locks/stable/2015-01-01/locks.json:597:5
warning | PreCheck/SchemaMissingType | The schema 'ManagementLockObject' with an undefined type and declared properties is a bit ambiguous. This has been auto-corrected to 'type:object'
    - file:///home/runner/work/bicep-types-az/bicep-types-az/workflow-temp/azure-rest-api-specs/specification/resources/resource-manager/Microsoft.Authorization/locks/stable/2015-01-01/locks.json:619:5
warning | PreCheck/SchemaMissingType | The schema 'ManagementLockListResult' with an undefined type and declared properties is a bit ambiguous. This has been auto-corrected to 'type:object'
    - file:///home/runner/work/bicep-types-az/bicep-types-az/workflow-temp/azure-rest-api-specs/specification/resources/resource-manager/Microsoft.Authorization/locks/stable/2015-01-01/locks.json:644:5
warning | PreCheck/CheckDuplicateSchemas | Checking for duplicate schemas, this could take a (long) while.  Run with --verbose for more detail.
