
WARNING: AutoRest has not been tested with Node versions greater than v14.

AutoRest code generation utility [cli version: 3.4.2; node: v16.13.0]
(C) 2018 Microsoft Corporation.
https://aka.ms/autorest
info    |    Loading AutoRest core      '/home/runner/work/bicep-types-az/bicep-types-az/src/generator/node_modules/@autorest/core/dist' (3.6.6)
info    |    Loading local AutoRest extension '@autorest/bicep' (/home/runner/work/bicep-types-az/bicep-types-az/src/autorest.bicep)
info    |    Loading AutoRest extension '@autorest/modelerfour' (*->4.22.3)
info    | Processing batch task - {"tag":"microsoft.datamigration-2021-06-30"} .
info    |    Loading local AutoRest extension '@autorest/bicep' (/home/runner/work/bicep-types-az/bicep-types-az/src/autorest.bicep)
info    |    Loading AutoRest extension '@autorest/modelerfour' (*->4.22.3)
warning | SkippedSemanticValidation | Semantic validation was skipped.
warning | PreCheck/SchemaMissingType | The schema 'Resource' with an undefined type and declared properties is a bit ambiguous. This has been auto-corrected to 'type:object'
    - openapi-document.json:2465:4
warning | PreCheck/SchemaMissingType | The schema 'ResourceSku' with an undefined type and declared properties is a bit ambiguous. This has been auto-corrected to 'type:object'
    - openapi-document.json:27083:4
warning | PreCheck/SchemaMissingType | The schema 'ResourceSkuCapacity' with an undefined type and declared properties is a bit ambiguous. This has been auto-corrected to 'type:object'
    - openapi-document.json:27406:4
warning | PreCheck/SchemaMissingType | The schema 'ResourceSkuCosts' with an undefined type and declared properties is a bit ambiguous. This has been auto-corrected to 'type:object'
    - openapi-document.json:27505:4
warning | PreCheck/SchemaMissingType | The schema 'ResourceSkuCapabilities' with an undefined type and declared properties is a bit ambiguous. This has been auto-corrected to 'type:object'
    - openapi-document.json:27593:4
warning | PreCheck/SchemaMissingType | The schema 'ResourceSkuRestrictions' with an undefined type and declared properties is a bit ambiguous. This has been auto-corrected to 'type:object'
    - openapi-document.json:27657:4
warning | PreCheck/SchemaMissingType | The schema 'ResourceSkusResult' with an undefined type and declared properties is a bit ambiguous. This has been auto-corrected to 'type:object'
    - openapi-document.json:27735:4
warning | PreCheck/CheckDuplicateSchemas | Checking for duplicate schemas, this could take a (long) while.  Run with --verbose for more detail.
warning | PreCheck/PropertyRedeclarationWarning | Schema 'MigrateSqlServerSqlDbTaskOutputError' has a property 'id' that is already declared the parent schema 'MigrateSqlServerSqlDbTaskOutput' but isn't significantly different. The property has been removed from MigrateSqlServerSqlDbTaskOutputError
warning | PreCheck/PropertyRedeclarationWarning | Schema 'MigrateSqlServerSqlMISyncTaskOutputError' has a property 'id' that is already declared the parent schema 'MigrateSqlServerSqlMISyncTaskOutput' but isn't significantly different. The property has been removed from MigrateSqlServerSqlMISyncTaskOutputError
warning | PreCheck/PropertyRedeclarationWarning | Schema 'MigrateSqlServerSqlMITaskOutputError' has a property 'id' that is already declared the parent schema 'MigrateSqlServerSqlMITaskOutput' but isn't significantly different. The property has been removed from MigrateSqlServerSqlMITaskOutputError
warning | PreCheck/PropertyRedeclarationWarning | Schema 'Project' has a property 'systemData' that is already declared the parent schema 'TrackedResource' but isn't significantly different. The property has been removed from Project
warning | PreCheck/PropertyRedeclarationWarning | Schema 'DataMigrationService' has a property 'systemData' that is already declared the parent schema 'TrackedResource' but isn't significantly different. The property has been removed from DataMigrationService
warning | PreCheck/PropertyRedeclarationWarning | Schema 'MigrateMySqlAzureDbForMySqlOfflineTaskOutputError' has a property 'id' that is already declared the parent schema 'MigrateMySqlAzureDbForMySqlOfflineTaskOutput' but isn't significantly different. The property has been removed from MigrateMySqlAzureDbForMySqlOfflineTaskOutputError
warning | UnkownSecurityScheme | Security scheme azure_auth is unknown and will not be processed. Only supported types are AADToken,AzureKey,Anonymous
info    | autorest.bicep took 61ms
info    | Processing batch task - {"tag":"microsoft.datamigration-2018-04-19"} .
info    |    Loading local AutoRest extension '@autorest/bicep' (/home/runner/work/bicep-types-az/bicep-types-az/src/autorest.bicep)
info    |    Loading AutoRest extension '@autorest/modelerfour' (*->4.22.3)
warning | SkippedSemanticValidation | Semantic validation was skipped.
warning | PreCheck/SchemaMissingType | The schema 'Resource' with an undefined type and declared properties is a bit ambiguous. This has been auto-corrected to 'type:object'
    - openapi-document.json:2177:4
warning | PreCheck/SchemaMissingType | The schema 'TrackedResource' with an undefined type and declared properties is a bit ambiguous. This has been auto-corrected to 'type:object'
    - openapi-document.json:2265:4
warning | PreCheck/SchemaMissingType | The schema 'ResourceSku' with an undefined type and declared properties is a bit ambiguous. This has been auto-corrected to 'type:object'
    - openapi-document.json:20017:4
warning | PreCheck/SchemaMissingType | The schema 'ResourceSkuCapacity' with an undefined type and declared properties is a bit ambiguous. This has been auto-corrected to 'type:object'
    - openapi-document.json:20340:4
warning | PreCheck/SchemaMissingType | The schema 'ResourceSkuCosts' with an undefined type and declared properties is a bit ambiguous. This has been auto-corrected to 'type:object'
    - openapi-document.json:20439:4
warning | PreCheck/SchemaMissingType | The schema 'ResourceSkuCapabilities' with an undefined type and declared properties is a bit ambiguous. This has been auto-corrected to 'type:object'
    - openapi-document.json:20527:4
warning | PreCheck/SchemaMissingType | The schema 'ResourceSkuRestrictions' with an undefined type and declared properties is a bit ambiguous. This has been auto-corrected to 'type:object'
    - openapi-document.json:20591:4
warning | PreCheck/SchemaMissingType | The schema 'ResourceSkusResult' with an undefined type and declared properties is a bit ambiguous. This has been auto-corrected to 'type:object'
    - openapi-document.json:20669:4
warning | PreCheck/CheckDuplicateSchemas | Checking for duplicate schemas, this could take a (long) while.  Run with --verbose for more detail.
warning | PreCheck/PropertyRedeclarationWarning | Schema 'MigrateSqlServerSqlDbTaskOutputError' has a property 'id' that is already declared the parent schema 'MigrateSqlServerSqlDbTaskOutput' but isn't significantly different. The property has been removed from MigrateSqlServerSqlDbTaskOutputError
warning | PreCheck/PropertyRedeclarationWarning | Schema 'MigrateSqlServerSqlMITaskOutputError' has a property 'id' that is already declared the parent schema 'MigrateSqlServerSqlMITaskOutput' but isn't significantly different. The property has been removed from MigrateSqlServerSqlMITaskOutputError
warning | PreCheck/PropertyRedeclarationWarning | Schema 'MigrateSqlServerSqlMISyncTaskOutputError' has a property 'id' that is already declared the parent schema 'MigrateSqlServerSqlMISyncTaskOutput' but isn't significantly different. The property has been removed from MigrateSqlServerSqlMISyncTaskOutputError
warning | UnkownSecurityScheme | Security scheme azure_auth is unknown and will not be processed. Only supported types are AADToken,AzureKey,Anonymous
info    | autorest.bicep took 16ms
info    | Processing batch task - {"tag":"microsoft.datamigration-2018-07-15-preview"} .
info    |    Loading local AutoRest extension '@autorest/bicep' (/home/runner/work/bicep-types-az/bicep-types-az/src/autorest.bicep)
info    |    Loading AutoRest extension '@autorest/modelerfour' (*->4.22.3)
warning | SkippedSemanticValidation | Semantic validation was skipped.
warning | PreCheck/SchemaMissingType | The schema 'Resource' with an undefined type and declared properties is a bit ambiguous. This has been auto-corrected to 'type:object'
    - openapi-document.json:2410:4
warning | PreCheck/SchemaMissingType | The schema 'TrackedResource' with an undefined type and declared properties is a bit ambiguous. This has been auto-corrected to 'type:object'
    - openapi-document.json:2498:4
warning | PreCheck/SchemaMissingType | The schema 'ResourceSku' with an undefined type and declared properties is a bit ambiguous. This has been auto-corrected to 'type:object'
    - openapi-document.json:26575:4
warning | PreCheck/SchemaMissingType | The schema 'ResourceSkuCapacity' with an undefined type and declared properties is a bit ambiguous. This has been auto-corrected to 'type:object'
    - openapi-document.json:26898:4
warning | PreCheck/SchemaMissingType | The schema 'ResourceSkuCosts' with an undefined type and declared properties is a bit ambiguous. This has been auto-corrected to 'type:object'
    - openapi-document.json:26997:4
warning | PreCheck/SchemaMissingType | The schema 'ResourceSkuCapabilities' with an undefined type and declared properties is a bit ambiguous. This has been auto-corrected to 'type:object'
    - openapi-document.json:27085:4
warning | PreCheck/SchemaMissingType | The schema 'ResourceSkuRestrictions' with an undefined type and declared properties is a bit ambiguous. This has been auto-corrected to 'type:object'
    - openapi-document.json:27149:4
warning | PreCheck/SchemaMissingType | The schema 'ResourceSkusResult' with an undefined type and declared properties is a bit ambiguous. This has been auto-corrected to 'type:object'
    - openapi-document.json:27227:4
warning | PreCheck/CheckDuplicateSchemas | Checking for duplicate schemas, this could take a (long) while.  Run with --verbose for more detail.
warning | PreCheck/PropertyRedeclarationWarning | Schema 'MigrateSqlServerSqlDbTaskOutputError' has a property 'id' that is already declared the parent schema 'MigrateSqlServerSqlDbTaskOutput' but isn't significantly different. The property has been removed from MigrateSqlServerSqlDbTaskOutputError
warning | PreCheck/PropertyRedeclarationWarning | Schema 'MigrateSqlServerSqlMISyncTaskOutputError' has a property 'id' that is already declared the parent schema 'MigrateSqlServerSqlMISyncTaskOutput' but isn't significantly different. The property has been removed from MigrateSqlServerSqlMISyncTaskOutputError
warning | PreCheck/PropertyRedeclarationWarning | Schema 'MigrateSqlServerSqlMITaskOutputError' has a property 'id' that is already declared the parent schema 'MigrateSqlServerSqlMITaskOutput' but isn't significantly different. The property has been removed from MigrateSqlServerSqlMITaskOutputError
warning | UnkownSecurityScheme | Security scheme azure_auth is unknown and will not be processed. Only supported types are AADToken,AzureKey,Anonymous
info    | autorest.bicep took 25ms
info    | Processing batch task - {"tag":"microsoft.datamigration-2018-03-31-preview"} .
info    |    Loading local AutoRest extension '@autorest/bicep' (/home/runner/work/bicep-types-az/bicep-types-az/src/autorest.bicep)
info    |    Loading AutoRest extension '@autorest/modelerfour' (*->4.22.3)
warning | SkippedSemanticValidation | Semantic validation was skipped.
warning | PreCheck/SchemaMissingType | The schema 'Resource' with an undefined type and declared properties is a bit ambiguous. This has been auto-corrected to 'type:object'
    - openapi-document.json:1393:4
warning | PreCheck/SchemaMissingType | The schema 'TrackedResource' with an undefined type and declared properties is a bit ambiguous. This has been auto-corrected to 'type:object'
    - openapi-document.json:1481:4
warning | PreCheck/SchemaMissingType | The schema 'ResourceSku' with an undefined type and declared properties is a bit ambiguous. This has been auto-corrected to 'type:object'
    - openapi-document.json:10285:4
warning | PreCheck/SchemaMissingType | The schema 'ResourceSkuCapacity' with an undefined type and declared properties is a bit ambiguous. This has been auto-corrected to 'type:object'
    - openapi-document.json:10608:4
warning | PreCheck/SchemaMissingType | The schema 'ResourceSkuCosts' with an undefined type and declared properties is a bit ambiguous. This has been auto-corrected to 'type:object'
    - openapi-document.json:10707:4
warning | PreCheck/SchemaMissingType | The schema 'ResourceSkuCapabilities' with an undefined type and declared properties is a bit ambiguous. This has been auto-corrected to 'type:object'
    - openapi-document.json:10795:4
warning | PreCheck/SchemaMissingType | The schema 'ResourceSkuRestrictions' with an undefined type and declared properties is a bit ambiguous. This has been auto-corrected to 'type:object'
    - openapi-document.json:10859:4
warning | PreCheck/SchemaMissingType | The schema 'ResourceSkusResult' with an undefined type and declared properties is a bit ambiguous. This has been auto-corrected to 'type:object'
    - openapi-document.json:10937:4
warning | PreCheck/CheckDuplicateSchemas | Checking for duplicate schemas, this could take a (long) while.  Run with --verbose for more detail.
warning | PreCheck/PropertyRedeclarationWarning | Schema 'MigrateSqlServerSqlDbTaskOutputError' has a property 'id' that is already declared the parent schema 'MigrateSqlServerSqlDbTaskOutput' but isn't significantly different. The property has been removed from MigrateSqlServerSqlDbTaskOutputError
warning | PreCheck/PropertyRedeclarationWarning | Schema 'MigrateSqlServerSqlMITaskOutputError' has a property 'id' that is already declared the parent schema 'MigrateSqlServerSqlMITaskOutput' but isn't significantly different. The property has been removed from MigrateSqlServerSqlMITaskOutputError
warning | UnkownSecurityScheme | Security scheme azure_auth is unknown and will not be processed. Only supported types are AADToken,AzureKey,Anonymous
info    | autorest.bicep took 6ms
info    | Processing batch task - {"tag":"microsoft.datamigration-2018-03-15-preview"} .
info    |    Loading local AutoRest extension '@autorest/bicep' (/home/runner/work/bicep-types-az/bicep-types-az/src/autorest.bicep)
info    |    Loading AutoRest extension '@autorest/modelerfour' (*->4.22.3)
warning | SkippedSemanticValidation | Semantic validation was skipped.
warning | PreCheck/SchemaMissingType | The schema 'Resource' with an undefined type and declared properties is a bit ambiguous. This has been auto-corrected to 'type:object'
    - openapi-document.json:1393:4
warning | PreCheck/SchemaMissingType | The schema 'TrackedResource' with an undefined type and declared properties is a bit ambiguous. This has been auto-corrected to 'type:object'
    - openapi-document.json:1481:4
warning | PreCheck/SchemaMissingType | The schema 'ResourceSku' with an undefined type and declared properties is a bit ambiguous. This has been auto-corrected to 'type:object'
    - openapi-document.json:9191:4
warning | PreCheck/SchemaMissingType | The schema 'ResourceSkuCapacity' with an undefined type and declared properties is a bit ambiguous. This has been auto-corrected to 'type:object'
    - openapi-document.json:9514:4
warning | PreCheck/SchemaMissingType | The schema 'ResourceSkuCosts' with an undefined type and declared properties is a bit ambiguous. This has been auto-corrected to 'type:object'
    - openapi-document.json:9613:4
warning | PreCheck/SchemaMissingType | The schema 'ResourceSkuCapabilities' with an undefined type and declared properties is a bit ambiguous. This has been auto-corrected to 'type:object'
    - openapi-document.json:9701:4
warning | PreCheck/SchemaMissingType | The schema 'ResourceSkuRestrictions' with an undefined type and declared properties is a bit ambiguous. This has been auto-corrected to 'type:object'
    - openapi-document.json:9765:4
warning | PreCheck/SchemaMissingType | The schema 'ResourceSkusResult' with an undefined type and declared properties is a bit ambiguous. This has been auto-corrected to 'type:object'
    - openapi-document.json:9843:4
warning | PreCheck/CheckDuplicateSchemas | Checking for duplicate schemas, this could take a (long) while.  Run with --verbose for more detail.
warning | PreCheck/PropertyRedeclarationWarning | Schema 'MigrateSqlServerSqlDbTaskOutputError' has a property 'id' that is already declared the parent schema 'MigrateSqlServerSqlDbTaskOutput' but isn't significantly different. The property has been removed from MigrateSqlServerSqlDbTaskOutputError
warning | PreCheck/PropertyRedeclarationWarning | Schema 'MigrateSqlServerSqlMITaskOutputError' has a property 'id' that is already declared the parent schema 'MigrateSqlServerSqlMITaskOutput' but isn't significantly different. The property has been removed from MigrateSqlServerSqlMITaskOutputError
warning | UnkownSecurityScheme | Security scheme azure_auth is unknown and will not be processed. Only supported types are AADToken,AzureKey,Anonymous
info    | autorest.bicep took 6ms
info    | Processing batch task - {"tag":"microsoft.datamigration-2017-11-15-preview"} .
info    |    Loading local AutoRest extension '@autorest/bicep' (/home/runner/work/bicep-types-az/bicep-types-az/src/autorest.bicep)
info    |    Loading AutoRest extension '@autorest/modelerfour' (*->4.22.3)
warning | SkippedSemanticValidation | Semantic validation was skipped.
warning | PreCheck/SchemaMissingType | The schema 'Resource' with an undefined type and declared properties is a bit ambiguous. This has been auto-corrected to 'type:object'
    - openapi-document.json:1318:4
warning | PreCheck/SchemaMissingType | The schema 'TrackedResource' with an undefined type and declared properties is a bit ambiguous. This has been auto-corrected to 'type:object'
    - openapi-document.json:1406:4
warning | PreCheck/SchemaMissingType | The schema 'ResourceSku' with an undefined type and declared properties is a bit ambiguous. This has been auto-corrected to 'type:object'
    - openapi-document.json:7692:4
warning | PreCheck/SchemaMissingType | The schema 'ResourceSkuCapacity' with an undefined type and declared properties is a bit ambiguous. This has been auto-corrected to 'type:object'
    - openapi-document.json:8015:4
warning | PreCheck/SchemaMissingType | The schema 'ResourceSkuCosts' with an undefined type and declared properties is a bit ambiguous. This has been auto-corrected to 'type:object'
    - openapi-document.json:8114:4
warning | PreCheck/SchemaMissingType | The schema 'ResourceSkuCapabilities' with an undefined type and declared properties is a bit ambiguous. This has been auto-corrected to 'type:object'
    - openapi-document.json:8202:4
warning | PreCheck/SchemaMissingType | The schema 'ResourceSkuRestrictions' with an undefined type and declared properties is a bit ambiguous. This has been auto-corrected to 'type:object'
    - openapi-document.json:8266:4
warning | PreCheck/SchemaMissingType | The schema 'ResourceSkusResult' with an undefined type and declared properties is a bit ambiguous. This has been auto-corrected to 'type:object'
    - openapi-document.json:8344:4
warning | PreCheck/CheckDuplicateSchemas | Checking for duplicate schemas, this could take a (long) while.  Run with --verbose for more detail.
warning | PreCheck/PropertyRedeclarationWarning | Schema 'MigrateSqlServerSqlDbTaskOutputError' has a property 'id' that is already declared the parent schema 'MigrateSqlServerSqlDbTaskOutput' but isn't significantly different. The property has been removed from MigrateSqlServerSqlDbTaskOutputError
warning | UnkownSecurityScheme | Security scheme azure_auth is unknown and will not be processed. Only supported types are AADToken,AzureKey,Anonymous
info    | autorest.bicep took 3ms
info    | Generation Complete
