WARNING: Unable to parse swagger path "$(this-folder)/Microsoft.Subscriptions/preview/2015-11-01/Subscriptions.json"
WARNING: Unable to parse swagger path "$(this-folder)/Microsoft.Subscriptions/preview/2015-11-01/Offer.json"
Executing: autorest --use=/home/runner/work/bicep-types-az/bicep-types-az/src/autorest.bicep --bicep --output-folder=/tmp/_bcp_1625795651387/azsadmin --multiapi --title=none --skip-semantics-validation /home/runner/work/bicep-types-az/bicep-types-az/workflow-temp/azure-rest-api-specs/specification/azsadmin/resource-manager/user-subscriptions/readme.md --debug --verbose
AutoRest code generation utility [cli version: 3.2.1; node: v14.17.1, max-memory: 4096 MB]
(C) 2018 Microsoft Corporation.
https://aka.ms/autorest
No configuration found at 'file:///home/runner/work/bicep-types-az/bicep-types-az/src/generator/src/cmd/'.
> Including configuration file 'file:///home/runner/work/bicep-types-az/bicep-types-az/src/generator/node_modules/autorest/dist/resources/default-configuration.md'
> Including configuration file 'file:///home/runner/work/bicep-types-az/bicep-types-az/src/generator/node_modules/autorest/dist/resources/inspect.md'
> Including configuration file 'file:///home/runner/work/bicep-types-az/bicep-types-az/src/generator/node_modules/autorest/dist/resources/directives.md'
> Including configuration file 'file:///home/runner/work/bicep-types-az/bicep-types-az/src/generator/node_modules/autorest/dist/resources/pipeline.md'
> Including configuration file 'file:///home/runner/work/bicep-types-az/bicep-types-az/src/generator/node_modules/autorest/dist/resources/loader-openapi.md'
> Including configuration file 'file:///home/runner/work/bicep-types-az/bicep-types-az/src/generator/node_modules/autorest/dist/resources/miscellaneous.md'
> Including configuration file 'file:///home/runner/work/bicep-types-az/bicep-types-az/src/generator/node_modules/autorest/dist/resources/plugin-powershell.md'
> Including configuration file 'file:///home/runner/work/bicep-types-az/bicep-types-az/src/generator/node_modules/autorest/dist/resources/plugin-azureresourceschema.md'
> Including configuration file 'file:///home/runner/work/bicep-types-az/bicep-types-az/src/generator/node_modules/autorest/dist/resources/plugin-csharp.md'
> Including configuration file 'file:///home/runner/work/bicep-types-az/bicep-types-az/src/generator/node_modules/autorest/dist/resources/plugin-go.md'
> Including configuration file 'file:///home/runner/work/bicep-types-az/bicep-types-az/src/generator/node_modules/autorest/dist/resources/plugin-java.md'
> Including configuration file 'file:///home/runner/work/bicep-types-az/bicep-types-az/src/generator/node_modules/autorest/dist/resources/plugin-nodejs.md'
> Including configuration file 'file:///home/runner/work/bicep-types-az/bicep-types-az/src/generator/node_modules/autorest/dist/resources/plugin-php.md'
> Including configuration file 'file:///home/runner/work/bicep-types-az/bicep-types-az/src/generator/node_modules/autorest/dist/resources/plugin-python.md'
> Including configuration file 'file:///home/runner/work/bicep-types-az/bicep-types-az/src/generator/node_modules/autorest/dist/resources/plugin-ruby.md'
> Including configuration file 'file:///home/runner/work/bicep-types-az/bicep-types-az/src/generator/node_modules/autorest/dist/resources/plugin-typescript.md'
> Including configuration file 'file:///home/runner/work/bicep-types-az/bicep-types-az/src/generator/node_modules/autorest/dist/resources/plugin-validators.md'
> Including configuration file 'file:///home/runner/work/bicep-types-az/bicep-types-az/src/generator/node_modules/autorest/dist/resources/plugin-az.md'
> Including configuration file 'file:///home/runner/work/bicep-types-az/bicep-types-az/src/generator/node_modules/autorest/dist/resources/plugin-terraform.md'
> Including configuration file 'file:///home/runner/work/bicep-types-az/bicep-types-az/src/generator/node_modules/autorest/dist/resources/plugin-azure-functions.md'
> Including configuration file 'file:///home/runner/work/bicep-types-az/bicep-types-az/src/generator/node_modules/autorest/dist/resources/graphs.md'
> Including configuration file 'file:///home/runner/work/bicep-types-az/bicep-types-az/src/generator/node_modules/autorest/dist/resources/help-configuration.md'
> Loading local AutoRest extension '@autorest/bicep' (/home/runner/work/bicep-types-az/bicep-types-az/src/autorest.bicep)
> Including extension configuration file 'file:///home/runner/work/bicep-types-az/bicep-types-az/src/autorest.bicep/README.md'
> Including configuration file 'file:///home/runner/work/bicep-types-az/bicep-types-az/src/autorest.bicep/README.md'
> Loading AutoRest extension '@autorest/modelerfour' (https://tinyurl.com/yhlkz69y->4.20.0-ci.b8e3f92c0)
> Including extension configuration file 'file:///home/runner/.autorest/@autorest_modelerfour@4.20.0-ci.b8e3f92c0/node_modules/@autorest/modelerfour/readme.md'
> Including configuration file 'file:///home/runner/.autorest/@autorest_modelerfour@4.20.0-ci.b8e3f92c0/node_modules/@autorest/modelerfour/readme.md'
NOTE: AutoRest core version selected from configuration: https://tinyurl.com/yfjyy27f.
Network Enabled: true

There is a new version of AutoRest available (3.2.3).
 > You can install the newer version with with npm install -g autorest@latest

Starting @autorest/core from /home/runner/.autorest/@autorest_core@3.5.0-ci.b8e3f92c0/node_modules/@autorest/core
   Loading AutoRest core      '/home/runner/.autorest/@autorest_core@3.5.0-ci.b8e3f92c0/node_modules/@autorest/core/dist' (3.5.0-ci.b8e3f92c0)
VERBOSE [0.69 s]: > Including configuration file 'file:///home/runner/work/bicep-types-az/bicep-types-az/workflow-temp/azure-rest-api-specs/specification/azsadmin/resource-manager/user-subscriptions/readme.bicep.md'
VERBOSE [0.7 s]: > Initial configuration file 'file:///home/runner/work/bicep-types-az/bicep-types-az/workflow-temp/azure-rest-api-specs/specification/azsadmin/resource-manager/user-subscriptions/readme.md'
VERBOSE [0.7 s]: > Including configuration file 'file:///home/runner/work/bicep-types-az/bicep-types-az/workflow-temp/azure-rest-api-specs/specification/azsadmin/resource-manager/user-subscriptions/readme.md'
VERBOSE [0.72 s]: > Including configuration file 'file:///home/runner/work/bicep-types-az/bicep-types-az/workflow-temp/azure-rest-api-specs/profiles/readme.md'
VERBOSE [0.73 s]: > Including configuration file 'file:///home/runner/work/bicep-types-az/bicep-types-az/workflow-temp/azure-rest-api-specs/profiles/definitions/hybrid-2019-03-01.md'
VERBOSE [0.74 s]: > Including configuration file 'file:///home/runner/work/bicep-types-az/bicep-types-az/workflow-temp/azure-rest-api-specs/profiles/definitions/latest-2019-04-30.md'
VERBOSE [0.9 s]: > Including configuration file 'file:///home/runner/.autorest/@autorest_core@3.5.0-ci.b8e3f92c0/node_modules/@autorest/core/dist/resources/default-configuration.md'
VERBOSE [0.93 s]: > Including configuration file 'file:///home/runner/.autorest/@autorest_core@3.5.0-ci.b8e3f92c0/node_modules/@autorest/core/dist/resources/inspect.md'
VERBOSE [0.95 s]: > Including configuration file 'file:///home/runner/.autorest/@autorest_core@3.5.0-ci.b8e3f92c0/node_modules/@autorest/core/dist/resources/directives.md'
VERBOSE [0.96 s]: > Including configuration file 'file:///home/runner/.autorest/@autorest_core@3.5.0-ci.b8e3f92c0/node_modules/@autorest/core/dist/resources/pipeline.md'
VERBOSE [0.98 s]: > Including configuration file 'file:///home/runner/.autorest/@autorest_core@3.5.0-ci.b8e3f92c0/node_modules/@autorest/core/dist/resources/loader-openapi.md'
VERBOSE [1 s]: > Including configuration file 'file:///home/runner/.autorest/@autorest_core@3.5.0-ci.b8e3f92c0/node_modules/@autorest/core/dist/resources/miscellaneous.md'
VERBOSE [1.01 s]: > Including configuration file 'file:///home/runner/.autorest/@autorest_core@3.5.0-ci.b8e3f92c0/node_modules/@autorest/core/dist/resources/plugin-powershell.md'
VERBOSE [1.03 s]: > Including configuration file 'file:///home/runner/.autorest/@autorest_core@3.5.0-ci.b8e3f92c0/node_modules/@autorest/core/dist/resources/plugin-azureresourceschema.md'
VERBOSE [1.05 s]: > Including configuration file 'file:///home/runner/.autorest/@autorest_core@3.5.0-ci.b8e3f92c0/node_modules/@autorest/core/dist/resources/plugin-csharp.md'
VERBOSE [1.06 s]: > Including configuration file 'file:///home/runner/.autorest/@autorest_core@3.5.0-ci.b8e3f92c0/node_modules/@autorest/core/dist/resources/plugin-go.md'
VERBOSE [1.09 s]: > Including configuration file 'file:///home/runner/.autorest/@autorest_core@3.5.0-ci.b8e3f92c0/node_modules/@autorest/core/dist/resources/plugin-java.md'
VERBOSE [1.11 s]: > Including configuration file 'file:///home/runner/.autorest/@autorest_core@3.5.0-ci.b8e3f92c0/node_modules/@autorest/core/dist/resources/plugin-nodejs.md'
VERBOSE [1.13 s]: > Including configuration file 'file:///home/runner/.autorest/@autorest_core@3.5.0-ci.b8e3f92c0/node_modules/@autorest/core/dist/resources/plugin-php.md'
VERBOSE [1.15 s]: > Including configuration file 'file:///home/runner/.autorest/@autorest_core@3.5.0-ci.b8e3f92c0/node_modules/@autorest/core/dist/resources/plugin-python.md'
VERBOSE [1.17 s]: > Including configuration file 'file:///home/runner/.autorest/@autorest_core@3.5.0-ci.b8e3f92c0/node_modules/@autorest/core/dist/resources/plugin-ruby.md'
VERBOSE [1.19 s]: > Including configuration file 'file:///home/runner/.autorest/@autorest_core@3.5.0-ci.b8e3f92c0/node_modules/@autorest/core/dist/resources/plugin-typescript.md'
VERBOSE [1.21 s]: > Including configuration file 'file:///home/runner/.autorest/@autorest_core@3.5.0-ci.b8e3f92c0/node_modules/@autorest/core/dist/resources/plugin-validators.md'
VERBOSE [1.23 s]: > Including configuration file 'file:///home/runner/.autorest/@autorest_core@3.5.0-ci.b8e3f92c0/node_modules/@autorest/core/dist/resources/plugin-az.md'
VERBOSE [1.25 s]: > Including configuration file 'file:///home/runner/.autorest/@autorest_core@3.5.0-ci.b8e3f92c0/node_modules/@autorest/core/dist/resources/plugin-terraform.md'
VERBOSE [1.28 s]: > Including configuration file 'file:///home/runner/.autorest/@autorest_core@3.5.0-ci.b8e3f92c0/node_modules/@autorest/core/dist/resources/plugin-azure-functions.md'
VERBOSE [1.3 s]: > Including configuration file 'file:///home/runner/.autorest/@autorest_core@3.5.0-ci.b8e3f92c0/node_modules/@autorest/core/dist/resources/graphs.md'
VERBOSE [1.33 s]: > Including configuration file 'file:///home/runner/.autorest/@autorest_core@3.5.0-ci.b8e3f92c0/node_modules/@autorest/core/dist/resources/help-configuration.md'
INFORMATION: > Loading local AutoRest extension '@autorest/bicep' (/home/runner/work/bicep-types-az/bicep-types-az/src/autorest.bicep)
VERBOSE [1.4 s]: > Including extension configuration file 'file:///home/runner/work/bicep-types-az/bicep-types-az/src/autorest.bicep/README.md'
VERBOSE [1.4 s]: > Including configuration file 'file:///home/runner/work/bicep-types-az/bicep-types-az/src/autorest.bicep/README.md'
INFORMATION: > Loading AutoRest extension '@autorest/modelerfour' (https://tinyurl.com/yhlkz69y->4.20.0-ci.b8e3f92c0)
VERBOSE [2.06 s]: > Including extension configuration file 'file:///home/runner/.autorest/@autorest_modelerfour@4.20.0-ci.b8e3f92c0/node_modules/@autorest/modelerfour/readme.md'
VERBOSE [2.06 s]: > Including configuration file 'file:///home/runner/.autorest/@autorest_modelerfour@4.20.0-ci.b8e3f92c0/node_modules/@autorest/modelerfour/readme.md'
Processing batch task - {"tag":"microsoft.subscriptions-2015-11-01"} .
VERBOSE [2.3 s]: > Including configuration file 'file:///home/runner/work/bicep-types-az/bicep-types-az/workflow-temp/azure-rest-api-specs/specification/azsadmin/resource-manager/user-subscriptions/readme.bicep.md'
VERBOSE [2.3 s]: > Initial configuration file 'file:///home/runner/work/bicep-types-az/bicep-types-az/workflow-temp/azure-rest-api-specs/specification/azsadmin/resource-manager/user-subscriptions/readme.md'
VERBOSE [2.3 s]: > Including configuration file 'file:///home/runner/work/bicep-types-az/bicep-types-az/workflow-temp/azure-rest-api-specs/specification/azsadmin/resource-manager/user-subscriptions/readme.md'
VERBOSE [2.3 s]: > Including configuration file 'file:///home/runner/work/bicep-types-az/bicep-types-az/workflow-temp/azure-rest-api-specs/profiles/readme.md'
VERBOSE [2.31 s]: > Including configuration file 'file:///home/runner/work/bicep-types-az/bicep-types-az/workflow-temp/azure-rest-api-specs/profiles/definitions/hybrid-2019-03-01.md'
VERBOSE [2.32 s]: > Including configuration file 'file:///home/runner/work/bicep-types-az/bicep-types-az/workflow-temp/azure-rest-api-specs/profiles/definitions/latest-2019-04-30.md'
VERBOSE [2.41 s]: > Including configuration file 'file:///home/runner/.autorest/@autorest_core@3.5.0-ci.b8e3f92c0/node_modules/@autorest/core/dist/resources/default-configuration.md'
VERBOSE [2.42 s]: > Including configuration file 'file:///home/runner/.autorest/@autorest_core@3.5.0-ci.b8e3f92c0/node_modules/@autorest/core/dist/resources/inspect.md'
VERBOSE [2.43 s]: > Including configuration file 'file:///home/runner/.autorest/@autorest_core@3.5.0-ci.b8e3f92c0/node_modules/@autorest/core/dist/resources/directives.md'
VERBOSE [2.44 s]: > Including configuration file 'file:///home/runner/.autorest/@autorest_core@3.5.0-ci.b8e3f92c0/node_modules/@autorest/core/dist/resources/pipeline.md'
VERBOSE [2.45 s]: > Including configuration file 'file:///home/runner/.autorest/@autorest_core@3.5.0-ci.b8e3f92c0/node_modules/@autorest/core/dist/resources/loader-openapi.md'
VERBOSE [2.46 s]: > Including configuration file 'file:///home/runner/.autorest/@autorest_core@3.5.0-ci.b8e3f92c0/node_modules/@autorest/core/dist/resources/miscellaneous.md'
VERBOSE [2.47 s]: > Including configuration file 'file:///home/runner/.autorest/@autorest_core@3.5.0-ci.b8e3f92c0/node_modules/@autorest/core/dist/resources/plugin-powershell.md'
VERBOSE [2.48 s]: > Including configuration file 'file:///home/runner/.autorest/@autorest_core@3.5.0-ci.b8e3f92c0/node_modules/@autorest/core/dist/resources/plugin-azureresourceschema.md'
VERBOSE [2.5 s]: > Including configuration file 'file:///home/runner/.autorest/@autorest_core@3.5.0-ci.b8e3f92c0/node_modules/@autorest/core/dist/resources/plugin-csharp.md'
VERBOSE [2.51 s]: > Including configuration file 'file:///home/runner/.autorest/@autorest_core@3.5.0-ci.b8e3f92c0/node_modules/@autorest/core/dist/resources/plugin-go.md'
VERBOSE [2.53 s]: > Including configuration file 'file:///home/runner/.autorest/@autorest_core@3.5.0-ci.b8e3f92c0/node_modules/@autorest/core/dist/resources/plugin-java.md'
VERBOSE [2.54 s]: > Including configuration file 'file:///home/runner/.autorest/@autorest_core@3.5.0-ci.b8e3f92c0/node_modules/@autorest/core/dist/resources/plugin-nodejs.md'
VERBOSE [2.56 s]: > Including configuration file 'file:///home/runner/.autorest/@autorest_core@3.5.0-ci.b8e3f92c0/node_modules/@autorest/core/dist/resources/plugin-php.md'
VERBOSE [2.58 s]: > Including configuration file 'file:///home/runner/.autorest/@autorest_core@3.5.0-ci.b8e3f92c0/node_modules/@autorest/core/dist/resources/plugin-python.md'
VERBOSE [2.59 s]: > Including configuration file 'file:///home/runner/.autorest/@autorest_core@3.5.0-ci.b8e3f92c0/node_modules/@autorest/core/dist/resources/plugin-ruby.md'
VERBOSE [2.61 s]: > Including configuration file 'file:///home/runner/.autorest/@autorest_core@3.5.0-ci.b8e3f92c0/node_modules/@autorest/core/dist/resources/plugin-typescript.md'
VERBOSE [2.63 s]: > Including configuration file 'file:///home/runner/.autorest/@autorest_core@3.5.0-ci.b8e3f92c0/node_modules/@autorest/core/dist/resources/plugin-validators.md'
VERBOSE [2.65 s]: > Including configuration file 'file:///home/runner/.autorest/@autorest_core@3.5.0-ci.b8e3f92c0/node_modules/@autorest/core/dist/resources/plugin-az.md'
VERBOSE [2.67 s]: > Including configuration file 'file:///home/runner/.autorest/@autorest_core@3.5.0-ci.b8e3f92c0/node_modules/@autorest/core/dist/resources/plugin-terraform.md'
VERBOSE [2.69 s]: > Including configuration file 'file:///home/runner/.autorest/@autorest_core@3.5.0-ci.b8e3f92c0/node_modules/@autorest/core/dist/resources/plugin-azure-functions.md'
VERBOSE [2.71 s]: > Including configuration file 'file:///home/runner/.autorest/@autorest_core@3.5.0-ci.b8e3f92c0/node_modules/@autorest/core/dist/resources/graphs.md'
VERBOSE [2.74 s]: > Including configuration file 'file:///home/runner/.autorest/@autorest_core@3.5.0-ci.b8e3f92c0/node_modules/@autorest/core/dist/resources/help-configuration.md'
INFORMATION: > Loading local AutoRest extension '@autorest/bicep' (/home/runner/work/bicep-types-az/bicep-types-az/src/autorest.bicep)
VERBOSE [2.8 s]: > Including extension configuration file 'file:///home/runner/work/bicep-types-az/bicep-types-az/src/autorest.bicep/README.md'
VERBOSE [2.8 s]: > Including configuration file 'file:///home/runner/work/bicep-types-az/bicep-types-az/src/autorest.bicep/README.md'
INFORMATION: > Loading AutoRest extension '@autorest/modelerfour' (https://tinyurl.com/yhlkz69y->4.20.0-ci.b8e3f92c0)
VERBOSE [3.43 s]: > Including extension configuration file 'file:///home/runner/.autorest/@autorest_modelerfour@4.20.0-ci.b8e3f92c0/node_modules/@autorest/modelerfour/readme.md'
VERBOSE [3.43 s]: > Including configuration file 'file:///home/runner/.autorest/@autorest_modelerfour@4.20.0-ci.b8e3f92c0/node_modules/@autorest/modelerfour/readme.md'
DEBUG [4.06 s]: swagger-document/loader-swagger - START inputs = 0
DEBUG [4.06 s]: openapi-document/loader-openapi - START inputs = 0
DEBUG [4.06 s]: pipeline-emitter - START inputs = 0
DEBUG [4.06 s]: configuration-emitter - START inputs = 0
DEBUG [4.06 s]: pipeline-emitter - END [0.05 s][96 MB]
DEBUG [4.06 s]: configuration-emitter - END [0.05 s][96 MB]
VERBOSE [4.07 s]: Reading OpenAPI 2.0 file file:///home/runner/work/bicep-types-az/bicep-types-az/workflow-temp/azure-rest-api-specs/specification/azsadmin/resource-manager/user-subscriptions/Microsoft.Subscriptions/preview/2015-11-01/Subscriptions.json
VERBOSE [4.07 s]: Reading OpenAPI 2.0 file file:///home/runner/work/bicep-types-az/bicep-types-az/workflow-temp/azure-rest-api-specs/specification/azsadmin/resource-manager/user-subscriptions/Microsoft.Subscriptions/preview/2015-11-01/Offer.json
VERBOSE [4.07 s]: Reading OpenAPI 2.0 file file:///home/runner/work/bicep-types-az/bicep-types-az/workflow-temp/azure-rest-api-specs/specification/azsadmin/resource-manager/user-subscriptions/Microsoft.Subscriptions/preview/2015-11-01/Subscriptions.json
DEBUG [4.07 s]: openapi-document/loader-openapi - END [0.06 s][98 MB]
VERBOSE [4.07 s]: Reading OpenAPI 2.0 file file:///home/runner/work/bicep-types-az/bicep-types-az/workflow-temp/azure-rest-api-specs/specification/azsadmin/resource-manager/user-subscriptions/Microsoft.Subscriptions/preview/2015-11-01/Offer.json
DEBUG [4.11 s]: openapi-document/individual/transform - SKIPPING
DEBUG [4.11 s]: openapi-document/individual/schema-validator-openapi - SKIPPING
DEBUG [4.11 s]: openapi-document/individual/identity - SKIPPING
DEBUG [4.14 s]: swagger-document/loader-swagger - END [0.13 s][100 MB]
DEBUG [4.14 s]: swagger-document/individual/transform - START inputs = 4
DEBUG [4.19 s]: swagger-document/individual/transform - END [0.04 s][99 MB]
DEBUG [4.19 s]: swagger-document/individual/schema-validator-swagger - START inputs = 4
DEBUG [4.47 s]: swagger-document/individual/schema-validator-swagger - END [0.28 s][106 MB]
DEBUG [4.47 s]: swagger-document/identity - START inputs = 4
DEBUG [4.47 s]: swagger-document/individual/identity - START inputs = 4
DEBUG [4.47 s]: swagger-document/identity - END [0 s][106 MB]
DEBUG [4.47 s]: swagger-document/individual/identity - END [0 s][106 MB]
DEBUG [4.47 s]: openapi-document/openapi-document-converter - START inputs = 4
DEBUG [4.49 s]: openapi-document/openapi-document-converter - END [0.02 s][111 MB]
DEBUG [4.49 s]: openapi-document/transform - START inputs = 2
DEBUG [4.49 s]: openapi-document/transform - END [0 s][112 MB]
DEBUG [4.49 s]: openapi-document/semantic-validator - START inputs = 2
WARNING: Semantic validation was skipped.
DEBUG [4.49 s]: openapi-document/semantic-validator - END [0 s][112 MB]
DEBUG [4.49 s]: openapi-document/allof-cleaner - START inputs = 2
DEBUG [4.5 s]: openapi-document/allof-cleaner - END [0 s][112 MB]
DEBUG [4.5 s]: openapi-document/tree-shaker - START inputs = 2
DEBUG [4.53 s]: openapi-document/tree-shaker - END [0.03 s][106 MB]
DEBUG [4.53 s]: openapi-document/multi-api-merger - START inputs = 2
DEBUG [4.57 s]: openapi-document/multi-api-merger - END [0.04 s][117 MB]
DEBUG [4.58 s]: openapi-document/components-cleaner - START inputs = 1
DEBUG [4.61 s]: openapi-document/components-cleaner - END [0.03 s][121 MB]
DEBUG [4.62 s]: openapi-document/component-modifiers - START inputs = 1
DEBUG [4.62 s]: openapi-document/component-modifiers - END [0 s][111 MB]
DEBUG [4.62 s]: openapi-document/api-version-parameter-handler - START inputs = 1
DEBUG [4.62 s]: openapi-document/api-version-parameter-handler - END [0 s][111 MB]
DEBUG [4.62 s]: openapi-document/profile-filter - START inputs = 1
DEBUG [4.62 s]: openapi-document/profile-filter - END [0 s][111 MB]
DEBUG [4.62 s]: openapi-document/model-deduplicator - START inputs = 1
DEBUG [4.62 s]: openapi-document/emitter - START inputs = 1
DEBUG [4.62 s]: openapi-document/model-deduplicator - END [0 s][112 MB]
DEBUG [4.62 s]: openapi-document/emitter - END [0 s][112 MB]
DEBUG [4.62 s]: openapi-document/enum-deduplicator - START inputs = 1
DEBUG [4.67 s]: openapi-document/enum-deduplicator - END [0.05 s][116 MB]
DEBUG [4.67 s]: openapi-document/subset-reducer - START inputs = 1
DEBUG [4.67 s]: openapi-document/subset-reducer - END [0 s][116 MB]
DEBUG [4.67 s]: openapi-document/quick-check - START inputs = 1
DEBUG [4.67 s]: openapi-document/multi-api/reset-identity - START inputs = 1
DEBUG [4.68 s]: openapi-document/quick-check - END [0 s][119 MB]
DEBUG [4.68 s]: openapi-document/multi-api/reset-identity - END [0 s][119 MB]
DEBUG [4.68 s]: openapi-document/multi-api/identity - START inputs = 1
DEBUG [4.68 s]: openapi-document/multi-api/identity - END [0 s][119 MB]
DEBUG [4.68 s]: openapi-document/multi-api/emitter - START inputs = 1
DEBUG [4.68 s]: prechecker - START inputs = 1
DEBUG [4.68 s]: openapi-document/multi-api/emitter - END [0 s][119 MB]

WARNING (PreCheck/SchemaMissingType): The schema 'SubscriptionList' with an undefined type and declared properties is a bit ambiguous. This has been auto-corrected to 'type:object'

WARNING (PreCheck/CheckDuplicateSchemas): Checking for duplicate schemas, this could take a (long) while.  Run with --verbose for more detail.
VERBOSE [4.72 s]: Found and removed 0 duplicate schema
DEBUG [4.91 s]: prechecker - END [0.22 s][122 MB]
DEBUG [4.91 s]: modelerfour - START inputs = 2
VERBOSE [4.98 s]:   ModelerFour/api-version-mode:client
VERBOSE [4.98 s]:   ModelerFour/api-version-parameter:constant
VERBOSE [4.98 s]:   ModelerFour/use-model-namespace:false

WARNING (UnkownSecurityScheme): Security scheme azure_auth is unknown and will not be processed. Only supported types are AADToken,AzureKey,Anonymous

WARNING (UnkownSecurityScheme): Security scheme azure_auth is unknown and will not be processed. Only supported types are AADToken,AzureKey,Anonymous
DEBUG [5.04 s]: modelerfour - END [0.13 s][114 MB]
DEBUG [5.04 s]: modelerfour/new-transform - START inputs = 2
DEBUG [5.04 s]: modelerfour/new-transform - END [0 s][114 MB]
DEBUG [5.04 s]: modelerfour/flattener - START inputs = 2
DEBUG [5.08 s]: modelerfour/flattener - END [0.04 s][116 MB]
DEBUG [5.08 s]: modelerfour/flattener/new-transform - START inputs = 2
DEBUG [5.08 s]: modelerfour/flattener/new-transform - END [0 s][116 MB]
DEBUG [5.08 s]: modelerfour/grouper - START inputs = 2
DEBUG [5.11 s]: modelerfour/grouper - END [0.02 s][119 MB]
DEBUG [5.11 s]: modelerfour/grouper/new-transform - START inputs = 2
DEBUG [5.11 s]: modelerfour/grouper/new-transform - END [0 s][119 MB]
DEBUG [5.11 s]: modelerfour/pre-namer - START inputs = 2
DEBUG [5.15 s]: modelerfour/pre-namer - END [0.04 s][121 MB]
DEBUG [5.15 s]: modelerfour/pre-namer/new-transform - START inputs = 2
DEBUG [5.15 s]: modelerfour/pre-namer/new-transform - END [0 s][121 MB]
DEBUG [5.15 s]: modelerfour/checker - START inputs = 4
DEBUG [5.19 s]: modelerfour/checker - END [0.03 s][124 MB]
DEBUG [5.19 s]: modelerfour/identity - START inputs = 2
DEBUG [5.19 s]: modelerfour/identity - END [0 s][124 MB]
DEBUG [5.19 s]: bicep - START inputs = 2
DEBUG [5.19 s]: modelerfour/emitter - START inputs = 2
DEBUG [5.19 s]: modelerfour/notags/emitter - START inputs = 2
DEBUG [5.19 s]: modelerfour/emitter - END [0 s][124 MB]
DEBUG [5.19 s]: modelerfour/notags/emitter - END [0 s][124 MB]
WARNING: Skipping path '/subscriptions/{subscriptionId}': Unable to locate "/providers/" segment
INFORMATION: autorest.bicep took 1ms
DEBUG [5.23 s]: bicep - END [0.04 s][126 MB]
DEBUG [5.23 s]: bicep/emitter - START inputs = 0
DEBUG [5.24 s]: bicep/emitter - END [0 s][126 MB]
[5.24 s] Clearing Folders.
[5.24 s] Writing Outputs.
[5.24 s] Generation Complete
[5.24 s] Shutting Down.
[5.24 s] Exiting.
