Generating types for 'specification/cognitiveservices/resource-manager/readme.md'
AutoRest code generation utility [cli version: 3.7.2; node: v22.21.1]
(C) 2018 Microsoft Corporation.
https://aka.ms/autorest
warning | DeprecatedConfig | Using directive.0.suppress which is deprecated and will be removed in the future.
warning | DeprecatedConfig | Using directive.0.suppress which is deprecated and will be removed in the future.
warning | SkippedSemanticValidation | Semantic validation was skipped.
warning | PreCheck/CheckDuplicateSchemas | Checking for duplicate schemas, this could take a (long) while.  Run with --verbose for more detail.
warning | PreCheck/DuplicateSchema | Duplicate Schema named 'AgentReference' (6 differences):
  - allOf: [{"$ref":"#/components/schemas/schemas:897"}] => <none>
  - properties.properties: {"description":"[Required] Additional attributes of the entity.","$ref":"#/components/schemas/schemas:691"} => <none>
  - properties.agentId: <none> => {"$ref":"#/components/schemas/schemas:692","description":"Gets the agent's unique identifier within the organization (subscription).","nullable":true}
  - properties.agentName: <none> => {"$ref":"#/components/schemas/schemas:693","description":"Gets the agent's name (unique within the project/app).","nullable":true}
  - x-ms-client-name: "AgentReference" => <none>
  - required: ["properties"] => <none>
warning | PreCheck/DuplicateSchema | Duplicate Schema named 'AgentDeployment' (12 differences):
  - allOf.0.$ref: "#/components/schemas/schemas:897" => "#/components/schemas/schemas:601"
  - properties.properties: {"description":"[Required] Additional attributes of the entity.","$ref":"#/components/schemas/schemas:682"} => <none>
  - properties.displayName: <none> => {"$ref":"#/components/schemas/schemas:683","description":"Gets or sets the display name of the deployment.","nullable":true}
  - properties.deploymentId: <none> => {"$ref":"#/components/schemas/schemas:684","description":"Gets or sets the unique identifier of the deployment.","nullable":true}
  - properties.state: <none> => {"description":"Gets or sets the current operational state of the deployment (and, intrinsically, of the comprising agents).","$ref":"#/components/schemas/AgentDeploymentState","nullable":true,"x-nullable":true}
  - properties.protocols: <none> => {"x-ms-identifiers":["protocol","version"],"$ref":"#/components/schemas/schemas:685","description":"Gets or sets the supported protocol types and versions exposed by this deployment.","nullable":true}
  - properties.agents: <none> => {"x-ms-identifiers":["agentId"],"$ref":"#/components/schemas/schemas:686","description":"Returns a flat list of agent:version deployed in this deployment.","nullable":true}
  - properties.deploymentType: <none> => {"description":"Gets or sets the type of deployment for the agent.","$ref":"#/components/schemas/AgentDeploymentType"}
  - properties.provisioningState: <none> => {"description":"Gets or sets the provisioning state of the agent deployment.","$ref":"#/components/schemas/AgentDeploymentProvisioningState","readOnly":true}
  - x-ms-client-name: "AgentDeployment" => <none>
  - required.0: "properties" => "deploymentType"
  - discriminator: <none> => {"propertyName":"deploymentType"}
warning | PreCheck/DuplicateSchema | Duplicate Schema named 'ErrorDetail' (1 differences):
  - properties.details.$ref: "#/components/schemas/schemas:861" => "#/components/schemas/schemas:982"
warning | PreCheck/DuplicateSchema | Duplicate Schema named 'ErrorResponse' (1 differences):
  - properties.error.$ref: "#/components/schemas/schemas:857" => "#/components/schemas/schemas:978"
warning | PreCheck/PropertyRedeclarationWarning | Schema 'Account' has a property 'systemData' that is already declared the parent schema 'Resource' but isn't significantly different. The property has been removed from Account
warning | PreCheck/PropertyRedeclarationWarning | Schema 'CommitmentPlanAccountAssociation' has a property 'systemData' that is already declared the parent schema 'Resource' but isn't significantly different. The property has been removed from CommitmentPlanAccountAssociation
warning | PreCheck/PropertyRedeclarationWarning | Schema 'EncryptionScope' has a property 'systemData' that is already declared the parent schema 'Resource' but isn't significantly different. The property has been removed from EncryptionScope
warning | PreCheck/PropertyRedeclarationWarning | Schema 'PrivateEndpointConnection' has a property 'systemData' that is already declared the parent schema 'Resource' but isn't significantly different. The property has been removed from PrivateEndpointConnection
warning | PreCheck/PropertyRedeclarationWarning | Schema 'Deployment' has a property 'systemData' that is already declared the parent schema 'Resource' but isn't significantly different. The property has been removed from Deployment
warning | PreCheck/PropertyRedeclarationWarning | Schema 'CommitmentPlan' has a property 'systemData' that is already declared the parent schema 'Resource' but isn't significantly different. The property has been removed from CommitmentPlan
warning | PreCheck/PropertyRedeclarationWarning | Schema 'RaiPolicy' has a property 'systemData' that is already declared the parent schema 'Resource' but isn't significantly different. The property has been removed from RaiPolicy
warning | PreCheck/PropertyRedeclarationWarning | Schema 'RaiBlocklist' has a property 'systemData' that is already declared the parent schema 'Resource' but isn't significantly different. The property has been removed from RaiBlocklist
warning | PreCheck/PropertyRedeclarationWarning | Schema 'RaiBlocklistItem' has a property 'systemData' that is already declared the parent schema 'Resource' but isn't significantly different. The property has been removed from RaiBlocklistItem
warning | PreCheck/PropertyRedeclarationWarning | Schema 'RaiExternalSafetyProvider' has a property 'systemData' that is already declared the parent schema 'Resource' but isn't significantly different. The property has been removed from RaiExternalSafetyProvider
warning | PreCheck/PropertyRedeclarationWarning | Schema 'RaiExternalSafetyProviderSchema' has a property 'systemData' that is already declared the parent schema 'Resource' but isn't significantly different. The property has been removed from RaiExternalSafetyProviderSchema
warning | PreCheck/PropertyRedeclarationWarning | Schema 'RaiTopic' has a property 'systemData' that is already declared the parent schema 'Resource' but isn't significantly different. The property has been removed from RaiTopic
warning | PreCheck/PropertyRedeclarationWarning | Schema 'RaiToolLabel' has a property 'systemData' that is already declared the parent schema 'Resource' but isn't significantly different. The property has been removed from RaiToolLabel
warning | PreCheck/PropertyRedeclarationWarning | Schema 'DefenderForAISetting' has a property 'systemData' that is already declared the parent schema 'Resource' but isn't significantly different. The property has been removed from DefenderForAISetting
warning | PreCheck/PropertyRedeclarationWarning | Schema 'Project' has a property 'systemData' that is already declared the parent schema 'Resource' but isn't significantly different. The property has been removed from Project
warning | PreNamer/DeduplicateName | Deduplicating schema name: 'ErrorResponse' -> 'ErrorResponseAutoGenerated'
warning | PreNamer/DeduplicateName | Deduplicating schema name: 'ErrorDetail' -> 'ErrorDetailAutoGenerated'
warning | PreNamer/DeduplicateName | Deduplicating schema name: 'AgentReference' -> 'AgentReferenceAutoGenerated'
warning | PreNamer/DeduplicateName | Deduplicating schema name: 'AgentDeployment' -> 'AgentDeploymentAutoGenerated'
warning | Skipping LocationBasedModelCapacities_List due to required query parameter "modelFormat"
warning | Skipping LocationBasedModelCapacities_List due to required query parameter "modelName"
warning | Skipping LocationBasedModelCapacities_List due to required query parameter "modelVersion"
warning | Skipping ModelCapacities_List due to required query parameter "modelFormat"
warning | Skipping ModelCapacities_List due to required query parameter "modelName"
warning | Skipping ModelCapacities_List due to required query parameter "modelVersion"
warning | Unrecognized property type: any-object. Returning 'any'.
warning | DeprecatedConfig | Using directive.0.suppress which is deprecated and will be removed in the future.
warning | SkippedSemanticValidation | Semantic validation was skipped.
warning | PreCheck/CheckDuplicateSchemas | Checking for duplicate schemas, this could take a (long) while.  Run with --verbose for more detail.
warning | PreCheck/DuplicateSchema | Duplicate Schema named 'ErrorDetail' (1 differences):
  - properties.details.$ref: "#/components/schemas/schemas:644" => "#/components/schemas/schemas:765"
warning | PreCheck/DuplicateSchema | Duplicate Schema named 'ErrorResponse' (1 differences):
  - properties.error.$ref: "#/components/schemas/schemas:640" => "#/components/schemas/schemas:761"
warning | PreCheck/PropertyRedeclarationWarning | Schema 'Account' has a property 'systemData' that is already declared the parent schema 'Resource' but isn't significantly different. The property has been removed from Account
warning | PreCheck/PropertyRedeclarationWarning | Schema 'CommitmentPlanAccountAssociation' has a property 'systemData' that is already declared the parent schema 'Resource' but isn't significantly different. The property has been removed from CommitmentPlanAccountAssociation
warning | PreCheck/PropertyRedeclarationWarning | Schema 'EncryptionScope' has a property 'systemData' that is already declared the parent schema 'Resource' but isn't significantly different. The property has been removed from EncryptionScope
warning | PreCheck/PropertyRedeclarationWarning | Schema 'PrivateEndpointConnection' has a property 'systemData' that is already declared the parent schema 'Resource' but isn't significantly different. The property has been removed from PrivateEndpointConnection
warning | PreCheck/PropertyRedeclarationWarning | Schema 'Deployment' has a property 'systemData' that is already declared the parent schema 'Resource' but isn't significantly different. The property has been removed from Deployment
warning | PreCheck/PropertyRedeclarationWarning | Schema 'CommitmentPlan' has a property 'systemData' that is already declared the parent schema 'Resource' but isn't significantly different. The property has been removed from CommitmentPlan
warning | PreCheck/PropertyRedeclarationWarning | Schema 'RaiPolicy' has a property 'systemData' that is already declared the parent schema 'Resource' but isn't significantly different. The property has been removed from RaiPolicy
warning | PreCheck/PropertyRedeclarationWarning | Schema 'RaiBlocklist' has a property 'systemData' that is already declared the parent schema 'Resource' but isn't significantly different. The property has been removed from RaiBlocklist
warning | PreCheck/PropertyRedeclarationWarning | Schema 'RaiBlocklistItem' has a property 'systemData' that is already declared the parent schema 'Resource' but isn't significantly different. The property has been removed from RaiBlocklistItem
warning | PreCheck/PropertyRedeclarationWarning | Schema 'RaiTopic' has a property 'systemData' that is already declared the parent schema 'Resource' but isn't significantly different. The property has been removed from RaiTopic
warning | PreCheck/PropertyRedeclarationWarning | Schema 'DefenderForAISetting' has a property 'systemData' that is already declared the parent schema 'Resource' but isn't significantly different. The property has been removed from DefenderForAISetting
warning | PreCheck/PropertyRedeclarationWarning | Schema 'Project' has a property 'systemData' that is already declared the parent schema 'Resource' but isn't significantly different. The property has been removed from Project
warning | PreNamer/DeduplicateName | Deduplicating schema name: 'ErrorResponse' -> 'ErrorResponseAutoGenerated'
warning | PreNamer/DeduplicateName | Deduplicating schema name: 'ErrorDetail' -> 'ErrorDetailAutoGenerated'
warning | Skipping LocationBasedModelCapacities_List due to required query parameter "modelFormat"
warning | Skipping LocationBasedModelCapacities_List due to required query parameter "modelName"
warning | Skipping LocationBasedModelCapacities_List due to required query parameter "modelVersion"
warning | Skipping ModelCapacities_List due to required query parameter "modelFormat"
warning | Skipping ModelCapacities_List due to required query parameter "modelName"
warning | Skipping ModelCapacities_List due to required query parameter "modelVersion"
warning | Unrecognized property type: any-object. Returning 'any'.
warning | DeprecatedConfig | Using directive.0.suppress which is deprecated and will be removed in the future.
warning | SkippedSemanticValidation | Semantic validation was skipped.
warning | PreCheck/CheckDuplicateSchemas | Checking for duplicate schemas, this could take a (long) while.  Run with --verbose for more detail.
warning | PreCheck/DuplicateSchema | Duplicate Schema named 'ErrorDetail' (1 differences):
  - properties.details.$ref: "#/components/schemas/schemas:644" => "#/components/schemas/schemas:765"
warning | PreCheck/DuplicateSchema | Duplicate Schema named 'ErrorResponse' (1 differences):
  - properties.error.$ref: "#/components/schemas/schemas:640" => "#/components/schemas/schemas:761"
warning | PreCheck/PropertyRedeclarationWarning | Schema 'Account' has a property 'systemData' that is already declared the parent schema 'Resource' but isn't significantly different. The property has been removed from Account
warning | PreCheck/PropertyRedeclarationWarning | Schema 'CommitmentPlanAccountAssociation' has a property 'systemData' that is already declared the parent schema 'Resource' but isn't significantly different. The property has been removed from CommitmentPlanAccountAssociation
warning | PreCheck/PropertyRedeclarationWarning | Schema 'EncryptionScope' has a property 'systemData' that is already declared the parent schema 'Resource' but isn't significantly different. The property has been removed from EncryptionScope
warning | PreCheck/PropertyRedeclarationWarning | Schema 'PrivateEndpointConnection' has a property 'systemData' that is already declared the parent schema 'Resource' but isn't significantly different. The property has been removed from PrivateEndpointConnection
warning | PreCheck/PropertyRedeclarationWarning | Schema 'Deployment' has a property 'systemData' that is already declared the parent schema 'Resource' but isn't significantly different. The property has been removed from Deployment
warning | PreCheck/PropertyRedeclarationWarning | Schema 'CommitmentPlan' has a property 'systemData' that is already declared the parent schema 'Resource' but isn't significantly different. The property has been removed from CommitmentPlan
warning | PreCheck/PropertyRedeclarationWarning | Schema 'RaiPolicy' has a property 'systemData' that is already declared the parent schema 'Resource' but isn't significantly different. The property has been removed from RaiPolicy
warning | PreCheck/PropertyRedeclarationWarning | Schema 'RaiBlocklist' has a property 'systemData' that is already declared the parent schema 'Resource' but isn't significantly different. The property has been removed from RaiBlocklist
warning | PreCheck/PropertyRedeclarationWarning | Schema 'RaiBlocklistItem' has a property 'systemData' that is already declared the parent schema 'Resource' but isn't significantly different. The property has been removed from RaiBlocklistItem
warning | PreCheck/PropertyRedeclarationWarning | Schema 'RaiTopic' has a property 'systemData' that is already declared the parent schema 'Resource' but isn't significantly different. The property has been removed from RaiTopic
warning | PreCheck/PropertyRedeclarationWarning | Schema 'DefenderForAISetting' has a property 'systemData' that is already declared the parent schema 'Resource' but isn't significantly different. The property has been removed from DefenderForAISetting
warning | PreCheck/PropertyRedeclarationWarning | Schema 'Project' has a property 'systemData' that is already declared the parent schema 'Resource' but isn't significantly different. The property has been removed from Project
warning | PreNamer/DeduplicateName | Deduplicating schema name: 'ErrorResponse' -> 'ErrorResponseAutoGenerated'
warning | PreNamer/DeduplicateName | Deduplicating schema name: 'ErrorDetail' -> 'ErrorDetailAutoGenerated'
warning | Skipping LocationBasedModelCapacities_List due to required query parameter "modelFormat"
warning | Skipping LocationBasedModelCapacities_List due to required query parameter "modelName"
warning | Skipping LocationBasedModelCapacities_List due to required query parameter "modelVersion"
warning | Skipping ModelCapacities_List due to required query parameter "modelFormat"
warning | Skipping ModelCapacities_List due to required query parameter "modelName"
warning | Skipping ModelCapacities_List due to required query parameter "modelVersion"
warning | Unrecognized property type: any-object. Returning 'any'.
warning | DeprecatedConfig | Using directive.0.suppress which is deprecated and will be removed in the future.
warning | SkippedSemanticValidation | Semantic validation was skipped.
warning | PreCheck/CheckDuplicateSchemas | Checking for duplicate schemas, this could take a (long) while.  Run with --verbose for more detail.
warning | Skipping LocationBasedModelCapacities_List due to required query parameter "modelFormat"
warning | Skipping LocationBasedModelCapacities_List due to required query parameter "modelName"
warning | Skipping LocationBasedModelCapacities_List due to required query parameter "modelVersion"
warning | Skipping ModelCapacities_List due to required query parameter "modelFormat"
warning | Skipping ModelCapacities_List due to required query parameter "modelName"
warning | Skipping ModelCapacities_List due to required query parameter "modelVersion"
warning | Unrecognized property type: any-object. Returning 'any'.
warning | DeprecatedConfig | Using directive.0.suppress which is deprecated and will be removed in the future.
warning | SkippedSemanticValidation | Semantic validation was skipped.
warning | PreCheck/CheckDuplicateSchemas | Checking for duplicate schemas, this could take a (long) while.  Run with --verbose for more detail.
warning | Skipping LocationBasedModelCapacities_List due to required query parameter "modelFormat"
warning | Skipping LocationBasedModelCapacities_List due to required query parameter "modelName"
warning | Skipping LocationBasedModelCapacities_List due to required query parameter "modelVersion"
warning | Skipping ModelCapacities_List due to required query parameter "modelFormat"
warning | Skipping ModelCapacities_List due to required query parameter "modelName"
warning | Skipping ModelCapacities_List due to required query parameter "modelVersion"
warning | Unrecognized property type: any-object. Returning 'any'.
warning | DeprecatedConfig | Using directive.0.suppress which is deprecated and will be removed in the future.
warning | SkippedSemanticValidation | Semantic validation was skipped.
warning | PreCheck/CheckDuplicateSchemas | Checking for duplicate schemas, this could take a (long) while.  Run with --verbose for more detail.
warning | Skipping LocationBasedModelCapacities_List due to required query parameter "modelFormat"
warning | Skipping LocationBasedModelCapacities_List due to required query parameter "modelName"
warning | Skipping LocationBasedModelCapacities_List due to required query parameter "modelVersion"
warning | Skipping ModelCapacities_List due to required query parameter "modelFormat"
warning | Skipping ModelCapacities_List due to required query parameter "modelName"
warning | Skipping ModelCapacities_List due to required query parameter "modelVersion"
warning | Unrecognized property type: any-object. Returning 'any'.
warning | DeprecatedConfig | Using directive.0.suppress which is deprecated and will be removed in the future.
warning | SkippedSemanticValidation | Semantic validation was skipped.
warning | PreCheck/CheckDuplicateSchemas | Checking for duplicate schemas, this could take a (long) while.  Run with --verbose for more detail.
warning | Skipping LocationBasedModelCapacities_List due to required query parameter "modelFormat"
warning | Skipping LocationBasedModelCapacities_List due to required query parameter "modelName"
warning | Skipping LocationBasedModelCapacities_List due to required query parameter "modelVersion"
warning | Skipping ModelCapacities_List due to required query parameter "modelFormat"
warning | Skipping ModelCapacities_List due to required query parameter "modelName"
warning | Skipping ModelCapacities_List due to required query parameter "modelVersion"
warning | Unrecognized property type: any-object. Returning 'any'.
warning | DeprecatedConfig | Using directive.0.suppress which is deprecated and will be removed in the future.
warning | SkippedSemanticValidation | Semantic validation was skipped.
warning | PreCheck/CheckDuplicateSchemas | Checking for duplicate schemas, this could take a (long) while.  Run with --verbose for more detail.
warning | Skipping LocationBasedModelCapacities_List due to required query parameter "modelFormat"
warning | Skipping LocationBasedModelCapacities_List due to required query parameter "modelName"
warning | Skipping LocationBasedModelCapacities_List due to required query parameter "modelVersion"
warning | Skipping ModelCapacities_List due to required query parameter "modelFormat"
warning | Skipping ModelCapacities_List due to required query parameter "modelName"
warning | Skipping ModelCapacities_List due to required query parameter "modelVersion"
warning | Unrecognized property type: any-object. Returning 'any'.
warning | DeprecatedConfig | Using directive.0.suppress which is deprecated and will be removed in the future.
warning | SkippedSemanticValidation | Semantic validation was skipped.
warning | PreCheck/CheckDuplicateSchemas | Checking for duplicate schemas, this could take a (long) while.  Run with --verbose for more detail.
warning | Unrecognized property type: any-object. Returning 'any'.
warning | DeprecatedConfig | Using directive.0.suppress which is deprecated and will be removed in the future.
warning | SkippedSemanticValidation | Semantic validation was skipped.
warning | PreCheck/CheckDuplicateSchemas | Checking for duplicate schemas, this could take a (long) while.  Run with --verbose for more detail.
warning | Unrecognized property type: any-object. Returning 'any'.
warning | DeprecatedConfig | Using directive.0.suppress which is deprecated and will be removed in the future.
warning | SkippedSemanticValidation | Semantic validation was skipped.
warning | PreCheck/CheckDuplicateSchemas | Checking for duplicate schemas, this could take a (long) while.  Run with --verbose for more detail.
warning | Unrecognized property type: any-object. Returning 'any'.
warning | DeprecatedConfig | Using directive.0.suppress which is deprecated and will be removed in the future.
warning | SkippedSemanticValidation | Semantic validation was skipped.
warning | PreCheck/CheckDuplicateSchemas | Checking for duplicate schemas, this could take a (long) while.  Run with --verbose for more detail.
warning | Unrecognized property type: any-object. Returning 'any'.
warning | DeprecatedConfig | Using directive.0.suppress which is deprecated and will be removed in the future.
warning | SkippedSemanticValidation | Semantic validation was skipped.
warning | PreCheck/CheckDuplicateSchemas | Checking for duplicate schemas, this could take a (long) while.  Run with --verbose for more detail.
warning | Unrecognized property type: any-object. Returning 'any'.
warning | DeprecatedConfig | Using directive.0.suppress which is deprecated and will be removed in the future.
warning | SkippedSemanticValidation | Semantic validation was skipped.
warning | PreCheck/SchemaMissingType | The schema 'Sku' with an undefined type and declared properties is a bit ambiguous. This has been auto-corrected to 'type:object'
    - file:///home/runner/work/bicep-types-az/bicep-types-az/workflow-temp/azure-rest-api-specs/specification/cognitiveservices/resource-manager/Microsoft.CognitiveServices/stable/2021-10-01/cognitiveservices.json:1476:5
warning | PreCheck/CheckDuplicateSchemas | Checking for duplicate schemas, this could take a (long) while.  Run with --verbose for more detail.
warning | Unrecognized property type: any-object. Returning 'any'.
warning | DeprecatedConfig | Using directive.0.suppress which is deprecated and will be removed in the future.
warning | SkippedSemanticValidation | Semantic validation was skipped.
warning | PreCheck/SchemaMissingType | The schema 'Sku' with an undefined type and declared properties is a bit ambiguous. This has been auto-corrected to 'type:object'
    - file:///home/runner/work/bicep-types-az/bicep-types-az/workflow-temp/azure-rest-api-specs/specification/cognitiveservices/resource-manager/Microsoft.CognitiveServices/stable/2021-04-30/cognitiveservices.json:1043:5
warning | PreCheck/CheckDuplicateSchemas | Checking for duplicate schemas, this could take a (long) while.  Run with --verbose for more detail.
warning | Unrecognized property type: any-object. Returning 'any'.
warning | DeprecatedConfig | Using directive.0.suppress which is deprecated and will be removed in the future.
warning | SkippedSemanticValidation | Semantic validation was skipped.
warning | PreCheck/SchemaMissingType | The schema 'Sku' with an undefined type and declared properties is a bit ambiguous. This has been auto-corrected to 'type:object'
    - file:///home/runner/work/bicep-types-az/bicep-types-az/workflow-temp/azure-rest-api-specs/specification/cognitiveservices/resource-manager/Microsoft.CognitiveServices/stable/2017-04-18/cognitiveservices.json:898:5
warning | PreCheck/SchemaMissingType | The schema 'CognitiveServicesAccountListResult' with an undefined type and declared properties is a bit ambiguous. This has been auto-corrected to 'type:object'
    - file:///home/runner/work/bicep-types-az/bicep-types-az/workflow-temp/azure-rest-api-specs/specification/cognitiveservices/resource-manager/Microsoft.CognitiveServices/stable/2017-04-18/cognitiveservices.json:983:5
warning | PreCheck/SchemaMissingType | The schema 'CognitiveServicesAccountProperties' with an undefined type and declared properties is a bit ambiguous. This has been auto-corrected to 'type:object'
    - file:///home/runner/work/bicep-types-az/bicep-types-az/workflow-temp/azure-rest-api-specs/specification/cognitiveservices/resource-manager/Microsoft.CognitiveServices/stable/2017-04-18/cognitiveservices.json:1000:5
warning | PreCheck/SchemaMissingType | The schema 'CognitiveServicesAccountApiProperties' with an undefined type and declared properties is a bit ambiguous. This has been auto-corrected to 'type:object'
    - file:///home/runner/work/bicep-types-az/bicep-types-az/workflow-temp/azure-rest-api-specs/specification/cognitiveservices/resource-manager/Microsoft.CognitiveServices/stable/2017-04-18/cognitiveservices.json:1097:5
warning | PreCheck/SchemaMissingType | The schema 'CognitiveServicesAccountKeys' with an undefined type and declared properties is a bit ambiguous. This has been auto-corrected to 'type:object'
    - file:///home/runner/work/bicep-types-az/bicep-types-az/workflow-temp/azure-rest-api-specs/specification/cognitiveservices/resource-manager/Microsoft.CognitiveServices/stable/2017-04-18/cognitiveservices.json:1150:5
warning | PreCheck/SchemaMissingType | The schema 'CognitiveServicesAccountSkuChangeInfo' with an undefined type and declared properties is a bit ambiguous. This has been auto-corrected to 'type:object'
    - file:///home/runner/work/bicep-types-az/bicep-types-az/workflow-temp/azure-rest-api-specs/specification/cognitiveservices/resource-manager/Microsoft.CognitiveServices/stable/2017-04-18/cognitiveservices.json:1163:5
warning | PreCheck/SchemaMissingType | The schema 'RegenerateKeyParameters' with an undefined type and declared properties is a bit ambiguous. This has been auto-corrected to 'type:object'
    - file:///home/runner/work/bicep-types-az/bicep-types-az/workflow-temp/azure-rest-api-specs/specification/cognitiveservices/resource-manager/Microsoft.CognitiveServices/stable/2017-04-18/cognitiveservices.json:1183:5
warning | PreCheck/SchemaMissingType | The schema 'CognitiveServicesAccountEnumerateSkusResult' with an undefined type and declared properties is a bit ambiguous. This has been auto-corrected to 'type:object'
    - file:///home/runner/work/bicep-types-az/bicep-types-az/workflow-temp/azure-rest-api-specs/specification/cognitiveservices/resource-manager/Microsoft.CognitiveServices/stable/2017-04-18/cognitiveservices.json:1203:5
warning | PreCheck/SchemaMissingType | The schema 'CognitiveServicesResourceAndSku' with an undefined type and declared properties is a bit ambiguous. This has been auto-corrected to 'type:object'
    - file:///home/runner/work/bicep-types-az/bicep-types-az/workflow-temp/azure-rest-api-specs/specification/cognitiveservices/resource-manager/Microsoft.CognitiveServices/stable/2017-04-18/cognitiveservices.json:1216:5
warning | PreCheck/SchemaMissingType | The schema 'UsagesResult' with an undefined type and declared properties is a bit ambiguous. This has been auto-corrected to 'type:object'
    - file:///home/runner/work/bicep-types-az/bicep-types-az/workflow-temp/azure-rest-api-specs/specification/cognitiveservices/resource-manager/Microsoft.CognitiveServices/stable/2017-04-18/cognitiveservices.json:1229:5
warning | PreCheck/SchemaMissingType | The schema 'Usage' with an undefined type and declared properties is a bit ambiguous. This has been auto-corrected to 'type:object'
    - file:///home/runner/work/bicep-types-az/bicep-types-az/workflow-temp/azure-rest-api-specs/specification/cognitiveservices/resource-manager/Microsoft.CognitiveServices/stable/2017-04-18/cognitiveservices.json:1242:5
warning | PreCheck/SchemaMissingType | The schema 'MetricName' with an undefined type and declared properties is a bit ambiguous. This has been auto-corrected to 'type:object'
    - file:///home/runner/work/bicep-types-az/bicep-types-az/workflow-temp/azure-rest-api-specs/specification/cognitiveservices/resource-manager/Microsoft.CognitiveServices/stable/2017-04-18/cognitiveservices.json:1292:5
warning | PreCheck/SchemaMissingType | The schema 'Error' with an undefined type and declared properties is a bit ambiguous. This has been auto-corrected to 'type:object'
    - file:///home/runner/work/bicep-types-az/bicep-types-az/workflow-temp/azure-rest-api-specs/specification/cognitiveservices/resource-manager/Microsoft.CognitiveServices/stable/2017-04-18/cognitiveservices.json:1325:5
warning | PreCheck/SchemaMissingType | The schema 'ErrorBody' with an undefined type and declared properties is a bit ambiguous. This has been auto-corrected to 'type:object'
    - file:///home/runner/work/bicep-types-az/bicep-types-az/workflow-temp/azure-rest-api-specs/specification/cognitiveservices/resource-manager/Microsoft.CognitiveServices/stable/2017-04-18/cognitiveservices.json:1334:5
warning | PreCheck/SchemaMissingType | The schema 'CheckSkuAvailabilityParameter' with an undefined type and declared properties is a bit ambiguous. This has been auto-corrected to 'type:object'
    - file:///home/runner/work/bicep-types-az/bicep-types-az/workflow-temp/azure-rest-api-specs/specification/cognitiveservices/resource-manager/Microsoft.CognitiveServices/stable/2017-04-18/cognitiveservices.json:1412:5
warning | PreCheck/SchemaMissingType | The schema 'CheckSkuAvailabilityResultList' with an undefined type and declared properties is a bit ambiguous. This has been auto-corrected to 'type:object'
    - file:///home/runner/work/bicep-types-az/bicep-types-az/workflow-temp/azure-rest-api-specs/specification/cognitiveservices/resource-manager/Microsoft.CognitiveServices/stable/2017-04-18/cognitiveservices.json:1437:5
warning | PreCheck/SchemaMissingType | The schema 'CheckSkuAvailabilityResult' with an undefined type and declared properties is a bit ambiguous. This has been auto-corrected to 'type:object'
    - file:///home/runner/work/bicep-types-az/bicep-types-az/workflow-temp/azure-rest-api-specs/specification/cognitiveservices/resource-manager/Microsoft.CognitiveServices/stable/2017-04-18/cognitiveservices.json:1449:5
warning | PreCheck/SchemaMissingType | The schema 'SkuCapability' with an undefined type and declared properties is a bit ambiguous. This has been auto-corrected to 'type:object'
    - file:///home/runner/work/bicep-types-az/bicep-types-az/workflow-temp/azure-rest-api-specs/specification/cognitiveservices/resource-manager/Microsoft.CognitiveServices/stable/2017-04-18/cognitiveservices.json:1478:5
warning | PreCheck/SchemaMissingType | The schema 'CheckDomainAvailabilityParameter' with an undefined type and declared properties is a bit ambiguous. This has been auto-corrected to 'type:object'
    - file:///home/runner/work/bicep-types-az/bicep-types-az/workflow-temp/azure-rest-api-specs/specification/cognitiveservices/resource-manager/Microsoft.CognitiveServices/stable/2017-04-18/cognitiveservices.json:1491:5
warning | PreCheck/SchemaMissingType | The schema 'CheckDomainAvailabilityResult' with an undefined type and declared properties is a bit ambiguous. This has been auto-corrected to 'type:object'
    - file:///home/runner/work/bicep-types-az/bicep-types-az/workflow-temp/azure-rest-api-specs/specification/cognitiveservices/resource-manager/Microsoft.CognitiveServices/stable/2017-04-18/cognitiveservices.json:1508:5
warning | PreCheck/SchemaMissingType | The schema 'ResourceSkuRestrictions' with an undefined type and declared properties is a bit ambiguous. This has been auto-corrected to 'type:object'
    - file:///home/runner/work/bicep-types-az/bicep-types-az/workflow-temp/azure-rest-api-specs/specification/cognitiveservices/resource-manager/Microsoft.CognitiveServices/stable/2017-04-18/cognitiveservices.json:1529:5
warning | PreCheck/SchemaMissingType | The schema 'ResourceSku' with an undefined type and declared properties is a bit ambiguous. This has been auto-corrected to 'type:object'
    - file:///home/runner/work/bicep-types-az/bicep-types-az/workflow-temp/azure-rest-api-specs/specification/cognitiveservices/resource-manager/Microsoft.CognitiveServices/stable/2017-04-18/cognitiveservices.json:1573:5
warning | PreCheck/SchemaMissingType | The schema 'ResourceSkuRestrictionInfo' with an undefined type and declared properties is a bit ambiguous. This has been auto-corrected to 'type:object'
    - file:///home/runner/work/bicep-types-az/bicep-types-az/workflow-temp/azure-rest-api-specs/specification/cognitiveservices/resource-manager/Microsoft.CognitiveServices/stable/2017-04-18/cognitiveservices.json:1614:5
warning | PreCheck/SchemaMissingType | The schema 'ResourceSkusResult' with an undefined type and declared properties is a bit ambiguous. This has been auto-corrected to 'type:object'
    - file:///home/runner/work/bicep-types-az/bicep-types-az/workflow-temp/azure-rest-api-specs/specification/cognitiveservices/resource-manager/Microsoft.CognitiveServices/stable/2017-04-18/cognitiveservices.json:1634:5
warning | PreCheck/SchemaMissingType | The schema 'NetworkRuleSet' with an undefined type and declared properties is a bit ambiguous. This has been auto-corrected to 'type:object'
    - file:///home/runner/work/bicep-types-az/bicep-types-az/workflow-temp/azure-rest-api-specs/specification/cognitiveservices/resource-manager/Microsoft.CognitiveServices/stable/2017-04-18/cognitiveservices.json:1653:5
warning | PreCheck/SchemaMissingType | The schema 'IpRule' with an undefined type and declared properties is a bit ambiguous. This has been auto-corrected to 'type:object'
    - file:///home/runner/work/bicep-types-az/bicep-types-az/workflow-temp/azure-rest-api-specs/specification/cognitiveservices/resource-manager/Microsoft.CognitiveServices/stable/2017-04-18/cognitiveservices.json:1684:5
warning | PreCheck/SchemaMissingType | The schema 'VirtualNetworkRule' with an undefined type and declared properties is a bit ambiguous. This has been auto-corrected to 'type:object'
    - file:///home/runner/work/bicep-types-az/bicep-types-az/workflow-temp/azure-rest-api-specs/specification/cognitiveservices/resource-manager/Microsoft.CognitiveServices/stable/2017-04-18/cognitiveservices.json:1696:5
warning | PreCheck/SchemaMissingType | The schema 'Encryption' with an undefined type and declared properties is a bit ambiguous. This has been auto-corrected to 'type:object'
    - file:///home/runner/work/bicep-types-az/bicep-types-az/workflow-temp/azure-rest-api-specs/specification/cognitiveservices/resource-manager/Microsoft.CognitiveServices/stable/2017-04-18/cognitiveservices.json:1767:5
warning | PreCheck/SchemaMissingType | The schema 'KeyVaultProperties' with an undefined type and declared properties is a bit ambiguous. This has been auto-corrected to 'type:object'
    - file:///home/runner/work/bicep-types-az/bicep-types-az/workflow-temp/azure-rest-api-specs/specification/cognitiveservices/resource-manager/Microsoft.CognitiveServices/stable/2017-04-18/cognitiveservices.json:1789:5
warning | PreCheck/SchemaMissingType | The schema 'UserOwnedStorage' with an undefined type and declared properties is a bit ambiguous. This has been auto-corrected to 'type:object'
    - file:///home/runner/work/bicep-types-az/bicep-types-az/workflow-temp/azure-rest-api-specs/specification/cognitiveservices/resource-manager/Microsoft.CognitiveServices/stable/2017-04-18/cognitiveservices.json:1806:5
warning | PreCheck/SchemaMissingType | The schema 'PrivateEndpointConnectionListResult' with an undefined type and declared properties is a bit ambiguous. This has been auto-corrected to 'type:object'
    - file:///home/runner/work/bicep-types-az/bicep-types-az/workflow-temp/azure-rest-api-specs/specification/cognitiveservices/resource-manager/Microsoft.CognitiveServices/stable/2017-04-18/cognitiveservices.json:1815:5
warning | PreCheck/SchemaMissingType | The schema 'PrivateEndpointConnection' with an undefined type and declared properties is a bit ambiguous. This has been auto-corrected to 'type:object'
    - file:///home/runner/work/bicep-types-az/bicep-types-az/workflow-temp/azure-rest-api-specs/specification/cognitiveservices/resource-manager/Microsoft.CognitiveServices/stable/2017-04-18/cognitiveservices.json:1827:5
warning | PreCheck/SchemaMissingType | The schema 'PrivateEndpointConnectionProperties' with an undefined type and declared properties is a bit ambiguous. This has been auto-corrected to 'type:object'
    - file:///home/runner/work/bicep-types-az/bicep-types-az/workflow-temp/azure-rest-api-specs/specification/cognitiveservices/resource-manager/Microsoft.CognitiveServices/stable/2017-04-18/cognitiveservices.json:1850:5
warning | PreCheck/SchemaMissingType | The schema 'PrivateEndpoint' with an undefined type and declared properties is a bit ambiguous. This has been auto-corrected to 'type:object'
    - file:///home/runner/work/bicep-types-az/bicep-types-az/workflow-temp/azure-rest-api-specs/specification/cognitiveservices/resource-manager/Microsoft.CognitiveServices/stable/2017-04-18/cognitiveservices.json:1873:5
warning | PreCheck/SchemaMissingType | The schema 'PrivateLinkServiceConnectionState' with an undefined type and declared properties is a bit ambiguous. This has been auto-corrected to 'type:object'
    - file:///home/runner/work/bicep-types-az/bicep-types-az/workflow-temp/azure-rest-api-specs/specification/cognitiveservices/resource-manager/Microsoft.CognitiveServices/stable/2017-04-18/cognitiveservices.json:1883:5
warning | PreCheck/SchemaMissingType | The schema 'PrivateLinkResourceListResult' with an undefined type and declared properties is a bit ambiguous. This has been auto-corrected to 'type:object'
    - file:///home/runner/work/bicep-types-az/bicep-types-az/workflow-temp/azure-rest-api-specs/specification/cognitiveservices/resource-manager/Microsoft.CognitiveServices/stable/2017-04-18/cognitiveservices.json:1914:5
warning | PreCheck/SchemaMissingType | The schema 'PrivateLinkResource' with an undefined type and declared properties is a bit ambiguous. This has been auto-corrected to 'type:object'
    - file:///home/runner/work/bicep-types-az/bicep-types-az/workflow-temp/azure-rest-api-specs/specification/cognitiveservices/resource-manager/Microsoft.CognitiveServices/stable/2017-04-18/cognitiveservices.json:1926:5
warning | PreCheck/SchemaMissingType | The schema 'PrivateLinkResourceProperties' with an undefined type and declared properties is a bit ambiguous. This has been auto-corrected to 'type:object'
    - file:///home/runner/work/bicep-types-az/bicep-types-az/workflow-temp/azure-rest-api-specs/specification/cognitiveservices/resource-manager/Microsoft.CognitiveServices/stable/2017-04-18/cognitiveservices.json:1940:5
warning | PreCheck/CheckDuplicateSchemas | Checking for duplicate schemas, this could take a (long) while.  Run with --verbose for more detail.
warning | DeprecatedConfig | Using directive.0.suppress which is deprecated and will be removed in the future.
warning | SkippedSemanticValidation | Semantic validation was skipped.
warning | PreCheck/SchemaMissingType | The schema 'CognitiveServicesAccountCreateParameters' with an undefined type and declared properties is a bit ambiguous. This has been auto-corrected to 'type:object'
    - file:///home/runner/work/bicep-types-az/bicep-types-az/workflow-temp/azure-rest-api-specs/specification/cognitiveservices/resource-manager/Microsoft.CognitiveServices/preview/2016-02-01-preview/cognitiveservices.json:481:5
warning | PreCheck/SchemaMissingType | The schema 'CognitiveServicesAccountUpdateParameters' with an undefined type and declared properties is a bit ambiguous. This has been auto-corrected to 'type:object'
    - file:///home/runner/work/bicep-types-az/bicep-types-az/workflow-temp/azure-rest-api-specs/specification/cognitiveservices/resource-manager/Microsoft.CognitiveServices/preview/2016-02-01-preview/cognitiveservices.json:538:5
warning | PreCheck/SchemaMissingType | The schema 'Sku' with an undefined type and declared properties is a bit ambiguous. This has been auto-corrected to 'type:object'
    - file:///home/runner/work/bicep-types-az/bicep-types-az/workflow-temp/azure-rest-api-specs/specification/cognitiveservices/resource-manager/Microsoft.CognitiveServices/preview/2016-02-01-preview/cognitiveservices.json:553:5
warning | PreCheck/SchemaMissingType | The schema 'CognitiveServicesAccountListResult' with an undefined type and declared properties is a bit ambiguous. This has been auto-corrected to 'type:object'
    - file:///home/runner/work/bicep-types-az/bicep-types-az/workflow-temp/azure-rest-api-specs/specification/cognitiveservices/resource-manager/Microsoft.CognitiveServices/preview/2016-02-01-preview/cognitiveservices.json:644:5
warning | PreCheck/SchemaMissingType | The schema 'CognitiveServicesAccountProperties' with an undefined type and declared properties is a bit ambiguous. This has been auto-corrected to 'type:object'
    - file:///home/runner/work/bicep-types-az/bicep-types-az/workflow-temp/azure-rest-api-specs/specification/cognitiveservices/resource-manager/Microsoft.CognitiveServices/preview/2016-02-01-preview/cognitiveservices.json:657:5
warning | PreCheck/SchemaMissingType | The schema 'CognitiveServicesAccountKeys' with an undefined type and declared properties is a bit ambiguous. This has been auto-corrected to 'type:object'
    - file:///home/runner/work/bicep-types-az/bicep-types-az/workflow-temp/azure-rest-api-specs/specification/cognitiveservices/resource-manager/Microsoft.CognitiveServices/preview/2016-02-01-preview/cognitiveservices.json:680:5
warning | PreCheck/SchemaMissingType | The schema 'RegenerateKeyParameters' with an undefined type and declared properties is a bit ambiguous. This has been auto-corrected to 'type:object'
    - file:///home/runner/work/bicep-types-az/bicep-types-az/workflow-temp/azure-rest-api-specs/specification/cognitiveservices/resource-manager/Microsoft.CognitiveServices/preview/2016-02-01-preview/cognitiveservices.json:693:5
warning | PreCheck/SchemaMissingType | The schema 'CognitiveServicesAccountEnumerateSkusResult' with an undefined type and declared properties is a bit ambiguous. This has been auto-corrected to 'type:object'
    - file:///home/runner/work/bicep-types-az/bicep-types-az/workflow-temp/azure-rest-api-specs/specification/cognitiveservices/resource-manager/Microsoft.CognitiveServices/preview/2016-02-01-preview/cognitiveservices.json:710:5
warning | PreCheck/SchemaMissingType | The schema 'CognitiveServicesResourceAndSku' with an undefined type and declared properties is a bit ambiguous. This has been auto-corrected to 'type:object'
    - file:///home/runner/work/bicep-types-az/bicep-types-az/workflow-temp/azure-rest-api-specs/specification/cognitiveservices/resource-manager/Microsoft.CognitiveServices/preview/2016-02-01-preview/cognitiveservices.json:723:5
warning | PreCheck/SchemaMissingType | The schema 'Error' with an undefined type and declared properties is a bit ambiguous. This has been auto-corrected to 'type:object'
    - file:///home/runner/work/bicep-types-az/bicep-types-az/workflow-temp/azure-rest-api-specs/specification/cognitiveservices/resource-manager/Microsoft.CognitiveServices/preview/2016-02-01-preview/cognitiveservices.json:734:5
warning | PreCheck/SchemaMissingType | The schema 'ErrorBody' with an undefined type and declared properties is a bit ambiguous. This has been auto-corrected to 'type:object'
    - file:///home/runner/work/bicep-types-az/bicep-types-az/workflow-temp/azure-rest-api-specs/specification/cognitiveservices/resource-manager/Microsoft.CognitiveServices/preview/2016-02-01-preview/cognitiveservices.json:741:5
warning | PreCheck/CheckDuplicateSchemas | Checking for duplicate schemas, this could take a (long) while.  Run with --verbose for more detail.
warning | Modeler/MissingType | The schema 'CognitiveServicesAccountPropertiesCreateParameters' has no type or format information whatsoever. Location:
   file:///home/runner/work/bicep-types-az/bicep-types-az/workflow-temp/azure-rest-api-specs/specification/cognitiveservices/resource-manager/Microsoft.CognitiveServices/preview/2016-02-01-preview/cognitiveservices.json#/components/schemas/CognitiveServicesAccountPropertiesCreateParameters
