
WARNING: AutoRest has not been tested with Node versions greater than v14.

AutoRest code generation utility [cli version: 3.4.2; node: v16.13.0]
(C) 2018 Microsoft Corporation.
https://aka.ms/autorest
info    |    Loading AutoRest core      '/home/runner/work/bicep-types-az/bicep-types-az/src/generator/node_modules/@autorest/core/dist' (3.6.6)
info    |    Loading local AutoRest extension '@autorest/bicep' (/home/runner/work/bicep-types-az/bicep-types-az/src/autorest.bicep)
info    |    Loading AutoRest extension '@autorest/modelerfour' (*->4.22.3)
info    | Processing batch task - {"tag":"microsoft.guestconfiguration-2021-01-25"} .
info    |    Loading local AutoRest extension '@autorest/bicep' (/home/runner/work/bicep-types-az/bicep-types-az/src/autorest.bicep)
info    |    Loading AutoRest extension '@autorest/modelerfour' (*->4.22.3)
warning | SkippedSemanticValidation | Semantic validation was skipped.
warning | PreCheck/SchemaMissingType | The schema 'GuestConfigurationAssignmentList' with an undefined type and declared properties is a bit ambiguous. This has been auto-corrected to 'type:object'
    - openapi-document.json:56:4
warning | PreCheck/SchemaMissingType | The schema 'GuestConfigurationAssignment' with an undefined type and declared properties is a bit ambiguous. This has been auto-corrected to 'type:object'
    - openapi-document.json:98:4
warning | PreCheck/SchemaMissingType | The schema 'GuestConfigurationNavigation' with an undefined type and declared properties is a bit ambiguous. This has been auto-corrected to 'type:object'
    - openapi-document.json:132:4
warning | PreCheck/SchemaMissingType | The schema 'ConfigurationParameter' with an undefined type and declared properties is a bit ambiguous. This has been auto-corrected to 'type:object'
    - openapi-document.json:326:4
warning | PreCheck/SchemaMissingType | The schema 'ConfigurationSetting' with an undefined type and declared properties is a bit ambiguous. This has been auto-corrected to 'type:object'
    - openapi-document.json:390:4
warning | PreCheck/SchemaMissingType | The schema 'AssignmentReport' with an undefined type and declared properties is a bit ambiguous. This has been auto-corrected to 'type:object'
    - openapi-document.json:483:4
warning | PreCheck/SchemaMissingType | The schema 'GuestConfigurationAssignmentProperties' with an undefined type and declared properties is a bit ambiguous. This has been auto-corrected to 'type:object'
    - openapi-document.json:644:4
warning | PreCheck/SchemaMissingType | The schema 'GuestConfigurationAssignmentReportList' with an undefined type and declared properties is a bit ambiguous. This has been auto-corrected to 'type:object'
    - openapi-document.json:878:4
warning | PreCheck/SchemaMissingType | The schema 'GuestConfigurationAssignmentReport' with an undefined type and declared properties is a bit ambiguous. This has been auto-corrected to 'type:object'
    - openapi-document.json:920:4
warning | PreCheck/SchemaMissingType | The schema 'GuestConfigurationAssignmentReportProperties' with an undefined type and declared properties is a bit ambiguous. This has been auto-corrected to 'type:object'
    - openapi-document.json:988:4
warning | PreCheck/SchemaMissingType | The schema 'AssignmentInfo' with an undefined type and declared properties is a bit ambiguous. This has been auto-corrected to 'type:object'
    - openapi-document.json:1123:4
warning | PreCheck/SchemaMissingType | The schema 'VMInfo' with an undefined type and declared properties is a bit ambiguous. This has been auto-corrected to 'type:object'
    - openapi-document.json:1168:4
warning | PreCheck/SchemaMissingType | The schema 'ConfigurationInfo' with an undefined type and declared properties is a bit ambiguous. This has been auto-corrected to 'type:object'
    - openapi-document.json:1232:4
warning | PreCheck/SchemaMissingType | The schema 'AssignmentReportDetails' with an undefined type and declared properties is a bit ambiguous. This has been auto-corrected to 'type:object'
    - openapi-document.json:1296:4
warning | PreCheck/SchemaMissingType | The schema 'AssignmentReportResource' with an undefined type and declared properties is a bit ambiguous. This has been auto-corrected to 'type:object'
    - openapi-document.json:1427:4
warning | PreCheck/SchemaMissingType | The schema 'AssignmentReportResourceComplianceReason' with an undefined type and declared properties is a bit ambiguous. This has been auto-corrected to 'type:object'
    - openapi-document.json:1527:4
warning | PreCheck/SchemaMissingType | The schema 'VMSSVMInfo' with an undefined type and declared properties is a bit ambiguous. This has been auto-corrected to 'type:object'
    - openapi-document.json:1591:4
warning | PreCheck/SchemaMissingType | The schema 'ErrorResponse' with an undefined type and declared properties is a bit ambiguous. This has been auto-corrected to 'type:object'
    - openapi-document.json:1985:4
warning | PreCheck/SchemaMissingType | The schema 'Operation-display' with an undefined type and declared properties is a bit ambiguous. This has been auto-corrected to 'type:object'
    - openapi-document.json:2253:4
warning | PreCheck/SchemaMissingType | The schema 'Operation-properties' with an undefined type and declared properties is a bit ambiguous. This has been auto-corrected to 'type:object'
    - openapi-document.json:2358:4
warning | PreCheck/SchemaMissingType | The schema 'OperationList' with an undefined type and declared properties is a bit ambiguous. This has been auto-corrected to 'type:object'
    - openapi-document.json:2401:4
warning | PreCheck/CheckDuplicateSchemas | Checking for duplicate schemas, this could take a (long) while.  Run with --verbose for more detail.
warning | UnkownSecurityScheme | Security scheme azure_auth is unknown and will not be processed. Only supported types are AADToken,AzureKey,Anonymous
warning | Unrecognized property type: any-object. Returning 'any'.
info    | autorest.bicep took 12ms
info    | Processing batch task - {"tag":"microsoft.guestconfiguration-2020-06-25"} .
info    |    Loading local AutoRest extension '@autorest/bicep' (/home/runner/work/bicep-types-az/bicep-types-az/src/autorest.bicep)
info    |    Loading AutoRest extension '@autorest/modelerfour' (*->4.22.3)
warning | SkippedSemanticValidation | Semantic validation was skipped.
warning | PreCheck/SchemaMissingType | The schema 'GuestConfigurationAssignmentList' with an undefined type and declared properties is a bit ambiguous. This has been auto-corrected to 'type:object'
    - openapi-document.json:56:4
warning | PreCheck/SchemaMissingType | The schema 'GuestConfigurationAssignment' with an undefined type and declared properties is a bit ambiguous. This has been auto-corrected to 'type:object'
    - openapi-document.json:98:4
warning | PreCheck/SchemaMissingType | The schema 'GuestConfigurationNavigation' with an undefined type and declared properties is a bit ambiguous. This has been auto-corrected to 'type:object'
    - openapi-document.json:126:4
warning | PreCheck/SchemaMissingType | The schema 'ConfigurationParameter' with an undefined type and declared properties is a bit ambiguous. This has been auto-corrected to 'type:object'
    - openapi-document.json:320:4
warning | PreCheck/SchemaMissingType | The schema 'ConfigurationSetting' with an undefined type and declared properties is a bit ambiguous. This has been auto-corrected to 'type:object'
    - openapi-document.json:384:4
warning | PreCheck/SchemaMissingType | The schema 'AssignmentReport' with an undefined type and declared properties is a bit ambiguous. This has been auto-corrected to 'type:object'
    - openapi-document.json:477:4
warning | PreCheck/SchemaMissingType | The schema 'GuestConfigurationAssignmentProperties' with an undefined type and declared properties is a bit ambiguous. This has been auto-corrected to 'type:object'
    - openapi-document.json:638:4
warning | PreCheck/SchemaMissingType | The schema 'GuestConfigurationAssignmentReportList' with an undefined type and declared properties is a bit ambiguous. This has been auto-corrected to 'type:object'
    - openapi-document.json:873:4
warning | PreCheck/SchemaMissingType | The schema 'GuestConfigurationAssignmentReport' with an undefined type and declared properties is a bit ambiguous. This has been auto-corrected to 'type:object'
    - openapi-document.json:915:4
warning | PreCheck/SchemaMissingType | The schema 'GuestConfigurationAssignmentReportProperties' with an undefined type and declared properties is a bit ambiguous. This has been auto-corrected to 'type:object'
    - openapi-document.json:983:4
warning | PreCheck/SchemaMissingType | The schema 'AssignmentInfo' with an undefined type and declared properties is a bit ambiguous. This has been auto-corrected to 'type:object'
    - openapi-document.json:1118:4
warning | PreCheck/SchemaMissingType | The schema 'VMInfo' with an undefined type and declared properties is a bit ambiguous. This has been auto-corrected to 'type:object'
    - openapi-document.json:1163:4
warning | PreCheck/SchemaMissingType | The schema 'ConfigurationInfo' with an undefined type and declared properties is a bit ambiguous. This has been auto-corrected to 'type:object'
    - openapi-document.json:1227:4
warning | PreCheck/SchemaMissingType | The schema 'AssignmentReportDetails' with an undefined type and declared properties is a bit ambiguous. This has been auto-corrected to 'type:object'
    - openapi-document.json:1291:4
warning | PreCheck/SchemaMissingType | The schema 'AssignmentReportResource' with an undefined type and declared properties is a bit ambiguous. This has been auto-corrected to 'type:object'
    - openapi-document.json:1422:4
warning | PreCheck/SchemaMissingType | The schema 'AssignmentReportResourceComplianceReason' with an undefined type and declared properties is a bit ambiguous. This has been auto-corrected to 'type:object'
    - openapi-document.json:1522:4
warning | PreCheck/SchemaMissingType | The schema 'VMSSVMInfo' with an undefined type and declared properties is a bit ambiguous. This has been auto-corrected to 'type:object'
    - openapi-document.json:1586:4
warning | PreCheck/SchemaMissingType | The schema 'ErrorResponse' with an undefined type and declared properties is a bit ambiguous. This has been auto-corrected to 'type:object'
    - openapi-document.json:1900:4
warning | PreCheck/SchemaMissingType | The schema 'Operation-display' with an undefined type and declared properties is a bit ambiguous. This has been auto-corrected to 'type:object'
    - openapi-document.json:2168:4
warning | PreCheck/SchemaMissingType | The schema 'Operation-properties' with an undefined type and declared properties is a bit ambiguous. This has been auto-corrected to 'type:object'
    - openapi-document.json:2273:4
warning | PreCheck/SchemaMissingType | The schema 'OperationList' with an undefined type and declared properties is a bit ambiguous. This has been auto-corrected to 'type:object'
    - openapi-document.json:2316:4
warning | PreCheck/CheckDuplicateSchemas | Checking for duplicate schemas, this could take a (long) while.  Run with --verbose for more detail.
warning | UnkownSecurityScheme | Security scheme azure_auth is unknown and will not be processed. Only supported types are AADToken,AzureKey,Anonymous
warning | Unrecognized property type: any-object. Returning 'any'.
info    | autorest.bicep took 3ms
info    | Processing batch task - {"tag":"microsoft.guestconfiguration-2018-11-20"} .
info    |    Loading local AutoRest extension '@autorest/bicep' (/home/runner/work/bicep-types-az/bicep-types-az/src/autorest.bicep)
info    |    Loading AutoRest extension '@autorest/modelerfour' (*->4.22.3)
warning | SkippedSemanticValidation | Semantic validation was skipped.
warning | PreCheck/SchemaMissingType | The schema 'GuestConfigurationAssignmentList' with an undefined type and declared properties is a bit ambiguous. This has been auto-corrected to 'type:object'
    - openapi-document.json:56:4
warning | PreCheck/SchemaMissingType | The schema 'GuestConfigurationAssignment' with an undefined type and declared properties is a bit ambiguous. This has been auto-corrected to 'type:object'
    - openapi-document.json:98:4
warning | PreCheck/SchemaMissingType | The schema 'GuestConfigurationNavigation' with an undefined type and declared properties is a bit ambiguous. This has been auto-corrected to 'type:object'
    - openapi-document.json:126:4
warning | PreCheck/SchemaMissingType | The schema 'ConfigurationParameter' with an undefined type and declared properties is a bit ambiguous. This has been auto-corrected to 'type:object'
    - openapi-document.json:320:4
warning | PreCheck/SchemaMissingType | The schema 'ConfigurationSetting' with an undefined type and declared properties is a bit ambiguous. This has been auto-corrected to 'type:object'
    - openapi-document.json:384:4
warning | PreCheck/SchemaMissingType | The schema 'GuestConfigurationAssignmentProperties' with an undefined type and declared properties is a bit ambiguous. This has been auto-corrected to 'type:object'
    - openapi-document.json:477:4
warning | PreCheck/SchemaMissingType | The schema 'GuestConfigurationAssignmentReportList' with an undefined type and declared properties is a bit ambiguous. This has been auto-corrected to 'type:object'
    - openapi-document.json:660:4
warning | PreCheck/SchemaMissingType | The schema 'GuestConfigurationAssignmentReport' with an undefined type and declared properties is a bit ambiguous. This has been auto-corrected to 'type:object'
    - openapi-document.json:702:4
warning | PreCheck/SchemaMissingType | The schema 'GuestConfigurationAssignmentReportProperties' with an undefined type and declared properties is a bit ambiguous. This has been auto-corrected to 'type:object'
    - openapi-document.json:770:4
warning | PreCheck/SchemaMissingType | The schema 'AssignmentInfo' with an undefined type and declared properties is a bit ambiguous. This has been auto-corrected to 'type:object'
    - openapi-document.json:905:4
warning | PreCheck/SchemaMissingType | The schema 'VMInfo' with an undefined type and declared properties is a bit ambiguous. This has been auto-corrected to 'type:object'
    - openapi-document.json:950:4
warning | PreCheck/SchemaMissingType | The schema 'ConfigurationInfo' with an undefined type and declared properties is a bit ambiguous. This has been auto-corrected to 'type:object'
    - openapi-document.json:1014:4
warning | PreCheck/SchemaMissingType | The schema 'AssignmentReportDetails' with an undefined type and declared properties is a bit ambiguous. This has been auto-corrected to 'type:object'
    - openapi-document.json:1078:4
warning | PreCheck/SchemaMissingType | The schema 'AssignmentReportResource' with an undefined type and declared properties is a bit ambiguous. This has been auto-corrected to 'type:object'
    - openapi-document.json:1209:4
warning | PreCheck/SchemaMissingType | The schema 'AssignmentReportResourceComplianceReason' with an undefined type and declared properties is a bit ambiguous. This has been auto-corrected to 'type:object'
    - openapi-document.json:1286:4
warning | PreCheck/SchemaMissingType | The schema 'VMSSVMInfo' with an undefined type and declared properties is a bit ambiguous. This has been auto-corrected to 'type:object'
    - openapi-document.json:1350:4
warning | PreCheck/SchemaMissingType | The schema 'ErrorResponse' with an undefined type and declared properties is a bit ambiguous. This has been auto-corrected to 'type:object'
    - openapi-document.json:1664:4
warning | PreCheck/SchemaMissingType | The schema 'Operation-display' with an undefined type and declared properties is a bit ambiguous. This has been auto-corrected to 'type:object'
    - openapi-document.json:1932:4
warning | PreCheck/SchemaMissingType | The schema 'Operation-properties' with an undefined type and declared properties is a bit ambiguous. This has been auto-corrected to 'type:object'
    - openapi-document.json:2037:4
warning | PreCheck/SchemaMissingType | The schema 'OperationList' with an undefined type and declared properties is a bit ambiguous. This has been auto-corrected to 'type:object'
    - openapi-document.json:2080:4
warning | PreCheck/CheckDuplicateSchemas | Checking for duplicate schemas, this could take a (long) while.  Run with --verbose for more detail.
warning | UnkownSecurityScheme | Security scheme azure_auth is unknown and will not be processed. Only supported types are AADToken,AzureKey,Anonymous
info    | autorest.bicep took 1ms
info    | Processing batch task - {"tag":"microsoft.guestconfiguration-2018-06-30-preview"} .
info    |    Loading local AutoRest extension '@autorest/bicep' (/home/runner/work/bicep-types-az/bicep-types-az/src/autorest.bicep)
info    |    Loading AutoRest extension '@autorest/modelerfour' (*->4.22.3)
warning | SkippedSemanticValidation | Semantic validation was skipped.
warning | PreCheck/SchemaMissingType | The schema 'GuestConfigurationAssignmentList' with an undefined type and declared properties is a bit ambiguous. This has been auto-corrected to 'type:object'
    - openapi-document.json:56:4
warning | PreCheck/SchemaMissingType | The schema 'GuestConfigurationAssignment' with an undefined type and declared properties is a bit ambiguous. This has been auto-corrected to 'type:object'
    - openapi-document.json:98:4
warning | PreCheck/SchemaMissingType | The schema 'GuestConfigurationNavigation' with an undefined type and declared properties is a bit ambiguous. This has been auto-corrected to 'type:object'
    - openapi-document.json:126:4
warning | PreCheck/SchemaMissingType | The schema 'ConfigurationParameter' with an undefined type and declared properties is a bit ambiguous. This has been auto-corrected to 'type:object'
    - openapi-document.json:268:4
warning | PreCheck/SchemaMissingType | The schema 'ConfigurationSetting' with an undefined type and declared properties is a bit ambiguous. This has been auto-corrected to 'type:object'
    - openapi-document.json:332:4
warning | PreCheck/SchemaMissingType | The schema 'GuestConfigurationAssignmentProperties' with an undefined type and declared properties is a bit ambiguous. This has been auto-corrected to 'type:object'
    - openapi-document.json:425:4
warning | PreCheck/SchemaMissingType | The schema 'GuestConfigurationAssignmentReportList' with an undefined type and declared properties is a bit ambiguous. This has been auto-corrected to 'type:object'
    - openapi-document.json:559:4
warning | PreCheck/SchemaMissingType | The schema 'GuestConfigurationAssignmentReport' with an undefined type and declared properties is a bit ambiguous. This has been auto-corrected to 'type:object'
    - openapi-document.json:601:4
warning | PreCheck/SchemaMissingType | The schema 'GuestConfigurationAssignmentReportProperties' with an undefined type and declared properties is a bit ambiguous. This has been auto-corrected to 'type:object'
    - openapi-document.json:669:4
warning | PreCheck/SchemaMissingType | The schema 'AssignmentInfo' with an undefined type and declared properties is a bit ambiguous. This has been auto-corrected to 'type:object'
    - openapi-document.json:779:4
warning | PreCheck/SchemaMissingType | The schema 'VMInfo' with an undefined type and declared properties is a bit ambiguous. This has been auto-corrected to 'type:object'
    - openapi-document.json:824:4
warning | PreCheck/SchemaMissingType | The schema 'ConfigurationInfo' with an undefined type and declared properties is a bit ambiguous. This has been auto-corrected to 'type:object'
    - openapi-document.json:888:4
warning | PreCheck/SchemaMissingType | The schema 'AssignmentReportDetails' with an undefined type and declared properties is a bit ambiguous. This has been auto-corrected to 'type:object'
    - openapi-document.json:929:4
warning | PreCheck/SchemaMissingType | The schema 'AssignmentReportResource' with an undefined type and declared properties is a bit ambiguous. This has been auto-corrected to 'type:object'
    - openapi-document.json:1060:4
warning | PreCheck/SchemaMissingType | The schema 'AssignmentReportResourceComplianceReason' with an undefined type and declared properties is a bit ambiguous. This has been auto-corrected to 'type:object'
    - openapi-document.json:1137:4
warning | PreCheck/SchemaMissingType | The schema 'ErrorResponse' with an undefined type and declared properties is a bit ambiguous. This has been auto-corrected to 'type:object'
    - openapi-document.json:1297:4
warning | PreCheck/SchemaMissingType | The schema 'Operation-display' with an undefined type and declared properties is a bit ambiguous. This has been auto-corrected to 'type:object'
    - openapi-document.json:1565:4
warning | PreCheck/SchemaMissingType | The schema 'Operation-properties' with an undefined type and declared properties is a bit ambiguous. This has been auto-corrected to 'type:object'
    - openapi-document.json:1670:4
warning | PreCheck/SchemaMissingType | The schema 'OperationList' with an undefined type and declared properties is a bit ambiguous. This has been auto-corrected to 'type:object'
    - openapi-document.json:1713:4
warning | PreCheck/CheckDuplicateSchemas | Checking for duplicate schemas, this could take a (long) while.  Run with --verbose for more detail.
warning | UnkownSecurityScheme | Security scheme azure_auth is unknown and will not be processed. Only supported types are AADToken,AzureKey,Anonymous
info    | autorest.bicep took 1ms
info    | Processing batch task - {"tag":"microsoft.guestconfiguration-2018-01-20-preview"} .
info    |    Loading local AutoRest extension '@autorest/bicep' (/home/runner/work/bicep-types-az/bicep-types-az/src/autorest.bicep)
info    |    Loading AutoRest extension '@autorest/modelerfour' (*->4.22.3)
warning | SkippedSemanticValidation | Semantic validation was skipped.
warning | PreCheck/SchemaMissingType | The schema 'GuestConfigurationAssignmentList' with an undefined type and declared properties is a bit ambiguous. This has been auto-corrected to 'type:object'
    - openapi-document.json:56:4
warning | PreCheck/SchemaMissingType | The schema 'GuestConfigurationAssignment' with an undefined type and declared properties is a bit ambiguous. This has been auto-corrected to 'type:object'
    - openapi-document.json:98:4
warning | PreCheck/SchemaMissingType | The schema 'GuestConfigurationNavigation' with an undefined type and declared properties is a bit ambiguous. This has been auto-corrected to 'type:object'
    - openapi-document.json:126:4
warning | PreCheck/SchemaMissingType | The schema 'ConfigurationParameterList' with an undefined type and declared properties is a bit ambiguous. This has been auto-corrected to 'type:object'
    - openapi-document.json:198:4
warning | PreCheck/SchemaMissingType | The schema 'ConfigurationParameter' with an undefined type and declared properties is a bit ambiguous. This has been auto-corrected to 'type:object'
    - openapi-document.json:240:4
warning | PreCheck/SchemaMissingType | The schema 'GuestConfigurationAssignmentProperties' with an undefined type and declared properties is a bit ambiguous. This has been auto-corrected to 'type:object'
    - openapi-document.json:304:4
warning | PreCheck/SchemaMissingType | The schema 'GuestConfigurationAssignmentReportList' with an undefined type and declared properties is a bit ambiguous. This has been auto-corrected to 'type:object'
    - openapi-document.json:436:4
warning | PreCheck/SchemaMissingType | The schema 'GuestConfigurationAssignmentReport' with an undefined type and declared properties is a bit ambiguous. This has been auto-corrected to 'type:object'
    - openapi-document.json:478:4
warning | PreCheck/SchemaMissingType | The schema 'ErrorResponse' with an undefined type and declared properties is a bit ambiguous. This has been auto-corrected to 'type:object'
    - openapi-document.json:767:4
warning | PreCheck/SchemaMissingType | The schema 'Operation-display' with an undefined type and declared properties is a bit ambiguous. This has been auto-corrected to 'type:object'
    - openapi-document.json:1035:4
warning | PreCheck/SchemaMissingType | The schema 'Operation-properties' with an undefined type and declared properties is a bit ambiguous. This has been auto-corrected to 'type:object'
    - openapi-document.json:1140:4
warning | PreCheck/SchemaMissingType | The schema 'OperationList' with an undefined type and declared properties is a bit ambiguous. This has been auto-corrected to 'type:object'
    - openapi-document.json:1183:4
warning | PreCheck/CheckDuplicateSchemas | Checking for duplicate schemas, this could take a (long) while.  Run with --verbose for more detail.
warning | UnkownSecurityScheme | Security scheme azure_auth is unknown and will not be processed. Only supported types are AADToken,AzureKey,Anonymous
info    | autorest.bicep took 1ms
info    | Generation Complete
