Generating types for 'specification/resources/resource-manager/Microsoft.Resources/links/readme.md'
AutoRest code generation utility [cli version: 3.8.0; node: v22.22.0]
(C) 2018 Microsoft Corporation.
https://aka.ms/autorest
⚠️ AutoRest is deprecated and will be retired on July 1, 2026. Please migrate to TypeSpec: https://typespec.io — details: https://github.com/Azure/autorest/issues/5175
warning | SkippedSemanticValidation | Semantic validation was skipped.
warning | PreCheck/SchemaMissingType | The schema 'ResourceLinkFilter' with an undefined type and declared properties is a bit ambiguous. This has been auto-corrected to 'type:object'
    - file:///home/runner/work/bicep-types-az/bicep-types-az/workflow-temp/azure-rest-api-specs/specification/resources/resource-manager/Microsoft.Resources/links/stable/2016-09-01/links.json:249:5
warning | PreCheck/SchemaMissingType | The schema 'ResourceLinkResult' with an undefined type and declared properties is a bit ambiguous. This has been auto-corrected to 'type:object'
    - file:///home/runner/work/bicep-types-az/bicep-types-az/workflow-temp/azure-rest-api-specs/specification/resources/resource-manager/Microsoft.Resources/links/stable/2016-09-01/links.json:261:5
warning | PreCheck/SchemaMissingType | The schema 'ResourceLink' with an undefined type and declared properties is a bit ambiguous. This has been auto-corrected to 'type:object'
    - file:///home/runner/work/bicep-types-az/bicep-types-az/workflow-temp/azure-rest-api-specs/specification/resources/resource-manager/Microsoft.Resources/links/stable/2016-09-01/links.json:281:5
warning | PreCheck/SchemaMissingType | The schema 'ResourceLinkProperties' with an undefined type and declared properties is a bit ambiguous. This has been auto-corrected to 'type:object'
    - file:///home/runner/work/bicep-types-az/bicep-types-az/workflow-temp/azure-rest-api-specs/specification/resources/resource-manager/Microsoft.Resources/links/stable/2016-09-01/links.json:306:5
warning | PreCheck/SchemaMissingType | The schema 'Operation-display' with an undefined type and declared properties is a bit ambiguous. This has been auto-corrected to 'type:object'
    - file:///home/runner/work/bicep-types-az/bicep-types-az/workflow-temp/azure-rest-api-specs/specification/resources/resource-manager/Microsoft.Resources/links/stable/2016-09-01/links.json:335:9
warning | PreCheck/SchemaMissingType | The schema 'OperationListResult' with an undefined type and declared properties is a bit ambiguous. This has been auto-corrected to 'type:object'
    - file:///home/runner/work/bicep-types-az/bicep-types-az/workflow-temp/azure-rest-api-specs/specification/resources/resource-manager/Microsoft.Resources/links/stable/2016-09-01/links.json:358:5
warning | PreCheck/CheckDuplicateSchemas | Checking for duplicate schemas, this could take a (long) while.  Run with --verbose for more detail.
warning | Skipping path '/{linkId}': Unable to locate "/providers/" segment
