Generating types for 'specification/mysql/resource-manager/Microsoft.DBforMySQL/FlexibleServers/readme.md'
WARNING: Unable to parse swagger path "preview/2020-07-01-privatepreview/mysql.json"
AutoRest code generation utility [cli version: 3.7.2; node: v22.22.0]
(C) 2018 Microsoft Corporation.
https://aka.ms/autorest
warning | DeprecatedConfig | Using directive.0.suppress which is deprecated and will be removed in the future.
warning | DeprecatedConfig | Using directive.1.suppress which is deprecated and will be removed in the future.
warning | DeprecatedConfig | Using directive.0.suppress which is deprecated and will be removed in the future.
warning | DeprecatedConfig | Using directive.1.suppress which is deprecated and will be removed in the future.
warning | SkippedSemanticValidation | Semantic validation was skipped.
warning | PreCheck/CheckDuplicateSchemas | Checking for duplicate schemas, this could take a (long) while.  Run with --verbose for more detail.
warning | PreCheck/PropertyRedeclarationWarning | Schema 'BackupAndExportResponse' has a property 'name' that is already declared the parent schema 'Resource' but isn't significantly different. The property has been removed from BackupAndExportResponse
warning | Modeler/MissingType | The schema 'components·15yg3x7·schemas·operation·properties·properties·additionalproperties' has no type or format information whatsoever. Location:
   file:///home/runner/work/bicep-types-az/bicep-types-az/workflow-temp/azure-rest-api-specs/specification/mysql/resource-manager/Microsoft.DBforMySQL/FlexibleServers/preview/2025-06-01-preview/openapi.json#/components/schemas/components·15yg3x7·schemas·operation·properties·properties·additionalproperties
warning | Modeler/MissingType | The schema 'components·1fbjnm6·schemas·operationstatusextendedresult·properties·properties·additionalproperties' has no type or format information whatsoever. Location:
   file:///home/runner/work/bicep-types-az/bicep-types-az/workflow-temp/azure-rest-api-specs/specification/mysql/resource-manager/Microsoft.DBforMySQL/FlexibleServers/preview/2025-06-01-preview/openapi.json#/components/schemas/components·1fbjnm6·schemas·operationstatusextendedresult·properties·properties·additionalproperties
warning | DeprecatedConfig | Using directive.0.suppress which is deprecated and will be removed in the future.
warning | DeprecatedConfig | Using directive.1.suppress which is deprecated and will be removed in the future.
warning | SkippedSemanticValidation | Semantic validation was skipped.
warning | PreCheck/CheckDuplicateSchemas | Checking for duplicate schemas, this could take a (long) while.  Run with --verbose for more detail.
warning | PreCheck/PropertyRedeclarationWarning | Schema 'BackupAndExportResponse' has a property 'name' that is already declared the parent schema 'Resource' but isn't significantly different. The property has been removed from BackupAndExportResponse
warning | Modeler/MissingType | The schema 'components·15yg3x7·schemas·operation·properties·properties·additionalproperties' has no type or format information whatsoever. Location:
   file:///home/runner/work/bicep-types-az/bicep-types-az/workflow-temp/azure-rest-api-specs/specification/mysql/resource-manager/Microsoft.DBforMySQL/FlexibleServers/stable/2024-12-30/openapi.json#/components/schemas/components·15yg3x7·schemas·operation·properties·properties·additionalproperties
warning | Modeler/MissingType | The schema 'components·1fbjnm6·schemas·operationstatusextendedresult·properties·properties·additionalproperties' has no type or format information whatsoever. Location:
   file:///home/runner/work/bicep-types-az/bicep-types-az/workflow-temp/azure-rest-api-specs/specification/mysql/resource-manager/Microsoft.DBforMySQL/FlexibleServers/stable/2024-12-30/openapi.json#/components/schemas/components·1fbjnm6·schemas·operationstatusextendedresult·properties·properties·additionalproperties
warning | DeprecatedConfig | Using directive.0.suppress which is deprecated and will be removed in the future.
warning | DeprecatedConfig | Using directive.1.suppress which is deprecated and will be removed in the future.
warning | SkippedSemanticValidation | Semantic validation was skipped.
warning | PreCheck/CheckDuplicateSchemas | Checking for duplicate schemas, this could take a (long) while.  Run with --verbose for more detail.
warning | PreCheck/PropertyRedeclarationWarning | Schema 'BackupAndExportResponse' has a property 'name' that is already declared the parent schema 'Resource' but isn't significantly different. The property has been removed from BackupAndExportResponse
warning | Modeler/MissingType | The schema 'components·15yg3x7·schemas·operation·properties·properties·additionalproperties' has no type or format information whatsoever. Location:
   file:///home/runner/work/bicep-types-az/bicep-types-az/workflow-temp/azure-rest-api-specs/specification/mysql/resource-manager/Microsoft.DBforMySQL/FlexibleServers/preview/2024-12-01-preview/openapi.json#/components/schemas/components·15yg3x7·schemas·operation·properties·properties·additionalproperties
warning | Modeler/MissingType | The schema 'components·1fbjnm6·schemas·operationstatusextendedresult·properties·properties·additionalproperties' has no type or format information whatsoever. Location:
   file:///home/runner/work/bicep-types-az/bicep-types-az/workflow-temp/azure-rest-api-specs/specification/mysql/resource-manager/Microsoft.DBforMySQL/FlexibleServers/preview/2024-12-01-preview/openapi.json#/components/schemas/components·1fbjnm6·schemas·operationstatusextendedresult·properties·properties·additionalproperties
warning | DeprecatedConfig | Using directive.0.suppress which is deprecated and will be removed in the future.
warning | DeprecatedConfig | Using directive.1.suppress which is deprecated and will be removed in the future.
warning | SkippedSemanticValidation | Semantic validation was skipped.
warning | PreCheck/CheckDuplicateSchemas | Checking for duplicate schemas, this could take a (long) while.  Run with --verbose for more detail.
warning | Unrecognized property type: any-object. Returning 'any'.
warning | DeprecatedConfig | Using directive.0.suppress which is deprecated and will be removed in the future.
warning | DeprecatedConfig | Using directive.1.suppress which is deprecated and will be removed in the future.
warning | SkippedSemanticValidation | Semantic validation was skipped.
warning | PreCheck/CheckDuplicateSchemas | Checking for duplicate schemas, this could take a (long) while.  Run with --verbose for more detail.
warning | PreCheck/DuplicateSchema | Duplicate Schema named 'Resource' (3 differences):
  - properties.id.$ref: "#/components/schemas/schemas:365" => "#/components/schemas/schemas:504"
  - properties.id.description: "Fully qualified resource ID for the resource. Ex - /subscriptions/{subscriptionId}/resourceGroups/{resourceGroupName}/providers/{resourceProviderNamespace}/{resourceType}/{resourceName}" => "Fully qualified resource ID for the resource. E.g. \"/subscriptions/{subscriptionId}/resourceGroups/{resourceGroupName}/providers/{resourceProviderNamespace}/{resourceType}/{resourceName}\""
  - properties.systemData: <none> => {"$ref":"#/components/schemas/schemas:341","type":"object","description":"Azure Resource Manager metadata containing createdBy and modifiedBy information.","readOnly":true}
warning | PreCheck/DuplicateSchema | Duplicate Schema named 'ErrorResponse' (7 differences):
  - title: "Error Response" => "Error response"
  - properties.code: {"$ref":"#/components/schemas/schemas:405","description":"The error code.","readOnly":true} => <none>
  - properties.message: {"$ref":"#/components/schemas/schemas:406","description":"The error message.","readOnly":true} => <none>
  - properties.target: {"$ref":"#/components/schemas/schemas:407","description":"The error target.","readOnly":true} => <none>
  - properties.details: {"x-ms-identifiers":["message","target"],"$ref":"#/components/schemas/schemas:408","description":"The error details.","readOnly":true} => <none>
  - properties.additionalInfo: {"x-ms-identifiers":[],"$ref":"#/components/schemas/schemas:409","description":"The error additional info.","readOnly":true} => <none>
  - properties.error: <none> => {"$ref":"#/components/schemas/schemas:462","description":"The error object."}
warning | PreNamer/DeduplicateName | Deduplicating schema name: 'Resource' -> 'ResourceAutoGenerated'
warning | PreNamer/DeduplicateName | Deduplicating schema name: 'ErrorResponse' -> 'ErrorResponseAutoGenerated'
warning | Unrecognized property type: any-object. Returning 'any'.
warning | DeprecatedConfig | Using directive.0.suppress which is deprecated and will be removed in the future.
warning | DeprecatedConfig | Using directive.1.suppress which is deprecated and will be removed in the future.
warning | SkippedSemanticValidation | Semantic validation was skipped.
warning | PreCheck/CheckDuplicateSchemas | Checking for duplicate schemas, this could take a (long) while.  Run with --verbose for more detail.
warning | Unrecognized property type: any-object. Returning 'any'.
warning | DeprecatedConfig | Using directive.0.suppress which is deprecated and will be removed in the future.
warning | DeprecatedConfig | Using directive.1.suppress which is deprecated and will be removed in the future.
warning | SkippedSemanticValidation | Semantic validation was skipped.
warning | PreCheck/CheckDuplicateSchemas | Checking for duplicate schemas, this could take a (long) while.  Run with --verbose for more detail.
warning | PreCheck/DuplicateSchema | Duplicate Schema named 'ErrorDetail' (1 differences):
  - properties.details.$ref: "#/components/schemas/schemas:286" => "#/components/schemas/schemas:413"
warning | PreCheck/DuplicateSchema | Duplicate Schema named 'ErrorResponse' (1 differences):
  - properties.error.$ref: "#/components/schemas/schemas:282" => "#/components/schemas/schemas:409"
warning | PreCheck/DuplicateSchema | Duplicate Schema named 'Resource' (1 differences):
  - properties.systemData.type: <none> => "object"
warning | PreCheck/DuplicateSchema | Duplicate Schema named 'PrivateEndpointConnection' (1 differences):
  - allOf.0.$ref: "#/components/schemas/schemas:324" => "#/components/schemas/schemas:450"
warning | PreNamer/DeduplicateName | Deduplicating schema name: 'Resource' -> 'ResourceAutoGenerated'
warning | PreNamer/DeduplicateName | Deduplicating schema name: 'ErrorResponse' -> 'ErrorResponseAutoGenerated'
warning | PreNamer/DeduplicateName | Deduplicating schema name: 'ErrorDetail' -> 'ErrorDetailAutoGenerated'
warning | PreNamer/DeduplicateName | Deduplicating schema name: 'PrivateEndpointConnection' -> 'PrivateEndpointConnectionAutoGenerated'
warning | Unrecognized property type: any-object. Returning 'any'.
warning | DeprecatedConfig | Using directive.0.suppress which is deprecated and will be removed in the future.
warning | DeprecatedConfig | Using directive.1.suppress which is deprecated and will be removed in the future.
warning | SkippedSemanticValidation | Semantic validation was skipped.
warning | PreCheck/CheckDuplicateSchemas | Checking for duplicate schemas, this could take a (long) while.  Run with --verbose for more detail.
warning | Unrecognized property type: any-object. Returning 'any'.
warning | DeprecatedConfig | Using directive.0.suppress which is deprecated and will be removed in the future.
warning | DeprecatedConfig | Using directive.1.suppress which is deprecated and will be removed in the future.
warning | SkippedSemanticValidation | Semantic validation was skipped.
warning | PreCheck/CheckDuplicateSchemas | Checking for duplicate schemas, this could take a (long) while.  Run with --verbose for more detail.
warning | Unrecognized property type: any-object. Returning 'any'.
warning | DeprecatedConfig | Using directive.0.suppress which is deprecated and will be removed in the future.
warning | DeprecatedConfig | Using directive.1.suppress which is deprecated and will be removed in the future.
warning | SkippedSemanticValidation | Semantic validation was skipped.
warning | PreCheck/CheckDuplicateSchemas | Checking for duplicate schemas, this could take a (long) while.  Run with --verbose for more detail.
warning | Unrecognized property type: any-object. Returning 'any'.
warning | DeprecatedConfig | Using directive.0.suppress which is deprecated and will be removed in the future.
warning | DeprecatedConfig | Using directive.1.suppress which is deprecated and will be removed in the future.
warning | SkippedSemanticValidation | Semantic validation was skipped.
warning | PreCheck/CheckDuplicateSchemas | Checking for duplicate schemas, this could take a (long) while.  Run with --verbose for more detail.
warning | Unrecognized property type: any-object. Returning 'any'.
warning | DeprecatedConfig | Using directive.0.suppress which is deprecated and will be removed in the future.
warning | DeprecatedConfig | Using directive.1.suppress which is deprecated and will be removed in the future.
warning | SkippedSemanticValidation | Semantic validation was skipped.
warning | PreCheck/CheckDuplicateSchemas | Checking for duplicate schemas, this could take a (long) while.  Run with --verbose for more detail.
warning | Unrecognized property type: any-object. Returning 'any'.
warning | DeprecatedConfig | Using directive.0.suppress which is deprecated and will be removed in the future.
warning | DeprecatedConfig | Using directive.1.suppress which is deprecated and will be removed in the future.
warning | SkippedSemanticValidation | Semantic validation was skipped.
warning | PreCheck/CheckDuplicateSchemas | Checking for duplicate schemas, this could take a (long) while.  Run with --verbose for more detail.
warning | Unrecognized property type: any-object. Returning 'any'.
warning | DeprecatedConfig | Using directive.0.suppress which is deprecated and will be removed in the future.
warning | DeprecatedConfig | Using directive.1.suppress which is deprecated and will be removed in the future.
warning | SkippedSemanticValidation | Semantic validation was skipped.
warning | PreCheck/CheckDuplicateSchemas | Checking for duplicate schemas, this could take a (long) while.  Run with --verbose for more detail.
warning | Unrecognized property type: any-object. Returning 'any'.
warning | DeprecatedConfig | Using directive.0.suppress which is deprecated and will be removed in the future.
warning | DeprecatedConfig | Using directive.1.suppress which is deprecated and will be removed in the future.
warning | SkippedSemanticValidation | Semantic validation was skipped.
warning | PreCheck/SchemaMissingType | The schema 'DelegatedSubnetArguments' with an undefined type and declared properties is a bit ambiguous. This has been auto-corrected to 'type:object'
    - file:///home/runner/work/bicep-types-az/bicep-types-az/workflow-temp/azure-rest-api-specs/specification/mysql/resource-manager/Microsoft.DBforMySQL/FlexibleServers/preview/2020-07-01-preview/mysql.json:1532:5
warning | PreCheck/SchemaMissingType | The schema 'StorageProfile' with an undefined type and declared properties is a bit ambiguous. This has been auto-corrected to 'type:object'
    - file:///home/runner/work/bicep-types-az/bicep-types-az/workflow-temp/azure-rest-api-specs/specification/mysql/resource-manager/Microsoft.DBforMySQL/FlexibleServers/preview/2020-07-01-preview/mysql.json:1576:5
warning | PreCheck/SchemaMissingType | The schema 'Sku' with an undefined type and declared properties is a bit ambiguous. This has been auto-corrected to 'type:object'
    - file:///home/runner/work/bicep-types-az/bicep-types-az/workflow-temp/azure-rest-api-specs/specification/mysql/resource-manager/Microsoft.DBforMySQL/FlexibleServers/preview/2020-07-01-preview/mysql.json:1613:5
warning | PreCheck/SchemaMissingType | The schema 'ServerProperties' with an undefined type and declared properties is a bit ambiguous. This has been auto-corrected to 'type:object'
    - file:///home/runner/work/bicep-types-az/bicep-types-az/workflow-temp/azure-rest-api-specs/specification/mysql/resource-manager/Microsoft.DBforMySQL/FlexibleServers/preview/2020-07-01-preview/mysql.json:1639:5
warning | PreCheck/SchemaMissingType | The schema 'Server' with an undefined type and declared properties is a bit ambiguous. This has been auto-corrected to 'type:object'
    - file:///home/runner/work/bicep-types-az/bicep-types-az/workflow-temp/azure-rest-api-specs/specification/mysql/resource-manager/Microsoft.DBforMySQL/FlexibleServers/preview/2020-07-01-preview/mysql.json:1812:5
warning | PreCheck/SchemaMissingType | The schema 'ServerPropertiesForUpdate' with an undefined type and declared properties is a bit ambiguous. This has been auto-corrected to 'type:object'
    - file:///home/runner/work/bicep-types-az/bicep-types-az/workflow-temp/azure-rest-api-specs/specification/mysql/resource-manager/Microsoft.DBforMySQL/FlexibleServers/preview/2020-07-01-preview/mysql.json:1835:5
warning | PreCheck/SchemaMissingType | The schema 'ServerForUpdate' with an undefined type and declared properties is a bit ambiguous. This has been auto-corrected to 'type:object'
    - file:///home/runner/work/bicep-types-az/bicep-types-az/workflow-temp/azure-rest-api-specs/specification/mysql/resource-manager/Microsoft.DBforMySQL/FlexibleServers/preview/2020-07-01-preview/mysql.json:1870:5
warning | PreCheck/SchemaMissingType | The schema 'FirewallRuleProperties' with an undefined type and declared properties is a bit ambiguous. This has been auto-corrected to 'type:object'
    - file:///home/runner/work/bicep-types-az/bicep-types-az/workflow-temp/azure-rest-api-specs/specification/mysql/resource-manager/Microsoft.DBforMySQL/FlexibleServers/preview/2020-07-01-preview/mysql.json:1978:5
warning | PreCheck/SchemaMissingType | The schema 'FirewallRule' with an undefined type and declared properties is a bit ambiguous. This has been auto-corrected to 'type:object'
    - file:///home/runner/work/bicep-types-az/bicep-types-az/workflow-temp/azure-rest-api-specs/specification/mysql/resource-manager/Microsoft.DBforMySQL/FlexibleServers/preview/2020-07-01-preview/mysql.json:1997:5
warning | PreCheck/SchemaMissingType | The schema 'DatabaseProperties' with an undefined type and declared properties is a bit ambiguous. This has been auto-corrected to 'type:object'
    - file:///home/runner/work/bicep-types-az/bicep-types-az/workflow-temp/azure-rest-api-specs/specification/mysql/resource-manager/Microsoft.DBforMySQL/FlexibleServers/preview/2020-07-01-preview/mysql.json:2032:5
warning | PreCheck/SchemaMissingType | The schema 'Database' with an undefined type and declared properties is a bit ambiguous. This has been auto-corrected to 'type:object'
    - file:///home/runner/work/bicep-types-az/bicep-types-az/workflow-temp/azure-rest-api-specs/specification/mysql/resource-manager/Microsoft.DBforMySQL/FlexibleServers/preview/2020-07-01-preview/mysql.json:2045:5
warning | PreCheck/SchemaMissingType | The schema 'ConfigurationProperties' with an undefined type and declared properties is a bit ambiguous. This has been auto-corrected to 'type:object'
    - file:///home/runner/work/bicep-types-az/bicep-types-az/workflow-temp/azure-rest-api-specs/specification/mysql/resource-manager/Microsoft.DBforMySQL/FlexibleServers/preview/2020-07-01-preview/mysql.json:2077:5
warning | PreCheck/SchemaMissingType | The schema 'Configuration' with an undefined type and declared properties is a bit ambiguous. This has been auto-corrected to 'type:object'
    - file:///home/runner/work/bicep-types-az/bicep-types-az/workflow-temp/azure-rest-api-specs/specification/mysql/resource-manager/Microsoft.DBforMySQL/FlexibleServers/preview/2020-07-01-preview/mysql.json:2149:5
warning | PreCheck/SchemaMissingType | The schema 'ConfigurationListResult' with an undefined type and declared properties is a bit ambiguous. This has been auto-corrected to 'type:object'
    - file:///home/runner/work/bicep-types-az/bicep-types-az/workflow-temp/azure-rest-api-specs/specification/mysql/resource-manager/Microsoft.DBforMySQL/FlexibleServers/preview/2020-07-01-preview/mysql.json:2164:5
warning | PreCheck/SchemaMissingType | The schema 'StorageEditionCapability' with an undefined type and declared properties is a bit ambiguous. This has been auto-corrected to 'type:object'
    - file:///home/runner/work/bicep-types-az/bicep-types-az/workflow-temp/azure-rest-api-specs/specification/mysql/resource-manager/Microsoft.DBforMySQL/FlexibleServers/preview/2020-07-01-preview/mysql.json:2296:5
warning | PreCheck/SchemaMissingType | The schema 'ServerEditionCapability' with an undefined type and declared properties is a bit ambiguous. This has been auto-corrected to 'type:object'
    - file:///home/runner/work/bicep-types-az/bicep-types-az/workflow-temp/azure-rest-api-specs/specification/mysql/resource-manager/Microsoft.DBforMySQL/FlexibleServers/preview/2020-07-01-preview/mysql.json:2333:5
warning | PreCheck/SchemaMissingType | The schema 'CapabilityProperties' with an undefined type and declared properties is a bit ambiguous. This has been auto-corrected to 'type:object'
    - file:///home/runner/work/bicep-types-az/bicep-types-az/workflow-temp/azure-rest-api-specs/specification/mysql/resource-manager/Microsoft.DBforMySQL/FlexibleServers/preview/2020-07-01-preview/mysql.json:2364:5
warning | PreCheck/SchemaMissingType | The schema 'OperationDisplay' with an undefined type and declared properties is a bit ambiguous. This has been auto-corrected to 'type:object'
    - file:///home/runner/work/bicep-types-az/bicep-types-az/workflow-temp/azure-rest-api-specs/specification/mysql/resource-manager/Microsoft.DBforMySQL/FlexibleServers/preview/2020-07-01-preview/mysql.json:2406:5
warning | PreCheck/SchemaMissingType | The schema 'Operation' with an undefined type and declared properties is a bit ambiguous. This has been auto-corrected to 'type:object'
    - file:///home/runner/work/bicep-types-az/bicep-types-az/workflow-temp/azure-rest-api-specs/specification/mysql/resource-manager/Microsoft.DBforMySQL/FlexibleServers/preview/2020-07-01-preview/mysql.json:2431:5
warning | PreCheck/SchemaMissingType | The schema 'NameAvailabilityRequest' with an undefined type and declared properties is a bit ambiguous. This has been auto-corrected to 'type:object'
    - file:///home/runner/work/bicep-types-az/bicep-types-az/workflow-temp/azure-rest-api-specs/specification/mysql/resource-manager/Microsoft.DBforMySQL/FlexibleServers/preview/2020-07-01-preview/mysql.json:2491:5
warning | PreCheck/SchemaMissingType | The schema 'NameAvailability' with an undefined type and declared properties is a bit ambiguous. This has been auto-corrected to 'type:object'
    - file:///home/runner/work/bicep-types-az/bicep-types-az/workflow-temp/azure-rest-api-specs/specification/mysql/resource-manager/Microsoft.DBforMySQL/FlexibleServers/preview/2020-07-01-preview/mysql.json:2507:5
warning | PreCheck/SchemaMissingType | The schema 'CloudError' with an undefined type and declared properties is a bit ambiguous. This has been auto-corrected to 'type:object'
    - file:///home/runner/work/bicep-types-az/bicep-types-az/workflow-temp/azure-rest-api-specs/specification/mysql/resource-manager/Microsoft.DBforMySQL/FlexibleServers/preview/2020-07-01-preview/mysql.json:2524:5
warning | PreCheck/CheckDuplicateSchemas | Checking for duplicate schemas, this could take a (long) while.  Run with --verbose for more detail.
warning | DeprecatedConfig | Using directive.0.suppress which is deprecated and will be removed in the future.
warning | DeprecatedConfig | Using directive.1.suppress which is deprecated and will be removed in the future.
warning | SkippedSemanticValidation | Semantic validation was skipped.
warning | PreCheck/SchemaMissingType | The schema 'CloudError' with an undefined type and declared properties is a bit ambiguous. This has been auto-corrected to 'type:object'
    - file:///home/runner/work/bicep-types-az/bicep-types-az/workflow-temp/azure-rest-api-specs/specification/mysql/resource-manager/Microsoft.DBforMySQL/FlexibleServers/preview/2021-05-01-preview/mysql.json:2538:5
warning | PreCheck/CheckDuplicateSchemas | Checking for duplicate schemas, this could take a (long) while.  Run with --verbose for more detail.
warning | DeprecatedConfig | Using directive.0.suppress which is deprecated and will be removed in the future.
warning | DeprecatedConfig | Using directive.1.suppress which is deprecated and will be removed in the future.
warning | SkippedSemanticValidation | Semantic validation was skipped.
warning | PreCheck/SchemaMissingType | The schema 'CloudError' with an undefined type and declared properties is a bit ambiguous. This has been auto-corrected to 'type:object'
    - file:///home/runner/work/bicep-types-az/bicep-types-az/workflow-temp/azure-rest-api-specs/specification/mysql/resource-manager/Microsoft.DBforMySQL/FlexibleServers/stable/2021-05-01/mysql.json:2717:5
warning | PreCheck/CheckDuplicateSchemas | Checking for duplicate schemas, this could take a (long) while.  Run with --verbose for more detail.
warning | Unrecognized property type: any-object. Returning 'any'.
