Generating types for 'specification/serialconsole/resource-manager/Microsoft.SerialConsole/SerialConsole/readme.md'
AutoRest code generation utility [cli version: 3.8.0; node: v22.22.1]
(C) 2018 Microsoft Corporation.
https://aka.ms/autorest
⚠️ AutoRest is deprecated and will be retired on July 1, 2026. Please migrate to TypeSpec: https://typespec.io — details: https://github.com/Azure/autorest/issues/5175
warning | SkippedSemanticValidation | Semantic validation was skipped.
warning | PreCheck/CheckDuplicateSchemas | Checking for duplicate schemas, this could take a (long) while.  Run with --verbose for more detail.
warning | SecurityDefinedSpecAndConfig | OpenAPI spec has a security definition but autorest security config is defined. Security config from autorest will be used.
warning | SkippedSemanticValidation | Semantic validation was skipped.
warning | PreCheck/CheckDuplicateSchemas | Checking for duplicate schemas, this could take a (long) while.  Run with --verbose for more detail.
warning | SecurityDefinedSpecAndConfig | OpenAPI spec has a security definition but autorest security config is defined. Security config from autorest will be used.
warning | SkippedSemanticValidation | Semantic validation was skipped.
warning | PreCheck/SchemaMissingType | The schema 'Resource' with an undefined type and declared properties is a bit ambiguous. This has been auto-corrected to 'type:object'
    - file:///home/runner/work/bicep-types-az/bicep-types-az/workflow-temp/azure-rest-api-specs/specification/serialconsole/resource-manager/Microsoft.SerialConsole/SerialConsole/stable/2018-05-01/serialport.json:348:5
warning | PreCheck/SchemaMissingType | The schema 'ProxyResource' with an undefined type and 'allOf'/'anyOf'/'oneOf' is a bit ambiguous. This has been auto-corrected to 'type:object'
    - file:///home/runner/work/bicep-types-az/bicep-types-az/workflow-temp/azure-rest-api-specs/specification/serialconsole/resource-manager/Microsoft.SerialConsole/SerialConsole/stable/2018-05-01/serialport.json:369:5
warning | PreCheck/SchemaMissingType | The schema 'SerialPortProperties' with an undefined type and declared properties is a bit ambiguous. This has been auto-corrected to 'type:object'
    - file:///home/runner/work/bicep-types-az/bicep-types-az/workflow-temp/azure-rest-api-specs/specification/serialconsole/resource-manager/Microsoft.SerialConsole/SerialConsole/stable/2018-05-01/serialport.json:377:5
warning | PreCheck/SchemaMissingType | The schema 'SerialPortListResult' with an undefined type and declared properties is a bit ambiguous. This has been auto-corrected to 'type:object'
    - file:///home/runner/work/bicep-types-az/bicep-types-az/workflow-temp/azure-rest-api-specs/specification/serialconsole/resource-manager/Microsoft.SerialConsole/SerialConsole/stable/2018-05-01/serialport.json:411:5
warning | PreCheck/SchemaMissingType | The schema 'CloudError' with an undefined type and declared properties is a bit ambiguous. This has been auto-corrected to 'type:object'
    - file:///home/runner/work/bicep-types-az/bicep-types-az/workflow-temp/azure-rest-api-specs/specification/serialconsole/resource-manager/Microsoft.SerialConsole/SerialConsole/stable/2018-05-01/serialport.json:435:5
warning | PreCheck/SchemaMissingType | The schema 'CloudErrorBody' with an undefined type and declared properties is a bit ambiguous. This has been auto-corrected to 'type:object'
    - file:///home/runner/work/bicep-types-az/bicep-types-az/workflow-temp/azure-rest-api-specs/specification/serialconsole/resource-manager/Microsoft.SerialConsole/SerialConsole/stable/2018-05-01/serialport.json:445:5
warning | PreCheck/CheckDuplicateSchemas | Checking for duplicate schemas, this could take a (long) while.  Run with --verbose for more detail.
warning | SecurityDefinedSpecAndConfig | OpenAPI spec has a security definition but autorest security config is defined. Security config from autorest will be used.
