Generating types for 'specification/impact/resource-manager/readme.md'
AutoRest code generation utility [cli version: 3.8.0; node: v22.22.2]
(C) 2018 Microsoft Corporation.
https://aka.ms/autorest
⚠️ AutoRest is deprecated and will be retired on July 1, 2026. Please migrate to TypeSpec: https://typespec.io — details: https://github.com/Azure/autorest/issues/5175
warning | SkippedSemanticValidation | Semantic validation was skipped.
warning | PreCheck/CheckDuplicateSchemas | Checking for duplicate schemas, this could take a (long) while.  Run with --verbose for more detail.
warning | Modeler/MissingType | The schema 'components·1ba2tch·schemas·workloadimpactproperties·properties·additionalproperties·additionalproperties' has no type or format information whatsoever. Location:
   file:///home/runner/work/bicep-types-az/bicep-types-az/workflow-temp/azure-rest-api-specs/specification/impact/resource-manager/Microsoft.Impact/preview/2026-01-01-preview/impact.json#/components/schemas/components·1ba2tch·schemas·workloadimpactproperties·properties·additionalproperties·additionalproperties
warning | Unrecognized property type: any-object. Returning 'any'.
warning | SkippedSemanticValidation | Semantic validation was skipped.
warning | PreCheck/CheckDuplicateSchemas | Checking for duplicate schemas, this could take a (long) while.  Run with --verbose for more detail.
warning | Modeler/MissingType | The schema 'components·1ba2tch·schemas·workloadimpactproperties·properties·additionalproperties·additionalproperties' has no type or format information whatsoever. Location:
   file:///home/runner/work/bicep-types-az/bicep-types-az/workflow-temp/azure-rest-api-specs/specification/impact/resource-manager/Microsoft.Impact/preview/2025-01-01-preview/impact.json#/components/schemas/components·1ba2tch·schemas·workloadimpactproperties·properties·additionalproperties·additionalproperties
warning | Unrecognized property type: any-object. Returning 'any'.
warning | SkippedSemanticValidation | Semantic validation was skipped.
warning | PreCheck/CheckDuplicateSchemas | Checking for duplicate schemas, this could take a (long) while.  Run with --verbose for more detail.
warning | Modeler/MissingType | The schema 'components·1ba2tch·schemas·workloadimpactproperties·properties·additionalproperties·additionalproperties' has no type or format information whatsoever. Location:
   file:///home/runner/work/bicep-types-az/bicep-types-az/workflow-temp/azure-rest-api-specs/specification/impact/resource-manager/Microsoft.Impact/preview/2024-05-01-preview/impact.json#/components/schemas/components·1ba2tch·schemas·workloadimpactproperties·properties·additionalproperties·additionalproperties
warning | Skipping ImpactCategories_ListBySubscription due to required query parameter "resourceType"
warning | Unrecognized property type: any-object. Returning 'any'.
