AutoRest code generation utility [cli version: 3.4.2; node: v14.18.1]
(C) 2018 Microsoft Corporation.
https://aka.ms/autorest
info    |    Loading AutoRest core      '/home/runner/work/bicep-types-az/bicep-types-az/src/generator/node_modules/@autorest/core/dist' (3.6.6)
info    |    Loading local AutoRest extension '@autorest/bicep' (/home/runner/work/bicep-types-az/bicep-types-az/src/autorest.bicep)
info    |    Loading AutoRest extension '@autorest/modelerfour' (*->4.22.0)
info    | Processing batch task - {"tag":"microsoft.recoveryservices-2021-08-01"} .
info    |    Loading local AutoRest extension '@autorest/bicep' (/home/runner/work/bicep-types-az/bicep-types-az/src/autorest.bicep)
info    |    Loading AutoRest extension '@autorest/modelerfour' (*->4.22.0)
warning | SkippedSemanticValidation | Semantic validation was skipped.
warning | PreCheck/SchemaMissingType | The schema 'BackupResourceEncryptionConfigResource' with an undefined type and declared properties is a bit ambiguous. This has been auto-corrected to 'type:object'
    - openapi-document.json:161:4
warning | PreCheck/SchemaMissingType | The schema 'PrivateEndpointConnectionResource' with an undefined type and declared properties is a bit ambiguous. This has been auto-corrected to 'type:object'
    - openapi-document.json:262:4
warning | PreCheck/SchemaMissingType | The schema 'CloudError' with an undefined type and declared properties is a bit ambiguous. This has been auto-corrected to 'type:object'
    - openapi-document.json:358:4
warning | PreCheck/SchemaMissingType | The schema 'CloudErrorBody' with an undefined type and declared properties is a bit ambiguous. This has been auto-corrected to 'type:object'
    - openapi-document.json:382:4
warning | PreCheck/SchemaMissingType | The schema 'NewErrorResponse' with an undefined type and declared properties is a bit ambiguous. This has been auto-corrected to 'type:object'
    - openapi-document.json:522:4
warning | PreCheck/SchemaMissingType | The schema 'BackupResourceConfigResource' with an undefined type and declared properties is a bit ambiguous. This has been auto-corrected to 'type:object'
    - openapi-document.json:5667:4
warning | PreCheck/SchemaMissingType | The schema 'JobResource' with an undefined type and declared properties is a bit ambiguous. This has been auto-corrected to 'type:object'
    - openapi-document.json:8081:4
warning | PreCheck/SchemaMissingType | The schema 'OperationResultInfoBaseResource' with an undefined type and declared properties is a bit ambiguous. This has been auto-corrected to 'type:object'
    - openapi-document.json:9765:4
warning | PreCheck/SchemaMissingType | The schema 'ProtectedItemResource' with an undefined type and declared properties is a bit ambiguous. This has been auto-corrected to 'type:object'
    - openapi-document.json:10384:4
warning | PreCheck/SchemaMissingType | The schema 'ProtectionPolicyResource' with an undefined type and declared properties is a bit ambiguous. This has been auto-corrected to 'type:object'
    - openapi-document.json:10623:4
warning | PreCheck/SchemaMissingType | The schema 'RecoveryPointResource' with an undefined type and declared properties is a bit ambiguous. This has been auto-corrected to 'type:object'
    - openapi-document.json:10855:4
warning | PreCheck/SchemaMissingType | The schema 'RestoreRequestResource' with an undefined type and declared properties is a bit ambiguous. This has been auto-corrected to 'type:object'
    - openapi-document.json:11350:4
warning | PreCheck/SchemaMissingType | The schema 'BackupResourceVaultConfigResource' with an undefined type and declared properties is a bit ambiguous. This has been auto-corrected to 'type:object'
    - openapi-document.json:12393:4
warning | PreCheck/SchemaMissingType | The schema 'ProtectionIntentResource' with an undefined type and declared properties is a bit ambiguous. This has been auto-corrected to 'type:object'
    - openapi-document.json:15278:4
warning | PreCheck/SchemaMissingType | The schema 'BackupEngineBaseResource' with an undefined type and declared properties is a bit ambiguous. This has been auto-corrected to 'type:object'
    - openapi-document.json:15713:4
warning | PreCheck/SchemaMissingType | The schema 'BackupRequestResource' with an undefined type and declared properties is a bit ambiguous. This has been auto-corrected to 'type:object'
    - openapi-document.json:16028:4
warning | PreCheck/SchemaMissingType | The schema 'ILRRequestResource' with an undefined type and declared properties is a bit ambiguous. This has been auto-corrected to 'type:object'
    - openapi-document.json:17471:4
warning | PreCheck/SchemaMissingType | The schema 'ProtectableContainerResource' with an undefined type and declared properties is a bit ambiguous. This has been auto-corrected to 'type:object'
    - openapi-document.json:18658:4
warning | PreCheck/SchemaMissingType | The schema 'ProtectionContainerResource' with an undefined type and declared properties is a bit ambiguous. This has been auto-corrected to 'type:object'
    - openapi-document.json:18837:4
warning | PreCheck/SchemaMissingType | The schema 'WorkloadItemResource' with an undefined type and declared properties is a bit ambiguous. This has been auto-corrected to 'type:object'
    - openapi-document.json:19237:4
warning | PreCheck/SchemaMissingType | The schema 'WorkloadProtectableItemResource' with an undefined type and declared properties is a bit ambiguous. This has been auto-corrected to 'type:object'
    - openapi-document.json:19429:4
warning | PreCheck/CheckDuplicateSchemas | Checking for duplicate schemas, this could take a (long) while.  Run with --verbose for more detail.
warning | UnkownSecurityScheme | Security scheme azure_auth is unknown and will not be processed. Only supported types are AADToken,AzureKey,Anonymous
info    | Resource type microsoft.recoveryservices/vaults/backupresourceguardproxies under path '/subscriptions/{subscriptionId}/resourceGroups/{resourceGroupName}/providers/Microsoft.RecoveryServices/vaults/{vaultName}/backupResourceGuardProxies/{resourceGuardProxyName}' has no body defined.
info    | autorest.bicep took 16ms
info    | Processing batch task - {"tag":"microsoft.recoveryservices-2018-12-20"} .
info    |    Loading local AutoRest extension '@autorest/bicep' (/home/runner/work/bicep-types-az/bicep-types-az/src/autorest.bicep)
info    |    Loading AutoRest extension '@autorest/modelerfour' (*->4.22.0)
warning | SkippedSemanticValidation | Semantic validation was skipped.
warning | PreCheck/SchemaMissingType | The schema 'NewErrorResponse' with an undefined type and declared properties is a bit ambiguous. This has been auto-corrected to 'type:object'
    - openapi-document.json:253:4
warning | PreCheck/SchemaMissingType | The schema 'AADPropertiesResource' with an undefined type and declared properties is a bit ambiguous. This has been auto-corrected to 'type:object'
    - openapi-document.json:531:4
warning | PreCheck/SchemaMissingType | The schema 'CrrJobRequestResource' with an undefined type and declared properties is a bit ambiguous. This has been auto-corrected to 'type:object'
    - openapi-document.json:4593:4
warning | PreCheck/SchemaMissingType | The schema 'BackupResourceConfigResource' with an undefined type and declared properties is a bit ambiguous. This has been auto-corrected to 'type:object'
    - openapi-document.json:4620:4
warning | PreCheck/SchemaMissingType | The schema 'CrossRegionRestoreRequestResource' with an undefined type and declared properties is a bit ambiguous. This has been auto-corrected to 'type:object'
    - openapi-document.json:4797:4
warning | PreCheck/SchemaMissingType | The schema 'CrrAccessTokenResource' with an undefined type and declared properties is a bit ambiguous. This has been auto-corrected to 'type:object'
    - openapi-document.json:5382:4
warning | PreCheck/SchemaMissingType | The schema 'JobResource' with an undefined type and declared properties is a bit ambiguous. This has been auto-corrected to 'type:object'
    - openapi-document.json:7951:4
warning | PreCheck/SchemaMissingType | The schema 'ProtectedItemResource' with an undefined type and declared properties is a bit ambiguous. This has been auto-corrected to 'type:object'
    - openapi-document.json:9820:4
warning | PreCheck/SchemaMissingType | The schema 'RecoveryPointResource' with an undefined type and declared properties is a bit ambiguous. This has been auto-corrected to 'type:object'
    - openapi-document.json:10052:4
warning | PreCheck/CheckDuplicateSchemas | Checking for duplicate schemas, this could take a (long) while.  Run with --verbose for more detail.
warning | UnkownSecurityScheme | Security scheme azure_auth is unknown and will not be processed. Only supported types are AADToken,AzureKey,Anonymous
info    | autorest.bicep took 2ms
info    | Processing batch task - {"tag":"microsoft.recoveryservices-2021-07-01"} .
info    |    Loading local AutoRest extension '@autorest/bicep' (/home/runner/work/bicep-types-az/bicep-types-az/src/autorest.bicep)
info    |    Loading AutoRest extension '@autorest/modelerfour' (*->4.22.0)
warning | SkippedSemanticValidation | Semantic validation was skipped.
warning | PreCheck/SchemaMissingType | The schema 'BackupResourceEncryptionConfigResource' with an undefined type and declared properties is a bit ambiguous. This has been auto-corrected to 'type:object'
    - openapi-document.json:161:4
warning | PreCheck/SchemaMissingType | The schema 'PrivateEndpointConnectionResource' with an undefined type and declared properties is a bit ambiguous. This has been auto-corrected to 'type:object'
    - openapi-document.json:262:4
warning | PreCheck/SchemaMissingType | The schema 'CloudError' with an undefined type and declared properties is a bit ambiguous. This has been auto-corrected to 'type:object'
    - openapi-document.json:358:4
warning | PreCheck/SchemaMissingType | The schema 'CloudErrorBody' with an undefined type and declared properties is a bit ambiguous. This has been auto-corrected to 'type:object'
    - openapi-document.json:382:4
warning | PreCheck/SchemaMissingType | The schema 'NewErrorResponse' with an undefined type and declared properties is a bit ambiguous. This has been auto-corrected to 'type:object'
    - openapi-document.json:522:4
warning | PreCheck/SchemaMissingType | The schema 'BackupResourceConfigResource' with an undefined type and declared properties is a bit ambiguous. This has been auto-corrected to 'type:object'
    - openapi-document.json:5667:4
warning | PreCheck/SchemaMissingType | The schema 'JobResource' with an undefined type and declared properties is a bit ambiguous. This has been auto-corrected to 'type:object'
    - openapi-document.json:8146:4
warning | PreCheck/SchemaMissingType | The schema 'OperationResultInfoBaseResource' with an undefined type and declared properties is a bit ambiguous. This has been auto-corrected to 'type:object'
    - openapi-document.json:9830:4
warning | PreCheck/SchemaMissingType | The schema 'ProtectedItemResource' with an undefined type and declared properties is a bit ambiguous. This has been auto-corrected to 'type:object'
    - openapi-document.json:10449:4
warning | PreCheck/SchemaMissingType | The schema 'ProtectionPolicyResource' with an undefined type and declared properties is a bit ambiguous. This has been auto-corrected to 'type:object'
    - openapi-document.json:10688:4
warning | PreCheck/SchemaMissingType | The schema 'RecoveryPointResource' with an undefined type and declared properties is a bit ambiguous. This has been auto-corrected to 'type:object'
    - openapi-document.json:10920:4
warning | PreCheck/SchemaMissingType | The schema 'RestoreRequestResource' with an undefined type and declared properties is a bit ambiguous. This has been auto-corrected to 'type:object'
    - openapi-document.json:11415:4
warning | PreCheck/SchemaMissingType | The schema 'BackupResourceVaultConfigResource' with an undefined type and declared properties is a bit ambiguous. This has been auto-corrected to 'type:object'
    - openapi-document.json:12458:4
warning | PreCheck/SchemaMissingType | The schema 'ProtectionIntentResource' with an undefined type and declared properties is a bit ambiguous. This has been auto-corrected to 'type:object'
    - openapi-document.json:15343:4
warning | PreCheck/SchemaMissingType | The schema 'BackupEngineBaseResource' with an undefined type and declared properties is a bit ambiguous. This has been auto-corrected to 'type:object'
    - openapi-document.json:15778:4
warning | PreCheck/SchemaMissingType | The schema 'BackupRequestResource' with an undefined type and declared properties is a bit ambiguous. This has been auto-corrected to 'type:object'
    - openapi-document.json:16093:4
warning | PreCheck/SchemaMissingType | The schema 'ILRRequestResource' with an undefined type and declared properties is a bit ambiguous. This has been auto-corrected to 'type:object'
    - openapi-document.json:17536:4
warning | PreCheck/SchemaMissingType | The schema 'ProtectableContainerResource' with an undefined type and declared properties is a bit ambiguous. This has been auto-corrected to 'type:object'
    - openapi-document.json:18723:4
warning | PreCheck/SchemaMissingType | The schema 'ProtectionContainerResource' with an undefined type and declared properties is a bit ambiguous. This has been auto-corrected to 'type:object'
    - openapi-document.json:18902:4
warning | PreCheck/SchemaMissingType | The schema 'WorkloadItemResource' with an undefined type and declared properties is a bit ambiguous. This has been auto-corrected to 'type:object'
    - openapi-document.json:19302:4
warning | PreCheck/SchemaMissingType | The schema 'WorkloadProtectableItemResource' with an undefined type and declared properties is a bit ambiguous. This has been auto-corrected to 'type:object'
    - openapi-document.json:19494:4
warning | PreCheck/CheckDuplicateSchemas | Checking for duplicate schemas, this could take a (long) while.  Run with --verbose for more detail.
warning | UnkownSecurityScheme | Security scheme azure_auth is unknown and will not be processed. Only supported types are AADToken,AzureKey,Anonymous
info    | Resource type microsoft.recoveryservices/vaults/backupresourceguardproxies under path '/subscriptions/{subscriptionId}/resourceGroups/{resourceGroupName}/providers/Microsoft.RecoveryServices/vaults/{vaultName}/backupResourceGuardProxies/{resourceGuardProxyName}' has no body defined.
info    | autorest.bicep took 17ms
info    | Processing batch task - {"tag":"microsoft.recoveryservices-2021-06-01"} .
info    |    Loading local AutoRest extension '@autorest/bicep' (/home/runner/work/bicep-types-az/bicep-types-az/src/autorest.bicep)
info    |    Loading AutoRest extension '@autorest/modelerfour' (*->4.22.0)
warning | SkippedSemanticValidation | Semantic validation was skipped.
warning | PreCheck/SchemaMissingType | The schema 'BackupResourceEncryptionConfigResource' with an undefined type and declared properties is a bit ambiguous. This has been auto-corrected to 'type:object'
    - openapi-document.json:161:4
warning | PreCheck/SchemaMissingType | The schema 'PrivateEndpointConnectionResource' with an undefined type and declared properties is a bit ambiguous. This has been auto-corrected to 'type:object'
    - openapi-document.json:262:4
warning | PreCheck/SchemaMissingType | The schema 'CloudError' with an undefined type and declared properties is a bit ambiguous. This has been auto-corrected to 'type:object'
    - openapi-document.json:358:4
warning | PreCheck/SchemaMissingType | The schema 'CloudErrorBody' with an undefined type and declared properties is a bit ambiguous. This has been auto-corrected to 'type:object'
    - openapi-document.json:382:4
warning | PreCheck/SchemaMissingType | The schema 'NewErrorResponse' with an undefined type and declared properties is a bit ambiguous. This has been auto-corrected to 'type:object'
    - openapi-document.json:522:4
warning | PreCheck/SchemaMissingType | The schema 'JobResource' with an undefined type and declared properties is a bit ambiguous. This has been auto-corrected to 'type:object'
    - openapi-document.json:8007:4
warning | PreCheck/SchemaMissingType | The schema 'OperationResultInfoBaseResource' with an undefined type and declared properties is a bit ambiguous. This has been auto-corrected to 'type:object'
    - openapi-document.json:9691:4
warning | PreCheck/SchemaMissingType | The schema 'ProtectedItemResource' with an undefined type and declared properties is a bit ambiguous. This has been auto-corrected to 'type:object'
    - openapi-document.json:10270:4
warning | PreCheck/SchemaMissingType | The schema 'ProtectionPolicyResource' with an undefined type and declared properties is a bit ambiguous. This has been auto-corrected to 'type:object'
    - openapi-document.json:10469:4
warning | PreCheck/SchemaMissingType | The schema 'RecoveryPointResource' with an undefined type and declared properties is a bit ambiguous. This has been auto-corrected to 'type:object'
    - openapi-document.json:10701:4
warning | PreCheck/SchemaMissingType | The schema 'RestoreRequestResource' with an undefined type and declared properties is a bit ambiguous. This has been auto-corrected to 'type:object'
    - openapi-document.json:11196:4
warning | PreCheck/SchemaMissingType | The schema 'BackupResourceVaultConfigResource' with an undefined type and declared properties is a bit ambiguous. This has been auto-corrected to 'type:object'
    - openapi-document.json:12239:4
warning | PreCheck/SchemaMissingType | The schema 'ProtectionIntentResource' with an undefined type and declared properties is a bit ambiguous. This has been auto-corrected to 'type:object'
    - openapi-document.json:15084:4
warning | PreCheck/SchemaMissingType | The schema 'BackupEngineBaseResource' with an undefined type and declared properties is a bit ambiguous. This has been auto-corrected to 'type:object'
    - openapi-document.json:15519:4
warning | PreCheck/SchemaMissingType | The schema 'BackupRequestResource' with an undefined type and declared properties is a bit ambiguous. This has been auto-corrected to 'type:object'
    - openapi-document.json:15834:4
warning | PreCheck/SchemaMissingType | The schema 'ILRRequestResource' with an undefined type and declared properties is a bit ambiguous. This has been auto-corrected to 'type:object'
    - openapi-document.json:17277:4
warning | PreCheck/SchemaMissingType | The schema 'ProtectableContainerResource' with an undefined type and declared properties is a bit ambiguous. This has been auto-corrected to 'type:object'
    - openapi-document.json:18464:4
warning | PreCheck/SchemaMissingType | The schema 'ProtectionContainerResource' with an undefined type and declared properties is a bit ambiguous. This has been auto-corrected to 'type:object'
    - openapi-document.json:18643:4
warning | PreCheck/SchemaMissingType | The schema 'WorkloadItemResource' with an undefined type and declared properties is a bit ambiguous. This has been auto-corrected to 'type:object'
    - openapi-document.json:18984:4
warning | PreCheck/SchemaMissingType | The schema 'WorkloadProtectableItemResource' with an undefined type and declared properties is a bit ambiguous. This has been auto-corrected to 'type:object'
    - openapi-document.json:19176:4
warning | PreCheck/CheckDuplicateSchemas | Checking for duplicate schemas, this could take a (long) while.  Run with --verbose for more detail.
warning | UnkownSecurityScheme | Security scheme azure_auth is unknown and will not be processed. Only supported types are AADToken,AzureKey,Anonymous
info    | autorest.bicep took 10ms
info    | Processing batch task - {"tag":"microsoft.recoveryservices-2021-04-01"} .
info    |    Loading local AutoRest extension '@autorest/bicep' (/home/runner/work/bicep-types-az/bicep-types-az/src/autorest.bicep)
info    |    Loading AutoRest extension '@autorest/modelerfour' (*->4.22.0)
warning | SkippedSemanticValidation | Semantic validation was skipped.
warning | PreCheck/SchemaMissingType | The schema 'BackupResourceEncryptionConfigExtendedResource' with an undefined type and declared properties is a bit ambiguous. This has been auto-corrected to 'type:object'
    - openapi-document.json:134:4
warning | PreCheck/SchemaMissingType | The schema 'BackupResourceEncryptionConfigResource' with an undefined type and declared properties is a bit ambiguous. This has been auto-corrected to 'type:object'
    - openapi-document.json:160:4
warning | PreCheck/SchemaMissingType | The schema 'PrivateEndpointConnectionResource' with an undefined type and declared properties is a bit ambiguous. This has been auto-corrected to 'type:object'
    - openapi-document.json:261:4
warning | PreCheck/SchemaMissingType | The schema 'CloudError' with an undefined type and declared properties is a bit ambiguous. This has been auto-corrected to 'type:object'
    - openapi-document.json:357:4
warning | PreCheck/SchemaMissingType | The schema 'CloudErrorBody' with an undefined type and declared properties is a bit ambiguous. This has been auto-corrected to 'type:object'
    - openapi-document.json:381:4
warning | PreCheck/SchemaMissingType | The schema 'NewErrorResponse' with an undefined type and declared properties is a bit ambiguous. This has been auto-corrected to 'type:object'
    - openapi-document.json:521:4
warning | PreCheck/SchemaMissingType | The schema 'BackupResourceConfigResource' with an undefined type and declared properties is a bit ambiguous. This has been auto-corrected to 'type:object'
    - openapi-document.json:5666:4
warning | PreCheck/SchemaMissingType | The schema 'JobResource' with an undefined type and declared properties is a bit ambiguous. This has been auto-corrected to 'type:object'
    - openapi-document.json:8032:4
warning | PreCheck/SchemaMissingType | The schema 'OperationResultInfoBaseResource' with an undefined type and declared properties is a bit ambiguous. This has been auto-corrected to 'type:object'
    - openapi-document.json:9716:4
warning | PreCheck/SchemaMissingType | The schema 'ProtectedItemResource' with an undefined type and declared properties is a bit ambiguous. This has been auto-corrected to 'type:object'
    - openapi-document.json:10295:4
warning | PreCheck/SchemaMissingType | The schema 'ProtectionPolicyResource' with an undefined type and declared properties is a bit ambiguous. This has been auto-corrected to 'type:object'
    - openapi-document.json:10494:4
warning | PreCheck/SchemaMissingType | The schema 'RecoveryPointResource' with an undefined type and declared properties is a bit ambiguous. This has been auto-corrected to 'type:object'
    - openapi-document.json:10726:4
warning | PreCheck/SchemaMissingType | The schema 'RestoreRequestResource' with an undefined type and declared properties is a bit ambiguous. This has been auto-corrected to 'type:object'
    - openapi-document.json:11221:4
warning | PreCheck/SchemaMissingType | The schema 'BackupResourceVaultConfigResource' with an undefined type and declared properties is a bit ambiguous. This has been auto-corrected to 'type:object'
    - openapi-document.json:12264:4
warning | PreCheck/SchemaMissingType | The schema 'ProtectionIntentResource' with an undefined type and declared properties is a bit ambiguous. This has been auto-corrected to 'type:object'
    - openapi-document.json:15109:4
warning | PreCheck/SchemaMissingType | The schema 'BackupEngineBaseResource' with an undefined type and declared properties is a bit ambiguous. This has been auto-corrected to 'type:object'
    - openapi-document.json:15544:4
warning | PreCheck/SchemaMissingType | The schema 'BackupRequestResource' with an undefined type and declared properties is a bit ambiguous. This has been auto-corrected to 'type:object'
    - openapi-document.json:15859:4
warning | PreCheck/SchemaMissingType | The schema 'ILRRequestResource' with an undefined type and declared properties is a bit ambiguous. This has been auto-corrected to 'type:object'
    - openapi-document.json:17302:4
warning | PreCheck/SchemaMissingType | The schema 'ProtectableContainerResource' with an undefined type and declared properties is a bit ambiguous. This has been auto-corrected to 'type:object'
    - openapi-document.json:18489:4
warning | PreCheck/SchemaMissingType | The schema 'ProtectionContainerResource' with an undefined type and declared properties is a bit ambiguous. This has been auto-corrected to 'type:object'
    - openapi-document.json:18668:4
warning | PreCheck/SchemaMissingType | The schema 'WorkloadItemResource' with an undefined type and declared properties is a bit ambiguous. This has been auto-corrected to 'type:object'
    - openapi-document.json:19009:4
warning | PreCheck/SchemaMissingType | The schema 'WorkloadProtectableItemResource' with an undefined type and declared properties is a bit ambiguous. This has been auto-corrected to 'type:object'
    - openapi-document.json:19201:4
warning | PreCheck/CheckDuplicateSchemas | Checking for duplicate schemas, this could take a (long) while.  Run with --verbose for more detail.
warning | UnkownSecurityScheme | Security scheme azure_auth is unknown and will not be processed. Only supported types are AADToken,AzureKey,Anonymous
info    | autorest.bicep took 10ms
info    | Processing batch task - {"tag":"microsoft.recoveryservices-2021-03-01"} .
info    |    Loading local AutoRest extension '@autorest/bicep' (/home/runner/work/bicep-types-az/bicep-types-az/src/autorest.bicep)
info    |    Loading AutoRest extension '@autorest/modelerfour' (*->4.22.0)
warning | SkippedSemanticValidation | Semantic validation was skipped.
warning | PreCheck/SchemaMissingType | The schema 'BackupResourceEncryptionConfigResource' with an undefined type and declared properties is a bit ambiguous. This has been auto-corrected to 'type:object'
    - openapi-document.json:86:4
warning | PreCheck/SchemaMissingType | The schema 'PrivateEndpointConnectionResource' with an undefined type and declared properties is a bit ambiguous. This has been auto-corrected to 'type:object'
    - openapi-document.json:187:4
warning | PreCheck/SchemaMissingType | The schema 'CloudError' with an undefined type and declared properties is a bit ambiguous. This has been auto-corrected to 'type:object'
    - openapi-document.json:283:4
warning | PreCheck/SchemaMissingType | The schema 'CloudErrorBody' with an undefined type and declared properties is a bit ambiguous. This has been auto-corrected to 'type:object'
    - openapi-document.json:307:4
warning | PreCheck/SchemaMissingType | The schema 'NewErrorResponse' with an undefined type and declared properties is a bit ambiguous. This has been auto-corrected to 'type:object'
    - openapi-document.json:447:4
warning | PreCheck/SchemaMissingType | The schema 'JobResource' with an undefined type and declared properties is a bit ambiguous. This has been auto-corrected to 'type:object'
    - openapi-document.json:7884:4
warning | PreCheck/SchemaMissingType | The schema 'OperationResultInfoBaseResource' with an undefined type and declared properties is a bit ambiguous. This has been auto-corrected to 'type:object'
    - openapi-document.json:9568:4
warning | PreCheck/SchemaMissingType | The schema 'ProtectedItemResource' with an undefined type and declared properties is a bit ambiguous. This has been auto-corrected to 'type:object'
    - openapi-document.json:10147:4
warning | PreCheck/SchemaMissingType | The schema 'ProtectionPolicyResource' with an undefined type and declared properties is a bit ambiguous. This has been auto-corrected to 'type:object'
    - openapi-document.json:10346:4
warning | PreCheck/SchemaMissingType | The schema 'RecoveryPointResource' with an undefined type and declared properties is a bit ambiguous. This has been auto-corrected to 'type:object'
    - openapi-document.json:10578:4
warning | PreCheck/SchemaMissingType | The schema 'RestoreRequestResource' with an undefined type and declared properties is a bit ambiguous. This has been auto-corrected to 'type:object'
    - openapi-document.json:11073:4
warning | PreCheck/SchemaMissingType | The schema 'BackupResourceVaultConfigResource' with an undefined type and declared properties is a bit ambiguous. This has been auto-corrected to 'type:object'
    - openapi-document.json:12116:4
warning | PreCheck/SchemaMissingType | The schema 'ProtectionIntentResource' with an undefined type and declared properties is a bit ambiguous. This has been auto-corrected to 'type:object'
    - openapi-document.json:14961:4
warning | PreCheck/SchemaMissingType | The schema 'BackupEngineBaseResource' with an undefined type and declared properties is a bit ambiguous. This has been auto-corrected to 'type:object'
    - openapi-document.json:15396:4
warning | PreCheck/SchemaMissingType | The schema 'BackupRequestResource' with an undefined type and declared properties is a bit ambiguous. This has been auto-corrected to 'type:object'
    - openapi-document.json:15711:4
warning | PreCheck/SchemaMissingType | The schema 'ILRRequestResource' with an undefined type and declared properties is a bit ambiguous. This has been auto-corrected to 'type:object'
    - openapi-document.json:17154:4
warning | PreCheck/SchemaMissingType | The schema 'ProtectableContainerResource' with an undefined type and declared properties is a bit ambiguous. This has been auto-corrected to 'type:object'
    - openapi-document.json:18341:4
warning | PreCheck/SchemaMissingType | The schema 'ProtectionContainerResource' with an undefined type and declared properties is a bit ambiguous. This has been auto-corrected to 'type:object'
    - openapi-document.json:18520:4
warning | PreCheck/SchemaMissingType | The schema 'WorkloadItemResource' with an undefined type and declared properties is a bit ambiguous. This has been auto-corrected to 'type:object'
    - openapi-document.json:18861:4
warning | PreCheck/SchemaMissingType | The schema 'WorkloadProtectableItemResource' with an undefined type and declared properties is a bit ambiguous. This has been auto-corrected to 'type:object'
    - openapi-document.json:19053:4
warning | PreCheck/CheckDuplicateSchemas | Checking for duplicate schemas, this could take a (long) while.  Run with --verbose for more detail.
warning | UnkownSecurityScheme | Security scheme azure_auth is unknown and will not be processed. Only supported types are AADToken,AzureKey,Anonymous
info    | autorest.bicep took 11ms
info    | Processing batch task - {"tag":"microsoft.recoveryservices-2021-02-10"} .
info    |    Loading local AutoRest extension '@autorest/bicep' (/home/runner/work/bicep-types-az/bicep-types-az/src/autorest.bicep)
info    |    Loading AutoRest extension '@autorest/modelerfour' (*->4.22.0)
warning | SkippedSemanticValidation | Semantic validation was skipped.
warning | PreCheck/SchemaMissingType | The schema 'BackupResourceEncryptionConfigResource' with an undefined type and declared properties is a bit ambiguous. This has been auto-corrected to 'type:object'
    - openapi-document.json:86:4
warning | PreCheck/SchemaMissingType | The schema 'PrivateEndpointConnectionResource' with an undefined type and declared properties is a bit ambiguous. This has been auto-corrected to 'type:object'
    - openapi-document.json:187:4
warning | PreCheck/SchemaMissingType | The schema 'CloudError' with an undefined type and declared properties is a bit ambiguous. This has been auto-corrected to 'type:object'
    - openapi-document.json:283:4
warning | PreCheck/SchemaMissingType | The schema 'CloudErrorBody' with an undefined type and declared properties is a bit ambiguous. This has been auto-corrected to 'type:object'
    - openapi-document.json:307:4
warning | PreCheck/SchemaMissingType | The schema 'NewErrorResponse' with an undefined type and declared properties is a bit ambiguous. This has been auto-corrected to 'type:object'
    - openapi-document.json:447:4
warning | PreCheck/SchemaMissingType | The schema 'JobResource' with an undefined type and declared properties is a bit ambiguous. This has been auto-corrected to 'type:object'
    - openapi-document.json:7863:4
warning | PreCheck/SchemaMissingType | The schema 'OperationResultInfoBaseResource' with an undefined type and declared properties is a bit ambiguous. This has been auto-corrected to 'type:object'
    - openapi-document.json:9547:4
warning | PreCheck/SchemaMissingType | The schema 'ProtectedItemResource' with an undefined type and declared properties is a bit ambiguous. This has been auto-corrected to 'type:object'
    - openapi-document.json:10126:4
warning | PreCheck/SchemaMissingType | The schema 'ProtectionPolicyResource' with an undefined type and declared properties is a bit ambiguous. This has been auto-corrected to 'type:object'
    - openapi-document.json:10325:4
warning | PreCheck/SchemaMissingType | The schema 'RecoveryPointResource' with an undefined type and declared properties is a bit ambiguous. This has been auto-corrected to 'type:object'
    - openapi-document.json:10557:4
warning | PreCheck/SchemaMissingType | The schema 'RestoreRequestResource' with an undefined type and declared properties is a bit ambiguous. This has been auto-corrected to 'type:object'
    - openapi-document.json:11052:4
warning | PreCheck/SchemaMissingType | The schema 'BackupResourceVaultConfigResource' with an undefined type and declared properties is a bit ambiguous. This has been auto-corrected to 'type:object'
    - openapi-document.json:12095:4
warning | PreCheck/SchemaMissingType | The schema 'ProtectionIntentResource' with an undefined type and declared properties is a bit ambiguous. This has been auto-corrected to 'type:object'
    - openapi-document.json:14940:4
warning | PreCheck/SchemaMissingType | The schema 'BackupEngineBaseResource' with an undefined type and declared properties is a bit ambiguous. This has been auto-corrected to 'type:object'
    - openapi-document.json:15375:4
warning | PreCheck/SchemaMissingType | The schema 'BackupRequestResource' with an undefined type and declared properties is a bit ambiguous. This has been auto-corrected to 'type:object'
    - openapi-document.json:15690:4
warning | PreCheck/SchemaMissingType | The schema 'ILRRequestResource' with an undefined type and declared properties is a bit ambiguous. This has been auto-corrected to 'type:object'
    - openapi-document.json:17133:4
warning | PreCheck/SchemaMissingType | The schema 'ProtectableContainerResource' with an undefined type and declared properties is a bit ambiguous. This has been auto-corrected to 'type:object'
    - openapi-document.json:18320:4
warning | PreCheck/SchemaMissingType | The schema 'ProtectionContainerResource' with an undefined type and declared properties is a bit ambiguous. This has been auto-corrected to 'type:object'
    - openapi-document.json:18499:4
warning | PreCheck/SchemaMissingType | The schema 'WorkloadItemResource' with an undefined type and declared properties is a bit ambiguous. This has been auto-corrected to 'type:object'
    - openapi-document.json:18840:4
warning | PreCheck/SchemaMissingType | The schema 'WorkloadProtectableItemResource' with an undefined type and declared properties is a bit ambiguous. This has been auto-corrected to 'type:object'
    - openapi-document.json:19032:4
warning | PreCheck/CheckDuplicateSchemas | Checking for duplicate schemas, this could take a (long) while.  Run with --verbose for more detail.
warning | UnkownSecurityScheme | Security scheme azure_auth is unknown and will not be processed. Only supported types are AADToken,AzureKey,Anonymous
info    | autorest.bicep took 9ms
info    | Processing batch task - {"tag":"microsoft.recoveryservices-2021-02-01-preview"} .
info    |    Loading local AutoRest extension '@autorest/bicep' (/home/runner/work/bicep-types-az/bicep-types-az/src/autorest.bicep)
info    |    Loading AutoRest extension '@autorest/modelerfour' (*->4.22.0)
warning | SkippedSemanticValidation | Semantic validation was skipped.
warning | PreCheck/SchemaMissingType | The schema 'BackupResourceEncryptionConfigResource' with an undefined type and declared properties is a bit ambiguous. This has been auto-corrected to 'type:object'
    - openapi-document.json:86:4
warning | PreCheck/SchemaMissingType | The schema 'PrivateEndpointConnectionResource' with an undefined type and declared properties is a bit ambiguous. This has been auto-corrected to 'type:object'
    - openapi-document.json:187:4
warning | PreCheck/SchemaMissingType | The schema 'CloudError' with an undefined type and declared properties is a bit ambiguous. This has been auto-corrected to 'type:object'
    - openapi-document.json:283:4
warning | PreCheck/SchemaMissingType | The schema 'CloudErrorBody' with an undefined type and declared properties is a bit ambiguous. This has been auto-corrected to 'type:object'
    - openapi-document.json:307:4
warning | PreCheck/SchemaMissingType | The schema 'NewErrorResponse' with an undefined type and declared properties is a bit ambiguous. This has been auto-corrected to 'type:object'
    - openapi-document.json:447:4
warning | PreCheck/SchemaMissingType | The schema 'JobResource' with an undefined type and declared properties is a bit ambiguous. This has been auto-corrected to 'type:object'
    - openapi-document.json:7863:4
warning | PreCheck/SchemaMissingType | The schema 'OperationResultInfoBaseResource' with an undefined type and declared properties is a bit ambiguous. This has been auto-corrected to 'type:object'
    - openapi-document.json:9547:4
warning | PreCheck/SchemaMissingType | The schema 'ProtectedItemResource' with an undefined type and declared properties is a bit ambiguous. This has been auto-corrected to 'type:object'
    - openapi-document.json:10126:4
warning | PreCheck/SchemaMissingType | The schema 'ProtectionPolicyResource' with an undefined type and declared properties is a bit ambiguous. This has been auto-corrected to 'type:object'
    - openapi-document.json:10325:4
warning | PreCheck/SchemaMissingType | The schema 'RecoveryPointResource' with an undefined type and declared properties is a bit ambiguous. This has been auto-corrected to 'type:object'
    - openapi-document.json:10557:4
warning | PreCheck/SchemaMissingType | The schema 'RestoreRequestResource' with an undefined type and declared properties is a bit ambiguous. This has been auto-corrected to 'type:object'
    - openapi-document.json:11052:4
warning | PreCheck/SchemaMissingType | The schema 'BackupResourceVaultConfigResource' with an undefined type and declared properties is a bit ambiguous. This has been auto-corrected to 'type:object'
    - openapi-document.json:12095:4
warning | PreCheck/SchemaMissingType | The schema 'ProtectionIntentResource' with an undefined type and declared properties is a bit ambiguous. This has been auto-corrected to 'type:object'
    - openapi-document.json:14980:4
warning | PreCheck/SchemaMissingType | The schema 'BackupEngineBaseResource' with an undefined type and declared properties is a bit ambiguous. This has been auto-corrected to 'type:object'
    - openapi-document.json:15415:4
warning | PreCheck/SchemaMissingType | The schema 'BackupRequestResource' with an undefined type and declared properties is a bit ambiguous. This has been auto-corrected to 'type:object'
    - openapi-document.json:15730:4
warning | PreCheck/SchemaMissingType | The schema 'ILRRequestResource' with an undefined type and declared properties is a bit ambiguous. This has been auto-corrected to 'type:object'
    - openapi-document.json:17173:4
warning | PreCheck/SchemaMissingType | The schema 'ProtectableContainerResource' with an undefined type and declared properties is a bit ambiguous. This has been auto-corrected to 'type:object'
    - openapi-document.json:18360:4
warning | PreCheck/SchemaMissingType | The schema 'ProtectionContainerResource' with an undefined type and declared properties is a bit ambiguous. This has been auto-corrected to 'type:object'
    - openapi-document.json:18539:4
warning | PreCheck/SchemaMissingType | The schema 'WorkloadItemResource' with an undefined type and declared properties is a bit ambiguous. This has been auto-corrected to 'type:object'
    - openapi-document.json:18880:4
warning | PreCheck/SchemaMissingType | The schema 'WorkloadProtectableItemResource' with an undefined type and declared properties is a bit ambiguous. This has been auto-corrected to 'type:object'
    - openapi-document.json:19072:4
warning | PreCheck/SchemaMissingType | The schema 'ResourceGuardProxyBaseResource' with an undefined type and declared properties is a bit ambiguous. This has been auto-corrected to 'type:object'
    - openapi-document.json:19746:4
warning | PreCheck/CheckDuplicateSchemas | Checking for duplicate schemas, this could take a (long) while.  Run with --verbose for more detail.
warning | UnkownSecurityScheme | Security scheme azure_auth is unknown and will not be processed. Only supported types are AADToken,AzureKey,Anonymous
info    | Resource type microsoft.recoveryservices/vaults/backupresourceguardproxies under path '/subscriptions/{subscriptionId}/resourceGroups/{resourceGroupName}/providers/Microsoft.RecoveryServices/vaults/{vaultName}/backupResourceGuardProxies/{resourceGuardProxyName}' has no body defined.
info    | autorest.bicep took 9ms
info    | Processing batch task - {"tag":"microsoft.recoveryservices-2021-02-01"} .
info    |    Loading local AutoRest extension '@autorest/bicep' (/home/runner/work/bicep-types-az/bicep-types-az/src/autorest.bicep)
info    |    Loading AutoRest extension '@autorest/modelerfour' (*->4.22.0)
warning | SkippedSemanticValidation | Semantic validation was skipped.
warning | PreCheck/SchemaMissingType | The schema 'BackupResourceEncryptionConfigResource' with an undefined type and declared properties is a bit ambiguous. This has been auto-corrected to 'type:object'
    - openapi-document.json:86:4
warning | PreCheck/SchemaMissingType | The schema 'PrivateEndpointConnectionResource' with an undefined type and declared properties is a bit ambiguous. This has been auto-corrected to 'type:object'
    - openapi-document.json:187:4
warning | PreCheck/SchemaMissingType | The schema 'CloudError' with an undefined type and declared properties is a bit ambiguous. This has been auto-corrected to 'type:object'
    - openapi-document.json:283:4
warning | PreCheck/SchemaMissingType | The schema 'CloudErrorBody' with an undefined type and declared properties is a bit ambiguous. This has been auto-corrected to 'type:object'
    - openapi-document.json:307:4
warning | PreCheck/SchemaMissingType | The schema 'NewErrorResponse' with an undefined type and declared properties is a bit ambiguous. This has been auto-corrected to 'type:object'
    - openapi-document.json:447:4
warning | PreCheck/SchemaMissingType | The schema 'JobResource' with an undefined type and declared properties is a bit ambiguous. This has been auto-corrected to 'type:object'
    - openapi-document.json:7863:4
warning | PreCheck/SchemaMissingType | The schema 'OperationResultInfoBaseResource' with an undefined type and declared properties is a bit ambiguous. This has been auto-corrected to 'type:object'
    - openapi-document.json:9547:4
warning | PreCheck/SchemaMissingType | The schema 'ProtectedItemResource' with an undefined type and declared properties is a bit ambiguous. This has been auto-corrected to 'type:object'
    - openapi-document.json:10126:4
warning | PreCheck/SchemaMissingType | The schema 'ProtectionPolicyResource' with an undefined type and declared properties is a bit ambiguous. This has been auto-corrected to 'type:object'
    - openapi-document.json:10325:4
warning | PreCheck/SchemaMissingType | The schema 'RecoveryPointResource' with an undefined type and declared properties is a bit ambiguous. This has been auto-corrected to 'type:object'
    - openapi-document.json:10557:4
warning | PreCheck/SchemaMissingType | The schema 'RestoreRequestResource' with an undefined type and declared properties is a bit ambiguous. This has been auto-corrected to 'type:object'
    - openapi-document.json:11052:4
warning | PreCheck/SchemaMissingType | The schema 'BackupResourceVaultConfigResource' with an undefined type and declared properties is a bit ambiguous. This has been auto-corrected to 'type:object'
    - openapi-document.json:12095:4
warning | PreCheck/SchemaMissingType | The schema 'ProtectionIntentResource' with an undefined type and declared properties is a bit ambiguous. This has been auto-corrected to 'type:object'
    - openapi-document.json:14940:4
warning | PreCheck/SchemaMissingType | The schema 'BackupEngineBaseResource' with an undefined type and declared properties is a bit ambiguous. This has been auto-corrected to 'type:object'
    - openapi-document.json:15375:4
warning | PreCheck/SchemaMissingType | The schema 'BackupRequestResource' with an undefined type and declared properties is a bit ambiguous. This has been auto-corrected to 'type:object'
    - openapi-document.json:15690:4
warning | PreCheck/SchemaMissingType | The schema 'ILRRequestResource' with an undefined type and declared properties is a bit ambiguous. This has been auto-corrected to 'type:object'
    - openapi-document.json:17133:4
warning | PreCheck/SchemaMissingType | The schema 'ProtectableContainerResource' with an undefined type and declared properties is a bit ambiguous. This has been auto-corrected to 'type:object'
    - openapi-document.json:18320:4
warning | PreCheck/SchemaMissingType | The schema 'ProtectionContainerResource' with an undefined type and declared properties is a bit ambiguous. This has been auto-corrected to 'type:object'
    - openapi-document.json:18499:4
warning | PreCheck/SchemaMissingType | The schema 'WorkloadItemResource' with an undefined type and declared properties is a bit ambiguous. This has been auto-corrected to 'type:object'
    - openapi-document.json:18840:4
warning | PreCheck/SchemaMissingType | The schema 'WorkloadProtectableItemResource' with an undefined type and declared properties is a bit ambiguous. This has been auto-corrected to 'type:object'
    - openapi-document.json:19032:4
warning | PreCheck/CheckDuplicateSchemas | Checking for duplicate schemas, this could take a (long) while.  Run with --verbose for more detail.
warning | UnkownSecurityScheme | Security scheme azure_auth is unknown and will not be processed. Only supported types are AADToken,AzureKey,Anonymous
info    | autorest.bicep took 7ms
info    | Processing batch task - {"tag":"microsoft.recoveryservices-2021-01-01"} .
info    |    Loading local AutoRest extension '@autorest/bicep' (/home/runner/work/bicep-types-az/bicep-types-az/src/autorest.bicep)
info    |    Loading AutoRest extension '@autorest/modelerfour' (*->4.22.0)
warning | SkippedSemanticValidation | Semantic validation was skipped.
warning | PreCheck/SchemaMissingType | The schema 'BackupResourceEncryptionConfigResource' with an undefined type and declared properties is a bit ambiguous. This has been auto-corrected to 'type:object'
    - openapi-document.json:86:4
warning | PreCheck/SchemaMissingType | The schema 'PrivateEndpointConnectionResource' with an undefined type and declared properties is a bit ambiguous. This has been auto-corrected to 'type:object'
    - openapi-document.json:187:4
warning | PreCheck/SchemaMissingType | The schema 'CloudError' with an undefined type and declared properties is a bit ambiguous. This has been auto-corrected to 'type:object'
    - openapi-document.json:283:4
warning | PreCheck/SchemaMissingType | The schema 'CloudErrorBody' with an undefined type and declared properties is a bit ambiguous. This has been auto-corrected to 'type:object'
    - openapi-document.json:307:4
warning | PreCheck/SchemaMissingType | The schema 'NewErrorResponse' with an undefined type and declared properties is a bit ambiguous. This has been auto-corrected to 'type:object'
    - openapi-document.json:447:4
warning | PreCheck/SchemaMissingType | The schema 'JobResource' with an undefined type and declared properties is a bit ambiguous. This has been auto-corrected to 'type:object'
    - openapi-document.json:7479:4
warning | PreCheck/SchemaMissingType | The schema 'OperationResultInfoBaseResource' with an undefined type and declared properties is a bit ambiguous. This has been auto-corrected to 'type:object'
    - openapi-document.json:9163:4
warning | PreCheck/SchemaMissingType | The schema 'ProtectedItemResource' with an undefined type and declared properties is a bit ambiguous. This has been auto-corrected to 'type:object'
    - openapi-document.json:9742:4
warning | PreCheck/SchemaMissingType | The schema 'ProtectionPolicyResource' with an undefined type and declared properties is a bit ambiguous. This has been auto-corrected to 'type:object'
    - openapi-document.json:9941:4
warning | PreCheck/SchemaMissingType | The schema 'RecoveryPointResource' with an undefined type and declared properties is a bit ambiguous. This has been auto-corrected to 'type:object'
    - openapi-document.json:10173:4
warning | PreCheck/SchemaMissingType | The schema 'RestoreRequestResource' with an undefined type and declared properties is a bit ambiguous. This has been auto-corrected to 'type:object'
    - openapi-document.json:10668:4
warning | PreCheck/SchemaMissingType | The schema 'BackupResourceVaultConfigResource' with an undefined type and declared properties is a bit ambiguous. This has been auto-corrected to 'type:object'
    - openapi-document.json:11711:4
warning | PreCheck/SchemaMissingType | The schema 'BackupEngineBaseResource' with an undefined type and declared properties is a bit ambiguous. This has been auto-corrected to 'type:object'
    - openapi-document.json:13704:4
warning | PreCheck/SchemaMissingType | The schema 'BackupRequestResource' with an undefined type and declared properties is a bit ambiguous. This has been auto-corrected to 'type:object'
    - openapi-document.json:14019:4
warning | PreCheck/SchemaMissingType | The schema 'ILRRequestResource' with an undefined type and declared properties is a bit ambiguous. This has been auto-corrected to 'type:object'
    - openapi-document.json:15462:4
warning | PreCheck/SchemaMissingType | The schema 'ProtectableContainerResource' with an undefined type and declared properties is a bit ambiguous. This has been auto-corrected to 'type:object'
    - openapi-document.json:16649:4
warning | PreCheck/SchemaMissingType | The schema 'ProtectionContainerResource' with an undefined type and declared properties is a bit ambiguous. This has been auto-corrected to 'type:object'
    - openapi-document.json:16828:4
warning | PreCheck/SchemaMissingType | The schema 'WorkloadItemResource' with an undefined type and declared properties is a bit ambiguous. This has been auto-corrected to 'type:object'
    - openapi-document.json:17169:4
warning | PreCheck/SchemaMissingType | The schema 'WorkloadProtectableItemResource' with an undefined type and declared properties is a bit ambiguous. This has been auto-corrected to 'type:object'
    - openapi-document.json:17361:4
warning | PreCheck/CheckDuplicateSchemas | Checking for duplicate schemas, this could take a (long) while.  Run with --verbose for more detail.
warning | UnkownSecurityScheme | Security scheme azure_auth is unknown and will not be processed. Only supported types are AADToken,AzureKey,Anonymous
info    | autorest.bicep took 7ms
info    | Processing batch task - {"tag":"microsoft.recoveryservices-2017-07-01"} .
info    |    Loading local AutoRest extension '@autorest/bicep' (/home/runner/work/bicep-types-az/bicep-types-az/src/autorest.bicep)
info    |    Loading AutoRest extension '@autorest/modelerfour' (*->4.22.0)
warning | SkippedSemanticValidation | Semantic validation was skipped.
warning | PreCheck/SchemaMissingType | The schema 'JobResource' with an undefined type and declared properties is a bit ambiguous. This has been auto-corrected to 'type:object'
    - openapi-document.json:2957:4
warning | PreCheck/SchemaMissingType | The schema 'ProtectionIntentResource' with an undefined type and declared properties is a bit ambiguous. This has been auto-corrected to 'type:object'
    - openapi-document.json:3924:4
warning | PreCheck/CheckDuplicateSchemas | Checking for duplicate schemas, this could take a (long) while.  Run with --verbose for more detail.
warning | UnkownSecurityScheme | Security scheme azure_auth is unknown and will not be processed. Only supported types are AADToken,AzureKey,Anonymous
info    | autorest.bicep took 2ms
info    | Processing batch task - {"tag":"microsoft.recoveryservices-2016-08-10"} .
info    |    Loading local AutoRest extension '@autorest/bicep' (/home/runner/work/bicep-types-az/bicep-types-az/src/autorest.bicep)
info    |    Loading AutoRest extension '@autorest/modelerfour' (*->4.22.0)
warning | SkippedSemanticValidation | Semantic validation was skipped.
warning | PreCheck/CheckDuplicateSchemas | Checking for duplicate schemas, this could take a (long) while.  Run with --verbose for more detail.
warning | UnkownSecurityScheme | Security scheme azure_auth is unknown and will not be processed. Only supported types are AADToken,AzureKey,Anonymous
info    | autorest.bicep took 0ms
info    | Processing batch task - {"tag":"microsoft.recoveryservices-2020-12-01"} .
info    |    Loading local AutoRest extension '@autorest/bicep' (/home/runner/work/bicep-types-az/bicep-types-az/src/autorest.bicep)
info    |    Loading AutoRest extension '@autorest/modelerfour' (*->4.22.0)
warning | SkippedSemanticValidation | Semantic validation was skipped.
warning | PreCheck/SchemaMissingType | The schema 'BackupResourceEncryptionConfigResource' with an undefined type and declared properties is a bit ambiguous. This has been auto-corrected to 'type:object'
    - openapi-document.json:86:4
warning | PreCheck/SchemaMissingType | The schema 'PrivateEndpointConnectionResource' with an undefined type and declared properties is a bit ambiguous. This has been auto-corrected to 'type:object'
    - openapi-document.json:187:4
warning | PreCheck/SchemaMissingType | The schema 'NewErrorResponse' with an undefined type and declared properties is a bit ambiguous. This has been auto-corrected to 'type:object'
    - openapi-document.json:283:4
warning | PreCheck/SchemaMissingType | The schema 'JobResource' with an undefined type and declared properties is a bit ambiguous. This has been auto-corrected to 'type:object'
    - openapi-document.json:7257:4
warning | PreCheck/SchemaMissingType | The schema 'OperationResultInfoBaseResource' with an undefined type and declared properties is a bit ambiguous. This has been auto-corrected to 'type:object'
    - openapi-document.json:8941:4
warning | PreCheck/SchemaMissingType | The schema 'ProtectedItemResource' with an undefined type and declared properties is a bit ambiguous. This has been auto-corrected to 'type:object'
    - openapi-document.json:9520:4
warning | PreCheck/SchemaMissingType | The schema 'ProtectionPolicyResource' with an undefined type and declared properties is a bit ambiguous. This has been auto-corrected to 'type:object'
    - openapi-document.json:9719:4
warning | PreCheck/SchemaMissingType | The schema 'RecoveryPointResource' with an undefined type and declared properties is a bit ambiguous. This has been auto-corrected to 'type:object'
    - openapi-document.json:9951:4
warning | PreCheck/SchemaMissingType | The schema 'RestoreRequestResource' with an undefined type and declared properties is a bit ambiguous. This has been auto-corrected to 'type:object'
    - openapi-document.json:10403:4
warning | PreCheck/SchemaMissingType | The schema 'BackupResourceVaultConfigResource' with an undefined type and declared properties is a bit ambiguous. This has been auto-corrected to 'type:object'
    - openapi-document.json:11446:4
warning | PreCheck/SchemaMissingType | The schema 'BackupEngineBaseResource' with an undefined type and declared properties is a bit ambiguous. This has been auto-corrected to 'type:object'
    - openapi-document.json:13439:4
warning | PreCheck/SchemaMissingType | The schema 'BackupRequestResource' with an undefined type and declared properties is a bit ambiguous. This has been auto-corrected to 'type:object'
    - openapi-document.json:13754:4
warning | PreCheck/SchemaMissingType | The schema 'ILRRequestResource' with an undefined type and declared properties is a bit ambiguous. This has been auto-corrected to 'type:object'
    - openapi-document.json:15197:4
warning | PreCheck/SchemaMissingType | The schema 'ProtectableContainerResource' with an undefined type and declared properties is a bit ambiguous. This has been auto-corrected to 'type:object'
    - openapi-document.json:16384:4
warning | PreCheck/SchemaMissingType | The schema 'ProtectionContainerResource' with an undefined type and declared properties is a bit ambiguous. This has been auto-corrected to 'type:object'
    - openapi-document.json:16563:4
warning | PreCheck/SchemaMissingType | The schema 'WorkloadItemResource' with an undefined type and declared properties is a bit ambiguous. This has been auto-corrected to 'type:object'
    - openapi-document.json:16904:4
warning | PreCheck/SchemaMissingType | The schema 'WorkloadProtectableItemResource' with an undefined type and declared properties is a bit ambiguous. This has been auto-corrected to 'type:object'
    - openapi-document.json:17096:4
warning | PreCheck/CheckDuplicateSchemas | Checking for duplicate schemas, this could take a (long) while.  Run with --verbose for more detail.
warning | UnkownSecurityScheme | Security scheme azure_auth is unknown and will not be processed. Only supported types are AADToken,AzureKey,Anonymous
info    | autorest.bicep took 9ms
info    | Processing batch task - {"tag":"microsoft.recoveryservices-2020-10-01"} .
info    |    Loading local AutoRest extension '@autorest/bicep' (/home/runner/work/bicep-types-az/bicep-types-az/src/autorest.bicep)
info    |    Loading AutoRest extension '@autorest/modelerfour' (*->4.22.0)
warning | SkippedSemanticValidation | Semantic validation was skipped.
warning | PreCheck/SchemaMissingType | The schema 'BackupResourceEncryptionConfigResource' with an undefined type and declared properties is a bit ambiguous. This has been auto-corrected to 'type:object'
    - openapi-document.json:86:4
warning | PreCheck/SchemaMissingType | The schema 'PrivateEndpointConnectionResource' with an undefined type and declared properties is a bit ambiguous. This has been auto-corrected to 'type:object'
    - openapi-document.json:187:4
warning | PreCheck/SchemaMissingType | The schema 'NewErrorResponse' with an undefined type and declared properties is a bit ambiguous. This has been auto-corrected to 'type:object'
    - openapi-document.json:283:4
warning | PreCheck/SchemaMissingType | The schema 'JobResource' with an undefined type and declared properties is a bit ambiguous. This has been auto-corrected to 'type:object'
    - openapi-document.json:7177:4
warning | PreCheck/SchemaMissingType | The schema 'OperationResultInfoBaseResource' with an undefined type and declared properties is a bit ambiguous. This has been auto-corrected to 'type:object'
    - openapi-document.json:8861:4
warning | PreCheck/SchemaMissingType | The schema 'ProtectedItemResource' with an undefined type and declared properties is a bit ambiguous. This has been auto-corrected to 'type:object'
    - openapi-document.json:9440:4
warning | PreCheck/SchemaMissingType | The schema 'ProtectionPolicyResource' with an undefined type and declared properties is a bit ambiguous. This has been auto-corrected to 'type:object'
    - openapi-document.json:9639:4
warning | PreCheck/SchemaMissingType | The schema 'RecoveryPointResource' with an undefined type and declared properties is a bit ambiguous. This has been auto-corrected to 'type:object'
    - openapi-document.json:9871:4
warning | PreCheck/SchemaMissingType | The schema 'RestoreRequestResource' with an undefined type and declared properties is a bit ambiguous. This has been auto-corrected to 'type:object'
    - openapi-document.json:10323:4
warning | PreCheck/SchemaMissingType | The schema 'BackupResourceVaultConfigResource' with an undefined type and declared properties is a bit ambiguous. This has been auto-corrected to 'type:object'
    - openapi-document.json:11366:4
warning | PreCheck/SchemaMissingType | The schema 'BackupEngineBaseResource' with an undefined type and declared properties is a bit ambiguous. This has been auto-corrected to 'type:object'
    - openapi-document.json:13359:4
warning | PreCheck/SchemaMissingType | The schema 'BackupRequestResource' with an undefined type and declared properties is a bit ambiguous. This has been auto-corrected to 'type:object'
    - openapi-document.json:13674:4
warning | PreCheck/SchemaMissingType | The schema 'ILRRequestResource' with an undefined type and declared properties is a bit ambiguous. This has been auto-corrected to 'type:object'
    - openapi-document.json:15117:4
warning | PreCheck/SchemaMissingType | The schema 'ProtectableContainerResource' with an undefined type and declared properties is a bit ambiguous. This has been auto-corrected to 'type:object'
    - openapi-document.json:16304:4
warning | PreCheck/SchemaMissingType | The schema 'ProtectionContainerResource' with an undefined type and declared properties is a bit ambiguous. This has been auto-corrected to 'type:object'
    - openapi-document.json:16483:4
warning | PreCheck/SchemaMissingType | The schema 'WorkloadItemResource' with an undefined type and declared properties is a bit ambiguous. This has been auto-corrected to 'type:object'
    - openapi-document.json:16824:4
warning | PreCheck/SchemaMissingType | The schema 'WorkloadProtectableItemResource' with an undefined type and declared properties is a bit ambiguous. This has been auto-corrected to 'type:object'
    - openapi-document.json:17016:4
warning | PreCheck/CheckDuplicateSchemas | Checking for duplicate schemas, this could take a (long) while.  Run with --verbose for more detail.
warning | UnkownSecurityScheme | Security scheme azure_auth is unknown and will not be processed. Only supported types are AADToken,AzureKey,Anonymous
info    | autorest.bicep took 9ms
info    | Processing batch task - {"tag":"microsoft.recoveryservices-2020-07-01"} .
info    |    Loading local AutoRest extension '@autorest/bicep' (/home/runner/work/bicep-types-az/bicep-types-az/src/autorest.bicep)
info    |    Loading AutoRest extension '@autorest/modelerfour' (*->4.22.0)
warning | SkippedSemanticValidation | Semantic validation was skipped.
warning | PreCheck/SchemaMissingType | The schema 'NewErrorResponse' with an undefined type and declared properties is a bit ambiguous. This has been auto-corrected to 'type:object'
    - openapi-document.json:4:4
warning | PreCheck/CheckDuplicateSchemas | Checking for duplicate schemas, this could take a (long) while.  Run with --verbose for more detail.
warning | UnkownSecurityScheme | Security scheme azure_auth is unknown and will not be processed. Only supported types are AADToken,AzureKey,Anonymous
info    | autorest.bicep took 0ms
info    | Processing batch task - {"tag":"microsoft.recoveryservices-2020-02-02"} .
info    |    Loading local AutoRest extension '@autorest/bicep' (/home/runner/work/bicep-types-az/bicep-types-az/src/autorest.bicep)
info    |    Loading AutoRest extension '@autorest/modelerfour' (*->4.22.0)
warning | SkippedSemanticValidation | Semantic validation was skipped.
warning | PreCheck/SchemaMissingType | The schema 'PrivateEndpointConnectionResource' with an undefined type and declared properties is a bit ambiguous. This has been auto-corrected to 'type:object'
    - openapi-document.json:257:4
warning | PreCheck/CheckDuplicateSchemas | Checking for duplicate schemas, this could take a (long) while.  Run with --verbose for more detail.
warning | UnkownSecurityScheme | Security scheme azure_auth is unknown and will not be processed. Only supported types are AADToken,AzureKey,Anonymous
info    | autorest.bicep took 0ms
info    | Processing batch task - {"tag":"microsoft.recoveryservices-2019-06-15"} .
info    |    Loading local AutoRest extension '@autorest/bicep' (/home/runner/work/bicep-types-az/bicep-types-az/src/autorest.bicep)
info    |    Loading AutoRest extension '@autorest/modelerfour' (*->4.22.0)
warning | SkippedSemanticValidation | Semantic validation was skipped.
warning | PreCheck/SchemaMissingType | The schema 'BackupResourceVaultConfigResource' with an undefined type and declared properties is a bit ambiguous. This has been auto-corrected to 'type:object'
    - openapi-document.json:3934:4
warning | PreCheck/SchemaMissingType | The schema 'JobResource' with an undefined type and declared properties is a bit ambiguous. This has been auto-corrected to 'type:object'
    - openapi-document.json:6794:4
warning | PreCheck/SchemaMissingType | The schema 'OperationResultInfoBaseResource' with an undefined type and declared properties is a bit ambiguous. This has been auto-corrected to 'type:object'
    - openapi-document.json:8085:4
warning | PreCheck/SchemaMissingType | The schema 'ProtectedItemResource' with an undefined type and declared properties is a bit ambiguous. This has been auto-corrected to 'type:object'
    - openapi-document.json:8664:4
warning | PreCheck/SchemaMissingType | The schema 'ProtectionPolicyResource' with an undefined type and declared properties is a bit ambiguous. This has been auto-corrected to 'type:object'
    - openapi-document.json:8863:4
warning | PreCheck/SchemaMissingType | The schema 'RecoveryPointResource' with an undefined type and declared properties is a bit ambiguous. This has been auto-corrected to 'type:object'
    - openapi-document.json:9095:4
warning | PreCheck/SchemaMissingType | The schema 'RestoreRequestResource' with an undefined type and declared properties is a bit ambiguous. This has been auto-corrected to 'type:object'
    - openapi-document.json:9547:4
warning | PreCheck/CheckDuplicateSchemas | Checking for duplicate schemas, this could take a (long) while.  Run with --verbose for more detail.
warning | UnkownSecurityScheme | Security scheme azure_auth is unknown and will not be processed. Only supported types are AADToken,AzureKey,Anonymous
info    | autorest.bicep took 5ms
info    | Processing batch task - {"tag":"microsoft.recoveryservices-2016-12-01"} .
info    |    Loading local AutoRest extension '@autorest/bicep' (/home/runner/work/bicep-types-az/bicep-types-az/src/autorest.bicep)
info    |    Loading AutoRest extension '@autorest/modelerfour' (*->4.22.0)
warning | SkippedSemanticValidation | Semantic validation was skipped.
warning | PreCheck/SchemaMissingType | The schema 'BackupEngineBaseResource' with an undefined type and declared properties is a bit ambiguous. This has been auto-corrected to 'type:object'
    - openapi-document.json:1533:4
warning | PreCheck/SchemaMissingType | The schema 'BackupRequestResource' with an undefined type and declared properties is a bit ambiguous. This has been auto-corrected to 'type:object'
    - openapi-document.json:1848:4
warning | PreCheck/SchemaMissingType | The schema 'BackupResourceConfigResource' with an undefined type and declared properties is a bit ambiguous. This has been auto-corrected to 'type:object'
    - openapi-document.json:1918:4
warning | PreCheck/SchemaMissingType | The schema 'ILRRequestResource' with an undefined type and declared properties is a bit ambiguous. This has been auto-corrected to 'type:object'
    - openapi-document.json:3468:4
warning | PreCheck/SchemaMissingType | The schema 'ProtectableContainerResource' with an undefined type and declared properties is a bit ambiguous. This has been auto-corrected to 'type:object'
    - openapi-document.json:4652:4
warning | PreCheck/SchemaMissingType | The schema 'ProtectionContainerResource' with an undefined type and declared properties is a bit ambiguous. This has been auto-corrected to 'type:object'
    - openapi-document.json:4828:4
warning | PreCheck/SchemaMissingType | The schema 'WorkloadItemResource' with an undefined type and declared properties is a bit ambiguous. This has been auto-corrected to 'type:object'
    - openapi-document.json:5495:4
warning | PreCheck/SchemaMissingType | The schema 'WorkloadProtectableItemResource' with an undefined type and declared properties is a bit ambiguous. This has been auto-corrected to 'type:object'
    - openapi-document.json:5684:4
warning | PreCheck/CheckDuplicateSchemas | Checking for duplicate schemas, this could take a (long) while.  Run with --verbose for more detail.
warning | UnkownSecurityScheme | Security scheme azure_auth is unknown and will not be processed. Only supported types are AADToken,AzureKey,Anonymous
info    | autorest.bicep took 3ms
info    | Processing batch task - {"tag":"microsoft.recoveryservices-2019-05-13"} .
info    |    Loading local AutoRest extension '@autorest/bicep' (/home/runner/work/bicep-types-az/bicep-types-az/src/autorest.bicep)
info    |    Loading AutoRest extension '@autorest/modelerfour' (*->4.22.0)
warning | SkippedSemanticValidation | Semantic validation was skipped.
warning | PreCheck/SchemaMissingType | The schema 'BackupResourceVaultConfigResource' with an undefined type and declared properties is a bit ambiguous. This has been auto-corrected to 'type:object'
    - openapi-document.json:3836:4
warning | PreCheck/SchemaMissingType | The schema 'JobResource' with an undefined type and declared properties is a bit ambiguous. This has been auto-corrected to 'type:object'
    - openapi-document.json:6640:4
warning | PreCheck/SchemaMissingType | The schema 'OperationResultInfoBaseResource' with an undefined type and declared properties is a bit ambiguous. This has been auto-corrected to 'type:object'
    - openapi-document.json:7880:4
warning | PreCheck/SchemaMissingType | The schema 'ProtectedItemResource' with an undefined type and declared properties is a bit ambiguous. This has been auto-corrected to 'type:object'
    - openapi-document.json:8456:4
warning | PreCheck/SchemaMissingType | The schema 'ProtectionPolicyResource' with an undefined type and declared properties is a bit ambiguous. This has been auto-corrected to 'type:object'
    - openapi-document.json:8655:4
warning | PreCheck/SchemaMissingType | The schema 'RecoveryPointResource' with an undefined type and declared properties is a bit ambiguous. This has been auto-corrected to 'type:object'
    - openapi-document.json:8887:4
warning | PreCheck/SchemaMissingType | The schema 'RestoreRequestResource' with an undefined type and declared properties is a bit ambiguous. This has been auto-corrected to 'type:object'
    - openapi-document.json:9339:4
warning | PreCheck/CheckDuplicateSchemas | Checking for duplicate schemas, this could take a (long) while.  Run with --verbose for more detail.
warning | UnkownSecurityScheme | Security scheme azure_auth is unknown and will not be processed. Only supported types are AADToken,AzureKey,Anonymous
info    | autorest.bicep took 5ms
info    | Processing batch task - {"tag":"microsoft.recoveryservices-2016-06-01"} .
info    |    Loading local AutoRest extension '@autorest/bicep' (/home/runner/work/bicep-types-az/bicep-types-az/src/autorest.bicep)
info    |    Loading AutoRest extension '@autorest/modelerfour' (*->4.22.0)
warning | SkippedSemanticValidation | Semantic validation was skipped.
warning | PreCheck/SchemaMissingType | The schema 'JobResource' with an undefined type and declared properties is a bit ambiguous. This has been auto-corrected to 'type:object'
    - openapi-document.json:628:4
warning | PreCheck/SchemaMissingType | The schema 'WorkloadProtectableItemResource' with an undefined type and declared properties is a bit ambiguous. This has been auto-corrected to 'type:object'
    - openapi-document.json:1121:4
warning | PreCheck/SchemaMissingType | The schema 'ProtectedItemResource' with an undefined type and declared properties is a bit ambiguous. This has been auto-corrected to 'type:object'
    - openapi-document.json:1147:4
warning | PreCheck/SchemaMissingType | The schema 'BackupRequestResource' with an undefined type and declared properties is a bit ambiguous. This has been auto-corrected to 'type:object'
    - openapi-document.json:1546:4
warning | PreCheck/SchemaMissingType | The schema 'RecoveryPointResource' with an undefined type and declared properties is a bit ambiguous. This has been auto-corrected to 'type:object'
    - openapi-document.json:1740:4
warning | PreCheck/SchemaMissingType | The schema 'ProtectionContainerResource' with an undefined type and declared properties is a bit ambiguous. This has been auto-corrected to 'type:object'
    - openapi-document.json:1920:4
warning | PreCheck/SchemaMissingType | The schema 'ProtectionPolicyResource' with an undefined type and declared properties is a bit ambiguous. This has been auto-corrected to 'type:object'
    - openapi-document.json:2200:4
warning | PreCheck/SchemaMissingType | The schema 'RestoreRequestResource' with an undefined type and declared properties is a bit ambiguous. This has been auto-corrected to 'type:object'
    - openapi-document.json:2226:4
warning | PreCheck/SchemaMissingType | The schema 'ILRRequestResource' with an undefined type and declared properties is a bit ambiguous. This has been auto-corrected to 'type:object'
    - openapi-document.json:2344:4
warning | PreCheck/SchemaMissingType | The schema 'BackupEngineBaseResource' with an undefined type and declared properties is a bit ambiguous. This has been auto-corrected to 'type:object'
    - openapi-document.json:7477:4
warning | PreCheck/SchemaMissingType | The schema 'OperationResultInfoBaseResource' with an undefined type and declared properties is a bit ambiguous. This has been auto-corrected to 'type:object'
    - openapi-document.json:7503:4
warning | PreCheck/CheckDuplicateSchemas | Checking for duplicate schemas, this could take a (long) while.  Run with --verbose for more detail.
warning | UnkownSecurityScheme | Security scheme azure_auth is unknown and will not be processed. Only supported types are AADToken,AzureKey,Anonymous
warning | UnkownSecurityScheme | Security scheme azure_auth is unknown and will not be processed. Only supported types are AADToken,AzureKey,Anonymous
info    | autorest.bicep took 2ms
info    | Generation Complete
