AutoRest code generation utility [cli version: 3.2.0; node: v14.16.1, max-memory: 2048 MB]
(C) 2018 Microsoft Corporation.
https://aka.ms/autorest
   Loading AutoRest core      '/home/runner/work/bicep-types-az/bicep-types-az/src/generator/node_modules/@autorest/core/dist' (3.4.2)
INFORMATION: > Loading local AutoRest extension '@autorest/bicep' (/home/runner/work/bicep-types-az/bicep-types-az/src/generator)
Processing batch task - {"tag":"microsoft.network-2020-11-01"} .
INFORMATION: > Loading local AutoRest extension '@autorest/bicep' (/home/runner/work/bicep-types-az/bicep-types-az/src/generator)
Processing batch task - {"tag":"microsoft.network-2019-11-01"} .
INFORMATION: > Loading local AutoRest extension '@autorest/bicep' (/home/runner/work/bicep-types-az/bicep-types-az/src/generator)
Processing batch task - {"tag":"microsoft.network-2020-05-01"} .
INFORMATION: > Loading local AutoRest extension '@autorest/bicep' (/home/runner/work/bicep-types-az/bicep-types-az/src/generator)
Processing batch task - {"tag":"microsoft.network-2020-04-01"} .
INFORMATION: > Loading local AutoRest extension '@autorest/bicep' (/home/runner/work/bicep-types-az/bicep-types-az/src/generator)
Processing batch task - {"tag":"microsoft.network-2020-01-01"} .
INFORMATION: > Loading local AutoRest extension '@autorest/bicep' (/home/runner/work/bicep-types-az/bicep-types-az/src/generator)
Processing batch task - {"tag":"microsoft.network-2019-10-01"} .
INFORMATION: > Loading local AutoRest extension '@autorest/bicep' (/home/runner/work/bicep-types-az/bicep-types-az/src/generator)
Processing batch task - {"tag":"microsoft.network-2019-05-01"} .
INFORMATION: > Loading local AutoRest extension '@autorest/bicep' (/home/runner/work/bicep-types-az/bicep-types-az/src/generator)
Processing batch task - {"tag":"microsoft.network-2019-03-01"} .
INFORMATION: > Loading local AutoRest extension '@autorest/bicep' (/home/runner/work/bicep-types-az/bicep-types-az/src/generator)
Processing batch task - {"tag":"microsoft.network-2019-04-01"} .
INFORMATION: > Loading local AutoRest extension '@autorest/bicep' (/home/runner/work/bicep-types-az/bicep-types-az/src/generator)
Processing batch task - {"tag":"microsoft.network-2018-08-01-preview"} .
INFORMATION: > Loading local AutoRest extension '@autorest/bicep' (/home/runner/work/bicep-types-az/bicep-types-az/src/generator)
Processing batch task - {"tag":"microsoft.network-2019-03-01-preview"} .
INFORMATION: > Loading local AutoRest extension '@autorest/bicep' (/home/runner/work/bicep-types-az/bicep-types-az/src/generator)
[27.62 s] Generation Complete
