Generating types for 'specification/nginx/resource-manager/readme.md'
AutoRest code generation utility [cli version: 3.7.2; node: v22.22.0]
(C) 2018 Microsoft Corporation.
https://aka.ms/autorest
warning | SkippedSemanticValidation | Semantic validation was skipped.
warning | PreCheck/CheckDuplicateSchemas | Checking for duplicate schemas, this could take a (long) while.  Run with --verbose for more detail.
warning | SkippedSemanticValidation | Semantic validation was skipped.
warning | PreCheck/CheckDuplicateSchemas | Checking for duplicate schemas, this could take a (long) while.  Run with --verbose for more detail.
warning | SkippedSemanticValidation | Semantic validation was skipped.
warning | PreCheck/CheckDuplicateSchemas | Checking for duplicate schemas, this could take a (long) while.  Run with --verbose for more detail.
warning | SkippedSemanticValidation | Semantic validation was skipped.
warning | PreCheck/CheckDuplicateSchemas | Checking for duplicate schemas, this could take a (long) while.  Run with --verbose for more detail.
warning | SkippedSemanticValidation | Semantic validation was skipped.
warning | PreCheck/CheckDuplicateSchemas | Checking for duplicate schemas, this could take a (long) while.  Run with --verbose for more detail.
warning | SkippedSemanticValidation | Semantic validation was skipped.
warning | PreCheck/CheckDuplicateSchemas | Checking for duplicate schemas, this could take a (long) while.  Run with --verbose for more detail.
warning | SkippedSemanticValidation | Semantic validation was skipped.
warning | PreCheck/CheckDuplicateSchemas | Checking for duplicate schemas, this could take a (long) while.  Run with --verbose for more detail.
warning | PreCheck/DuplicateSchema | Duplicate Schema named 'WebApplicationFirewallSettings' (4 differences):
  - type: "object" => "string"
  - properties: {"activationState":{"x-ms-enum":{"modelAsString":true,"name":"WebApplicationFirewallSettings"},"$ref":"#/components/schemas/WebApplicationFirewallSettings","description":"The activation state of the WAF. Use 'Enabled' to enable the WAF and 'Disabled' to disable it."}} => <none>
  - enum: <none> => ["Enabled","Disabled"]
  - x-ms-enum: <none> => {"modelAsString":true,"name":"WebApplicationFirewallSettings"}
warning | PreNamer/DeduplicateName | Deduplicating schema name: 'WebApplicationFirewallSettings' -> 'WebApplicationFirewallSettingsAutoGenerated'
warning | SkippedSemanticValidation | Semantic validation was skipped.
warning | PreCheck/CheckDuplicateSchemas | Checking for duplicate schemas, this could take a (long) while.  Run with --verbose for more detail.
warning | PreCheck/DuplicateSchema | Duplicate Schema named 'WebApplicationFirewallSettings' (4 differences):
  - type: "object" => "string"
  - properties: {"activationState":{"x-ms-enum":{"modelAsString":true,"name":"WebApplicationFirewallSettings"},"$ref":"#/components/schemas/WebApplicationFirewallSettings","description":"The activation state of the WAF. Use 'Enabled' to enable the WAF and 'Disabled' to disable it."}} => <none>
  - enum: <none> => ["Enabled","Disabled"]
  - x-ms-enum: <none> => {"modelAsString":true,"name":"WebApplicationFirewallSettings"}
warning | PreNamer/DeduplicateName | Deduplicating schema name: 'WebApplicationFirewallSettings' -> 'WebApplicationFirewallSettingsAutoGenerated'
warning | SkippedSemanticValidation | Semantic validation was skipped.
warning | PreCheck/CheckDuplicateSchemas | Checking for duplicate schemas, this could take a (long) while.  Run with --verbose for more detail.
warning | SkippedSemanticValidation | Semantic validation was skipped.
warning | PreCheck/CheckDuplicateSchemas | Checking for duplicate schemas, this could take a (long) while.  Run with --verbose for more detail.
warning | Unrecognized property type: byte-array. Returning 'any'.
warning | Unrecognized property type: byte-array. Returning 'any'.
