Generating types for 'specification/azurestackhci/resource-manager/Microsoft.AzureStackHCI/StackHCI/readme.md'
AutoRest code generation utility [cli version: 3.7.2; node: v22.22.0]
(C) 2018 Microsoft Corporation.
https://aka.ms/autorest
warning | DeprecatedConfig | Using directive.0.suppress which is deprecated and will be removed in the future.
warning | DeprecatedConfig | Using directive.0.suppress which is deprecated and will be removed in the future.
warning | SkippedSemanticValidation | Semantic validation was skipped.
warning | PreCheck/CheckDuplicateSchemas | Checking for duplicate schemas, this could take a (long) while.  Run with --verbose for more detail.
warning | Modeler/MissingType | The schema 'ExtensionParameters-settings' has no type or format information whatsoever. Location:
   file:///home/runner/work/bicep-types-az/bicep-types-az/workflow-temp/azure-rest-api-specs/specification/azurestackhci/resource-manager/Microsoft.AzureStackHCI/StackHCI/preview/2026-03-01-preview/hci.json#/components/schemas/ExtensionParameters-settings
warning | Modeler/MissingType | The schema 'ExtensionParameters-protectedSettings' has no type or format information whatsoever. Location:
   file:///home/runner/work/bicep-types-az/bicep-types-az/workflow-temp/azure-rest-api-specs/specification/azurestackhci/resource-manager/Microsoft.AzureStackHCI/StackHCI/preview/2026-03-01-preview/hci.json#/components/schemas/ExtensionParameters-protectedSettings
warning | Modeler/MissingType | The schema 'ExtensionPatchParameters-settings' has no type or format information whatsoever. Location:
   file:///home/runner/work/bicep-types-az/bicep-types-az/workflow-temp/azure-rest-api-specs/specification/azurestackhci/resource-manager/Microsoft.AzureStackHCI/StackHCI/preview/2026-03-01-preview/hci.json#/components/schemas/ExtensionPatchParameters-settings
warning | Modeler/MissingType | The schema 'ExtensionPatchParameters-protectedSettings' has no type or format information whatsoever. Location:
   file:///home/runner/work/bicep-types-az/bicep-types-az/workflow-temp/azure-rest-api-specs/specification/azurestackhci/resource-manager/Microsoft.AzureStackHCI/StackHCI/preview/2026-03-01-preview/hci.json#/components/schemas/ExtensionPatchParameters-protectedSettings
warning | Modeler/MissingType | The schema 'PrecheckResult-healthCheckTags' has no type or format information whatsoever. Location:
   file:///home/runner/work/bicep-types-az/bicep-types-az/workflow-temp/azure-rest-api-specs/specification/azurestackhci/resource-manager/Microsoft.AzureStackHCI/StackHCI/preview/2026-03-01-preview/hci.json#/components/schemas/PrecheckResult-healthCheckTags
warning | Unrecognized property type: any-object. Returning 'any'.
warning | DeprecatedConfig | Using directive.0.suppress which is deprecated and will be removed in the future.
warning | SkippedSemanticValidation | Semantic validation was skipped.
warning | PreCheck/CheckDuplicateSchemas | Checking for duplicate schemas, this could take a (long) while.  Run with --verbose for more detail.
warning | Modeler/MissingType | The schema 'ExtensionParameters-settings' has no type or format information whatsoever. Location:
   file:///home/runner/work/bicep-types-az/bicep-types-az/workflow-temp/azure-rest-api-specs/specification/azurestackhci/resource-manager/Microsoft.AzureStackHCI/StackHCI/preview/2026-02-15-preview/hci.json#/components/schemas/ExtensionParameters-settings
warning | Modeler/MissingType | The schema 'ExtensionParameters-protectedSettings' has no type or format information whatsoever. Location:
   file:///home/runner/work/bicep-types-az/bicep-types-az/workflow-temp/azure-rest-api-specs/specification/azurestackhci/resource-manager/Microsoft.AzureStackHCI/StackHCI/preview/2026-02-15-preview/hci.json#/components/schemas/ExtensionParameters-protectedSettings
warning | Modeler/MissingType | The schema 'ExtensionPatchParameters-settings' has no type or format information whatsoever. Location:
   file:///home/runner/work/bicep-types-az/bicep-types-az/workflow-temp/azure-rest-api-specs/specification/azurestackhci/resource-manager/Microsoft.AzureStackHCI/StackHCI/preview/2026-02-15-preview/hci.json#/components/schemas/ExtensionPatchParameters-settings
warning | Modeler/MissingType | The schema 'ExtensionPatchParameters-protectedSettings' has no type or format information whatsoever. Location:
   file:///home/runner/work/bicep-types-az/bicep-types-az/workflow-temp/azure-rest-api-specs/specification/azurestackhci/resource-manager/Microsoft.AzureStackHCI/StackHCI/preview/2026-02-15-preview/hci.json#/components/schemas/ExtensionPatchParameters-protectedSettings
warning | Modeler/MissingType | The schema 'PrecheckResult-healthCheckTags' has no type or format information whatsoever. Location:
   file:///home/runner/work/bicep-types-az/bicep-types-az/workflow-temp/azure-rest-api-specs/specification/azurestackhci/resource-manager/Microsoft.AzureStackHCI/StackHCI/preview/2026-02-15-preview/hci.json#/components/schemas/PrecheckResult-healthCheckTags
warning | Unrecognized property type: any-object. Returning 'any'.
warning | DeprecatedConfig | Using directive.0.suppress which is deprecated and will be removed in the future.
warning | SkippedSemanticValidation | Semantic validation was skipped.
warning | PreCheck/CheckDuplicateSchemas | Checking for duplicate schemas, this could take a (long) while.  Run with --verbose for more detail.
warning | Modeler/MissingType | The schema 'ExtensionParameters-settings' has no type or format information whatsoever. Location:
   file:///home/runner/work/bicep-types-az/bicep-types-az/workflow-temp/azure-rest-api-specs/specification/azurestackhci/resource-manager/Microsoft.AzureStackHCI/StackHCI/stable/2026-02-01/hci.json#/components/schemas/ExtensionParameters-settings
warning | Modeler/MissingType | The schema 'ExtensionParameters-protectedSettings' has no type or format information whatsoever. Location:
   file:///home/runner/work/bicep-types-az/bicep-types-az/workflow-temp/azure-rest-api-specs/specification/azurestackhci/resource-manager/Microsoft.AzureStackHCI/StackHCI/stable/2026-02-01/hci.json#/components/schemas/ExtensionParameters-protectedSettings
warning | Modeler/MissingType | The schema 'ExtensionPatchParameters-settings' has no type or format information whatsoever. Location:
   file:///home/runner/work/bicep-types-az/bicep-types-az/workflow-temp/azure-rest-api-specs/specification/azurestackhci/resource-manager/Microsoft.AzureStackHCI/StackHCI/stable/2026-02-01/hci.json#/components/schemas/ExtensionPatchParameters-settings
warning | Modeler/MissingType | The schema 'ExtensionPatchParameters-protectedSettings' has no type or format information whatsoever. Location:
   file:///home/runner/work/bicep-types-az/bicep-types-az/workflow-temp/azure-rest-api-specs/specification/azurestackhci/resource-manager/Microsoft.AzureStackHCI/StackHCI/stable/2026-02-01/hci.json#/components/schemas/ExtensionPatchParameters-protectedSettings
warning | Modeler/MissingType | The schema 'PrecheckResult-healthCheckTags' has no type or format information whatsoever. Location:
   file:///home/runner/work/bicep-types-az/bicep-types-az/workflow-temp/azure-rest-api-specs/specification/azurestackhci/resource-manager/Microsoft.AzureStackHCI/StackHCI/stable/2026-02-01/hci.json#/components/schemas/PrecheckResult-healthCheckTags
warning | DeprecatedConfig | Using directive.0.suppress which is deprecated and will be removed in the future.
warning | SkippedSemanticValidation | Semantic validation was skipped.
warning | PreCheck/CheckDuplicateSchemas | Checking for duplicate schemas, this could take a (long) while.  Run with --verbose for more detail.
warning | Modeler/MissingType | The schema 'ExtensionParameters-settings' has no type or format information whatsoever. Location:
   file:///home/runner/work/bicep-types-az/bicep-types-az/workflow-temp/azure-rest-api-specs/specification/azurestackhci/resource-manager/Microsoft.AzureStackHCI/StackHCI/preview/2025-12-01-preview/hci.json#/components/schemas/ExtensionParameters-settings
warning | Modeler/MissingType | The schema 'ExtensionParameters-protectedSettings' has no type or format information whatsoever. Location:
   file:///home/runner/work/bicep-types-az/bicep-types-az/workflow-temp/azure-rest-api-specs/specification/azurestackhci/resource-manager/Microsoft.AzureStackHCI/StackHCI/preview/2025-12-01-preview/hci.json#/components/schemas/ExtensionParameters-protectedSettings
warning | Modeler/MissingType | The schema 'ExtensionPatchParameters-settings' has no type or format information whatsoever. Location:
   file:///home/runner/work/bicep-types-az/bicep-types-az/workflow-temp/azure-rest-api-specs/specification/azurestackhci/resource-manager/Microsoft.AzureStackHCI/StackHCI/preview/2025-12-01-preview/hci.json#/components/schemas/ExtensionPatchParameters-settings
warning | Modeler/MissingType | The schema 'ExtensionPatchParameters-protectedSettings' has no type or format information whatsoever. Location:
   file:///home/runner/work/bicep-types-az/bicep-types-az/workflow-temp/azure-rest-api-specs/specification/azurestackhci/resource-manager/Microsoft.AzureStackHCI/StackHCI/preview/2025-12-01-preview/hci.json#/components/schemas/ExtensionPatchParameters-protectedSettings
warning | Modeler/MissingType | The schema 'PrecheckResult-healthCheckTags' has no type or format information whatsoever. Location:
   file:///home/runner/work/bicep-types-az/bicep-types-az/workflow-temp/azure-rest-api-specs/specification/azurestackhci/resource-manager/Microsoft.AzureStackHCI/StackHCI/preview/2025-12-01-preview/hci.json#/components/schemas/PrecheckResult-healthCheckTags
warning | Unrecognized property type: any-object. Returning 'any'.
warning | DeprecatedConfig | Using directive.0.suppress which is deprecated and will be removed in the future.
warning | SkippedSemanticValidation | Semantic validation was skipped.
warning | PreCheck/CheckDuplicateSchemas | Checking for duplicate schemas, this could take a (long) while.  Run with --verbose for more detail.
warning | Modeler/MissingType | The schema 'ExtensionParameters-settings' has no type or format information whatsoever. Location:
   file:///home/runner/work/bicep-types-az/bicep-types-az/workflow-temp/azure-rest-api-specs/specification/azurestackhci/resource-manager/Microsoft.AzureStackHCI/StackHCI/preview/2025-11-01-preview/hci.json#/components/schemas/ExtensionParameters-settings
warning | Modeler/MissingType | The schema 'ExtensionParameters-protectedSettings' has no type or format information whatsoever. Location:
   file:///home/runner/work/bicep-types-az/bicep-types-az/workflow-temp/azure-rest-api-specs/specification/azurestackhci/resource-manager/Microsoft.AzureStackHCI/StackHCI/preview/2025-11-01-preview/hci.json#/components/schemas/ExtensionParameters-protectedSettings
warning | Modeler/MissingType | The schema 'ExtensionPatchParameters-settings' has no type or format information whatsoever. Location:
   file:///home/runner/work/bicep-types-az/bicep-types-az/workflow-temp/azure-rest-api-specs/specification/azurestackhci/resource-manager/Microsoft.AzureStackHCI/StackHCI/preview/2025-11-01-preview/hci.json#/components/schemas/ExtensionPatchParameters-settings
warning | Modeler/MissingType | The schema 'ExtensionPatchParameters-protectedSettings' has no type or format information whatsoever. Location:
   file:///home/runner/work/bicep-types-az/bicep-types-az/workflow-temp/azure-rest-api-specs/specification/azurestackhci/resource-manager/Microsoft.AzureStackHCI/StackHCI/preview/2025-11-01-preview/hci.json#/components/schemas/ExtensionPatchParameters-protectedSettings
warning | Modeler/MissingType | The schema 'PrecheckResult-healthCheckTags' has no type or format information whatsoever. Location:
   file:///home/runner/work/bicep-types-az/bicep-types-az/workflow-temp/azure-rest-api-specs/specification/azurestackhci/resource-manager/Microsoft.AzureStackHCI/StackHCI/preview/2025-11-01-preview/hci.json#/components/schemas/PrecheckResult-healthCheckTags
warning | DeprecatedConfig | Using directive.0.suppress which is deprecated and will be removed in the future.
warning | SkippedSemanticValidation | Semantic validation was skipped.
warning | PreCheck/CheckDuplicateSchemas | Checking for duplicate schemas, this could take a (long) while.  Run with --verbose for more detail.
warning | PreCheck/DuplicateSchema | Duplicate Schema named 'ErrorDetail' (1 differences):
  - properties.details.$ref: "#/components/schemas/schemas:792" => "#/components/schemas/schemas:896"
warning | PreCheck/DuplicateSchema | Duplicate Schema named 'ErrorResponse' (1 differences):
  - properties.error.$ref: "#/components/schemas/schemas:788" => "#/components/schemas/schemas:892"
warning | PreCheck/DuplicateSchema | Duplicate Schema named 'ProxyResource' (1 differences):
  - allOf.0.$ref: "#/components/schemas/schemas:829" => "#/components/schemas/schemas:930"
warning | PreCheck/DuplicateSchema | Duplicate Schema named 'Resource' (3 differences):
  - properties.id.$ref: "#/components/schemas/schemas:830" => "#/components/schemas/schemas:931"
  - properties.id.description: "Fully qualified resource ID for the resource. Ex - /subscriptions/{subscriptionId}/resourceGroups/{resourceGroupName}/providers/{resourceProviderNamespace}/{resourceType}/{resourceName}" => "Fully qualified resource ID for the resource. E.g. \"/subscriptions/{subscriptionId}/resourceGroups/{resourceGroupName}/providers/{resourceProviderNamespace}/{resourceType}/{resourceName}\""
  - properties.systemData.type: "object" => <none>
warning | PreNamer/DeduplicateName | Deduplicating schema name: 'ProxyResource' -> 'ProxyResourceAutoGenerated'
warning | PreNamer/DeduplicateName | Deduplicating schema name: 'Resource' -> 'ResourceAutoGenerated'
warning | PreNamer/DeduplicateName | Deduplicating schema name: 'ErrorResponse' -> 'ErrorResponseAutoGenerated'
warning | PreNamer/DeduplicateName | Deduplicating schema name: 'ErrorDetail' -> 'ErrorDetailAutoGenerated'
warning | Unrecognized property type: any-object. Returning 'any'.
warning | Unrecognized property type: any-object. Returning 'any'.
warning | Unrecognized property type: any-object. Returning 'any'.
warning | Unrecognized property type: any-object. Returning 'any'.
warning | DeprecatedConfig | Using directive.0.suppress which is deprecated and will be removed in the future.
warning | SkippedSemanticValidation | Semantic validation was skipped.
warning | PreCheck/CheckDuplicateSchemas | Checking for duplicate schemas, this could take a (long) while.  Run with --verbose for more detail.
warning | PreCheck/DuplicateSchema | Duplicate Schema named 'ErrorDetail' (1 differences):
  - properties.details.$ref: "#/components/schemas/schemas:806" => "#/components/schemas/schemas:910"
warning | PreCheck/DuplicateSchema | Duplicate Schema named 'ErrorResponse' (1 differences):
  - properties.error.$ref: "#/components/schemas/schemas:802" => "#/components/schemas/schemas:906"
warning | PreCheck/DuplicateSchema | Duplicate Schema named 'ProxyResource' (1 differences):
  - allOf.0.$ref: "#/components/schemas/schemas:843" => "#/components/schemas/schemas:944"
warning | PreCheck/DuplicateSchema | Duplicate Schema named 'Resource' (3 differences):
  - properties.id.$ref: "#/components/schemas/schemas:844" => "#/components/schemas/schemas:945"
  - properties.id.description: "Fully qualified resource ID for the resource. Ex - /subscriptions/{subscriptionId}/resourceGroups/{resourceGroupName}/providers/{resourceProviderNamespace}/{resourceType}/{resourceName}" => "Fully qualified resource ID for the resource. E.g. \"/subscriptions/{subscriptionId}/resourceGroups/{resourceGroupName}/providers/{resourceProviderNamespace}/{resourceType}/{resourceName}\""
  - properties.systemData.type: "object" => <none>
warning | PreNamer/DeduplicateName | Deduplicating schema name: 'ProxyResource' -> 'ProxyResourceAutoGenerated'
warning | PreNamer/DeduplicateName | Deduplicating schema name: 'Resource' -> 'ResourceAutoGenerated'
warning | PreNamer/DeduplicateName | Deduplicating schema name: 'ErrorResponse' -> 'ErrorResponseAutoGenerated'
warning | PreNamer/DeduplicateName | Deduplicating schema name: 'ErrorDetail' -> 'ErrorDetailAutoGenerated'
warning | Unrecognized property type: any-object. Returning 'any'.
warning | Unrecognized property type: any-object. Returning 'any'.
warning | Unrecognized property type: any-object. Returning 'any'.
warning | Unrecognized property type: any-object. Returning 'any'.
warning | DeprecatedConfig | Using directive.0.suppress which is deprecated and will be removed in the future.
warning | SkippedSemanticValidation | Semantic validation was skipped.
warning | PreCheck/CheckDuplicateSchemas | Checking for duplicate schemas, this could take a (long) while.  Run with --verbose for more detail.
warning | PreCheck/DuplicateSchema | Duplicate Schema named 'ErrorDetail' (1 differences):
  - properties.details.$ref: "#/components/schemas/schemas:780" => "#/components/schemas/schemas:890"
warning | PreCheck/DuplicateSchema | Duplicate Schema named 'ErrorDetail' (1 differences):
  - properties.details.$ref: "#/components/schemas/schemas:780" => "#/components/schemas/schemas:994"
warning | PreCheck/DuplicateSchema | Duplicate Schema named 'ErrorResponse' (1 differences):
  - properties.error.$ref: "#/components/schemas/schemas:776" => "#/components/schemas/schemas:886"
warning | PreCheck/DuplicateSchema | Duplicate Schema named 'ErrorResponse' (1 differences):
  - properties.error.$ref: "#/components/schemas/schemas:776" => "#/components/schemas/schemas:990"
warning | PreCheck/DuplicateSchema | Duplicate Schema named 'ProxyResource' (1 differences):
  - allOf.0.$ref: "#/components/schemas/schemas:818" => "#/components/schemas/schemas:927"
warning | PreCheck/DuplicateSchema | Duplicate Schema named 'Resource' (3 differences):
  - properties.id.$ref: "#/components/schemas/schemas:819" => "#/components/schemas/schemas:928"
  - properties.id.description: "Fully qualified resource ID for the resource. E.g. \"/subscriptions/{subscriptionId}/resourceGroups/{resourceGroupName}/providers/{resourceProviderNamespace}/{resourceType}/{resourceName}\"" => "Fully qualified resource ID for the resource. Ex - /subscriptions/{subscriptionId}/resourceGroups/{resourceGroupName}/providers/{resourceProviderNamespace}/{resourceType}/{resourceName}"
  - properties.systemData.type: <none> => "object"
warning | PreNamer/DeduplicateName | Deduplicating schema name: 'ProxyResource' -> 'ProxyResourceAutoGenerated'
warning | PreNamer/DeduplicateName | Deduplicating schema name: 'Resource' -> 'ResourceAutoGenerated'
warning | PreNamer/DeduplicateName | Deduplicating schema name: 'ErrorResponse' -> 'ErrorResponseAutoGenerated'
warning | PreNamer/DeduplicateName | Deduplicating schema name: 'ErrorResponse' -> 'ErrorResponseAutoGenerated2'
warning | PreNamer/DeduplicateName | Deduplicating schema name: 'ErrorDetail' -> 'ErrorDetailAutoGenerated'
warning | PreNamer/DeduplicateName | Deduplicating schema name: 'ErrorDetail' -> 'ErrorDetailAutoGenerated2'
warning | Unrecognized property type: any-object. Returning 'any'.
warning | Unrecognized property type: any-object. Returning 'any'.
warning | Unrecognized property type: any-object. Returning 'any'.
warning | Unrecognized property type: any-object. Returning 'any'.
warning | DeprecatedConfig | Using directive.0.suppress which is deprecated and will be removed in the future.
warning | SkippedSemanticValidation | Semantic validation was skipped.
warning | PreCheck/CheckDuplicateSchemas | Checking for duplicate schemas, this could take a (long) while.  Run with --verbose for more detail.
warning | PreCheck/DuplicateSchema | Duplicate Schema named 'ErrorDetail' (1 differences):
  - properties.details.$ref: "#/components/schemas/schemas:725" => "#/components/schemas/schemas:835"
warning | PreCheck/DuplicateSchema | Duplicate Schema named 'ErrorResponse' (1 differences):
  - properties.error.$ref: "#/components/schemas/schemas:721" => "#/components/schemas/schemas:831"
warning | PreCheck/DuplicateSchema | Duplicate Schema named 'ProxyResource' (1 differences):
  - allOf.0.$ref: "#/components/schemas/schemas:763" => "#/components/schemas/schemas:872"
warning | PreCheck/DuplicateSchema | Duplicate Schema named 'Resource' (3 differences):
  - properties.id.$ref: "#/components/schemas/schemas:764" => "#/components/schemas/schemas:873"
  - properties.id.description: "Fully qualified resource ID for the resource. E.g. \"/subscriptions/{subscriptionId}/resourceGroups/{resourceGroupName}/providers/{resourceProviderNamespace}/{resourceType}/{resourceName}\"" => "Fully qualified resource ID for the resource. Ex - /subscriptions/{subscriptionId}/resourceGroups/{resourceGroupName}/providers/{resourceProviderNamespace}/{resourceType}/{resourceName}"
  - properties.systemData.type: <none> => "object"
warning | PreNamer/DeduplicateName | Deduplicating schema name: 'ProxyResource' -> 'ProxyResourceAutoGenerated'
warning | PreNamer/DeduplicateName | Deduplicating schema name: 'Resource' -> 'ResourceAutoGenerated'
warning | PreNamer/DeduplicateName | Deduplicating schema name: 'ErrorResponse' -> 'ErrorResponseAutoGenerated'
warning | PreNamer/DeduplicateName | Deduplicating schema name: 'ErrorDetail' -> 'ErrorDetailAutoGenerated'
warning | Unrecognized property type: any-object. Returning 'any'.
warning | Unrecognized property type: any-object. Returning 'any'.
warning | Unrecognized property type: any-object. Returning 'any'.
warning | Unrecognized property type: any-object. Returning 'any'.
warning | DeprecatedConfig | Using directive.0.suppress which is deprecated and will be removed in the future.
warning | SkippedSemanticValidation | Semantic validation was skipped.
warning | PreCheck/CheckDuplicateSchemas | Checking for duplicate schemas, this could take a (long) while.  Run with --verbose for more detail.
warning | PreCheck/DuplicateSchema | Duplicate Schema named 'ErrorDetail' (1 differences):
  - properties.details.$ref: "#/components/schemas/schemas:733" => "#/components/schemas/schemas:831"
warning | PreCheck/DuplicateSchema | Duplicate Schema named 'ErrorResponse' (1 differences):
  - properties.error.$ref: "#/components/schemas/schemas:729" => "#/components/schemas/schemas:827"
warning | PreCheck/DuplicateSchema | Duplicate Schema named 'ProxyResource' (1 differences):
  - allOf.0.$ref: "#/components/schemas/schemas:771" => "#/components/schemas/schemas:868"
warning | PreCheck/DuplicateSchema | Duplicate Schema named 'Resource' (3 differences):
  - properties.id.$ref: "#/components/schemas/schemas:772" => "#/components/schemas/schemas:869"
  - properties.id.description: "Fully qualified resource ID for the resource. E.g. \"/subscriptions/{subscriptionId}/resourceGroups/{resourceGroupName}/providers/{resourceProviderNamespace}/{resourceType}/{resourceName}\"" => "Fully qualified resource ID for the resource. Ex - /subscriptions/{subscriptionId}/resourceGroups/{resourceGroupName}/providers/{resourceProviderNamespace}/{resourceType}/{resourceName}"
  - properties.systemData.type: <none> => "object"
warning | PreNamer/DeduplicateName | Deduplicating schema name: 'ProxyResource' -> 'ProxyResourceAutoGenerated'
warning | PreNamer/DeduplicateName | Deduplicating schema name: 'Resource' -> 'ResourceAutoGenerated'
warning | PreNamer/DeduplicateName | Deduplicating schema name: 'ErrorResponse' -> 'ErrorResponseAutoGenerated'
warning | PreNamer/DeduplicateName | Deduplicating schema name: 'ErrorDetail' -> 'ErrorDetailAutoGenerated'
warning | Unrecognized property type: any-object. Returning 'any'.
warning | Unrecognized property type: any-object. Returning 'any'.
warning | Unrecognized property type: any-object. Returning 'any'.
warning | Unrecognized property type: any-object. Returning 'any'.
warning | DeprecatedConfig | Using directive.0.suppress which is deprecated and will be removed in the future.
warning | SkippedSemanticValidation | Semantic validation was skipped.
warning | PreCheck/CheckDuplicateSchemas | Checking for duplicate schemas, this could take a (long) while.  Run with --verbose for more detail.
warning | PreCheck/DuplicateSchema | Duplicate Schema named 'ErrorDetail' (1 differences):
  - properties.details.$ref: "#/components/schemas/schemas:649" => "#/components/schemas/schemas:747"
warning | PreCheck/DuplicateSchema | Duplicate Schema named 'ErrorResponse' (1 differences):
  - properties.error.$ref: "#/components/schemas/schemas:645" => "#/components/schemas/schemas:743"
warning | PreCheck/DuplicateSchema | Duplicate Schema named 'ProxyResource' (1 differences):
  - allOf.0.$ref: "#/components/schemas/schemas:687" => "#/components/schemas/schemas:784"
warning | PreCheck/DuplicateSchema | Duplicate Schema named 'Resource' (3 differences):
  - properties.id.$ref: "#/components/schemas/schemas:688" => "#/components/schemas/schemas:785"
  - properties.id.description: "Fully qualified resource ID for the resource. E.g. \"/subscriptions/{subscriptionId}/resourceGroups/{resourceGroupName}/providers/{resourceProviderNamespace}/{resourceType}/{resourceName}\"" => "Fully qualified resource ID for the resource. Ex - /subscriptions/{subscriptionId}/resourceGroups/{resourceGroupName}/providers/{resourceProviderNamespace}/{resourceType}/{resourceName}"
  - properties.systemData.type: <none> => "object"
warning | PreNamer/DeduplicateName | Deduplicating schema name: 'ProxyResource' -> 'ProxyResourceAutoGenerated'
warning | PreNamer/DeduplicateName | Deduplicating schema name: 'Resource' -> 'ResourceAutoGenerated'
warning | PreNamer/DeduplicateName | Deduplicating schema name: 'ErrorResponse' -> 'ErrorResponseAutoGenerated'
warning | PreNamer/DeduplicateName | Deduplicating schema name: 'ErrorDetail' -> 'ErrorDetailAutoGenerated'
warning | Unrecognized property type: any-object. Returning 'any'.
warning | Unrecognized property type: any-object. Returning 'any'.
warning | Unrecognized property type: any-object. Returning 'any'.
warning | Unrecognized property type: any-object. Returning 'any'.
warning | DeprecatedConfig | Using directive.0.suppress which is deprecated and will be removed in the future.
warning | SkippedSemanticValidation | Semantic validation was skipped.
warning | PreCheck/CheckDuplicateSchemas | Checking for duplicate schemas, this could take a (long) while.  Run with --verbose for more detail.
warning | PreCheck/DuplicateSchema | Duplicate Schema named 'ErrorDetail' (1 differences):
  - properties.details.$ref: "#/components/schemas/schemas:644" => "#/components/schemas/schemas:736"
warning | PreCheck/DuplicateSchema | Duplicate Schema named 'ErrorResponse' (1 differences):
  - properties.error.$ref: "#/components/schemas/schemas:640" => "#/components/schemas/schemas:732"
warning | PreCheck/DuplicateSchema | Duplicate Schema named 'ProxyResource' (1 differences):
  - allOf.0.$ref: "#/components/schemas/schemas:681" => "#/components/schemas/schemas:774"
warning | PreCheck/DuplicateSchema | Duplicate Schema named 'Resource' (3 differences):
  - properties.id.$ref: "#/components/schemas/schemas:682" => "#/components/schemas/schemas:775"
  - properties.id.description: "Fully qualified resource ID for the resource. Ex - /subscriptions/{subscriptionId}/resourceGroups/{resourceGroupName}/providers/{resourceProviderNamespace}/{resourceType}/{resourceName}" => "Fully qualified resource ID for the resource. E.g. \"/subscriptions/{subscriptionId}/resourceGroups/{resourceGroupName}/providers/{resourceProviderNamespace}/{resourceType}/{resourceName}\""
  - properties.systemData.type: "object" => <none>
warning | PreNamer/DeduplicateName | Deduplicating schema name: 'ProxyResource' -> 'ProxyResourceAutoGenerated'
warning | PreNamer/DeduplicateName | Deduplicating schema name: 'Resource' -> 'ResourceAutoGenerated'
warning | PreNamer/DeduplicateName | Deduplicating schema name: 'ErrorResponse' -> 'ErrorResponseAutoGenerated'
warning | PreNamer/DeduplicateName | Deduplicating schema name: 'ErrorDetail' -> 'ErrorDetailAutoGenerated'
warning | Unrecognized property type: any-object. Returning 'any'.
warning | Unrecognized property type: any-object. Returning 'any'.
warning | Unrecognized property type: any-object. Returning 'any'.
warning | DeprecatedConfig | Using directive.0.suppress which is deprecated and will be removed in the future.
warning | Transform/DirectiveCodeError | Directive with 'where' clause '$.definitions' failed to execute transformation in path 'definitions':
 
  | $.Intents['x-ms-client-name'] = 'DeploymentSettingIntents'; $.HostNetwork['x-ms-client-name'] = 'DeploymentSettingHostNetwork'; $.StorageNetworks['x-ms-client-name'] = 'DeploymentSettingStorageNetworks'; $.StorageAdapterIPInfo['x-ms-client-name'] = 'DeploymentSettingStorageAdapterIPInfo'; $.AdapterPropertyOverrides['x-ms-client-name'] = 'DeploymentSettingAdapterPropertyOverrides'; $.VirtualSwitchConfigurationOverrides['x-ms-client-name'] = 'DeploymentSettingVirtualSwitchConfigurationOverrides';


  'Cannot set properties of undefined (setting 'x-ms-client-name')'
warning | Transform/DirectiveCodeError | Directive with 'where' clause '$.definitions' failed to execute transformation in path 'definitions':
 
  | $.ErrorDetail['x-ms-client-name'] = 'HciValidationFailureDetail'; $.Extension['x-ms-client-name'] = 'HciEdgeDeviceArcExtension'; $.Intents['x-ms-client-name'] = 'HciEdgeDeviceIntents'; $.HostNetwork['x-ms-client-name'] = 'HciEdgeDeviceHostNetwork'; $.StorageNetworks['x-ms-client-name'] = 'HciEdgeDeviceStorageNetworks'; $.StorageAdapterIPInfo['x-ms-client-name'] = 'HciEdgeDeviceStorageAdapterIPInfo'; $.AdapterPropertyOverrides['x-ms-client-name'] = 'HciEdgeDeviceAdapterPropertyOverrides'; $.VirtualSwitchConfigurationOverrides['x-ms-client-name'] = 'HciEdgeDeviceVirtualSwitchConfigurationOverrides';


  'Cannot set properties of undefined (setting 'x-ms-client-name')'
warning | SkippedSemanticValidation | Semantic validation was skipped.
warning | PreCheck/CheckDuplicateSchemas | Checking for duplicate schemas, this could take a (long) while.  Run with --verbose for more detail.
warning | Unrecognized property type: any-object. Returning 'any'.
warning | Unrecognized property type: any-object. Returning 'any'.
warning | Unrecognized property type: any-object. Returning 'any'.
warning | DeprecatedConfig | Using directive.0.suppress which is deprecated and will be removed in the future.
warning | Transform/DirectiveCodeError | Directive with 'where' clause '$.definitions' failed to execute transformation in path 'definitions':
 
  | $.Intents['x-ms-client-name'] = 'DeploymentSettingIntents'; $.HostNetwork['x-ms-client-name'] = 'DeploymentSettingHostNetwork'; $.StorageNetworks['x-ms-client-name'] = 'DeploymentSettingStorageNetworks'; $.StorageAdapterIPInfo['x-ms-client-name'] = 'DeploymentSettingStorageAdapterIPInfo'; $.AdapterPropertyOverrides['x-ms-client-name'] = 'DeploymentSettingAdapterPropertyOverrides'; $.VirtualSwitchConfigurationOverrides['x-ms-client-name'] = 'DeploymentSettingVirtualSwitchConfigurationOverrides';


  'Cannot set properties of undefined (setting 'x-ms-client-name')'
warning | Transform/DirectiveCodeError | Directive with 'where' clause '$.definitions' failed to execute transformation in path 'definitions':
 
  | $.ErrorDetail['x-ms-client-name'] = 'HciValidationFailureDetail'; $.Extension['x-ms-client-name'] = 'HciEdgeDeviceArcExtension'; $.Intents['x-ms-client-name'] = 'HciEdgeDeviceIntents'; $.HostNetwork['x-ms-client-name'] = 'HciEdgeDeviceHostNetwork'; $.StorageNetworks['x-ms-client-name'] = 'HciEdgeDeviceStorageNetworks'; $.StorageAdapterIPInfo['x-ms-client-name'] = 'HciEdgeDeviceStorageAdapterIPInfo'; $.AdapterPropertyOverrides['x-ms-client-name'] = 'HciEdgeDeviceAdapterPropertyOverrides'; $.VirtualSwitchConfigurationOverrides['x-ms-client-name'] = 'HciEdgeDeviceVirtualSwitchConfigurationOverrides';


  'Cannot set properties of undefined (setting 'x-ms-client-name')'
warning | SkippedSemanticValidation | Semantic validation was skipped.
warning | PreCheck/CheckDuplicateSchemas | Checking for duplicate schemas, this could take a (long) while.  Run with --verbose for more detail.
warning | Unrecognized property type: any-object. Returning 'any'.
warning | Unrecognized property type: any-object. Returning 'any'.
warning | Unrecognized property type: any-object. Returning 'any'.
warning | DeprecatedConfig | Using directive.0.suppress which is deprecated and will be removed in the future.
warning | Transform/DirectiveCodeError | Directive with 'where' clause '$.definitions' failed to execute transformation in path 'definitions':
 
  | $.Intents['x-ms-client-name'] = 'DeploymentSettingIntents'; $.HostNetwork['x-ms-client-name'] = 'DeploymentSettingHostNetwork'; $.StorageNetworks['x-ms-client-name'] = 'DeploymentSettingStorageNetworks'; $.StorageAdapterIPInfo['x-ms-client-name'] = 'DeploymentSettingStorageAdapterIPInfo'; $.AdapterPropertyOverrides['x-ms-client-name'] = 'DeploymentSettingAdapterPropertyOverrides'; $.VirtualSwitchConfigurationOverrides['x-ms-client-name'] = 'DeploymentSettingVirtualSwitchConfigurationOverrides';


  'Cannot set properties of undefined (setting 'x-ms-client-name')'
warning | Transform/DirectiveCodeError | Directive with 'where' clause '$.definitions' failed to execute transformation in path 'definitions':
 
  | $.ErrorDetail['x-ms-client-name'] = 'HciValidationFailureDetail'; $.Extension['x-ms-client-name'] = 'HciEdgeDeviceArcExtension'; $.Intents['x-ms-client-name'] = 'HciEdgeDeviceIntents'; $.HostNetwork['x-ms-client-name'] = 'HciEdgeDeviceHostNetwork'; $.StorageNetworks['x-ms-client-name'] = 'HciEdgeDeviceStorageNetworks'; $.StorageAdapterIPInfo['x-ms-client-name'] = 'HciEdgeDeviceStorageAdapterIPInfo'; $.AdapterPropertyOverrides['x-ms-client-name'] = 'HciEdgeDeviceAdapterPropertyOverrides'; $.VirtualSwitchConfigurationOverrides['x-ms-client-name'] = 'HciEdgeDeviceVirtualSwitchConfigurationOverrides';


  'Cannot set properties of undefined (setting 'x-ms-client-name')'
warning | SkippedSemanticValidation | Semantic validation was skipped.
warning | PreCheck/SchemaMissingType | The schema 'PrecheckResult' with an undefined type and declared properties is a bit ambiguous. This has been auto-corrected to 'type:object'
    - file:///home/runner/work/bicep-types-az/bicep-types-az/workflow-temp/azure-rest-api-specs/specification/azurestackhci/resource-manager/Microsoft.AzureStackHCI/StackHCI/preview/2023-08-01-preview/updateSummaries.json:389:5
warning | PreCheck/SchemaMissingType | The schema 'PrecheckResult' with an undefined type and declared properties is a bit ambiguous. This has been auto-corrected to 'type:object'
    - file:///home/runner/work/bicep-types-az/bicep-types-az/workflow-temp/azure-rest-api-specs/specification/azurestackhci/resource-manager/Microsoft.AzureStackHCI/StackHCI/preview/2023-08-01-preview/updates.json:553:5
warning | PreCheck/CheckDuplicateSchemas | Checking for duplicate schemas, this could take a (long) while.  Run with --verbose for more detail.
warning | PreCheck/DuplicateSchema | Duplicate Schema named 'Cluster' (8 differences):
  - allOf: [{"$ref":"#/components/schemas/schemas:532"}] => <none>
  - properties.identity: {"description":"Identity of Cluster resource","$ref":"#/components/schemas/schemas:555","x-ms-client-flatten":true} => <none>
  - properties.properties: {"description":"Cluster properties.","$ref":"#/components/schemas/schemas:53","x-ms-client-flatten":true} => <none>
  - properties.name: <none> => {"$ref":"#/components/schemas/schemas:340","description":"The cluster name provided when preparing Active Directory."}
  - properties.witnessType: <none> => {"$ref":"#/components/schemas/schemas:341","description":"Use a cloud witness if you have internet access and if you use an Azure Storage account to provide a vote on cluster quorum. A cloud witness uses Azure Blob Storage to read or write a blob file and then uses it to arbitrate in split-brain resolution. Only allowed values are 'Cloud', 'FileShare'. "}
  - properties.witnessPath: <none> => {"$ref":"#/components/schemas/schemas:342","description":"Specify the fileshare path for the local witness for your Azure Stack HCI cluster."}
  - properties.cloudAccountName: <none> => {"$ref":"#/components/schemas/schemas:343","description":"Specify the Azure Storage account name for cloud witness for your Azure Stack HCI cluster."}
  - properties.azureServiceEndpoint: <none> => {"$ref":"#/components/schemas/schemas:344","description":"For Azure blob service endpoint type, select either Default or Custom domain. If you selected **Custom domain, enter the domain for the blob service in this format core.windows.net."}
warning | PreCheck/DuplicateSchema | Duplicate Schema named 'Step' (23 differences):
  - properties.name.$ref: "#/components/schemas/schemas:230" => "#/components/schemas/schemas:399"
  - properties.name.description: "Name of the step." => "Name of step."
  - properties.name.readOnly: <none> => true
  - properties.description.$ref: "#/components/schemas/schemas:231" => "#/components/schemas/schemas:400"
  - properties.description.description: "More detailed description of the step." => "Description of step."
  - properties.description.readOnly: <none> => true
  - properties.errorMessage: {"$ref":"#/components/schemas/schemas:232","description":"Error message, specified if the step is in a failed state."} => <none>
  - properties.status.$ref: "#/components/schemas/schemas:233" => "#/components/schemas/schemas:404"
  - properties.status.description: "Status of the step, bubbled up from the ECE action plan for installation attempts. Values are: 'Success', 'Error', 'InProgress', and 'Unknown status'." => "Status of step. Allowed values are 'Error', 'Success', 'InProgress'"
  - properties.status.readOnly: <none> => true
  - properties.startTimeUtc.$ref: "#/components/schemas/schemas:234" => "#/components/schemas/schemas:402"
  - properties.startTimeUtc.description: "When the step started, or empty if it has not started executing." => "Start time of step."
  - properties.startTimeUtc.readOnly: <none> => true
  - properties.endTimeUtc.$ref: "#/components/schemas/schemas:235" => "#/components/schemas/schemas:403"
  - properties.endTimeUtc.description: "When the step reached a terminal state." => "End time of step."
  - properties.endTimeUtc.readOnly: <none> => true
  - properties.lastUpdatedTimeUtc: {"$ref":"#/components/schemas/schemas:236","description":"Completion time of this step or the last completed sub-step."} => <none>
  - properties.steps.x-ms-identifiers.0: "name" => <none>
  - properties.steps.$ref: "#/components/schemas/schemas:237" => "#/components/schemas/schemas:405"
  - properties.steps.description: "Recursive model for child steps of this step." => "List of nested steps of AzureStackHCI Cluster Deployment."
  - properties.steps.readOnly: <none> => true
  - properties.fullStepIndex: <none> => {"$ref":"#/components/schemas/schemas:401","description":"FullStepIndex of step.","readOnly":true}
  - properties.exception: <none> => {"x-ms-identifiers":[],"$ref":"#/components/schemas/schemas:406","description":"List of exceptions in AzureStackHCI Cluster Deployment.","readOnly":true}
warning | PreNamer/DeduplicateName | Deduplicating schema name: 'Cluster' -> 'ClusterAutoGenerated'
warning | PreNamer/DeduplicateName | Deduplicating schema name: 'Step' -> 'StepAutoGenerated'
warning | Unrecognized property type: any-object. Returning 'any'.
warning | Unrecognized property type: any-object. Returning 'any'.
warning | Unrecognized property type: any-object. Returning 'any'.
warning | DeprecatedConfig | Using directive.0.suppress which is deprecated and will be removed in the future.
warning | SkippedSemanticValidation | Semantic validation was skipped.
warning | PreCheck/SchemaMissingType | The schema 'PrecheckResult' with an undefined type and declared properties is a bit ambiguous. This has been auto-corrected to 'type:object'
    - file:///home/runner/work/bicep-types-az/bicep-types-az/workflow-temp/azure-rest-api-specs/specification/azurestackhci/resource-manager/Microsoft.AzureStackHCI/StackHCI/stable/2023-08-01/updateSummaries.json:389:5
warning | PreCheck/SchemaMissingType | The schema 'PrecheckResult' with an undefined type and declared properties is a bit ambiguous. This has been auto-corrected to 'type:object'
    - file:///home/runner/work/bicep-types-az/bicep-types-az/workflow-temp/azure-rest-api-specs/specification/azurestackhci/resource-manager/Microsoft.AzureStackHCI/StackHCI/stable/2023-08-01/updates.json:553:5
warning | PreCheck/CheckDuplicateSchemas | Checking for duplicate schemas, this could take a (long) while.  Run with --verbose for more detail.
warning | Unrecognized property type: any-object. Returning 'any'.
warning | Unrecognized property type: any-object. Returning 'any'.
warning | Unrecognized property type: any-object. Returning 'any'.
warning | DeprecatedConfig | Using directive.0.suppress which is deprecated and will be removed in the future.
warning | SkippedSemanticValidation | Semantic validation was skipped.
warning | PreCheck/SchemaMissingType | The schema 'PrecheckResult' with an undefined type and declared properties is a bit ambiguous. This has been auto-corrected to 'type:object'
    - file:///home/runner/work/bicep-types-az/bicep-types-az/workflow-temp/azure-rest-api-specs/specification/azurestackhci/resource-manager/Microsoft.AzureStackHCI/StackHCI/stable/2023-06-01/updateSummaries.json:389:5
warning | PreCheck/SchemaMissingType | The schema 'PrecheckResult' with an undefined type and declared properties is a bit ambiguous. This has been auto-corrected to 'type:object'
    - file:///home/runner/work/bicep-types-az/bicep-types-az/workflow-temp/azure-rest-api-specs/specification/azurestackhci/resource-manager/Microsoft.AzureStackHCI/StackHCI/stable/2023-06-01/updates.json:553:5
warning | PreCheck/CheckDuplicateSchemas | Checking for duplicate schemas, this could take a (long) while.  Run with --verbose for more detail.
warning | Unrecognized property type: any-object. Returning 'any'.
warning | Unrecognized property type: any-object. Returning 'any'.
warning | Unrecognized property type: any-object. Returning 'any'.
warning | DeprecatedConfig | Using directive.0.suppress which is deprecated and will be removed in the future.
warning | SkippedSemanticValidation | Semantic validation was skipped.
warning | PreCheck/SchemaMissingType | The schema 'PrecheckResult' with an undefined type and declared properties is a bit ambiguous. This has been auto-corrected to 'type:object'
    - file:///home/runner/work/bicep-types-az/bicep-types-az/workflow-temp/azure-rest-api-specs/specification/azurestackhci/resource-manager/Microsoft.AzureStackHCI/StackHCI/stable/2023-03-01/updateSummaries.json:389:5
warning | PreCheck/SchemaMissingType | The schema 'PrecheckResult' with an undefined type and declared properties is a bit ambiguous. This has been auto-corrected to 'type:object'
    - file:///home/runner/work/bicep-types-az/bicep-types-az/workflow-temp/azure-rest-api-specs/specification/azurestackhci/resource-manager/Microsoft.AzureStackHCI/StackHCI/stable/2023-03-01/updates.json:553:5
warning | PreCheck/CheckDuplicateSchemas | Checking for duplicate schemas, this could take a (long) while.  Run with --verbose for more detail.
warning | Unrecognized property type: any-object. Returning 'any'.
warning | Unrecognized property type: any-object. Returning 'any'.
warning | Unrecognized property type: any-object. Returning 'any'.
warning | DeprecatedConfig | Using directive.0.suppress which is deprecated and will be removed in the future.
warning | SkippedSemanticValidation | Semantic validation was skipped.
warning | PreCheck/SchemaMissingType | The schema 'PrecheckResult' with an undefined type and declared properties is a bit ambiguous. This has been auto-corrected to 'type:object'
    - file:///home/runner/work/bicep-types-az/bicep-types-az/workflow-temp/azure-rest-api-specs/specification/azurestackhci/resource-manager/Microsoft.AzureStackHCI/StackHCI/stable/2023-02-01/updateSummaries.json:389:5
warning | PreCheck/SchemaMissingType | The schema 'PrecheckResult' with an undefined type and declared properties is a bit ambiguous. This has been auto-corrected to 'type:object'
    - file:///home/runner/work/bicep-types-az/bicep-types-az/workflow-temp/azure-rest-api-specs/specification/azurestackhci/resource-manager/Microsoft.AzureStackHCI/StackHCI/stable/2023-02-01/updates.json:553:5
warning | PreCheck/CheckDuplicateSchemas | Checking for duplicate schemas, this could take a (long) while.  Run with --verbose for more detail.
warning | Unrecognized property type: any-object. Returning 'any'.
warning | Unrecognized property type: any-object. Returning 'any'.
warning | Unrecognized property type: any-object. Returning 'any'.
warning | DeprecatedConfig | Using directive.0.suppress which is deprecated and will be removed in the future.
warning | SkippedSemanticValidation | Semantic validation was skipped.
warning | PreCheck/SchemaMissingType | The schema 'PrecheckResult' with an undefined type and declared properties is a bit ambiguous. This has been auto-corrected to 'type:object'
    - file:///home/runner/work/bicep-types-az/bicep-types-az/workflow-temp/azure-rest-api-specs/specification/azurestackhci/resource-manager/Microsoft.AzureStackHCI/StackHCI/preview/2022-12-15-preview/updateSummaries.json:393:5
warning | PreCheck/SchemaMissingType | The schema 'PrecheckResult' with an undefined type and declared properties is a bit ambiguous. This has been auto-corrected to 'type:object'
    - file:///home/runner/work/bicep-types-az/bicep-types-az/workflow-temp/azure-rest-api-specs/specification/azurestackhci/resource-manager/Microsoft.AzureStackHCI/StackHCI/preview/2022-12-15-preview/updates.json:559:5
warning | PreCheck/CheckDuplicateSchemas | Checking for duplicate schemas, this could take a (long) while.  Run with --verbose for more detail.
warning | PreCheck/DuplicateSchema | Duplicate Schema named 'PrecheckResult' (1 differences):
  - properties.severity.$ref: "#/components/schemas/schemas:252" => "#/components/schemas/severity"
warning | PreCheck/DuplicateSchema | Duplicate Schema named 'severity' (1 differences):
  - enum: <none> => ["Critical","Warning","Informational","Hidden"]
warning | PreCheck/PropertyRedeclarationWarning | Schema 'ArcSetting' has a property 'systemData' that is already declared the parent schema 'Resource' but isn't significantly different. The property has been removed from ArcSetting
warning | PreCheck/PropertyRedeclarationWarning | Schema 'Cluster' has a property 'systemData' that is already declared the parent schema 'Resource' but isn't significantly different. The property has been removed from Cluster
warning | PreCheck/PropertyRedeclarationWarning | Schema 'Extension' has a property 'systemData' that is already declared the parent schema 'Resource' but isn't significantly different. The property has been removed from Extension
warning | PreCheck/PropertyRedeclarationWarning | Schema 'Update' has a property 'systemData' that is already declared the parent schema 'Resource' but isn't significantly different. The property has been removed from Update
warning | PreNamer/DeduplicateName | Deduplicating schema name: 'Severity' -> 'SeverityAutoGenerated'
warning | PreNamer/DeduplicateName | Deduplicating schema name: 'PrecheckResult' -> 'PrecheckResultAutoGenerated'
warning | Unrecognized property type: any-object. Returning 'any'.
warning | Unrecognized property type: any-object. Returning 'any'.
warning | Unrecognized property type: any-object. Returning 'any'.
warning | Unrecognized property type: any-object. Returning 'any'.
warning | Unrecognized property type: any-object. Returning 'any'.
warning | DeprecatedConfig | Using directive.0.suppress which is deprecated and will be removed in the future.
warning | SkippedSemanticValidation | Semantic validation was skipped.
warning | PreCheck/SchemaMissingType | The schema 'PrecheckResult' with an undefined type and declared properties is a bit ambiguous. This has been auto-corrected to 'type:object'
    - file:///home/runner/work/bicep-types-az/bicep-types-az/workflow-temp/azure-rest-api-specs/specification/azurestackhci/resource-manager/Microsoft.AzureStackHCI/StackHCI/stable/2022-12-01/updateSummaries.json:389:5
warning | PreCheck/SchemaMissingType | The schema 'PrecheckResult' with an undefined type and declared properties is a bit ambiguous. This has been auto-corrected to 'type:object'
    - file:///home/runner/work/bicep-types-az/bicep-types-az/workflow-temp/azure-rest-api-specs/specification/azurestackhci/resource-manager/Microsoft.AzureStackHCI/StackHCI/stable/2022-12-01/updates.json:553:5
warning | PreCheck/CheckDuplicateSchemas | Checking for duplicate schemas, this could take a (long) while.  Run with --verbose for more detail.
warning | Unrecognized property type: any-object. Returning 'any'.
warning | Unrecognized property type: any-object. Returning 'any'.
warning | Unrecognized property type: any-object. Returning 'any'.
warning | DeprecatedConfig | Using directive.0.suppress which is deprecated and will be removed in the future.
warning | SkippedSemanticValidation | Semantic validation was skipped.
warning | PreCheck/CheckDuplicateSchemas | Checking for duplicate schemas, this could take a (long) while.  Run with --verbose for more detail.
warning | PreCheck/PropertyRedeclarationWarning | Schema 'ArcSetting' has a property 'systemData' that is already declared the parent schema 'Resource' but isn't significantly different. The property has been removed from ArcSetting
warning | PreCheck/PropertyRedeclarationWarning | Schema 'Cluster' has a property 'systemData' that is already declared the parent schema 'Resource' but isn't significantly different. The property has been removed from Cluster
warning | PreCheck/PropertyRedeclarationWarning | Schema 'Extension' has a property 'systemData' that is already declared the parent schema 'Resource' but isn't significantly different. The property has been removed from Extension
warning | PreCheck/PropertyRedeclarationWarning | Schema 'Update' has a property 'systemData' that is already declared the parent schema 'Resource' but isn't significantly different. The property has been removed from Update
warning | Unrecognized property type: any-object. Returning 'any'.
warning | Unrecognized property type: any-object. Returning 'any'.
warning | Unrecognized property type: any-object. Returning 'any'.
warning | DeprecatedConfig | Using directive.0.suppress which is deprecated and will be removed in the future.
warning | SkippedSemanticValidation | Semantic validation was skipped.
warning | PreCheck/CheckDuplicateSchemas | Checking for duplicate schemas, this could take a (long) while.  Run with --verbose for more detail.
warning | Unrecognized property type: any-object. Returning 'any'.
warning | Unrecognized property type: any-object. Returning 'any'.
warning | Unrecognized property type: any-object. Returning 'any'.
warning | DeprecatedConfig | Using directive.0.suppress which is deprecated and will be removed in the future.
warning | SkippedSemanticValidation | Semantic validation was skipped.
warning | PreCheck/CheckDuplicateSchemas | Checking for duplicate schemas, this could take a (long) while.  Run with --verbose for more detail.
warning | Unrecognized property type: any-object. Returning 'any'.
warning | Unrecognized property type: any-object. Returning 'any'.
warning | Unrecognized property type: any-object. Returning 'any'.
warning | DeprecatedConfig | Using directive.0.suppress which is deprecated and will be removed in the future.
warning | SkippedSemanticValidation | Semantic validation was skipped.
warning | PreCheck/CheckDuplicateSchemas | Checking for duplicate schemas, this could take a (long) while.  Run with --verbose for more detail.
warning | Unrecognized property type: any-object. Returning 'any'.
warning | Unrecognized property type: any-object. Returning 'any'.
warning | DeprecatedConfig | Using directive.0.suppress which is deprecated and will be removed in the future.
warning | SkippedSemanticValidation | Semantic validation was skipped.
warning | PreCheck/CheckDuplicateSchemas | Checking for duplicate schemas, this could take a (long) while.  Run with --verbose for more detail.
warning | Unrecognized property type: any-object. Returning 'any'.
warning | Unrecognized property type: any-object. Returning 'any'.
warning | DeprecatedConfig | Using directive.0.suppress which is deprecated and will be removed in the future.
warning | SkippedSemanticValidation | Semantic validation was skipped.
warning | PreCheck/CheckDuplicateSchemas | Checking for duplicate schemas, this could take a (long) while.  Run with --verbose for more detail.
warning | Unrecognized property type: any-object. Returning 'any'.
warning | Unrecognized property type: any-object. Returning 'any'.
warning | DeprecatedConfig | Using directive.0.suppress which is deprecated and will be removed in the future.
warning | SkippedSemanticValidation | Semantic validation was skipped.
warning | PreCheck/CheckDuplicateSchemas | Checking for duplicate schemas, this could take a (long) while.  Run with --verbose for more detail.
warning | Unrecognized property type: any-object. Returning 'any'.
warning | Unrecognized property type: any-object. Returning 'any'.
warning | DeprecatedConfig | Using directive.0.suppress which is deprecated and will be removed in the future.
warning | SkippedSemanticValidation | Semantic validation was skipped.
warning | PreCheck/CheckDuplicateSchemas | Checking for duplicate schemas, this could take a (long) while.  Run with --verbose for more detail.
warning | Unrecognized property type: any-object. Returning 'any'.
warning | Unrecognized property type: any-object. Returning 'any'.
warning | DeprecatedConfig | Using directive.0.suppress which is deprecated and will be removed in the future.
warning | SkippedSemanticValidation | Semantic validation was skipped.
warning | PreCheck/CheckDuplicateSchemas | Checking for duplicate schemas, this could take a (long) while.  Run with --verbose for more detail.
warning | DeprecatedConfig | Using directive.0.suppress which is deprecated and will be removed in the future.
warning | SkippedSemanticValidation | Semantic validation was skipped.
warning | PreCheck/CheckDuplicateSchemas | Checking for duplicate schemas, this could take a (long) while.  Run with --verbose for more detail.
