Executing: autorest --use=/home/runner/work/bicep-types-az/bicep-types-az/src/autorest.bicep --bicep --output-folder=/tmp/_bcp_1625795651387/maps --multiapi --title=none --skip-semantics-validation /home/runner/work/bicep-types-az/bicep-types-az/workflow-temp/azure-rest-api-specs/specification/maps/resource-manager/readme.md --debug --verbose
AutoRest code generation utility [cli version: 3.2.1; node: v14.17.1, max-memory: 4096 MB]
(C) 2018 Microsoft Corporation.
https://aka.ms/autorest
No configuration found at 'file:///home/runner/work/bicep-types-az/bicep-types-az/src/generator/src/cmd/'.
> Including configuration file 'file:///home/runner/work/bicep-types-az/bicep-types-az/src/generator/node_modules/autorest/dist/resources/default-configuration.md'
> Including configuration file 'file:///home/runner/work/bicep-types-az/bicep-types-az/src/generator/node_modules/autorest/dist/resources/inspect.md'
> Including configuration file 'file:///home/runner/work/bicep-types-az/bicep-types-az/src/generator/node_modules/autorest/dist/resources/directives.md'
> Including configuration file 'file:///home/runner/work/bicep-types-az/bicep-types-az/src/generator/node_modules/autorest/dist/resources/pipeline.md'
> Including configuration file 'file:///home/runner/work/bicep-types-az/bicep-types-az/src/generator/node_modules/autorest/dist/resources/loader-openapi.md'
> Including configuration file 'file:///home/runner/work/bicep-types-az/bicep-types-az/src/generator/node_modules/autorest/dist/resources/miscellaneous.md'
> Including configuration file 'file:///home/runner/work/bicep-types-az/bicep-types-az/src/generator/node_modules/autorest/dist/resources/plugin-powershell.md'
> Including configuration file 'file:///home/runner/work/bicep-types-az/bicep-types-az/src/generator/node_modules/autorest/dist/resources/plugin-azureresourceschema.md'
> Including configuration file 'file:///home/runner/work/bicep-types-az/bicep-types-az/src/generator/node_modules/autorest/dist/resources/plugin-csharp.md'
> Including configuration file 'file:///home/runner/work/bicep-types-az/bicep-types-az/src/generator/node_modules/autorest/dist/resources/plugin-go.md'
> Including configuration file 'file:///home/runner/work/bicep-types-az/bicep-types-az/src/generator/node_modules/autorest/dist/resources/plugin-java.md'
> Including configuration file 'file:///home/runner/work/bicep-types-az/bicep-types-az/src/generator/node_modules/autorest/dist/resources/plugin-nodejs.md'
> Including configuration file 'file:///home/runner/work/bicep-types-az/bicep-types-az/src/generator/node_modules/autorest/dist/resources/plugin-php.md'
> Including configuration file 'file:///home/runner/work/bicep-types-az/bicep-types-az/src/generator/node_modules/autorest/dist/resources/plugin-python.md'
> Including configuration file 'file:///home/runner/work/bicep-types-az/bicep-types-az/src/generator/node_modules/autorest/dist/resources/plugin-ruby.md'
> Including configuration file 'file:///home/runner/work/bicep-types-az/bicep-types-az/src/generator/node_modules/autorest/dist/resources/plugin-typescript.md'
> Including configuration file 'file:///home/runner/work/bicep-types-az/bicep-types-az/src/generator/node_modules/autorest/dist/resources/plugin-validators.md'
> Including configuration file 'file:///home/runner/work/bicep-types-az/bicep-types-az/src/generator/node_modules/autorest/dist/resources/plugin-az.md'
> Including configuration file 'file:///home/runner/work/bicep-types-az/bicep-types-az/src/generator/node_modules/autorest/dist/resources/plugin-terraform.md'
> Including configuration file 'file:///home/runner/work/bicep-types-az/bicep-types-az/src/generator/node_modules/autorest/dist/resources/plugin-azure-functions.md'
> Including configuration file 'file:///home/runner/work/bicep-types-az/bicep-types-az/src/generator/node_modules/autorest/dist/resources/graphs.md'
> Including configuration file 'file:///home/runner/work/bicep-types-az/bicep-types-az/src/generator/node_modules/autorest/dist/resources/help-configuration.md'
> Loading local AutoRest extension '@autorest/bicep' (/home/runner/work/bicep-types-az/bicep-types-az/src/autorest.bicep)
> Including extension configuration file 'file:///home/runner/work/bicep-types-az/bicep-types-az/src/autorest.bicep/README.md'
> Including configuration file 'file:///home/runner/work/bicep-types-az/bicep-types-az/src/autorest.bicep/README.md'
> Loading AutoRest extension '@autorest/modelerfour' (https://tinyurl.com/yhlkz69y->4.20.0-ci.b8e3f92c0)
> Including extension configuration file 'file:///home/runner/.autorest/@autorest_modelerfour@4.20.0-ci.b8e3f92c0/node_modules/@autorest/modelerfour/readme.md'
> Including configuration file 'file:///home/runner/.autorest/@autorest_modelerfour@4.20.0-ci.b8e3f92c0/node_modules/@autorest/modelerfour/readme.md'
NOTE: AutoRest core version selected from configuration: https://tinyurl.com/yfjyy27f.
Network Enabled: true

There is a new version of AutoRest available (3.2.3).
 > You can install the newer version with with npm install -g autorest@latest

Starting @autorest/core from /home/runner/.autorest/@autorest_core@3.5.0-ci.b8e3f92c0/node_modules/@autorest/core
   Loading AutoRest core      '/home/runner/.autorest/@autorest_core@3.5.0-ci.b8e3f92c0/node_modules/@autorest/core/dist' (3.5.0-ci.b8e3f92c0)
VERBOSE [0.69 s]: > Including configuration file 'file:///home/runner/work/bicep-types-az/bicep-types-az/workflow-temp/azure-rest-api-specs/specification/maps/resource-manager/readme.bicep.md'
VERBOSE [0.71 s]: > Initial configuration file 'file:///home/runner/work/bicep-types-az/bicep-types-az/workflow-temp/azure-rest-api-specs/specification/maps/resource-manager/readme.md'
VERBOSE [0.71 s]: > Including configuration file 'file:///home/runner/work/bicep-types-az/bicep-types-az/workflow-temp/azure-rest-api-specs/specification/maps/resource-manager/readme.md'
VERBOSE [0.74 s]: > Including configuration file 'file:///home/runner/.autorest/@autorest_core@3.5.0-ci.b8e3f92c0/node_modules/@autorest/core/dist/resources/default-configuration.md'
VERBOSE [0.76 s]: > Including configuration file 'file:///home/runner/.autorest/@autorest_core@3.5.0-ci.b8e3f92c0/node_modules/@autorest/core/dist/resources/inspect.md'
VERBOSE [0.77 s]: > Including configuration file 'file:///home/runner/.autorest/@autorest_core@3.5.0-ci.b8e3f92c0/node_modules/@autorest/core/dist/resources/directives.md'
VERBOSE [0.79 s]: > Including configuration file 'file:///home/runner/.autorest/@autorest_core@3.5.0-ci.b8e3f92c0/node_modules/@autorest/core/dist/resources/pipeline.md'
VERBOSE [0.82 s]: > Including configuration file 'file:///home/runner/.autorest/@autorest_core@3.5.0-ci.b8e3f92c0/node_modules/@autorest/core/dist/resources/loader-openapi.md'
VERBOSE [0.84 s]: > Including configuration file 'file:///home/runner/.autorest/@autorest_core@3.5.0-ci.b8e3f92c0/node_modules/@autorest/core/dist/resources/miscellaneous.md'
VERBOSE [0.86 s]: > Including configuration file 'file:///home/runner/.autorest/@autorest_core@3.5.0-ci.b8e3f92c0/node_modules/@autorest/core/dist/resources/plugin-powershell.md'
VERBOSE [0.88 s]: > Including configuration file 'file:///home/runner/.autorest/@autorest_core@3.5.0-ci.b8e3f92c0/node_modules/@autorest/core/dist/resources/plugin-azureresourceschema.md'
VERBOSE [0.89 s]: > Including configuration file 'file:///home/runner/.autorest/@autorest_core@3.5.0-ci.b8e3f92c0/node_modules/@autorest/core/dist/resources/plugin-csharp.md'
VERBOSE [0.91 s]: > Including configuration file 'file:///home/runner/.autorest/@autorest_core@3.5.0-ci.b8e3f92c0/node_modules/@autorest/core/dist/resources/plugin-go.md'
VERBOSE [0.93 s]: > Including configuration file 'file:///home/runner/.autorest/@autorest_core@3.5.0-ci.b8e3f92c0/node_modules/@autorest/core/dist/resources/plugin-java.md'
VERBOSE [0.95 s]: > Including configuration file 'file:///home/runner/.autorest/@autorest_core@3.5.0-ci.b8e3f92c0/node_modules/@autorest/core/dist/resources/plugin-nodejs.md'
VERBOSE [0.97 s]: > Including configuration file 'file:///home/runner/.autorest/@autorest_core@3.5.0-ci.b8e3f92c0/node_modules/@autorest/core/dist/resources/plugin-php.md'
VERBOSE [0.99 s]: > Including configuration file 'file:///home/runner/.autorest/@autorest_core@3.5.0-ci.b8e3f92c0/node_modules/@autorest/core/dist/resources/plugin-python.md'
VERBOSE [1.01 s]: > Including configuration file 'file:///home/runner/.autorest/@autorest_core@3.5.0-ci.b8e3f92c0/node_modules/@autorest/core/dist/resources/plugin-ruby.md'
VERBOSE [1.04 s]: > Including configuration file 'file:///home/runner/.autorest/@autorest_core@3.5.0-ci.b8e3f92c0/node_modules/@autorest/core/dist/resources/plugin-typescript.md'
VERBOSE [1.07 s]: > Including configuration file 'file:///home/runner/.autorest/@autorest_core@3.5.0-ci.b8e3f92c0/node_modules/@autorest/core/dist/resources/plugin-validators.md'
VERBOSE [1.09 s]: > Including configuration file 'file:///home/runner/.autorest/@autorest_core@3.5.0-ci.b8e3f92c0/node_modules/@autorest/core/dist/resources/plugin-az.md'
VERBOSE [1.11 s]: > Including configuration file 'file:///home/runner/.autorest/@autorest_core@3.5.0-ci.b8e3f92c0/node_modules/@autorest/core/dist/resources/plugin-terraform.md'
VERBOSE [1.14 s]: > Including configuration file 'file:///home/runner/.autorest/@autorest_core@3.5.0-ci.b8e3f92c0/node_modules/@autorest/core/dist/resources/plugin-azure-functions.md'
VERBOSE [1.16 s]: > Including configuration file 'file:///home/runner/.autorest/@autorest_core@3.5.0-ci.b8e3f92c0/node_modules/@autorest/core/dist/resources/graphs.md'
VERBOSE [1.19 s]: > Including configuration file 'file:///home/runner/.autorest/@autorest_core@3.5.0-ci.b8e3f92c0/node_modules/@autorest/core/dist/resources/help-configuration.md'
INFORMATION: > Loading local AutoRest extension '@autorest/bicep' (/home/runner/work/bicep-types-az/bicep-types-az/src/autorest.bicep)
VERBOSE [1.26 s]: > Including extension configuration file 'file:///home/runner/work/bicep-types-az/bicep-types-az/src/autorest.bicep/README.md'
VERBOSE [1.26 s]: > Including configuration file 'file:///home/runner/work/bicep-types-az/bicep-types-az/src/autorest.bicep/README.md'
INFORMATION: > Loading AutoRest extension '@autorest/modelerfour' (https://tinyurl.com/yhlkz69y->4.20.0-ci.b8e3f92c0)
VERBOSE [2.03 s]: > Including extension configuration file 'file:///home/runner/.autorest/@autorest_modelerfour@4.20.0-ci.b8e3f92c0/node_modules/@autorest/modelerfour/readme.md'
VERBOSE [2.03 s]: > Including configuration file 'file:///home/runner/.autorest/@autorest_modelerfour@4.20.0-ci.b8e3f92c0/node_modules/@autorest/modelerfour/readme.md'
Processing batch task - {"tag":"microsoft.maps-2021-07-01-preview"} .
VERBOSE [2.26 s]: > Including configuration file 'file:///home/runner/work/bicep-types-az/bicep-types-az/workflow-temp/azure-rest-api-specs/specification/maps/resource-manager/readme.bicep.md'
VERBOSE [2.26 s]: > Initial configuration file 'file:///home/runner/work/bicep-types-az/bicep-types-az/workflow-temp/azure-rest-api-specs/specification/maps/resource-manager/readme.md'
VERBOSE [2.26 s]: > Including configuration file 'file:///home/runner/work/bicep-types-az/bicep-types-az/workflow-temp/azure-rest-api-specs/specification/maps/resource-manager/readme.md'
VERBOSE [2.28 s]: > Including configuration file 'file:///home/runner/.autorest/@autorest_core@3.5.0-ci.b8e3f92c0/node_modules/@autorest/core/dist/resources/default-configuration.md'
VERBOSE [2.29 s]: > Including configuration file 'file:///home/runner/.autorest/@autorest_core@3.5.0-ci.b8e3f92c0/node_modules/@autorest/core/dist/resources/inspect.md'
VERBOSE [2.3 s]: > Including configuration file 'file:///home/runner/.autorest/@autorest_core@3.5.0-ci.b8e3f92c0/node_modules/@autorest/core/dist/resources/directives.md'
VERBOSE [2.31 s]: > Including configuration file 'file:///home/runner/.autorest/@autorest_core@3.5.0-ci.b8e3f92c0/node_modules/@autorest/core/dist/resources/pipeline.md'
VERBOSE [2.33 s]: > Including configuration file 'file:///home/runner/.autorest/@autorest_core@3.5.0-ci.b8e3f92c0/node_modules/@autorest/core/dist/resources/loader-openapi.md'
VERBOSE [2.34 s]: > Including configuration file 'file:///home/runner/.autorest/@autorest_core@3.5.0-ci.b8e3f92c0/node_modules/@autorest/core/dist/resources/miscellaneous.md'
VERBOSE [2.36 s]: > Including configuration file 'file:///home/runner/.autorest/@autorest_core@3.5.0-ci.b8e3f92c0/node_modules/@autorest/core/dist/resources/plugin-powershell.md'
VERBOSE [2.37 s]: > Including configuration file 'file:///home/runner/.autorest/@autorest_core@3.5.0-ci.b8e3f92c0/node_modules/@autorest/core/dist/resources/plugin-azureresourceschema.md'
VERBOSE [2.38 s]: > Including configuration file 'file:///home/runner/.autorest/@autorest_core@3.5.0-ci.b8e3f92c0/node_modules/@autorest/core/dist/resources/plugin-csharp.md'
VERBOSE [2.4 s]: > Including configuration file 'file:///home/runner/.autorest/@autorest_core@3.5.0-ci.b8e3f92c0/node_modules/@autorest/core/dist/resources/plugin-go.md'
VERBOSE [2.42 s]: > Including configuration file 'file:///home/runner/.autorest/@autorest_core@3.5.0-ci.b8e3f92c0/node_modules/@autorest/core/dist/resources/plugin-java.md'
VERBOSE [2.43 s]: > Including configuration file 'file:///home/runner/.autorest/@autorest_core@3.5.0-ci.b8e3f92c0/node_modules/@autorest/core/dist/resources/plugin-nodejs.md'
VERBOSE [2.45 s]: > Including configuration file 'file:///home/runner/.autorest/@autorest_core@3.5.0-ci.b8e3f92c0/node_modules/@autorest/core/dist/resources/plugin-php.md'
VERBOSE [2.47 s]: > Including configuration file 'file:///home/runner/.autorest/@autorest_core@3.5.0-ci.b8e3f92c0/node_modules/@autorest/core/dist/resources/plugin-python.md'
VERBOSE [2.48 s]: > Including configuration file 'file:///home/runner/.autorest/@autorest_core@3.5.0-ci.b8e3f92c0/node_modules/@autorest/core/dist/resources/plugin-ruby.md'
VERBOSE [2.5 s]: > Including configuration file 'file:///home/runner/.autorest/@autorest_core@3.5.0-ci.b8e3f92c0/node_modules/@autorest/core/dist/resources/plugin-typescript.md'
VERBOSE [2.52 s]: > Including configuration file 'file:///home/runner/.autorest/@autorest_core@3.5.0-ci.b8e3f92c0/node_modules/@autorest/core/dist/resources/plugin-validators.md'
VERBOSE [2.54 s]: > Including configuration file 'file:///home/runner/.autorest/@autorest_core@3.5.0-ci.b8e3f92c0/node_modules/@autorest/core/dist/resources/plugin-az.md'
VERBOSE [2.56 s]: > Including configuration file 'file:///home/runner/.autorest/@autorest_core@3.5.0-ci.b8e3f92c0/node_modules/@autorest/core/dist/resources/plugin-terraform.md'
VERBOSE [2.58 s]: > Including configuration file 'file:///home/runner/.autorest/@autorest_core@3.5.0-ci.b8e3f92c0/node_modules/@autorest/core/dist/resources/plugin-azure-functions.md'
VERBOSE [2.6 s]: > Including configuration file 'file:///home/runner/.autorest/@autorest_core@3.5.0-ci.b8e3f92c0/node_modules/@autorest/core/dist/resources/graphs.md'
VERBOSE [2.63 s]: > Including configuration file 'file:///home/runner/.autorest/@autorest_core@3.5.0-ci.b8e3f92c0/node_modules/@autorest/core/dist/resources/help-configuration.md'
INFORMATION: > Loading local AutoRest extension '@autorest/bicep' (/home/runner/work/bicep-types-az/bicep-types-az/src/autorest.bicep)
VERBOSE [2.7 s]: > Including extension configuration file 'file:///home/runner/work/bicep-types-az/bicep-types-az/src/autorest.bicep/README.md'
VERBOSE [2.7 s]: > Including configuration file 'file:///home/runner/work/bicep-types-az/bicep-types-az/src/autorest.bicep/README.md'
INFORMATION: > Loading AutoRest extension '@autorest/modelerfour' (https://tinyurl.com/yhlkz69y->4.20.0-ci.b8e3f92c0)
VERBOSE [3.31 s]: > Including extension configuration file 'file:///home/runner/.autorest/@autorest_modelerfour@4.20.0-ci.b8e3f92c0/node_modules/@autorest/modelerfour/readme.md'
VERBOSE [3.31 s]: > Including configuration file 'file:///home/runner/.autorest/@autorest_modelerfour@4.20.0-ci.b8e3f92c0/node_modules/@autorest/modelerfour/readme.md'
DEBUG [3.95 s]: swagger-document/loader-swagger - START inputs = 0
DEBUG [3.95 s]: openapi-document/loader-openapi - START inputs = 0
DEBUG [3.95 s]: pipeline-emitter - START inputs = 0
DEBUG [3.95 s]: configuration-emitter - START inputs = 0
DEBUG [3.95 s]: pipeline-emitter - END [0.06 s][89 MB]
DEBUG [3.95 s]: configuration-emitter - END [0.06 s][89 MB]
VERBOSE [3.97 s]: Reading OpenAPI 2.0 file file:///home/runner/work/bicep-types-az/bicep-types-az/workflow-temp/azure-rest-api-specs/specification/maps/resource-manager/Microsoft.Maps/preview/2021-07-01-preview/maps-management.json
DEBUG [3.97 s]: openapi-document/loader-openapi - END [0.08 s][93 MB]
VERBOSE [4.04 s]: Reading $ref'd file file:///home/runner/work/bicep-types-az/bicep-types-az/workflow-temp/azure-rest-api-specs/specification/common-types/resource-management/v2/types.json
DEBUG [4.04 s]: openapi-document/individual/transform - SKIPPING
DEBUG [4.04 s]: openapi-document/individual/schema-validator-openapi - SKIPPING
DEBUG [4.04 s]: openapi-document/individual/identity - SKIPPING
DEBUG [4.14 s]: swagger-document/loader-swagger - END [0.25 s][96 MB]
DEBUG [4.14 s]: swagger-document/individual/transform - START inputs = 2
DEBUG [4.24 s]: swagger-document/individual/transform - END [0.1 s][105 MB]
DEBUG [4.24 s]: swagger-document/individual/schema-validator-swagger - START inputs = 2
DEBUG [4.52 s]: swagger-document/individual/schema-validator-swagger - END [0.28 s][114 MB]
DEBUG [4.53 s]: swagger-document/identity - START inputs = 2
DEBUG [4.53 s]: swagger-document/individual/identity - START inputs = 2
DEBUG [4.53 s]: swagger-document/identity - END [0 s][114 MB]
DEBUG [4.53 s]: swagger-document/individual/identity - END [0 s][114 MB]
DEBUG [4.53 s]: openapi-document/openapi-document-converter - START inputs = 2
DEBUG [4.6 s]: openapi-document/openapi-document-converter - END [0.07 s][110 MB]
DEBUG [4.6 s]: openapi-document/transform - START inputs = 2
DEBUG [4.61 s]: openapi-document/transform - END [0 s][115 MB]
DEBUG [4.61 s]: openapi-document/semantic-validator - START inputs = 2
WARNING: Semantic validation was skipped.
DEBUG [4.61 s]: openapi-document/semantic-validator - END [0 s][115 MB]
DEBUG [4.61 s]: openapi-document/allof-cleaner - START inputs = 2
DEBUG [4.61 s]: openapi-document/allof-cleaner - END [0 s][116 MB]
DEBUG [4.61 s]: openapi-document/tree-shaker - START inputs = 2
DEBUG [4.71 s]: openapi-document/tree-shaker - END [0.09 s][125 MB]
DEBUG [4.71 s]: openapi-document/multi-api-merger - START inputs = 2
DEBUG [4.83 s]: openapi-document/multi-api-merger - END [0.12 s][128 MB]
DEBUG [4.84 s]: openapi-document/components-cleaner - START inputs = 1
DEBUG [4.98 s]: openapi-document/components-cleaner - END [0.13 s][89 MB]
DEBUG [4.98 s]: openapi-document/component-modifiers - START inputs = 1
DEBUG [5 s]: openapi-document/component-modifiers - END [0.02 s][88 MB]
DEBUG [5 s]: openapi-document/api-version-parameter-handler - START inputs = 1
DEBUG [5 s]: openapi-document/api-version-parameter-handler - END [0 s][88 MB]
DEBUG [5 s]: openapi-document/profile-filter - START inputs = 1
DEBUG [5 s]: openapi-document/profile-filter - END [0 s][88 MB]
DEBUG [5 s]: openapi-document/model-deduplicator - START inputs = 1
DEBUG [5 s]: openapi-document/emitter - START inputs = 1
DEBUG [5 s]: openapi-document/model-deduplicator - END [0 s][88 MB]
DEBUG [5 s]: openapi-document/emitter - END [0 s][88 MB]
DEBUG [5.01 s]: openapi-document/enum-deduplicator - START inputs = 1
DEBUG [5.13 s]: openapi-document/enum-deduplicator - END [0.12 s][94 MB]
DEBUG [5.13 s]: openapi-document/subset-reducer - START inputs = 1
DEBUG [5.13 s]: openapi-document/subset-reducer - END [0 s][94 MB]
DEBUG [5.14 s]: openapi-document/quick-check - START inputs = 1
DEBUG [5.14 s]: openapi-document/multi-api/reset-identity - START inputs = 1
DEBUG [5.15 s]: openapi-document/quick-check - END [0.01 s][102 MB]
DEBUG [5.15 s]: openapi-document/multi-api/reset-identity - END [0.01 s][102 MB]
DEBUG [5.15 s]: openapi-document/multi-api/identity - START inputs = 1
DEBUG [5.15 s]: openapi-document/multi-api/identity - END [0 s][103 MB]
DEBUG [5.15 s]: openapi-document/multi-api/emitter - START inputs = 1
DEBUG [5.15 s]: prechecker - START inputs = 1
DEBUG [5.15 s]: openapi-document/multi-api/emitter - END [0 s][103 MB]

WARNING (PreCheck/SchemaMissingType): The schema 'ManagedServiceIdentity' with an undefined type and declared properties is a bit ambiguous. This has been auto-corrected to 'type:object'

WARNING (PreCheck/SchemaMissingType): The schema 'OperationProperties' with an undefined type and declared properties is a bit ambiguous. This has been auto-corrected to 'type:object'

WARNING (PreCheck/SchemaMissingType): The schema 'ServiceSpecification' with an undefined type and declared properties is a bit ambiguous. This has been auto-corrected to 'type:object'

WARNING (PreCheck/SchemaMissingType): The schema 'MetricSpecification' with an undefined type and declared properties is a bit ambiguous. This has been auto-corrected to 'type:object'

WARNING (PreCheck/SchemaMissingType): The schema 'Dimension' with an undefined type and declared properties is a bit ambiguous. This has been auto-corrected to 'type:object'

WARNING (PreCheck/CheckDuplicateSchemas): Checking for duplicate schemas, this could take a (long) while.  Run with --verbose for more detail.
VERBOSE [5.2 s]: Found and removed 0 duplicate schema
DEBUG [5.44 s]: prechecker - END [0.29 s][105 MB]
DEBUG [5.44 s]: modelerfour - START inputs = 2
VERBOSE [5.51 s]:   ModelerFour/api-version-mode:client
VERBOSE [5.51 s]:   ModelerFour/api-version-parameter:constant
VERBOSE [5.51 s]:   ModelerFour/use-model-namespace:false

WARNING (UnkownSecurityScheme): Security scheme azure_auth is unknown and will not be processed. Only supported types are AADToken,AzureKey,Anonymous
DEBUG [5.66 s]: modelerfour - END [0.21 s][108 MB]
DEBUG [5.66 s]: modelerfour/new-transform - START inputs = 2
DEBUG [5.66 s]: modelerfour/new-transform - END [0 s][108 MB]
DEBUG [5.66 s]: modelerfour/flattener - START inputs = 2
DEBUG [5.78 s]: modelerfour/flattener - END [0.12 s][110 MB]
DEBUG [5.79 s]: modelerfour/flattener/new-transform - START inputs = 2
DEBUG [5.79 s]: modelerfour/flattener/new-transform - END [0 s][110 MB]
DEBUG [5.79 s]: modelerfour/grouper - START inputs = 2
DEBUG [5.87 s]: modelerfour/grouper - END [0.07 s][99 MB]
DEBUG [5.87 s]: modelerfour/grouper/new-transform - START inputs = 2
DEBUG [5.87 s]: modelerfour/grouper/new-transform - END [0 s][99 MB]
DEBUG [5.87 s]: modelerfour/pre-namer - START inputs = 2
DEBUG [5.95 s]: modelerfour/pre-namer - END [0.08 s][101 MB]
DEBUG [5.95 s]: modelerfour/pre-namer/new-transform - START inputs = 2
DEBUG [5.95 s]: modelerfour/pre-namer/new-transform - END [0 s][101 MB]
DEBUG [5.95 s]: modelerfour/checker - START inputs = 4
DEBUG [6.01 s]: modelerfour/checker - END [0.05 s][103 MB]
DEBUG [6.01 s]: modelerfour/identity - START inputs = 2
DEBUG [6.01 s]: modelerfour/identity - END [0 s][103 MB]
DEBUG [6.01 s]: bicep - START inputs = 2
DEBUG [6.01 s]: modelerfour/emitter - START inputs = 2
DEBUG [6.01 s]: modelerfour/notags/emitter - START inputs = 2
DEBUG [6.01 s]: modelerfour/emitter - END [0 s][104 MB]
DEBUG [6.01 s]: modelerfour/notags/emitter - END [0 s][104 MB]
INFORMATION: autorest.bicep took 7ms
DEBUG [6.08 s]: bicep - END [0.06 s][105 MB]
DEBUG [6.08 s]: bicep/emitter - START inputs = 2
DEBUG [6.08 s]: Emitting 'bicep-files' at file:///tmp/_bcp_1625795651387/maps/microsoft.maps/2021-07-01-preview/types.json
DEBUG [6.08 s]: Emitting 'bicep-files' at file:///tmp/_bcp_1625795651387/maps/microsoft.maps/2021-07-01-preview/types.md
DEBUG [6.08 s]: bicep/emitter - END [0 s][105 MB]
Processing batch task - {"tag":"microsoft.maps-2021-02-01"} .
VERBOSE [6.09 s]: > Including configuration file 'file:///home/runner/work/bicep-types-az/bicep-types-az/workflow-temp/azure-rest-api-specs/specification/maps/resource-manager/readme.bicep.md'
VERBOSE [6.1 s]: > Initial configuration file 'file:///home/runner/work/bicep-types-az/bicep-types-az/workflow-temp/azure-rest-api-specs/specification/maps/resource-manager/readme.md'
VERBOSE [6.1 s]: > Including configuration file 'file:///home/runner/work/bicep-types-az/bicep-types-az/workflow-temp/azure-rest-api-specs/specification/maps/resource-manager/readme.md'
VERBOSE [6.11 s]: > Including configuration file 'file:///home/runner/.autorest/@autorest_core@3.5.0-ci.b8e3f92c0/node_modules/@autorest/core/dist/resources/default-configuration.md'
VERBOSE [6.12 s]: > Including configuration file 'file:///home/runner/.autorest/@autorest_core@3.5.0-ci.b8e3f92c0/node_modules/@autorest/core/dist/resources/inspect.md'
VERBOSE [6.13 s]: > Including configuration file 'file:///home/runner/.autorest/@autorest_core@3.5.0-ci.b8e3f92c0/node_modules/@autorest/core/dist/resources/directives.md'
VERBOSE [6.14 s]: > Including configuration file 'file:///home/runner/.autorest/@autorest_core@3.5.0-ci.b8e3f92c0/node_modules/@autorest/core/dist/resources/pipeline.md'
VERBOSE [6.15 s]: > Including configuration file 'file:///home/runner/.autorest/@autorest_core@3.5.0-ci.b8e3f92c0/node_modules/@autorest/core/dist/resources/loader-openapi.md'
VERBOSE [6.16 s]: > Including configuration file 'file:///home/runner/.autorest/@autorest_core@3.5.0-ci.b8e3f92c0/node_modules/@autorest/core/dist/resources/miscellaneous.md'
VERBOSE [6.18 s]: > Including configuration file 'file:///home/runner/.autorest/@autorest_core@3.5.0-ci.b8e3f92c0/node_modules/@autorest/core/dist/resources/plugin-powershell.md'
VERBOSE [6.19 s]: > Including configuration file 'file:///home/runner/.autorest/@autorest_core@3.5.0-ci.b8e3f92c0/node_modules/@autorest/core/dist/resources/plugin-azureresourceschema.md'
VERBOSE [6.21 s]: > Including configuration file 'file:///home/runner/.autorest/@autorest_core@3.5.0-ci.b8e3f92c0/node_modules/@autorest/core/dist/resources/plugin-csharp.md'
VERBOSE [6.22 s]: > Including configuration file 'file:///home/runner/.autorest/@autorest_core@3.5.0-ci.b8e3f92c0/node_modules/@autorest/core/dist/resources/plugin-go.md'
VERBOSE [6.24 s]: > Including configuration file 'file:///home/runner/.autorest/@autorest_core@3.5.0-ci.b8e3f92c0/node_modules/@autorest/core/dist/resources/plugin-java.md'
VERBOSE [6.26 s]: > Including configuration file 'file:///home/runner/.autorest/@autorest_core@3.5.0-ci.b8e3f92c0/node_modules/@autorest/core/dist/resources/plugin-nodejs.md'
VERBOSE [6.28 s]: > Including configuration file 'file:///home/runner/.autorest/@autorest_core@3.5.0-ci.b8e3f92c0/node_modules/@autorest/core/dist/resources/plugin-php.md'
VERBOSE [6.3 s]: > Including configuration file 'file:///home/runner/.autorest/@autorest_core@3.5.0-ci.b8e3f92c0/node_modules/@autorest/core/dist/resources/plugin-python.md'
VERBOSE [6.32 s]: > Including configuration file 'file:///home/runner/.autorest/@autorest_core@3.5.0-ci.b8e3f92c0/node_modules/@autorest/core/dist/resources/plugin-ruby.md'
VERBOSE [6.34 s]: > Including configuration file 'file:///home/runner/.autorest/@autorest_core@3.5.0-ci.b8e3f92c0/node_modules/@autorest/core/dist/resources/plugin-typescript.md'
VERBOSE [6.35 s]: > Including configuration file 'file:///home/runner/.autorest/@autorest_core@3.5.0-ci.b8e3f92c0/node_modules/@autorest/core/dist/resources/plugin-validators.md'
VERBOSE [6.38 s]: > Including configuration file 'file:///home/runner/.autorest/@autorest_core@3.5.0-ci.b8e3f92c0/node_modules/@autorest/core/dist/resources/plugin-az.md'
VERBOSE [6.39 s]: > Including configuration file 'file:///home/runner/.autorest/@autorest_core@3.5.0-ci.b8e3f92c0/node_modules/@autorest/core/dist/resources/plugin-terraform.md'
VERBOSE [6.42 s]: > Including configuration file 'file:///home/runner/.autorest/@autorest_core@3.5.0-ci.b8e3f92c0/node_modules/@autorest/core/dist/resources/plugin-azure-functions.md'
VERBOSE [6.44 s]: > Including configuration file 'file:///home/runner/.autorest/@autorest_core@3.5.0-ci.b8e3f92c0/node_modules/@autorest/core/dist/resources/graphs.md'
VERBOSE [6.46 s]: > Including configuration file 'file:///home/runner/.autorest/@autorest_core@3.5.0-ci.b8e3f92c0/node_modules/@autorest/core/dist/resources/help-configuration.md'
INFORMATION: > Loading local AutoRest extension '@autorest/bicep' (/home/runner/work/bicep-types-az/bicep-types-az/src/autorest.bicep)
VERBOSE [6.53 s]: > Including extension configuration file 'file:///home/runner/work/bicep-types-az/bicep-types-az/src/autorest.bicep/README.md'
VERBOSE [6.53 s]: > Including configuration file 'file:///home/runner/work/bicep-types-az/bicep-types-az/src/autorest.bicep/README.md'
INFORMATION: > Loading AutoRest extension '@autorest/modelerfour' (https://tinyurl.com/yhlkz69y->4.20.0-ci.b8e3f92c0)
VERBOSE [7.1 s]: > Including extension configuration file 'file:///home/runner/.autorest/@autorest_modelerfour@4.20.0-ci.b8e3f92c0/node_modules/@autorest/modelerfour/readme.md'
VERBOSE [7.1 s]: > Including configuration file 'file:///home/runner/.autorest/@autorest_modelerfour@4.20.0-ci.b8e3f92c0/node_modules/@autorest/modelerfour/readme.md'
DEBUG [7.41 s]: swagger-document/loader-swagger - START inputs = 0
DEBUG [7.41 s]: openapi-document/loader-openapi - START inputs = 0
DEBUG [7.41 s]: pipeline-emitter - START inputs = 0
DEBUG [7.41 s]: configuration-emitter - START inputs = 0
DEBUG [7.41 s]: pipeline-emitter - END [0.04 s][132 MB]
DEBUG [7.41 s]: configuration-emitter - END [0.04 s][132 MB]
VERBOSE [7.42 s]: Reading OpenAPI 2.0 file file:///home/runner/work/bicep-types-az/bicep-types-az/workflow-temp/azure-rest-api-specs/specification/maps/resource-manager/Microsoft.Maps/stable/2021-02-01/maps-management.json
DEBUG [7.42 s]: openapi-document/loader-openapi - END [0.05 s][136 MB]
VERBOSE [7.46 s]: Reading $ref'd file file:///home/runner/work/bicep-types-az/bicep-types-az/workflow-temp/azure-rest-api-specs/specification/common-types/resource-management/v2/types.json
DEBUG [7.46 s]: openapi-document/individual/transform - SKIPPING
DEBUG [7.46 s]: openapi-document/individual/schema-validator-openapi - SKIPPING
DEBUG [7.46 s]: openapi-document/individual/identity - SKIPPING
DEBUG [7.51 s]: swagger-document/loader-swagger - END [0.14 s][147 MB]
DEBUG [7.52 s]: swagger-document/individual/transform - START inputs = 2
DEBUG [7.61 s]: swagger-document/individual/transform - END [0.09 s][155 MB]
DEBUG [7.61 s]: swagger-document/individual/schema-validator-swagger - START inputs = 2
DEBUG [7.62 s]: swagger-document/individual/schema-validator-swagger - END [0 s][144 MB]
DEBUG [7.62 s]: swagger-document/identity - START inputs = 2
DEBUG [7.62 s]: swagger-document/individual/identity - START inputs = 2
DEBUG [7.62 s]: swagger-document/identity - END [0 s][144 MB]
DEBUG [7.62 s]: swagger-document/individual/identity - END [0 s][144 MB]
DEBUG [7.62 s]: openapi-document/openapi-document-converter - START inputs = 2
DEBUG [7.66 s]: openapi-document/openapi-document-converter - END [0.03 s][151 MB]
DEBUG [7.66 s]: openapi-document/transform - START inputs = 2
DEBUG [7.67 s]: openapi-document/transform - END [0 s][156 MB]
DEBUG [7.67 s]: openapi-document/semantic-validator - START inputs = 2
WARNING: Semantic validation was skipped.
DEBUG [7.67 s]: openapi-document/semantic-validator - END [0 s][156 MB]
DEBUG [7.67 s]: openapi-document/allof-cleaner - START inputs = 2
DEBUG [7.67 s]: openapi-document/allof-cleaner - END [0 s][157 MB]
DEBUG [7.67 s]: openapi-document/tree-shaker - START inputs = 2
DEBUG [7.74 s]: openapi-document/tree-shaker - END [0.06 s][163 MB]
DEBUG [7.74 s]: openapi-document/multi-api-merger - START inputs = 2
DEBUG [7.83 s]: openapi-document/multi-api-merger - END [0.08 s][174 MB]
DEBUG [7.83 s]: openapi-document/components-cleaner - START inputs = 1
DEBUG [7.91 s]: openapi-document/components-cleaner - END [0.08 s][183 MB]
DEBUG [7.91 s]: openapi-document/component-modifiers - START inputs = 1
DEBUG [7.93 s]: openapi-document/component-modifiers - END [0.01 s][181 MB]
DEBUG [7.93 s]: openapi-document/api-version-parameter-handler - START inputs = 1
DEBUG [7.93 s]: openapi-document/api-version-parameter-handler - END [0 s][181 MB]
DEBUG [7.93 s]: openapi-document/profile-filter - START inputs = 1
DEBUG [7.93 s]: openapi-document/profile-filter - END [0 s][181 MB]
DEBUG [7.93 s]: openapi-document/model-deduplicator - START inputs = 1
DEBUG [7.93 s]: openapi-document/emitter - START inputs = 1
DEBUG [7.93 s]: openapi-document/model-deduplicator - END [0 s][182 MB]
DEBUG [7.93 s]: openapi-document/emitter - END [0 s][182 MB]
DEBUG [7.93 s]: openapi-document/enum-deduplicator - START inputs = 1
DEBUG [8.03 s]: openapi-document/enum-deduplicator - END [0.09 s][197 MB]
DEBUG [8.03 s]: openapi-document/subset-reducer - START inputs = 1
DEBUG [8.03 s]: openapi-document/subset-reducer - END [0 s][186 MB]
DEBUG [8.03 s]: openapi-document/quick-check - START inputs = 1
DEBUG [8.03 s]: openapi-document/multi-api/reset-identity - START inputs = 1
DEBUG [8.05 s]: openapi-document/quick-check - END [0.01 s][194 MB]
DEBUG [8.05 s]: openapi-document/multi-api/reset-identity - END [0.01 s][194 MB]
DEBUG [8.05 s]: openapi-document/multi-api/identity - START inputs = 1
DEBUG [8.05 s]: openapi-document/multi-api/identity - END [0 s][194 MB]
DEBUG [8.05 s]: openapi-document/multi-api/emitter - START inputs = 1
DEBUG [8.05 s]: prechecker - START inputs = 1
DEBUG [8.05 s]: openapi-document/multi-api/emitter - END [0 s][194 MB]

WARNING (PreCheck/SchemaMissingType): The schema 'OperationProperties' with an undefined type and declared properties is a bit ambiguous. This has been auto-corrected to 'type:object'

WARNING (PreCheck/SchemaMissingType): The schema 'ServiceSpecification' with an undefined type and declared properties is a bit ambiguous. This has been auto-corrected to 'type:object'

WARNING (PreCheck/SchemaMissingType): The schema 'MetricSpecification' with an undefined type and declared properties is a bit ambiguous. This has been auto-corrected to 'type:object'

WARNING (PreCheck/SchemaMissingType): The schema 'Dimension' with an undefined type and declared properties is a bit ambiguous. This has been auto-corrected to 'type:object'

WARNING (PreCheck/CheckDuplicateSchemas): Checking for duplicate schemas, this could take a (long) while.  Run with --verbose for more detail.
VERBOSE [8.06 s]: Found and removed 0 duplicate schema
DEBUG [8.09 s]: prechecker - END [0.03 s][196 MB]
DEBUG [8.09 s]: modelerfour - START inputs = 2
VERBOSE [8.11 s]:   ModelerFour/api-version-mode:client
VERBOSE [8.11 s]:   ModelerFour/api-version-parameter:constant
VERBOSE [8.11 s]:   ModelerFour/use-model-namespace:false

WARNING (UnkownSecurityScheme): Security scheme azure_auth is unknown and will not be processed. Only supported types are AADToken,AzureKey,Anonymous
DEBUG [8.2 s]: modelerfour - END [0.11 s][199 MB]
DEBUG [8.2 s]: modelerfour/new-transform - START inputs = 2
DEBUG [8.2 s]: modelerfour/new-transform - END [0 s][199 MB]
DEBUG [8.2 s]: modelerfour/flattener - START inputs = 2
DEBUG [8.25 s]: modelerfour/flattener - END [0.05 s][201 MB]
DEBUG [8.25 s]: modelerfour/flattener/new-transform - START inputs = 2
DEBUG [8.25 s]: modelerfour/flattener/new-transform - END [0 s][201 MB]
DEBUG [8.25 s]: modelerfour/grouper - START inputs = 2
DEBUG [8.3 s]: modelerfour/grouper - END [0.05 s][203 MB]
DEBUG [8.3 s]: modelerfour/grouper/new-transform - START inputs = 2
DEBUG [8.31 s]: modelerfour/grouper/new-transform - END [0 s][203 MB]
DEBUG [8.31 s]: modelerfour/pre-namer - START inputs = 2
DEBUG [8.37 s]: modelerfour/pre-namer - END [0.06 s][206 MB]
DEBUG [8.37 s]: modelerfour/pre-namer/new-transform - START inputs = 2
DEBUG [8.37 s]: modelerfour/pre-namer/new-transform - END [0 s][206 MB]
DEBUG [8.37 s]: modelerfour/checker - START inputs = 4
DEBUG [8.42 s]: modelerfour/checker - END [0.05 s][193 MB]
DEBUG [8.43 s]: modelerfour/identity - START inputs = 2
DEBUG [8.43 s]: modelerfour/identity - END [0 s][193 MB]
DEBUG [8.43 s]: bicep - START inputs = 2
DEBUG [8.43 s]: modelerfour/emitter - START inputs = 2
DEBUG [8.43 s]: modelerfour/notags/emitter - START inputs = 2
DEBUG [8.43 s]: modelerfour/emitter - END [0 s][193 MB]
DEBUG [8.43 s]: modelerfour/notags/emitter - END [0 s][193 MB]
INFORMATION: autorest.bicep took 1ms
DEBUG [8.46 s]: bicep - END [0.03 s][194 MB]
DEBUG [8.46 s]: bicep/emitter - START inputs = 2
DEBUG [8.46 s]: Emitting 'bicep-files' at file:///tmp/_bcp_1625795651387/maps/microsoft.maps/2021-02-01/types.json
DEBUG [8.46 s]: Emitting 'bicep-files' at file:///tmp/_bcp_1625795651387/maps/microsoft.maps/2021-02-01/types.md
DEBUG [8.46 s]: bicep/emitter - END [0 s][194 MB]
Processing batch task - {"tag":"microsoft.maps-2020-02-01-preview"} .
VERBOSE [8.47 s]: > Including configuration file 'file:///home/runner/work/bicep-types-az/bicep-types-az/workflow-temp/azure-rest-api-specs/specification/maps/resource-manager/readme.bicep.md'
VERBOSE [8.48 s]: > Initial configuration file 'file:///home/runner/work/bicep-types-az/bicep-types-az/workflow-temp/azure-rest-api-specs/specification/maps/resource-manager/readme.md'
VERBOSE [8.48 s]: > Including configuration file 'file:///home/runner/work/bicep-types-az/bicep-types-az/workflow-temp/azure-rest-api-specs/specification/maps/resource-manager/readme.md'
VERBOSE [8.49 s]: > Including configuration file 'file:///home/runner/.autorest/@autorest_core@3.5.0-ci.b8e3f92c0/node_modules/@autorest/core/dist/resources/default-configuration.md'
VERBOSE [8.5 s]: > Including configuration file 'file:///home/runner/.autorest/@autorest_core@3.5.0-ci.b8e3f92c0/node_modules/@autorest/core/dist/resources/inspect.md'
VERBOSE [8.5 s]: > Including configuration file 'file:///home/runner/.autorest/@autorest_core@3.5.0-ci.b8e3f92c0/node_modules/@autorest/core/dist/resources/directives.md'
VERBOSE [8.52 s]: > Including configuration file 'file:///home/runner/.autorest/@autorest_core@3.5.0-ci.b8e3f92c0/node_modules/@autorest/core/dist/resources/pipeline.md'
VERBOSE [8.53 s]: > Including configuration file 'file:///home/runner/.autorest/@autorest_core@3.5.0-ci.b8e3f92c0/node_modules/@autorest/core/dist/resources/loader-openapi.md'
VERBOSE [8.54 s]: > Including configuration file 'file:///home/runner/.autorest/@autorest_core@3.5.0-ci.b8e3f92c0/node_modules/@autorest/core/dist/resources/miscellaneous.md'
VERBOSE [8.55 s]: > Including configuration file 'file:///home/runner/.autorest/@autorest_core@3.5.0-ci.b8e3f92c0/node_modules/@autorest/core/dist/resources/plugin-powershell.md'
VERBOSE [8.56 s]: > Including configuration file 'file:///home/runner/.autorest/@autorest_core@3.5.0-ci.b8e3f92c0/node_modules/@autorest/core/dist/resources/plugin-azureresourceschema.md'
VERBOSE [8.57 s]: > Including configuration file 'file:///home/runner/.autorest/@autorest_core@3.5.0-ci.b8e3f92c0/node_modules/@autorest/core/dist/resources/plugin-csharp.md'
VERBOSE [8.59 s]: > Including configuration file 'file:///home/runner/.autorest/@autorest_core@3.5.0-ci.b8e3f92c0/node_modules/@autorest/core/dist/resources/plugin-go.md'
VERBOSE [8.61 s]: > Including configuration file 'file:///home/runner/.autorest/@autorest_core@3.5.0-ci.b8e3f92c0/node_modules/@autorest/core/dist/resources/plugin-java.md'
VERBOSE [8.62 s]: > Including configuration file 'file:///home/runner/.autorest/@autorest_core@3.5.0-ci.b8e3f92c0/node_modules/@autorest/core/dist/resources/plugin-nodejs.md'
VERBOSE [8.64 s]: > Including configuration file 'file:///home/runner/.autorest/@autorest_core@3.5.0-ci.b8e3f92c0/node_modules/@autorest/core/dist/resources/plugin-php.md'
VERBOSE [8.65 s]: > Including configuration file 'file:///home/runner/.autorest/@autorest_core@3.5.0-ci.b8e3f92c0/node_modules/@autorest/core/dist/resources/plugin-python.md'
VERBOSE [8.67 s]: > Including configuration file 'file:///home/runner/.autorest/@autorest_core@3.5.0-ci.b8e3f92c0/node_modules/@autorest/core/dist/resources/plugin-ruby.md'
VERBOSE [8.69 s]: > Including configuration file 'file:///home/runner/.autorest/@autorest_core@3.5.0-ci.b8e3f92c0/node_modules/@autorest/core/dist/resources/plugin-typescript.md'
VERBOSE [8.71 s]: > Including configuration file 'file:///home/runner/.autorest/@autorest_core@3.5.0-ci.b8e3f92c0/node_modules/@autorest/core/dist/resources/plugin-validators.md'
VERBOSE [8.73 s]: > Including configuration file 'file:///home/runner/.autorest/@autorest_core@3.5.0-ci.b8e3f92c0/node_modules/@autorest/core/dist/resources/plugin-az.md'
VERBOSE [8.75 s]: > Including configuration file 'file:///home/runner/.autorest/@autorest_core@3.5.0-ci.b8e3f92c0/node_modules/@autorest/core/dist/resources/plugin-terraform.md'
VERBOSE [8.77 s]: > Including configuration file 'file:///home/runner/.autorest/@autorest_core@3.5.0-ci.b8e3f92c0/node_modules/@autorest/core/dist/resources/plugin-azure-functions.md'
VERBOSE [8.79 s]: > Including configuration file 'file:///home/runner/.autorest/@autorest_core@3.5.0-ci.b8e3f92c0/node_modules/@autorest/core/dist/resources/graphs.md'
VERBOSE [8.81 s]: > Including configuration file 'file:///home/runner/.autorest/@autorest_core@3.5.0-ci.b8e3f92c0/node_modules/@autorest/core/dist/resources/help-configuration.md'
INFORMATION: > Loading local AutoRest extension '@autorest/bicep' (/home/runner/work/bicep-types-az/bicep-types-az/src/autorest.bicep)
VERBOSE [8.88 s]: > Including extension configuration file 'file:///home/runner/work/bicep-types-az/bicep-types-az/src/autorest.bicep/README.md'
VERBOSE [8.88 s]: > Including configuration file 'file:///home/runner/work/bicep-types-az/bicep-types-az/src/autorest.bicep/README.md'
INFORMATION: > Loading AutoRest extension '@autorest/modelerfour' (https://tinyurl.com/yhlkz69y->4.20.0-ci.b8e3f92c0)
VERBOSE [9.52 s]: > Including extension configuration file 'file:///home/runner/.autorest/@autorest_modelerfour@4.20.0-ci.b8e3f92c0/node_modules/@autorest/modelerfour/readme.md'
VERBOSE [9.52 s]: > Including configuration file 'file:///home/runner/.autorest/@autorest_modelerfour@4.20.0-ci.b8e3f92c0/node_modules/@autorest/modelerfour/readme.md'
DEBUG [9.8 s]: swagger-document/loader-swagger - START inputs = 0
DEBUG [9.8 s]: openapi-document/loader-openapi - START inputs = 0
DEBUG [9.8 s]: pipeline-emitter - START inputs = 0
DEBUG [9.81 s]: configuration-emitter - START inputs = 0
DEBUG [9.81 s]: pipeline-emitter - END [0.03 s][219 MB]
DEBUG [9.81 s]: configuration-emitter - END [0.03 s][219 MB]
VERBOSE [9.81 s]: Reading OpenAPI 2.0 file file:///home/runner/work/bicep-types-az/bicep-types-az/workflow-temp/azure-rest-api-specs/specification/maps/resource-manager/Microsoft.Maps/preview/2020-02-01-preview/maps-management.json
DEBUG [9.81 s]: openapi-document/loader-openapi - END [0.03 s][223 MB]
VERBOSE [9.86 s]: Reading $ref'd file file:///home/runner/work/bicep-types-az/bicep-types-az/workflow-temp/azure-rest-api-specs/specification/common-types/resource-management/v2/types.json
DEBUG [9.86 s]: openapi-document/individual/transform - SKIPPING
DEBUG [9.86 s]: openapi-document/individual/schema-validator-openapi - SKIPPING
DEBUG [9.86 s]: openapi-document/individual/identity - SKIPPING
DEBUG [9.91 s]: swagger-document/loader-swagger - END [0.13 s][236 MB]
DEBUG [9.91 s]: swagger-document/individual/transform - START inputs = 2
DEBUG [9.99 s]: swagger-document/individual/transform - END [0.08 s][231 MB]
DEBUG [9.99 s]: swagger-document/individual/schema-validator-swagger - START inputs = 2
DEBUG [10 s]: swagger-document/individual/schema-validator-swagger - END [0 s][232 MB]
DEBUG [10 s]: swagger-document/identity - START inputs = 2
DEBUG [10 s]: swagger-document/individual/identity - START inputs = 2
DEBUG [10 s]: swagger-document/identity - END [0 s][232 MB]
DEBUG [10 s]: swagger-document/individual/identity - END [0 s][232 MB]
DEBUG [10 s]: openapi-document/openapi-document-converter - START inputs = 2
DEBUG [10.04 s]: openapi-document/openapi-document-converter - END [0.03 s][240 MB]
DEBUG [10.04 s]: openapi-document/transform - START inputs = 2
DEBUG [10.05 s]: openapi-document/transform - END [0 s][245 MB]
DEBUG [10.05 s]: openapi-document/semantic-validator - START inputs = 2
WARNING: Semantic validation was skipped.
DEBUG [10.05 s]: openapi-document/semantic-validator - END [0 s][236 MB]
DEBUG [10.05 s]: openapi-document/allof-cleaner - START inputs = 2
DEBUG [10.06 s]: openapi-document/allof-cleaner - END [0 s][237 MB]
DEBUG [10.06 s]: openapi-document/tree-shaker - START inputs = 2
DEBUG [10.12 s]: openapi-document/tree-shaker - END [0.06 s][242 MB]
DEBUG [10.12 s]: openapi-document/multi-api-merger - START inputs = 2
DEBUG [10.21 s]: openapi-document/multi-api-merger - END [0.08 s][252 MB]
DEBUG [10.21 s]: openapi-document/components-cleaner - START inputs = 1
DEBUG [10.29 s]: openapi-document/components-cleaner - END [0.08 s][264 MB]
DEBUG [10.29 s]: openapi-document/component-modifiers - START inputs = 1
DEBUG [10.3 s]: openapi-document/component-modifiers - END [0.01 s][272 MB]
DEBUG [10.3 s]: openapi-document/api-version-parameter-handler - START inputs = 1
DEBUG [10.3 s]: openapi-document/api-version-parameter-handler - END [0 s][272 MB]
DEBUG [10.3 s]: openapi-document/profile-filter - START inputs = 1
DEBUG [10.3 s]: openapi-document/profile-filter - END [0 s][272 MB]
DEBUG [10.3 s]: openapi-document/model-deduplicator - START inputs = 1
DEBUG [10.3 s]: openapi-document/emitter - START inputs = 1
DEBUG [10.3 s]: openapi-document/model-deduplicator - END [0 s][272 MB]
DEBUG [10.31 s]: openapi-document/emitter - END [0 s][272 MB]
DEBUG [10.31 s]: openapi-document/enum-deduplicator - START inputs = 1
DEBUG [10.41 s]: openapi-document/enum-deduplicator - END [0.1 s][279 MB]
DEBUG [10.41 s]: openapi-document/subset-reducer - START inputs = 1
DEBUG [10.41 s]: openapi-document/subset-reducer - END [0 s][279 MB]
DEBUG [10.41 s]: openapi-document/quick-check - START inputs = 1
DEBUG [10.41 s]: openapi-document/multi-api/reset-identity - START inputs = 1
DEBUG [10.42 s]: openapi-document/quick-check - END [0.01 s][287 MB]
DEBUG [10.42 s]: openapi-document/multi-api/reset-identity - END [0.01 s][287 MB]
DEBUG [10.43 s]: openapi-document/multi-api/identity - START inputs = 1
DEBUG [10.43 s]: openapi-document/multi-api/identity - END [0 s][278 MB]
DEBUG [10.43 s]: openapi-document/multi-api/emitter - START inputs = 1
DEBUG [10.43 s]: prechecker - START inputs = 1
DEBUG [10.43 s]: openapi-document/multi-api/emitter - END [0 s][278 MB]

WARNING (PreCheck/SchemaMissingType): The schema 'Sku' with an undefined type and declared properties is a bit ambiguous. This has been auto-corrected to 'type:object'

WARNING (PreCheck/SchemaMissingType): The schema 'MapsAccountProperties' with an undefined type and declared properties is a bit ambiguous. This has been auto-corrected to 'type:object'

WARNING (PreCheck/SchemaMissingType): The schema 'PrivateAtlasProperties' with an undefined type and declared properties is a bit ambiguous. This has been auto-corrected to 'type:object'

WARNING (PreCheck/SchemaMissingType): The schema 'CreatorProperties' with an undefined type and declared properties is a bit ambiguous. This has been auto-corrected to 'type:object'

WARNING (PreCheck/CheckDuplicateSchemas): Checking for duplicate schemas, this could take a (long) while.  Run with --verbose for more detail.
VERBOSE [10.44 s]: Found and removed 0 duplicate schema
DEBUG [10.47 s]: prechecker - END [0.04 s][280 MB]
DEBUG [10.47 s]: modelerfour - START inputs = 2
VERBOSE [10.49 s]:   ModelerFour/api-version-mode:client
VERBOSE [10.49 s]:   ModelerFour/api-version-parameter:constant
VERBOSE [10.49 s]:   ModelerFour/use-model-namespace:false

WARNING (UnkownSecurityScheme): Security scheme azure_auth is unknown and will not be processed. Only supported types are AADToken,AzureKey,Anonymous
DEBUG [10.59 s]: modelerfour - END [0.12 s][283 MB]
DEBUG [10.59 s]: modelerfour/new-transform - START inputs = 2
DEBUG [10.59 s]: modelerfour/new-transform - END [0 s][283 MB]
DEBUG [10.59 s]: modelerfour/flattener - START inputs = 2
DEBUG [10.65 s]: modelerfour/flattener - END [0.05 s][286 MB]
DEBUG [10.65 s]: modelerfour/flattener/new-transform - START inputs = 2
DEBUG [10.65 s]: modelerfour/flattener/new-transform - END [0 s][286 MB]
DEBUG [10.65 s]: modelerfour/grouper - START inputs = 2
DEBUG [10.7 s]: modelerfour/grouper - END [0.05 s][288 MB]
DEBUG [10.7 s]: modelerfour/grouper/new-transform - START inputs = 2
DEBUG [10.7 s]: modelerfour/grouper/new-transform - END [0 s][288 MB]
DEBUG [10.7 s]: modelerfour/pre-namer - START inputs = 2
DEBUG [10.77 s]: modelerfour/pre-namer - END [0.06 s][290 MB]
DEBUG [10.77 s]: modelerfour/pre-namer/new-transform - START inputs = 2
DEBUG [10.77 s]: modelerfour/pre-namer/new-transform - END [0 s][290 MB]
DEBUG [10.77 s]: modelerfour/checker - START inputs = 4
DEBUG [10.82 s]: modelerfour/checker - END [0.05 s][292 MB]
DEBUG [10.82 s]: modelerfour/identity - START inputs = 2
DEBUG [10.82 s]: modelerfour/identity - END [0 s][292 MB]
DEBUG [10.82 s]: bicep - START inputs = 2
DEBUG [10.82 s]: modelerfour/emitter - START inputs = 2
DEBUG [10.82 s]: modelerfour/notags/emitter - START inputs = 2
DEBUG [10.82 s]: modelerfour/emitter - END [0 s][293 MB]
DEBUG [10.82 s]: modelerfour/notags/emitter - END [0 s][293 MB]
INFORMATION: autorest.bicep took 2ms
DEBUG [10.85 s]: bicep - END [0.02 s][294 MB]
DEBUG [10.85 s]: bicep/emitter - START inputs = 2
DEBUG [10.85 s]: Emitting 'bicep-files' at file:///tmp/_bcp_1625795651387/maps/microsoft.maps/2020-02-01-preview/types.json
DEBUG [10.85 s]: Emitting 'bicep-files' at file:///tmp/_bcp_1625795651387/maps/microsoft.maps/2020-02-01-preview/types.md
DEBUG [10.85 s]: bicep/emitter - END [0 s][294 MB]
Processing batch task - {"tag":"microsoft.maps-2017-01-01-preview"} .
VERBOSE [10.86 s]: > Including configuration file 'file:///home/runner/work/bicep-types-az/bicep-types-az/workflow-temp/azure-rest-api-specs/specification/maps/resource-manager/readme.bicep.md'
VERBOSE [10.86 s]: > Initial configuration file 'file:///home/runner/work/bicep-types-az/bicep-types-az/workflow-temp/azure-rest-api-specs/specification/maps/resource-manager/readme.md'
VERBOSE [10.86 s]: > Including configuration file 'file:///home/runner/work/bicep-types-az/bicep-types-az/workflow-temp/azure-rest-api-specs/specification/maps/resource-manager/readme.md'
VERBOSE [10.88 s]: > Including configuration file 'file:///home/runner/.autorest/@autorest_core@3.5.0-ci.b8e3f92c0/node_modules/@autorest/core/dist/resources/default-configuration.md'
VERBOSE [10.9 s]: > Including configuration file 'file:///home/runner/.autorest/@autorest_core@3.5.0-ci.b8e3f92c0/node_modules/@autorest/core/dist/resources/inspect.md'
VERBOSE [10.92 s]: > Including configuration file 'file:///home/runner/.autorest/@autorest_core@3.5.0-ci.b8e3f92c0/node_modules/@autorest/core/dist/resources/directives.md'
VERBOSE [10.93 s]: > Including configuration file 'file:///home/runner/.autorest/@autorest_core@3.5.0-ci.b8e3f92c0/node_modules/@autorest/core/dist/resources/pipeline.md'
VERBOSE [10.95 s]: > Including configuration file 'file:///home/runner/.autorest/@autorest_core@3.5.0-ci.b8e3f92c0/node_modules/@autorest/core/dist/resources/loader-openapi.md'
VERBOSE [11 s]: > Including configuration file 'file:///home/runner/.autorest/@autorest_core@3.5.0-ci.b8e3f92c0/node_modules/@autorest/core/dist/resources/miscellaneous.md'
VERBOSE [11.02 s]: > Including configuration file 'file:///home/runner/.autorest/@autorest_core@3.5.0-ci.b8e3f92c0/node_modules/@autorest/core/dist/resources/plugin-powershell.md'
VERBOSE [11.05 s]: > Including configuration file 'file:///home/runner/.autorest/@autorest_core@3.5.0-ci.b8e3f92c0/node_modules/@autorest/core/dist/resources/plugin-azureresourceschema.md'
VERBOSE [11.06 s]: > Including configuration file 'file:///home/runner/.autorest/@autorest_core@3.5.0-ci.b8e3f92c0/node_modules/@autorest/core/dist/resources/plugin-csharp.md'
VERBOSE [11.08 s]: > Including configuration file 'file:///home/runner/.autorest/@autorest_core@3.5.0-ci.b8e3f92c0/node_modules/@autorest/core/dist/resources/plugin-go.md'
VERBOSE [11.09 s]: > Including configuration file 'file:///home/runner/.autorest/@autorest_core@3.5.0-ci.b8e3f92c0/node_modules/@autorest/core/dist/resources/plugin-java.md'
VERBOSE [11.11 s]: > Including configuration file 'file:///home/runner/.autorest/@autorest_core@3.5.0-ci.b8e3f92c0/node_modules/@autorest/core/dist/resources/plugin-nodejs.md'
VERBOSE [11.12 s]: > Including configuration file 'file:///home/runner/.autorest/@autorest_core@3.5.0-ci.b8e3f92c0/node_modules/@autorest/core/dist/resources/plugin-php.md'
VERBOSE [11.14 s]: > Including configuration file 'file:///home/runner/.autorest/@autorest_core@3.5.0-ci.b8e3f92c0/node_modules/@autorest/core/dist/resources/plugin-python.md'
VERBOSE [11.16 s]: > Including configuration file 'file:///home/runner/.autorest/@autorest_core@3.5.0-ci.b8e3f92c0/node_modules/@autorest/core/dist/resources/plugin-ruby.md'
VERBOSE [11.18 s]: > Including configuration file 'file:///home/runner/.autorest/@autorest_core@3.5.0-ci.b8e3f92c0/node_modules/@autorest/core/dist/resources/plugin-typescript.md'
VERBOSE [11.19 s]: > Including configuration file 'file:///home/runner/.autorest/@autorest_core@3.5.0-ci.b8e3f92c0/node_modules/@autorest/core/dist/resources/plugin-validators.md'
VERBOSE [11.21 s]: > Including configuration file 'file:///home/runner/.autorest/@autorest_core@3.5.0-ci.b8e3f92c0/node_modules/@autorest/core/dist/resources/plugin-az.md'
VERBOSE [11.23 s]: > Including configuration file 'file:///home/runner/.autorest/@autorest_core@3.5.0-ci.b8e3f92c0/node_modules/@autorest/core/dist/resources/plugin-terraform.md'
VERBOSE [11.25 s]: > Including configuration file 'file:///home/runner/.autorest/@autorest_core@3.5.0-ci.b8e3f92c0/node_modules/@autorest/core/dist/resources/plugin-azure-functions.md'
VERBOSE [11.28 s]: > Including configuration file 'file:///home/runner/.autorest/@autorest_core@3.5.0-ci.b8e3f92c0/node_modules/@autorest/core/dist/resources/graphs.md'
VERBOSE [11.3 s]: > Including configuration file 'file:///home/runner/.autorest/@autorest_core@3.5.0-ci.b8e3f92c0/node_modules/@autorest/core/dist/resources/help-configuration.md'
INFORMATION: > Loading local AutoRest extension '@autorest/bicep' (/home/runner/work/bicep-types-az/bicep-types-az/src/autorest.bicep)
VERBOSE [11.37 s]: > Including extension configuration file 'file:///home/runner/work/bicep-types-az/bicep-types-az/src/autorest.bicep/README.md'
VERBOSE [11.37 s]: > Including configuration file 'file:///home/runner/work/bicep-types-az/bicep-types-az/src/autorest.bicep/README.md'
INFORMATION: > Loading AutoRest extension '@autorest/modelerfour' (https://tinyurl.com/yhlkz69y->4.20.0-ci.b8e3f92c0)
VERBOSE [11.94 s]: > Including extension configuration file 'file:///home/runner/.autorest/@autorest_modelerfour@4.20.0-ci.b8e3f92c0/node_modules/@autorest/modelerfour/readme.md'
VERBOSE [11.94 s]: > Including configuration file 'file:///home/runner/.autorest/@autorest_modelerfour@4.20.0-ci.b8e3f92c0/node_modules/@autorest/modelerfour/readme.md'
DEBUG [12.22 s]: swagger-document/loader-swagger - START inputs = 0
DEBUG [12.22 s]: openapi-document/loader-openapi - START inputs = 0
DEBUG [12.22 s]: pipeline-emitter - START inputs = 0
DEBUG [12.22 s]: configuration-emitter - START inputs = 0
DEBUG [12.22 s]: pipeline-emitter - END [0.02 s][148 MB]
DEBUG [12.22 s]: configuration-emitter - END [0.02 s][148 MB]
VERBOSE [12.23 s]: Reading OpenAPI 2.0 file file:///home/runner/work/bicep-types-az/bicep-types-az/workflow-temp/azure-rest-api-specs/specification/maps/resource-manager/Microsoft.Maps/stable/2017-01-01-preview/maps-management.json
DEBUG [12.23 s]: openapi-document/loader-openapi - END [0.03 s][151 MB]
DEBUG [12.25 s]: openapi-document/individual/transform - SKIPPING
DEBUG [12.25 s]: openapi-document/individual/schema-validator-openapi - SKIPPING
DEBUG [12.25 s]: openapi-document/individual/identity - SKIPPING
DEBUG [12.27 s]: swagger-document/loader-swagger - END [0.07 s][151 MB]
DEBUG [12.27 s]: swagger-document/individual/transform - START inputs = 1
DEBUG [12.3 s]: swagger-document/individual/transform - END [0.03 s][158 MB]
DEBUG [12.3 s]: swagger-document/individual/schema-validator-swagger - START inputs = 1
DEBUG [12.31 s]: swagger-document/individual/schema-validator-swagger - END [0 s][159 MB]
DEBUG [12.31 s]: swagger-document/identity - START inputs = 1
DEBUG [12.31 s]: swagger-document/individual/identity - START inputs = 1
DEBUG [12.31 s]: swagger-document/identity - END [0 s][159 MB]
DEBUG [12.31 s]: swagger-document/individual/identity - END [0 s][159 MB]
DEBUG [12.31 s]: openapi-document/openapi-document-converter - START inputs = 1
DEBUG [12.33 s]: openapi-document/openapi-document-converter - END [0.02 s][156 MB]
DEBUG [12.33 s]: openapi-document/transform - START inputs = 1
DEBUG [12.34 s]: openapi-document/transform - END [0 s][158 MB]
DEBUG [12.34 s]: openapi-document/semantic-validator - START inputs = 1
WARNING: Semantic validation was skipped.
DEBUG [12.34 s]: openapi-document/semantic-validator - END [0 s][158 MB]
DEBUG [12.34 s]: openapi-document/allof-cleaner - START inputs = 1
DEBUG [12.34 s]: openapi-document/allof-cleaner - END [0 s][159 MB]
DEBUG [12.34 s]: openapi-document/tree-shaker - START inputs = 1
DEBUG [12.37 s]: openapi-document/tree-shaker - END [0.03 s][160 MB]
DEBUG [12.37 s]: openapi-document/multi-api-merger - START inputs = 1
DEBUG [12.42 s]: openapi-document/multi-api-merger - END [0.04 s][168 MB]
DEBUG [12.42 s]: openapi-document/components-cleaner - START inputs = 1
DEBUG [12.47 s]: openapi-document/components-cleaner - END [0.04 s][172 MB]
DEBUG [12.47 s]: openapi-document/component-modifiers - START inputs = 1
DEBUG [12.48 s]: openapi-document/component-modifiers - END [0 s][176 MB]
DEBUG [12.48 s]: openapi-document/api-version-parameter-handler - START inputs = 1
DEBUG [12.48 s]: openapi-document/api-version-parameter-handler - END [0 s][176 MB]
DEBUG [12.48 s]: openapi-document/profile-filter - START inputs = 1
DEBUG [12.48 s]: openapi-document/profile-filter - END [0 s][176 MB]
DEBUG [12.48 s]: openapi-document/model-deduplicator - START inputs = 1
DEBUG [12.48 s]: openapi-document/emitter - START inputs = 1
DEBUG [12.48 s]: openapi-document/model-deduplicator - END [0 s][177 MB]
DEBUG [12.48 s]: openapi-document/emitter - END [0 s][177 MB]
DEBUG [12.48 s]: openapi-document/enum-deduplicator - START inputs = 1
DEBUG [12.55 s]: openapi-document/enum-deduplicator - END [0.06 s][173 MB]
DEBUG [12.55 s]: openapi-document/subset-reducer - START inputs = 1
DEBUG [12.55 s]: openapi-document/subset-reducer - END [0 s][173 MB]
DEBUG [12.55 s]: openapi-document/quick-check - START inputs = 1
DEBUG [12.55 s]: openapi-document/multi-api/reset-identity - START inputs = 1
DEBUG [12.55 s]: openapi-document/quick-check - END [0 s][178 MB]
DEBUG [12.55 s]: openapi-document/multi-api/reset-identity - END [0 s][178 MB]
DEBUG [12.55 s]: openapi-document/multi-api/identity - START inputs = 1
DEBUG [12.55 s]: openapi-document/multi-api/identity - END [0 s][178 MB]
DEBUG [12.55 s]: openapi-document/multi-api/emitter - START inputs = 1
DEBUG [12.55 s]: prechecker - START inputs = 1
DEBUG [12.56 s]: openapi-document/multi-api/emitter - END [0 s][178 MB]

WARNING (PreCheck/SchemaMissingType): The schema 'Resource' with an undefined type and declared properties is a bit ambiguous. This has been auto-corrected to 'type:object'

WARNING (PreCheck/SchemaMissingType): The schema 'Sku' with an undefined type and declared properties is a bit ambiguous. This has been auto-corrected to 'type:object'

WARNING (PreCheck/SchemaMissingType): The schema 'MapsAccountProperties' with an undefined type and declared properties is a bit ambiguous. This has been auto-corrected to 'type:object'

WARNING (PreCheck/CheckDuplicateSchemas): Checking for duplicate schemas, this could take a (long) while.  Run with --verbose for more detail.
VERBOSE [12.57 s]: Found and removed 0 duplicate schema
DEBUG [12.58 s]: prechecker - END [0.02 s][180 MB]
DEBUG [12.58 s]: modelerfour - START inputs = 2
VERBOSE [12.6 s]:   ModelerFour/api-version-mode:client
VERBOSE [12.6 s]:   ModelerFour/api-version-parameter:constant
VERBOSE [12.6 s]:   ModelerFour/use-model-namespace:false

WARNING (UnkownSecurityScheme): Security scheme azure_auth is unknown and will not be processed. Only supported types are AADToken,AzureKey,Anonymous
DEBUG [12.65 s]: modelerfour - END [0.06 s][181 MB]
DEBUG [12.65 s]: modelerfour/new-transform - START inputs = 2
DEBUG [12.65 s]: modelerfour/new-transform - END [0 s][181 MB]
DEBUG [12.65 s]: modelerfour/flattener - START inputs = 2
DEBUG [12.68 s]: modelerfour/flattener - END [0.03 s][183 MB]
DEBUG [12.68 s]: modelerfour/flattener/new-transform - START inputs = 2
DEBUG [12.68 s]: modelerfour/flattener/new-transform - END [0 s][183 MB]
DEBUG [12.68 s]: modelerfour/grouper - START inputs = 2
DEBUG [12.71 s]: modelerfour/grouper - END [0.02 s][184 MB]
DEBUG [12.71 s]: modelerfour/grouper/new-transform - START inputs = 2
DEBUG [12.71 s]: modelerfour/grouper/new-transform - END [0 s][184 MB]
DEBUG [12.71 s]: modelerfour/pre-namer - START inputs = 2
DEBUG [12.75 s]: modelerfour/pre-namer - END [0.03 s][186 MB]
DEBUG [12.75 s]: modelerfour/pre-namer/new-transform - START inputs = 2
DEBUG [12.75 s]: modelerfour/pre-namer/new-transform - END [0 s][186 MB]
DEBUG [12.75 s]: modelerfour/checker - START inputs = 4
DEBUG [12.78 s]: modelerfour/checker - END [0.03 s][177 MB]
DEBUG [12.78 s]: modelerfour/identity - START inputs = 2
DEBUG [12.79 s]: modelerfour/identity - END [0 s][177 MB]
DEBUG [12.79 s]: bicep - START inputs = 2
DEBUG [12.79 s]: modelerfour/emitter - START inputs = 2
DEBUG [12.79 s]: modelerfour/notags/emitter - START inputs = 2
DEBUG [12.79 s]: modelerfour/emitter - END [0 s][177 MB]
DEBUG [12.79 s]: modelerfour/notags/emitter - END [0 s][177 MB]
INFORMATION: autorest.bicep took 1ms
DEBUG [12.83 s]: bicep - END [0.04 s][178 MB]
DEBUG [12.83 s]: bicep/emitter - START inputs = 2
DEBUG [12.83 s]: Emitting 'bicep-files' at file:///tmp/_bcp_1625795651387/maps/microsoft.maps/2017-01-01-preview/types.json
DEBUG [12.83 s]: Emitting 'bicep-files' at file:///tmp/_bcp_1625795651387/maps/microsoft.maps/2017-01-01-preview/types.md
DEBUG [12.83 s]: bicep/emitter - END [0 s][178 MB]
Processing batch task - {"tag":"microsoft.maps-2018-05-01"} .
VERBOSE [12.84 s]: > Including configuration file 'file:///home/runner/work/bicep-types-az/bicep-types-az/workflow-temp/azure-rest-api-specs/specification/maps/resource-manager/readme.bicep.md'
VERBOSE [12.85 s]: > Initial configuration file 'file:///home/runner/work/bicep-types-az/bicep-types-az/workflow-temp/azure-rest-api-specs/specification/maps/resource-manager/readme.md'
VERBOSE [12.85 s]: > Including configuration file 'file:///home/runner/work/bicep-types-az/bicep-types-az/workflow-temp/azure-rest-api-specs/specification/maps/resource-manager/readme.md'
VERBOSE [12.86 s]: > Including configuration file 'file:///home/runner/.autorest/@autorest_core@3.5.0-ci.b8e3f92c0/node_modules/@autorest/core/dist/resources/default-configuration.md'
VERBOSE [12.86 s]: > Including configuration file 'file:///home/runner/.autorest/@autorest_core@3.5.0-ci.b8e3f92c0/node_modules/@autorest/core/dist/resources/inspect.md'
VERBOSE [12.88 s]: > Including configuration file 'file:///home/runner/.autorest/@autorest_core@3.5.0-ci.b8e3f92c0/node_modules/@autorest/core/dist/resources/directives.md'
VERBOSE [12.89 s]: > Including configuration file 'file:///home/runner/.autorest/@autorest_core@3.5.0-ci.b8e3f92c0/node_modules/@autorest/core/dist/resources/pipeline.md'
VERBOSE [12.9 s]: > Including configuration file 'file:///home/runner/.autorest/@autorest_core@3.5.0-ci.b8e3f92c0/node_modules/@autorest/core/dist/resources/loader-openapi.md'
VERBOSE [12.91 s]: > Including configuration file 'file:///home/runner/.autorest/@autorest_core@3.5.0-ci.b8e3f92c0/node_modules/@autorest/core/dist/resources/miscellaneous.md'
VERBOSE [12.92 s]: > Including configuration file 'file:///home/runner/.autorest/@autorest_core@3.5.0-ci.b8e3f92c0/node_modules/@autorest/core/dist/resources/plugin-powershell.md'
VERBOSE [12.93 s]: > Including configuration file 'file:///home/runner/.autorest/@autorest_core@3.5.0-ci.b8e3f92c0/node_modules/@autorest/core/dist/resources/plugin-azureresourceschema.md'
VERBOSE [12.94 s]: > Including configuration file 'file:///home/runner/.autorest/@autorest_core@3.5.0-ci.b8e3f92c0/node_modules/@autorest/core/dist/resources/plugin-csharp.md'
VERBOSE [12.96 s]: > Including configuration file 'file:///home/runner/.autorest/@autorest_core@3.5.0-ci.b8e3f92c0/node_modules/@autorest/core/dist/resources/plugin-go.md'
VERBOSE [12.98 s]: > Including configuration file 'file:///home/runner/.autorest/@autorest_core@3.5.0-ci.b8e3f92c0/node_modules/@autorest/core/dist/resources/plugin-java.md'
VERBOSE [12.99 s]: > Including configuration file 'file:///home/runner/.autorest/@autorest_core@3.5.0-ci.b8e3f92c0/node_modules/@autorest/core/dist/resources/plugin-nodejs.md'
VERBOSE [13.01 s]: > Including configuration file 'file:///home/runner/.autorest/@autorest_core@3.5.0-ci.b8e3f92c0/node_modules/@autorest/core/dist/resources/plugin-php.md'
VERBOSE [13.03 s]: > Including configuration file 'file:///home/runner/.autorest/@autorest_core@3.5.0-ci.b8e3f92c0/node_modules/@autorest/core/dist/resources/plugin-python.md'
VERBOSE [13.05 s]: > Including configuration file 'file:///home/runner/.autorest/@autorest_core@3.5.0-ci.b8e3f92c0/node_modules/@autorest/core/dist/resources/plugin-ruby.md'
VERBOSE [13.07 s]: > Including configuration file 'file:///home/runner/.autorest/@autorest_core@3.5.0-ci.b8e3f92c0/node_modules/@autorest/core/dist/resources/plugin-typescript.md'
VERBOSE [13.09 s]: > Including configuration file 'file:///home/runner/.autorest/@autorest_core@3.5.0-ci.b8e3f92c0/node_modules/@autorest/core/dist/resources/plugin-validators.md'
VERBOSE [13.11 s]: > Including configuration file 'file:///home/runner/.autorest/@autorest_core@3.5.0-ci.b8e3f92c0/node_modules/@autorest/core/dist/resources/plugin-az.md'
VERBOSE [13.13 s]: > Including configuration file 'file:///home/runner/.autorest/@autorest_core@3.5.0-ci.b8e3f92c0/node_modules/@autorest/core/dist/resources/plugin-terraform.md'
VERBOSE [13.14 s]: > Including configuration file 'file:///home/runner/.autorest/@autorest_core@3.5.0-ci.b8e3f92c0/node_modules/@autorest/core/dist/resources/plugin-azure-functions.md'
VERBOSE [13.17 s]: > Including configuration file 'file:///home/runner/.autorest/@autorest_core@3.5.0-ci.b8e3f92c0/node_modules/@autorest/core/dist/resources/graphs.md'
VERBOSE [13.19 s]: > Including configuration file 'file:///home/runner/.autorest/@autorest_core@3.5.0-ci.b8e3f92c0/node_modules/@autorest/core/dist/resources/help-configuration.md'
INFORMATION: > Loading local AutoRest extension '@autorest/bicep' (/home/runner/work/bicep-types-az/bicep-types-az/src/autorest.bicep)
VERBOSE [13.26 s]: > Including extension configuration file 'file:///home/runner/work/bicep-types-az/bicep-types-az/src/autorest.bicep/README.md'
VERBOSE [13.26 s]: > Including configuration file 'file:///home/runner/work/bicep-types-az/bicep-types-az/src/autorest.bicep/README.md'
INFORMATION: > Loading AutoRest extension '@autorest/modelerfour' (https://tinyurl.com/yhlkz69y->4.20.0-ci.b8e3f92c0)
VERBOSE [13.81 s]: > Including extension configuration file 'file:///home/runner/.autorest/@autorest_modelerfour@4.20.0-ci.b8e3f92c0/node_modules/@autorest/modelerfour/readme.md'
VERBOSE [13.82 s]: > Including configuration file 'file:///home/runner/.autorest/@autorest_modelerfour@4.20.0-ci.b8e3f92c0/node_modules/@autorest/modelerfour/readme.md'
DEBUG [14.11 s]: swagger-document/loader-swagger - START inputs = 0
DEBUG [14.11 s]: openapi-document/loader-openapi - START inputs = 0
DEBUG [14.11 s]: pipeline-emitter - START inputs = 0
DEBUG [14.11 s]: configuration-emitter - START inputs = 0
DEBUG [14.11 s]: pipeline-emitter - END [0.03 s][203 MB]
DEBUG [14.11 s]: configuration-emitter - END [0.03 s][203 MB]
VERBOSE [14.12 s]: Reading OpenAPI 2.0 file file:///home/runner/work/bicep-types-az/bicep-types-az/workflow-temp/azure-rest-api-specs/specification/maps/resource-manager/Microsoft.Maps/stable/2018-05-01/maps-management.json
DEBUG [14.12 s]: openapi-document/loader-openapi - END [0.04 s][206 MB]
DEBUG [14.14 s]: openapi-document/individual/transform - SKIPPING
DEBUG [14.14 s]: openapi-document/individual/schema-validator-openapi - SKIPPING
DEBUG [14.14 s]: openapi-document/individual/identity - SKIPPING
DEBUG [14.15 s]: swagger-document/loader-swagger - END [0.07 s][206 MB]
DEBUG [14.15 s]: swagger-document/individual/transform - START inputs = 1
DEBUG [14.18 s]: swagger-document/individual/transform - END [0.03 s][213 MB]
DEBUG [14.18 s]: swagger-document/individual/schema-validator-swagger - START inputs = 1
DEBUG [14.19 s]: swagger-document/individual/schema-validator-swagger - END [0 s][214 MB]
DEBUG [14.19 s]: swagger-document/identity - START inputs = 1
DEBUG [14.19 s]: swagger-document/individual/identity - START inputs = 1
DEBUG [14.19 s]: swagger-document/identity - END [0 s][214 MB]
DEBUG [14.19 s]: swagger-document/individual/identity - END [0 s][214 MB]
DEBUG [14.19 s]: openapi-document/openapi-document-converter - START inputs = 1
DEBUG [14.21 s]: openapi-document/openapi-document-converter - END [0.01 s][211 MB]
DEBUG [14.21 s]: openapi-document/transform - START inputs = 1
DEBUG [14.21 s]: openapi-document/transform - END [0 s][213 MB]
DEBUG [14.21 s]: openapi-document/semantic-validator - START inputs = 1
WARNING: Semantic validation was skipped.
DEBUG [14.21 s]: openapi-document/semantic-validator - END [0 s][213 MB]
DEBUG [14.21 s]: openapi-document/allof-cleaner - START inputs = 1
DEBUG [14.21 s]: openapi-document/allof-cleaner - END [0 s][214 MB]
DEBUG [14.22 s]: openapi-document/tree-shaker - START inputs = 1
DEBUG [14.24 s]: openapi-document/tree-shaker - END [0.02 s][215 MB]
DEBUG [14.24 s]: openapi-document/multi-api-merger - START inputs = 1
DEBUG [14.28 s]: openapi-document/multi-api-merger - END [0.03 s][224 MB]
DEBUG [14.28 s]: openapi-document/components-cleaner - START inputs = 1
DEBUG [14.32 s]: openapi-document/components-cleaner - END [0.04 s][227 MB]
DEBUG [14.33 s]: openapi-document/component-modifiers - START inputs = 1
DEBUG [14.33 s]: openapi-document/component-modifiers - END [0 s][231 MB]
DEBUG [14.33 s]: openapi-document/api-version-parameter-handler - START inputs = 1
DEBUG [14.33 s]: openapi-document/api-version-parameter-handler - END [0 s][231 MB]
DEBUG [14.33 s]: openapi-document/profile-filter - START inputs = 1
DEBUG [14.33 s]: openapi-document/profile-filter - END [0 s][231 MB]
DEBUG [14.33 s]: openapi-document/model-deduplicator - START inputs = 1
DEBUG [14.33 s]: openapi-document/emitter - START inputs = 1
DEBUG [14.33 s]: openapi-document/model-deduplicator - END [0 s][231 MB]
DEBUG [14.33 s]: openapi-document/emitter - END [0 s][231 MB]
DEBUG [14.33 s]: openapi-document/enum-deduplicator - START inputs = 1
DEBUG [14.39 s]: openapi-document/enum-deduplicator - END [0.05 s][241 MB]
DEBUG [14.39 s]: openapi-document/subset-reducer - START inputs = 1
DEBUG [14.39 s]: openapi-document/subset-reducer - END [0 s][228 MB]
DEBUG [14.39 s]: openapi-document/quick-check - START inputs = 1
DEBUG [14.39 s]: openapi-document/multi-api/reset-identity - START inputs = 1
DEBUG [14.4 s]: openapi-document/quick-check - END [0 s][233 MB]
DEBUG [14.4 s]: openapi-document/multi-api/reset-identity - END [0 s][233 MB]
DEBUG [14.4 s]: openapi-document/multi-api/identity - START inputs = 1
DEBUG [14.4 s]: openapi-document/multi-api/identity - END [0 s][233 MB]
DEBUG [14.4 s]: openapi-document/multi-api/emitter - START inputs = 1
DEBUG [14.4 s]: prechecker - START inputs = 1
DEBUG [14.4 s]: openapi-document/multi-api/emitter - END [0 s][233 MB]

WARNING (PreCheck/SchemaMissingType): The schema 'Resource' with an undefined type and declared properties is a bit ambiguous. This has been auto-corrected to 'type:object'

WARNING (PreCheck/SchemaMissingType): The schema 'Sku' with an undefined type and declared properties is a bit ambiguous. This has been auto-corrected to 'type:object'

WARNING (PreCheck/SchemaMissingType): The schema 'MapsAccountProperties' with an undefined type and declared properties is a bit ambiguous. This has been auto-corrected to 'type:object'

WARNING (PreCheck/CheckDuplicateSchemas): Checking for duplicate schemas, this could take a (long) while.  Run with --verbose for more detail.
VERBOSE [14.41 s]: Found and removed 0 duplicate schema
DEBUG [14.42 s]: prechecker - END [0.02 s][235 MB]
DEBUG [14.42 s]: modelerfour - START inputs = 2
VERBOSE [14.44 s]:   ModelerFour/api-version-mode:client
VERBOSE [14.44 s]:   ModelerFour/api-version-parameter:constant
VERBOSE [14.44 s]:   ModelerFour/use-model-namespace:false

WARNING (UnkownSecurityScheme): Security scheme azure_auth is unknown and will not be processed. Only supported types are AADToken,AzureKey,Anonymous
DEBUG [14.49 s]: modelerfour - END [0.06 s][237 MB]
DEBUG [14.49 s]: modelerfour/new-transform - START inputs = 2
DEBUG [14.49 s]: modelerfour/new-transform - END [0 s][237 MB]
DEBUG [14.49 s]: modelerfour/flattener - START inputs = 2
DEBUG [14.52 s]: modelerfour/flattener - END [0.03 s][239 MB]
DEBUG [14.52 s]: modelerfour/flattener/new-transform - START inputs = 2
DEBUG [14.52 s]: modelerfour/flattener/new-transform - END [0 s][239 MB]
DEBUG [14.52 s]: modelerfour/grouper - START inputs = 2
DEBUG [14.55 s]: modelerfour/grouper - END [0.02 s][240 MB]
DEBUG [14.55 s]: modelerfour/grouper/new-transform - START inputs = 2
DEBUG [14.55 s]: modelerfour/grouper/new-transform - END [0 s][240 MB]
DEBUG [14.55 s]: modelerfour/pre-namer - START inputs = 2
DEBUG [14.59 s]: modelerfour/pre-namer - END [0.03 s][242 MB]
DEBUG [14.59 s]: modelerfour/pre-namer/new-transform - START inputs = 2
DEBUG [14.59 s]: modelerfour/pre-namer/new-transform - END [0 s][242 MB]
DEBUG [14.59 s]: modelerfour/checker - START inputs = 4
DEBUG [14.63 s]: modelerfour/checker - END [0.03 s][232 MB]
DEBUG [14.63 s]: modelerfour/identity - START inputs = 2
DEBUG [14.63 s]: modelerfour/identity - END [0 s][232 MB]
DEBUG [14.63 s]: bicep - START inputs = 2
DEBUG [14.63 s]: modelerfour/emitter - START inputs = 2
DEBUG [14.63 s]: modelerfour/notags/emitter - START inputs = 2
DEBUG [14.63 s]: modelerfour/emitter - END [0 s][233 MB]
DEBUG [14.64 s]: modelerfour/notags/emitter - END [0 s][233 MB]
INFORMATION: autorest.bicep took 2ms
DEBUG [14.67 s]: bicep - END [0.03 s][233 MB]
DEBUG [14.67 s]: bicep/emitter - START inputs = 2
DEBUG [14.67 s]: Emitting 'bicep-files' at file:///tmp/_bcp_1625795651387/maps/microsoft.maps/2018-05-01/types.json
DEBUG [14.67 s]: Emitting 'bicep-files' at file:///tmp/_bcp_1625795651387/maps/microsoft.maps/2018-05-01/types.md
DEBUG [14.67 s]: bicep/emitter - END [0 s][234 MB]
[14.67 s] Clearing Folders.
[14.67 s] Writing Outputs.
[14.67 s] Generation Complete
[14.67 s] Shutting Down.
[14.67 s] Exiting.
