Generating types for 'specification/managednetworkfabric/resource-manager/readme.md'
AutoRest code generation utility [cli version: 3.8.0; node: v22.22.2]
(C) 2018 Microsoft Corporation.
https://aka.ms/autorest
⚠️ AutoRest is deprecated and will be retired on July 1, 2026. Please migrate to TypeSpec: https://typespec.io — details: https://github.com/Azure/autorest/issues/5175
warning | SkippedSemanticValidation | Semantic validation was skipped.
warning | PreCheck/CheckDuplicateSchemas | Checking for duplicate schemas, this could take a (long) while.  Run with --verbose for more detail.
warning | SkippedSemanticValidation | Semantic validation was skipped.
warning | PreCheck/CheckDuplicateSchemas | Checking for duplicate schemas, this could take a (long) while.  Run with --verbose for more detail.
warning | SkippedSemanticValidation | Semantic validation was skipped.
warning | PreCheck/CheckDuplicateSchemas | Checking for duplicate schemas, this could take a (long) while.  Run with --verbose for more detail.
warning | SkippedSemanticValidation | Semantic validation was skipped.
warning | PreCheck/SchemaMissingType | The schema 'InternalNetworkProperties-staticRouteConfiguration' with an undefined type and 'allOf'/'anyOf'/'oneOf' is a bit ambiguous. This has been auto-corrected to 'type:object'
    - file:///home/runner/work/bicep-types-az/bicep-types-az/workflow-temp/azure-rest-api-specs/specification/managednetworkfabric/resource-manager/Microsoft.ManagedNetworkFabric/stable/2023-06-15/L3IsolationDomains.json:1654:9
warning | PreCheck/CheckDuplicateSchemas | Checking for duplicate schemas, this could take a (long) while.  Run with --verbose for more detail.
warning | SkippedSemanticValidation | Semantic validation was skipped.
warning | PreCheck/SchemaMissingType | The schema 'ExternalNetworkPatch-properties' with an undefined type and 'allOf'/'anyOf'/'oneOf' is a bit ambiguous. This has been auto-corrected to 'type:object'
    - file:///home/runner/work/bicep-types-az/bicep-types-az/workflow-temp/azure-rest-api-specs/specification/managednetworkfabric/resource-manager/Microsoft.ManagedNetworkFabric/preview/2023-02-01-preview/L3IsolationDomains.json:2266:9
warning | PreCheck/SchemaMissingType | The schema 'InternalNetworkPatch-properties' with an undefined type and 'allOf'/'anyOf'/'oneOf' is a bit ambiguous. This has been auto-corrected to 'type:object'
    - file:///home/runner/work/bicep-types-az/bicep-types-az/workflow-temp/azure-rest-api-specs/specification/managednetworkfabric/resource-manager/Microsoft.ManagedNetworkFabric/preview/2023-02-01-preview/L3IsolationDomains.json:2310:9
warning | PreCheck/SchemaMissingType | The schema 'ExternalNetworkProperties-optionAProperties' with an undefined type and 'allOf'/'anyOf'/'oneOf' is a bit ambiguous. This has been auto-corrected to 'type:object'
    - file:///home/runner/work/bicep-types-az/bicep-types-az/workflow-temp/azure-rest-api-specs/specification/managednetworkfabric/resource-manager/Microsoft.ManagedNetworkFabric/preview/2023-02-01-preview/L3IsolationDomains.json:2420:9
warning | PreCheck/SchemaMissingType | The schema 'NetworkDevicePatchParameters-properties' with an undefined type and 'allOf'/'anyOf'/'oneOf' is a bit ambiguous. This has been auto-corrected to 'type:object'
    - file:///home/runner/work/bicep-types-az/bicep-types-az/workflow-temp/azure-rest-api-specs/specification/managednetworkfabric/resource-manager/Microsoft.ManagedNetworkFabric/preview/2023-02-01-preview/NetworkDevices.json:1353:9
warning | PreCheck/SchemaMissingType | The schema 'NetworkInterfacePatch-properties' with an undefined type and 'allOf'/'anyOf'/'oneOf' is a bit ambiguous. This has been auto-corrected to 'type:object'
    - file:///home/runner/work/bicep-types-az/bicep-types-az/workflow-temp/azure-rest-api-specs/specification/managednetworkfabric/resource-manager/Microsoft.ManagedNetworkFabric/preview/2023-02-01-preview/NetworkDevices.json:1460:9
warning | PreCheck/SchemaMissingType | The schema 'NetworkFabricPatchParameters-properties' with an undefined type and 'allOf'/'anyOf'/'oneOf' is a bit ambiguous. This has been auto-corrected to 'type:object'
    - file:///home/runner/work/bicep-types-az/bicep-types-az/workflow-temp/azure-rest-api-specs/specification/managednetworkfabric/resource-manager/Microsoft.ManagedNetworkFabric/preview/2023-02-01-preview/NetworkFabrics.json:947:9
warning | PreCheck/SchemaMissingType | The schema 'ActionIpCommunityProperties' with an undefined type and 'allOf'/'anyOf'/'oneOf' is a bit ambiguous. This has been auto-corrected to 'type:object'
    - file:///home/runner/work/bicep-types-az/bicep-types-az/workflow-temp/azure-rest-api-specs/specification/managednetworkfabric/resource-manager/Microsoft.ManagedNetworkFabric/preview/2023-02-01-preview/RoutePolicies.json:527:5
warning | PreCheck/SchemaMissingType | The schema 'ActionIpExtendedCommunityProperties' with an undefined type and 'allOf'/'anyOf'/'oneOf' is a bit ambiguous. This has been auto-corrected to 'type:object'
    - file:///home/runner/work/bicep-types-az/bicep-types-az/workflow-temp/azure-rest-api-specs/specification/managednetworkfabric/resource-manager/Microsoft.ManagedNetworkFabric/preview/2023-02-01-preview/RoutePolicies.json:571:5
warning | PreCheck/CheckDuplicateSchemas | Checking for duplicate schemas, this could take a (long) while.  Run with --verbose for more detail.
warning | PreCheck/DuplicateSchema | Duplicate Schema named 'OptionBProperties' (1 differences):
  - required: <none> => ["importRouteTargets","exportRouteTargets"]
warning | PreNamer/DeduplicateName | Deduplicating schema name: 'OptionBProperties' -> 'OptionBPropertiesAutoGenerated'
