Executing: autorest --use=/home/runner/work/bicep-types-az/bicep-types-az/src/autorest.bicep --bicep --output-folder=/tmp/_bcp_1625795651387/powerbidedicated --multiapi --title=none --skip-semantics-validation /home/runner/work/bicep-types-az/bicep-types-az/workflow-temp/azure-rest-api-specs/specification/powerbidedicated/resource-manager/readme.md --debug --verbose
AutoRest code generation utility [cli version: 3.2.1; node: v14.17.1, max-memory: 4096 MB]
(C) 2018 Microsoft Corporation.
https://aka.ms/autorest
No configuration found at 'file:///home/runner/work/bicep-types-az/bicep-types-az/src/generator/src/cmd/'.
> Including configuration file 'file:///home/runner/work/bicep-types-az/bicep-types-az/src/generator/node_modules/autorest/dist/resources/default-configuration.md'
> Including configuration file 'file:///home/runner/work/bicep-types-az/bicep-types-az/src/generator/node_modules/autorest/dist/resources/inspect.md'
> Including configuration file 'file:///home/runner/work/bicep-types-az/bicep-types-az/src/generator/node_modules/autorest/dist/resources/directives.md'
> Including configuration file 'file:///home/runner/work/bicep-types-az/bicep-types-az/src/generator/node_modules/autorest/dist/resources/pipeline.md'
> Including configuration file 'file:///home/runner/work/bicep-types-az/bicep-types-az/src/generator/node_modules/autorest/dist/resources/loader-openapi.md'
> Including configuration file 'file:///home/runner/work/bicep-types-az/bicep-types-az/src/generator/node_modules/autorest/dist/resources/miscellaneous.md'
> Including configuration file 'file:///home/runner/work/bicep-types-az/bicep-types-az/src/generator/node_modules/autorest/dist/resources/plugin-powershell.md'
> Including configuration file 'file:///home/runner/work/bicep-types-az/bicep-types-az/src/generator/node_modules/autorest/dist/resources/plugin-azureresourceschema.md'
> Including configuration file 'file:///home/runner/work/bicep-types-az/bicep-types-az/src/generator/node_modules/autorest/dist/resources/plugin-csharp.md'
> Including configuration file 'file:///home/runner/work/bicep-types-az/bicep-types-az/src/generator/node_modules/autorest/dist/resources/plugin-go.md'
> Including configuration file 'file:///home/runner/work/bicep-types-az/bicep-types-az/src/generator/node_modules/autorest/dist/resources/plugin-java.md'
> Including configuration file 'file:///home/runner/work/bicep-types-az/bicep-types-az/src/generator/node_modules/autorest/dist/resources/plugin-nodejs.md'
> Including configuration file 'file:///home/runner/work/bicep-types-az/bicep-types-az/src/generator/node_modules/autorest/dist/resources/plugin-php.md'
> Including configuration file 'file:///home/runner/work/bicep-types-az/bicep-types-az/src/generator/node_modules/autorest/dist/resources/plugin-python.md'
> Including configuration file 'file:///home/runner/work/bicep-types-az/bicep-types-az/src/generator/node_modules/autorest/dist/resources/plugin-ruby.md'
> Including configuration file 'file:///home/runner/work/bicep-types-az/bicep-types-az/src/generator/node_modules/autorest/dist/resources/plugin-typescript.md'
> Including configuration file 'file:///home/runner/work/bicep-types-az/bicep-types-az/src/generator/node_modules/autorest/dist/resources/plugin-validators.md'
> Including configuration file 'file:///home/runner/work/bicep-types-az/bicep-types-az/src/generator/node_modules/autorest/dist/resources/plugin-az.md'
> Including configuration file 'file:///home/runner/work/bicep-types-az/bicep-types-az/src/generator/node_modules/autorest/dist/resources/plugin-terraform.md'
> Including configuration file 'file:///home/runner/work/bicep-types-az/bicep-types-az/src/generator/node_modules/autorest/dist/resources/plugin-azure-functions.md'
> Including configuration file 'file:///home/runner/work/bicep-types-az/bicep-types-az/src/generator/node_modules/autorest/dist/resources/graphs.md'
> Including configuration file 'file:///home/runner/work/bicep-types-az/bicep-types-az/src/generator/node_modules/autorest/dist/resources/help-configuration.md'
> Loading local AutoRest extension '@autorest/bicep' (/home/runner/work/bicep-types-az/bicep-types-az/src/autorest.bicep)
> Including extension configuration file 'file:///home/runner/work/bicep-types-az/bicep-types-az/src/autorest.bicep/README.md'
> Including configuration file 'file:///home/runner/work/bicep-types-az/bicep-types-az/src/autorest.bicep/README.md'
> Loading AutoRest extension '@autorest/modelerfour' (https://tinyurl.com/yhlkz69y->4.20.0-ci.b8e3f92c0)
> Including extension configuration file 'file:///home/runner/.autorest/@autorest_modelerfour@4.20.0-ci.b8e3f92c0/node_modules/@autorest/modelerfour/readme.md'
> Including configuration file 'file:///home/runner/.autorest/@autorest_modelerfour@4.20.0-ci.b8e3f92c0/node_modules/@autorest/modelerfour/readme.md'
NOTE: AutoRest core version selected from configuration: https://tinyurl.com/yfjyy27f.
Network Enabled: true

There is a new version of AutoRest available (3.2.3).
 > You can install the newer version with with npm install -g autorest@latest

Starting @autorest/core from /home/runner/.autorest/@autorest_core@3.5.0-ci.b8e3f92c0/node_modules/@autorest/core
   Loading AutoRest core      '/home/runner/.autorest/@autorest_core@3.5.0-ci.b8e3f92c0/node_modules/@autorest/core/dist' (3.5.0-ci.b8e3f92c0)
VERBOSE [0.7 s]: > Including configuration file 'file:///home/runner/work/bicep-types-az/bicep-types-az/workflow-temp/azure-rest-api-specs/specification/powerbidedicated/resource-manager/readme.bicep.md'
VERBOSE [0.71 s]: > Initial configuration file 'file:///home/runner/work/bicep-types-az/bicep-types-az/workflow-temp/azure-rest-api-specs/specification/powerbidedicated/resource-manager/readme.md'
VERBOSE [0.71 s]: > Including configuration file 'file:///home/runner/work/bicep-types-az/bicep-types-az/workflow-temp/azure-rest-api-specs/specification/powerbidedicated/resource-manager/readme.md'
VERBOSE [0.73 s]: > Including configuration file 'file:///home/runner/.autorest/@autorest_core@3.5.0-ci.b8e3f92c0/node_modules/@autorest/core/dist/resources/default-configuration.md'
VERBOSE [0.75 s]: > Including configuration file 'file:///home/runner/.autorest/@autorest_core@3.5.0-ci.b8e3f92c0/node_modules/@autorest/core/dist/resources/inspect.md'
VERBOSE [0.76 s]: > Including configuration file 'file:///home/runner/.autorest/@autorest_core@3.5.0-ci.b8e3f92c0/node_modules/@autorest/core/dist/resources/directives.md'
VERBOSE [0.78 s]: > Including configuration file 'file:///home/runner/.autorest/@autorest_core@3.5.0-ci.b8e3f92c0/node_modules/@autorest/core/dist/resources/pipeline.md'
VERBOSE [0.8 s]: > Including configuration file 'file:///home/runner/.autorest/@autorest_core@3.5.0-ci.b8e3f92c0/node_modules/@autorest/core/dist/resources/loader-openapi.md'
VERBOSE [0.82 s]: > Including configuration file 'file:///home/runner/.autorest/@autorest_core@3.5.0-ci.b8e3f92c0/node_modules/@autorest/core/dist/resources/miscellaneous.md'
VERBOSE [0.84 s]: > Including configuration file 'file:///home/runner/.autorest/@autorest_core@3.5.0-ci.b8e3f92c0/node_modules/@autorest/core/dist/resources/plugin-powershell.md'
VERBOSE [0.85 s]: > Including configuration file 'file:///home/runner/.autorest/@autorest_core@3.5.0-ci.b8e3f92c0/node_modules/@autorest/core/dist/resources/plugin-azureresourceschema.md'
VERBOSE [0.87 s]: > Including configuration file 'file:///home/runner/.autorest/@autorest_core@3.5.0-ci.b8e3f92c0/node_modules/@autorest/core/dist/resources/plugin-csharp.md'
VERBOSE [0.89 s]: > Including configuration file 'file:///home/runner/.autorest/@autorest_core@3.5.0-ci.b8e3f92c0/node_modules/@autorest/core/dist/resources/plugin-go.md'
VERBOSE [0.9 s]: > Including configuration file 'file:///home/runner/.autorest/@autorest_core@3.5.0-ci.b8e3f92c0/node_modules/@autorest/core/dist/resources/plugin-java.md'
VERBOSE [0.92 s]: > Including configuration file 'file:///home/runner/.autorest/@autorest_core@3.5.0-ci.b8e3f92c0/node_modules/@autorest/core/dist/resources/plugin-nodejs.md'
VERBOSE [0.94 s]: > Including configuration file 'file:///home/runner/.autorest/@autorest_core@3.5.0-ci.b8e3f92c0/node_modules/@autorest/core/dist/resources/plugin-php.md'
VERBOSE [0.96 s]: > Including configuration file 'file:///home/runner/.autorest/@autorest_core@3.5.0-ci.b8e3f92c0/node_modules/@autorest/core/dist/resources/plugin-python.md'
VERBOSE [0.98 s]: > Including configuration file 'file:///home/runner/.autorest/@autorest_core@3.5.0-ci.b8e3f92c0/node_modules/@autorest/core/dist/resources/plugin-ruby.md'
VERBOSE [1 s]: > Including configuration file 'file:///home/runner/.autorest/@autorest_core@3.5.0-ci.b8e3f92c0/node_modules/@autorest/core/dist/resources/plugin-typescript.md'
VERBOSE [1.03 s]: > Including configuration file 'file:///home/runner/.autorest/@autorest_core@3.5.0-ci.b8e3f92c0/node_modules/@autorest/core/dist/resources/plugin-validators.md'
VERBOSE [1.05 s]: > Including configuration file 'file:///home/runner/.autorest/@autorest_core@3.5.0-ci.b8e3f92c0/node_modules/@autorest/core/dist/resources/plugin-az.md'
VERBOSE [1.07 s]: > Including configuration file 'file:///home/runner/.autorest/@autorest_core@3.5.0-ci.b8e3f92c0/node_modules/@autorest/core/dist/resources/plugin-terraform.md'
VERBOSE [1.09 s]: > Including configuration file 'file:///home/runner/.autorest/@autorest_core@3.5.0-ci.b8e3f92c0/node_modules/@autorest/core/dist/resources/plugin-azure-functions.md'
VERBOSE [1.12 s]: > Including configuration file 'file:///home/runner/.autorest/@autorest_core@3.5.0-ci.b8e3f92c0/node_modules/@autorest/core/dist/resources/graphs.md'
VERBOSE [1.14 s]: > Including configuration file 'file:///home/runner/.autorest/@autorest_core@3.5.0-ci.b8e3f92c0/node_modules/@autorest/core/dist/resources/help-configuration.md'
INFORMATION: > Loading local AutoRest extension '@autorest/bicep' (/home/runner/work/bicep-types-az/bicep-types-az/src/autorest.bicep)
VERBOSE [1.22 s]: > Including extension configuration file 'file:///home/runner/work/bicep-types-az/bicep-types-az/src/autorest.bicep/README.md'
VERBOSE [1.22 s]: > Including configuration file 'file:///home/runner/work/bicep-types-az/bicep-types-az/src/autorest.bicep/README.md'
INFORMATION: > Loading AutoRest extension '@autorest/modelerfour' (https://tinyurl.com/yhlkz69y->4.20.0-ci.b8e3f92c0)
VERBOSE [1.87 s]: > Including extension configuration file 'file:///home/runner/.autorest/@autorest_modelerfour@4.20.0-ci.b8e3f92c0/node_modules/@autorest/modelerfour/readme.md'
VERBOSE [1.88 s]: > Including configuration file 'file:///home/runner/.autorest/@autorest_modelerfour@4.20.0-ci.b8e3f92c0/node_modules/@autorest/modelerfour/readme.md'
Processing batch task - {"tag":"microsoft.powerbidedicated-2021-01-01"} .
VERBOSE [2.1 s]: > Including configuration file 'file:///home/runner/work/bicep-types-az/bicep-types-az/workflow-temp/azure-rest-api-specs/specification/powerbidedicated/resource-manager/readme.bicep.md'
VERBOSE [2.1 s]: > Initial configuration file 'file:///home/runner/work/bicep-types-az/bicep-types-az/workflow-temp/azure-rest-api-specs/specification/powerbidedicated/resource-manager/readme.md'
VERBOSE [2.1 s]: > Including configuration file 'file:///home/runner/work/bicep-types-az/bicep-types-az/workflow-temp/azure-rest-api-specs/specification/powerbidedicated/resource-manager/readme.md'
VERBOSE [2.11 s]: > Including configuration file 'file:///home/runner/.autorest/@autorest_core@3.5.0-ci.b8e3f92c0/node_modules/@autorest/core/dist/resources/default-configuration.md'
VERBOSE [2.12 s]: > Including configuration file 'file:///home/runner/.autorest/@autorest_core@3.5.0-ci.b8e3f92c0/node_modules/@autorest/core/dist/resources/inspect.md'
VERBOSE [2.13 s]: > Including configuration file 'file:///home/runner/.autorest/@autorest_core@3.5.0-ci.b8e3f92c0/node_modules/@autorest/core/dist/resources/directives.md'
VERBOSE [2.15 s]: > Including configuration file 'file:///home/runner/.autorest/@autorest_core@3.5.0-ci.b8e3f92c0/node_modules/@autorest/core/dist/resources/pipeline.md'
VERBOSE [2.17 s]: > Including configuration file 'file:///home/runner/.autorest/@autorest_core@3.5.0-ci.b8e3f92c0/node_modules/@autorest/core/dist/resources/loader-openapi.md'
VERBOSE [2.18 s]: > Including configuration file 'file:///home/runner/.autorest/@autorest_core@3.5.0-ci.b8e3f92c0/node_modules/@autorest/core/dist/resources/miscellaneous.md'
VERBOSE [2.19 s]: > Including configuration file 'file:///home/runner/.autorest/@autorest_core@3.5.0-ci.b8e3f92c0/node_modules/@autorest/core/dist/resources/plugin-powershell.md'
VERBOSE [2.21 s]: > Including configuration file 'file:///home/runner/.autorest/@autorest_core@3.5.0-ci.b8e3f92c0/node_modules/@autorest/core/dist/resources/plugin-azureresourceschema.md'
VERBOSE [2.22 s]: > Including configuration file 'file:///home/runner/.autorest/@autorest_core@3.5.0-ci.b8e3f92c0/node_modules/@autorest/core/dist/resources/plugin-csharp.md'
VERBOSE [2.24 s]: > Including configuration file 'file:///home/runner/.autorest/@autorest_core@3.5.0-ci.b8e3f92c0/node_modules/@autorest/core/dist/resources/plugin-go.md'
VERBOSE [2.25 s]: > Including configuration file 'file:///home/runner/.autorest/@autorest_core@3.5.0-ci.b8e3f92c0/node_modules/@autorest/core/dist/resources/plugin-java.md'
VERBOSE [2.27 s]: > Including configuration file 'file:///home/runner/.autorest/@autorest_core@3.5.0-ci.b8e3f92c0/node_modules/@autorest/core/dist/resources/plugin-nodejs.md'
VERBOSE [2.28 s]: > Including configuration file 'file:///home/runner/.autorest/@autorest_core@3.5.0-ci.b8e3f92c0/node_modules/@autorest/core/dist/resources/plugin-php.md'
VERBOSE [2.3 s]: > Including configuration file 'file:///home/runner/.autorest/@autorest_core@3.5.0-ci.b8e3f92c0/node_modules/@autorest/core/dist/resources/plugin-python.md'
VERBOSE [2.32 s]: > Including configuration file 'file:///home/runner/.autorest/@autorest_core@3.5.0-ci.b8e3f92c0/node_modules/@autorest/core/dist/resources/plugin-ruby.md'
VERBOSE [2.33 s]: > Including configuration file 'file:///home/runner/.autorest/@autorest_core@3.5.0-ci.b8e3f92c0/node_modules/@autorest/core/dist/resources/plugin-typescript.md'
VERBOSE [2.35 s]: > Including configuration file 'file:///home/runner/.autorest/@autorest_core@3.5.0-ci.b8e3f92c0/node_modules/@autorest/core/dist/resources/plugin-validators.md'
VERBOSE [2.37 s]: > Including configuration file 'file:///home/runner/.autorest/@autorest_core@3.5.0-ci.b8e3f92c0/node_modules/@autorest/core/dist/resources/plugin-az.md'
VERBOSE [2.39 s]: > Including configuration file 'file:///home/runner/.autorest/@autorest_core@3.5.0-ci.b8e3f92c0/node_modules/@autorest/core/dist/resources/plugin-terraform.md'
VERBOSE [2.41 s]: > Including configuration file 'file:///home/runner/.autorest/@autorest_core@3.5.0-ci.b8e3f92c0/node_modules/@autorest/core/dist/resources/plugin-azure-functions.md'
VERBOSE [2.43 s]: > Including configuration file 'file:///home/runner/.autorest/@autorest_core@3.5.0-ci.b8e3f92c0/node_modules/@autorest/core/dist/resources/graphs.md'
VERBOSE [2.45 s]: > Including configuration file 'file:///home/runner/.autorest/@autorest_core@3.5.0-ci.b8e3f92c0/node_modules/@autorest/core/dist/resources/help-configuration.md'
INFORMATION: > Loading local AutoRest extension '@autorest/bicep' (/home/runner/work/bicep-types-az/bicep-types-az/src/autorest.bicep)
VERBOSE [2.52 s]: > Including extension configuration file 'file:///home/runner/work/bicep-types-az/bicep-types-az/src/autorest.bicep/README.md'
VERBOSE [2.52 s]: > Including configuration file 'file:///home/runner/work/bicep-types-az/bicep-types-az/src/autorest.bicep/README.md'
INFORMATION: > Loading AutoRest extension '@autorest/modelerfour' (https://tinyurl.com/yhlkz69y->4.20.0-ci.b8e3f92c0)
VERBOSE [3.08 s]: > Including extension configuration file 'file:///home/runner/.autorest/@autorest_modelerfour@4.20.0-ci.b8e3f92c0/node_modules/@autorest/modelerfour/readme.md'
VERBOSE [3.08 s]: > Including configuration file 'file:///home/runner/.autorest/@autorest_modelerfour@4.20.0-ci.b8e3f92c0/node_modules/@autorest/modelerfour/readme.md'
DEBUG [3.72 s]: swagger-document/loader-swagger - START inputs = 0
DEBUG [3.72 s]: openapi-document/loader-openapi - START inputs = 0
DEBUG [3.72 s]: pipeline-emitter - START inputs = 0
DEBUG [3.72 s]: configuration-emitter - START inputs = 0
DEBUG [3.73 s]: pipeline-emitter - END [0.06 s][85 MB]
DEBUG [3.73 s]: configuration-emitter - END [0.06 s][85 MB]
VERBOSE [3.76 s]: Reading OpenAPI 2.0 file file:///home/runner/work/bicep-types-az/bicep-types-az/workflow-temp/azure-rest-api-specs/specification/powerbidedicated/resource-manager/Microsoft.PowerBIdedicated/stable/2021-01-01/powerbidedicated.json
VERBOSE [3.77 s]: Reading OpenAPI 2.0 file file:///home/runner/work/bicep-types-az/bicep-types-az/workflow-temp/azure-rest-api-specs/specification/powerbidedicated/resource-manager/Microsoft.PowerBIdedicated/stable/2021-01-01/autoScaleVCores.json
DEBUG [3.77 s]: openapi-document/loader-openapi - END [0.1 s][90 MB]
DEBUG [3.84 s]: openapi-document/individual/transform - SKIPPING
DEBUG [3.84 s]: openapi-document/individual/schema-validator-openapi - SKIPPING
DEBUG [3.84 s]: openapi-document/individual/identity - SKIPPING
DEBUG [3.89 s]: swagger-document/loader-swagger - END [0.23 s][97 MB]
DEBUG [3.89 s]: swagger-document/individual/transform - START inputs = 2
DEBUG [3.98 s]: swagger-document/individual/transform - END [0.08 s][101 MB]
DEBUG [3.98 s]: swagger-document/individual/schema-validator-swagger - START inputs = 2
DEBUG [4.27 s]: swagger-document/individual/schema-validator-swagger - END [0.29 s][110 MB]
DEBUG [4.27 s]: swagger-document/identity - START inputs = 2
DEBUG [4.27 s]: swagger-document/individual/identity - START inputs = 2
DEBUG [4.27 s]: swagger-document/identity - END [0 s][98 MB]
DEBUG [4.27 s]: swagger-document/individual/identity - END [0 s][98 MB]
DEBUG [4.27 s]: openapi-document/openapi-document-converter - START inputs = 2
DEBUG [4.34 s]: openapi-document/openapi-document-converter - END [0.06 s][104 MB]
DEBUG [4.34 s]: openapi-document/transform - START inputs = 2
DEBUG [4.35 s]: openapi-document/transform - END [0 s][108 MB]
DEBUG [4.35 s]: openapi-document/semantic-validator - START inputs = 2
WARNING: Semantic validation was skipped.
DEBUG [4.35 s]: openapi-document/semantic-validator - END [0 s][108 MB]
DEBUG [4.35 s]: openapi-document/allof-cleaner - START inputs = 2
DEBUG [4.35 s]: openapi-document/allof-cleaner - END [0 s][108 MB]
DEBUG [4.35 s]: openapi-document/tree-shaker - START inputs = 2
DEBUG [4.43 s]: openapi-document/tree-shaker - END [0.07 s][111 MB]
DEBUG [4.43 s]: openapi-document/multi-api-merger - START inputs = 2
DEBUG [4.54 s]: openapi-document/multi-api-merger - END [0.1 s][126 MB]
DEBUG [4.54 s]: openapi-document/components-cleaner - START inputs = 1
DEBUG [4.62 s]: openapi-document/components-cleaner - END [0.08 s][138 MB]
DEBUG [4.63 s]: openapi-document/component-modifiers - START inputs = 1
DEBUG [4.64 s]: openapi-document/component-modifiers - END [0.01 s][135 MB]
DEBUG [4.65 s]: openapi-document/api-version-parameter-handler - START inputs = 1
DEBUG [4.65 s]: openapi-document/api-version-parameter-handler - END [0 s][135 MB]
DEBUG [4.65 s]: openapi-document/profile-filter - START inputs = 1
DEBUG [4.65 s]: openapi-document/profile-filter - END [0 s][135 MB]
DEBUG [4.65 s]: openapi-document/model-deduplicator - START inputs = 1
DEBUG [4.65 s]: openapi-document/emitter - START inputs = 1
DEBUG [4.65 s]: openapi-document/model-deduplicator - END [0 s][135 MB]
DEBUG [4.65 s]: openapi-document/emitter - END [0 s][135 MB]
DEBUG [4.65 s]: openapi-document/enum-deduplicator - START inputs = 1
DEBUG [4.84 s]: openapi-document/enum-deduplicator - END [0.19 s][81 MB]
DEBUG [4.84 s]: openapi-document/subset-reducer - START inputs = 1
DEBUG [4.84 s]: openapi-document/subset-reducer - END [0 s][81 MB]
DEBUG [4.84 s]: openapi-document/quick-check - START inputs = 1
DEBUG [4.84 s]: openapi-document/multi-api/reset-identity - START inputs = 1
DEBUG [4.86 s]: openapi-document/quick-check - END [0.01 s][89 MB]
DEBUG [4.86 s]: openapi-document/multi-api/reset-identity - END [0.01 s][89 MB]
DEBUG [4.86 s]: openapi-document/multi-api/identity - START inputs = 1
DEBUG [4.86 s]: openapi-document/multi-api/identity - END [0 s][89 MB]
DEBUG [4.86 s]: openapi-document/multi-api/emitter - START inputs = 1
DEBUG [4.86 s]: prechecker - START inputs = 1
DEBUG [4.86 s]: openapi-document/multi-api/emitter - END [0 s][89 MB]

WARNING (PreCheck/SchemaMissingType): The schema 'OperationListResult' with an undefined type and declared properties is a bit ambiguous. This has been auto-corrected to 'type:object'

WARNING (PreCheck/SchemaMissingType): The schema 'Operation-display' with an undefined type and declared properties is a bit ambiguous. This has been auto-corrected to 'type:object'

WARNING (PreCheck/SchemaMissingType): The schema 'ErrorResponse-error' with an undefined type and declared properties is a bit ambiguous. This has been auto-corrected to 'type:object'

WARNING (PreCheck/CheckDuplicateSchemas): Checking for duplicate schemas, this could take a (long) while.  Run with --verbose for more detail.
VERBOSE [4.91 s]: Found and removed 0 duplicate schema
DEBUG [5.15 s]: prechecker - END [0.29 s][92 MB]
DEBUG [5.15 s]: modelerfour - START inputs = 2
VERBOSE [5.21 s]:   ModelerFour/api-version-mode:client
VERBOSE [5.21 s]:   ModelerFour/api-version-parameter:constant
VERBOSE [5.21 s]:   ModelerFour/use-model-namespace:false

WARNING (UnkownSecurityScheme): Security scheme azure_auth is unknown and will not be processed. Only supported types are AADToken,AzureKey,Anonymous

WARNING (UnkownSecurityScheme): Security scheme azure_auth is unknown and will not be processed. Only supported types are AADToken,AzureKey,Anonymous
DEBUG [5.35 s]: modelerfour - END [0.19 s][94 MB]
DEBUG [5.35 s]: modelerfour/new-transform - START inputs = 2
DEBUG [5.35 s]: modelerfour/new-transform - END [0 s][94 MB]
DEBUG [5.35 s]: modelerfour/flattener - START inputs = 2
DEBUG [5.43 s]: modelerfour/flattener - END [0.08 s][96 MB]
DEBUG [5.43 s]: modelerfour/flattener/new-transform - START inputs = 2
DEBUG [5.43 s]: modelerfour/flattener/new-transform - END [0 s][96 MB]
DEBUG [5.43 s]: modelerfour/grouper - START inputs = 2
DEBUG [5.49 s]: modelerfour/grouper - END [0.05 s][86 MB]
DEBUG [5.49 s]: modelerfour/grouper/new-transform - START inputs = 2
DEBUG [5.49 s]: modelerfour/grouper/new-transform - END [0 s][87 MB]
DEBUG [5.49 s]: modelerfour/pre-namer - START inputs = 2
DEBUG [5.57 s]: modelerfour/pre-namer - END [0.07 s][88 MB]
DEBUG [5.57 s]: modelerfour/pre-namer/new-transform - START inputs = 2
DEBUG [5.57 s]: modelerfour/pre-namer/new-transform - END [0 s][88 MB]
DEBUG [5.57 s]: modelerfour/checker - START inputs = 4
DEBUG [5.62 s]: modelerfour/checker - END [0.05 s][90 MB]
DEBUG [5.62 s]: modelerfour/identity - START inputs = 2
DEBUG [5.63 s]: modelerfour/identity - END [0 s][90 MB]
DEBUG [5.63 s]: bicep - START inputs = 2
DEBUG [5.63 s]: modelerfour/emitter - START inputs = 2
DEBUG [5.63 s]: modelerfour/notags/emitter - START inputs = 2
DEBUG [5.63 s]: modelerfour/emitter - END [0 s][91 MB]
DEBUG [5.63 s]: modelerfour/notags/emitter - END [0 s][91 MB]
INFORMATION: autorest.bicep took 7ms
DEBUG [5.69 s]: bicep - END [0.06 s][91 MB]
DEBUG [5.69 s]: bicep/emitter - START inputs = 2
DEBUG [5.69 s]: Emitting 'bicep-files' at file:///tmp/_bcp_1625795651387/powerbidedicated/microsoft.powerbidedicated/2021-01-01/types.json
DEBUG [5.69 s]: Emitting 'bicep-files' at file:///tmp/_bcp_1625795651387/powerbidedicated/microsoft.powerbidedicated/2021-01-01/types.md
DEBUG [5.69 s]: bicep/emitter - END [0 s][92 MB]
Processing batch task - {"tag":"microsoft.powerbidedicated-2017-10-01"} .
VERBOSE [5.7 s]: > Including configuration file 'file:///home/runner/work/bicep-types-az/bicep-types-az/workflow-temp/azure-rest-api-specs/specification/powerbidedicated/resource-manager/readme.bicep.md'
VERBOSE [5.7 s]: > Initial configuration file 'file:///home/runner/work/bicep-types-az/bicep-types-az/workflow-temp/azure-rest-api-specs/specification/powerbidedicated/resource-manager/readme.md'
VERBOSE [5.7 s]: > Including configuration file 'file:///home/runner/work/bicep-types-az/bicep-types-az/workflow-temp/azure-rest-api-specs/specification/powerbidedicated/resource-manager/readme.md'
VERBOSE [5.71 s]: > Including configuration file 'file:///home/runner/.autorest/@autorest_core@3.5.0-ci.b8e3f92c0/node_modules/@autorest/core/dist/resources/default-configuration.md'
VERBOSE [5.72 s]: > Including configuration file 'file:///home/runner/.autorest/@autorest_core@3.5.0-ci.b8e3f92c0/node_modules/@autorest/core/dist/resources/inspect.md'
VERBOSE [5.73 s]: > Including configuration file 'file:///home/runner/.autorest/@autorest_core@3.5.0-ci.b8e3f92c0/node_modules/@autorest/core/dist/resources/directives.md'
VERBOSE [5.74 s]: > Including configuration file 'file:///home/runner/.autorest/@autorest_core@3.5.0-ci.b8e3f92c0/node_modules/@autorest/core/dist/resources/pipeline.md'
VERBOSE [5.75 s]: > Including configuration file 'file:///home/runner/.autorest/@autorest_core@3.5.0-ci.b8e3f92c0/node_modules/@autorest/core/dist/resources/loader-openapi.md'
VERBOSE [5.77 s]: > Including configuration file 'file:///home/runner/.autorest/@autorest_core@3.5.0-ci.b8e3f92c0/node_modules/@autorest/core/dist/resources/miscellaneous.md'
VERBOSE [5.78 s]: > Including configuration file 'file:///home/runner/.autorest/@autorest_core@3.5.0-ci.b8e3f92c0/node_modules/@autorest/core/dist/resources/plugin-powershell.md'
VERBOSE [5.79 s]: > Including configuration file 'file:///home/runner/.autorest/@autorest_core@3.5.0-ci.b8e3f92c0/node_modules/@autorest/core/dist/resources/plugin-azureresourceschema.md'
VERBOSE [5.8 s]: > Including configuration file 'file:///home/runner/.autorest/@autorest_core@3.5.0-ci.b8e3f92c0/node_modules/@autorest/core/dist/resources/plugin-csharp.md'
VERBOSE [5.82 s]: > Including configuration file 'file:///home/runner/.autorest/@autorest_core@3.5.0-ci.b8e3f92c0/node_modules/@autorest/core/dist/resources/plugin-go.md'
VERBOSE [5.84 s]: > Including configuration file 'file:///home/runner/.autorest/@autorest_core@3.5.0-ci.b8e3f92c0/node_modules/@autorest/core/dist/resources/plugin-java.md'
VERBOSE [5.85 s]: > Including configuration file 'file:///home/runner/.autorest/@autorest_core@3.5.0-ci.b8e3f92c0/node_modules/@autorest/core/dist/resources/plugin-nodejs.md'
VERBOSE [5.87 s]: > Including configuration file 'file:///home/runner/.autorest/@autorest_core@3.5.0-ci.b8e3f92c0/node_modules/@autorest/core/dist/resources/plugin-php.md'
VERBOSE [5.89 s]: > Including configuration file 'file:///home/runner/.autorest/@autorest_core@3.5.0-ci.b8e3f92c0/node_modules/@autorest/core/dist/resources/plugin-python.md'
VERBOSE [5.91 s]: > Including configuration file 'file:///home/runner/.autorest/@autorest_core@3.5.0-ci.b8e3f92c0/node_modules/@autorest/core/dist/resources/plugin-ruby.md'
VERBOSE [5.93 s]: > Including configuration file 'file:///home/runner/.autorest/@autorest_core@3.5.0-ci.b8e3f92c0/node_modules/@autorest/core/dist/resources/plugin-typescript.md'
VERBOSE [5.94 s]: > Including configuration file 'file:///home/runner/.autorest/@autorest_core@3.5.0-ci.b8e3f92c0/node_modules/@autorest/core/dist/resources/plugin-validators.md'
VERBOSE [5.96 s]: > Including configuration file 'file:///home/runner/.autorest/@autorest_core@3.5.0-ci.b8e3f92c0/node_modules/@autorest/core/dist/resources/plugin-az.md'
VERBOSE [5.98 s]: > Including configuration file 'file:///home/runner/.autorest/@autorest_core@3.5.0-ci.b8e3f92c0/node_modules/@autorest/core/dist/resources/plugin-terraform.md'
VERBOSE [6 s]: > Including configuration file 'file:///home/runner/.autorest/@autorest_core@3.5.0-ci.b8e3f92c0/node_modules/@autorest/core/dist/resources/plugin-azure-functions.md'
VERBOSE [6.02 s]: > Including configuration file 'file:///home/runner/.autorest/@autorest_core@3.5.0-ci.b8e3f92c0/node_modules/@autorest/core/dist/resources/graphs.md'
VERBOSE [6.05 s]: > Including configuration file 'file:///home/runner/.autorest/@autorest_core@3.5.0-ci.b8e3f92c0/node_modules/@autorest/core/dist/resources/help-configuration.md'
INFORMATION: > Loading local AutoRest extension '@autorest/bicep' (/home/runner/work/bicep-types-az/bicep-types-az/src/autorest.bicep)
VERBOSE [6.11 s]: > Including extension configuration file 'file:///home/runner/work/bicep-types-az/bicep-types-az/src/autorest.bicep/README.md'
VERBOSE [6.11 s]: > Including configuration file 'file:///home/runner/work/bicep-types-az/bicep-types-az/src/autorest.bicep/README.md'
INFORMATION: > Loading AutoRest extension '@autorest/modelerfour' (https://tinyurl.com/yhlkz69y->4.20.0-ci.b8e3f92c0)
VERBOSE [6.69 s]: > Including extension configuration file 'file:///home/runner/.autorest/@autorest_modelerfour@4.20.0-ci.b8e3f92c0/node_modules/@autorest/modelerfour/readme.md'
VERBOSE [6.69 s]: > Including configuration file 'file:///home/runner/.autorest/@autorest_modelerfour@4.20.0-ci.b8e3f92c0/node_modules/@autorest/modelerfour/readme.md'
DEBUG [6.99 s]: swagger-document/loader-swagger - START inputs = 0
DEBUG [6.99 s]: openapi-document/loader-openapi - START inputs = 0
DEBUG [6.99 s]: pipeline-emitter - START inputs = 0
DEBUG [6.99 s]: configuration-emitter - START inputs = 0
DEBUG [6.99 s]: pipeline-emitter - END [0.04 s][116 MB]
DEBUG [6.99 s]: configuration-emitter - END [0.04 s][116 MB]
VERBOSE [7 s]: Reading OpenAPI 2.0 file file:///home/runner/work/bicep-types-az/bicep-types-az/workflow-temp/azure-rest-api-specs/specification/powerbidedicated/resource-manager/Microsoft.PowerBIdedicated/stable/2017-10-01/powerbidedicated.json
DEBUG [7 s]: openapi-document/loader-openapi - END [0.05 s][120 MB]
DEBUG [7.03 s]: openapi-document/individual/transform - SKIPPING
DEBUG [7.03 s]: openapi-document/individual/schema-validator-openapi - SKIPPING
DEBUG [7.03 s]: openapi-document/individual/identity - SKIPPING
DEBUG [7.05 s]: swagger-document/loader-swagger - END [0.1 s][125 MB]
DEBUG [7.05 s]: swagger-document/individual/transform - START inputs = 1
DEBUG [7.1 s]: swagger-document/individual/transform - END [0.04 s][123 MB]
DEBUG [7.1 s]: swagger-document/individual/schema-validator-swagger - START inputs = 1
DEBUG [7.1 s]: swagger-document/individual/schema-validator-swagger - END [0 s][123 MB]
DEBUG [7.1 s]: swagger-document/identity - START inputs = 1
DEBUG [7.1 s]: swagger-document/individual/identity - START inputs = 1
DEBUG [7.1 s]: swagger-document/identity - END [0 s][123 MB]
DEBUG [7.1 s]: swagger-document/individual/identity - END [0 s][123 MB]
DEBUG [7.1 s]: openapi-document/openapi-document-converter - START inputs = 1
DEBUG [7.13 s]: openapi-document/openapi-document-converter - END [0.02 s][122 MB]
DEBUG [7.13 s]: openapi-document/transform - START inputs = 1
DEBUG [7.14 s]: openapi-document/transform - END [0 s][125 MB]
DEBUG [7.14 s]: openapi-document/semantic-validator - START inputs = 1
WARNING: Semantic validation was skipped.
DEBUG [7.14 s]: openapi-document/semantic-validator - END [0 s][125 MB]
DEBUG [7.14 s]: openapi-document/allof-cleaner - START inputs = 1
DEBUG [7.14 s]: openapi-document/allof-cleaner - END [0 s][125 MB]
DEBUG [7.14 s]: openapi-document/tree-shaker - START inputs = 1
DEBUG [7.18 s]: openapi-document/tree-shaker - END [0.03 s][129 MB]
DEBUG [7.18 s]: openapi-document/multi-api-merger - START inputs = 1
DEBUG [7.22 s]: openapi-document/multi-api-merger - END [0.04 s][142 MB]
DEBUG [7.23 s]: openapi-document/components-cleaner - START inputs = 1
DEBUG [7.28 s]: openapi-document/components-cleaner - END [0.04 s][148 MB]
DEBUG [7.29 s]: openapi-document/component-modifiers - START inputs = 1
DEBUG [7.29 s]: openapi-document/component-modifiers - END [0 s][144 MB]
DEBUG [7.3 s]: openapi-document/api-version-parameter-handler - START inputs = 1
DEBUG [7.3 s]: openapi-document/api-version-parameter-handler - END [0 s][144 MB]
DEBUG [7.3 s]: openapi-document/profile-filter - START inputs = 1
DEBUG [7.3 s]: openapi-document/profile-filter - END [0 s][144 MB]
DEBUG [7.3 s]: openapi-document/model-deduplicator - START inputs = 1
DEBUG [7.3 s]: openapi-document/emitter - START inputs = 1
DEBUG [7.3 s]: openapi-document/model-deduplicator - END [0 s][144 MB]
DEBUG [7.3 s]: openapi-document/emitter - END [0 s][144 MB]
DEBUG [7.3 s]: openapi-document/enum-deduplicator - START inputs = 1
DEBUG [7.38 s]: openapi-document/enum-deduplicator - END [0.07 s][146 MB]
DEBUG [7.38 s]: openapi-document/subset-reducer - START inputs = 1
DEBUG [7.38 s]: openapi-document/subset-reducer - END [0 s][146 MB]
DEBUG [7.38 s]: openapi-document/quick-check - START inputs = 1
DEBUG [7.38 s]: openapi-document/multi-api/reset-identity - START inputs = 1
DEBUG [7.38 s]: openapi-document/quick-check - END [0 s][151 MB]
DEBUG [7.39 s]: openapi-document/multi-api/reset-identity - END [0 s][151 MB]
DEBUG [7.39 s]: openapi-document/multi-api/identity - START inputs = 1
DEBUG [7.39 s]: openapi-document/multi-api/identity - END [0 s][151 MB]
DEBUG [7.39 s]: openapi-document/multi-api/emitter - START inputs = 1
DEBUG [7.39 s]: prechecker - START inputs = 1
DEBUG [7.39 s]: openapi-document/multi-api/emitter - END [0 s][151 MB]

WARNING (PreCheck/SchemaMissingType): The schema 'OperationListResult' with an undefined type and declared properties is a bit ambiguous. This has been auto-corrected to 'type:object'

WARNING (PreCheck/SchemaMissingType): The schema 'Operation-display' with an undefined type and declared properties is a bit ambiguous. This has been auto-corrected to 'type:object'

WARNING (PreCheck/SchemaMissingType): The schema 'ErrorResponse-error' with an undefined type and declared properties is a bit ambiguous. This has been auto-corrected to 'type:object'

WARNING (PreCheck/CheckDuplicateSchemas): Checking for duplicate schemas, this could take a (long) while.  Run with --verbose for more detail.
VERBOSE [7.4 s]: Found and removed 0 duplicate schema
DEBUG [7.41 s]: prechecker - END [0.02 s][153 MB]
DEBUG [7.41 s]: modelerfour - START inputs = 2
VERBOSE [7.43 s]:   ModelerFour/api-version-mode:client
VERBOSE [7.43 s]:   ModelerFour/api-version-parameter:constant
VERBOSE [7.43 s]:   ModelerFour/use-model-namespace:false

WARNING (UnkownSecurityScheme): Security scheme azure_auth is unknown and will not be processed. Only supported types are AADToken,AzureKey,Anonymous
DEBUG [7.49 s]: modelerfour - END [0.07 s][155 MB]
DEBUG [7.49 s]: modelerfour/new-transform - START inputs = 2
DEBUG [7.49 s]: modelerfour/new-transform - END [0 s][155 MB]
DEBUG [7.49 s]: modelerfour/flattener - START inputs = 2
DEBUG [7.52 s]: modelerfour/flattener - END [0.03 s][156 MB]
DEBUG [7.53 s]: modelerfour/flattener/new-transform - START inputs = 2
DEBUG [7.53 s]: modelerfour/flattener/new-transform - END [0 s][157 MB]
DEBUG [7.53 s]: modelerfour/grouper - START inputs = 2
DEBUG [7.56 s]: modelerfour/grouper - END [0.03 s][158 MB]
DEBUG [7.56 s]: modelerfour/grouper/new-transform - START inputs = 2
DEBUG [7.56 s]: modelerfour/grouper/new-transform - END [0 s][158 MB]
DEBUG [7.56 s]: modelerfour/pre-namer - START inputs = 2
DEBUG [7.6 s]: modelerfour/pre-namer - END [0.04 s][160 MB]
DEBUG [7.6 s]: modelerfour/pre-namer/new-transform - START inputs = 2
DEBUG [7.6 s]: modelerfour/pre-namer/new-transform - END [0 s][160 MB]
DEBUG [7.61 s]: modelerfour/checker - START inputs = 4
DEBUG [7.64 s]: modelerfour/checker - END [0.03 s][150 MB]
DEBUG [7.64 s]: modelerfour/identity - START inputs = 2
DEBUG [7.64 s]: modelerfour/identity - END [0 s][151 MB]
DEBUG [7.64 s]: bicep - START inputs = 2
DEBUG [7.64 s]: modelerfour/emitter - START inputs = 2
DEBUG [7.64 s]: modelerfour/notags/emitter - START inputs = 2
DEBUG [7.64 s]: modelerfour/emitter - END [0 s][151 MB]
DEBUG [7.64 s]: modelerfour/notags/emitter - END [0 s][151 MB]
INFORMATION: autorest.bicep took 1ms
DEBUG [7.69 s]: bicep - END [0.04 s][151 MB]
DEBUG [7.69 s]: bicep/emitter - START inputs = 2
DEBUG [7.69 s]: Emitting 'bicep-files' at file:///tmp/_bcp_1625795651387/powerbidedicated/microsoft.powerbidedicated/2017-10-01/types.json
DEBUG [7.69 s]: Emitting 'bicep-files' at file:///tmp/_bcp_1625795651387/powerbidedicated/microsoft.powerbidedicated/2017-10-01/types.md
DEBUG [7.69 s]: bicep/emitter - END [0 s][151 MB]
[7.69 s] Clearing Folders.
[7.69 s] Writing Outputs.
[7.69 s] Generation Complete
[7.69 s] Shutting Down.
[7.69 s] Exiting.
