AutoRest code generation utility [cli version: 3.2.0; node: v14.17.0, max-memory: 2048 MB]
(C) 2018 Microsoft Corporation.
https://aka.ms/autorest
   Loading AutoRest core      '/home/runner/work/bicep-types-az/bicep-types-az/src/generator/node_modules/@autorest/core/dist' (3.4.2)
INFORMATION: > Loading local AutoRest extension '@autorest/bicep' (/home/runner/work/bicep-types-az/bicep-types-az/src/generator)
Processing batch task - {"tag":"microsoft.databoxedge-2021-02-01-preview"} .
INFORMATION: > Loading local AutoRest extension '@autorest/bicep' (/home/runner/work/bicep-types-az/bicep-types-az/src/generator)
WARNING: Semantic validation was skipped.
Processing batch task - {"tag":"microsoft.databoxedge-2020-12-01"} .
INFORMATION: > Loading local AutoRest extension '@autorest/bicep' (/home/runner/work/bicep-types-az/bicep-types-az/src/generator)
WARNING: Semantic validation was skipped.
Processing batch task - {"tag":"microsoft.databoxedge-2020-09-01-preview"} .
INFORMATION: > Loading local AutoRest extension '@autorest/bicep' (/home/runner/work/bicep-types-az/bicep-types-az/src/generator)
WARNING: Semantic validation was skipped.
Processing batch task - {"tag":"microsoft.databoxedge-2020-09-01"} .
INFORMATION: > Loading local AutoRest extension '@autorest/bicep' (/home/runner/work/bicep-types-az/bicep-types-az/src/generator)
WARNING: Semantic validation was skipped.
Processing batch task - {"tag":"microsoft.databoxedge-2020-05-01-preview"} .
INFORMATION: > Loading local AutoRest extension '@autorest/bicep' (/home/runner/work/bicep-types-az/bicep-types-az/src/generator)
WARNING: Semantic validation was skipped.
Processing batch task - {"tag":"microsoft.databoxedge-2019-08-01"} .
INFORMATION: > Loading local AutoRest extension '@autorest/bicep' (/home/runner/work/bicep-types-az/bicep-types-az/src/generator)
WARNING: Semantic validation was skipped.
Processing batch task - {"tag":"microsoft.databoxedge-2019-07-01"} .
INFORMATION: > Loading local AutoRest extension '@autorest/bicep' (/home/runner/work/bicep-types-az/bicep-types-az/src/generator)
WARNING: Semantic validation was skipped.
Processing batch task - {"tag":"microsoft.databoxedge-2019-03-01"} .
INFORMATION: > Loading local AutoRest extension '@autorest/bicep' (/home/runner/work/bicep-types-az/bicep-types-az/src/generator)
WARNING: Semantic validation was skipped.
[64.27 s] Generation Complete
