Generating types for 'specification/migrate/resource-manager/Microsoft.Migrate/AssessmentProjects/readme.md'
AutoRest code generation utility [cli version: 3.7.1; node: v16.20.2]
(C) 2018 Microsoft Corporation.
https://aka.ms/autorest
warning | DeprecatedConfig | Using directive.0.suppress which is deprecated and will be removed in the future.
warning | DeprecatedConfig | Using directive.1.suppress which is deprecated and will be removed in the future.
warning | DeprecatedConfig | Using directive.0.suppress which is deprecated and will be removed in the future.
warning | DeprecatedConfig | Using directive.1.suppress which is deprecated and will be removed in the future.
warning | SkippedSemanticValidation | Semantic validation was skipped.
warning | PreCheck/CheckDuplicateSchemas | Checking for duplicate schemas, this could take a (long) while.  Run with --verbose for more detail.
warning | PreCheck/DuplicateSchema | Duplicate Schema named 'ErrorDetail' (6 differences):
  - properties.code.description: "Error Code" => "The error code."
  - properties.message.description: "Description of the error occurred" => "The error message."
  - properties.target: <none> => {"$ref":"#/components/schemas/schemas:2963","description":"The error target.","readOnly":true}
  - properties.details: <none> => {"x-ms-identifiers":["message","target"],"$ref":"#/components/schemas/schemas:2964","description":"The error details.","readOnly":true}
  - properties.additionalInfo: <none> => {"x-ms-identifiers":[],"$ref":"#/components/schemas/schemas:2965","description":"The error additional info.","readOnly":true}
  - required: ["code","message"] => <none>
warning | PreNamer/DeduplicateName | Deduplicating schema name: 'ErrorDetail' -> 'ErrorDetailAutoGenerated'
warning | DeprecatedConfig | Using directive.0.suppress which is deprecated and will be removed in the future.
warning | DeprecatedConfig | Using directive.1.suppress which is deprecated and will be removed in the future.
warning | SkippedSemanticValidation | Semantic validation was skipped.
warning | PreCheck/CheckDuplicateSchemas | Checking for duplicate schemas, this could take a (long) while.  Run with --verbose for more detail.
warning | PreCheck/DuplicateSchema | Duplicate Schema named 'ErrorDetail' (6 differences):
  - properties.code.description: "Error Code" => "The error code."
  - properties.message.description: "Description of the error occurred" => "The error message."
  - properties.target: <none> => {"$ref":"#/components/schemas/schemas:1831","description":"The error target.","readOnly":true}
  - properties.details: <none> => {"x-ms-identifiers":["message","target"],"$ref":"#/components/schemas/schemas:1832","description":"The error details.","readOnly":true}
  - properties.additionalInfo: <none> => {"x-ms-identifiers":[],"$ref":"#/components/schemas/schemas:1833","description":"The error additional info.","readOnly":true}
  - required: ["code","message"] => <none>
warning | PreNamer/DeduplicateName | Deduplicating schema name: 'ErrorDetail' -> 'ErrorDetailAutoGenerated'
warning | DeprecatedConfig | Using directive.0.suppress which is deprecated and will be removed in the future.
warning | DeprecatedConfig | Using directive.1.suppress which is deprecated and will be removed in the future.
warning | SkippedSemanticValidation | Semantic validation was skipped.
warning | PreCheck/CheckDuplicateSchemas | Checking for duplicate schemas, this could take a (long) while.  Run with --verbose for more detail.
warning | PreCheck/DuplicateSchema | Duplicate Schema named 'ErrorDetail' (6 differences):
  - properties.code.description: "Error Code" => "The error code."
  - properties.message.description: "Description of the error occurred" => "The error message."
  - properties.target: <none> => {"$ref":"#/components/schemas/schemas:1830","description":"The error target.","readOnly":true}
  - properties.details: <none> => {"x-ms-identifiers":["message","target"],"$ref":"#/components/schemas/schemas:1831","description":"The error details.","readOnly":true}
  - properties.additionalInfo: <none> => {"x-ms-identifiers":[],"$ref":"#/components/schemas/schemas:1832","description":"The error additional info.","readOnly":true}
  - required: ["code","message"] => <none>
warning | PreNamer/DeduplicateName | Deduplicating schema name: 'ErrorDetail' -> 'ErrorDetailAutoGenerated'
warning | DeprecatedConfig | Using directive.0.suppress which is deprecated and will be removed in the future.
warning | DeprecatedConfig | Using directive.1.suppress which is deprecated and will be removed in the future.
warning | SkippedSemanticValidation | Semantic validation was skipped.
warning | PreCheck/CheckDuplicateSchemas | Checking for duplicate schemas, this could take a (long) while.  Run with --verbose for more detail.
warning | PreCheck/DuplicateSchema | Duplicate Schema named 'ErrorDetail' (6 differences):
  - properties.code.description: "Error Code" => "The error code."
  - properties.message.description: "Description of the error occurred" => "The error message."
  - properties.target: <none> => {"$ref":"#/components/schemas/schemas:1806","description":"The error target.","readOnly":true}
  - properties.details: <none> => {"x-ms-identifiers":["message","target"],"$ref":"#/components/schemas/schemas:1807","description":"The error details.","readOnly":true}
  - properties.additionalInfo: <none> => {"x-ms-identifiers":[],"$ref":"#/components/schemas/schemas:1808","description":"The error additional info.","readOnly":true}
  - required: ["code","message"] => <none>
warning | PreNamer/DeduplicateName | Deduplicating schema name: 'ErrorDetail' -> 'ErrorDetailAutoGenerated'
warning | DeprecatedConfig | Using directive.0.suppress which is deprecated and will be removed in the future.
warning | DeprecatedConfig | Using directive.1.suppress which is deprecated and will be removed in the future.
warning | SkippedSemanticValidation | Semantic validation was skipped.
warning | PreCheck/CheckDuplicateSchemas | Checking for duplicate schemas, this could take a (long) while.  Run with --verbose for more detail.
warning | DeprecatedConfig | Using directive.0.suppress which is deprecated and will be removed in the future.
warning | DeprecatedConfig | Using directive.1.suppress which is deprecated and will be removed in the future.
warning | SkippedSemanticValidation | Semantic validation was skipped.
warning | PreCheck/CheckDuplicateSchemas | Checking for duplicate schemas, this could take a (long) while.  Run with --verbose for more detail.
warning | DeprecatedConfig | Using directive.0.suppress which is deprecated and will be removed in the future.
warning | DeprecatedConfig | Using directive.1.suppress which is deprecated and will be removed in the future.
warning | SkippedSemanticValidation | Semantic validation was skipped.
warning | PreCheck/SchemaMissingType | The schema 'CloudError' with an undefined type and declared properties is a bit ambiguous. This has been auto-corrected to 'type:object'
    - file:///home/runner/work/bicep-types-az/bicep-types-az/workflow-temp/azure-rest-api-specs/specification/migrate/resource-manager/Microsoft.Migrate/AssessmentProjects/stable/2019-10-01/migrate.json:1913:5
warning | PreCheck/SchemaMissingType | The schema 'CloudErrorBody' with an undefined type and declared properties is a bit ambiguous. This has been auto-corrected to 'type:object'
    - file:///home/runner/work/bicep-types-az/bicep-types-az/workflow-temp/azure-rest-api-specs/specification/migrate/resource-manager/Microsoft.Migrate/AssessmentProjects/stable/2019-10-01/migrate.json:1922:5
warning | PreCheck/CheckDuplicateSchemas | Checking for duplicate schemas, this could take a (long) while.  Run with --verbose for more detail.
warning | Unrecognized property type: any-object. Returning 'any'.
warning | DeprecatedConfig | Using directive.0.suppress which is deprecated and will be removed in the future.
warning | DeprecatedConfig | Using directive.1.suppress which is deprecated and will be removed in the future.
warning | SkippedSemanticValidation | Semantic validation was skipped.
warning | PreCheck/SchemaMissingType | The schema 'CloudError' with an undefined type and declared properties is a bit ambiguous. This has been auto-corrected to 'type:object'
    - file:///home/runner/work/bicep-types-az/bicep-types-az/workflow-temp/azure-rest-api-specs/specification/migrate/resource-manager/Microsoft.Migrate/AssessmentProjects/stable/2018-02-02/migrate.json:1737:5
warning | PreCheck/SchemaMissingType | The schema 'CloudErrorBody' with an undefined type and declared properties is a bit ambiguous. This has been auto-corrected to 'type:object'
    - file:///home/runner/work/bicep-types-az/bicep-types-az/workflow-temp/azure-rest-api-specs/specification/migrate/resource-manager/Microsoft.Migrate/AssessmentProjects/stable/2018-02-02/migrate.json:1746:5
warning | PreCheck/SchemaMissingType | The schema 'CheckNameAvailabilityParameters' with an undefined type and declared properties is a bit ambiguous. This has been auto-corrected to 'type:object'
    - file:///home/runner/work/bicep-types-az/bicep-types-az/workflow-temp/azure-rest-api-specs/specification/migrate/resource-manager/Microsoft.Migrate/AssessmentProjects/stable/2018-02-02/migrate.json:1771:5
warning | PreCheck/SchemaMissingType | The schema 'CheckNameAvailabilityResult' with an undefined type and declared properties is a bit ambiguous. This has been auto-corrected to 'type:object'
    - file:///home/runner/work/bicep-types-az/bicep-types-az/workflow-temp/azure-rest-api-specs/specification/migrate/resource-manager/Microsoft.Migrate/AssessmentProjects/stable/2018-02-02/migrate.json:1795:5
warning | PreCheck/CheckDuplicateSchemas | Checking for duplicate schemas, this could take a (long) while.  Run with --verbose for more detail.
warning | Unrecognized property type: any-object. Returning 'any'.
warning | DeprecatedConfig | Using directive.0.suppress which is deprecated and will be removed in the future.
warning | DeprecatedConfig | Using directive.1.suppress which is deprecated and will be removed in the future.
warning | SkippedSemanticValidation | Semantic validation was skipped.
warning | PreCheck/CheckDuplicateSchemas | Checking for duplicate schemas, this could take a (long) while.  Run with --verbose for more detail.
warning | Unrecognized property type: any-object. Returning 'any'.
