Generating types for 'specification/marketplace/resource-manager/Microsoft.Marketplace/Marketplace/readme.md'
AutoRest code generation utility [cli version: 3.7.2; node: v22.22.0]
(C) 2018 Microsoft Corporation.
https://aka.ms/autorest
warning | SkippedSemanticValidation | Semantic validation was skipped.
warning | PreCheck/CheckDuplicateSchemas | Checking for duplicate schemas, this could take a (long) while.  Run with --verbose for more detail.
warning | PreCheck/DuplicateSchema | Duplicate Schema named 'Resource' (8 differences):
  - properties.id.description: "The resource ID." => "Fully qualified resource ID for the resource. Ex - /subscriptions/{subscriptionId}/resourceGroups/{resourceGroupName}/providers/{resourceProviderNamespace}/{resourceType}/{resourceName}"
  - properties.name.description: "The name of the resource." => "The name of the resource"
  - properties.type.description: "The type of the resource." => "The type of the resource. E.g. \"Microsoft.Compute/virtualMachines\" or \"Microsoft.Storage/storageAccounts\""
  - properties.systemData.$ref: "#/components/schemas/schemas:259" => "#/components/schemas/schemas:450"
  - properties.systemData.description: "Metadata pertaining to creation and last modification of the resource" => "Azure Resource Manager metadata containing createdBy and modifiedBy information."
  - properties.systemData.type: <none> => "object"
  - title: <none> => "Resource"
  - x-ms-azure-resource: <none> => true
warning | Modeler/MissingType | The schema 'SingleOperation-properties' has no type or format information whatsoever. Location:
   file:///home/runner/work/bicep-types-az/bicep-types-az/workflow-temp/azure-rest-api-specs/specification/marketplace/resource-manager/Microsoft.Marketplace/Marketplace/stable/2025-01-01/Marketplace.json#/components/schemas/SingleOperation-properties
warning | Modeler/MissingType | The schema 'planDetails-requestDate' has no type or format information whatsoever. Location:
   file:///home/runner/work/bicep-types-az/bicep-types-az/workflow-temp/azure-rest-api-specs/specification/marketplace/resource-manager/Microsoft.Marketplace/Marketplace/stable/2025-01-01/Marketplace.json#/components/schemas/planDetails-requestDate
warning | PreNamer/DeduplicateName | Deduplicating schema name: 'Resource' -> 'ResourceAutoGenerated'
warning | PreNamer/DeduplicateName | Deduplicating schema name: 'SystemData' -> 'SystemDataAutoGenerated'
warning | Skipping PrivateStore_GetAdminRequestApproval due to required query parameter "publisherId"
warning | SkippedSemanticValidation | Semantic validation was skipped.
warning | PreCheck/CheckDuplicateSchemas | Checking for duplicate schemas, this could take a (long) while.  Run with --verbose for more detail.
warning | Modeler/MissingType | The schema 'planDetails-requestDate' has no type or format information whatsoever. Location:
   file:///home/runner/work/bicep-types-az/bicep-types-az/workflow-temp/azure-rest-api-specs/specification/marketplace/resource-manager/Microsoft.Marketplace/Marketplace/stable/2023-01-01/Marketplace.json#/components/schemas/planDetails-requestDate
warning | Skipping PrivateStore_GetAdminRequestApproval due to required query parameter "publisherId"
warning | SkippedSemanticValidation | Semantic validation was skipped.
warning | PreCheck/CheckDuplicateSchemas | Checking for duplicate schemas, this could take a (long) while.  Run with --verbose for more detail.
warning | Modeler/MissingType | The schema 'planDetails-requestDate' has no type or format information whatsoever. Location:
   file:///home/runner/work/bicep-types-az/bicep-types-az/workflow-temp/azure-rest-api-specs/specification/marketplace/resource-manager/Microsoft.Marketplace/Marketplace/stable/2022-09-01/Marketplace.json#/components/schemas/planDetails-requestDate
warning | Skipping PrivateStore_GetAdminRequestApproval due to required query parameter "publisherId"
warning | SkippedSemanticValidation | Semantic validation was skipped.
warning | PreCheck/CheckDuplicateSchemas | Checking for duplicate schemas, this could take a (long) while.  Run with --verbose for more detail.
warning | Modeler/MissingType | The schema 'planDetails-requestDate' has no type or format information whatsoever. Location:
   file:///home/runner/work/bicep-types-az/bicep-types-az/workflow-temp/azure-rest-api-specs/specification/marketplace/resource-manager/Microsoft.Marketplace/Marketplace/stable/2022-03-01/Marketplace.json#/components/schemas/planDetails-requestDate
warning | Skipping PrivateStore_GetAdminRequestApproval due to required query parameter "publisherId"
warning | SkippedSemanticValidation | Semantic validation was skipped.
warning | PreCheck/SchemaMissingType | The schema 'PlanRequesterDetails' with an undefined type and declared properties is a bit ambiguous. This has been auto-corrected to 'type:object'
    - file:///home/runner/work/bicep-types-az/bicep-types-az/workflow-temp/azure-rest-api-specs/specification/marketplace/resource-manager/Microsoft.Marketplace/Marketplace/stable/2021-12-01/Marketplace.json:1979:5
warning | PreCheck/SchemaMissingType | The schema 'SingleOperation-display' with an undefined type and declared properties is a bit ambiguous. This has been auto-corrected to 'type:object'
    - file:///home/runner/work/bicep-types-az/bicep-types-az/workflow-temp/azure-rest-api-specs/specification/marketplace/resource-manager/Microsoft.Marketplace/Marketplace/stable/2021-12-01/Marketplace.json:2909:9
warning | PreCheck/SchemaMissingType | The schema 'ErrorResponse-error' with an undefined type and declared properties is a bit ambiguous. This has been auto-corrected to 'type:object'
    - file:///home/runner/work/bicep-types-az/bicep-types-az/workflow-temp/azure-rest-api-specs/specification/marketplace/resource-manager/Microsoft.Marketplace/Marketplace/stable/2021-12-01/Marketplace.json:2953:9
warning | PreCheck/SchemaMissingType | The schema 'Resource' with an undefined type and declared properties is a bit ambiguous. This has been auto-corrected to 'type:object'
    - file:///home/runner/work/bicep-types-az/bicep-types-az/workflow-temp/azure-rest-api-specs/specification/marketplace/resource-manager/Microsoft.Marketplace/Marketplace/stable/2021-12-01/Marketplace.json:2970:5
warning | PreCheck/CheckDuplicateSchemas | Checking for duplicate schemas, this could take a (long) while.  Run with --verbose for more detail.
warning | Modeler/MissingType | The schema 'planDetails-requestDate' has no type or format information whatsoever. Location:
   file:///home/runner/work/bicep-types-az/bicep-types-az/workflow-temp/azure-rest-api-specs/specification/marketplace/resource-manager/Microsoft.Marketplace/Marketplace/stable/2021-12-01/Marketplace.json#/components/schemas/planDetails-requestDate
warning | Skipping PrivateStore_GetAdminRequestApproval due to required query parameter "publisherId"
warning | SkippedSemanticValidation | Semantic validation was skipped.
warning | PreCheck/SchemaMissingType | The schema 'PlanRequesterDetails' with an undefined type and declared properties is a bit ambiguous. This has been auto-corrected to 'type:object'
    - file:///home/runner/work/bicep-types-az/bicep-types-az/workflow-temp/azure-rest-api-specs/specification/marketplace/resource-manager/Microsoft.Marketplace/Marketplace/stable/2021-06-01/Marketplace.json:1714:5
warning | PreCheck/SchemaMissingType | The schema 'OperationListResult' with an undefined type and declared properties is a bit ambiguous. This has been auto-corrected to 'type:object'
    - file:///home/runner/work/bicep-types-az/bicep-types-az/workflow-temp/azure-rest-api-specs/specification/marketplace/resource-manager/Microsoft.Marketplace/Marketplace/stable/2021-06-01/Marketplace.json:2449:5
warning | PreCheck/SchemaMissingType | The schema 'SingleOperation-display' with an undefined type and declared properties is a bit ambiguous. This has been auto-corrected to 'type:object'
    - file:///home/runner/work/bicep-types-az/bicep-types-az/workflow-temp/azure-rest-api-specs/specification/marketplace/resource-manager/Microsoft.Marketplace/Marketplace/stable/2021-06-01/Marketplace.json:2481:9
warning | PreCheck/SchemaMissingType | The schema 'ErrorResponse-error' with an undefined type and declared properties is a bit ambiguous. This has been auto-corrected to 'type:object'
    - file:///home/runner/work/bicep-types-az/bicep-types-az/workflow-temp/azure-rest-api-specs/specification/marketplace/resource-manager/Microsoft.Marketplace/Marketplace/stable/2021-06-01/Marketplace.json:2525:9
warning | PreCheck/SchemaMissingType | The schema 'Resource' with an undefined type and declared properties is a bit ambiguous. This has been auto-corrected to 'type:object'
    - file:///home/runner/work/bicep-types-az/bicep-types-az/workflow-temp/azure-rest-api-specs/specification/marketplace/resource-manager/Microsoft.Marketplace/Marketplace/stable/2021-06-01/Marketplace.json:2542:5
warning | PreCheck/CheckDuplicateSchemas | Checking for duplicate schemas, this could take a (long) while.  Run with --verbose for more detail.
warning | Modeler/MissingType | The schema 'planDetails-requestDate' has no type or format information whatsoever. Location:
   file:///home/runner/work/bicep-types-az/bicep-types-az/workflow-temp/azure-rest-api-specs/specification/marketplace/resource-manager/Microsoft.Marketplace/Marketplace/stable/2021-06-01/Marketplace.json#/components/schemas/planDetails-requestDate
warning | Skipping PrivateStore_GetAdminRequestApproval due to required query parameter "publisherId"
warning | SkippedSemanticValidation | Semantic validation was skipped.
warning | PreCheck/SchemaMissingType | The schema 'ErrorResponse-error' with an undefined type and declared properties is a bit ambiguous. This has been auto-corrected to 'type:object'
    - file:///home/runner/work/bicep-types-az/bicep-types-az/workflow-temp/azure-rest-api-specs/specification/marketplace/resource-manager/Microsoft.Marketplace/Marketplace/stable/2020-01-01/Marketplace.json:511:9
warning | PreCheck/SchemaMissingType | The schema 'SingleOperation-display' with an undefined type and declared properties is a bit ambiguous. This has been auto-corrected to 'type:object'
    - file:///home/runner/work/bicep-types-az/bicep-types-az/workflow-temp/azure-rest-api-specs/specification/marketplace/resource-manager/Microsoft.Marketplace/Marketplace/stable/2020-01-01/Marketplace.json:776:9
warning | PreCheck/SchemaMissingType | The schema 'OperationListResult' with an undefined type and declared properties is a bit ambiguous. This has been auto-corrected to 'type:object'
    - file:///home/runner/work/bicep-types-az/bicep-types-az/workflow-temp/azure-rest-api-specs/specification/marketplace/resource-manager/Microsoft.Marketplace/Marketplace/stable/2020-01-01/Marketplace.json:795:5
warning | PreCheck/SchemaMissingType | The schema 'Resource' with an undefined type and declared properties is a bit ambiguous. This has been auto-corrected to 'type:object'
    - file:///home/runner/work/bicep-types-az/bicep-types-az/workflow-temp/azure-rest-api-specs/specification/marketplace/resource-manager/Microsoft.Marketplace/Marketplace/stable/2020-01-01/Marketplace.json:812:5
warning | PreCheck/CheckDuplicateSchemas | Checking for duplicate schemas, this could take a (long) while.  Run with --verbose for more detail.
warning | SkippedSemanticValidation | Semantic validation was skipped.
warning | PreCheck/SchemaMissingType | The schema 'ErrorResponse-error' with an undefined type and declared properties is a bit ambiguous. This has been auto-corrected to 'type:object'
    - file:///home/runner/work/bicep-types-az/bicep-types-az/workflow-temp/azure-rest-api-specs/specification/marketplace/resource-manager/Microsoft.Marketplace/Marketplace/stable/2020-12-01/Marketplace.json:473:9
warning | PreCheck/SchemaMissingType | The schema 'PlanRequesterDetails' with an undefined type and declared properties is a bit ambiguous. This has been auto-corrected to 'type:object'
    - file:///home/runner/work/bicep-types-az/bicep-types-az/workflow-temp/azure-rest-api-specs/specification/marketplace/resource-manager/Microsoft.Marketplace/Marketplace/stable/2020-12-01/Marketplace.json:760:5
warning | PreCheck/SchemaMissingType | The schema 'Resource' with an undefined type and declared properties is a bit ambiguous. This has been auto-corrected to 'type:object'
    - file:///home/runner/work/bicep-types-az/bicep-types-az/workflow-temp/azure-rest-api-specs/specification/marketplace/resource-manager/Microsoft.Marketplace/Marketplace/stable/2020-12-01/Marketplace.json:985:5
warning | PreCheck/CheckDuplicateSchemas | Checking for duplicate schemas, this could take a (long) while.  Run with --verbose for more detail.
warning | Modeler/MissingType | The schema 'planDetails-requestDate' has no type or format information whatsoever. Location:
   file:///home/runner/work/bicep-types-az/bicep-types-az/workflow-temp/azure-rest-api-specs/specification/marketplace/resource-manager/Microsoft.Marketplace/Marketplace/stable/2020-12-01/Marketplace.json#/components/schemas/planDetails-requestDate
warning | Skipping PrivateStore_GetAdminRequestApproval due to required query parameter "publisherId"
