AutoRest code generation utility [cli version: 3.4.2; node: v14.18.1]
(C) 2018 Microsoft Corporation.
https://aka.ms/autorest
info    |    Loading AutoRest core      '/home/runner/work/bicep-types-az/bicep-types-az/src/generator/node_modules/@autorest/core/dist' (3.6.6)
info    |    Loading local AutoRest extension '@autorest/bicep' (/home/runner/work/bicep-types-az/bicep-types-az/src/autorest.bicep)
info    |    Loading AutoRest extension '@autorest/modelerfour' (*->4.22.0)
info    | Processing batch task - {"tag":"microsoft.policyinsights-2018-07-01-preview"} .
info    |    Loading local AutoRest extension '@autorest/bicep' (/home/runner/work/bicep-types-az/bicep-types-az/src/autorest.bicep)
info    |    Loading AutoRest extension '@autorest/modelerfour' (*->4.22.0)
warning | SkippedSemanticValidation | Semantic validation was skipped.
warning | PreCheck/SchemaMissingType | The schema 'PolicyTrackedResourcesQueryResults' with an undefined type and declared properties is a bit ambiguous. This has been auto-corrected to 'type:object'
    - openapi-document.json:106:4
warning | PreCheck/SchemaMissingType | The schema 'QueryFailure' with an undefined type and declared properties is a bit ambiguous. This has been auto-corrected to 'type:object'
    - openapi-document.json:482:4
warning | PreCheck/SchemaMissingType | The schema 'QueryFailure-error' with an undefined type and declared properties is a bit ambiguous. This has been auto-corrected to 'type:object'
    - openapi-document.json:504:4
warning | PreCheck/SchemaMissingType | The schema 'RemediationListResult' with an undefined type and declared properties is a bit ambiguous. This has been auto-corrected to 'type:object'
    - openapi-document.json:685:4
warning | PreCheck/SchemaMissingType | The schema 'RemediationDeploymentsListResult' with an undefined type and declared properties is a bit ambiguous. This has been auto-corrected to 'type:object'
    - openapi-document.json:752:4
warning | PreCheck/SchemaMissingType | The schema 'RemediationDeployment' with an undefined type and declared properties is a bit ambiguous. This has been auto-corrected to 'type:object'
    - openapi-document.json:819:4
warning | PreCheck/SchemaMissingType | The schema 'Remediation' with an undefined type and declared properties is a bit ambiguous. This has been auto-corrected to 'type:object'
    - openapi-document.json:982:4
warning | PreCheck/SchemaMissingType | The schema 'RemediationProperties' with an undefined type and declared properties is a bit ambiguous. This has been auto-corrected to 'type:object'
    - openapi-document.json:1075:4
warning | PreCheck/SchemaMissingType | The schema 'RemediationFilters' with an undefined type and declared properties is a bit ambiguous. This has been auto-corrected to 'type:object'
    - openapi-document.json:1214:4
warning | PreCheck/SchemaMissingType | The schema 'RemediationDeploymentSummary' with an undefined type and declared properties is a bit ambiguous. This has been auto-corrected to 'type:object'
    - openapi-document.json:1272:4
warning | PreCheck/SchemaMissingType | The schema 'ErrorResponse' with an undefined type and declared properties is a bit ambiguous. This has been auto-corrected to 'type:object'
    - openapi-document.json:1353:4
warning | PreCheck/SchemaMissingType | The schema 'ErrorDefinition' with an undefined type and declared properties is a bit ambiguous. This has been auto-corrected to 'type:object'
    - openapi-document.json:1375:4
warning | PreCheck/SchemaMissingType | The schema 'TypedErrorInfo' with an undefined type and declared properties is a bit ambiguous. This has been auto-corrected to 'type:object'
    - openapi-document.json:1514:4
warning | PreCheck/SchemaMissingType | The schema 'PolicyEventsQueryResults' with an undefined type and declared properties is a bit ambiguous. This has been auto-corrected to 'type:object'
    - openapi-document.json:1710:4
warning | PreCheck/SchemaMissingType | The schema 'QueryFailure' with an undefined type and declared properties is a bit ambiguous. This has been auto-corrected to 'type:object'
    - openapi-document.json:2449:4
warning | PreCheck/SchemaMissingType | The schema 'QueryFailure-error' with an undefined type and declared properties is a bit ambiguous. This has been auto-corrected to 'type:object'
    - openapi-document.json:2471:4
warning | PreCheck/SchemaMissingType | The schema 'PolicyStatesQueryResults' with an undefined type and declared properties is a bit ambiguous. This has been auto-corrected to 'type:object'
    - openapi-document.json:2831:4
warning | PreCheck/SchemaMissingType | The schema 'SummarizeResults' with an undefined type and declared properties is a bit ambiguous. This has been auto-corrected to 'type:object'
    - openapi-document.json:3814:4
warning | PreCheck/SchemaMissingType | The schema 'Summary' with an undefined type and declared properties is a bit ambiguous. This has been auto-corrected to 'type:object'
    - openapi-document.json:3901:4
warning | PreCheck/SchemaMissingType | The schema 'SummaryResults' with an undefined type and declared properties is a bit ambiguous. This has been auto-corrected to 'type:object'
    - openapi-document.json:3989:4
warning | PreCheck/SchemaMissingType | The schema 'PolicyAssignmentSummary' with an undefined type and declared properties is a bit ambiguous. This has been auto-corrected to 'type:object'
    - openapi-document.json:4074:4
warning | PreCheck/SchemaMissingType | The schema 'PolicyDefinitionSummary' with an undefined type and declared properties is a bit ambiguous. This has been auto-corrected to 'type:object'
    - openapi-document.json:4162:4
warning | PreCheck/SchemaMissingType | The schema 'QueryFailure' with an undefined type and declared properties is a bit ambiguous. This has been auto-corrected to 'type:object'
    - openapi-document.json:4247:4
warning | PreCheck/SchemaMissingType | The schema 'QueryFailure-error' with an undefined type and declared properties is a bit ambiguous. This has been auto-corrected to 'type:object'
    - openapi-document.json:4269:4
warning | PreCheck/SchemaMissingType | The schema 'OperationsListResults' with an undefined type and declared properties is a bit ambiguous. This has been auto-corrected to 'type:object'
    - openapi-document.json:4336:4
warning | PreCheck/SchemaMissingType | The schema 'Operation' with an undefined type and declared properties is a bit ambiguous. This has been auto-corrected to 'type:object'
    - openapi-document.json:4401:4
warning | PreCheck/SchemaMissingType | The schema 'Operation-display' with an undefined type and declared properties is a bit ambiguous. This has been auto-corrected to 'type:object'
    - openapi-document.json:4444:4
warning | PreCheck/CheckDuplicateSchemas | Checking for duplicate schemas, this could take a (long) while.  Run with --verbose for more detail.
warning | UnkownSecurityScheme | Security scheme azure_auth is unknown and will not be processed. Only supported types are AADToken,AzureKey,Anonymous
warning | UnkownSecurityScheme | Security scheme azure_auth is unknown and will not be processed. Only supported types are AADToken,AzureKey,Anonymous
warning | UnkownSecurityScheme | Security scheme azure_auth is unknown and will not be processed. Only supported types are AADToken,AzureKey,Anonymous
warning | UnkownSecurityScheme | Security scheme azure_auth is unknown and will not be processed. Only supported types are AADToken,AzureKey,Anonymous
warning | Modeler/MissingType | The schema 'TypedErrorInfo-info' has no type or format information whatsoever. Location:
   file:///home/runner/work/bicep-types-az/bicep-types-az/workflow-temp/azure-rest-api-specs/specification/policyinsights/resource-manager/Microsoft.PolicyInsights/preview/2018-07-01-preview/remediations.json#/components/schemas/TypedErrorInfo-info
warning | Modeler/MissingType | The schema 'components·1twbxlw·schemas·policyevent·additionalproperties' has no type or format information whatsoever. Location:
   file:///home/runner/work/bicep-types-az/bicep-types-az/workflow-temp/azure-rest-api-specs/specification/policyinsights/resource-manager/Microsoft.PolicyInsights/preview/2018-07-01-preview/policyEvents.json#/components/schemas/components·1twbxlw·schemas·policyevent·additionalproperties
warning | Modeler/MissingType | The schema 'components·1yhb3ub·schemas·policystate·additionalproperties' has no type or format information whatsoever. Location:
   file:///home/runner/work/bicep-types-az/bicep-types-az/workflow-temp/azure-rest-api-specs/specification/policyinsights/resource-manager/Microsoft.PolicyInsights/preview/2018-07-01-preview/policyStates.json#/components/schemas/components·1yhb3ub·schemas·policystate·additionalproperties
info    | autorest.bicep took 8ms
info    | Processing batch task - {"tag":"microsoft.policyinsights-2019-07-01"} .
info    |    Loading local AutoRest extension '@autorest/bicep' (/home/runner/work/bicep-types-az/bicep-types-az/src/autorest.bicep)
info    |    Loading AutoRest extension '@autorest/modelerfour' (*->4.22.0)
warning | SkippedSemanticValidation | Semantic validation was skipped.
warning | PreCheck/SchemaMissingType | The schema 'RemediationListResult' with an undefined type and declared properties is a bit ambiguous. This has been auto-corrected to 'type:object'
    - openapi-document.json:31:4
warning | PreCheck/SchemaMissingType | The schema 'RemediationDeploymentsListResult' with an undefined type and declared properties is a bit ambiguous. This has been auto-corrected to 'type:object'
    - openapi-document.json:98:4
warning | PreCheck/SchemaMissingType | The schema 'RemediationDeployment' with an undefined type and declared properties is a bit ambiguous. This has been auto-corrected to 'type:object'
    - openapi-document.json:165:4
warning | PreCheck/SchemaMissingType | The schema 'Remediation' with an undefined type and declared properties is a bit ambiguous. This has been auto-corrected to 'type:object'
    - openapi-document.json:328:4
warning | PreCheck/SchemaMissingType | The schema 'RemediationProperties' with an undefined type and declared properties is a bit ambiguous. This has been auto-corrected to 'type:object'
    - openapi-document.json:421:4
warning | PreCheck/SchemaMissingType | The schema 'RemediationFilters' with an undefined type and declared properties is a bit ambiguous. This has been auto-corrected to 'type:object'
    - openapi-document.json:579:4
warning | PreCheck/SchemaMissingType | The schema 'RemediationDeploymentSummary' with an undefined type and declared properties is a bit ambiguous. This has been auto-corrected to 'type:object'
    - openapi-document.json:637:4
warning | PreCheck/SchemaMissingType | The schema 'ErrorResponse' with an undefined type and declared properties is a bit ambiguous. This has been auto-corrected to 'type:object'
    - openapi-document.json:724:4
warning | PreCheck/SchemaMissingType | The schema 'ErrorDefinition' with an undefined type and declared properties is a bit ambiguous. This has been auto-corrected to 'type:object'
    - openapi-document.json:746:4
warning | PreCheck/SchemaMissingType | The schema 'TypedErrorInfo' with an undefined type and declared properties is a bit ambiguous. This has been auto-corrected to 'type:object'
    - openapi-document.json:885:4
warning | PreCheck/CheckDuplicateSchemas | Checking for duplicate schemas, this could take a (long) while.  Run with --verbose for more detail.
warning | UnkownSecurityScheme | Security scheme azure_auth is unknown and will not be processed. Only supported types are AADToken,AzureKey,Anonymous
warning | Modeler/MissingType | The schema 'TypedErrorInfo-info' has no type or format information whatsoever. Location:
   file:///home/runner/work/bicep-types-az/bicep-types-az/workflow-temp/azure-rest-api-specs/specification/policyinsights/resource-manager/Microsoft.PolicyInsights/stable/2019-07-01/remediations.json#/components/schemas/TypedErrorInfo-info
info    | autorest.bicep took 2ms
info    | Processing batch task - {"tag":"microsoft.policyinsights-2019-10-01"} .
info    |    Loading local AutoRest extension '@autorest/bicep' (/home/runner/work/bicep-types-az/bicep-types-az/src/autorest.bicep)
info    |    Loading AutoRest extension '@autorest/modelerfour' (*->4.22.0)
warning | SkippedSemanticValidation | Semantic validation was skipped.
warning | PreCheck/SchemaMissingType | The schema 'PolicyEventsQueryResults' with an undefined type and declared properties is a bit ambiguous. This has been auto-corrected to 'type:object'
    - openapi-document.json:81:4
warning | PreCheck/SchemaMissingType | The schema 'QueryFailure' with an undefined type and declared properties is a bit ambiguous. This has been auto-corrected to 'type:object'
    - openapi-document.json:1052:4
warning | PreCheck/SchemaMissingType | The schema 'QueryFailure-error' with an undefined type and declared properties is a bit ambiguous. This has been auto-corrected to 'type:object'
    - openapi-document.json:1074:4
warning | PreCheck/SchemaMissingType | The schema 'PolicyStatesQueryResults' with an undefined type and declared properties is a bit ambiguous. This has been auto-corrected to 'type:object'
    - openapi-document.json:1450:4
warning | PreCheck/SchemaMissingType | The schema 'SummarizeResults' with an undefined type and declared properties is a bit ambiguous. This has been auto-corrected to 'type:object'
    - openapi-document.json:2734:4
warning | PreCheck/SchemaMissingType | The schema 'Summary' with an undefined type and declared properties is a bit ambiguous. This has been auto-corrected to 'type:object'
    - openapi-document.json:2821:4
warning | PreCheck/SchemaMissingType | The schema 'SummaryResults' with an undefined type and declared properties is a bit ambiguous. This has been auto-corrected to 'type:object'
    - openapi-document.json:2909:4
warning | PreCheck/SchemaMissingType | The schema 'ComplianceDetail' with an undefined type and declared properties is a bit ambiguous. This has been auto-corrected to 'type:object'
    - openapi-document.json:3066:4
warning | PreCheck/SchemaMissingType | The schema 'PolicyAssignmentSummary' with an undefined type and declared properties is a bit ambiguous. This has been auto-corrected to 'type:object'
    - openapi-document.json:3127:4
warning | PreCheck/SchemaMissingType | The schema 'PolicyDefinitionSummary' with an undefined type and declared properties is a bit ambiguous. This has been auto-corrected to 'type:object'
    - openapi-document.json:3239:4
warning | PreCheck/SchemaMissingType | The schema 'PolicyGroupSummary' with an undefined type and declared properties is a bit ambiguous. This has been auto-corrected to 'type:object'
    - openapi-document.json:3364:4
warning | PreCheck/SchemaMissingType | The schema 'QueryFailure' with an undefined type and declared properties is a bit ambiguous. This has been auto-corrected to 'type:object'
    - openapi-document.json:3407:4
warning | PreCheck/SchemaMissingType | The schema 'QueryFailure-error' with an undefined type and declared properties is a bit ambiguous. This has been auto-corrected to 'type:object'
    - openapi-document.json:3429:4
warning | PreCheck/SchemaMissingType | The schema 'OperationsListResults' with an undefined type and declared properties is a bit ambiguous. This has been auto-corrected to 'type:object'
    - openapi-document.json:3496:4
warning | PreCheck/SchemaMissingType | The schema 'Operation' with an undefined type and declared properties is a bit ambiguous. This has been auto-corrected to 'type:object'
    - openapi-document.json:3561:4
warning | PreCheck/SchemaMissingType | The schema 'Operation-display' with an undefined type and declared properties is a bit ambiguous. This has been auto-corrected to 'type:object'
    - openapi-document.json:3604:4
warning | PreCheck/SchemaMissingType | The schema 'PolicyMetadata' with an undefined type and declared properties is a bit ambiguous. This has been auto-corrected to 'type:object'
    - openapi-document.json:4018:4
warning | PreCheck/SchemaMissingType | The schema 'PolicyMetadataSlimProperties' with an undefined type and declared properties is a bit ambiguous. This has been auto-corrected to 'type:object'
    - openapi-document.json:4110:4
warning | PreCheck/SchemaMissingType | The schema 'PolicyMetadataProperties' with an undefined type and declared properties is a bit ambiguous. This has been auto-corrected to 'type:object'
    - openapi-document.json:4269:4
warning | PreCheck/SchemaMissingType | The schema 'SlimPolicyMetadata' with an undefined type and declared properties is a bit ambiguous. This has been auto-corrected to 'type:object'
    - openapi-document.json:4338:4
warning | PreCheck/SchemaMissingType | The schema 'PolicyMetadataCollection' with an undefined type and declared properties is a bit ambiguous. This has been auto-corrected to 'type:object'
    - openapi-document.json:4430:4
warning | PreCheck/SchemaMissingType | The schema 'ErrorResponse' with an undefined type and declared properties is a bit ambiguous. This has been auto-corrected to 'type:object'
    - openapi-document.json:4497:4
warning | PreCheck/SchemaMissingType | The schema 'ErrorDefinition' with an undefined type and declared properties is a bit ambiguous. This has been auto-corrected to 'type:object'
    - openapi-document.json:4519:4
warning | PreCheck/SchemaMissingType | The schema 'TypedErrorInfo' with an undefined type and declared properties is a bit ambiguous. This has been auto-corrected to 'type:object'
    - openapi-document.json:4658:4
warning | PreCheck/CheckDuplicateSchemas | Checking for duplicate schemas, this could take a (long) while.  Run with --verbose for more detail.
warning | UnkownSecurityScheme | Security scheme azure_auth is unknown and will not be processed. Only supported types are AADToken,AzureKey,Anonymous
warning | UnkownSecurityScheme | Security scheme azure_auth is unknown and will not be processed. Only supported types are AADToken,AzureKey,Anonymous
warning | UnkownSecurityScheme | Security scheme azure_auth is unknown and will not be processed. Only supported types are AADToken,AzureKey,Anonymous
warning | Modeler/MissingType | The schema 'components·1twbxlw·schemas·policyevent·additionalproperties' has no type or format information whatsoever. Location:
   file:///home/runner/work/bicep-types-az/bicep-types-az/workflow-temp/azure-rest-api-specs/specification/policyinsights/resource-manager/Microsoft.PolicyInsights/stable/2019-10-01/policyEvents.json#/components/schemas/components·1twbxlw·schemas·policyevent·additionalproperties
warning | Modeler/MissingType | The schema 'components·nwpyyh·schemas·componenteventdetails·additionalproperties' has no type or format information whatsoever. Location:
   file:///home/runner/work/bicep-types-az/bicep-types-az/workflow-temp/azure-rest-api-specs/specification/policyinsights/resource-manager/Microsoft.PolicyInsights/stable/2019-10-01/policyEvents.json#/components/schemas/components·nwpyyh·schemas·componenteventdetails·additionalproperties
warning | Modeler/MissingType | The schema 'components·1yhb3ub·schemas·policystate·additionalproperties' has no type or format information whatsoever. Location:
   file:///home/runner/work/bicep-types-az/bicep-types-az/workflow-temp/azure-rest-api-specs/specification/policyinsights/resource-manager/Microsoft.PolicyInsights/stable/2019-10-01/policyStates.json#/components/schemas/components·1yhb3ub·schemas·policystate·additionalproperties
warning | Modeler/MissingType | The schema 'components·hezmy5·schemas·componentstatedetails·additionalproperties' has no type or format information whatsoever. Location:
   file:///home/runner/work/bicep-types-az/bicep-types-az/workflow-temp/azure-rest-api-specs/specification/policyinsights/resource-manager/Microsoft.PolicyInsights/stable/2019-10-01/policyStates.json#/components/schemas/components·hezmy5·schemas·componentstatedetails·additionalproperties
warning | Modeler/MissingType | The schema 'TypedErrorInfo-info' has no type or format information whatsoever. Location:
   file:///home/runner/work/bicep-types-az/bicep-types-az/workflow-temp/azure-rest-api-specs/specification/policyinsights/resource-manager/Microsoft.PolicyInsights/stable/2019-10-01/policyMetadata.json#/components/schemas/TypedErrorInfo-info
info    | autorest.bicep took 0ms
info    | Processing batch task - {"tag":"microsoft.policyinsights-2020-07-01"} .
info    |    Loading local AutoRest extension '@autorest/bicep' (/home/runner/work/bicep-types-az/bicep-types-az/src/autorest.bicep)
info    |    Loading AutoRest extension '@autorest/modelerfour' (*->4.22.0)
warning | SkippedSemanticValidation | Semantic validation was skipped.
warning | PreCheck/SchemaMissingType | The schema 'CheckRestrictionsRequest' with an undefined type and declared properties is a bit ambiguous. This has been auto-corrected to 'type:object'
    - openapi-document.json:81:4
warning | PreCheck/SchemaMissingType | The schema 'CheckRestrictionsResourceDetails' with an undefined type and declared properties is a bit ambiguous. This has been auto-corrected to 'type:object'
    - openapi-document.json:130:4
warning | PreCheck/SchemaMissingType | The schema 'PendingField' with an undefined type and declared properties is a bit ambiguous. This has been auto-corrected to 'type:object'
    - openapi-document.json:217:4
warning | PreCheck/SchemaMissingType | The schema 'CheckRestrictionsResult' with an undefined type and declared properties is a bit ambiguous. This has been auto-corrected to 'type:object'
    - openapi-document.json:299:4
warning | PreCheck/SchemaMissingType | The schema 'CheckRestrictionsResult-contentEvaluationResult' with an undefined type and declared properties is a bit ambiguous. This has been auto-corrected to 'type:object'
    - openapi-document.json:348:4
warning | PreCheck/SchemaMissingType | The schema 'FieldRestrictions' with an undefined type and declared properties is a bit ambiguous. This has been auto-corrected to 'type:object'
    - openapi-document.json:394:4
warning | PreCheck/SchemaMissingType | The schema 'FieldRestriction' with an undefined type and declared properties is a bit ambiguous. This has been auto-corrected to 'type:object'
    - openapi-document.json:459:4
warning | PreCheck/SchemaMissingType | The schema 'PolicyEvaluationResult' with an undefined type and declared properties is a bit ambiguous. This has been auto-corrected to 'type:object'
    - openapi-document.json:570:4
warning | PreCheck/SchemaMissingType | The schema 'PolicyReference' with an undefined type and declared properties is a bit ambiguous. This has been auto-corrected to 'type:object'
    - openapi-document.json:621:4
warning | PreCheck/SchemaMissingType | The schema 'ErrorResponse' with an undefined type and declared properties is a bit ambiguous. This has been auto-corrected to 'type:object'
    - openapi-document.json:783:4
warning | PreCheck/SchemaMissingType | The schema 'ErrorDefinition' with an undefined type and declared properties is a bit ambiguous. This has been auto-corrected to 'type:object'
    - openapi-document.json:805:4
warning | PreCheck/SchemaMissingType | The schema 'TypedErrorInfo' with an undefined type and declared properties is a bit ambiguous. This has been auto-corrected to 'type:object'
    - openapi-document.json:944:4
warning | PreCheck/CheckDuplicateSchemas | Checking for duplicate schemas, this could take a (long) while.  Run with --verbose for more detail.
warning | UnkownSecurityScheme | Security scheme azure_auth is unknown and will not be processed. Only supported types are AADToken,AzureKey,Anonymous
warning | Modeler/MissingType | The schema 'TypedErrorInfo-info' has no type or format information whatsoever. Location:
   file:///home/runner/work/bicep-types-az/bicep-types-az/workflow-temp/azure-rest-api-specs/specification/policyinsights/resource-manager/Microsoft.PolicyInsights/stable/2019-10-01/policyMetadata.json#/components/schemas/TypedErrorInfo-info
info    | autorest.bicep took 0ms
info    | Processing batch task - {"tag":"microsoft.policyinsights-2021-01-01"} .
info    |    Loading local AutoRest extension '@autorest/bicep' (/home/runner/work/bicep-types-az/bicep-types-az/src/autorest.bicep)
info    |    Loading AutoRest extension '@autorest/modelerfour' (*->4.22.0)
warning | SkippedSemanticValidation | Semantic validation was skipped.
warning | PreCheck/SchemaMissingType | The schema 'AttestationListResult' with an undefined type and declared properties is a bit ambiguous. This has been auto-corrected to 'type:object'
    - openapi-document.json:31:4
warning | PreCheck/SchemaMissingType | The schema 'Attestation' with an undefined type and declared properties is a bit ambiguous. This has been auto-corrected to 'type:object'
    - openapi-document.json:98:4
warning | PreCheck/SchemaMissingType | The schema 'AttestationProperties' with an undefined type and declared properties is a bit ambiguous. This has been auto-corrected to 'type:object'
    - openapi-document.json:135:4
warning | PreCheck/SchemaMissingType | The schema 'AttestationEvidence' with an undefined type and declared properties is a bit ambiguous. This has been auto-corrected to 'type:object'
    - openapi-document.json:355:4
warning | PreCheck/SchemaMissingType | The schema 'ErrorResponse' with an undefined type and declared properties is a bit ambiguous. This has been auto-corrected to 'type:object'
    - openapi-document.json:415:4
warning | PreCheck/SchemaMissingType | The schema 'ErrorDefinition' with an undefined type and declared properties is a bit ambiguous. This has been auto-corrected to 'type:object'
    - openapi-document.json:437:4
warning | PreCheck/SchemaMissingType | The schema 'TypedErrorInfo' with an undefined type and declared properties is a bit ambiguous. This has been auto-corrected to 'type:object'
    - openapi-document.json:576:4
warning | PreCheck/CheckDuplicateSchemas | Checking for duplicate schemas, this could take a (long) while.  Run with --verbose for more detail.
warning | UnkownSecurityScheme | Security scheme azure_auth is unknown and will not be processed. Only supported types are AADToken,AzureKey,Anonymous
warning | Modeler/MissingType | The schema 'TypedErrorInfo-info' has no type or format information whatsoever. Location:
   file:///home/runner/work/bicep-types-az/bicep-types-az/workflow-temp/azure-rest-api-specs/specification/policyinsights/resource-manager/Microsoft.PolicyInsights/stable/2021-01-01/attestations.json#/components/schemas/TypedErrorInfo-info
info    | autorest.bicep took 3ms
info    | Processing batch task - {"tag":"microsoft.policyinsights-2020-07-01-preview"} .
info    |    Loading local AutoRest extension '@autorest/bicep' (/home/runner/work/bicep-types-az/bicep-types-az/src/autorest.bicep)
info    |    Loading AutoRest extension '@autorest/modelerfour' (*->4.22.0)
warning | SkippedSemanticValidation | Semantic validation was skipped.
warning | PreCheck/SchemaMissingType | The schema 'CheckRestrictionsRequest' with an undefined type and declared properties is a bit ambiguous. This has been auto-corrected to 'type:object'
    - openapi-document.json:81:4
warning | PreCheck/SchemaMissingType | The schema 'CheckRestrictionsResourceDetails' with an undefined type and declared properties is a bit ambiguous. This has been auto-corrected to 'type:object'
    - openapi-document.json:130:4
warning | PreCheck/SchemaMissingType | The schema 'PendingField' with an undefined type and declared properties is a bit ambiguous. This has been auto-corrected to 'type:object'
    - openapi-document.json:217:4
warning | PreCheck/SchemaMissingType | The schema 'CheckRestrictionsResult' with an undefined type and declared properties is a bit ambiguous. This has been auto-corrected to 'type:object'
    - openapi-document.json:299:4
warning | PreCheck/SchemaMissingType | The schema 'CheckRestrictionsResult-contentEvaluationResult' with an undefined type and declared properties is a bit ambiguous. This has been auto-corrected to 'type:object'
    - openapi-document.json:348:4
warning | PreCheck/SchemaMissingType | The schema 'FieldRestrictions' with an undefined type and declared properties is a bit ambiguous. This has been auto-corrected to 'type:object'
    - openapi-document.json:394:4
warning | PreCheck/SchemaMissingType | The schema 'FieldRestriction' with an undefined type and declared properties is a bit ambiguous. This has been auto-corrected to 'type:object'
    - openapi-document.json:459:4
warning | PreCheck/SchemaMissingType | The schema 'PolicyEvaluationResult' with an undefined type and declared properties is a bit ambiguous. This has been auto-corrected to 'type:object'
    - openapi-document.json:570:4
warning | PreCheck/SchemaMissingType | The schema 'PolicyReference' with an undefined type and declared properties is a bit ambiguous. This has been auto-corrected to 'type:object'
    - openapi-document.json:621:4
warning | PreCheck/SchemaMissingType | The schema 'ErrorResponse' with an undefined type and declared properties is a bit ambiguous. This has been auto-corrected to 'type:object'
    - openapi-document.json:783:4
warning | PreCheck/SchemaMissingType | The schema 'ErrorDefinition' with an undefined type and declared properties is a bit ambiguous. This has been auto-corrected to 'type:object'
    - openapi-document.json:805:4
warning | PreCheck/SchemaMissingType | The schema 'TypedErrorInfo' with an undefined type and declared properties is a bit ambiguous. This has been auto-corrected to 'type:object'
    - openapi-document.json:944:4
warning | PreCheck/CheckDuplicateSchemas | Checking for duplicate schemas, this could take a (long) while.  Run with --verbose for more detail.
warning | UnkownSecurityScheme | Security scheme azure_auth is unknown and will not be processed. Only supported types are AADToken,AzureKey,Anonymous
warning | Modeler/MissingType | The schema 'TypedErrorInfo-info' has no type or format information whatsoever. Location:
   file:///home/runner/work/bicep-types-az/bicep-types-az/workflow-temp/azure-rest-api-specs/specification/policyinsights/resource-manager/Microsoft.PolicyInsights/stable/2019-10-01/policyMetadata.json#/components/schemas/TypedErrorInfo-info
info    | autorest.bicep took 0ms
info    | Processing batch task - {"tag":"microsoft.policyinsights-2018-04-04"} .
info    |    Loading local AutoRest extension '@autorest/bicep' (/home/runner/work/bicep-types-az/bicep-types-az/src/autorest.bicep)
info    |    Loading AutoRest extension '@autorest/modelerfour' (*->4.22.0)
warning | SkippedSemanticValidation | Semantic validation was skipped.
warning | PreCheck/SchemaMissingType | The schema 'PolicyEventsQueryResults' with an undefined type and declared properties is a bit ambiguous. This has been auto-corrected to 'type:object'
    - openapi-document.json:56:4
warning | PreCheck/SchemaMissingType | The schema 'QueryFailure' with an undefined type and declared properties is a bit ambiguous. This has been auto-corrected to 'type:object'
    - openapi-document.json:774:4
warning | PreCheck/SchemaMissingType | The schema 'QueryFailure-error' with an undefined type and declared properties is a bit ambiguous. This has been auto-corrected to 'type:object'
    - openapi-document.json:796:4
warning | PreCheck/SchemaMissingType | The schema 'PolicyStatesQueryResults' with an undefined type and declared properties is a bit ambiguous. This has been auto-corrected to 'type:object'
    - openapi-document.json:1140:4
warning | PreCheck/SchemaMissingType | The schema 'SummarizeResults' with an undefined type and declared properties is a bit ambiguous. This has been auto-corrected to 'type:object'
    - openapi-document.json:1816:4
warning | PreCheck/SchemaMissingType | The schema 'Summary' with an undefined type and declared properties is a bit ambiguous. This has been auto-corrected to 'type:object'
    - openapi-document.json:1903:4
warning | PreCheck/SchemaMissingType | The schema 'SummaryResults' with an undefined type and declared properties is a bit ambiguous. This has been auto-corrected to 'type:object'
    - openapi-document.json:1991:4
warning | PreCheck/SchemaMissingType | The schema 'PolicyAssignmentSummary' with an undefined type and declared properties is a bit ambiguous. This has been auto-corrected to 'type:object'
    - openapi-document.json:2076:4
warning | PreCheck/SchemaMissingType | The schema 'PolicyDefinitionSummary' with an undefined type and declared properties is a bit ambiguous. This has been auto-corrected to 'type:object'
    - openapi-document.json:2164:4
warning | PreCheck/SchemaMissingType | The schema 'QueryFailure' with an undefined type and declared properties is a bit ambiguous. This has been auto-corrected to 'type:object'
    - openapi-document.json:2249:4
warning | PreCheck/SchemaMissingType | The schema 'QueryFailure-error' with an undefined type and declared properties is a bit ambiguous. This has been auto-corrected to 'type:object'
    - openapi-document.json:2271:4
warning | PreCheck/SchemaMissingType | The schema 'OperationsListResults' with an undefined type and declared properties is a bit ambiguous. This has been auto-corrected to 'type:object'
    - openapi-document.json:2338:4
warning | PreCheck/SchemaMissingType | The schema 'Operation' with an undefined type and declared properties is a bit ambiguous. This has been auto-corrected to 'type:object'
    - openapi-document.json:2403:4
warning | PreCheck/SchemaMissingType | The schema 'Operation-display' with an undefined type and declared properties is a bit ambiguous. This has been auto-corrected to 'type:object'
    - openapi-document.json:2446:4
warning | PreCheck/CheckDuplicateSchemas | Checking for duplicate schemas, this could take a (long) while.  Run with --verbose for more detail.
warning | UnkownSecurityScheme | Security scheme azure_auth is unknown and will not be processed. Only supported types are AADToken,AzureKey,Anonymous
warning | UnkownSecurityScheme | Security scheme azure_auth is unknown and will not be processed. Only supported types are AADToken,AzureKey,Anonymous
warning | Modeler/MissingType | The schema 'components·1twbxlw·schemas·policyevent·additionalproperties' has no type or format information whatsoever. Location:
   file:///home/runner/work/bicep-types-az/bicep-types-az/workflow-temp/azure-rest-api-specs/specification/policyinsights/resource-manager/Microsoft.PolicyInsights/stable/2018-04-04/policyEvents.json#/components/schemas/components·1twbxlw·schemas·policyevent·additionalproperties
warning | Modeler/MissingType | The schema 'components·1yhb3ub·schemas·policystate·additionalproperties' has no type or format information whatsoever. Location:
   file:///home/runner/work/bicep-types-az/bicep-types-az/workflow-temp/azure-rest-api-specs/specification/policyinsights/resource-manager/Microsoft.PolicyInsights/stable/2018-04-04/policyStates.json#/components/schemas/components·1yhb3ub·schemas·policystate·additionalproperties
info    | autorest.bicep took 0ms
info    | Generation Complete
