SourceMapConsumer.initialize is a no-op when running in node.js
AutoRest code generation utility [cli version: 3.5.1; node: v16.13.2]
(C) 2018 Microsoft Corporation.
https://aka.ms/autorest
SourceMapConsumer.initialize is a no-op when running in node.js
info    |    Loading AutoRest core      '/home/runner/work/bicep-types-az/bicep-types-az/src/generator/node_modules/@autorest/core/dist' (3.7.5)
info    |    Loading local AutoRest extension '@autorest/bicep' (/home/runner/work/bicep-types-az/bicep-types-az/src/autorest.bicep)
info    |    Loading AutoRest extension '@autorest/modelerfour' (*->4.22.3)
info    | Processing batch task - {"tag":"microsoft.m365securityandcompliance-2021-03-25-preview"} .
info    |    Loading local AutoRest extension '@autorest/bicep' (/home/runner/work/bicep-types-az/bicep-types-az/src/autorest.bicep)
info    |    Loading AutoRest extension '@autorest/modelerfour' (*->4.22.3)
warning | SkippedSemanticValidation | Semantic validation was skipped.
warning | PreCheck/SchemaMissingType | The schema 'ServiceAccessPolicyEntry' with an undefined type and declared properties is a bit ambiguous. This has been auto-corrected to 'type:object'
    - file:///home/runner/work/bicep-types-az/bicep-types-az/workflow-temp/azure-rest-api-specs/specification/m365securityandcompliance/resource-manager/Microsoft.M365SecurityAndCompliance/preview/2021-03-25-preview/common-types.json:208:5
warning | PreCheck/SchemaMissingType | The schema 'ServicesResource' with an undefined type and declared properties is a bit ambiguous. This has been auto-corrected to 'type:object'
    - file:///home/runner/work/bicep-types-az/bicep-types-az/workflow-temp/azure-rest-api-specs/specification/m365securityandcompliance/resource-manager/Microsoft.M365SecurityAndCompliance/preview/2021-03-25-preview/common-types.json:346:5
warning | PreCheck/SchemaMissingType | The schema 'PrivateEndpoint' with an undefined type and declared properties is a bit ambiguous. This has been auto-corrected to 'type:object'
    - file:///home/runner/work/bicep-types-az/bicep-types-az/workflow-temp/azure-rest-api-specs/specification/m365securityandcompliance/resource-manager/Microsoft.M365SecurityAndCompliance/preview/2021-03-25-preview/common-types.json:455:5
warning | PreCheck/SchemaMissingType | The schema 'PrivateEndpointConnection' with an undefined type and declared properties is a bit ambiguous. This has been auto-corrected to 'type:object'
    - file:///home/runner/work/bicep-types-az/bicep-types-az/workflow-temp/azure-rest-api-specs/specification/m365securityandcompliance/resource-manager/Microsoft.M365SecurityAndCompliance/preview/2021-03-25-preview/common-types.json:465:5
warning | PreCheck/SchemaMissingType | The schema 'PrivateEndpointConnectionProperties' with an undefined type and declared properties is a bit ambiguous. This has been auto-corrected to 'type:object'
    - file:///home/runner/work/bicep-types-az/bicep-types-az/workflow-temp/azure-rest-api-specs/specification/m365securityandcompliance/resource-manager/Microsoft.M365SecurityAndCompliance/preview/2021-03-25-preview/common-types.json:484:5
warning | PreCheck/SchemaMissingType | The schema 'PrivateLinkServiceConnectionState' with an undefined type and declared properties is a bit ambiguous. This has been auto-corrected to 'type:object'
    - file:///home/runner/work/bicep-types-az/bicep-types-az/workflow-temp/azure-rest-api-specs/specification/m365securityandcompliance/resource-manager/Microsoft.M365SecurityAndCompliance/preview/2021-03-25-preview/common-types.json:504:5
warning | PreCheck/SchemaMissingType | The schema 'PrivateLinkResource' with an undefined type and declared properties is a bit ambiguous. This has been auto-corrected to 'type:object'
    - file:///home/runner/work/bicep-types-az/bicep-types-az/workflow-temp/azure-rest-api-specs/specification/m365securityandcompliance/resource-manager/Microsoft.M365SecurityAndCompliance/preview/2021-03-25-preview/common-types.json:549:5
warning | PreCheck/SchemaMissingType | The schema 'PrivateLinkResourceProperties' with an undefined type and declared properties is a bit ambiguous. This has been auto-corrected to 'type:object'
    - file:///home/runner/work/bicep-types-az/bicep-types-az/workflow-temp/azure-rest-api-specs/specification/m365securityandcompliance/resource-manager/Microsoft.M365SecurityAndCompliance/preview/2021-03-25-preview/common-types.json:568:5
warning | PreCheck/SchemaMissingType | The schema 'PrivateEndpointConnectionListResult' with an undefined type and declared properties is a bit ambiguous. This has been auto-corrected to 'type:object'
    - file:///home/runner/work/bicep-types-az/bicep-types-az/workflow-temp/azure-rest-api-specs/specification/m365securityandcompliance/resource-manager/Microsoft.M365SecurityAndCompliance/preview/2021-03-25-preview/common-types.json:593:5
warning | PreCheck/SchemaMissingType | The schema 'PrivateLinkResourceListResult' with an undefined type and declared properties is a bit ambiguous. This has been auto-corrected to 'type:object'
    - file:///home/runner/work/bicep-types-az/bicep-types-az/workflow-temp/azure-rest-api-specs/specification/m365securityandcompliance/resource-manager/Microsoft.M365SecurityAndCompliance/preview/2021-03-25-preview/common-types.json:610:5
warning | PreCheck/CheckDuplicateSchemas | Checking for duplicate schemas, this could take a (long) while.  Run with --verbose for more detail.
warning | UnkownSecurityScheme | Security scheme azure_auth is unknown and will not be processed. Only supported types are AADToken,AzureKey,Anonymous
warning | UnkownSecurityScheme | Security scheme azure_auth is unknown and will not be processed. Only supported types are AADToken,AzureKey,Anonymous
warning | UnkownSecurityScheme | Security scheme azure_auth is unknown and will not be processed. Only supported types are AADToken,AzureKey,Anonymous
warning | UnkownSecurityScheme | Security scheme azure_auth is unknown and will not be processed. Only supported types are AADToken,AzureKey,Anonymous
warning | UnkownSecurityScheme | Security scheme azure_auth is unknown and will not be processed. Only supported types are AADToken,AzureKey,Anonymous
warning | UnkownSecurityScheme | Security scheme azure_auth is unknown and will not be processed. Only supported types are AADToken,AzureKey,Anonymous
warning | UnkownSecurityScheme | Security scheme azure_auth is unknown and will not be processed. Only supported types are AADToken,AzureKey,Anonymous
warning | Modeler/MissingType | The schema 'OperationResultsDescription-properties' has no type or format information whatsoever. Location:
   file:///home/runner/work/bicep-types-az/bicep-types-az/workflow-temp/azure-rest-api-specs/specification/m365securityandcompliance/resource-manager/Microsoft.M365SecurityAndCompliance/preview/2021-03-25-preview/common-types.json#/components/schemas/OperationResultsDescription-properties
info    | autorest.bicep took 12ms
info    | Generation Complete
