Executing: autorest --use=/home/runner/work/bicep-types-az/bicep-types-az/src/autorest.bicep --bicep --output-folder=/tmp/_bcp_1625795651387/advisor --multiapi --title=none --skip-semantics-validation /home/runner/work/bicep-types-az/bicep-types-az/workflow-temp/azure-rest-api-specs/specification/advisor/resource-manager/readme.md --debug --verbose
AutoRest code generation utility [cli version: 3.2.1; node: v14.17.1, max-memory: 4096 MB]
(C) 2018 Microsoft Corporation.
https://aka.ms/autorest
No configuration found at 'file:///home/runner/work/bicep-types-az/bicep-types-az/src/generator/src/cmd/'.
> Including configuration file 'file:///home/runner/work/bicep-types-az/bicep-types-az/src/generator/node_modules/autorest/dist/resources/default-configuration.md'
> Including configuration file 'file:///home/runner/work/bicep-types-az/bicep-types-az/src/generator/node_modules/autorest/dist/resources/inspect.md'
> Including configuration file 'file:///home/runner/work/bicep-types-az/bicep-types-az/src/generator/node_modules/autorest/dist/resources/directives.md'
> Including configuration file 'file:///home/runner/work/bicep-types-az/bicep-types-az/src/generator/node_modules/autorest/dist/resources/pipeline.md'
> Including configuration file 'file:///home/runner/work/bicep-types-az/bicep-types-az/src/generator/node_modules/autorest/dist/resources/loader-openapi.md'
> Including configuration file 'file:///home/runner/work/bicep-types-az/bicep-types-az/src/generator/node_modules/autorest/dist/resources/miscellaneous.md'
> Including configuration file 'file:///home/runner/work/bicep-types-az/bicep-types-az/src/generator/node_modules/autorest/dist/resources/plugin-powershell.md'
> Including configuration file 'file:///home/runner/work/bicep-types-az/bicep-types-az/src/generator/node_modules/autorest/dist/resources/plugin-azureresourceschema.md'
> Including configuration file 'file:///home/runner/work/bicep-types-az/bicep-types-az/src/generator/node_modules/autorest/dist/resources/plugin-csharp.md'
> Including configuration file 'file:///home/runner/work/bicep-types-az/bicep-types-az/src/generator/node_modules/autorest/dist/resources/plugin-go.md'
> Including configuration file 'file:///home/runner/work/bicep-types-az/bicep-types-az/src/generator/node_modules/autorest/dist/resources/plugin-java.md'
> Including configuration file 'file:///home/runner/work/bicep-types-az/bicep-types-az/src/generator/node_modules/autorest/dist/resources/plugin-nodejs.md'
> Including configuration file 'file:///home/runner/work/bicep-types-az/bicep-types-az/src/generator/node_modules/autorest/dist/resources/plugin-php.md'
> Including configuration file 'file:///home/runner/work/bicep-types-az/bicep-types-az/src/generator/node_modules/autorest/dist/resources/plugin-python.md'
> Including configuration file 'file:///home/runner/work/bicep-types-az/bicep-types-az/src/generator/node_modules/autorest/dist/resources/plugin-ruby.md'
> Including configuration file 'file:///home/runner/work/bicep-types-az/bicep-types-az/src/generator/node_modules/autorest/dist/resources/plugin-typescript.md'
> Including configuration file 'file:///home/runner/work/bicep-types-az/bicep-types-az/src/generator/node_modules/autorest/dist/resources/plugin-validators.md'
> Including configuration file 'file:///home/runner/work/bicep-types-az/bicep-types-az/src/generator/node_modules/autorest/dist/resources/plugin-az.md'
> Including configuration file 'file:///home/runner/work/bicep-types-az/bicep-types-az/src/generator/node_modules/autorest/dist/resources/plugin-terraform.md'
> Including configuration file 'file:///home/runner/work/bicep-types-az/bicep-types-az/src/generator/node_modules/autorest/dist/resources/plugin-azure-functions.md'
> Including configuration file 'file:///home/runner/work/bicep-types-az/bicep-types-az/src/generator/node_modules/autorest/dist/resources/graphs.md'
> Including configuration file 'file:///home/runner/work/bicep-types-az/bicep-types-az/src/generator/node_modules/autorest/dist/resources/help-configuration.md'
> Loading local AutoRest extension '@autorest/bicep' (/home/runner/work/bicep-types-az/bicep-types-az/src/autorest.bicep)
> Including extension configuration file 'file:///home/runner/work/bicep-types-az/bicep-types-az/src/autorest.bicep/README.md'
> Including configuration file 'file:///home/runner/work/bicep-types-az/bicep-types-az/src/autorest.bicep/README.md'
> Loading AutoRest extension '@autorest/modelerfour' (https://tinyurl.com/yhlkz69y->4.20.0-ci.b8e3f92c0)
> Including extension configuration file 'file:///home/runner/.autorest/@autorest_modelerfour@4.20.0-ci.b8e3f92c0/node_modules/@autorest/modelerfour/readme.md'
> Including configuration file 'file:///home/runner/.autorest/@autorest_modelerfour@4.20.0-ci.b8e3f92c0/node_modules/@autorest/modelerfour/readme.md'
NOTE: AutoRest core version selected from configuration: https://tinyurl.com/yfjyy27f.
Network Enabled: true

There is a new version of AutoRest available (3.2.3).
 > You can install the newer version with with npm install -g autorest@latest

Starting @autorest/core from /home/runner/.autorest/@autorest_core@3.5.0-ci.b8e3f92c0/node_modules/@autorest/core
   Loading AutoRest core      '/home/runner/.autorest/@autorest_core@3.5.0-ci.b8e3f92c0/node_modules/@autorest/core/dist' (3.5.0-ci.b8e3f92c0)
VERBOSE [0.69 s]: > Including configuration file 'file:///home/runner/work/bicep-types-az/bicep-types-az/workflow-temp/azure-rest-api-specs/specification/advisor/resource-manager/readme.bicep.md'
VERBOSE [0.71 s]: > Initial configuration file 'file:///home/runner/work/bicep-types-az/bicep-types-az/workflow-temp/azure-rest-api-specs/specification/advisor/resource-manager/readme.md'
VERBOSE [0.71 s]: > Including configuration file 'file:///home/runner/work/bicep-types-az/bicep-types-az/workflow-temp/azure-rest-api-specs/specification/advisor/resource-manager/readme.md'
VERBOSE [0.72 s]: > Including configuration file 'file:///home/runner/.autorest/@autorest_core@3.5.0-ci.b8e3f92c0/node_modules/@autorest/core/dist/resources/default-configuration.md'
VERBOSE [0.74 s]: > Including configuration file 'file:///home/runner/.autorest/@autorest_core@3.5.0-ci.b8e3f92c0/node_modules/@autorest/core/dist/resources/inspect.md'
VERBOSE [0.75 s]: > Including configuration file 'file:///home/runner/.autorest/@autorest_core@3.5.0-ci.b8e3f92c0/node_modules/@autorest/core/dist/resources/directives.md'
VERBOSE [0.77 s]: > Including configuration file 'file:///home/runner/.autorest/@autorest_core@3.5.0-ci.b8e3f92c0/node_modules/@autorest/core/dist/resources/pipeline.md'
VERBOSE [0.79 s]: > Including configuration file 'file:///home/runner/.autorest/@autorest_core@3.5.0-ci.b8e3f92c0/node_modules/@autorest/core/dist/resources/loader-openapi.md'
VERBOSE [0.82 s]: > Including configuration file 'file:///home/runner/.autorest/@autorest_core@3.5.0-ci.b8e3f92c0/node_modules/@autorest/core/dist/resources/miscellaneous.md'
VERBOSE [0.84 s]: > Including configuration file 'file:///home/runner/.autorest/@autorest_core@3.5.0-ci.b8e3f92c0/node_modules/@autorest/core/dist/resources/plugin-powershell.md'
VERBOSE [0.85 s]: > Including configuration file 'file:///home/runner/.autorest/@autorest_core@3.5.0-ci.b8e3f92c0/node_modules/@autorest/core/dist/resources/plugin-azureresourceschema.md'
VERBOSE [0.87 s]: > Including configuration file 'file:///home/runner/.autorest/@autorest_core@3.5.0-ci.b8e3f92c0/node_modules/@autorest/core/dist/resources/plugin-csharp.md'
VERBOSE [0.88 s]: > Including configuration file 'file:///home/runner/.autorest/@autorest_core@3.5.0-ci.b8e3f92c0/node_modules/@autorest/core/dist/resources/plugin-go.md'
VERBOSE [0.9 s]: > Including configuration file 'file:///home/runner/.autorest/@autorest_core@3.5.0-ci.b8e3f92c0/node_modules/@autorest/core/dist/resources/plugin-java.md'
VERBOSE [0.92 s]: > Including configuration file 'file:///home/runner/.autorest/@autorest_core@3.5.0-ci.b8e3f92c0/node_modules/@autorest/core/dist/resources/plugin-nodejs.md'
VERBOSE [0.94 s]: > Including configuration file 'file:///home/runner/.autorest/@autorest_core@3.5.0-ci.b8e3f92c0/node_modules/@autorest/core/dist/resources/plugin-php.md'
VERBOSE [0.96 s]: > Including configuration file 'file:///home/runner/.autorest/@autorest_core@3.5.0-ci.b8e3f92c0/node_modules/@autorest/core/dist/resources/plugin-python.md'
VERBOSE [0.98 s]: > Including configuration file 'file:///home/runner/.autorest/@autorest_core@3.5.0-ci.b8e3f92c0/node_modules/@autorest/core/dist/resources/plugin-ruby.md'
VERBOSE [1 s]: > Including configuration file 'file:///home/runner/.autorest/@autorest_core@3.5.0-ci.b8e3f92c0/node_modules/@autorest/core/dist/resources/plugin-typescript.md'
VERBOSE [1.02 s]: > Including configuration file 'file:///home/runner/.autorest/@autorest_core@3.5.0-ci.b8e3f92c0/node_modules/@autorest/core/dist/resources/plugin-validators.md'
VERBOSE [1.04 s]: > Including configuration file 'file:///home/runner/.autorest/@autorest_core@3.5.0-ci.b8e3f92c0/node_modules/@autorest/core/dist/resources/plugin-az.md'
VERBOSE [1.07 s]: > Including configuration file 'file:///home/runner/.autorest/@autorest_core@3.5.0-ci.b8e3f92c0/node_modules/@autorest/core/dist/resources/plugin-terraform.md'
VERBOSE [1.09 s]: > Including configuration file 'file:///home/runner/.autorest/@autorest_core@3.5.0-ci.b8e3f92c0/node_modules/@autorest/core/dist/resources/plugin-azure-functions.md'
VERBOSE [1.12 s]: > Including configuration file 'file:///home/runner/.autorest/@autorest_core@3.5.0-ci.b8e3f92c0/node_modules/@autorest/core/dist/resources/graphs.md'
VERBOSE [1.14 s]: > Including configuration file 'file:///home/runner/.autorest/@autorest_core@3.5.0-ci.b8e3f92c0/node_modules/@autorest/core/dist/resources/help-configuration.md'
INFORMATION: > Loading local AutoRest extension '@autorest/bicep' (/home/runner/work/bicep-types-az/bicep-types-az/src/autorest.bicep)
VERBOSE [1.21 s]: > Including extension configuration file 'file:///home/runner/work/bicep-types-az/bicep-types-az/src/autorest.bicep/README.md'
VERBOSE [1.21 s]: > Including configuration file 'file:///home/runner/work/bicep-types-az/bicep-types-az/src/autorest.bicep/README.md'
INFORMATION: > Loading AutoRest extension '@autorest/modelerfour' (https://tinyurl.com/yhlkz69y->4.20.0-ci.b8e3f92c0)
VERBOSE [2.25 s]: > Including extension configuration file 'file:///home/runner/.autorest/@autorest_modelerfour@4.20.0-ci.b8e3f92c0/node_modules/@autorest/modelerfour/readme.md'
VERBOSE [2.25 s]: > Including configuration file 'file:///home/runner/.autorest/@autorest_modelerfour@4.20.0-ci.b8e3f92c0/node_modules/@autorest/modelerfour/readme.md'
Processing batch task - {"tag":"microsoft.advisor-2020-07-01-preview"} .
VERBOSE [2.46 s]: > Including configuration file 'file:///home/runner/work/bicep-types-az/bicep-types-az/workflow-temp/azure-rest-api-specs/specification/advisor/resource-manager/readme.bicep.md'
VERBOSE [2.47 s]: > Initial configuration file 'file:///home/runner/work/bicep-types-az/bicep-types-az/workflow-temp/azure-rest-api-specs/specification/advisor/resource-manager/readme.md'
VERBOSE [2.47 s]: > Including configuration file 'file:///home/runner/work/bicep-types-az/bicep-types-az/workflow-temp/azure-rest-api-specs/specification/advisor/resource-manager/readme.md'
VERBOSE [2.48 s]: > Including configuration file 'file:///home/runner/.autorest/@autorest_core@3.5.0-ci.b8e3f92c0/node_modules/@autorest/core/dist/resources/default-configuration.md'
VERBOSE [2.49 s]: > Including configuration file 'file:///home/runner/.autorest/@autorest_core@3.5.0-ci.b8e3f92c0/node_modules/@autorest/core/dist/resources/inspect.md'
VERBOSE [2.49 s]: > Including configuration file 'file:///home/runner/.autorest/@autorest_core@3.5.0-ci.b8e3f92c0/node_modules/@autorest/core/dist/resources/directives.md'
VERBOSE [2.51 s]: > Including configuration file 'file:///home/runner/.autorest/@autorest_core@3.5.0-ci.b8e3f92c0/node_modules/@autorest/core/dist/resources/pipeline.md'
VERBOSE [2.52 s]: > Including configuration file 'file:///home/runner/.autorest/@autorest_core@3.5.0-ci.b8e3f92c0/node_modules/@autorest/core/dist/resources/loader-openapi.md'
VERBOSE [2.53 s]: > Including configuration file 'file:///home/runner/.autorest/@autorest_core@3.5.0-ci.b8e3f92c0/node_modules/@autorest/core/dist/resources/miscellaneous.md'
VERBOSE [2.55 s]: > Including configuration file 'file:///home/runner/.autorest/@autorest_core@3.5.0-ci.b8e3f92c0/node_modules/@autorest/core/dist/resources/plugin-powershell.md'
VERBOSE [2.56 s]: > Including configuration file 'file:///home/runner/.autorest/@autorest_core@3.5.0-ci.b8e3f92c0/node_modules/@autorest/core/dist/resources/plugin-azureresourceschema.md'
VERBOSE [2.58 s]: > Including configuration file 'file:///home/runner/.autorest/@autorest_core@3.5.0-ci.b8e3f92c0/node_modules/@autorest/core/dist/resources/plugin-csharp.md'
VERBOSE [2.59 s]: > Including configuration file 'file:///home/runner/.autorest/@autorest_core@3.5.0-ci.b8e3f92c0/node_modules/@autorest/core/dist/resources/plugin-go.md'
VERBOSE [2.61 s]: > Including configuration file 'file:///home/runner/.autorest/@autorest_core@3.5.0-ci.b8e3f92c0/node_modules/@autorest/core/dist/resources/plugin-java.md'
VERBOSE [2.62 s]: > Including configuration file 'file:///home/runner/.autorest/@autorest_core@3.5.0-ci.b8e3f92c0/node_modules/@autorest/core/dist/resources/plugin-nodejs.md'
VERBOSE [2.64 s]: > Including configuration file 'file:///home/runner/.autorest/@autorest_core@3.5.0-ci.b8e3f92c0/node_modules/@autorest/core/dist/resources/plugin-php.md'
VERBOSE [2.66 s]: > Including configuration file 'file:///home/runner/.autorest/@autorest_core@3.5.0-ci.b8e3f92c0/node_modules/@autorest/core/dist/resources/plugin-python.md'
VERBOSE [2.67 s]: > Including configuration file 'file:///home/runner/.autorest/@autorest_core@3.5.0-ci.b8e3f92c0/node_modules/@autorest/core/dist/resources/plugin-ruby.md'
VERBOSE [2.69 s]: > Including configuration file 'file:///home/runner/.autorest/@autorest_core@3.5.0-ci.b8e3f92c0/node_modules/@autorest/core/dist/resources/plugin-typescript.md'
VERBOSE [2.71 s]: > Including configuration file 'file:///home/runner/.autorest/@autorest_core@3.5.0-ci.b8e3f92c0/node_modules/@autorest/core/dist/resources/plugin-validators.md'
VERBOSE [2.73 s]: > Including configuration file 'file:///home/runner/.autorest/@autorest_core@3.5.0-ci.b8e3f92c0/node_modules/@autorest/core/dist/resources/plugin-az.md'
VERBOSE [2.75 s]: > Including configuration file 'file:///home/runner/.autorest/@autorest_core@3.5.0-ci.b8e3f92c0/node_modules/@autorest/core/dist/resources/plugin-terraform.md'
VERBOSE [2.77 s]: > Including configuration file 'file:///home/runner/.autorest/@autorest_core@3.5.0-ci.b8e3f92c0/node_modules/@autorest/core/dist/resources/plugin-azure-functions.md'
VERBOSE [2.79 s]: > Including configuration file 'file:///home/runner/.autorest/@autorest_core@3.5.0-ci.b8e3f92c0/node_modules/@autorest/core/dist/resources/graphs.md'
VERBOSE [2.81 s]: > Including configuration file 'file:///home/runner/.autorest/@autorest_core@3.5.0-ci.b8e3f92c0/node_modules/@autorest/core/dist/resources/help-configuration.md'
INFORMATION: > Loading local AutoRest extension '@autorest/bicep' (/home/runner/work/bicep-types-az/bicep-types-az/src/autorest.bicep)
VERBOSE [2.88 s]: > Including extension configuration file 'file:///home/runner/work/bicep-types-az/bicep-types-az/src/autorest.bicep/README.md'
VERBOSE [2.88 s]: > Including configuration file 'file:///home/runner/work/bicep-types-az/bicep-types-az/src/autorest.bicep/README.md'
INFORMATION: > Loading AutoRest extension '@autorest/modelerfour' (https://tinyurl.com/yhlkz69y->4.20.0-ci.b8e3f92c0)
VERBOSE [3.47 s]: > Including extension configuration file 'file:///home/runner/.autorest/@autorest_modelerfour@4.20.0-ci.b8e3f92c0/node_modules/@autorest/modelerfour/readme.md'
VERBOSE [3.47 s]: > Including configuration file 'file:///home/runner/.autorest/@autorest_modelerfour@4.20.0-ci.b8e3f92c0/node_modules/@autorest/modelerfour/readme.md'
DEBUG [4.07 s]: swagger-document/loader-swagger - START inputs = 0
DEBUG [4.07 s]: openapi-document/loader-openapi - START inputs = 0
DEBUG [4.07 s]: pipeline-emitter - START inputs = 0
DEBUG [4.07 s]: configuration-emitter - START inputs = 0
DEBUG [4.07 s]: pipeline-emitter - END [0.05 s][85 MB]
DEBUG [4.07 s]: configuration-emitter - END [0.05 s][85 MB]
VERBOSE [4.1 s]: Reading OpenAPI 2.0 file file:///home/runner/work/bicep-types-az/bicep-types-az/workflow-temp/azure-rest-api-specs/specification/advisor/resource-manager/Microsoft.Advisor/preview/2020-07-01-preview/advisor.json
DEBUG [4.1 s]: openapi-document/loader-openapi - END [0.07 s][86 MB]
DEBUG [4.12 s]: openapi-document/individual/transform - SKIPPING
DEBUG [4.12 s]: openapi-document/individual/schema-validator-openapi - SKIPPING
DEBUG [4.12 s]: openapi-document/individual/identity - SKIPPING
DEBUG [4.14 s]: swagger-document/loader-swagger - END [0.11 s][94 MB]
DEBUG [4.14 s]: swagger-document/individual/transform - START inputs = 1
DEBUG [4.17 s]: swagger-document/individual/transform - END [0.03 s][100 MB]
DEBUG [4.17 s]: swagger-document/individual/schema-validator-swagger - START inputs = 1
DEBUG [4.46 s]: swagger-document/individual/schema-validator-swagger - END [0.28 s][93 MB]
DEBUG [4.46 s]: swagger-document/identity - START inputs = 1
DEBUG [4.46 s]: swagger-document/individual/identity - START inputs = 1
DEBUG [4.46 s]: swagger-document/identity - END [0 s][93 MB]
DEBUG [4.46 s]: swagger-document/individual/identity - END [0 s][93 MB]
DEBUG [4.46 s]: openapi-document/openapi-document-converter - START inputs = 1
DEBUG [4.48 s]: openapi-document/openapi-document-converter - END [0.02 s][102 MB]
DEBUG [4.49 s]: openapi-document/transform - START inputs = 1
DEBUG [4.49 s]: openapi-document/transform - END [0 s][103 MB]
DEBUG [4.49 s]: openapi-document/semantic-validator - START inputs = 1
WARNING: Semantic validation was skipped.
DEBUG [4.49 s]: openapi-document/semantic-validator - END [0 s][103 MB]
DEBUG [4.49 s]: openapi-document/allof-cleaner - START inputs = 1
DEBUG [4.49 s]: openapi-document/allof-cleaner - END [0 s][103 MB]
DEBUG [4.49 s]: openapi-document/tree-shaker - START inputs = 1
DEBUG [4.53 s]: openapi-document/tree-shaker - END [0.03 s][100 MB]
DEBUG [4.53 s]: openapi-document/multi-api-merger - START inputs = 1
DEBUG [4.57 s]: openapi-document/multi-api-merger - END [0.04 s][101 MB]
DEBUG [4.57 s]: openapi-document/components-cleaner - START inputs = 1
DEBUG [4.61 s]: openapi-document/components-cleaner - END [0.03 s][106 MB]
DEBUG [4.61 s]: openapi-document/component-modifiers - START inputs = 1
DEBUG [4.62 s]: openapi-document/component-modifiers - END [0 s][109 MB]
DEBUG [4.62 s]: openapi-document/api-version-parameter-handler - START inputs = 1
DEBUG [4.62 s]: openapi-document/api-version-parameter-handler - END [0 s][109 MB]
DEBUG [4.62 s]: openapi-document/profile-filter - START inputs = 1
DEBUG [4.62 s]: openapi-document/profile-filter - END [0 s][109 MB]
DEBUG [4.62 s]: openapi-document/model-deduplicator - START inputs = 1
DEBUG [4.62 s]: openapi-document/emitter - START inputs = 1
DEBUG [4.62 s]: openapi-document/model-deduplicator - END [0 s][109 MB]
DEBUG [4.62 s]: openapi-document/emitter - END [0 s][109 MB]
DEBUG [4.62 s]: openapi-document/enum-deduplicator - START inputs = 1
DEBUG [4.69 s]: openapi-document/enum-deduplicator - END [0.07 s][103 MB]
DEBUG [4.69 s]: openapi-document/subset-reducer - START inputs = 1
DEBUG [4.69 s]: openapi-document/subset-reducer - END [0 s][103 MB]
DEBUG [4.69 s]: openapi-document/quick-check - START inputs = 1
DEBUG [4.69 s]: openapi-document/multi-api/reset-identity - START inputs = 1
DEBUG [4.7 s]: openapi-document/quick-check - END [0 s][105 MB]
DEBUG [4.7 s]: openapi-document/multi-api/reset-identity - END [0 s][105 MB]
DEBUG [4.7 s]: openapi-document/multi-api/identity - START inputs = 1
DEBUG [4.7 s]: openapi-document/multi-api/identity - END [0 s][105 MB]
DEBUG [4.7 s]: openapi-document/multi-api/emitter - START inputs = 1
DEBUG [4.7 s]: prechecker - START inputs = 1
DEBUG [4.7 s]: openapi-document/multi-api/emitter - END [0 s][106 MB]

WARNING (PreCheck/CheckDuplicateSchemas): Checking for duplicate schemas, this could take a (long) while.  Run with --verbose for more detail.
VERBOSE [4.73 s]: Found and removed 0 duplicate schema
DEBUG [4.92 s]: prechecker - END [0.22 s][107 MB]
DEBUG [4.92 s]: modelerfour - START inputs = 2
VERBOSE [4.97 s]:   ModelerFour/api-version-mode:client
VERBOSE [4.97 s]:   ModelerFour/api-version-parameter:constant
VERBOSE [4.97 s]:   ModelerFour/use-model-namespace:false

WARNING (UnkownSecurityScheme): Security scheme azure_auth is unknown and will not be processed. Only supported types are AADToken,AzureKey,Anonymous
DEBUG [5.02 s]: modelerfour - END [0.1 s][108 MB]
DEBUG [5.02 s]: modelerfour/new-transform - START inputs = 2
DEBUG [5.03 s]: modelerfour/new-transform - END [0 s][108 MB]
DEBUG [5.03 s]: modelerfour/flattener - START inputs = 2
DEBUG [5.07 s]: modelerfour/flattener - END [0.04 s][109 MB]
DEBUG [5.07 s]: modelerfour/flattener/new-transform - START inputs = 2
DEBUG [5.07 s]: modelerfour/flattener/new-transform - END [0 s][109 MB]
DEBUG [5.07 s]: modelerfour/grouper - START inputs = 2
DEBUG [5.1 s]: modelerfour/grouper - END [0.02 s][110 MB]
DEBUG [5.1 s]: modelerfour/grouper/new-transform - START inputs = 2
DEBUG [5.1 s]: modelerfour/grouper/new-transform - END [0 s][110 MB]
DEBUG [5.1 s]: modelerfour/pre-namer - START inputs = 2
DEBUG [5.14 s]: modelerfour/pre-namer - END [0.03 s][111 MB]
DEBUG [5.14 s]: modelerfour/pre-namer/new-transform - START inputs = 2
DEBUG [5.14 s]: modelerfour/pre-namer/new-transform - END [0 s][111 MB]
DEBUG [5.14 s]: modelerfour/checker - START inputs = 4
DEBUG [5.16 s]: modelerfour/checker - END [0.02 s][113 MB]
DEBUG [5.16 s]: modelerfour/identity - START inputs = 2
DEBUG [5.16 s]: modelerfour/identity - END [0 s][113 MB]
DEBUG [5.16 s]: bicep - START inputs = 2
DEBUG [5.16 s]: modelerfour/emitter - START inputs = 2
DEBUG [5.16 s]: modelerfour/notags/emitter - START inputs = 2
DEBUG [5.17 s]: modelerfour/emitter - END [0 s][113 MB]
DEBUG [5.17 s]: modelerfour/notags/emitter - END [0 s][113 MB]
INFORMATION: autorest.bicep took 0ms
DEBUG [5.21 s]: bicep - END [0.04 s][113 MB]
DEBUG [5.21 s]: bicep/emitter - START inputs = 0
DEBUG [5.21 s]: bicep/emitter - END [0 s][113 MB]
Processing batch task - {"tag":"microsoft.advisor-2020-01-01"} .
VERBOSE [5.22 s]: > Including configuration file 'file:///home/runner/work/bicep-types-az/bicep-types-az/workflow-temp/azure-rest-api-specs/specification/advisor/resource-manager/readme.bicep.md'
VERBOSE [5.22 s]: > Initial configuration file 'file:///home/runner/work/bicep-types-az/bicep-types-az/workflow-temp/azure-rest-api-specs/specification/advisor/resource-manager/readme.md'
VERBOSE [5.22 s]: > Including configuration file 'file:///home/runner/work/bicep-types-az/bicep-types-az/workflow-temp/azure-rest-api-specs/specification/advisor/resource-manager/readme.md'
VERBOSE [5.23 s]: > Including configuration file 'file:///home/runner/.autorest/@autorest_core@3.5.0-ci.b8e3f92c0/node_modules/@autorest/core/dist/resources/default-configuration.md'
VERBOSE [5.24 s]: > Including configuration file 'file:///home/runner/.autorest/@autorest_core@3.5.0-ci.b8e3f92c0/node_modules/@autorest/core/dist/resources/inspect.md'
VERBOSE [5.25 s]: > Including configuration file 'file:///home/runner/.autorest/@autorest_core@3.5.0-ci.b8e3f92c0/node_modules/@autorest/core/dist/resources/directives.md'
VERBOSE [5.26 s]: > Including configuration file 'file:///home/runner/.autorest/@autorest_core@3.5.0-ci.b8e3f92c0/node_modules/@autorest/core/dist/resources/pipeline.md'
VERBOSE [5.27 s]: > Including configuration file 'file:///home/runner/.autorest/@autorest_core@3.5.0-ci.b8e3f92c0/node_modules/@autorest/core/dist/resources/loader-openapi.md'
VERBOSE [5.29 s]: > Including configuration file 'file:///home/runner/.autorest/@autorest_core@3.5.0-ci.b8e3f92c0/node_modules/@autorest/core/dist/resources/miscellaneous.md'
VERBOSE [5.3 s]: > Including configuration file 'file:///home/runner/.autorest/@autorest_core@3.5.0-ci.b8e3f92c0/node_modules/@autorest/core/dist/resources/plugin-powershell.md'
VERBOSE [5.31 s]: > Including configuration file 'file:///home/runner/.autorest/@autorest_core@3.5.0-ci.b8e3f92c0/node_modules/@autorest/core/dist/resources/plugin-azureresourceschema.md'
VERBOSE [5.32 s]: > Including configuration file 'file:///home/runner/.autorest/@autorest_core@3.5.0-ci.b8e3f92c0/node_modules/@autorest/core/dist/resources/plugin-csharp.md'
VERBOSE [5.34 s]: > Including configuration file 'file:///home/runner/.autorest/@autorest_core@3.5.0-ci.b8e3f92c0/node_modules/@autorest/core/dist/resources/plugin-go.md'
VERBOSE [5.35 s]: > Including configuration file 'file:///home/runner/.autorest/@autorest_core@3.5.0-ci.b8e3f92c0/node_modules/@autorest/core/dist/resources/plugin-java.md'
VERBOSE [5.37 s]: > Including configuration file 'file:///home/runner/.autorest/@autorest_core@3.5.0-ci.b8e3f92c0/node_modules/@autorest/core/dist/resources/plugin-nodejs.md'
VERBOSE [5.39 s]: > Including configuration file 'file:///home/runner/.autorest/@autorest_core@3.5.0-ci.b8e3f92c0/node_modules/@autorest/core/dist/resources/plugin-php.md'
VERBOSE [5.4 s]: > Including configuration file 'file:///home/runner/.autorest/@autorest_core@3.5.0-ci.b8e3f92c0/node_modules/@autorest/core/dist/resources/plugin-python.md'
VERBOSE [5.42 s]: > Including configuration file 'file:///home/runner/.autorest/@autorest_core@3.5.0-ci.b8e3f92c0/node_modules/@autorest/core/dist/resources/plugin-ruby.md'
VERBOSE [5.44 s]: > Including configuration file 'file:///home/runner/.autorest/@autorest_core@3.5.0-ci.b8e3f92c0/node_modules/@autorest/core/dist/resources/plugin-typescript.md'
VERBOSE [5.46 s]: > Including configuration file 'file:///home/runner/.autorest/@autorest_core@3.5.0-ci.b8e3f92c0/node_modules/@autorest/core/dist/resources/plugin-validators.md'
VERBOSE [5.48 s]: > Including configuration file 'file:///home/runner/.autorest/@autorest_core@3.5.0-ci.b8e3f92c0/node_modules/@autorest/core/dist/resources/plugin-az.md'
VERBOSE [5.5 s]: > Including configuration file 'file:///home/runner/.autorest/@autorest_core@3.5.0-ci.b8e3f92c0/node_modules/@autorest/core/dist/resources/plugin-terraform.md'
VERBOSE [5.52 s]: > Including configuration file 'file:///home/runner/.autorest/@autorest_core@3.5.0-ci.b8e3f92c0/node_modules/@autorest/core/dist/resources/plugin-azure-functions.md'
VERBOSE [5.54 s]: > Including configuration file 'file:///home/runner/.autorest/@autorest_core@3.5.0-ci.b8e3f92c0/node_modules/@autorest/core/dist/resources/graphs.md'
VERBOSE [5.56 s]: > Including configuration file 'file:///home/runner/.autorest/@autorest_core@3.5.0-ci.b8e3f92c0/node_modules/@autorest/core/dist/resources/help-configuration.md'
INFORMATION: > Loading local AutoRest extension '@autorest/bicep' (/home/runner/work/bicep-types-az/bicep-types-az/src/autorest.bicep)
VERBOSE [5.63 s]: > Including extension configuration file 'file:///home/runner/work/bicep-types-az/bicep-types-az/src/autorest.bicep/README.md'
VERBOSE [5.63 s]: > Including configuration file 'file:///home/runner/work/bicep-types-az/bicep-types-az/src/autorest.bicep/README.md'
INFORMATION: > Loading AutoRest extension '@autorest/modelerfour' (https://tinyurl.com/yhlkz69y->4.20.0-ci.b8e3f92c0)
VERBOSE [6.18 s]: > Including extension configuration file 'file:///home/runner/.autorest/@autorest_modelerfour@4.20.0-ci.b8e3f92c0/node_modules/@autorest/modelerfour/readme.md'
VERBOSE [6.18 s]: > Including configuration file 'file:///home/runner/.autorest/@autorest_modelerfour@4.20.0-ci.b8e3f92c0/node_modules/@autorest/modelerfour/readme.md'
DEBUG [6.48 s]: swagger-document/loader-swagger - START inputs = 0
DEBUG [6.48 s]: openapi-document/loader-openapi - START inputs = 0
DEBUG [6.48 s]: pipeline-emitter - START inputs = 0
DEBUG [6.48 s]: configuration-emitter - START inputs = 0
DEBUG [6.48 s]: pipeline-emitter - END [0.05 s][72 MB]
DEBUG [6.48 s]: configuration-emitter - END [0.05 s][72 MB]
VERBOSE [6.49 s]: Reading OpenAPI 2.0 file file:///home/runner/work/bicep-types-az/bicep-types-az/workflow-temp/azure-rest-api-specs/specification/advisor/resource-manager/Microsoft.Advisor/stable/2020-01-01/advisor.json
DEBUG [6.49 s]: openapi-document/loader-openapi - END [0.06 s][76 MB]
DEBUG [6.54 s]: openapi-document/individual/transform - SKIPPING
DEBUG [6.54 s]: openapi-document/individual/schema-validator-openapi - SKIPPING
DEBUG [6.54 s]: openapi-document/individual/identity - SKIPPING
DEBUG [6.58 s]: swagger-document/loader-swagger - END [0.14 s][77 MB]
DEBUG [6.58 s]: swagger-document/individual/transform - START inputs = 1
DEBUG [6.64 s]: swagger-document/individual/transform - END [0.05 s][90 MB]
DEBUG [6.64 s]: swagger-document/individual/schema-validator-swagger - START inputs = 1
DEBUG [6.65 s]: swagger-document/individual/schema-validator-swagger - END [0 s][80 MB]
DEBUG [6.65 s]: swagger-document/identity - START inputs = 1
DEBUG [6.65 s]: swagger-document/individual/identity - START inputs = 1
DEBUG [6.65 s]: swagger-document/identity - END [0 s][80 MB]
DEBUG [6.65 s]: swagger-document/individual/identity - END [0 s][80 MB]
DEBUG [6.65 s]: openapi-document/openapi-document-converter - START inputs = 1
DEBUG [6.69 s]: openapi-document/openapi-document-converter - END [0.04 s][85 MB]
DEBUG [6.7 s]: openapi-document/transform - START inputs = 1
DEBUG [6.7 s]: openapi-document/transform - END [0 s][88 MB]
DEBUG [6.7 s]: openapi-document/semantic-validator - START inputs = 1
WARNING: Semantic validation was skipped.
DEBUG [6.7 s]: openapi-document/semantic-validator - END [0 s][88 MB]
DEBUG [6.7 s]: openapi-document/allof-cleaner - START inputs = 1
DEBUG [6.71 s]: openapi-document/allof-cleaner - END [0 s][89 MB]
DEBUG [6.71 s]: openapi-document/tree-shaker - START inputs = 1
DEBUG [6.77 s]: openapi-document/tree-shaker - END [0.06 s][91 MB]
DEBUG [6.78 s]: openapi-document/multi-api-merger - START inputs = 1
DEBUG [6.85 s]: openapi-document/multi-api-merger - END [0.07 s][107 MB]
DEBUG [6.86 s]: openapi-document/components-cleaner - START inputs = 1
DEBUG [6.95 s]: openapi-document/components-cleaner - END [0.08 s][112 MB]
DEBUG [6.95 s]: openapi-document/component-modifiers - START inputs = 1
DEBUG [6.96 s]: openapi-document/component-modifiers - END [0.01 s][121 MB]
DEBUG [6.97 s]: openapi-document/api-version-parameter-handler - START inputs = 1
DEBUG [6.97 s]: openapi-document/api-version-parameter-handler - END [0 s][113 MB]
DEBUG [6.97 s]: openapi-document/profile-filter - START inputs = 1
DEBUG [6.97 s]: openapi-document/profile-filter - END [0 s][113 MB]
DEBUG [6.98 s]: openapi-document/model-deduplicator - START inputs = 1
DEBUG [6.98 s]: openapi-document/emitter - START inputs = 1
DEBUG [6.98 s]: openapi-document/model-deduplicator - END [0 s][113 MB]
DEBUG [6.98 s]: openapi-document/emitter - END [0 s][113 MB]
DEBUG [6.98 s]: openapi-document/enum-deduplicator - START inputs = 1
DEBUG [7.1 s]: openapi-document/enum-deduplicator - END [0.11 s][123 MB]
DEBUG [7.1 s]: openapi-document/subset-reducer - START inputs = 1
DEBUG [7.1 s]: openapi-document/subset-reducer - END [0 s][123 MB]
DEBUG [7.1 s]: openapi-document/quick-check - START inputs = 1
DEBUG [7.1 s]: openapi-document/multi-api/reset-identity - START inputs = 1
DEBUG [7.11 s]: openapi-document/quick-check - END [0.01 s][132 MB]
DEBUG [7.11 s]: openapi-document/multi-api/reset-identity - END [0.01 s][132 MB]
DEBUG [7.11 s]: openapi-document/multi-api/identity - START inputs = 1
DEBUG [7.12 s]: openapi-document/multi-api/identity - END [0 s][132 MB]
DEBUG [7.12 s]: openapi-document/multi-api/emitter - START inputs = 1
DEBUG [7.12 s]: prechecker - START inputs = 1
DEBUG [7.12 s]: openapi-document/multi-api/emitter - END [0 s][132 MB]

WARNING (PreCheck/SchemaMissingType): The schema 'Resource' with an undefined type and declared properties is a bit ambiguous. This has been auto-corrected to 'type:object'

WARNING (PreCheck/CheckDuplicateSchemas): Checking for duplicate schemas, this could take a (long) while.  Run with --verbose for more detail.
VERBOSE [7.13 s]: Found and removed 0 duplicate schema
DEBUG [7.17 s]: prechecker - END [0.05 s][135 MB]
DEBUG [7.17 s]: modelerfour - START inputs = 2
VERBOSE [7.19 s]:   ModelerFour/api-version-mode:client
VERBOSE [7.19 s]:   ModelerFour/api-version-parameter:constant
VERBOSE [7.19 s]:   ModelerFour/use-model-namespace:false

WARNING (UnkownSecurityScheme): Security scheme azure_auth is unknown and will not be processed. Only supported types are AADToken,AzureKey,Anonymous
DEBUG [7.3 s]: modelerfour - END [0.12 s][137 MB]
DEBUG [7.3 s]: modelerfour/new-transform - START inputs = 2
DEBUG [7.3 s]: modelerfour/new-transform - END [0 s][137 MB]
DEBUG [7.3 s]: modelerfour/flattener - START inputs = 2
DEBUG [7.35 s]: modelerfour/flattener - END [0.05 s][127 MB]
DEBUG [7.35 s]: modelerfour/flattener/new-transform - START inputs = 2
DEBUG [7.35 s]: modelerfour/flattener/new-transform - END [0 s][127 MB]
DEBUG [7.35 s]: modelerfour/grouper - START inputs = 2
DEBUG [7.4 s]: modelerfour/grouper - END [0.04 s][129 MB]
DEBUG [7.4 s]: modelerfour/grouper/new-transform - START inputs = 2
DEBUG [7.4 s]: modelerfour/grouper/new-transform - END [0 s][129 MB]
DEBUG [7.41 s]: modelerfour/pre-namer - START inputs = 2
DEBUG [7.47 s]: modelerfour/pre-namer - END [0.06 s][131 MB]
DEBUG [7.47 s]: modelerfour/pre-namer/new-transform - START inputs = 2
DEBUG [7.47 s]: modelerfour/pre-namer/new-transform - END [0 s][131 MB]
DEBUG [7.47 s]: modelerfour/checker - START inputs = 4
DEBUG [7.52 s]: modelerfour/checker - END [0.04 s][133 MB]
DEBUG [7.52 s]: modelerfour/identity - START inputs = 2
DEBUG [7.52 s]: modelerfour/identity - END [0 s][133 MB]
DEBUG [7.52 s]: bicep - START inputs = 2
DEBUG [7.52 s]: modelerfour/emitter - START inputs = 2
DEBUG [7.52 s]: modelerfour/notags/emitter - START inputs = 2
DEBUG [7.52 s]: modelerfour/emitter - END [0 s][133 MB]
DEBUG [7.52 s]: modelerfour/notags/emitter - END [0 s][133 MB]
INFORMATION: autorest.bicep took 6ms
DEBUG [7.57 s]: bicep - END [0.04 s][134 MB]
DEBUG [7.57 s]: bicep/emitter - START inputs = 2
DEBUG [7.57 s]: Emitting 'bicep-files' at file:///tmp/_bcp_1625795651387/advisor/microsoft.advisor/2020-01-01/types.json
DEBUG [7.57 s]: Emitting 'bicep-files' at file:///tmp/_bcp_1625795651387/advisor/microsoft.advisor/2020-01-01/types.md
DEBUG [7.57 s]: bicep/emitter - END [0 s][134 MB]
Processing batch task - {"tag":"microsoft.advisor-2017-04-19"} .
VERBOSE [7.58 s]: > Including configuration file 'file:///home/runner/work/bicep-types-az/bicep-types-az/workflow-temp/azure-rest-api-specs/specification/advisor/resource-manager/readme.bicep.md'
VERBOSE [7.58 s]: > Initial configuration file 'file:///home/runner/work/bicep-types-az/bicep-types-az/workflow-temp/azure-rest-api-specs/specification/advisor/resource-manager/readme.md'
VERBOSE [7.58 s]: > Including configuration file 'file:///home/runner/work/bicep-types-az/bicep-types-az/workflow-temp/azure-rest-api-specs/specification/advisor/resource-manager/readme.md'
VERBOSE [7.59 s]: > Including configuration file 'file:///home/runner/.autorest/@autorest_core@3.5.0-ci.b8e3f92c0/node_modules/@autorest/core/dist/resources/default-configuration.md'
VERBOSE [7.6 s]: > Including configuration file 'file:///home/runner/.autorest/@autorest_core@3.5.0-ci.b8e3f92c0/node_modules/@autorest/core/dist/resources/inspect.md'
VERBOSE [7.6 s]: > Including configuration file 'file:///home/runner/.autorest/@autorest_core@3.5.0-ci.b8e3f92c0/node_modules/@autorest/core/dist/resources/directives.md'
VERBOSE [7.62 s]: > Including configuration file 'file:///home/runner/.autorest/@autorest_core@3.5.0-ci.b8e3f92c0/node_modules/@autorest/core/dist/resources/pipeline.md'
VERBOSE [7.63 s]: > Including configuration file 'file:///home/runner/.autorest/@autorest_core@3.5.0-ci.b8e3f92c0/node_modules/@autorest/core/dist/resources/loader-openapi.md'
VERBOSE [7.63 s]: > Including configuration file 'file:///home/runner/.autorest/@autorest_core@3.5.0-ci.b8e3f92c0/node_modules/@autorest/core/dist/resources/miscellaneous.md'
VERBOSE [7.65 s]: > Including configuration file 'file:///home/runner/.autorest/@autorest_core@3.5.0-ci.b8e3f92c0/node_modules/@autorest/core/dist/resources/plugin-powershell.md'
VERBOSE [7.66 s]: > Including configuration file 'file:///home/runner/.autorest/@autorest_core@3.5.0-ci.b8e3f92c0/node_modules/@autorest/core/dist/resources/plugin-azureresourceschema.md'
VERBOSE [7.67 s]: > Including configuration file 'file:///home/runner/.autorest/@autorest_core@3.5.0-ci.b8e3f92c0/node_modules/@autorest/core/dist/resources/plugin-csharp.md'
VERBOSE [7.69 s]: > Including configuration file 'file:///home/runner/.autorest/@autorest_core@3.5.0-ci.b8e3f92c0/node_modules/@autorest/core/dist/resources/plugin-go.md'
VERBOSE [7.7 s]: > Including configuration file 'file:///home/runner/.autorest/@autorest_core@3.5.0-ci.b8e3f92c0/node_modules/@autorest/core/dist/resources/plugin-java.md'
VERBOSE [7.72 s]: > Including configuration file 'file:///home/runner/.autorest/@autorest_core@3.5.0-ci.b8e3f92c0/node_modules/@autorest/core/dist/resources/plugin-nodejs.md'
VERBOSE [7.74 s]: > Including configuration file 'file:///home/runner/.autorest/@autorest_core@3.5.0-ci.b8e3f92c0/node_modules/@autorest/core/dist/resources/plugin-php.md'
VERBOSE [7.76 s]: > Including configuration file 'file:///home/runner/.autorest/@autorest_core@3.5.0-ci.b8e3f92c0/node_modules/@autorest/core/dist/resources/plugin-python.md'
VERBOSE [7.77 s]: > Including configuration file 'file:///home/runner/.autorest/@autorest_core@3.5.0-ci.b8e3f92c0/node_modules/@autorest/core/dist/resources/plugin-ruby.md'
VERBOSE [7.79 s]: > Including configuration file 'file:///home/runner/.autorest/@autorest_core@3.5.0-ci.b8e3f92c0/node_modules/@autorest/core/dist/resources/plugin-typescript.md'
VERBOSE [7.81 s]: > Including configuration file 'file:///home/runner/.autorest/@autorest_core@3.5.0-ci.b8e3f92c0/node_modules/@autorest/core/dist/resources/plugin-validators.md'
VERBOSE [7.83 s]: > Including configuration file 'file:///home/runner/.autorest/@autorest_core@3.5.0-ci.b8e3f92c0/node_modules/@autorest/core/dist/resources/plugin-az.md'
VERBOSE [7.85 s]: > Including configuration file 'file:///home/runner/.autorest/@autorest_core@3.5.0-ci.b8e3f92c0/node_modules/@autorest/core/dist/resources/plugin-terraform.md'
VERBOSE [7.87 s]: > Including configuration file 'file:///home/runner/.autorest/@autorest_core@3.5.0-ci.b8e3f92c0/node_modules/@autorest/core/dist/resources/plugin-azure-functions.md'
VERBOSE [7.89 s]: > Including configuration file 'file:///home/runner/.autorest/@autorest_core@3.5.0-ci.b8e3f92c0/node_modules/@autorest/core/dist/resources/graphs.md'
VERBOSE [7.91 s]: > Including configuration file 'file:///home/runner/.autorest/@autorest_core@3.5.0-ci.b8e3f92c0/node_modules/@autorest/core/dist/resources/help-configuration.md'
INFORMATION: > Loading local AutoRest extension '@autorest/bicep' (/home/runner/work/bicep-types-az/bicep-types-az/src/autorest.bicep)
VERBOSE [7.98 s]: > Including extension configuration file 'file:///home/runner/work/bicep-types-az/bicep-types-az/src/autorest.bicep/README.md'
VERBOSE [7.98 s]: > Including configuration file 'file:///home/runner/work/bicep-types-az/bicep-types-az/src/autorest.bicep/README.md'
INFORMATION: > Loading AutoRest extension '@autorest/modelerfour' (https://tinyurl.com/yhlkz69y->4.20.0-ci.b8e3f92c0)
VERBOSE [8.63 s]: > Including extension configuration file 'file:///home/runner/.autorest/@autorest_modelerfour@4.20.0-ci.b8e3f92c0/node_modules/@autorest/modelerfour/readme.md'
VERBOSE [8.63 s]: > Including configuration file 'file:///home/runner/.autorest/@autorest_modelerfour@4.20.0-ci.b8e3f92c0/node_modules/@autorest/modelerfour/readme.md'
DEBUG [8.91 s]: swagger-document/loader-swagger - START inputs = 0
DEBUG [8.91 s]: openapi-document/loader-openapi - START inputs = 0
DEBUG [8.91 s]: pipeline-emitter - START inputs = 0
DEBUG [8.91 s]: configuration-emitter - START inputs = 0
DEBUG [8.91 s]: pipeline-emitter - END [0.03 s][160 MB]
DEBUG [8.91 s]: configuration-emitter - END [0.03 s][160 MB]
VERBOSE [8.92 s]: Reading OpenAPI 2.0 file file:///home/runner/work/bicep-types-az/bicep-types-az/workflow-temp/azure-rest-api-specs/specification/advisor/resource-manager/Microsoft.Advisor/stable/2017-04-19/advisor.json
DEBUG [8.92 s]: openapi-document/loader-openapi - END [0.03 s][163 MB]
DEBUG [8.95 s]: openapi-document/individual/transform - SKIPPING
DEBUG [8.95 s]: openapi-document/individual/schema-validator-openapi - SKIPPING
DEBUG [8.95 s]: openapi-document/individual/identity - SKIPPING
DEBUG [8.97 s]: swagger-document/loader-swagger - END [0.09 s][170 MB]
DEBUG [8.97 s]: swagger-document/individual/transform - START inputs = 1
DEBUG [9.02 s]: swagger-document/individual/transform - END [0.05 s][170 MB]
DEBUG [9.02 s]: swagger-document/individual/schema-validator-swagger - START inputs = 1
DEBUG [9.03 s]: swagger-document/individual/schema-validator-swagger - END [0 s][171 MB]
DEBUG [9.03 s]: swagger-document/identity - START inputs = 1
DEBUG [9.03 s]: swagger-document/individual/identity - START inputs = 1
DEBUG [9.03 s]: swagger-document/identity - END [0 s][171 MB]
DEBUG [9.03 s]: swagger-document/individual/identity - END [0 s][171 MB]
DEBUG [9.03 s]: openapi-document/openapi-document-converter - START inputs = 1
DEBUG [9.05 s]: openapi-document/openapi-document-converter - END [0.02 s][169 MB]
DEBUG [9.05 s]: openapi-document/transform - START inputs = 1
DEBUG [9.05 s]: openapi-document/transform - END [0 s][172 MB]
DEBUG [9.06 s]: openapi-document/semantic-validator - START inputs = 1
WARNING: Semantic validation was skipped.
DEBUG [9.06 s]: openapi-document/semantic-validator - END [0 s][172 MB]
DEBUG [9.06 s]: openapi-document/allof-cleaner - START inputs = 1
DEBUG [9.06 s]: openapi-document/allof-cleaner - END [0 s][172 MB]
DEBUG [9.06 s]: openapi-document/tree-shaker - START inputs = 1
DEBUG [9.1 s]: openapi-document/tree-shaker - END [0.03 s][177 MB]
DEBUG [9.1 s]: openapi-document/multi-api-merger - START inputs = 1
DEBUG [9.15 s]: openapi-document/multi-api-merger - END [0.05 s][180 MB]
DEBUG [9.15 s]: openapi-document/components-cleaner - START inputs = 1
DEBUG [9.22 s]: openapi-document/components-cleaner - END [0.06 s][194 MB]
DEBUG [9.22 s]: openapi-document/component-modifiers - START inputs = 1
DEBUG [9.23 s]: openapi-document/component-modifiers - END [0 s][190 MB]
DEBUG [9.23 s]: openapi-document/api-version-parameter-handler - START inputs = 1
DEBUG [9.23 s]: openapi-document/api-version-parameter-handler - END [0 s][190 MB]
DEBUG [9.23 s]: openapi-document/profile-filter - START inputs = 1
DEBUG [9.23 s]: openapi-document/profile-filter - END [0 s][190 MB]
DEBUG [9.23 s]: openapi-document/model-deduplicator - START inputs = 1
DEBUG [9.23 s]: openapi-document/emitter - START inputs = 1
DEBUG [9.23 s]: openapi-document/model-deduplicator - END [0 s][190 MB]
DEBUG [9.23 s]: openapi-document/emitter - END [0 s][190 MB]
DEBUG [9.23 s]: openapi-document/enum-deduplicator - START inputs = 1
DEBUG [9.32 s]: openapi-document/enum-deduplicator - END [0.08 s][201 MB]
DEBUG [9.32 s]: openapi-document/subset-reducer - START inputs = 1
DEBUG [9.32 s]: openapi-document/subset-reducer - END [0 s][201 MB]
DEBUG [9.32 s]: openapi-document/quick-check - START inputs = 1
DEBUG [9.32 s]: openapi-document/multi-api/reset-identity - START inputs = 1
DEBUG [9.34 s]: openapi-document/quick-check - END [0.01 s][196 MB]
DEBUG [9.34 s]: openapi-document/multi-api/reset-identity - END [0.01 s][196 MB]
DEBUG [9.34 s]: openapi-document/multi-api/identity - START inputs = 1
DEBUG [9.34 s]: openapi-document/multi-api/identity - END [0 s][196 MB]
DEBUG [9.34 s]: openapi-document/multi-api/emitter - START inputs = 1
DEBUG [9.34 s]: prechecker - START inputs = 1
DEBUG [9.34 s]: openapi-document/multi-api/emitter - END [0 s][196 MB]

WARNING (PreCheck/SchemaMissingType): The schema 'Resource' with an undefined type and declared properties is a bit ambiguous. This has been auto-corrected to 'type:object'

WARNING (PreCheck/CheckDuplicateSchemas): Checking for duplicate schemas, this could take a (long) while.  Run with --verbose for more detail.
VERBOSE [9.35 s]: Found and removed 0 duplicate schema
DEBUG [9.37 s]: prechecker - END [0.03 s][198 MB]
DEBUG [9.37 s]: modelerfour - START inputs = 2
VERBOSE [9.39 s]:   ModelerFour/api-version-mode:client
VERBOSE [9.39 s]:   ModelerFour/api-version-parameter:constant
VERBOSE [9.39 s]:   ModelerFour/use-model-namespace:false

WARNING (UnkownSecurityScheme): Security scheme azure_auth is unknown and will not be processed. Only supported types are AADToken,AzureKey,Anonymous
DEBUG [9.47 s]: modelerfour - END [0.09 s][200 MB]
DEBUG [9.47 s]: modelerfour/new-transform - START inputs = 2
DEBUG [9.47 s]: modelerfour/new-transform - END [0 s][200 MB]
DEBUG [9.47 s]: modelerfour/flattener - START inputs = 2
DEBUG [9.51 s]: modelerfour/flattener - END [0.03 s][202 MB]
DEBUG [9.51 s]: modelerfour/flattener/new-transform - START inputs = 2
DEBUG [9.51 s]: modelerfour/flattener/new-transform - END [0 s][202 MB]
DEBUG [9.51 s]: modelerfour/grouper - START inputs = 2
DEBUG [9.54 s]: modelerfour/grouper - END [0.03 s][204 MB]
DEBUG [9.54 s]: modelerfour/grouper/new-transform - START inputs = 2
DEBUG [9.55 s]: modelerfour/grouper/new-transform - END [0 s][204 MB]
DEBUG [9.55 s]: modelerfour/pre-namer - START inputs = 2
DEBUG [9.59 s]: modelerfour/pre-namer - END [0.04 s][206 MB]
DEBUG [9.59 s]: modelerfour/pre-namer/new-transform - START inputs = 2
DEBUG [9.6 s]: modelerfour/pre-namer/new-transform - END [0 s][206 MB]
DEBUG [9.6 s]: modelerfour/checker - START inputs = 4
DEBUG [9.63 s]: modelerfour/checker - END [0.03 s][207 MB]
DEBUG [9.63 s]: modelerfour/identity - START inputs = 2
DEBUG [9.63 s]: modelerfour/identity - END [0 s][207 MB]
DEBUG [9.63 s]: bicep - START inputs = 2
DEBUG [9.63 s]: modelerfour/emitter - START inputs = 2
DEBUG [9.64 s]: modelerfour/notags/emitter - START inputs = 2
DEBUG [9.64 s]: modelerfour/emitter - END [0 s][207 MB]
DEBUG [9.64 s]: modelerfour/notags/emitter - END [0 s][207 MB]
WARNING: Skipping path '/subscriptions/{subscriptionId}/providers/Microsoft.Advisor/configurations': Found mismatch between type segments (1) and name segments (0)
WARNING: Skipping path '/subscriptions/{subscriptionId}/resourceGroups/{resourceGroup}/providers/Microsoft.Advisor/configurations': Found mismatch between type segments (1) and name segments (0)
INFORMATION: autorest.bicep took 1ms
DEBUG [9.66 s]: bicep - END [0.02 s][209 MB]
DEBUG [9.66 s]: bicep/emitter - START inputs = 2
DEBUG [9.66 s]: Emitting 'bicep-files' at file:///tmp/_bcp_1625795651387/advisor/microsoft.advisor/2017-04-19/types.json
DEBUG [9.66 s]: Emitting 'bicep-files' at file:///tmp/_bcp_1625795651387/advisor/microsoft.advisor/2017-04-19/types.md
DEBUG [9.66 s]: bicep/emitter - END [0 s][209 MB]
Processing batch task - {"tag":"microsoft.advisor-2017-03-31"} .
VERBOSE [9.67 s]: > Including configuration file 'file:///home/runner/work/bicep-types-az/bicep-types-az/workflow-temp/azure-rest-api-specs/specification/advisor/resource-manager/readme.bicep.md'
VERBOSE [9.67 s]: > Initial configuration file 'file:///home/runner/work/bicep-types-az/bicep-types-az/workflow-temp/azure-rest-api-specs/specification/advisor/resource-manager/readme.md'
VERBOSE [9.67 s]: > Including configuration file 'file:///home/runner/work/bicep-types-az/bicep-types-az/workflow-temp/azure-rest-api-specs/specification/advisor/resource-manager/readme.md'
VERBOSE [9.68 s]: > Including configuration file 'file:///home/runner/.autorest/@autorest_core@3.5.0-ci.b8e3f92c0/node_modules/@autorest/core/dist/resources/default-configuration.md'
VERBOSE [9.69 s]: > Including configuration file 'file:///home/runner/.autorest/@autorest_core@3.5.0-ci.b8e3f92c0/node_modules/@autorest/core/dist/resources/inspect.md'
VERBOSE [9.69 s]: > Including configuration file 'file:///home/runner/.autorest/@autorest_core@3.5.0-ci.b8e3f92c0/node_modules/@autorest/core/dist/resources/directives.md'
VERBOSE [9.7 s]: > Including configuration file 'file:///home/runner/.autorest/@autorest_core@3.5.0-ci.b8e3f92c0/node_modules/@autorest/core/dist/resources/pipeline.md'
VERBOSE [9.71 s]: > Including configuration file 'file:///home/runner/.autorest/@autorest_core@3.5.0-ci.b8e3f92c0/node_modules/@autorest/core/dist/resources/loader-openapi.md'
VERBOSE [9.73 s]: > Including configuration file 'file:///home/runner/.autorest/@autorest_core@3.5.0-ci.b8e3f92c0/node_modules/@autorest/core/dist/resources/miscellaneous.md'
VERBOSE [9.74 s]: > Including configuration file 'file:///home/runner/.autorest/@autorest_core@3.5.0-ci.b8e3f92c0/node_modules/@autorest/core/dist/resources/plugin-powershell.md'
VERBOSE [9.75 s]: > Including configuration file 'file:///home/runner/.autorest/@autorest_core@3.5.0-ci.b8e3f92c0/node_modules/@autorest/core/dist/resources/plugin-azureresourceschema.md'
VERBOSE [9.76 s]: > Including configuration file 'file:///home/runner/.autorest/@autorest_core@3.5.0-ci.b8e3f92c0/node_modules/@autorest/core/dist/resources/plugin-csharp.md'
VERBOSE [9.78 s]: > Including configuration file 'file:///home/runner/.autorest/@autorest_core@3.5.0-ci.b8e3f92c0/node_modules/@autorest/core/dist/resources/plugin-go.md'
VERBOSE [9.79 s]: > Including configuration file 'file:///home/runner/.autorest/@autorest_core@3.5.0-ci.b8e3f92c0/node_modules/@autorest/core/dist/resources/plugin-java.md'
VERBOSE [9.8 s]: > Including configuration file 'file:///home/runner/.autorest/@autorest_core@3.5.0-ci.b8e3f92c0/node_modules/@autorest/core/dist/resources/plugin-nodejs.md'
VERBOSE [9.82 s]: > Including configuration file 'file:///home/runner/.autorest/@autorest_core@3.5.0-ci.b8e3f92c0/node_modules/@autorest/core/dist/resources/plugin-php.md'
VERBOSE [9.83 s]: > Including configuration file 'file:///home/runner/.autorest/@autorest_core@3.5.0-ci.b8e3f92c0/node_modules/@autorest/core/dist/resources/plugin-python.md'
VERBOSE [9.85 s]: > Including configuration file 'file:///home/runner/.autorest/@autorest_core@3.5.0-ci.b8e3f92c0/node_modules/@autorest/core/dist/resources/plugin-ruby.md'
VERBOSE [9.86 s]: > Including configuration file 'file:///home/runner/.autorest/@autorest_core@3.5.0-ci.b8e3f92c0/node_modules/@autorest/core/dist/resources/plugin-typescript.md'
VERBOSE [9.88 s]: > Including configuration file 'file:///home/runner/.autorest/@autorest_core@3.5.0-ci.b8e3f92c0/node_modules/@autorest/core/dist/resources/plugin-validators.md'
VERBOSE [9.9 s]: > Including configuration file 'file:///home/runner/.autorest/@autorest_core@3.5.0-ci.b8e3f92c0/node_modules/@autorest/core/dist/resources/plugin-az.md'
VERBOSE [9.92 s]: > Including configuration file 'file:///home/runner/.autorest/@autorest_core@3.5.0-ci.b8e3f92c0/node_modules/@autorest/core/dist/resources/plugin-terraform.md'
VERBOSE [9.94 s]: > Including configuration file 'file:///home/runner/.autorest/@autorest_core@3.5.0-ci.b8e3f92c0/node_modules/@autorest/core/dist/resources/plugin-azure-functions.md'
VERBOSE [9.96 s]: > Including configuration file 'file:///home/runner/.autorest/@autorest_core@3.5.0-ci.b8e3f92c0/node_modules/@autorest/core/dist/resources/graphs.md'
VERBOSE [9.98 s]: > Including configuration file 'file:///home/runner/.autorest/@autorest_core@3.5.0-ci.b8e3f92c0/node_modules/@autorest/core/dist/resources/help-configuration.md'
INFORMATION: > Loading local AutoRest extension '@autorest/bicep' (/home/runner/work/bicep-types-az/bicep-types-az/src/autorest.bicep)
VERBOSE [10.04 s]: > Including extension configuration file 'file:///home/runner/work/bicep-types-az/bicep-types-az/src/autorest.bicep/README.md'
VERBOSE [10.04 s]: > Including configuration file 'file:///home/runner/work/bicep-types-az/bicep-types-az/src/autorest.bicep/README.md'
INFORMATION: > Loading AutoRest extension '@autorest/modelerfour' (https://tinyurl.com/yhlkz69y->4.20.0-ci.b8e3f92c0)
VERBOSE [10.61 s]: > Including extension configuration file 'file:///home/runner/.autorest/@autorest_modelerfour@4.20.0-ci.b8e3f92c0/node_modules/@autorest/modelerfour/readme.md'
VERBOSE [10.61 s]: > Including configuration file 'file:///home/runner/.autorest/@autorest_modelerfour@4.20.0-ci.b8e3f92c0/node_modules/@autorest/modelerfour/readme.md'
DEBUG [10.87 s]: swagger-document/loader-swagger - START inputs = 0
DEBUG [10.87 s]: openapi-document/loader-openapi - START inputs = 0
DEBUG [10.87 s]: pipeline-emitter - START inputs = 0
DEBUG [10.87 s]: configuration-emitter - START inputs = 0
DEBUG [10.87 s]: pipeline-emitter - END [0.02 s][228 MB]
DEBUG [10.87 s]: configuration-emitter - END [0.02 s][228 MB]
VERBOSE [10.88 s]: Reading OpenAPI 2.0 file file:///home/runner/work/bicep-types-az/bicep-types-az/workflow-temp/azure-rest-api-specs/specification/advisor/resource-manager/Microsoft.Advisor/stable/2017-03-31/advisor.json
DEBUG [10.88 s]: openapi-document/loader-openapi - END [0.03 s][230 MB]
DEBUG [10.89 s]: openapi-document/individual/transform - SKIPPING
DEBUG [10.89 s]: openapi-document/individual/schema-validator-openapi - SKIPPING
DEBUG [10.89 s]: openapi-document/individual/identity - SKIPPING
DEBUG [10.9 s]: swagger-document/loader-swagger - END [0.05 s][242 MB]
DEBUG [10.91 s]: swagger-document/individual/transform - START inputs = 1
DEBUG [10.93 s]: swagger-document/individual/transform - END [0.02 s][224 MB]
DEBUG [10.93 s]: swagger-document/individual/schema-validator-swagger - START inputs = 1
DEBUG [10.94 s]: swagger-document/individual/schema-validator-swagger - END [0 s][225 MB]
DEBUG [10.94 s]: swagger-document/identity - START inputs = 1
DEBUG [10.94 s]: swagger-document/individual/identity - START inputs = 1
DEBUG [10.94 s]: swagger-document/identity - END [0 s][225 MB]
DEBUG [10.94 s]: swagger-document/individual/identity - END [0 s][225 MB]
DEBUG [10.94 s]: openapi-document/openapi-document-converter - START inputs = 1
DEBUG [10.95 s]: openapi-document/openapi-document-converter - END [0.01 s][231 MB]
DEBUG [10.95 s]: openapi-document/transform - START inputs = 1
DEBUG [10.95 s]: openapi-document/transform - END [0 s][232 MB]
DEBUG [10.96 s]: openapi-document/semantic-validator - START inputs = 1
WARNING: Semantic validation was skipped.
DEBUG [10.96 s]: openapi-document/semantic-validator - END [0 s][222 MB]
DEBUG [10.96 s]: openapi-document/allof-cleaner - START inputs = 1
DEBUG [10.96 s]: openapi-document/allof-cleaner - END [0 s][222 MB]
DEBUG [10.96 s]: openapi-document/tree-shaker - START inputs = 1
DEBUG [10.98 s]: openapi-document/tree-shaker - END [0.01 s][232 MB]
DEBUG [10.98 s]: openapi-document/multi-api-merger - START inputs = 1
DEBUG [11.01 s]: openapi-document/multi-api-merger - END [0.03 s][235 MB]
DEBUG [11.01 s]: openapi-document/components-cleaner - START inputs = 1
DEBUG [11.05 s]: openapi-document/components-cleaner - END [0.04 s][234 MB]
DEBUG [11.05 s]: openapi-document/component-modifiers - START inputs = 1
DEBUG [11.06 s]: openapi-document/component-modifiers - END [0 s][238 MB]
DEBUG [11.06 s]: openapi-document/api-version-parameter-handler - START inputs = 1
DEBUG [11.06 s]: openapi-document/api-version-parameter-handler - END [0 s][238 MB]
DEBUG [11.06 s]: openapi-document/profile-filter - START inputs = 1
DEBUG [11.06 s]: openapi-document/profile-filter - END [0 s][238 MB]
DEBUG [11.06 s]: openapi-document/model-deduplicator - START inputs = 1
DEBUG [11.06 s]: openapi-document/emitter - START inputs = 1
DEBUG [11.06 s]: openapi-document/model-deduplicator - END [0 s][238 MB]
DEBUG [11.06 s]: openapi-document/emitter - END [0 s][238 MB]
DEBUG [11.06 s]: openapi-document/enum-deduplicator - START inputs = 1
DEBUG [11.11 s]: openapi-document/enum-deduplicator - END [0.04 s][242 MB]
DEBUG [11.11 s]: openapi-document/subset-reducer - START inputs = 1
DEBUG [11.11 s]: openapi-document/subset-reducer - END [0 s][242 MB]
DEBUG [11.11 s]: openapi-document/quick-check - START inputs = 1
DEBUG [11.11 s]: openapi-document/multi-api/reset-identity - START inputs = 1
DEBUG [11.12 s]: openapi-document/quick-check - END [0 s][246 MB]
DEBUG [11.12 s]: openapi-document/multi-api/reset-identity - END [0 s][246 MB]
DEBUG [11.12 s]: openapi-document/multi-api/identity - START inputs = 1
DEBUG [11.12 s]: openapi-document/multi-api/identity - END [0 s][246 MB]
DEBUG [11.12 s]: openapi-document/multi-api/emitter - START inputs = 1
DEBUG [11.12 s]: prechecker - START inputs = 1
DEBUG [11.12 s]: openapi-document/multi-api/emitter - END [0 s][246 MB]

WARNING (PreCheck/SchemaMissingType): The schema 'Resource' with an undefined type and declared properties is a bit ambiguous. This has been auto-corrected to 'type:object'

WARNING (PreCheck/CheckDuplicateSchemas): Checking for duplicate schemas, this could take a (long) while.  Run with --verbose for more detail.
VERBOSE [11.13 s]: Found and removed 0 duplicate schema
DEBUG [11.14 s]: prechecker - END [0.02 s][248 MB]
DEBUG [11.14 s]: modelerfour - START inputs = 2
VERBOSE [11.16 s]:   ModelerFour/api-version-mode:client
VERBOSE [11.16 s]:   ModelerFour/api-version-parameter:constant
VERBOSE [11.16 s]:   ModelerFour/use-model-namespace:false

WARNING (UnkownSecurityScheme): Security scheme azure_auth is unknown and will not be processed. Only supported types are AADToken,AzureKey,Anonymous
DEBUG [11.2 s]: modelerfour - END [0.06 s][239 MB]
DEBUG [11.2 s]: modelerfour/new-transform - START inputs = 2
DEBUG [11.21 s]: modelerfour/new-transform - END [0 s][239 MB]
DEBUG [11.21 s]: modelerfour/flattener - START inputs = 2
DEBUG [11.23 s]: modelerfour/flattener - END [0.02 s][240 MB]
DEBUG [11.23 s]: modelerfour/flattener/new-transform - START inputs = 2
DEBUG [11.23 s]: modelerfour/flattener/new-transform - END [0 s][240 MB]
DEBUG [11.24 s]: modelerfour/grouper - START inputs = 2
DEBUG [11.26 s]: modelerfour/grouper - END [0.02 s][242 MB]
DEBUG [11.26 s]: modelerfour/grouper/new-transform - START inputs = 2
DEBUG [11.26 s]: modelerfour/grouper/new-transform - END [0 s][242 MB]
DEBUG [11.26 s]: modelerfour/pre-namer - START inputs = 2
DEBUG [11.29 s]: modelerfour/pre-namer - END [0.03 s][243 MB]
DEBUG [11.29 s]: modelerfour/pre-namer/new-transform - START inputs = 2
DEBUG [11.29 s]: modelerfour/pre-namer/new-transform - END [0 s][243 MB]
DEBUG [11.29 s]: modelerfour/checker - START inputs = 4
DEBUG [11.31 s]: modelerfour/checker - END [0.02 s][244 MB]
DEBUG [11.32 s]: modelerfour/identity - START inputs = 2
DEBUG [11.32 s]: modelerfour/identity - END [0 s][244 MB]
DEBUG [11.32 s]: bicep - START inputs = 2
DEBUG [11.32 s]: modelerfour/emitter - START inputs = 2
DEBUG [11.32 s]: modelerfour/notags/emitter - START inputs = 2
DEBUG [11.32 s]: modelerfour/emitter - END [0 s][245 MB]
DEBUG [11.32 s]: modelerfour/notags/emitter - END [0 s][245 MB]
INFORMATION: autorest.bicep took 0ms
DEBUG [11.33 s]: bicep - END [0.01 s][245 MB]
DEBUG [11.33 s]: bicep/emitter - START inputs = 2
DEBUG [11.33 s]: Emitting 'bicep-files' at file:///tmp/_bcp_1625795651387/advisor/microsoft.advisor/2017-03-31/types.json
DEBUG [11.33 s]: Emitting 'bicep-files' at file:///tmp/_bcp_1625795651387/advisor/microsoft.advisor/2017-03-31/types.md
DEBUG [11.33 s]: bicep/emitter - END [0 s][245 MB]
Processing batch task - {"tag":"microsoft.advisor-2016-07-12-preview"} .
VERBOSE [11.34 s]: > Including configuration file 'file:///home/runner/work/bicep-types-az/bicep-types-az/workflow-temp/azure-rest-api-specs/specification/advisor/resource-manager/readme.bicep.md'
VERBOSE [11.34 s]: > Initial configuration file 'file:///home/runner/work/bicep-types-az/bicep-types-az/workflow-temp/azure-rest-api-specs/specification/advisor/resource-manager/readme.md'
VERBOSE [11.34 s]: > Including configuration file 'file:///home/runner/work/bicep-types-az/bicep-types-az/workflow-temp/azure-rest-api-specs/specification/advisor/resource-manager/readme.md'
VERBOSE [11.35 s]: > Including configuration file 'file:///home/runner/.autorest/@autorest_core@3.5.0-ci.b8e3f92c0/node_modules/@autorest/core/dist/resources/default-configuration.md'
VERBOSE [11.42 s]: > Including configuration file 'file:///home/runner/.autorest/@autorest_core@3.5.0-ci.b8e3f92c0/node_modules/@autorest/core/dist/resources/inspect.md'
VERBOSE [11.45 s]: > Including configuration file 'file:///home/runner/.autorest/@autorest_core@3.5.0-ci.b8e3f92c0/node_modules/@autorest/core/dist/resources/directives.md'
VERBOSE [11.47 s]: > Including configuration file 'file:///home/runner/.autorest/@autorest_core@3.5.0-ci.b8e3f92c0/node_modules/@autorest/core/dist/resources/pipeline.md'
VERBOSE [11.48 s]: > Including configuration file 'file:///home/runner/.autorest/@autorest_core@3.5.0-ci.b8e3f92c0/node_modules/@autorest/core/dist/resources/loader-openapi.md'
VERBOSE [11.49 s]: > Including configuration file 'file:///home/runner/.autorest/@autorest_core@3.5.0-ci.b8e3f92c0/node_modules/@autorest/core/dist/resources/miscellaneous.md'
VERBOSE [11.51 s]: > Including configuration file 'file:///home/runner/.autorest/@autorest_core@3.5.0-ci.b8e3f92c0/node_modules/@autorest/core/dist/resources/plugin-powershell.md'
VERBOSE [11.52 s]: > Including configuration file 'file:///home/runner/.autorest/@autorest_core@3.5.0-ci.b8e3f92c0/node_modules/@autorest/core/dist/resources/plugin-azureresourceschema.md'
VERBOSE [11.53 s]: > Including configuration file 'file:///home/runner/.autorest/@autorest_core@3.5.0-ci.b8e3f92c0/node_modules/@autorest/core/dist/resources/plugin-csharp.md'
VERBOSE [11.54 s]: > Including configuration file 'file:///home/runner/.autorest/@autorest_core@3.5.0-ci.b8e3f92c0/node_modules/@autorest/core/dist/resources/plugin-go.md'
VERBOSE [11.56 s]: > Including configuration file 'file:///home/runner/.autorest/@autorest_core@3.5.0-ci.b8e3f92c0/node_modules/@autorest/core/dist/resources/plugin-java.md'
VERBOSE [11.57 s]: > Including configuration file 'file:///home/runner/.autorest/@autorest_core@3.5.0-ci.b8e3f92c0/node_modules/@autorest/core/dist/resources/plugin-nodejs.md'
VERBOSE [11.58 s]: > Including configuration file 'file:///home/runner/.autorest/@autorest_core@3.5.0-ci.b8e3f92c0/node_modules/@autorest/core/dist/resources/plugin-php.md'
VERBOSE [11.6 s]: > Including configuration file 'file:///home/runner/.autorest/@autorest_core@3.5.0-ci.b8e3f92c0/node_modules/@autorest/core/dist/resources/plugin-python.md'
VERBOSE [11.62 s]: > Including configuration file 'file:///home/runner/.autorest/@autorest_core@3.5.0-ci.b8e3f92c0/node_modules/@autorest/core/dist/resources/plugin-ruby.md'
VERBOSE [11.63 s]: > Including configuration file 'file:///home/runner/.autorest/@autorest_core@3.5.0-ci.b8e3f92c0/node_modules/@autorest/core/dist/resources/plugin-typescript.md'
VERBOSE [11.65 s]: > Including configuration file 'file:///home/runner/.autorest/@autorest_core@3.5.0-ci.b8e3f92c0/node_modules/@autorest/core/dist/resources/plugin-validators.md'
VERBOSE [11.67 s]: > Including configuration file 'file:///home/runner/.autorest/@autorest_core@3.5.0-ci.b8e3f92c0/node_modules/@autorest/core/dist/resources/plugin-az.md'
VERBOSE [11.69 s]: > Including configuration file 'file:///home/runner/.autorest/@autorest_core@3.5.0-ci.b8e3f92c0/node_modules/@autorest/core/dist/resources/plugin-terraform.md'
VERBOSE [11.71 s]: > Including configuration file 'file:///home/runner/.autorest/@autorest_core@3.5.0-ci.b8e3f92c0/node_modules/@autorest/core/dist/resources/plugin-azure-functions.md'
VERBOSE [11.73 s]: > Including configuration file 'file:///home/runner/.autorest/@autorest_core@3.5.0-ci.b8e3f92c0/node_modules/@autorest/core/dist/resources/graphs.md'
VERBOSE [11.76 s]: > Including configuration file 'file:///home/runner/.autorest/@autorest_core@3.5.0-ci.b8e3f92c0/node_modules/@autorest/core/dist/resources/help-configuration.md'
INFORMATION: > Loading local AutoRest extension '@autorest/bicep' (/home/runner/work/bicep-types-az/bicep-types-az/src/autorest.bicep)
VERBOSE [11.82 s]: > Including extension configuration file 'file:///home/runner/work/bicep-types-az/bicep-types-az/src/autorest.bicep/README.md'
VERBOSE [11.82 s]: > Including configuration file 'file:///home/runner/work/bicep-types-az/bicep-types-az/src/autorest.bicep/README.md'
INFORMATION: > Loading AutoRest extension '@autorest/modelerfour' (https://tinyurl.com/yhlkz69y->4.20.0-ci.b8e3f92c0)
VERBOSE [12.37 s]: > Including extension configuration file 'file:///home/runner/.autorest/@autorest_modelerfour@4.20.0-ci.b8e3f92c0/node_modules/@autorest/modelerfour/readme.md'
VERBOSE [12.38 s]: > Including configuration file 'file:///home/runner/.autorest/@autorest_modelerfour@4.20.0-ci.b8e3f92c0/node_modules/@autorest/modelerfour/readme.md'
DEBUG [12.65 s]: swagger-document/loader-swagger - START inputs = 0
DEBUG [12.65 s]: openapi-document/loader-openapi - START inputs = 0
DEBUG [12.65 s]: pipeline-emitter - START inputs = 0
DEBUG [12.65 s]: configuration-emitter - START inputs = 0
DEBUG [12.65 s]: pipeline-emitter - END [0.03 s][136 MB]
DEBUG [12.65 s]: configuration-emitter - END [0.03 s][136 MB]
VERBOSE [12.66 s]: Reading OpenAPI 2.0 file file:///home/runner/work/bicep-types-az/bicep-types-az/workflow-temp/azure-rest-api-specs/specification/advisor/resource-manager/Microsoft.Advisor/preview/2016-07-12-preview/advisor.json
DEBUG [12.66 s]: openapi-document/loader-openapi - END [0.03 s][139 MB]
DEBUG [12.67 s]: openapi-document/individual/transform - SKIPPING
DEBUG [12.68 s]: openapi-document/individual/schema-validator-openapi - SKIPPING
DEBUG [12.68 s]: openapi-document/individual/identity - SKIPPING
DEBUG [12.69 s]: swagger-document/loader-swagger - END [0.06 s][151 MB]
DEBUG [12.69 s]: swagger-document/individual/transform - START inputs = 1
DEBUG [12.71 s]: swagger-document/individual/transform - END [0.02 s][142 MB]
DEBUG [12.72 s]: swagger-document/individual/schema-validator-swagger - START inputs = 1
DEBUG [12.72 s]: swagger-document/individual/schema-validator-swagger - END [0 s][142 MB]
DEBUG [12.72 s]: swagger-document/identity - START inputs = 1
DEBUG [12.72 s]: swagger-document/individual/identity - START inputs = 1
DEBUG [12.72 s]: swagger-document/identity - END [0 s][142 MB]
DEBUG [12.72 s]: swagger-document/individual/identity - END [0 s][142 MB]
DEBUG [12.72 s]: openapi-document/openapi-document-converter - START inputs = 1
DEBUG [12.73 s]: openapi-document/openapi-document-converter - END [0.01 s][148 MB]
DEBUG [12.74 s]: openapi-document/transform - START inputs = 1
DEBUG [12.74 s]: openapi-document/transform - END [0 s][140 MB]
DEBUG [12.74 s]: openapi-document/semantic-validator - START inputs = 1
WARNING: Semantic validation was skipped.
DEBUG [12.74 s]: openapi-document/semantic-validator - END [0 s][140 MB]
DEBUG [12.74 s]: openapi-document/allof-cleaner - START inputs = 1
DEBUG [12.74 s]: openapi-document/allof-cleaner - END [0 s][141 MB]
DEBUG [12.74 s]: openapi-document/tree-shaker - START inputs = 1
DEBUG [12.76 s]: openapi-document/tree-shaker - END [0.02 s][151 MB]
DEBUG [12.76 s]: openapi-document/multi-api-merger - START inputs = 1
DEBUG [12.79 s]: openapi-document/multi-api-merger - END [0.03 s][155 MB]
DEBUG [12.8 s]: openapi-document/components-cleaner - START inputs = 1
DEBUG [12.84 s]: openapi-document/components-cleaner - END [0.03 s][155 MB]
DEBUG [12.84 s]: openapi-document/component-modifiers - START inputs = 1
DEBUG [12.84 s]: openapi-document/component-modifiers - END [0 s][159 MB]
DEBUG [12.84 s]: openapi-document/api-version-parameter-handler - START inputs = 1
DEBUG [12.84 s]: openapi-document/api-version-parameter-handler - END [0 s][159 MB]
DEBUG [12.84 s]: openapi-document/profile-filter - START inputs = 1
DEBUG [12.84 s]: openapi-document/profile-filter - END [0 s][159 MB]
DEBUG [12.84 s]: openapi-document/model-deduplicator - START inputs = 1
DEBUG [12.84 s]: openapi-document/emitter - START inputs = 1
DEBUG [12.84 s]: openapi-document/model-deduplicator - END [0 s][159 MB]
DEBUG [12.84 s]: openapi-document/emitter - END [0 s][159 MB]
DEBUG [12.84 s]: openapi-document/enum-deduplicator - START inputs = 1
DEBUG [12.89 s]: openapi-document/enum-deduplicator - END [0.04 s][163 MB]
DEBUG [12.89 s]: openapi-document/subset-reducer - START inputs = 1
DEBUG [12.89 s]: openapi-document/subset-reducer - END [0 s][163 MB]
DEBUG [12.89 s]: openapi-document/quick-check - START inputs = 1
DEBUG [12.89 s]: openapi-document/multi-api/reset-identity - START inputs = 1
DEBUG [12.9 s]: openapi-document/quick-check - END [0.01 s][167 MB]
DEBUG [12.9 s]: openapi-document/multi-api/reset-identity - END [0.01 s][167 MB]
DEBUG [12.91 s]: openapi-document/multi-api/identity - START inputs = 1
DEBUG [12.91 s]: openapi-document/multi-api/identity - END [0 s][156 MB]
DEBUG [12.91 s]: openapi-document/multi-api/emitter - START inputs = 1
DEBUG [12.91 s]: prechecker - START inputs = 1
DEBUG [12.91 s]: openapi-document/multi-api/emitter - END [0 s][156 MB]

WARNING (PreCheck/SchemaMissingType): The schema 'Resource' with an undefined type and declared properties is a bit ambiguous. This has been auto-corrected to 'type:object'

WARNING (PreCheck/CheckDuplicateSchemas): Checking for duplicate schemas, this could take a (long) while.  Run with --verbose for more detail.
VERBOSE [12.92 s]: Found and removed 0 duplicate schema
DEBUG [12.93 s]: prechecker - END [0.02 s][157 MB]
DEBUG [12.93 s]: modelerfour - START inputs = 2
VERBOSE [12.95 s]:   ModelerFour/api-version-mode:client
VERBOSE [12.95 s]:   ModelerFour/api-version-parameter:constant
VERBOSE [12.95 s]:   ModelerFour/use-model-namespace:false

WARNING (UnkownSecurityScheme): Security scheme azure_auth is unknown and will not be processed. Only supported types are AADToken,AzureKey,Anonymous
DEBUG [12.99 s]: modelerfour - END [0.05 s][159 MB]
DEBUG [12.99 s]: modelerfour/new-transform - START inputs = 2
DEBUG [12.99 s]: modelerfour/new-transform - END [0 s][159 MB]
DEBUG [12.99 s]: modelerfour/flattener - START inputs = 2
DEBUG [13.02 s]: modelerfour/flattener - END [0.02 s][160 MB]
DEBUG [13.02 s]: modelerfour/flattener/new-transform - START inputs = 2
DEBUG [13.02 s]: modelerfour/flattener/new-transform - END [0 s][160 MB]
DEBUG [13.02 s]: modelerfour/grouper - START inputs = 2
DEBUG [13.04 s]: modelerfour/grouper - END [0.02 s][161 MB]
DEBUG [13.04 s]: modelerfour/grouper/new-transform - START inputs = 2
DEBUG [13.04 s]: modelerfour/grouper/new-transform - END [0 s][161 MB]
DEBUG [13.04 s]: modelerfour/pre-namer - START inputs = 2
DEBUG [13.07 s]: modelerfour/pre-namer - END [0.02 s][162 MB]
DEBUG [13.07 s]: modelerfour/pre-namer/new-transform - START inputs = 2
DEBUG [13.07 s]: modelerfour/pre-namer/new-transform - END [0 s][162 MB]
DEBUG [13.07 s]: modelerfour/checker - START inputs = 4
DEBUG [13.1 s]: modelerfour/checker - END [0.02 s][164 MB]
DEBUG [13.1 s]: modelerfour/identity - START inputs = 2
DEBUG [13.1 s]: modelerfour/identity - END [0 s][164 MB]
DEBUG [13.1 s]: bicep - START inputs = 2
DEBUG [13.1 s]: modelerfour/emitter - START inputs = 2
DEBUG [13.1 s]: modelerfour/notags/emitter - START inputs = 2
DEBUG [13.1 s]: modelerfour/emitter - END [0 s][164 MB]
DEBUG [13.1 s]: modelerfour/notags/emitter - END [0 s][164 MB]
INFORMATION: autorest.bicep took 1ms
DEBUG [13.14 s]: bicep - END [0.04 s][164 MB]
DEBUG [13.14 s]: bicep/emitter - START inputs = 2
DEBUG [13.14 s]: Emitting 'bicep-files' at file:///tmp/_bcp_1625795651387/advisor/microsoft.advisor/2016-07-12-preview/types.json
DEBUG [13.14 s]: Emitting 'bicep-files' at file:///tmp/_bcp_1625795651387/advisor/microsoft.advisor/2016-07-12-preview/types.md
DEBUG [13.14 s]: bicep/emitter - END [0 s][164 MB]
[13.15 s] Clearing Folders.
[13.15 s] Writing Outputs.
[13.15 s] Generation Complete
[13.15 s] Shutting Down.
[13.15 s] Exiting.
