Generating types for 'specification/windowsiot/resource-manager/Microsoft.WindowsIoT/WindowsIotServices/readme.md'
AutoRest code generation utility [cli version: 3.8.0; node: v22.22.2]
(C) 2018 Microsoft Corporation.
https://aka.ms/autorest
⚠️ AutoRest is deprecated and will be retired on July 1, 2026. Please migrate to TypeSpec: https://typespec.io — details: https://github.com/Azure/autorest/issues/5175
warning | SkippedSemanticValidation | Semantic validation was skipped.
warning | PreCheck/SchemaMissingType | The schema 'Resource' with an undefined type and declared properties is a bit ambiguous. This has been auto-corrected to 'type:object'
    - file:///home/runner/work/bicep-types-az/bicep-types-az/workflow-temp/azure-rest-api-specs/specification/windowsiot/resource-manager/Microsoft.WindowsIoT/WindowsIotServices/stable/2019-06-01/WindowsIotServices.json:465:5
warning | PreCheck/SchemaMissingType | The schema 'TrackedResource' with an undefined type and declared properties is a bit ambiguous. This has been auto-corrected to 'type:object'
    - file:///home/runner/work/bicep-types-az/bicep-types-az/workflow-temp/azure-rest-api-specs/specification/windowsiot/resource-manager/Microsoft.WindowsIoT/WindowsIotServices/stable/2019-06-01/WindowsIotServices.json:486:5
warning | PreCheck/SchemaMissingType | The schema 'ProxyResource' with an undefined type and 'allOf'/'anyOf'/'oneOf' is a bit ambiguous. This has been auto-corrected to 'type:object'
    - file:///home/runner/work/bicep-types-az/bicep-types-az/workflow-temp/azure-rest-api-specs/specification/windowsiot/resource-manager/Microsoft.WindowsIoT/WindowsIotServices/stable/2019-06-01/WindowsIotServices.json:516:5
warning | PreCheck/SchemaMissingType | The schema 'OperationListResult' with an undefined type and declared properties is a bit ambiguous. This has been auto-corrected to 'type:object'
    - file:///home/runner/work/bicep-types-az/bicep-types-az/workflow-temp/azure-rest-api-specs/specification/windowsiot/resource-manager/Microsoft.WindowsIoT/WindowsIotServices/stable/2019-06-01/WindowsIotServices.json:524:5
warning | PreCheck/SchemaMissingType | The schema 'ErrorDetails' with an undefined type and declared properties is a bit ambiguous. This has been auto-corrected to 'type:object'
    - file:///home/runner/work/bicep-types-az/bicep-types-az/workflow-temp/azure-rest-api-specs/specification/windowsiot/resource-manager/Microsoft.WindowsIoT/WindowsIotServices/stable/2019-06-01/WindowsIotServices.json:586:5
warning | PreCheck/CheckDuplicateSchemas | Checking for duplicate schemas, this could take a (long) while.  Run with --verbose for more detail.
warning | SkippedSemanticValidation | Semantic validation was skipped.
warning | PreCheck/SchemaMissingType | The schema 'Resource' with an undefined type and declared properties is a bit ambiguous. This has been auto-corrected to 'type:object'
    - file:///home/runner/work/bicep-types-az/bicep-types-az/workflow-temp/azure-rest-api-specs/specification/windowsiot/resource-manager/Microsoft.WindowsIoT/WindowsIotServices/preview/2018-02-16-preview/WindowsIotServices.json:454:5
warning | PreCheck/SchemaMissingType | The schema 'TrackedResource' with an undefined type and declared properties is a bit ambiguous. This has been auto-corrected to 'type:object'
    - file:///home/runner/work/bicep-types-az/bicep-types-az/workflow-temp/azure-rest-api-specs/specification/windowsiot/resource-manager/Microsoft.WindowsIoT/WindowsIotServices/preview/2018-02-16-preview/WindowsIotServices.json:475:5
warning | PreCheck/SchemaMissingType | The schema 'ProxyResource' with an undefined type and 'allOf'/'anyOf'/'oneOf' is a bit ambiguous. This has been auto-corrected to 'type:object'
    - file:///home/runner/work/bicep-types-az/bicep-types-az/workflow-temp/azure-rest-api-specs/specification/windowsiot/resource-manager/Microsoft.WindowsIoT/WindowsIotServices/preview/2018-02-16-preview/WindowsIotServices.json:505:5
warning | PreCheck/SchemaMissingType | The schema 'OperationListResult' with an undefined type and declared properties is a bit ambiguous. This has been auto-corrected to 'type:object'
    - file:///home/runner/work/bicep-types-az/bicep-types-az/workflow-temp/azure-rest-api-specs/specification/windowsiot/resource-manager/Microsoft.WindowsIoT/WindowsIotServices/preview/2018-02-16-preview/WindowsIotServices.json:513:5
warning | PreCheck/SchemaMissingType | The schema 'ErrorDetails' with an undefined type and declared properties is a bit ambiguous. This has been auto-corrected to 'type:object'
    - file:///home/runner/work/bicep-types-az/bicep-types-az/workflow-temp/azure-rest-api-specs/specification/windowsiot/resource-manager/Microsoft.WindowsIoT/WindowsIotServices/preview/2018-02-16-preview/WindowsIotServices.json:567:5
warning | PreCheck/CheckDuplicateSchemas | Checking for duplicate schemas, this could take a (long) while.  Run with --verbose for more detail.
