AutoRest code generation utility [cli version: 3.4.2; node: v14.18.1]
(C) 2018 Microsoft Corporation.
https://aka.ms/autorest
info    |    Loading AutoRest core      '/home/runner/work/bicep-types-az/bicep-types-az/src/generator/node_modules/@autorest/core/dist' (3.6.6)
info    |    Loading local AutoRest extension '@autorest/bicep' (/home/runner/work/bicep-types-az/bicep-types-az/src/autorest.bicep)
info    |    Loading AutoRest extension '@autorest/modelerfour' (*->4.22.0)
info    | Processing batch task - {"tag":"microsoft.network-2018-09-01"} .
info    |    Loading local AutoRest extension '@autorest/bicep' (/home/runner/work/bicep-types-az/bicep-types-az/src/autorest.bicep)
info    |    Loading AutoRest extension '@autorest/modelerfour' (*->4.22.0)
warning | SkippedSemanticValidation | Semantic validation was skipped.
warning | PreCheck/SchemaMissingType | The schema 'PrivateZoneProperties' with an undefined type and declared properties is a bit ambiguous. This has been auto-corrected to 'type:object'
    - openapi-document.json:31:4
warning | PreCheck/SchemaMissingType | The schema 'PrivateZone' with an undefined type and declared properties is a bit ambiguous. This has been auto-corrected to 'type:object'
    - openapi-document.json:202:4
warning | PreCheck/SchemaMissingType | The schema 'PrivateZoneListResult' with an undefined type and declared properties is a bit ambiguous. This has been auto-corrected to 'type:object'
    - openapi-document.json:251:4
warning | PreCheck/SchemaMissingType | The schema 'VirtualNetworkLinkProperties' with an undefined type and declared properties is a bit ambiguous. This has been auto-corrected to 'type:object'
    - openapi-document.json:316:4
warning | PreCheck/SchemaMissingType | The schema 'VirtualNetworkLink' with an undefined type and declared properties is a bit ambiguous. This has been auto-corrected to 'type:object'
    - openapi-document.json:360:4
warning | PreCheck/SchemaMissingType | The schema 'VirtualNetworkLinkListResult' with an undefined type and declared properties is a bit ambiguous. This has been auto-corrected to 'type:object'
    - openapi-document.json:409:4
warning | PreCheck/SchemaMissingType | The schema 'ARecord' with an undefined type and declared properties is a bit ambiguous. This has been auto-corrected to 'type:object'
    - openapi-document.json:474:4
warning | PreCheck/SchemaMissingType | The schema 'AaaaRecord' with an undefined type and declared properties is a bit ambiguous. This has been auto-corrected to 'type:object'
    - openapi-document.json:513:4
warning | PreCheck/SchemaMissingType | The schema 'CnameRecord' with an undefined type and declared properties is a bit ambiguous. This has been auto-corrected to 'type:object'
    - openapi-document.json:552:4
warning | PreCheck/SchemaMissingType | The schema 'MxRecord' with an undefined type and declared properties is a bit ambiguous. This has been auto-corrected to 'type:object'
    - openapi-document.json:591:4
warning | PreCheck/SchemaMissingType | The schema 'PtrRecord' with an undefined type and declared properties is a bit ambiguous. This has been auto-corrected to 'type:object'
    - openapi-document.json:652:4
warning | PreCheck/SchemaMissingType | The schema 'SoaRecord' with an undefined type and declared properties is a bit ambiguous. This has been auto-corrected to 'type:object'
    - openapi-document.json:691:4
warning | PreCheck/SchemaMissingType | The schema 'SrvRecord' with an undefined type and declared properties is a bit ambiguous. This has been auto-corrected to 'type:object'
    - openapi-document.json:861:4
warning | PreCheck/SchemaMissingType | The schema 'TxtRecord' with an undefined type and declared properties is a bit ambiguous. This has been auto-corrected to 'type:object'
    - openapi-document.json:966:4
warning | PreCheck/SchemaMissingType | The schema 'RecordSetProperties' with an undefined type and declared properties is a bit ambiguous. This has been auto-corrected to 'type:object'
    - openapi-document.json:1024:4
warning | PreCheck/SchemaMissingType | The schema 'RecordSet' with an undefined type and declared properties is a bit ambiguous. This has been auto-corrected to 'type:object'
    - openapi-document.json:1287:4
warning | PreCheck/SchemaMissingType | The schema 'RecordSetListResult' with an undefined type and declared properties is a bit ambiguous. This has been auto-corrected to 'type:object'
    - openapi-document.json:1405:4
warning | PreCheck/SchemaMissingType | The schema 'Resource' with an undefined type and declared properties is a bit ambiguous. This has been auto-corrected to 'type:object'
    - openapi-document.json:1470:4
warning | PreCheck/SchemaMissingType | The schema 'TrackedResource' with an undefined type and declared properties is a bit ambiguous. This has been auto-corrected to 'type:object'
    - openapi-document.json:1558:4
warning | PreCheck/SchemaMissingType | The schema 'ProxyResource' with an undefined type and 'allOf'/'anyOf'/'oneOf' is a bit ambiguous. This has been auto-corrected to 'type:object'
    - openapi-document.json:1663:4
warning | PreCheck/SchemaMissingType | The schema 'SubResource' with an undefined type and declared properties is a bit ambiguous. This has been auto-corrected to 'type:object'
    - openapi-document.json:1684:4
warning | PreCheck/CheckDuplicateSchemas | Checking for duplicate schemas, this could take a (long) while.  Run with --verbose for more detail.
warning | PreCheck/PropertyRedeclarationWarning | Schema 'RecordSet' has a property 'id' that is already declared the parent schema 'Resource' but isn't significantly different. The property has been removed from RecordSet
warning | PreCheck/PropertyRedeclarationWarning | Schema 'RecordSet' has a property 'name' that is already declared the parent schema 'Resource' but isn't significantly different. The property has been removed from RecordSet
warning | PreCheck/PropertyRedeclarationWarning | Schema 'RecordSet' has a property 'type' that is already declared the parent schema 'Resource' but isn't significantly different. The property has been removed from RecordSet
info    | autorest.bicep took 10ms
info    | Processing batch task - {"tag":"microsoft.network-2020-01-01"} .
info    |    Loading local AutoRest extension '@autorest/bicep' (/home/runner/work/bicep-types-az/bicep-types-az/src/autorest.bicep)
info    |    Loading AutoRest extension '@autorest/modelerfour' (*->4.22.0)
warning | SkippedSemanticValidation | Semantic validation was skipped.
warning | PreCheck/SchemaMissingType | The schema 'PrivateZoneProperties' with an undefined type and declared properties is a bit ambiguous. This has been auto-corrected to 'type:object'
    - openapi-document.json:31:4
warning | PreCheck/SchemaMissingType | The schema 'PrivateZone' with an undefined type and declared properties is a bit ambiguous. This has been auto-corrected to 'type:object'
    - openapi-document.json:225:4
warning | PreCheck/SchemaMissingType | The schema 'PrivateZoneListResult' with an undefined type and declared properties is a bit ambiguous. This has been auto-corrected to 'type:object'
    - openapi-document.json:274:4
warning | PreCheck/SchemaMissingType | The schema 'VirtualNetworkLinkProperties' with an undefined type and declared properties is a bit ambiguous. This has been auto-corrected to 'type:object'
    - openapi-document.json:339:4
warning | PreCheck/SchemaMissingType | The schema 'VirtualNetworkLink' with an undefined type and declared properties is a bit ambiguous. This has been auto-corrected to 'type:object'
    - openapi-document.json:383:4
warning | PreCheck/SchemaMissingType | The schema 'VirtualNetworkLinkListResult' with an undefined type and declared properties is a bit ambiguous. This has been auto-corrected to 'type:object'
    - openapi-document.json:432:4
warning | PreCheck/SchemaMissingType | The schema 'ARecord' with an undefined type and declared properties is a bit ambiguous. This has been auto-corrected to 'type:object'
    - openapi-document.json:497:4
warning | PreCheck/SchemaMissingType | The schema 'AaaaRecord' with an undefined type and declared properties is a bit ambiguous. This has been auto-corrected to 'type:object'
    - openapi-document.json:536:4
warning | PreCheck/SchemaMissingType | The schema 'CnameRecord' with an undefined type and declared properties is a bit ambiguous. This has been auto-corrected to 'type:object'
    - openapi-document.json:575:4
warning | PreCheck/SchemaMissingType | The schema 'MxRecord' with an undefined type and declared properties is a bit ambiguous. This has been auto-corrected to 'type:object'
    - openapi-document.json:614:4
warning | PreCheck/SchemaMissingType | The schema 'PtrRecord' with an undefined type and declared properties is a bit ambiguous. This has been auto-corrected to 'type:object'
    - openapi-document.json:675:4
warning | PreCheck/SchemaMissingType | The schema 'SoaRecord' with an undefined type and declared properties is a bit ambiguous. This has been auto-corrected to 'type:object'
    - openapi-document.json:714:4
warning | PreCheck/SchemaMissingType | The schema 'SrvRecord' with an undefined type and declared properties is a bit ambiguous. This has been auto-corrected to 'type:object'
    - openapi-document.json:884:4
warning | PreCheck/SchemaMissingType | The schema 'TxtRecord' with an undefined type and declared properties is a bit ambiguous. This has been auto-corrected to 'type:object'
    - openapi-document.json:989:4
warning | PreCheck/SchemaMissingType | The schema 'RecordSetProperties' with an undefined type and declared properties is a bit ambiguous. This has been auto-corrected to 'type:object'
    - openapi-document.json:1047:4
warning | PreCheck/SchemaMissingType | The schema 'RecordSet' with an undefined type and declared properties is a bit ambiguous. This has been auto-corrected to 'type:object'
    - openapi-document.json:1310:4
warning | PreCheck/SchemaMissingType | The schema 'RecordSetListResult' with an undefined type and declared properties is a bit ambiguous. This has been auto-corrected to 'type:object'
    - openapi-document.json:1428:4
warning | PreCheck/SchemaMissingType | The schema 'Resource' with an undefined type and declared properties is a bit ambiguous. This has been auto-corrected to 'type:object'
    - openapi-document.json:1493:4
warning | PreCheck/SchemaMissingType | The schema 'TrackedResource' with an undefined type and declared properties is a bit ambiguous. This has been auto-corrected to 'type:object'
    - openapi-document.json:1581:4
warning | PreCheck/SchemaMissingType | The schema 'ProxyResource' with an undefined type and 'allOf'/'anyOf'/'oneOf' is a bit ambiguous. This has been auto-corrected to 'type:object'
    - openapi-document.json:1686:4
warning | PreCheck/SchemaMissingType | The schema 'SubResource' with an undefined type and declared properties is a bit ambiguous. This has been auto-corrected to 'type:object'
    - openapi-document.json:1707:4
warning | PreCheck/CheckDuplicateSchemas | Checking for duplicate schemas, this could take a (long) while.  Run with --verbose for more detail.
warning | PreCheck/PropertyRedeclarationWarning | Schema 'RecordSet' has a property 'id' that is already declared the parent schema 'Resource' but isn't significantly different. The property has been removed from RecordSet
warning | PreCheck/PropertyRedeclarationWarning | Schema 'RecordSet' has a property 'name' that is already declared the parent schema 'Resource' but isn't significantly different. The property has been removed from RecordSet
warning | PreCheck/PropertyRedeclarationWarning | Schema 'RecordSet' has a property 'type' that is already declared the parent schema 'Resource' but isn't significantly different. The property has been removed from RecordSet
info    | autorest.bicep took 4ms
info    | Processing batch task - {"tag":"microsoft.network-2020-06-01"} .
info    |    Loading local AutoRest extension '@autorest/bicep' (/home/runner/work/bicep-types-az/bicep-types-az/src/autorest.bicep)
info    |    Loading AutoRest extension '@autorest/modelerfour' (*->4.22.0)
warning | SkippedSemanticValidation | Semantic validation was skipped.
warning | PreCheck/SchemaMissingType | The schema 'PrivateZoneProperties' with an undefined type and declared properties is a bit ambiguous. This has been auto-corrected to 'type:object'
    - openapi-document.json:31:4
warning | PreCheck/SchemaMissingType | The schema 'PrivateZone' with an undefined type and declared properties is a bit ambiguous. This has been auto-corrected to 'type:object'
    - openapi-document.json:225:4
warning | PreCheck/SchemaMissingType | The schema 'PrivateZoneListResult' with an undefined type and declared properties is a bit ambiguous. This has been auto-corrected to 'type:object'
    - openapi-document.json:274:4
warning | PreCheck/SchemaMissingType | The schema 'VirtualNetworkLinkProperties' with an undefined type and declared properties is a bit ambiguous. This has been auto-corrected to 'type:object'
    - openapi-document.json:339:4
warning | PreCheck/SchemaMissingType | The schema 'VirtualNetworkLink' with an undefined type and declared properties is a bit ambiguous. This has been auto-corrected to 'type:object'
    - openapi-document.json:383:4
warning | PreCheck/SchemaMissingType | The schema 'VirtualNetworkLinkListResult' with an undefined type and declared properties is a bit ambiguous. This has been auto-corrected to 'type:object'
    - openapi-document.json:432:4
warning | PreCheck/SchemaMissingType | The schema 'ARecord' with an undefined type and declared properties is a bit ambiguous. This has been auto-corrected to 'type:object'
    - openapi-document.json:497:4
warning | PreCheck/SchemaMissingType | The schema 'AaaaRecord' with an undefined type and declared properties is a bit ambiguous. This has been auto-corrected to 'type:object'
    - openapi-document.json:536:4
warning | PreCheck/SchemaMissingType | The schema 'CnameRecord' with an undefined type and declared properties is a bit ambiguous. This has been auto-corrected to 'type:object'
    - openapi-document.json:575:4
warning | PreCheck/SchemaMissingType | The schema 'MxRecord' with an undefined type and declared properties is a bit ambiguous. This has been auto-corrected to 'type:object'
    - openapi-document.json:614:4
warning | PreCheck/SchemaMissingType | The schema 'PtrRecord' with an undefined type and declared properties is a bit ambiguous. This has been auto-corrected to 'type:object'
    - openapi-document.json:675:4
warning | PreCheck/SchemaMissingType | The schema 'SoaRecord' with an undefined type and declared properties is a bit ambiguous. This has been auto-corrected to 'type:object'
    - openapi-document.json:714:4
warning | PreCheck/SchemaMissingType | The schema 'SrvRecord' with an undefined type and declared properties is a bit ambiguous. This has been auto-corrected to 'type:object'
    - openapi-document.json:884:4
warning | PreCheck/SchemaMissingType | The schema 'TxtRecord' with an undefined type and declared properties is a bit ambiguous. This has been auto-corrected to 'type:object'
    - openapi-document.json:989:4
warning | PreCheck/SchemaMissingType | The schema 'RecordSetProperties' with an undefined type and declared properties is a bit ambiguous. This has been auto-corrected to 'type:object'
    - openapi-document.json:1047:4
warning | PreCheck/SchemaMissingType | The schema 'RecordSet' with an undefined type and declared properties is a bit ambiguous. This has been auto-corrected to 'type:object'
    - openapi-document.json:1310:4
warning | PreCheck/SchemaMissingType | The schema 'RecordSetListResult' with an undefined type and declared properties is a bit ambiguous. This has been auto-corrected to 'type:object'
    - openapi-document.json:1428:4
warning | PreCheck/SchemaMissingType | The schema 'Resource' with an undefined type and declared properties is a bit ambiguous. This has been auto-corrected to 'type:object'
    - openapi-document.json:1493:4
warning | PreCheck/SchemaMissingType | The schema 'TrackedResource' with an undefined type and declared properties is a bit ambiguous. This has been auto-corrected to 'type:object'
    - openapi-document.json:1581:4
warning | PreCheck/SchemaMissingType | The schema 'ProxyResource' with an undefined type and 'allOf'/'anyOf'/'oneOf' is a bit ambiguous. This has been auto-corrected to 'type:object'
    - openapi-document.json:1686:4
warning | PreCheck/SchemaMissingType | The schema 'SubResource' with an undefined type and declared properties is a bit ambiguous. This has been auto-corrected to 'type:object'
    - openapi-document.json:1707:4
warning | PreCheck/CheckDuplicateSchemas | Checking for duplicate schemas, this could take a (long) while.  Run with --verbose for more detail.
warning | PreCheck/PropertyRedeclarationWarning | Schema 'RecordSet' has a property 'id' that is already declared the parent schema 'Resource' but isn't significantly different. The property has been removed from RecordSet
warning | PreCheck/PropertyRedeclarationWarning | Schema 'RecordSet' has a property 'name' that is already declared the parent schema 'Resource' but isn't significantly different. The property has been removed from RecordSet
warning | PreCheck/PropertyRedeclarationWarning | Schema 'RecordSet' has a property 'type' that is already declared the parent schema 'Resource' but isn't significantly different. The property has been removed from RecordSet
info    | autorest.bicep took 3ms
info    | Generation Complete
