Executing: autorest --use=/home/runner/work/bicep-types-az/bicep-types-az/src/autorest.bicep --bicep --output-folder=/tmp/_bcp_1625795651387/purview --multiapi --title=none --skip-semantics-validation /home/runner/work/bicep-types-az/bicep-types-az/workflow-temp/azure-rest-api-specs/specification/purview/resource-manager/readme.md --debug --verbose
AutoRest code generation utility [cli version: 3.2.1; node: v14.17.1, max-memory: 4096 MB]
(C) 2018 Microsoft Corporation.
https://aka.ms/autorest
No configuration found at 'file:///home/runner/work/bicep-types-az/bicep-types-az/src/generator/src/cmd/'.
> Including configuration file 'file:///home/runner/work/bicep-types-az/bicep-types-az/src/generator/node_modules/autorest/dist/resources/default-configuration.md'
> Including configuration file 'file:///home/runner/work/bicep-types-az/bicep-types-az/src/generator/node_modules/autorest/dist/resources/inspect.md'
> Including configuration file 'file:///home/runner/work/bicep-types-az/bicep-types-az/src/generator/node_modules/autorest/dist/resources/directives.md'
> Including configuration file 'file:///home/runner/work/bicep-types-az/bicep-types-az/src/generator/node_modules/autorest/dist/resources/pipeline.md'
> Including configuration file 'file:///home/runner/work/bicep-types-az/bicep-types-az/src/generator/node_modules/autorest/dist/resources/loader-openapi.md'
> Including configuration file 'file:///home/runner/work/bicep-types-az/bicep-types-az/src/generator/node_modules/autorest/dist/resources/miscellaneous.md'
> Including configuration file 'file:///home/runner/work/bicep-types-az/bicep-types-az/src/generator/node_modules/autorest/dist/resources/plugin-powershell.md'
> Including configuration file 'file:///home/runner/work/bicep-types-az/bicep-types-az/src/generator/node_modules/autorest/dist/resources/plugin-azureresourceschema.md'
> Including configuration file 'file:///home/runner/work/bicep-types-az/bicep-types-az/src/generator/node_modules/autorest/dist/resources/plugin-csharp.md'
> Including configuration file 'file:///home/runner/work/bicep-types-az/bicep-types-az/src/generator/node_modules/autorest/dist/resources/plugin-go.md'
> Including configuration file 'file:///home/runner/work/bicep-types-az/bicep-types-az/src/generator/node_modules/autorest/dist/resources/plugin-java.md'
> Including configuration file 'file:///home/runner/work/bicep-types-az/bicep-types-az/src/generator/node_modules/autorest/dist/resources/plugin-nodejs.md'
> Including configuration file 'file:///home/runner/work/bicep-types-az/bicep-types-az/src/generator/node_modules/autorest/dist/resources/plugin-php.md'
> Including configuration file 'file:///home/runner/work/bicep-types-az/bicep-types-az/src/generator/node_modules/autorest/dist/resources/plugin-python.md'
> Including configuration file 'file:///home/runner/work/bicep-types-az/bicep-types-az/src/generator/node_modules/autorest/dist/resources/plugin-ruby.md'
> Including configuration file 'file:///home/runner/work/bicep-types-az/bicep-types-az/src/generator/node_modules/autorest/dist/resources/plugin-typescript.md'
> Including configuration file 'file:///home/runner/work/bicep-types-az/bicep-types-az/src/generator/node_modules/autorest/dist/resources/plugin-validators.md'
> Including configuration file 'file:///home/runner/work/bicep-types-az/bicep-types-az/src/generator/node_modules/autorest/dist/resources/plugin-az.md'
> Including configuration file 'file:///home/runner/work/bicep-types-az/bicep-types-az/src/generator/node_modules/autorest/dist/resources/plugin-terraform.md'
> Including configuration file 'file:///home/runner/work/bicep-types-az/bicep-types-az/src/generator/node_modules/autorest/dist/resources/plugin-azure-functions.md'
> Including configuration file 'file:///home/runner/work/bicep-types-az/bicep-types-az/src/generator/node_modules/autorest/dist/resources/graphs.md'
> Including configuration file 'file:///home/runner/work/bicep-types-az/bicep-types-az/src/generator/node_modules/autorest/dist/resources/help-configuration.md'
> Loading local AutoRest extension '@autorest/bicep' (/home/runner/work/bicep-types-az/bicep-types-az/src/autorest.bicep)
> Including extension configuration file 'file:///home/runner/work/bicep-types-az/bicep-types-az/src/autorest.bicep/README.md'
> Including configuration file 'file:///home/runner/work/bicep-types-az/bicep-types-az/src/autorest.bicep/README.md'
> Loading AutoRest extension '@autorest/modelerfour' (https://tinyurl.com/yhlkz69y->4.20.0-ci.b8e3f92c0)
> Including extension configuration file 'file:///home/runner/.autorest/@autorest_modelerfour@4.20.0-ci.b8e3f92c0/node_modules/@autorest/modelerfour/readme.md'
> Including configuration file 'file:///home/runner/.autorest/@autorest_modelerfour@4.20.0-ci.b8e3f92c0/node_modules/@autorest/modelerfour/readme.md'
NOTE: AutoRest core version selected from configuration: https://tinyurl.com/yfjyy27f.
Network Enabled: true

There is a new version of AutoRest available (3.2.3).
 > You can install the newer version with with npm install -g autorest@latest

Starting @autorest/core from /home/runner/.autorest/@autorest_core@3.5.0-ci.b8e3f92c0/node_modules/@autorest/core
   Loading AutoRest core      '/home/runner/.autorest/@autorest_core@3.5.0-ci.b8e3f92c0/node_modules/@autorest/core/dist' (3.5.0-ci.b8e3f92c0)
VERBOSE [0.7 s]: > Including configuration file 'file:///home/runner/work/bicep-types-az/bicep-types-az/workflow-temp/azure-rest-api-specs/specification/purview/resource-manager/readme.bicep.md'
VERBOSE [0.71 s]: > Initial configuration file 'file:///home/runner/work/bicep-types-az/bicep-types-az/workflow-temp/azure-rest-api-specs/specification/purview/resource-manager/readme.md'
VERBOSE [0.71 s]: > Including configuration file 'file:///home/runner/work/bicep-types-az/bicep-types-az/workflow-temp/azure-rest-api-specs/specification/purview/resource-manager/readme.md'
VERBOSE [0.72 s]: > Including configuration file 'file:///home/runner/.autorest/@autorest_core@3.5.0-ci.b8e3f92c0/node_modules/@autorest/core/dist/resources/default-configuration.md'
VERBOSE [0.74 s]: > Including configuration file 'file:///home/runner/.autorest/@autorest_core@3.5.0-ci.b8e3f92c0/node_modules/@autorest/core/dist/resources/inspect.md'
VERBOSE [0.75 s]: > Including configuration file 'file:///home/runner/.autorest/@autorest_core@3.5.0-ci.b8e3f92c0/node_modules/@autorest/core/dist/resources/directives.md'
VERBOSE [0.76 s]: > Including configuration file 'file:///home/runner/.autorest/@autorest_core@3.5.0-ci.b8e3f92c0/node_modules/@autorest/core/dist/resources/pipeline.md'
VERBOSE [0.78 s]: > Including configuration file 'file:///home/runner/.autorest/@autorest_core@3.5.0-ci.b8e3f92c0/node_modules/@autorest/core/dist/resources/loader-openapi.md'
VERBOSE [0.8 s]: > Including configuration file 'file:///home/runner/.autorest/@autorest_core@3.5.0-ci.b8e3f92c0/node_modules/@autorest/core/dist/resources/miscellaneous.md'
VERBOSE [0.82 s]: > Including configuration file 'file:///home/runner/.autorest/@autorest_core@3.5.0-ci.b8e3f92c0/node_modules/@autorest/core/dist/resources/plugin-powershell.md'
VERBOSE [0.84 s]: > Including configuration file 'file:///home/runner/.autorest/@autorest_core@3.5.0-ci.b8e3f92c0/node_modules/@autorest/core/dist/resources/plugin-azureresourceschema.md'
VERBOSE [0.85 s]: > Including configuration file 'file:///home/runner/.autorest/@autorest_core@3.5.0-ci.b8e3f92c0/node_modules/@autorest/core/dist/resources/plugin-csharp.md'
VERBOSE [0.88 s]: > Including configuration file 'file:///home/runner/.autorest/@autorest_core@3.5.0-ci.b8e3f92c0/node_modules/@autorest/core/dist/resources/plugin-go.md'
VERBOSE [0.9 s]: > Including configuration file 'file:///home/runner/.autorest/@autorest_core@3.5.0-ci.b8e3f92c0/node_modules/@autorest/core/dist/resources/plugin-java.md'
VERBOSE [0.91 s]: > Including configuration file 'file:///home/runner/.autorest/@autorest_core@3.5.0-ci.b8e3f92c0/node_modules/@autorest/core/dist/resources/plugin-nodejs.md'
VERBOSE [0.93 s]: > Including configuration file 'file:///home/runner/.autorest/@autorest_core@3.5.0-ci.b8e3f92c0/node_modules/@autorest/core/dist/resources/plugin-php.md'
VERBOSE [0.95 s]: > Including configuration file 'file:///home/runner/.autorest/@autorest_core@3.5.0-ci.b8e3f92c0/node_modules/@autorest/core/dist/resources/plugin-python.md'
VERBOSE [0.97 s]: > Including configuration file 'file:///home/runner/.autorest/@autorest_core@3.5.0-ci.b8e3f92c0/node_modules/@autorest/core/dist/resources/plugin-ruby.md'
VERBOSE [0.99 s]: > Including configuration file 'file:///home/runner/.autorest/@autorest_core@3.5.0-ci.b8e3f92c0/node_modules/@autorest/core/dist/resources/plugin-typescript.md'
VERBOSE [1.01 s]: > Including configuration file 'file:///home/runner/.autorest/@autorest_core@3.5.0-ci.b8e3f92c0/node_modules/@autorest/core/dist/resources/plugin-validators.md'
VERBOSE [1.03 s]: > Including configuration file 'file:///home/runner/.autorest/@autorest_core@3.5.0-ci.b8e3f92c0/node_modules/@autorest/core/dist/resources/plugin-az.md'
VERBOSE [1.05 s]: > Including configuration file 'file:///home/runner/.autorest/@autorest_core@3.5.0-ci.b8e3f92c0/node_modules/@autorest/core/dist/resources/plugin-terraform.md'
VERBOSE [1.07 s]: > Including configuration file 'file:///home/runner/.autorest/@autorest_core@3.5.0-ci.b8e3f92c0/node_modules/@autorest/core/dist/resources/plugin-azure-functions.md'
VERBOSE [1.09 s]: > Including configuration file 'file:///home/runner/.autorest/@autorest_core@3.5.0-ci.b8e3f92c0/node_modules/@autorest/core/dist/resources/graphs.md'
VERBOSE [1.12 s]: > Including configuration file 'file:///home/runner/.autorest/@autorest_core@3.5.0-ci.b8e3f92c0/node_modules/@autorest/core/dist/resources/help-configuration.md'
INFORMATION: > Loading local AutoRest extension '@autorest/bicep' (/home/runner/work/bicep-types-az/bicep-types-az/src/autorest.bicep)
VERBOSE [1.2 s]: > Including extension configuration file 'file:///home/runner/work/bicep-types-az/bicep-types-az/src/autorest.bicep/README.md'
VERBOSE [1.2 s]: > Including configuration file 'file:///home/runner/work/bicep-types-az/bicep-types-az/src/autorest.bicep/README.md'
INFORMATION: > Loading AutoRest extension '@autorest/modelerfour' (https://tinyurl.com/yhlkz69y->4.20.0-ci.b8e3f92c0)
VERBOSE [1.85 s]: > Including extension configuration file 'file:///home/runner/.autorest/@autorest_modelerfour@4.20.0-ci.b8e3f92c0/node_modules/@autorest/modelerfour/readme.md'
VERBOSE [1.85 s]: > Including configuration file 'file:///home/runner/.autorest/@autorest_modelerfour@4.20.0-ci.b8e3f92c0/node_modules/@autorest/modelerfour/readme.md'
Processing batch task - {"tag":"microsoft.purview-2020-12-01-preview"} .
VERBOSE [2.07 s]: > Including configuration file 'file:///home/runner/work/bicep-types-az/bicep-types-az/workflow-temp/azure-rest-api-specs/specification/purview/resource-manager/readme.bicep.md'
VERBOSE [2.07 s]: > Initial configuration file 'file:///home/runner/work/bicep-types-az/bicep-types-az/workflow-temp/azure-rest-api-specs/specification/purview/resource-manager/readme.md'
VERBOSE [2.07 s]: > Including configuration file 'file:///home/runner/work/bicep-types-az/bicep-types-az/workflow-temp/azure-rest-api-specs/specification/purview/resource-manager/readme.md'
VERBOSE [2.08 s]: > Including configuration file 'file:///home/runner/.autorest/@autorest_core@3.5.0-ci.b8e3f92c0/node_modules/@autorest/core/dist/resources/default-configuration.md'
VERBOSE [2.08 s]: > Including configuration file 'file:///home/runner/.autorest/@autorest_core@3.5.0-ci.b8e3f92c0/node_modules/@autorest/core/dist/resources/inspect.md'
VERBOSE [2.09 s]: > Including configuration file 'file:///home/runner/.autorest/@autorest_core@3.5.0-ci.b8e3f92c0/node_modules/@autorest/core/dist/resources/directives.md'
VERBOSE [2.1 s]: > Including configuration file 'file:///home/runner/.autorest/@autorest_core@3.5.0-ci.b8e3f92c0/node_modules/@autorest/core/dist/resources/pipeline.md'
VERBOSE [2.12 s]: > Including configuration file 'file:///home/runner/.autorest/@autorest_core@3.5.0-ci.b8e3f92c0/node_modules/@autorest/core/dist/resources/loader-openapi.md'
VERBOSE [2.13 s]: > Including configuration file 'file:///home/runner/.autorest/@autorest_core@3.5.0-ci.b8e3f92c0/node_modules/@autorest/core/dist/resources/miscellaneous.md'
VERBOSE [2.14 s]: > Including configuration file 'file:///home/runner/.autorest/@autorest_core@3.5.0-ci.b8e3f92c0/node_modules/@autorest/core/dist/resources/plugin-powershell.md'
VERBOSE [2.15 s]: > Including configuration file 'file:///home/runner/.autorest/@autorest_core@3.5.0-ci.b8e3f92c0/node_modules/@autorest/core/dist/resources/plugin-azureresourceschema.md'
VERBOSE [2.16 s]: > Including configuration file 'file:///home/runner/.autorest/@autorest_core@3.5.0-ci.b8e3f92c0/node_modules/@autorest/core/dist/resources/plugin-csharp.md'
VERBOSE [2.18 s]: > Including configuration file 'file:///home/runner/.autorest/@autorest_core@3.5.0-ci.b8e3f92c0/node_modules/@autorest/core/dist/resources/plugin-go.md'
VERBOSE [2.2 s]: > Including configuration file 'file:///home/runner/.autorest/@autorest_core@3.5.0-ci.b8e3f92c0/node_modules/@autorest/core/dist/resources/plugin-java.md'
VERBOSE [2.21 s]: > Including configuration file 'file:///home/runner/.autorest/@autorest_core@3.5.0-ci.b8e3f92c0/node_modules/@autorest/core/dist/resources/plugin-nodejs.md'
VERBOSE [2.22 s]: > Including configuration file 'file:///home/runner/.autorest/@autorest_core@3.5.0-ci.b8e3f92c0/node_modules/@autorest/core/dist/resources/plugin-php.md'
VERBOSE [2.24 s]: > Including configuration file 'file:///home/runner/.autorest/@autorest_core@3.5.0-ci.b8e3f92c0/node_modules/@autorest/core/dist/resources/plugin-python.md'
VERBOSE [2.25 s]: > Including configuration file 'file:///home/runner/.autorest/@autorest_core@3.5.0-ci.b8e3f92c0/node_modules/@autorest/core/dist/resources/plugin-ruby.md'
VERBOSE [2.27 s]: > Including configuration file 'file:///home/runner/.autorest/@autorest_core@3.5.0-ci.b8e3f92c0/node_modules/@autorest/core/dist/resources/plugin-typescript.md'
VERBOSE [2.29 s]: > Including configuration file 'file:///home/runner/.autorest/@autorest_core@3.5.0-ci.b8e3f92c0/node_modules/@autorest/core/dist/resources/plugin-validators.md'
VERBOSE [2.31 s]: > Including configuration file 'file:///home/runner/.autorest/@autorest_core@3.5.0-ci.b8e3f92c0/node_modules/@autorest/core/dist/resources/plugin-az.md'
VERBOSE [2.33 s]: > Including configuration file 'file:///home/runner/.autorest/@autorest_core@3.5.0-ci.b8e3f92c0/node_modules/@autorest/core/dist/resources/plugin-terraform.md'
VERBOSE [2.35 s]: > Including configuration file 'file:///home/runner/.autorest/@autorest_core@3.5.0-ci.b8e3f92c0/node_modules/@autorest/core/dist/resources/plugin-azure-functions.md'
VERBOSE [2.37 s]: > Including configuration file 'file:///home/runner/.autorest/@autorest_core@3.5.0-ci.b8e3f92c0/node_modules/@autorest/core/dist/resources/graphs.md'
VERBOSE [2.39 s]: > Including configuration file 'file:///home/runner/.autorest/@autorest_core@3.5.0-ci.b8e3f92c0/node_modules/@autorest/core/dist/resources/help-configuration.md'
INFORMATION: > Loading local AutoRest extension '@autorest/bicep' (/home/runner/work/bicep-types-az/bicep-types-az/src/autorest.bicep)
VERBOSE [2.45 s]: > Including extension configuration file 'file:///home/runner/work/bicep-types-az/bicep-types-az/src/autorest.bicep/README.md'
VERBOSE [2.45 s]: > Including configuration file 'file:///home/runner/work/bicep-types-az/bicep-types-az/src/autorest.bicep/README.md'
INFORMATION: > Loading AutoRest extension '@autorest/modelerfour' (https://tinyurl.com/yhlkz69y->4.20.0-ci.b8e3f92c0)
VERBOSE [3.03 s]: > Including extension configuration file 'file:///home/runner/.autorest/@autorest_modelerfour@4.20.0-ci.b8e3f92c0/node_modules/@autorest/modelerfour/readme.md'
VERBOSE [3.03 s]: > Including configuration file 'file:///home/runner/.autorest/@autorest_modelerfour@4.20.0-ci.b8e3f92c0/node_modules/@autorest/modelerfour/readme.md'
DEBUG [3.66 s]: swagger-document/loader-swagger - START inputs = 0
DEBUG [3.66 s]: openapi-document/loader-openapi - START inputs = 0
DEBUG [3.66 s]: pipeline-emitter - START inputs = 0
DEBUG [3.66 s]: configuration-emitter - START inputs = 0
DEBUG [3.66 s]: pipeline-emitter - END [0.06 s][82 MB]
DEBUG [3.66 s]: configuration-emitter - END [0.06 s][82 MB]
VERBOSE [3.7 s]: Reading OpenAPI 2.0 file file:///home/runner/work/bicep-types-az/bicep-types-az/workflow-temp/azure-rest-api-specs/specification/purview/resource-manager/Microsoft.Purview/preview/2020-12-01-preview/purview.json
DEBUG [3.7 s]: openapi-document/loader-openapi - END [0.1 s][89 MB]
DEBUG [3.8 s]: openapi-document/individual/transform - SKIPPING
DEBUG [3.8 s]: openapi-document/individual/schema-validator-openapi - SKIPPING
DEBUG [3.8 s]: openapi-document/individual/identity - SKIPPING
DEBUG [3.86 s]: swagger-document/loader-swagger - END [0.25 s][90 MB]
DEBUG [3.86 s]: swagger-document/individual/transform - START inputs = 1
DEBUG [3.95 s]: swagger-document/individual/transform - END [0.09 s][100 MB]
DEBUG [3.95 s]: swagger-document/individual/schema-validator-swagger - START inputs = 1
DEBUG [4.26 s]: swagger-document/individual/schema-validator-swagger - END [0.3 s][110 MB]
DEBUG [4.26 s]: swagger-document/identity - START inputs = 1
DEBUG [4.26 s]: swagger-document/individual/identity - START inputs = 1
DEBUG [4.26 s]: swagger-document/identity - END [0 s][110 MB]
DEBUG [4.26 s]: swagger-document/individual/identity - END [0 s][110 MB]
DEBUG [4.26 s]: openapi-document/openapi-document-converter - START inputs = 1
DEBUG [4.33 s]: openapi-document/openapi-document-converter - END [0.07 s][106 MB]
DEBUG [4.33 s]: openapi-document/transform - START inputs = 1
DEBUG [4.34 s]: openapi-document/transform - END [0 s][111 MB]
DEBUG [4.34 s]: openapi-document/semantic-validator - START inputs = 1
WARNING: Semantic validation was skipped.
DEBUG [4.34 s]: openapi-document/semantic-validator - END [0 s][111 MB]
DEBUG [4.34 s]: openapi-document/allof-cleaner - START inputs = 1
DEBUG [4.35 s]: openapi-document/allof-cleaner - END [0 s][112 MB]
DEBUG [4.35 s]: openapi-document/tree-shaker - START inputs = 1
DEBUG [4.45 s]: openapi-document/tree-shaker - END [0.1 s][123 MB]
DEBUG [4.45 s]: openapi-document/multi-api-merger - START inputs = 1
DEBUG [4.57 s]: openapi-document/multi-api-merger - END [0.11 s][128 MB]
DEBUG [4.57 s]: openapi-document/components-cleaner - START inputs = 1
DEBUG [4.69 s]: openapi-document/components-cleaner - END [0.11 s][145 MB]
DEBUG [4.7 s]: openapi-document/component-modifiers - START inputs = 1
DEBUG [4.78 s]: openapi-document/component-modifiers - END [0.07 s][82 MB]
DEBUG [4.78 s]: openapi-document/api-version-parameter-handler - START inputs = 1
DEBUG [4.78 s]: openapi-document/api-version-parameter-handler - END [0 s][82 MB]
DEBUG [4.78 s]: openapi-document/profile-filter - START inputs = 1
DEBUG [4.78 s]: openapi-document/profile-filter - END [0 s][82 MB]
DEBUG [4.78 s]: openapi-document/model-deduplicator - START inputs = 1
DEBUG [4.78 s]: openapi-document/emitter - START inputs = 1
DEBUG [4.78 s]: openapi-document/model-deduplicator - END [0 s][82 MB]
DEBUG [4.78 s]: openapi-document/emitter - END [0 s][82 MB]
DEBUG [4.78 s]: openapi-document/enum-deduplicator - START inputs = 1
DEBUG [4.95 s]: openapi-document/enum-deduplicator - END [0.17 s][93 MB]
DEBUG [4.95 s]: openapi-document/subset-reducer - START inputs = 1
DEBUG [4.95 s]: openapi-document/subset-reducer - END [0 s][93 MB]
DEBUG [4.95 s]: openapi-document/quick-check - START inputs = 1
DEBUG [4.95 s]: openapi-document/multi-api/reset-identity - START inputs = 1
DEBUG [4.97 s]: openapi-document/quick-check - END [0.01 s][105 MB]
DEBUG [4.97 s]: openapi-document/multi-api/reset-identity - END [0.01 s][105 MB]
DEBUG [4.98 s]: openapi-document/multi-api/identity - START inputs = 1
DEBUG [4.98 s]: openapi-document/multi-api/identity - END [0 s][94 MB]
DEBUG [4.98 s]: openapi-document/multi-api/emitter - START inputs = 1
DEBUG [4.98 s]: prechecker - START inputs = 1
DEBUG [4.98 s]: openapi-document/multi-api/emitter - END [0 s][95 MB]

WARNING (PreCheck/SchemaMissingType): The schema 'AccountProperties-endpoints' with an undefined type and 'allOf'/'anyOf'/'oneOf' is a bit ambiguous. This has been auto-corrected to 'type:object'

WARNING (PreCheck/SchemaMissingType): The schema 'AccountProperties-managedResources' with an undefined type and 'allOf'/'anyOf'/'oneOf' is a bit ambiguous. This has been auto-corrected to 'type:object'

WARNING (PreCheck/SchemaMissingType): The schema 'AccountProperties-systemData' with an undefined type and 'allOf'/'anyOf'/'oneOf' is a bit ambiguous. This has been auto-corrected to 'type:object'

WARNING (PreCheck/SchemaMissingType): The schema 'ErrorResponseModel-error' with an undefined type and 'allOf'/'anyOf'/'oneOf' is a bit ambiguous. This has been auto-corrected to 'type:object'

WARNING (PreCheck/CheckDuplicateSchemas): Checking for duplicate schemas, this could take a (long) while.  Run with --verbose for more detail.
VERBOSE [5.04 s]: Found and removed 0 duplicate schema
DEBUG [5.31 s]: prechecker - END [0.33 s][98 MB]
DEBUG [5.31 s]: modelerfour - START inputs = 2
VERBOSE [5.37 s]:   ModelerFour/api-version-mode:client
VERBOSE [5.37 s]:   ModelerFour/api-version-parameter:constant
VERBOSE [5.37 s]:   ModelerFour/use-model-namespace:false

WARNING (UnkownSecurityScheme): Security scheme azure_auth is unknown and will not be processed. Only supported types are AADToken,AzureKey,Anonymous
DEBUG [5.56 s]: modelerfour - END [0.25 s][101 MB]
DEBUG [5.56 s]: modelerfour/new-transform - START inputs = 2
DEBUG [5.56 s]: modelerfour/new-transform - END [0 s][101 MB]
DEBUG [5.56 s]: modelerfour/flattener - START inputs = 2
DEBUG [5.68 s]: modelerfour/flattener - END [0.11 s][103 MB]
DEBUG [5.68 s]: modelerfour/flattener/new-transform - START inputs = 2
DEBUG [5.68 s]: modelerfour/flattener/new-transform - END [0 s][103 MB]
DEBUG [5.68 s]: modelerfour/grouper - START inputs = 2
DEBUG [5.76 s]: modelerfour/grouper - END [0.08 s][106 MB]
DEBUG [5.76 s]: modelerfour/grouper/new-transform - START inputs = 2
DEBUG [5.76 s]: modelerfour/grouper/new-transform - END [0 s][106 MB]
DEBUG [5.76 s]: modelerfour/pre-namer - START inputs = 2
DEBUG [5.87 s]: modelerfour/pre-namer - END [0.1 s][109 MB]
DEBUG [5.88 s]: modelerfour/pre-namer/new-transform - START inputs = 2
DEBUG [5.88 s]: modelerfour/pre-namer/new-transform - END [0 s][109 MB]
DEBUG [5.88 s]: modelerfour/checker - START inputs = 4
DEBUG [5.95 s]: modelerfour/checker - END [0.07 s][112 MB]
DEBUG [5.95 s]: modelerfour/identity - START inputs = 2
DEBUG [5.95 s]: modelerfour/identity - END [0 s][112 MB]
DEBUG [5.95 s]: bicep - START inputs = 2
DEBUG [5.95 s]: modelerfour/emitter - START inputs = 2
DEBUG [5.95 s]: modelerfour/notags/emitter - START inputs = 2
DEBUG [5.95 s]: modelerfour/emitter - END [0 s][112 MB]
DEBUG [5.95 s]: modelerfour/notags/emitter - END [0 s][112 MB]
INFORMATION: autorest.bicep took 7ms
DEBUG [6.03 s]: bicep - END [0.08 s][113 MB]
DEBUG [6.03 s]: bicep/emitter - START inputs = 2
DEBUG [6.03 s]: Emitting 'bicep-files' at file:///tmp/_bcp_1625795651387/purview/microsoft.purview/2020-12-01-preview/types.json
DEBUG [6.03 s]: Emitting 'bicep-files' at file:///tmp/_bcp_1625795651387/purview/microsoft.purview/2020-12-01-preview/types.md
DEBUG [6.03 s]: bicep/emitter - END [0 s][113 MB]
[6.03 s] Clearing Folders.
[6.03 s] Writing Outputs.
[6.03 s] Generation Complete
[6.04 s] Shutting Down.
[6.04 s] Exiting.
