Generating types for 'specification/alertsmanagement/resource-manager/Microsoft.AlertsManagement/AlertProcessingRules/readme.md'
AutoRest code generation utility [cli version: 3.7.2; node: v22.21.1]
(C) 2018 Microsoft Corporation.
https://aka.ms/autorest
warning | DeprecatedConfig | Using directive.0.suppress which is deprecated and will be removed in the future.
warning | DeprecatedConfig | Using directive.1.suppress which is deprecated and will be removed in the future.
warning | DeprecatedConfig | Using directive.2.suppress which is deprecated and will be removed in the future.
warning | DeprecatedConfig | Using directive.3.suppress which is deprecated and will be removed in the future.
warning | DeprecatedConfig | Using directive.4.suppress which is deprecated and will be removed in the future.
warning | DeprecatedConfig | Using directive.5.suppress which is deprecated and will be removed in the future.
warning | DeprecatedConfig | Using directive.6.suppress which is deprecated and will be removed in the future.
warning | DeprecatedConfig | Using directive.0.suppress which is deprecated and will be removed in the future.
warning | DeprecatedConfig | Using directive.1.suppress which is deprecated and will be removed in the future.
warning | DeprecatedConfig | Using directive.2.suppress which is deprecated and will be removed in the future.
warning | DeprecatedConfig | Using directive.3.suppress which is deprecated and will be removed in the future.
warning | DeprecatedConfig | Using directive.4.suppress which is deprecated and will be removed in the future.
warning | DeprecatedConfig | Using directive.5.suppress which is deprecated and will be removed in the future.
warning | DeprecatedConfig | Using directive.6.suppress which is deprecated and will be removed in the future.
warning | SkippedSemanticValidation | Semantic validation was skipped.
warning | PreCheck/SchemaMissingType | The schema 'errorResponse' with an undefined type and declared properties is a bit ambiguous. This has been auto-corrected to 'type:object'
    - file:///home/runner/work/bicep-types-az/bicep-types-az/workflow-temp/azure-rest-api-specs/specification/alertsmanagement/resource-manager/Microsoft.AlertsManagement/AlertProcessingRules/stable/2021-08-08/AlertProcessingRules.json:392:5
warning | PreCheck/SchemaMissingType | The schema 'errorResponseBody' with an undefined type and declared properties is a bit ambiguous. This has been auto-corrected to 'type:object'
    - file:///home/runner/work/bicep-types-az/bicep-types-az/workflow-temp/azure-rest-api-specs/specification/alertsmanagement/resource-manager/Microsoft.AlertsManagement/AlertProcessingRules/stable/2021-08-08/AlertProcessingRules.json:400:5
warning | PreCheck/SchemaMissingType | The schema 'Resource' with an undefined type and declared properties is a bit ambiguous. This has been auto-corrected to 'type:object'
    - file:///home/runner/work/bicep-types-az/bicep-types-az/workflow-temp/azure-rest-api-specs/specification/alertsmanagement/resource-manager/Microsoft.AlertsManagement/AlertProcessingRules/stable/2021-08-08/AlertProcessingRules.json:424:5
warning | PreCheck/SchemaMissingType | The schema 'ManagedResource' with an undefined type and declared properties is a bit ambiguous. This has been auto-corrected to 'type:object'
    - file:///home/runner/work/bicep-types-az/bicep-types-az/workflow-temp/azure-rest-api-specs/specification/alertsmanagement/resource-manager/Microsoft.AlertsManagement/AlertProcessingRules/stable/2021-08-08/AlertProcessingRules.json:445:5
warning | PreCheck/SchemaMissingType | The schema 'PatchProperties' with an undefined type and declared properties is a bit ambiguous. This has been auto-corrected to 'type:object'
    - file:///home/runner/work/bicep-types-az/bicep-types-az/workflow-temp/azure-rest-api-specs/specification/alertsmanagement/resource-manager/Microsoft.AlertsManagement/AlertProcessingRules/stable/2021-08-08/AlertProcessingRules.json:797:5
warning | PreCheck/SchemaMissingType | The schema 'PatchObject' with an undefined type and declared properties is a bit ambiguous. This has been auto-corrected to 'type:object'
    - file:///home/runner/work/bicep-types-az/bicep-types-az/workflow-temp/azure-rest-api-specs/specification/alertsmanagement/resource-manager/Microsoft.AlertsManagement/AlertProcessingRules/stable/2021-08-08/AlertProcessingRules.json:806:5
warning | PreCheck/CheckDuplicateSchemas | Checking for duplicate schemas, this could take a (long) while.  Run with --verbose for more detail.
warning | DeprecatedConfig | Using directive.0.suppress which is deprecated and will be removed in the future.
warning | DeprecatedConfig | Using directive.1.suppress which is deprecated and will be removed in the future.
warning | DeprecatedConfig | Using directive.2.suppress which is deprecated and will be removed in the future.
warning | DeprecatedConfig | Using directive.3.suppress which is deprecated and will be removed in the future.
warning | DeprecatedConfig | Using directive.4.suppress which is deprecated and will be removed in the future.
warning | DeprecatedConfig | Using directive.5.suppress which is deprecated and will be removed in the future.
warning | DeprecatedConfig | Using directive.6.suppress which is deprecated and will be removed in the future.
warning | SkippedSemanticValidation | Semantic validation was skipped.
warning | PreCheck/SchemaMissingType | The schema 'errorResponse' with an undefined type and declared properties is a bit ambiguous. This has been auto-corrected to 'type:object'
    - file:///home/runner/work/bicep-types-az/bicep-types-az/workflow-temp/azure-rest-api-specs/specification/alertsmanagement/resource-manager/Microsoft.AlertsManagement/AlertProcessingRules/preview/2021-08-08-preview/AlertProcessingRules.json:392:5
warning | PreCheck/SchemaMissingType | The schema 'errorResponseBody' with an undefined type and declared properties is a bit ambiguous. This has been auto-corrected to 'type:object'
    - file:///home/runner/work/bicep-types-az/bicep-types-az/workflow-temp/azure-rest-api-specs/specification/alertsmanagement/resource-manager/Microsoft.AlertsManagement/AlertProcessingRules/preview/2021-08-08-preview/AlertProcessingRules.json:400:5
warning | PreCheck/SchemaMissingType | The schema 'Resource' with an undefined type and declared properties is a bit ambiguous. This has been auto-corrected to 'type:object'
    - file:///home/runner/work/bicep-types-az/bicep-types-az/workflow-temp/azure-rest-api-specs/specification/alertsmanagement/resource-manager/Microsoft.AlertsManagement/AlertProcessingRules/preview/2021-08-08-preview/AlertProcessingRules.json:424:5
warning | PreCheck/SchemaMissingType | The schema 'ManagedResource' with an undefined type and declared properties is a bit ambiguous. This has been auto-corrected to 'type:object'
    - file:///home/runner/work/bicep-types-az/bicep-types-az/workflow-temp/azure-rest-api-specs/specification/alertsmanagement/resource-manager/Microsoft.AlertsManagement/AlertProcessingRules/preview/2021-08-08-preview/AlertProcessingRules.json:445:5
warning | PreCheck/SchemaMissingType | The schema 'PatchProperties' with an undefined type and declared properties is a bit ambiguous. This has been auto-corrected to 'type:object'
    - file:///home/runner/work/bicep-types-az/bicep-types-az/workflow-temp/azure-rest-api-specs/specification/alertsmanagement/resource-manager/Microsoft.AlertsManagement/AlertProcessingRules/preview/2021-08-08-preview/AlertProcessingRules.json:797:5
warning | PreCheck/SchemaMissingType | The schema 'PatchObject' with an undefined type and declared properties is a bit ambiguous. This has been auto-corrected to 'type:object'
    - file:///home/runner/work/bicep-types-az/bicep-types-az/workflow-temp/azure-rest-api-specs/specification/alertsmanagement/resource-manager/Microsoft.AlertsManagement/AlertProcessingRules/preview/2021-08-08-preview/AlertProcessingRules.json:806:5
warning | PreCheck/CheckDuplicateSchemas | Checking for duplicate schemas, this could take a (long) while.  Run with --verbose for more detail.
warning | DeprecatedConfig | Using directive.0.suppress which is deprecated and will be removed in the future.
warning | DeprecatedConfig | Using directive.1.suppress which is deprecated and will be removed in the future.
warning | DeprecatedConfig | Using directive.2.suppress which is deprecated and will be removed in the future.
warning | DeprecatedConfig | Using directive.3.suppress which is deprecated and will be removed in the future.
warning | DeprecatedConfig | Using directive.4.suppress which is deprecated and will be removed in the future.
warning | DeprecatedConfig | Using directive.5.suppress which is deprecated and will be removed in the future.
warning | DeprecatedConfig | Using directive.6.suppress which is deprecated and will be removed in the future.
warning | SkippedSemanticValidation | Semantic validation was skipped.
warning | PreCheck/SchemaMissingType | The schema 'errorResponse' with an undefined type and declared properties is a bit ambiguous. This has been auto-corrected to 'type:object'
    - file:///home/runner/work/bicep-types-az/bicep-types-az/workflow-temp/azure-rest-api-specs/specification/alertsmanagement/resource-manager/Microsoft.AlertsManagement/AlertProcessingRules/preview/2019-05-05-preview/ActionRules.json:536:5
warning | PreCheck/SchemaMissingType | The schema 'errorResponseBody' with an undefined type and declared properties is a bit ambiguous. This has been auto-corrected to 'type:object'
    - file:///home/runner/work/bicep-types-az/bicep-types-az/workflow-temp/azure-rest-api-specs/specification/alertsmanagement/resource-manager/Microsoft.AlertsManagement/AlertProcessingRules/preview/2019-05-05-preview/ActionRules.json:544:5
warning | PreCheck/SchemaMissingType | The schema 'Resource' with an undefined type and declared properties is a bit ambiguous. This has been auto-corrected to 'type:object'
    - file:///home/runner/work/bicep-types-az/bicep-types-az/workflow-temp/azure-rest-api-specs/specification/alertsmanagement/resource-manager/Microsoft.AlertsManagement/AlertProcessingRules/preview/2019-05-05-preview/ActionRules.json:568:5
warning | PreCheck/SchemaMissingType | The schema 'ManagedResource' with an undefined type and declared properties is a bit ambiguous. This has been auto-corrected to 'type:object'
    - file:///home/runner/work/bicep-types-az/bicep-types-az/workflow-temp/azure-rest-api-specs/specification/alertsmanagement/resource-manager/Microsoft.AlertsManagement/AlertProcessingRules/preview/2019-05-05-preview/ActionRules.json:589:5
warning | PreCheck/SchemaMissingType | The schema 'ManagedResource-tags' with an undefined type and additionalProperties is a bit ambiguous. This has been auto-corrected to 'type:object'
    - file:///home/runner/work/bicep-types-az/bicep-types-az/workflow-temp/azure-rest-api-specs/specification/alertsmanagement/resource-manager/Microsoft.AlertsManagement/AlertProcessingRules/preview/2019-05-05-preview/ActionRules.json:605:9
warning | PreCheck/SchemaMissingType | The schema 'ActionRule' with an undefined type and declared properties is a bit ambiguous. This has been auto-corrected to 'type:object'
    - file:///home/runner/work/bicep-types-az/bicep-types-az/workflow-temp/azure-rest-api-specs/specification/alertsmanagement/resource-manager/Microsoft.AlertsManagement/AlertProcessingRules/preview/2019-05-05-preview/ActionRules.json:764:5
warning | PreCheck/SchemaMissingType | The schema 'ActionRuleProperties' with an undefined type and declared properties is a bit ambiguous. This has been auto-corrected to 'type:object'
    - file:///home/runner/work/bicep-types-az/bicep-types-az/workflow-temp/azure-rest-api-specs/specification/alertsmanagement/resource-manager/Microsoft.AlertsManagement/AlertProcessingRules/preview/2019-05-05-preview/ActionRules.json:778:5
warning | PreCheck/SchemaMissingType | The schema 'ActionRulesList' with an undefined type and declared properties is a bit ambiguous. This has been auto-corrected to 'type:object'
    - file:///home/runner/work/bicep-types-az/bicep-types-az/workflow-temp/azure-rest-api-specs/specification/alertsmanagement/resource-manager/Microsoft.AlertsManagement/AlertProcessingRules/preview/2019-05-05-preview/ActionRules.json:900:5
warning | PreCheck/SchemaMissingType | The schema 'PatchProperties' with an undefined type and declared properties is a bit ambiguous. This has been auto-corrected to 'type:object'
    - file:///home/runner/work/bicep-types-az/bicep-types-az/workflow-temp/azure-rest-api-specs/specification/alertsmanagement/resource-manager/Microsoft.AlertsManagement/AlertProcessingRules/preview/2019-05-05-preview/ActionRules.json:916:5
warning | PreCheck/SchemaMissingType | The schema 'PatchObject' with an undefined type and declared properties is a bit ambiguous. This has been auto-corrected to 'type:object'
    - file:///home/runner/work/bicep-types-az/bicep-types-az/workflow-temp/azure-rest-api-specs/specification/alertsmanagement/resource-manager/Microsoft.AlertsManagement/AlertProcessingRules/preview/2019-05-05-preview/ActionRules.json:933:5
warning | PreCheck/CheckDuplicateSchemas | Checking for duplicate schemas, this could take a (long) while.  Run with --verbose for more detail.
