AutoRest code generation utility [cli version: 3.2.0; node: v14.16.1, max-memory: 2048 MB]
(C) 2018 Microsoft Corporation.
https://aka.ms/autorest
   Loading AutoRest core      '/home/runner/work/bicep-types-az/bicep-types-az/src/generator/node_modules/@autorest/core/dist' (3.4.2)
INFORMATION: > Loading local AutoRest extension '@autorest/bicep' (/home/runner/work/bicep-types-az/bicep-types-az/src/generator)
Processing batch task - {"tag":"microsoft.capacity-2020-10-01-preview"} .
INFORMATION: > Loading local AutoRest extension '@autorest/bicep' (/home/runner/work/bicep-types-az/bicep-types-az/src/generator)
Processing batch task - {"tag":"microsoft.capacity-2020-10-25"} .
INFORMATION: > Loading local AutoRest extension '@autorest/bicep' (/home/runner/work/bicep-types-az/bicep-types-az/src/generator)
Processing batch task - {"tag":"microsoft.capacity-2019-07-19"} .
INFORMATION: > Loading local AutoRest extension '@autorest/bicep' (/home/runner/work/bicep-types-az/bicep-types-az/src/generator)
WARNING: Skipping path '/subscriptions/{subscriptionId}/providers/Microsoft.Capacity/autoQuotaIncrease': Found mismatch betwen type segments (1) and name segments (0)
Processing batch task - {"tag":"microsoft.capacity-2020-11-15-preview"} .
INFORMATION: > Loading local AutoRest extension '@autorest/bicep' (/home/runner/work/bicep-types-az/bicep-types-az/src/generator)
Processing batch task - {"tag":"microsoft.capacity-2019-04-01"} .
INFORMATION: > Loading local AutoRest extension '@autorest/bicep' (/home/runner/work/bicep-types-az/bicep-types-az/src/generator)
Processing batch task - {"tag":"microsoft.capacity-2018-06-01"} .
INFORMATION: > Loading local AutoRest extension '@autorest/bicep' (/home/runner/work/bicep-types-az/bicep-types-az/src/generator)
Processing batch task - {"tag":"microsoft.capacity-2017-11-01"} .
INFORMATION: > Loading local AutoRest extension '@autorest/bicep' (/home/runner/work/bicep-types-az/bicep-types-az/src/generator)
[15.04 s] Generation Complete
