Executing: autorest --use=/home/runner/work/bicep-types-az/bicep-types-az/src/autorest.bicep --bicep --output-folder=/tmp/_bcp_1625795651387/videoanalyzer --multiapi --title=none --skip-semantics-validation /home/runner/work/bicep-types-az/bicep-types-az/workflow-temp/azure-rest-api-specs/specification/videoanalyzer/resource-manager/readme.md --debug --verbose
AutoRest code generation utility [cli version: 3.2.1; node: v14.17.1, max-memory: 4096 MB]
(C) 2018 Microsoft Corporation.
https://aka.ms/autorest
No configuration found at 'file:///home/runner/work/bicep-types-az/bicep-types-az/src/generator/src/cmd/'.
> Including configuration file 'file:///home/runner/work/bicep-types-az/bicep-types-az/src/generator/node_modules/autorest/dist/resources/default-configuration.md'
> Including configuration file 'file:///home/runner/work/bicep-types-az/bicep-types-az/src/generator/node_modules/autorest/dist/resources/inspect.md'
> Including configuration file 'file:///home/runner/work/bicep-types-az/bicep-types-az/src/generator/node_modules/autorest/dist/resources/directives.md'
> Including configuration file 'file:///home/runner/work/bicep-types-az/bicep-types-az/src/generator/node_modules/autorest/dist/resources/pipeline.md'
> Including configuration file 'file:///home/runner/work/bicep-types-az/bicep-types-az/src/generator/node_modules/autorest/dist/resources/loader-openapi.md'
> Including configuration file 'file:///home/runner/work/bicep-types-az/bicep-types-az/src/generator/node_modules/autorest/dist/resources/miscellaneous.md'
> Including configuration file 'file:///home/runner/work/bicep-types-az/bicep-types-az/src/generator/node_modules/autorest/dist/resources/plugin-powershell.md'
> Including configuration file 'file:///home/runner/work/bicep-types-az/bicep-types-az/src/generator/node_modules/autorest/dist/resources/plugin-azureresourceschema.md'
> Including configuration file 'file:///home/runner/work/bicep-types-az/bicep-types-az/src/generator/node_modules/autorest/dist/resources/plugin-csharp.md'
> Including configuration file 'file:///home/runner/work/bicep-types-az/bicep-types-az/src/generator/node_modules/autorest/dist/resources/plugin-go.md'
> Including configuration file 'file:///home/runner/work/bicep-types-az/bicep-types-az/src/generator/node_modules/autorest/dist/resources/plugin-java.md'
> Including configuration file 'file:///home/runner/work/bicep-types-az/bicep-types-az/src/generator/node_modules/autorest/dist/resources/plugin-nodejs.md'
> Including configuration file 'file:///home/runner/work/bicep-types-az/bicep-types-az/src/generator/node_modules/autorest/dist/resources/plugin-php.md'
> Including configuration file 'file:///home/runner/work/bicep-types-az/bicep-types-az/src/generator/node_modules/autorest/dist/resources/plugin-python.md'
> Including configuration file 'file:///home/runner/work/bicep-types-az/bicep-types-az/src/generator/node_modules/autorest/dist/resources/plugin-ruby.md'
> Including configuration file 'file:///home/runner/work/bicep-types-az/bicep-types-az/src/generator/node_modules/autorest/dist/resources/plugin-typescript.md'
> Including configuration file 'file:///home/runner/work/bicep-types-az/bicep-types-az/src/generator/node_modules/autorest/dist/resources/plugin-validators.md'
> Including configuration file 'file:///home/runner/work/bicep-types-az/bicep-types-az/src/generator/node_modules/autorest/dist/resources/plugin-az.md'
> Including configuration file 'file:///home/runner/work/bicep-types-az/bicep-types-az/src/generator/node_modules/autorest/dist/resources/plugin-terraform.md'
> Including configuration file 'file:///home/runner/work/bicep-types-az/bicep-types-az/src/generator/node_modules/autorest/dist/resources/plugin-azure-functions.md'
> Including configuration file 'file:///home/runner/work/bicep-types-az/bicep-types-az/src/generator/node_modules/autorest/dist/resources/graphs.md'
> Including configuration file 'file:///home/runner/work/bicep-types-az/bicep-types-az/src/generator/node_modules/autorest/dist/resources/help-configuration.md'
> Loading local AutoRest extension '@autorest/bicep' (/home/runner/work/bicep-types-az/bicep-types-az/src/autorest.bicep)
> Including extension configuration file 'file:///home/runner/work/bicep-types-az/bicep-types-az/src/autorest.bicep/README.md'
> Including configuration file 'file:///home/runner/work/bicep-types-az/bicep-types-az/src/autorest.bicep/README.md'
> Loading AutoRest extension '@autorest/modelerfour' (https://tinyurl.com/yhlkz69y->4.20.0-ci.b8e3f92c0)
> Including extension configuration file 'file:///home/runner/.autorest/@autorest_modelerfour@4.20.0-ci.b8e3f92c0/node_modules/@autorest/modelerfour/readme.md'
> Including configuration file 'file:///home/runner/.autorest/@autorest_modelerfour@4.20.0-ci.b8e3f92c0/node_modules/@autorest/modelerfour/readme.md'
NOTE: AutoRest core version selected from configuration: https://tinyurl.com/yfjyy27f.
Network Enabled: true

There is a new version of AutoRest available (3.2.3).
 > You can install the newer version with with npm install -g autorest@latest

Starting @autorest/core from /home/runner/.autorest/@autorest_core@3.5.0-ci.b8e3f92c0/node_modules/@autorest/core
   Loading AutoRest core      '/home/runner/.autorest/@autorest_core@3.5.0-ci.b8e3f92c0/node_modules/@autorest/core/dist' (3.5.0-ci.b8e3f92c0)
VERBOSE [0.69 s]: > Including configuration file 'file:///home/runner/work/bicep-types-az/bicep-types-az/workflow-temp/azure-rest-api-specs/specification/videoanalyzer/resource-manager/readme.bicep.md'
VERBOSE [0.7 s]: > Initial configuration file 'file:///home/runner/work/bicep-types-az/bicep-types-az/workflow-temp/azure-rest-api-specs/specification/videoanalyzer/resource-manager/readme.md'
VERBOSE [0.7 s]: > Including configuration file 'file:///home/runner/work/bicep-types-az/bicep-types-az/workflow-temp/azure-rest-api-specs/specification/videoanalyzer/resource-manager/readme.md'
VERBOSE [0.72 s]: > Including configuration file 'file:///home/runner/.autorest/@autorest_core@3.5.0-ci.b8e3f92c0/node_modules/@autorest/core/dist/resources/default-configuration.md'
VERBOSE [0.73 s]: > Including configuration file 'file:///home/runner/.autorest/@autorest_core@3.5.0-ci.b8e3f92c0/node_modules/@autorest/core/dist/resources/inspect.md'
VERBOSE [0.74 s]: > Including configuration file 'file:///home/runner/.autorest/@autorest_core@3.5.0-ci.b8e3f92c0/node_modules/@autorest/core/dist/resources/directives.md'
VERBOSE [0.76 s]: > Including configuration file 'file:///home/runner/.autorest/@autorest_core@3.5.0-ci.b8e3f92c0/node_modules/@autorest/core/dist/resources/pipeline.md'
VERBOSE [0.78 s]: > Including configuration file 'file:///home/runner/.autorest/@autorest_core@3.5.0-ci.b8e3f92c0/node_modules/@autorest/core/dist/resources/loader-openapi.md'
VERBOSE [0.8 s]: > Including configuration file 'file:///home/runner/.autorest/@autorest_core@3.5.0-ci.b8e3f92c0/node_modules/@autorest/core/dist/resources/miscellaneous.md'
VERBOSE [0.81 s]: > Including configuration file 'file:///home/runner/.autorest/@autorest_core@3.5.0-ci.b8e3f92c0/node_modules/@autorest/core/dist/resources/plugin-powershell.md'
VERBOSE [0.83 s]: > Including configuration file 'file:///home/runner/.autorest/@autorest_core@3.5.0-ci.b8e3f92c0/node_modules/@autorest/core/dist/resources/plugin-azureresourceschema.md'
VERBOSE [0.85 s]: > Including configuration file 'file:///home/runner/.autorest/@autorest_core@3.5.0-ci.b8e3f92c0/node_modules/@autorest/core/dist/resources/plugin-csharp.md'
VERBOSE [0.87 s]: > Including configuration file 'file:///home/runner/.autorest/@autorest_core@3.5.0-ci.b8e3f92c0/node_modules/@autorest/core/dist/resources/plugin-go.md'
VERBOSE [0.89 s]: > Including configuration file 'file:///home/runner/.autorest/@autorest_core@3.5.0-ci.b8e3f92c0/node_modules/@autorest/core/dist/resources/plugin-java.md'
VERBOSE [0.9 s]: > Including configuration file 'file:///home/runner/.autorest/@autorest_core@3.5.0-ci.b8e3f92c0/node_modules/@autorest/core/dist/resources/plugin-nodejs.md'
VERBOSE [0.93 s]: > Including configuration file 'file:///home/runner/.autorest/@autorest_core@3.5.0-ci.b8e3f92c0/node_modules/@autorest/core/dist/resources/plugin-php.md'
VERBOSE [0.95 s]: > Including configuration file 'file:///home/runner/.autorest/@autorest_core@3.5.0-ci.b8e3f92c0/node_modules/@autorest/core/dist/resources/plugin-python.md'
VERBOSE [0.97 s]: > Including configuration file 'file:///home/runner/.autorest/@autorest_core@3.5.0-ci.b8e3f92c0/node_modules/@autorest/core/dist/resources/plugin-ruby.md'
VERBOSE [0.99 s]: > Including configuration file 'file:///home/runner/.autorest/@autorest_core@3.5.0-ci.b8e3f92c0/node_modules/@autorest/core/dist/resources/plugin-typescript.md'
VERBOSE [1.01 s]: > Including configuration file 'file:///home/runner/.autorest/@autorest_core@3.5.0-ci.b8e3f92c0/node_modules/@autorest/core/dist/resources/plugin-validators.md'
VERBOSE [1.03 s]: > Including configuration file 'file:///home/runner/.autorest/@autorest_core@3.5.0-ci.b8e3f92c0/node_modules/@autorest/core/dist/resources/plugin-az.md'
VERBOSE [1.05 s]: > Including configuration file 'file:///home/runner/.autorest/@autorest_core@3.5.0-ci.b8e3f92c0/node_modules/@autorest/core/dist/resources/plugin-terraform.md'
VERBOSE [1.07 s]: > Including configuration file 'file:///home/runner/.autorest/@autorest_core@3.5.0-ci.b8e3f92c0/node_modules/@autorest/core/dist/resources/plugin-azure-functions.md'
VERBOSE [1.09 s]: > Including configuration file 'file:///home/runner/.autorest/@autorest_core@3.5.0-ci.b8e3f92c0/node_modules/@autorest/core/dist/resources/graphs.md'
VERBOSE [1.12 s]: > Including configuration file 'file:///home/runner/.autorest/@autorest_core@3.5.0-ci.b8e3f92c0/node_modules/@autorest/core/dist/resources/help-configuration.md'
INFORMATION: > Loading local AutoRest extension '@autorest/bicep' (/home/runner/work/bicep-types-az/bicep-types-az/src/autorest.bicep)
VERBOSE [1.19 s]: > Including extension configuration file 'file:///home/runner/work/bicep-types-az/bicep-types-az/src/autorest.bicep/README.md'
VERBOSE [1.19 s]: > Including configuration file 'file:///home/runner/work/bicep-types-az/bicep-types-az/src/autorest.bicep/README.md'
INFORMATION: > Loading AutoRest extension '@autorest/modelerfour' (https://tinyurl.com/yhlkz69y->4.20.0-ci.b8e3f92c0)
VERBOSE [2.11 s]: > Including extension configuration file 'file:///home/runner/.autorest/@autorest_modelerfour@4.20.0-ci.b8e3f92c0/node_modules/@autorest/modelerfour/readme.md'
VERBOSE [2.11 s]: > Including configuration file 'file:///home/runner/.autorest/@autorest_modelerfour@4.20.0-ci.b8e3f92c0/node_modules/@autorest/modelerfour/readme.md'
Processing batch task - {"tag":"microsoft.media-2021-05-01-preview"} .
VERBOSE [2.33 s]: > Including configuration file 'file:///home/runner/work/bicep-types-az/bicep-types-az/workflow-temp/azure-rest-api-specs/specification/videoanalyzer/resource-manager/readme.bicep.md'
VERBOSE [2.34 s]: > Initial configuration file 'file:///home/runner/work/bicep-types-az/bicep-types-az/workflow-temp/azure-rest-api-specs/specification/videoanalyzer/resource-manager/readme.md'
VERBOSE [2.34 s]: > Including configuration file 'file:///home/runner/work/bicep-types-az/bicep-types-az/workflow-temp/azure-rest-api-specs/specification/videoanalyzer/resource-manager/readme.md'
VERBOSE [2.34 s]: > Including configuration file 'file:///home/runner/.autorest/@autorest_core@3.5.0-ci.b8e3f92c0/node_modules/@autorest/core/dist/resources/default-configuration.md'
VERBOSE [2.36 s]: > Including configuration file 'file:///home/runner/.autorest/@autorest_core@3.5.0-ci.b8e3f92c0/node_modules/@autorest/core/dist/resources/inspect.md'
VERBOSE [2.37 s]: > Including configuration file 'file:///home/runner/.autorest/@autorest_core@3.5.0-ci.b8e3f92c0/node_modules/@autorest/core/dist/resources/directives.md'
VERBOSE [2.39 s]: > Including configuration file 'file:///home/runner/.autorest/@autorest_core@3.5.0-ci.b8e3f92c0/node_modules/@autorest/core/dist/resources/pipeline.md'
VERBOSE [2.4 s]: > Including configuration file 'file:///home/runner/.autorest/@autorest_core@3.5.0-ci.b8e3f92c0/node_modules/@autorest/core/dist/resources/loader-openapi.md'
VERBOSE [2.41 s]: > Including configuration file 'file:///home/runner/.autorest/@autorest_core@3.5.0-ci.b8e3f92c0/node_modules/@autorest/core/dist/resources/miscellaneous.md'
VERBOSE [2.42 s]: > Including configuration file 'file:///home/runner/.autorest/@autorest_core@3.5.0-ci.b8e3f92c0/node_modules/@autorest/core/dist/resources/plugin-powershell.md'
VERBOSE [2.43 s]: > Including configuration file 'file:///home/runner/.autorest/@autorest_core@3.5.0-ci.b8e3f92c0/node_modules/@autorest/core/dist/resources/plugin-azureresourceschema.md'
VERBOSE [2.44 s]: > Including configuration file 'file:///home/runner/.autorest/@autorest_core@3.5.0-ci.b8e3f92c0/node_modules/@autorest/core/dist/resources/plugin-csharp.md'
VERBOSE [2.46 s]: > Including configuration file 'file:///home/runner/.autorest/@autorest_core@3.5.0-ci.b8e3f92c0/node_modules/@autorest/core/dist/resources/plugin-go.md'
VERBOSE [2.47 s]: > Including configuration file 'file:///home/runner/.autorest/@autorest_core@3.5.0-ci.b8e3f92c0/node_modules/@autorest/core/dist/resources/plugin-java.md'
VERBOSE [2.49 s]: > Including configuration file 'file:///home/runner/.autorest/@autorest_core@3.5.0-ci.b8e3f92c0/node_modules/@autorest/core/dist/resources/plugin-nodejs.md'
VERBOSE [2.5 s]: > Including configuration file 'file:///home/runner/.autorest/@autorest_core@3.5.0-ci.b8e3f92c0/node_modules/@autorest/core/dist/resources/plugin-php.md'
VERBOSE [2.52 s]: > Including configuration file 'file:///home/runner/.autorest/@autorest_core@3.5.0-ci.b8e3f92c0/node_modules/@autorest/core/dist/resources/plugin-python.md'
VERBOSE [2.53 s]: > Including configuration file 'file:///home/runner/.autorest/@autorest_core@3.5.0-ci.b8e3f92c0/node_modules/@autorest/core/dist/resources/plugin-ruby.md'
VERBOSE [2.55 s]: > Including configuration file 'file:///home/runner/.autorest/@autorest_core@3.5.0-ci.b8e3f92c0/node_modules/@autorest/core/dist/resources/plugin-typescript.md'
VERBOSE [2.57 s]: > Including configuration file 'file:///home/runner/.autorest/@autorest_core@3.5.0-ci.b8e3f92c0/node_modules/@autorest/core/dist/resources/plugin-validators.md'
VERBOSE [2.59 s]: > Including configuration file 'file:///home/runner/.autorest/@autorest_core@3.5.0-ci.b8e3f92c0/node_modules/@autorest/core/dist/resources/plugin-az.md'
VERBOSE [2.61 s]: > Including configuration file 'file:///home/runner/.autorest/@autorest_core@3.5.0-ci.b8e3f92c0/node_modules/@autorest/core/dist/resources/plugin-terraform.md'
VERBOSE [2.62 s]: > Including configuration file 'file:///home/runner/.autorest/@autorest_core@3.5.0-ci.b8e3f92c0/node_modules/@autorest/core/dist/resources/plugin-azure-functions.md'
VERBOSE [2.65 s]: > Including configuration file 'file:///home/runner/.autorest/@autorest_core@3.5.0-ci.b8e3f92c0/node_modules/@autorest/core/dist/resources/graphs.md'
VERBOSE [2.67 s]: > Including configuration file 'file:///home/runner/.autorest/@autorest_core@3.5.0-ci.b8e3f92c0/node_modules/@autorest/core/dist/resources/help-configuration.md'
INFORMATION: > Loading local AutoRest extension '@autorest/bicep' (/home/runner/work/bicep-types-az/bicep-types-az/src/autorest.bicep)
VERBOSE [2.73 s]: > Including extension configuration file 'file:///home/runner/work/bicep-types-az/bicep-types-az/src/autorest.bicep/README.md'
VERBOSE [2.73 s]: > Including configuration file 'file:///home/runner/work/bicep-types-az/bicep-types-az/src/autorest.bicep/README.md'
INFORMATION: > Loading AutoRest extension '@autorest/modelerfour' (https://tinyurl.com/yhlkz69y->4.20.0-ci.b8e3f92c0)
VERBOSE [3.31 s]: > Including extension configuration file 'file:///home/runner/.autorest/@autorest_modelerfour@4.20.0-ci.b8e3f92c0/node_modules/@autorest/modelerfour/readme.md'
VERBOSE [3.31 s]: > Including configuration file 'file:///home/runner/.autorest/@autorest_modelerfour@4.20.0-ci.b8e3f92c0/node_modules/@autorest/modelerfour/readme.md'
DEBUG [3.93 s]: swagger-document/loader-swagger - START inputs = 0
DEBUG [3.93 s]: openapi-document/loader-openapi - START inputs = 0
DEBUG [3.93 s]: pipeline-emitter - START inputs = 0
DEBUG [3.93 s]: configuration-emitter - START inputs = 0
DEBUG [3.93 s]: pipeline-emitter - END [0.05 s][81 MB]
DEBUG [3.93 s]: configuration-emitter - END [0.05 s][81 MB]
VERBOSE [3.96 s]: Reading OpenAPI 2.0 file file:///home/runner/work/bicep-types-az/bicep-types-az/workflow-temp/azure-rest-api-specs/specification/videoanalyzer/resource-manager/Microsoft.Media/preview/2021-05-01-preview/VideoAnalyzers.json
VERBOSE [3.97 s]: Reading OpenAPI 2.0 file file:///home/runner/work/bicep-types-az/bicep-types-az/workflow-temp/azure-rest-api-specs/specification/videoanalyzer/resource-manager/Microsoft.Media/preview/2021-05-01-preview/EdgeModules.json
VERBOSE [3.98 s]: Reading OpenAPI 2.0 file file:///home/runner/work/bicep-types-az/bicep-types-az/workflow-temp/azure-rest-api-specs/specification/videoanalyzer/resource-manager/Microsoft.Media/preview/2021-05-01-preview/Videos.json
DEBUG [3.98 s]: openapi-document/loader-openapi - END [0.1 s][90 MB]
VERBOSE [4.04 s]: Reading $ref'd file file:///home/runner/work/bicep-types-az/bicep-types-az/workflow-temp/azure-rest-api-specs/specification/common-types/resource-management/v2/types.json
VERBOSE [4.11 s]: Reading $ref'd file file:///home/runner/work/bicep-types-az/bicep-types-az/workflow-temp/azure-rest-api-specs/specification/common-types/resource-management/v1/types.json
DEBUG [4.11 s]: openapi-document/individual/transform - SKIPPING
DEBUG [4.11 s]: openapi-document/individual/schema-validator-openapi - SKIPPING
DEBUG [4.11 s]: openapi-document/individual/identity - SKIPPING
DEBUG [4.27 s]: swagger-document/loader-swagger - END [0.39 s][98 MB]
DEBUG [4.27 s]: swagger-document/individual/transform - START inputs = 5
DEBUG [4.47 s]: swagger-document/individual/transform - END [0.2 s][110 MB]
DEBUG [4.47 s]: swagger-document/individual/schema-validator-swagger - START inputs = 5
DEBUG [4.77 s]: swagger-document/individual/schema-validator-swagger - END [0.29 s][118 MB]
DEBUG [4.77 s]: swagger-document/identity - START inputs = 5
DEBUG [4.77 s]: swagger-document/individual/identity - START inputs = 5
DEBUG [4.77 s]: swagger-document/identity - END [0 s][119 MB]
DEBUG [4.77 s]: swagger-document/individual/identity - END [0 s][119 MB]
DEBUG [4.77 s]: openapi-document/openapi-document-converter - START inputs = 5
DEBUG [4.92 s]: openapi-document/openapi-document-converter - END [0.14 s][131 MB]
DEBUG [4.92 s]: openapi-document/transform - START inputs = 5
DEBUG [4.93 s]: openapi-document/transform - END [0.01 s][132 MB]
DEBUG [4.93 s]: openapi-document/semantic-validator - START inputs = 5
WARNING: Semantic validation was skipped.
DEBUG [4.94 s]: openapi-document/semantic-validator - END [0 s][132 MB]
DEBUG [4.94 s]: openapi-document/allof-cleaner - START inputs = 5
DEBUG [4.95 s]: openapi-document/allof-cleaner - END [0.01 s][134 MB]
DEBUG [4.95 s]: openapi-document/tree-shaker - START inputs = 5
DEBUG [5.12 s]: openapi-document/tree-shaker - END [0.17 s][145 MB]
DEBUG [5.12 s]: openapi-document/multi-api-merger - START inputs = 5
DEBUG [5.42 s]: openapi-document/multi-api-merger - END [0.29 s][104 MB]
DEBUG [5.42 s]: openapi-document/components-cleaner - START inputs = 1
DEBUG [5.62 s]: openapi-document/components-cleaner - END [0.19 s][131 MB]
DEBUG [5.62 s]: openapi-document/component-modifiers - START inputs = 1
DEBUG [5.65 s]: openapi-document/component-modifiers - END [0.03 s][140 MB]
DEBUG [5.65 s]: openapi-document/api-version-parameter-handler - START inputs = 1
DEBUG [5.65 s]: openapi-document/api-version-parameter-handler - END [0 s][140 MB]
DEBUG [5.65 s]: openapi-document/profile-filter - START inputs = 1
DEBUG [5.65 s]: openapi-document/profile-filter - END [0 s][140 MB]
DEBUG [5.65 s]: openapi-document/model-deduplicator - START inputs = 1
DEBUG [5.65 s]: openapi-document/emitter - START inputs = 1
DEBUG [5.65 s]: openapi-document/model-deduplicator - END [0 s][140 MB]
DEBUG [5.65 s]: openapi-document/emitter - END [0 s][140 MB]
DEBUG [5.66 s]: openapi-document/enum-deduplicator - START inputs = 1
DEBUG [5.9 s]: openapi-document/enum-deduplicator - END [0.24 s][158 MB]
DEBUG [5.9 s]: openapi-document/subset-reducer - START inputs = 1
DEBUG [5.9 s]: openapi-document/subset-reducer - END [0 s][158 MB]
DEBUG [5.9 s]: openapi-document/quick-check - START inputs = 1
DEBUG [5.9 s]: openapi-document/multi-api/reset-identity - START inputs = 1
DEBUG [5.93 s]: openapi-document/quick-check - END [0.03 s][164 MB]
DEBUG [5.93 s]: openapi-document/multi-api/reset-identity - END [0.03 s][165 MB]
DEBUG [5.93 s]: openapi-document/multi-api/identity - START inputs = 1
DEBUG [5.93 s]: openapi-document/multi-api/identity - END [0 s][165 MB]
DEBUG [5.93 s]: openapi-document/multi-api/emitter - START inputs = 1
DEBUG [5.93 s]: prechecker - START inputs = 1
DEBUG [5.93 s]: openapi-document/multi-api/emitter - END [0 s][165 MB]

WARNING (PreCheck/SchemaMissingType): The schema 'VideoAnalyzerProperties' with an undefined type and 'allOf'/'anyOf'/'oneOf' is a bit ambiguous. This has been auto-corrected to 'type:object'

WARNING (PreCheck/CheckDuplicateSchemas): Checking for duplicate schemas, this could take a (long) while.  Run with --verbose for more detail.
VERBOSE [6.01 s]: Schema components路arm8bl路parameters路azurevideoanalyzeraccountname路schema has multiple identical declarations, reducing to just one - removing: 1, keeping: schemas:85
VERBOSE [6.02 s]: Schema Resource has multiple identical declarations, reducing to just one - removing: 0, keeping: schemas:150
VERBOSE [6.02 s]: Schema Resource-id has multiple identical declarations, reducing to just one - removing: 1, keeping: schemas:151
VERBOSE [6.03 s]: Schema Resource-name has multiple identical declarations, reducing to just one - removing: 1, keeping: schemas:152
VERBOSE [6.03 s]: Schema Resource-type has multiple identical declarations, reducing to just one - removing: 1, keeping: schemas:153
VERBOSE [6.03 s]: Schema ProxyResource has multiple identical declarations, reducing to just one - removing: 0, keeping: schemas:160
VERBOSE [6.03 s]: Schema systemData has multiple identical declarations, reducing to just one - removing: 0, keeping: schemas:225
VERBOSE [6.04 s]: Schema systemData-createdBy has multiple identical declarations, reducing to just one - removing: 1, keeping: schemas:226
VERBOSE [6.04 s]: Schema systemData-createdAt has multiple identical declarations, reducing to just one - removing: 1, keeping: schemas:228
VERBOSE [6.04 s]: Schema systemData-lastModifiedBy has multiple identical declarations, reducing to just one - removing: 1, keeping: schemas:229
VERBOSE [6.04 s]: Schema systemData-lastModifiedAt has multiple identical declarations, reducing to just one - removing: 1, keeping: schemas:231
VERBOSE [6.04 s]: Schema Resource has multiple identical declarations, reducing to just one - removing: 1, keeping: schemas:150
VERBOSE [6.04 s]: Schema ProxyResource has multiple identical declarations, reducing to just one - removing: 1, keeping: schemas:160
VERBOSE [6.05 s]: Schema systemData has multiple identical declarations, reducing to just one - removing: 1, keeping: schemas:225
VERBOSE [6.05 s]: Found and removed 11 duplicate schema
DEBUG [6.37 s]: prechecker - END [0.44 s][169 MB]
DEBUG [6.37 s]: modelerfour - START inputs = 2
VERBOSE [6.45 s]:   ModelerFour/api-version-mode:client
VERBOSE [6.45 s]:   ModelerFour/api-version-parameter:constant
VERBOSE [6.45 s]:   ModelerFour/use-model-namespace:false
DEBUG [6.7 s]: modelerfour - END [0.32 s][174 MB]
DEBUG [6.7 s]: modelerfour/new-transform - START inputs = 2
DEBUG [6.7 s]: modelerfour/new-transform - END [0 s][174 MB]
DEBUG [6.7 s]: modelerfour/flattener - START inputs = 2
DEBUG [6.86 s]: modelerfour/flattener - END [0.15 s][166 MB]
DEBUG [6.86 s]: modelerfour/flattener/new-transform - START inputs = 2
DEBUG [6.86 s]: modelerfour/flattener/new-transform - END [0 s][166 MB]
DEBUG [6.86 s]: modelerfour/grouper - START inputs = 2
DEBUG [6.99 s]: modelerfour/grouper - END [0.12 s][171 MB]
DEBUG [6.99 s]: modelerfour/grouper/new-transform - START inputs = 2
DEBUG [6.99 s]: modelerfour/grouper/new-transform - END [0 s][171 MB]
DEBUG [6.99 s]: modelerfour/pre-namer - START inputs = 2
DEBUG [7.15 s]: modelerfour/pre-namer - END [0.15 s][175 MB]
DEBUG [7.15 s]: modelerfour/pre-namer/new-transform - START inputs = 2
DEBUG [7.15 s]: modelerfour/pre-namer/new-transform - END [0 s][175 MB]
DEBUG [7.16 s]: modelerfour/checker - START inputs = 4
DEBUG [7.27 s]: modelerfour/checker - END [0.11 s][179 MB]
DEBUG [7.27 s]: modelerfour/identity - START inputs = 2
DEBUG [7.27 s]: modelerfour/identity - END [0 s][180 MB]
DEBUG [7.27 s]: bicep - START inputs = 2
DEBUG [7.27 s]: modelerfour/emitter - START inputs = 2
DEBUG [7.27 s]: modelerfour/notags/emitter - START inputs = 2
DEBUG [7.27 s]: modelerfour/emitter - END [0 s][180 MB]
DEBUG [7.27 s]: modelerfour/notags/emitter - END [0 s][180 MB]
INFORMATION: autorest.bicep took 11ms
DEBUG [7.37 s]: bicep - END [0.1 s][182 MB]
DEBUG [7.37 s]: bicep/emitter - START inputs = 2
DEBUG [7.37 s]: Emitting 'bicep-files' at file:///tmp/_bcp_1625795651387/videoanalyzer/microsoft.media/2021-05-01-preview/types.json
DEBUG [7.37 s]: Emitting 'bicep-files' at file:///tmp/_bcp_1625795651387/videoanalyzer/microsoft.media/2021-05-01-preview/types.md
DEBUG [7.37 s]: bicep/emitter - END [0 s][182 MB]
[7.37 s] Clearing Folders.
[7.37 s] Writing Outputs.
[7.38 s] Generation Complete
[7.38 s] Shutting Down.
[7.38 s] Exiting.
