Executing: autorest --use=/home/runner/work/bicep-types-az/bicep-types-az/src/autorest.bicep --bicep --output-folder=/tmp/_bcp_1625795651387/adp --multiapi --title=none --skip-semantics-validation /home/runner/work/bicep-types-az/bicep-types-az/workflow-temp/azure-rest-api-specs/specification/adp/resource-manager/readme.md --debug --verbose
AutoRest code generation utility [cli version: 3.2.1; node: v14.17.1, max-memory: 4096 MB]
(C) 2018 Microsoft Corporation.
https://aka.ms/autorest
No configuration found at 'file:///home/runner/work/bicep-types-az/bicep-types-az/src/generator/src/cmd/'.
> Including configuration file 'file:///home/runner/work/bicep-types-az/bicep-types-az/src/generator/node_modules/autorest/dist/resources/default-configuration.md'
> Including configuration file 'file:///home/runner/work/bicep-types-az/bicep-types-az/src/generator/node_modules/autorest/dist/resources/inspect.md'
> Including configuration file 'file:///home/runner/work/bicep-types-az/bicep-types-az/src/generator/node_modules/autorest/dist/resources/directives.md'
> Including configuration file 'file:///home/runner/work/bicep-types-az/bicep-types-az/src/generator/node_modules/autorest/dist/resources/pipeline.md'
> Including configuration file 'file:///home/runner/work/bicep-types-az/bicep-types-az/src/generator/node_modules/autorest/dist/resources/loader-openapi.md'
> Including configuration file 'file:///home/runner/work/bicep-types-az/bicep-types-az/src/generator/node_modules/autorest/dist/resources/miscellaneous.md'
> Including configuration file 'file:///home/runner/work/bicep-types-az/bicep-types-az/src/generator/node_modules/autorest/dist/resources/plugin-powershell.md'
> Including configuration file 'file:///home/runner/work/bicep-types-az/bicep-types-az/src/generator/node_modules/autorest/dist/resources/plugin-azureresourceschema.md'
> Including configuration file 'file:///home/runner/work/bicep-types-az/bicep-types-az/src/generator/node_modules/autorest/dist/resources/plugin-csharp.md'
> Including configuration file 'file:///home/runner/work/bicep-types-az/bicep-types-az/src/generator/node_modules/autorest/dist/resources/plugin-go.md'
> Including configuration file 'file:///home/runner/work/bicep-types-az/bicep-types-az/src/generator/node_modules/autorest/dist/resources/plugin-java.md'
> Including configuration file 'file:///home/runner/work/bicep-types-az/bicep-types-az/src/generator/node_modules/autorest/dist/resources/plugin-nodejs.md'
> Including configuration file 'file:///home/runner/work/bicep-types-az/bicep-types-az/src/generator/node_modules/autorest/dist/resources/plugin-php.md'
> Including configuration file 'file:///home/runner/work/bicep-types-az/bicep-types-az/src/generator/node_modules/autorest/dist/resources/plugin-python.md'
> Including configuration file 'file:///home/runner/work/bicep-types-az/bicep-types-az/src/generator/node_modules/autorest/dist/resources/plugin-ruby.md'
> Including configuration file 'file:///home/runner/work/bicep-types-az/bicep-types-az/src/generator/node_modules/autorest/dist/resources/plugin-typescript.md'
> Including configuration file 'file:///home/runner/work/bicep-types-az/bicep-types-az/src/generator/node_modules/autorest/dist/resources/plugin-validators.md'
> Including configuration file 'file:///home/runner/work/bicep-types-az/bicep-types-az/src/generator/node_modules/autorest/dist/resources/plugin-az.md'
> Including configuration file 'file:///home/runner/work/bicep-types-az/bicep-types-az/src/generator/node_modules/autorest/dist/resources/plugin-terraform.md'
> Including configuration file 'file:///home/runner/work/bicep-types-az/bicep-types-az/src/generator/node_modules/autorest/dist/resources/plugin-azure-functions.md'
> Including configuration file 'file:///home/runner/work/bicep-types-az/bicep-types-az/src/generator/node_modules/autorest/dist/resources/graphs.md'
> Including configuration file 'file:///home/runner/work/bicep-types-az/bicep-types-az/src/generator/node_modules/autorest/dist/resources/help-configuration.md'
> Loading local AutoRest extension '@autorest/bicep' (/home/runner/work/bicep-types-az/bicep-types-az/src/autorest.bicep)
> Including extension configuration file 'file:///home/runner/work/bicep-types-az/bicep-types-az/src/autorest.bicep/README.md'
> Including configuration file 'file:///home/runner/work/bicep-types-az/bicep-types-az/src/autorest.bicep/README.md'
> Loading AutoRest extension '@autorest/modelerfour' (https://tinyurl.com/yhlkz69y->4.20.0-ci.b8e3f92c0)
> Including extension configuration file 'file:///home/runner/.autorest/@autorest_modelerfour@4.20.0-ci.b8e3f92c0/node_modules/@autorest/modelerfour/readme.md'
> Including configuration file 'file:///home/runner/.autorest/@autorest_modelerfour@4.20.0-ci.b8e3f92c0/node_modules/@autorest/modelerfour/readme.md'
NOTE: AutoRest core version selected from configuration: https://tinyurl.com/yfjyy27f.
Network Enabled: true

There is a new version of AutoRest available (3.2.3).
 > You can install the newer version with with npm install -g autorest@latest

Starting @autorest/core from /home/runner/.autorest/@autorest_core@3.5.0-ci.b8e3f92c0/node_modules/@autorest/core
   Loading AutoRest core      '/home/runner/.autorest/@autorest_core@3.5.0-ci.b8e3f92c0/node_modules/@autorest/core/dist' (3.5.0-ci.b8e3f92c0)
VERBOSE [0.69 s]: > Including configuration file 'file:///home/runner/work/bicep-types-az/bicep-types-az/workflow-temp/azure-rest-api-specs/specification/adp/resource-manager/readme.bicep.md'
VERBOSE [0.71 s]: > Initial configuration file 'file:///home/runner/work/bicep-types-az/bicep-types-az/workflow-temp/azure-rest-api-specs/specification/adp/resource-manager/readme.md'
VERBOSE [0.71 s]: > Including configuration file 'file:///home/runner/work/bicep-types-az/bicep-types-az/workflow-temp/azure-rest-api-specs/specification/adp/resource-manager/readme.md'
VERBOSE [0.72 s]: > Including configuration file 'file:///home/runner/.autorest/@autorest_core@3.5.0-ci.b8e3f92c0/node_modules/@autorest/core/dist/resources/default-configuration.md'
VERBOSE [0.74 s]: > Including configuration file 'file:///home/runner/.autorest/@autorest_core@3.5.0-ci.b8e3f92c0/node_modules/@autorest/core/dist/resources/inspect.md'
VERBOSE [0.75 s]: > Including configuration file 'file:///home/runner/.autorest/@autorest_core@3.5.0-ci.b8e3f92c0/node_modules/@autorest/core/dist/resources/directives.md'
VERBOSE [0.77 s]: > Including configuration file 'file:///home/runner/.autorest/@autorest_core@3.5.0-ci.b8e3f92c0/node_modules/@autorest/core/dist/resources/pipeline.md'
VERBOSE [0.8 s]: > Including configuration file 'file:///home/runner/.autorest/@autorest_core@3.5.0-ci.b8e3f92c0/node_modules/@autorest/core/dist/resources/loader-openapi.md'
VERBOSE [0.81 s]: > Including configuration file 'file:///home/runner/.autorest/@autorest_core@3.5.0-ci.b8e3f92c0/node_modules/@autorest/core/dist/resources/miscellaneous.md'
VERBOSE [0.83 s]: > Including configuration file 'file:///home/runner/.autorest/@autorest_core@3.5.0-ci.b8e3f92c0/node_modules/@autorest/core/dist/resources/plugin-powershell.md'
VERBOSE [0.84 s]: > Including configuration file 'file:///home/runner/.autorest/@autorest_core@3.5.0-ci.b8e3f92c0/node_modules/@autorest/core/dist/resources/plugin-azureresourceschema.md'
VERBOSE [0.86 s]: > Including configuration file 'file:///home/runner/.autorest/@autorest_core@3.5.0-ci.b8e3f92c0/node_modules/@autorest/core/dist/resources/plugin-csharp.md'
VERBOSE [0.88 s]: > Including configuration file 'file:///home/runner/.autorest/@autorest_core@3.5.0-ci.b8e3f92c0/node_modules/@autorest/core/dist/resources/plugin-go.md'
VERBOSE [0.89 s]: > Including configuration file 'file:///home/runner/.autorest/@autorest_core@3.5.0-ci.b8e3f92c0/node_modules/@autorest/core/dist/resources/plugin-java.md'
VERBOSE [0.91 s]: > Including configuration file 'file:///home/runner/.autorest/@autorest_core@3.5.0-ci.b8e3f92c0/node_modules/@autorest/core/dist/resources/plugin-nodejs.md'
VERBOSE [0.93 s]: > Including configuration file 'file:///home/runner/.autorest/@autorest_core@3.5.0-ci.b8e3f92c0/node_modules/@autorest/core/dist/resources/plugin-php.md'
VERBOSE [0.95 s]: > Including configuration file 'file:///home/runner/.autorest/@autorest_core@3.5.0-ci.b8e3f92c0/node_modules/@autorest/core/dist/resources/plugin-python.md'
VERBOSE [0.97 s]: > Including configuration file 'file:///home/runner/.autorest/@autorest_core@3.5.0-ci.b8e3f92c0/node_modules/@autorest/core/dist/resources/plugin-ruby.md'
VERBOSE [0.99 s]: > Including configuration file 'file:///home/runner/.autorest/@autorest_core@3.5.0-ci.b8e3f92c0/node_modules/@autorest/core/dist/resources/plugin-typescript.md'
VERBOSE [1.01 s]: > Including configuration file 'file:///home/runner/.autorest/@autorest_core@3.5.0-ci.b8e3f92c0/node_modules/@autorest/core/dist/resources/plugin-validators.md'
VERBOSE [1.03 s]: > Including configuration file 'file:///home/runner/.autorest/@autorest_core@3.5.0-ci.b8e3f92c0/node_modules/@autorest/core/dist/resources/plugin-az.md'
VERBOSE [1.05 s]: > Including configuration file 'file:///home/runner/.autorest/@autorest_core@3.5.0-ci.b8e3f92c0/node_modules/@autorest/core/dist/resources/plugin-terraform.md'
VERBOSE [1.07 s]: > Including configuration file 'file:///home/runner/.autorest/@autorest_core@3.5.0-ci.b8e3f92c0/node_modules/@autorest/core/dist/resources/plugin-azure-functions.md'
VERBOSE [1.09 s]: > Including configuration file 'file:///home/runner/.autorest/@autorest_core@3.5.0-ci.b8e3f92c0/node_modules/@autorest/core/dist/resources/graphs.md'
VERBOSE [1.12 s]: > Including configuration file 'file:///home/runner/.autorest/@autorest_core@3.5.0-ci.b8e3f92c0/node_modules/@autorest/core/dist/resources/help-configuration.md'
INFORMATION: > Loading local AutoRest extension '@autorest/bicep' (/home/runner/work/bicep-types-az/bicep-types-az/src/autorest.bicep)
VERBOSE [1.19 s]: > Including extension configuration file 'file:///home/runner/work/bicep-types-az/bicep-types-az/src/autorest.bicep/README.md'
VERBOSE [1.19 s]: > Including configuration file 'file:///home/runner/work/bicep-types-az/bicep-types-az/src/autorest.bicep/README.md'
INFORMATION: > Loading AutoRest extension '@autorest/modelerfour' (https://tinyurl.com/yhlkz69y->4.20.0-ci.b8e3f92c0)
VERBOSE [1.84 s]: > Including extension configuration file 'file:///home/runner/.autorest/@autorest_modelerfour@4.20.0-ci.b8e3f92c0/node_modules/@autorest/modelerfour/readme.md'
VERBOSE [1.85 s]: > Including configuration file 'file:///home/runner/.autorest/@autorest_modelerfour@4.20.0-ci.b8e3f92c0/node_modules/@autorest/modelerfour/readme.md'
Processing batch task - {"tag":"microsoft.autonomousdevelopmentplatform-2020-07-01-preview"} .
VERBOSE [2.06 s]: > Including configuration file 'file:///home/runner/work/bicep-types-az/bicep-types-az/workflow-temp/azure-rest-api-specs/specification/adp/resource-manager/readme.bicep.md'
VERBOSE [2.07 s]: > Initial configuration file 'file:///home/runner/work/bicep-types-az/bicep-types-az/workflow-temp/azure-rest-api-specs/specification/adp/resource-manager/readme.md'
VERBOSE [2.07 s]: > Including configuration file 'file:///home/runner/work/bicep-types-az/bicep-types-az/workflow-temp/azure-rest-api-specs/specification/adp/resource-manager/readme.md'
VERBOSE [2.07 s]: > Including configuration file 'file:///home/runner/.autorest/@autorest_core@3.5.0-ci.b8e3f92c0/node_modules/@autorest/core/dist/resources/default-configuration.md'
VERBOSE [2.08 s]: > Including configuration file 'file:///home/runner/.autorest/@autorest_core@3.5.0-ci.b8e3f92c0/node_modules/@autorest/core/dist/resources/inspect.md'
VERBOSE [2.09 s]: > Including configuration file 'file:///home/runner/.autorest/@autorest_core@3.5.0-ci.b8e3f92c0/node_modules/@autorest/core/dist/resources/directives.md'
VERBOSE [2.1 s]: > Including configuration file 'file:///home/runner/.autorest/@autorest_core@3.5.0-ci.b8e3f92c0/node_modules/@autorest/core/dist/resources/pipeline.md'
VERBOSE [2.11 s]: > Including configuration file 'file:///home/runner/.autorest/@autorest_core@3.5.0-ci.b8e3f92c0/node_modules/@autorest/core/dist/resources/loader-openapi.md'
VERBOSE [2.12 s]: > Including configuration file 'file:///home/runner/.autorest/@autorest_core@3.5.0-ci.b8e3f92c0/node_modules/@autorest/core/dist/resources/miscellaneous.md'
VERBOSE [2.14 s]: > Including configuration file 'file:///home/runner/.autorest/@autorest_core@3.5.0-ci.b8e3f92c0/node_modules/@autorest/core/dist/resources/plugin-powershell.md'
VERBOSE [2.16 s]: > Including configuration file 'file:///home/runner/.autorest/@autorest_core@3.5.0-ci.b8e3f92c0/node_modules/@autorest/core/dist/resources/plugin-azureresourceschema.md'
VERBOSE [2.17 s]: > Including configuration file 'file:///home/runner/.autorest/@autorest_core@3.5.0-ci.b8e3f92c0/node_modules/@autorest/core/dist/resources/plugin-csharp.md'
VERBOSE [2.18 s]: > Including configuration file 'file:///home/runner/.autorest/@autorest_core@3.5.0-ci.b8e3f92c0/node_modules/@autorest/core/dist/resources/plugin-go.md'
VERBOSE [2.2 s]: > Including configuration file 'file:///home/runner/.autorest/@autorest_core@3.5.0-ci.b8e3f92c0/node_modules/@autorest/core/dist/resources/plugin-java.md'
VERBOSE [2.21 s]: > Including configuration file 'file:///home/runner/.autorest/@autorest_core@3.5.0-ci.b8e3f92c0/node_modules/@autorest/core/dist/resources/plugin-nodejs.md'
VERBOSE [2.23 s]: > Including configuration file 'file:///home/runner/.autorest/@autorest_core@3.5.0-ci.b8e3f92c0/node_modules/@autorest/core/dist/resources/plugin-php.md'
VERBOSE [2.24 s]: > Including configuration file 'file:///home/runner/.autorest/@autorest_core@3.5.0-ci.b8e3f92c0/node_modules/@autorest/core/dist/resources/plugin-python.md'
VERBOSE [2.26 s]: > Including configuration file 'file:///home/runner/.autorest/@autorest_core@3.5.0-ci.b8e3f92c0/node_modules/@autorest/core/dist/resources/plugin-ruby.md'
VERBOSE [2.27 s]: > Including configuration file 'file:///home/runner/.autorest/@autorest_core@3.5.0-ci.b8e3f92c0/node_modules/@autorest/core/dist/resources/plugin-typescript.md'
VERBOSE [2.29 s]: > Including configuration file 'file:///home/runner/.autorest/@autorest_core@3.5.0-ci.b8e3f92c0/node_modules/@autorest/core/dist/resources/plugin-validators.md'
VERBOSE [2.31 s]: > Including configuration file 'file:///home/runner/.autorest/@autorest_core@3.5.0-ci.b8e3f92c0/node_modules/@autorest/core/dist/resources/plugin-az.md'
VERBOSE [2.33 s]: > Including configuration file 'file:///home/runner/.autorest/@autorest_core@3.5.0-ci.b8e3f92c0/node_modules/@autorest/core/dist/resources/plugin-terraform.md'
VERBOSE [2.34 s]: > Including configuration file 'file:///home/runner/.autorest/@autorest_core@3.5.0-ci.b8e3f92c0/node_modules/@autorest/core/dist/resources/plugin-azure-functions.md'
VERBOSE [2.36 s]: > Including configuration file 'file:///home/runner/.autorest/@autorest_core@3.5.0-ci.b8e3f92c0/node_modules/@autorest/core/dist/resources/graphs.md'
VERBOSE [2.39 s]: > Including configuration file 'file:///home/runner/.autorest/@autorest_core@3.5.0-ci.b8e3f92c0/node_modules/@autorest/core/dist/resources/help-configuration.md'
INFORMATION: > Loading local AutoRest extension '@autorest/bicep' (/home/runner/work/bicep-types-az/bicep-types-az/src/autorest.bicep)
VERBOSE [2.45 s]: > Including extension configuration file 'file:///home/runner/work/bicep-types-az/bicep-types-az/src/autorest.bicep/README.md'
VERBOSE [2.45 s]: > Including configuration file 'file:///home/runner/work/bicep-types-az/bicep-types-az/src/autorest.bicep/README.md'
INFORMATION: > Loading AutoRest extension '@autorest/modelerfour' (https://tinyurl.com/yhlkz69y->4.20.0-ci.b8e3f92c0)
VERBOSE [3.03 s]: > Including extension configuration file 'file:///home/runner/.autorest/@autorest_modelerfour@4.20.0-ci.b8e3f92c0/node_modules/@autorest/modelerfour/readme.md'
VERBOSE [3.03 s]: > Including configuration file 'file:///home/runner/.autorest/@autorest_modelerfour@4.20.0-ci.b8e3f92c0/node_modules/@autorest/modelerfour/readme.md'
DEBUG [3.63 s]: swagger-document/loader-swagger - START inputs = 0
DEBUG [3.63 s]: openapi-document/loader-openapi - START inputs = 0
DEBUG [3.63 s]: pipeline-emitter - START inputs = 0
DEBUG [3.63 s]: configuration-emitter - START inputs = 0
DEBUG [3.63 s]: pipeline-emitter - END [0.04 s][82 MB]
DEBUG [3.63 s]: configuration-emitter - END [0.04 s][82 MB]
VERBOSE [3.66 s]: Reading OpenAPI 2.0 file file:///home/runner/work/bicep-types-az/bicep-types-az/workflow-temp/azure-rest-api-specs/specification/adp/resource-manager/Microsoft.AutonomousDevelopmentPlatform/preview/2020-07-01-preview/adp.json
DEBUG [3.66 s]: openapi-document/loader-openapi - END [0.08 s][86 MB]
VERBOSE [3.72 s]: Reading $ref'd file file:///home/runner/work/bicep-types-az/bicep-types-az/workflow-temp/azure-rest-api-specs/specification/common-types/resource-management/v1/types.json
DEBUG [3.72 s]: openapi-document/individual/transform - SKIPPING
DEBUG [3.72 s]: openapi-document/individual/schema-validator-openapi - SKIPPING
DEBUG [3.72 s]: openapi-document/individual/identity - SKIPPING
DEBUG [3.79 s]: swagger-document/loader-swagger - END [0.2 s][92 MB]
DEBUG [3.79 s]: swagger-document/individual/transform - START inputs = 2
DEBUG [3.86 s]: swagger-document/individual/transform - END [0.06 s][94 MB]
DEBUG [3.86 s]: swagger-document/individual/schema-validator-swagger - START inputs = 2
DEBUG [4.15 s]: swagger-document/individual/schema-validator-swagger - END [0.28 s][103 MB]
DEBUG [4.15 s]: swagger-document/identity - START inputs = 2
DEBUG [4.15 s]: swagger-document/individual/identity - START inputs = 2
DEBUG [4.15 s]: swagger-document/identity - END [0 s][103 MB]
DEBUG [4.15 s]: swagger-document/individual/identity - END [0 s][103 MB]
DEBUG [4.15 s]: openapi-document/openapi-document-converter - START inputs = 2
DEBUG [4.2 s]: openapi-document/openapi-document-converter - END [0.05 s][104 MB]
DEBUG [4.2 s]: openapi-document/transform - START inputs = 2
DEBUG [4.22 s]: openapi-document/transform - END [0.01 s][108 MB]
DEBUG [4.22 s]: openapi-document/semantic-validator - START inputs = 2
WARNING: Semantic validation was skipped.
DEBUG [4.22 s]: openapi-document/semantic-validator - END [0 s][98 MB]
DEBUG [4.22 s]: openapi-document/allof-cleaner - START inputs = 2
DEBUG [4.23 s]: openapi-document/allof-cleaner - END [0 s][99 MB]
DEBUG [4.23 s]: openapi-document/tree-shaker - START inputs = 2
DEBUG [4.3 s]: openapi-document/tree-shaker - END [0.06 s][109 MB]
DEBUG [4.3 s]: openapi-document/multi-api-merger - START inputs = 2
DEBUG [4.4 s]: openapi-document/multi-api-merger - END [0.1 s][110 MB]
DEBUG [4.4 s]: openapi-document/components-cleaner - START inputs = 1
DEBUG [4.47 s]: openapi-document/components-cleaner - END [0.06 s][123 MB]
DEBUG [4.47 s]: openapi-document/component-modifiers - START inputs = 1
DEBUG [4.48 s]: openapi-document/component-modifiers - END [0.01 s][129 MB]
DEBUG [4.48 s]: openapi-document/api-version-parameter-handler - START inputs = 1
DEBUG [4.48 s]: openapi-document/api-version-parameter-handler - END [0 s][129 MB]
DEBUG [4.48 s]: openapi-document/profile-filter - START inputs = 1
DEBUG [4.48 s]: openapi-document/profile-filter - END [0 s][129 MB]
DEBUG [4.48 s]: openapi-document/model-deduplicator - START inputs = 1
DEBUG [4.48 s]: openapi-document/emitter - START inputs = 1
DEBUG [4.48 s]: openapi-document/model-deduplicator - END [0 s][129 MB]
DEBUG [4.48 s]: openapi-document/emitter - END [0 s][129 MB]
DEBUG [4.48 s]: openapi-document/enum-deduplicator - START inputs = 1
DEBUG [4.59 s]: openapi-document/enum-deduplicator - END [0.11 s][136 MB]
DEBUG [4.6 s]: openapi-document/subset-reducer - START inputs = 1
DEBUG [4.6 s]: openapi-document/subset-reducer - END [0 s][136 MB]
DEBUG [4.6 s]: openapi-document/quick-check - START inputs = 1
DEBUG [4.6 s]: openapi-document/multi-api/reset-identity - START inputs = 1
DEBUG [4.64 s]: openapi-document/quick-check - END [0.04 s][130 MB]
DEBUG [4.64 s]: openapi-document/multi-api/reset-identity - END [0.04 s][130 MB]
DEBUG [4.64 s]: openapi-document/multi-api/identity - START inputs = 1
DEBUG [4.64 s]: openapi-document/multi-api/identity - END [0 s][130 MB]
DEBUG [4.64 s]: openapi-document/multi-api/emitter - START inputs = 1
DEBUG [4.65 s]: prechecker - START inputs = 1
DEBUG [4.65 s]: openapi-document/multi-api/emitter - END [0 s][130 MB]

WARNING (PreCheck/SchemaMissingType): The schema 'Tags' with an undefined type and declared properties is a bit ambiguous. This has been auto-corrected to 'type:object'

WARNING (PreCheck/SchemaMissingType): The schema 'AccountProperties' with an undefined type and declared properties is a bit ambiguous. This has been auto-corrected to 'type:object'

WARNING (PreCheck/SchemaMissingType): The schema 'AccountList' with an undefined type and declared properties is a bit ambiguous. This has been auto-corrected to 'type:object'

WARNING (PreCheck/SchemaMissingType): The schema 'DataPool' with an undefined type and declared properties is a bit ambiguous. This has been auto-corrected to 'type:object'

WARNING (PreCheck/SchemaMissingType): The schema 'DataPoolPatch' with an undefined type and declared properties is a bit ambiguous. This has been auto-corrected to 'type:object'

WARNING (PreCheck/SchemaMissingType): The schema 'DataPoolBaseProperties' with an undefined type and declared properties is a bit ambiguous. This has been auto-corrected to 'type:object'

WARNING (PreCheck/SchemaMissingType): The schema 'DataPoolProperties' with an undefined type and 'allOf'/'anyOf'/'oneOf' is a bit ambiguous. This has been auto-corrected to 'type:object'

WARNING (PreCheck/SchemaMissingType): The schema 'DataPoolLocation' with an undefined type and declared properties is a bit ambiguous. This has been auto-corrected to 'type:object'

WARNING (PreCheck/SchemaMissingType): The schema 'DataPoolList' with an undefined type and declared properties is a bit ambiguous. This has been auto-corrected to 'type:object'

WARNING (PreCheck/SchemaMissingType): The schema 'OperationListResult' with an undefined type and declared properties is a bit ambiguous. This has been auto-corrected to 'type:object'

WARNING (PreCheck/SchemaMissingType): The schema 'ErrorResponse' with an undefined type and declared properties is a bit ambiguous. This has been auto-corrected to 'type:object'

WARNING (PreCheck/SchemaMissingType): The schema 'ErrorDefinition' with an undefined type and declared properties is a bit ambiguous. This has been auto-corrected to 'type:object'

WARNING (PreCheck/CheckDuplicateSchemas): Checking for duplicate schemas, this could take a (long) while.  Run with --verbose for more detail.
VERBOSE [4.72 s]: Found and removed 0 duplicate schema
DEBUG [4.93 s]: prechecker - END [0.28 s][74 MB]
DEBUG [4.93 s]: modelerfour - START inputs = 2
VERBOSE [5 s]:   ModelerFour/api-version-mode:client
VERBOSE [5 s]:   ModelerFour/api-version-parameter:constant
VERBOSE [5 s]:   ModelerFour/use-model-namespace:false

WARNING (UnkownSecurityScheme): Security scheme azure_auth is unknown and will not be processed. Only supported types are AADToken,AzureKey,Anonymous
DEBUG [5.13 s]: modelerfour - END [0.19 s][76 MB]
DEBUG [5.13 s]: modelerfour/new-transform - START inputs = 2
DEBUG [5.13 s]: modelerfour/new-transform - END [0 s][76 MB]
DEBUG [5.13 s]: modelerfour/flattener - START inputs = 2
DEBUG [5.2 s]: modelerfour/flattener - END [0.07 s][78 MB]
DEBUG [5.2 s]: modelerfour/flattener/new-transform - START inputs = 2
DEBUG [5.21 s]: modelerfour/flattener/new-transform - END [0 s][78 MB]
DEBUG [5.21 s]: modelerfour/grouper - START inputs = 2
DEBUG [5.25 s]: modelerfour/grouper - END [0.04 s][80 MB]
DEBUG [5.25 s]: modelerfour/grouper/new-transform - START inputs = 2
DEBUG [5.25 s]: modelerfour/grouper/new-transform - END [0 s][80 MB]
DEBUG [5.26 s]: modelerfour/pre-namer - START inputs = 2
DEBUG [5.32 s]: modelerfour/pre-namer - END [0.06 s][82 MB]
DEBUG [5.32 s]: modelerfour/pre-namer/new-transform - START inputs = 2
DEBUG [5.32 s]: modelerfour/pre-namer/new-transform - END [0 s][82 MB]
DEBUG [5.32 s]: modelerfour/checker - START inputs = 4
DEBUG [5.37 s]: modelerfour/checker - END [0.04 s][84 MB]
DEBUG [5.37 s]: modelerfour/identity - START inputs = 2
DEBUG [5.37 s]: modelerfour/identity - END [0 s][84 MB]
DEBUG [5.37 s]: bicep - START inputs = 2
DEBUG [5.37 s]: modelerfour/emitter - START inputs = 2
DEBUG [5.37 s]: modelerfour/notags/emitter - START inputs = 2
DEBUG [5.37 s]: modelerfour/emitter - END [0 s][84 MB]
DEBUG [5.37 s]: modelerfour/notags/emitter - END [0 s][84 MB]
INFORMATION: autorest.bicep took 7ms
DEBUG [5.44 s]: bicep - END [0.06 s][85 MB]
DEBUG [5.44 s]: bicep/emitter - START inputs = 2
DEBUG [5.44 s]: Emitting 'bicep-files' at file:///tmp/_bcp_1625795651387/adp/microsoft.autonomousdevelopmentplatform/2020-07-01-preview/types.json
DEBUG [5.44 s]: Emitting 'bicep-files' at file:///tmp/_bcp_1625795651387/adp/microsoft.autonomousdevelopmentplatform/2020-07-01-preview/types.md
DEBUG [5.44 s]: bicep/emitter - END [0 s][85 MB]
Processing batch task - {"tag":"microsoft.autonomousdevelopmentplatform-2021-02-01-preview"} .
VERBOSE [5.45 s]: > Including configuration file 'file:///home/runner/work/bicep-types-az/bicep-types-az/workflow-temp/azure-rest-api-specs/specification/adp/resource-manager/readme.bicep.md'
VERBOSE [5.45 s]: > Initial configuration file 'file:///home/runner/work/bicep-types-az/bicep-types-az/workflow-temp/azure-rest-api-specs/specification/adp/resource-manager/readme.md'
VERBOSE [5.45 s]: > Including configuration file 'file:///home/runner/work/bicep-types-az/bicep-types-az/workflow-temp/azure-rest-api-specs/specification/adp/resource-manager/readme.md'
VERBOSE [5.46 s]: > Including configuration file 'file:///home/runner/.autorest/@autorest_core@3.5.0-ci.b8e3f92c0/node_modules/@autorest/core/dist/resources/default-configuration.md'
VERBOSE [5.47 s]: > Including configuration file 'file:///home/runner/.autorest/@autorest_core@3.5.0-ci.b8e3f92c0/node_modules/@autorest/core/dist/resources/inspect.md'
VERBOSE [5.47 s]: > Including configuration file 'file:///home/runner/.autorest/@autorest_core@3.5.0-ci.b8e3f92c0/node_modules/@autorest/core/dist/resources/directives.md'
VERBOSE [5.48 s]: > Including configuration file 'file:///home/runner/.autorest/@autorest_core@3.5.0-ci.b8e3f92c0/node_modules/@autorest/core/dist/resources/pipeline.md'
VERBOSE [5.5 s]: > Including configuration file 'file:///home/runner/.autorest/@autorest_core@3.5.0-ci.b8e3f92c0/node_modules/@autorest/core/dist/resources/loader-openapi.md'
VERBOSE [5.51 s]: > Including configuration file 'file:///home/runner/.autorest/@autorest_core@3.5.0-ci.b8e3f92c0/node_modules/@autorest/core/dist/resources/miscellaneous.md'
VERBOSE [5.52 s]: > Including configuration file 'file:///home/runner/.autorest/@autorest_core@3.5.0-ci.b8e3f92c0/node_modules/@autorest/core/dist/resources/plugin-powershell.md'
VERBOSE [5.53 s]: > Including configuration file 'file:///home/runner/.autorest/@autorest_core@3.5.0-ci.b8e3f92c0/node_modules/@autorest/core/dist/resources/plugin-azureresourceschema.md'
VERBOSE [5.55 s]: > Including configuration file 'file:///home/runner/.autorest/@autorest_core@3.5.0-ci.b8e3f92c0/node_modules/@autorest/core/dist/resources/plugin-csharp.md'
VERBOSE [5.56 s]: > Including configuration file 'file:///home/runner/.autorest/@autorest_core@3.5.0-ci.b8e3f92c0/node_modules/@autorest/core/dist/resources/plugin-go.md'
VERBOSE [5.58 s]: > Including configuration file 'file:///home/runner/.autorest/@autorest_core@3.5.0-ci.b8e3f92c0/node_modules/@autorest/core/dist/resources/plugin-java.md'
VERBOSE [5.59 s]: > Including configuration file 'file:///home/runner/.autorest/@autorest_core@3.5.0-ci.b8e3f92c0/node_modules/@autorest/core/dist/resources/plugin-nodejs.md'
VERBOSE [5.61 s]: > Including configuration file 'file:///home/runner/.autorest/@autorest_core@3.5.0-ci.b8e3f92c0/node_modules/@autorest/core/dist/resources/plugin-php.md'
VERBOSE [5.63 s]: > Including configuration file 'file:///home/runner/.autorest/@autorest_core@3.5.0-ci.b8e3f92c0/node_modules/@autorest/core/dist/resources/plugin-python.md'
VERBOSE [5.64 s]: > Including configuration file 'file:///home/runner/.autorest/@autorest_core@3.5.0-ci.b8e3f92c0/node_modules/@autorest/core/dist/resources/plugin-ruby.md'
VERBOSE [5.66 s]: > Including configuration file 'file:///home/runner/.autorest/@autorest_core@3.5.0-ci.b8e3f92c0/node_modules/@autorest/core/dist/resources/plugin-typescript.md'
VERBOSE [5.68 s]: > Including configuration file 'file:///home/runner/.autorest/@autorest_core@3.5.0-ci.b8e3f92c0/node_modules/@autorest/core/dist/resources/plugin-validators.md'
VERBOSE [5.7 s]: > Including configuration file 'file:///home/runner/.autorest/@autorest_core@3.5.0-ci.b8e3f92c0/node_modules/@autorest/core/dist/resources/plugin-az.md'
VERBOSE [5.72 s]: > Including configuration file 'file:///home/runner/.autorest/@autorest_core@3.5.0-ci.b8e3f92c0/node_modules/@autorest/core/dist/resources/plugin-terraform.md'
VERBOSE [5.73 s]: > Including configuration file 'file:///home/runner/.autorest/@autorest_core@3.5.0-ci.b8e3f92c0/node_modules/@autorest/core/dist/resources/plugin-azure-functions.md'
VERBOSE [5.75 s]: > Including configuration file 'file:///home/runner/.autorest/@autorest_core@3.5.0-ci.b8e3f92c0/node_modules/@autorest/core/dist/resources/graphs.md'
VERBOSE [5.77 s]: > Including configuration file 'file:///home/runner/.autorest/@autorest_core@3.5.0-ci.b8e3f92c0/node_modules/@autorest/core/dist/resources/help-configuration.md'
INFORMATION: > Loading local AutoRest extension '@autorest/bicep' (/home/runner/work/bicep-types-az/bicep-types-az/src/autorest.bicep)
VERBOSE [5.84 s]: > Including extension configuration file 'file:///home/runner/work/bicep-types-az/bicep-types-az/src/autorest.bicep/README.md'
VERBOSE [5.84 s]: > Including configuration file 'file:///home/runner/work/bicep-types-az/bicep-types-az/src/autorest.bicep/README.md'
INFORMATION: > Loading AutoRest extension '@autorest/modelerfour' (https://tinyurl.com/yhlkz69y->4.20.0-ci.b8e3f92c0)
VERBOSE [6.39 s]: > Including extension configuration file 'file:///home/runner/.autorest/@autorest_modelerfour@4.20.0-ci.b8e3f92c0/node_modules/@autorest/modelerfour/readme.md'
VERBOSE [6.39 s]: > Including configuration file 'file:///home/runner/.autorest/@autorest_modelerfour@4.20.0-ci.b8e3f92c0/node_modules/@autorest/modelerfour/readme.md'
DEBUG [6.66 s]: swagger-document/loader-swagger - START inputs = 0
DEBUG [6.66 s]: openapi-document/loader-openapi - START inputs = 0
DEBUG [6.66 s]: pipeline-emitter - START inputs = 0
DEBUG [6.66 s]: configuration-emitter - START inputs = 0
DEBUG [6.66 s]: pipeline-emitter - END [0.04 s][82 MB]
DEBUG [6.66 s]: configuration-emitter - END [0.04 s][82 MB]
VERBOSE [6.67 s]: Reading OpenAPI 2.0 file file:///home/runner/work/bicep-types-az/bicep-types-az/workflow-temp/azure-rest-api-specs/specification/adp/resource-manager/Microsoft.AutonomousDevelopmentPlatform/preview/2021-02-01-preview/adp.json
DEBUG [6.67 s]: openapi-document/loader-openapi - END [0.04 s][87 MB]
VERBOSE [6.71 s]: Reading $ref'd file file:///home/runner/work/bicep-types-az/bicep-types-az/workflow-temp/azure-rest-api-specs/specification/common-types/resource-management/v1/types.json
DEBUG [6.71 s]: openapi-document/individual/transform - SKIPPING
DEBUG [6.71 s]: openapi-document/individual/schema-validator-openapi - SKIPPING
DEBUG [6.71 s]: openapi-document/individual/identity - SKIPPING
DEBUG [6.76 s]: swagger-document/loader-swagger - END [0.13 s][96 MB]
DEBUG [6.76 s]: swagger-document/individual/transform - START inputs = 2
DEBUG [6.83 s]: swagger-document/individual/transform - END [0.07 s][98 MB]
DEBUG [6.83 s]: swagger-document/individual/schema-validator-swagger - START inputs = 2
DEBUG [6.84 s]: swagger-document/individual/schema-validator-swagger - END [0 s][99 MB]
DEBUG [6.84 s]: swagger-document/identity - START inputs = 2
DEBUG [6.84 s]: swagger-document/individual/identity - START inputs = 2
DEBUG [6.84 s]: swagger-document/identity - END [0 s][99 MB]
DEBUG [6.84 s]: swagger-document/individual/identity - END [0 s][99 MB]
DEBUG [6.84 s]: openapi-document/openapi-document-converter - START inputs = 2
DEBUG [6.88 s]: openapi-document/openapi-document-converter - END [0.03 s][103 MB]
DEBUG [6.88 s]: openapi-document/transform - START inputs = 2
DEBUG [6.89 s]: openapi-document/transform - END [0 s][107 MB]
DEBUG [6.89 s]: openapi-document/semantic-validator - START inputs = 2
WARNING: Semantic validation was skipped.
DEBUG [6.89 s]: openapi-document/semantic-validator - END [0 s][97 MB]
DEBUG [6.89 s]: openapi-document/allof-cleaner - START inputs = 2
DEBUG [6.9 s]: openapi-document/allof-cleaner - END [0 s][98 MB]
DEBUG [6.9 s]: openapi-document/tree-shaker - START inputs = 2
DEBUG [6.96 s]: openapi-document/tree-shaker - END [0.06 s][109 MB]
DEBUG [6.96 s]: openapi-document/multi-api-merger - START inputs = 2
DEBUG [7.05 s]: openapi-document/multi-api-merger - END [0.08 s][113 MB]
DEBUG [7.05 s]: openapi-document/components-cleaner - START inputs = 1
DEBUG [7.12 s]: openapi-document/components-cleaner - END [0.06 s][129 MB]
DEBUG [7.13 s]: openapi-document/component-modifiers - START inputs = 1
DEBUG [7.14 s]: openapi-document/component-modifiers - END [0 s][127 MB]
DEBUG [7.14 s]: openapi-document/api-version-parameter-handler - START inputs = 1
DEBUG [7.14 s]: openapi-document/api-version-parameter-handler - END [0 s][127 MB]
DEBUG [7.14 s]: openapi-document/profile-filter - START inputs = 1
DEBUG [7.14 s]: openapi-document/profile-filter - END [0 s][127 MB]
DEBUG [7.14 s]: openapi-document/model-deduplicator - START inputs = 1
DEBUG [7.14 s]: openapi-document/emitter - START inputs = 1
DEBUG [7.14 s]: openapi-document/model-deduplicator - END [0 s][127 MB]
DEBUG [7.14 s]: openapi-document/emitter - END [0 s][127 MB]
DEBUG [7.14 s]: openapi-document/enum-deduplicator - START inputs = 1
DEBUG [7.23 s]: openapi-document/enum-deduplicator - END [0.08 s][137 MB]
DEBUG [7.23 s]: openapi-document/subset-reducer - START inputs = 1
DEBUG [7.25 s]: openapi-document/subset-reducer - END [0 s][137 MB]
DEBUG [7.25 s]: openapi-document/quick-check - START inputs = 1
DEBUG [7.25 s]: openapi-document/multi-api/reset-identity - START inputs = 1
DEBUG [7.26 s]: openapi-document/quick-check - END [0.01 s][144 MB]
DEBUG [7.26 s]: openapi-document/multi-api/reset-identity - END [0.01 s][144 MB]
DEBUG [7.27 s]: openapi-document/multi-api/identity - START inputs = 1
DEBUG [7.27 s]: openapi-document/multi-api/identity - END [0 s][132 MB]
DEBUG [7.27 s]: openapi-document/multi-api/emitter - START inputs = 1
DEBUG [7.27 s]: prechecker - START inputs = 1
DEBUG [7.27 s]: openapi-document/multi-api/emitter - END [0 s][133 MB]

WARNING (PreCheck/SchemaMissingType): The schema 'AccountCheckNameAvailabilityParameters' with an undefined type and declared properties is a bit ambiguous. This has been auto-corrected to 'type:object'

WARNING (PreCheck/SchemaMissingType): The schema 'CheckNameAvailabilityResult' with an undefined type and declared properties is a bit ambiguous. This has been auto-corrected to 'type:object'

WARNING (PreCheck/CheckDuplicateSchemas): Checking for duplicate schemas, this could take a (long) while.  Run with --verbose for more detail.
VERBOSE [7.28 s]: Found and removed 0 duplicate schema
DEBUG [7.3 s]: prechecker - END [0.03 s][135 MB]
DEBUG [7.31 s]: modelerfour - START inputs = 2
VERBOSE [7.32 s]:   ModelerFour/api-version-mode:client
VERBOSE [7.32 s]:   ModelerFour/api-version-parameter:constant
VERBOSE [7.32 s]:   ModelerFour/use-model-namespace:false

WARNING (UnkownSecurityScheme): Security scheme azure_auth is unknown and will not be processed. Only supported types are AADToken,AzureKey,Anonymous
DEBUG [7.41 s]: modelerfour - END [0.1 s][137 MB]
DEBUG [7.41 s]: modelerfour/new-transform - START inputs = 2
DEBUG [7.41 s]: modelerfour/new-transform - END [0 s][137 MB]
DEBUG [7.41 s]: modelerfour/flattener - START inputs = 2
DEBUG [7.46 s]: modelerfour/flattener - END [0.04 s][139 MB]
DEBUG [7.46 s]: modelerfour/flattener/new-transform - START inputs = 2
DEBUG [7.46 s]: modelerfour/flattener/new-transform - END [0 s][139 MB]
DEBUG [7.46 s]: modelerfour/grouper - START inputs = 2
DEBUG [7.51 s]: modelerfour/grouper - END [0.04 s][140 MB]
DEBUG [7.51 s]: modelerfour/grouper/new-transform - START inputs = 2
DEBUG [7.51 s]: modelerfour/grouper/new-transform - END [0 s][141 MB]
DEBUG [7.51 s]: modelerfour/pre-namer - START inputs = 2
DEBUG [7.58 s]: modelerfour/pre-namer - END [0.06 s][142 MB]
DEBUG [7.58 s]: modelerfour/pre-namer/new-transform - START inputs = 2
DEBUG [7.58 s]: modelerfour/pre-namer/new-transform - END [0 s][143 MB]
DEBUG [7.58 s]: modelerfour/checker - START inputs = 4
DEBUG [7.63 s]: modelerfour/checker - END [0.04 s][144 MB]
DEBUG [7.63 s]: modelerfour/identity - START inputs = 2
DEBUG [7.63 s]: modelerfour/identity - END [0 s][144 MB]
DEBUG [7.63 s]: bicep - START inputs = 2
DEBUG [7.63 s]: modelerfour/emitter - START inputs = 2
DEBUG [7.63 s]: modelerfour/notags/emitter - START inputs = 2
DEBUG [7.63 s]: modelerfour/emitter - END [0 s][145 MB]
DEBUG [7.63 s]: modelerfour/notags/emitter - END [0 s][145 MB]
INFORMATION: autorest.bicep took 2ms
DEBUG [7.67 s]: bicep - END [0.04 s][145 MB]
DEBUG [7.67 s]: bicep/emitter - START inputs = 2
DEBUG [7.67 s]: Emitting 'bicep-files' at file:///tmp/_bcp_1625795651387/adp/microsoft.autonomousdevelopmentplatform/2021-02-01-preview/types.json
DEBUG [7.67 s]: Emitting 'bicep-files' at file:///tmp/_bcp_1625795651387/adp/microsoft.autonomousdevelopmentplatform/2021-02-01-preview/types.md
DEBUG [7.67 s]: bicep/emitter - END [0 s][146 MB]
[7.68 s] Clearing Folders.
[7.68 s] Writing Outputs.
[7.68 s] Generation Complete
[7.68 s] Shutting Down.
[7.68 s] Exiting.
