SourceMapConsumer.initialize is a no-op when running in node.js
AutoRest code generation utility [cli version: 3.5.1; node: v16.13.2]
(C) 2018 Microsoft Corporation.
https://aka.ms/autorest
SourceMapConsumer.initialize is a no-op when running in node.js
info    |    Loading AutoRest core      '/home/runner/work/bicep-types-az/bicep-types-az/src/generator/node_modules/@autorest/core/dist' (3.7.5)
info    |    Loading local AutoRest extension '@autorest/bicep' (/home/runner/work/bicep-types-az/bicep-types-az/src/autorest.bicep)
info    |    Loading AutoRest extension '@autorest/modelerfour' (*->4.22.3)
info    | Processing batch task - {"tag":"microsoft.vmwarecloudsimple-2019-04-01"} .
info    |    Loading local AutoRest extension '@autorest/bicep' (/home/runner/work/bicep-types-az/bicep-types-az/src/autorest.bicep)
info    |    Loading AutoRest extension '@autorest/modelerfour' (*->4.22.3)
warning | SkippedSemanticValidation | Semantic validation was skipped.
warning | PreCheck/SchemaMissingType | The schema 'AvailableOperation' with an undefined type and declared properties is a bit ambiguous. This has been auto-corrected to 'type:object'
    - file:///home/runner/work/bicep-types-az/bicep-types-az/workflow-temp/azure-rest-api-specs/specification/vmwarecloudsimple/resource-manager/Microsoft.VMwareCloudSimple/stable/2019-04-01/vmwarecloudsimple.json:2095:5
warning | PreCheck/SchemaMissingType | The schema 'AvailableOperationDisplayPropertyServiceSpecification' with an undefined type and declared properties is a bit ambiguous. This has been auto-corrected to 'type:object'
    - file:///home/runner/work/bicep-types-az/bicep-types-az/workflow-temp/azure-rest-api-specs/specification/vmwarecloudsimple/resource-manager/Microsoft.VMwareCloudSimple/stable/2019-04-01/vmwarecloudsimple.json:2153:5
warning | PreCheck/SchemaMissingType | The schema 'AvailableOperationDisplayPropertyServiceSpecificationMetricsItem' with an undefined type and declared properties is a bit ambiguous. This has been auto-corrected to 'type:object'
    - file:///home/runner/work/bicep-types-az/bicep-types-az/workflow-temp/azure-rest-api-specs/specification/vmwarecloudsimple/resource-manager/Microsoft.VMwareCloudSimple/stable/2019-04-01/vmwarecloudsimple.json:2162:5
warning | PreCheck/SchemaMissingType | The schema 'AvailableOperationDisplayPropertyServiceSpecificationMetricsList' with an undefined type and declared properties is a bit ambiguous. This has been auto-corrected to 'type:object'
    - file:///home/runner/work/bicep-types-az/bicep-types-az/workflow-temp/azure-rest-api-specs/specification/vmwarecloudsimple/resource-manager/Microsoft.VMwareCloudSimple/stable/2019-04-01/vmwarecloudsimple.json:2206:5
warning | PreCheck/SchemaMissingType | The schema 'AvailableOperationsListResponse' with an undefined type and declared properties is a bit ambiguous. This has been auto-corrected to 'type:object'
    - file:///home/runner/work/bicep-types-az/bicep-types-az/workflow-temp/azure-rest-api-specs/specification/vmwarecloudsimple/resource-manager/Microsoft.VMwareCloudSimple/stable/2019-04-01/vmwarecloudsimple.json:2219:5
warning | PreCheck/SchemaMissingType | The schema 'CSRPError' with an undefined type and declared properties is a bit ambiguous. This has been auto-corrected to 'type:object'
    - file:///home/runner/work/bicep-types-az/bicep-types-az/workflow-temp/azure-rest-api-specs/specification/vmwarecloudsimple/resource-manager/Microsoft.VMwareCloudSimple/stable/2019-04-01/vmwarecloudsimple.json:2235:5
warning | PreCheck/SchemaMissingType | The schema 'CSRPErrorBody' with an undefined type and declared properties is a bit ambiguous. This has been auto-corrected to 'type:object'
    - file:///home/runner/work/bicep-types-az/bicep-types-az/workflow-temp/azure-rest-api-specs/specification/vmwarecloudsimple/resource-manager/Microsoft.VMwareCloudSimple/stable/2019-04-01/vmwarecloudsimple.json:2244:5
warning | PreCheck/SchemaMissingType | The schema 'CustomizationPoliciesListResponse' with an undefined type and declared properties is a bit ambiguous. This has been auto-corrected to 'type:object'
    - file:///home/runner/work/bicep-types-az/bicep-types-az/workflow-temp/azure-rest-api-specs/specification/vmwarecloudsimple/resource-manager/Microsoft.VMwareCloudSimple/stable/2019-04-01/vmwarecloudsimple.json:2381:5
warning | PreCheck/SchemaMissingType | The schema 'DedicatedCloudNode' with an undefined type and declared properties is a bit ambiguous. This has been auto-corrected to 'type:object'
    - file:///home/runner/work/bicep-types-az/bicep-types-az/workflow-temp/azure-rest-api-specs/specification/vmwarecloudsimple/resource-manager/Microsoft.VMwareCloudSimple/stable/2019-04-01/vmwarecloudsimple.json:2472:5
warning | PreCheck/SchemaMissingType | The schema 'DedicatedCloudNodeListResponse' with an undefined type and declared properties is a bit ambiguous. This has been auto-corrected to 'type:object'
    - file:///home/runner/work/bicep-types-az/bicep-types-az/workflow-temp/azure-rest-api-specs/specification/vmwarecloudsimple/resource-manager/Microsoft.VMwareCloudSimple/stable/2019-04-01/vmwarecloudsimple.json:2518:5
warning | PreCheck/SchemaMissingType | The schema 'DedicatedCloudNodeProperties' with an undefined type and declared properties is a bit ambiguous. This has been auto-corrected to 'type:object'
    - file:///home/runner/work/bicep-types-az/bicep-types-az/workflow-temp/azure-rest-api-specs/specification/vmwarecloudsimple/resource-manager/Microsoft.VMwareCloudSimple/stable/2019-04-01/vmwarecloudsimple.json:2534:5
warning | PreCheck/SchemaMissingType | The schema 'DedicatedCloudService' with an undefined type and declared properties is a bit ambiguous. This has been auto-corrected to 'type:object'
    - file:///home/runner/work/bicep-types-az/bicep-types-az/workflow-temp/azure-rest-api-specs/specification/vmwarecloudsimple/resource-manager/Microsoft.VMwareCloudSimple/stable/2019-04-01/vmwarecloudsimple.json:2621:5
warning | PreCheck/SchemaMissingType | The schema 'DedicatedCloudServiceListResponse' with an undefined type and declared properties is a bit ambiguous. This has been auto-corrected to 'type:object'
    - file:///home/runner/work/bicep-types-az/bicep-types-az/workflow-temp/azure-rest-api-specs/specification/vmwarecloudsimple/resource-manager/Microsoft.VMwareCloudSimple/stable/2019-04-01/vmwarecloudsimple.json:2663:5
warning | PreCheck/SchemaMissingType | The schema 'DedicatedCloudServiceProperties' with an undefined type and declared properties is a bit ambiguous. This has been auto-corrected to 'type:object'
    - file:///home/runner/work/bicep-types-az/bicep-types-az/workflow-temp/azure-rest-api-specs/specification/vmwarecloudsimple/resource-manager/Microsoft.VMwareCloudSimple/stable/2019-04-01/vmwarecloudsimple.json:2679:5
warning | PreCheck/SchemaMissingType | The schema 'GuestOSCustomization' with an undefined type and declared properties is a bit ambiguous. This has been auto-corrected to 'type:object'
    - file:///home/runner/work/bicep-types-az/bicep-types-az/workflow-temp/azure-rest-api-specs/specification/vmwarecloudsimple/resource-manager/Microsoft.VMwareCloudSimple/stable/2019-04-01/vmwarecloudsimple.json:2716:5
warning | PreCheck/SchemaMissingType | The schema 'GuestOSNICCustomization' with an undefined type and declared properties is a bit ambiguous. This has been auto-corrected to 'type:object'
    - file:///home/runner/work/bicep-types-az/bicep-types-az/workflow-temp/azure-rest-api-specs/specification/vmwarecloudsimple/resource-manager/Microsoft.VMwareCloudSimple/stable/2019-04-01/vmwarecloudsimple.json:2744:5
warning | PreCheck/SchemaMissingType | The schema 'OperationError' with an undefined type and declared properties is a bit ambiguous. This has been auto-corrected to 'type:object'
    - file:///home/runner/work/bicep-types-az/bicep-types-az/workflow-temp/azure-rest-api-specs/specification/vmwarecloudsimple/resource-manager/Microsoft.VMwareCloudSimple/stable/2019-04-01/vmwarecloudsimple.json:2791:5
warning | PreCheck/SchemaMissingType | The schema 'OperationResource' with an undefined type and declared properties is a bit ambiguous. This has been auto-corrected to 'type:object'
    - file:///home/runner/work/bicep-types-az/bicep-types-az/workflow-temp/azure-rest-api-specs/specification/vmwarecloudsimple/resource-manager/Microsoft.VMwareCloudSimple/stable/2019-04-01/vmwarecloudsimple.json:2804:5
warning | PreCheck/SchemaMissingType | The schema 'PatchPayload' with an undefined type and declared properties is a bit ambiguous. This has been auto-corrected to 'type:object'
    - file:///home/runner/work/bicep-types-az/bicep-types-az/workflow-temp/azure-rest-api-specs/specification/vmwarecloudsimple/resource-manager/Microsoft.VMwareCloudSimple/stable/2019-04-01/vmwarecloudsimple.json:2840:5
warning | PreCheck/SchemaMissingType | The schema 'PrivateCloud' with an undefined type and declared properties is a bit ambiguous. This has been auto-corrected to 'type:object'
    - file:///home/runner/work/bicep-types-az/bicep-types-az/workflow-temp/azure-rest-api-specs/specification/vmwarecloudsimple/resource-manager/Microsoft.VMwareCloudSimple/stable/2019-04-01/vmwarecloudsimple.json:2849:5
warning | PreCheck/SchemaMissingType | The schema 'PrivateCloudList' with an undefined type and declared properties is a bit ambiguous. This has been auto-corrected to 'type:object'
    - file:///home/runner/work/bicep-types-az/bicep-types-az/workflow-temp/azure-rest-api-specs/specification/vmwarecloudsimple/resource-manager/Microsoft.VMwareCloudSimple/stable/2019-04-01/vmwarecloudsimple.json:2882:5
warning | PreCheck/SchemaMissingType | The schema 'PrivateCloudProperties' with an undefined type and declared properties is a bit ambiguous. This has been auto-corrected to 'type:object'
    - file:///home/runner/work/bicep-types-az/bicep-types-az/workflow-temp/azure-rest-api-specs/specification/vmwarecloudsimple/resource-manager/Microsoft.VMwareCloudSimple/stable/2019-04-01/vmwarecloudsimple.json:2898:5
warning | PreCheck/SchemaMissingType | The schema 'ResourcePool' with an undefined type and declared properties is a bit ambiguous. This has been auto-corrected to 'type:object'
    - file:///home/runner/work/bicep-types-az/bicep-types-az/workflow-temp/azure-rest-api-specs/specification/vmwarecloudsimple/resource-manager/Microsoft.VMwareCloudSimple/stable/2019-04-01/vmwarecloudsimple.json:3013:5
warning | PreCheck/SchemaMissingType | The schema 'ResourcePoolProperties' with an undefined type and declared properties is a bit ambiguous. This has been auto-corrected to 'type:object'
    - file:///home/runner/work/bicep-types-az/bicep-types-az/workflow-temp/azure-rest-api-specs/specification/vmwarecloudsimple/resource-manager/Microsoft.VMwareCloudSimple/stable/2019-04-01/vmwarecloudsimple.json:3050:5
warning | PreCheck/SchemaMissingType | The schema 'ResourcePoolsListResponse' with an undefined type and declared properties is a bit ambiguous. This has been auto-corrected to 'type:object'
    - file:///home/runner/work/bicep-types-az/bicep-types-az/workflow-temp/azure-rest-api-specs/specification/vmwarecloudsimple/resource-manager/Microsoft.VMwareCloudSimple/stable/2019-04-01/vmwarecloudsimple.json:3060:5
warning | PreCheck/SchemaMissingType | The schema 'Sku' with an undefined type and declared properties is a bit ambiguous. This has been auto-corrected to 'type:object'
    - file:///home/runner/work/bicep-types-az/bicep-types-az/workflow-temp/azure-rest-api-specs/specification/vmwarecloudsimple/resource-manager/Microsoft.VMwareCloudSimple/stable/2019-04-01/vmwarecloudsimple.json:3076:5
warning | PreCheck/SchemaMissingType | The schema 'SkuAvailability' with an undefined type and declared properties is a bit ambiguous. This has been auto-corrected to 'type:object'
    - file:///home/runner/work/bicep-types-az/bicep-types-az/workflow-temp/azure-rest-api-specs/specification/vmwarecloudsimple/resource-manager/Microsoft.VMwareCloudSimple/stable/2019-04-01/vmwarecloudsimple.json:3104:5
warning | PreCheck/SchemaMissingType | The schema 'SkuAvailabilityListResponse' with an undefined type and declared properties is a bit ambiguous. This has been auto-corrected to 'type:object'
    - file:///home/runner/work/bicep-types-az/bicep-types-az/workflow-temp/azure-rest-api-specs/specification/vmwarecloudsimple/resource-manager/Microsoft.VMwareCloudSimple/stable/2019-04-01/vmwarecloudsimple.json:3144:5
warning | PreCheck/SchemaMissingType | The schema 'SkuDescription' with an undefined type and declared properties is a bit ambiguous. This has been auto-corrected to 'type:object'
    - file:///home/runner/work/bicep-types-az/bicep-types-az/workflow-temp/azure-rest-api-specs/specification/vmwarecloudsimple/resource-manager/Microsoft.VMwareCloudSimple/stable/2019-04-01/vmwarecloudsimple.json:3160:5
warning | PreCheck/SchemaMissingType | The schema 'Tags' with an undefined type and additionalProperties is a bit ambiguous. This has been auto-corrected to 'type:object'
    - file:///home/runner/work/bicep-types-az/bicep-types-az/workflow-temp/azure-rest-api-specs/specification/vmwarecloudsimple/resource-manager/Microsoft.VMwareCloudSimple/stable/2019-04-01/vmwarecloudsimple.json:3177:5
warning | PreCheck/SchemaMissingType | The schema 'Usage' with an undefined type and declared properties is a bit ambiguous. This has been auto-corrected to 'type:object'
    - file:///home/runner/work/bicep-types-az/bicep-types-az/workflow-temp/azure-rest-api-specs/specification/vmwarecloudsimple/resource-manager/Microsoft.VMwareCloudSimple/stable/2019-04-01/vmwarecloudsimple.json:3183:5
warning | PreCheck/SchemaMissingType | The schema 'UsageListResponse' with an undefined type and declared properties is a bit ambiguous. This has been auto-corrected to 'type:object'
    - file:///home/runner/work/bicep-types-az/bicep-types-az/workflow-temp/azure-rest-api-specs/specification/vmwarecloudsimple/resource-manager/Microsoft.VMwareCloudSimple/stable/2019-04-01/vmwarecloudsimple.json:3222:5
warning | PreCheck/SchemaMissingType | The schema 'UsageName' with an undefined type and declared properties is a bit ambiguous. This has been auto-corrected to 'type:object'
    - file:///home/runner/work/bicep-types-az/bicep-types-az/workflow-temp/azure-rest-api-specs/specification/vmwarecloudsimple/resource-manager/Microsoft.VMwareCloudSimple/stable/2019-04-01/vmwarecloudsimple.json:3239:5
warning | PreCheck/SchemaMissingType | The schema 'VirtualDisk' with an undefined type and declared properties is a bit ambiguous. This has been auto-corrected to 'type:object'
    - file:///home/runner/work/bicep-types-az/bicep-types-az/workflow-temp/azure-rest-api-specs/specification/vmwarecloudsimple/resource-manager/Microsoft.VMwareCloudSimple/stable/2019-04-01/vmwarecloudsimple.json:3252:5
warning | PreCheck/SchemaMissingType | The schema 'VirtualDiskController' with an undefined type and declared properties is a bit ambiguous. This has been auto-corrected to 'type:object'
    - file:///home/runner/work/bicep-types-az/bicep-types-az/workflow-temp/azure-rest-api-specs/specification/vmwarecloudsimple/resource-manager/Microsoft.VMwareCloudSimple/stable/2019-04-01/vmwarecloudsimple.json:3292:5
warning | PreCheck/SchemaMissingType | The schema 'VirtualMachine' with an undefined type and declared properties is a bit ambiguous. This has been auto-corrected to 'type:object'
    - file:///home/runner/work/bicep-types-az/bicep-types-az/workflow-temp/azure-rest-api-specs/specification/vmwarecloudsimple/resource-manager/Microsoft.VMwareCloudSimple/stable/2019-04-01/vmwarecloudsimple.json:3317:5
warning | PreCheck/SchemaMissingType | The schema 'VirtualMachineListResponse' with an undefined type and declared properties is a bit ambiguous. This has been auto-corrected to 'type:object'
    - file:///home/runner/work/bicep-types-az/bicep-types-az/workflow-temp/azure-rest-api-specs/specification/vmwarecloudsimple/resource-manager/Microsoft.VMwareCloudSimple/stable/2019-04-01/vmwarecloudsimple.json:3359:5
warning | PreCheck/SchemaMissingType | The schema 'VirtualMachineProperties' with an undefined type and declared properties is a bit ambiguous. This has been auto-corrected to 'type:object'
    - file:///home/runner/work/bicep-types-az/bicep-types-az/workflow-temp/azure-rest-api-specs/specification/vmwarecloudsimple/resource-manager/Microsoft.VMwareCloudSimple/stable/2019-04-01/vmwarecloudsimple.json:3375:5
warning | PreCheck/SchemaMissingType | The schema 'VirtualMachineStopMode' with an undefined type and declared properties is a bit ambiguous. This has been auto-corrected to 'type:object'
    - file:///home/runner/work/bicep-types-az/bicep-types-az/workflow-temp/azure-rest-api-specs/specification/vmwarecloudsimple/resource-manager/Microsoft.VMwareCloudSimple/stable/2019-04-01/vmwarecloudsimple.json:3516:5
warning | PreCheck/SchemaMissingType | The schema 'VirtualMachineTemplate' with an undefined type and declared properties is a bit ambiguous. This has been auto-corrected to 'type:object'
    - file:///home/runner/work/bicep-types-az/bicep-types-az/workflow-temp/azure-rest-api-specs/specification/vmwarecloudsimple/resource-manager/Microsoft.VMwareCloudSimple/stable/2019-04-01/vmwarecloudsimple.json:3535:5
warning | PreCheck/SchemaMissingType | The schema 'VirtualMachineTemplateListResponse' with an undefined type and declared properties is a bit ambiguous. This has been auto-corrected to 'type:object'
    - file:///home/runner/work/bicep-types-az/bicep-types-az/workflow-temp/azure-rest-api-specs/specification/vmwarecloudsimple/resource-manager/Microsoft.VMwareCloudSimple/stable/2019-04-01/vmwarecloudsimple.json:3564:5
warning | PreCheck/SchemaMissingType | The schema 'VirtualMachineTemplateProperties' with an undefined type and declared properties is a bit ambiguous. This has been auto-corrected to 'type:object'
    - file:///home/runner/work/bicep-types-az/bicep-types-az/workflow-temp/azure-rest-api-specs/specification/vmwarecloudsimple/resource-manager/Microsoft.VMwareCloudSimple/stable/2019-04-01/vmwarecloudsimple.json:3580:5
warning | PreCheck/SchemaMissingType | The schema 'VirtualNetwork' with an undefined type and declared properties is a bit ambiguous. This has been auto-corrected to 'type:object'
    - file:///home/runner/work/bicep-types-az/bicep-types-az/workflow-temp/azure-rest-api-specs/specification/vmwarecloudsimple/resource-manager/Microsoft.VMwareCloudSimple/stable/2019-04-01/vmwarecloudsimple.json:3663:5
warning | PreCheck/SchemaMissingType | The schema 'VirtualNetworkListResponse' with an undefined type and declared properties is a bit ambiguous. This has been auto-corrected to 'type:object'
    - file:///home/runner/work/bicep-types-az/bicep-types-az/workflow-temp/azure-rest-api-specs/specification/vmwarecloudsimple/resource-manager/Microsoft.VMwareCloudSimple/stable/2019-04-01/vmwarecloudsimple.json:3700:5
warning | PreCheck/SchemaMissingType | The schema 'VirtualNetworkProperties' with an undefined type and declared properties is a bit ambiguous. This has been auto-corrected to 'type:object'
    - file:///home/runner/work/bicep-types-az/bicep-types-az/workflow-temp/azure-rest-api-specs/specification/vmwarecloudsimple/resource-manager/Microsoft.VMwareCloudSimple/stable/2019-04-01/vmwarecloudsimple.json:3716:5
warning | PreCheck/SchemaMissingType | The schema 'VirtualNic' with an undefined type and declared properties is a bit ambiguous. This has been auto-corrected to 'type:object'
    - file:///home/runner/work/bicep-types-az/bicep-types-az/workflow-temp/azure-rest-api-specs/specification/vmwarecloudsimple/resource-manager/Microsoft.VMwareCloudSimple/stable/2019-04-01/vmwarecloudsimple.json:3726:5
warning | PreCheck/CheckDuplicateSchemas | Checking for duplicate schemas, this could take a (long) while.  Run with --verbose for more detail.
warning | UnkownSecurityScheme | Security scheme azure_auth is unknown and will not be processed. Only supported types are AADToken,AzureKey,Anonymous
info    | autorest.bicep took 12ms
info    | Generation Complete
