AutoRest code generation utility [cli version: 3.2.1; node: v14.17.0, max-memory: 2048 MB]
(C) 2018 Microsoft Corporation.
https://aka.ms/autorest
   Loading AutoRest core      '/home/runner/work/bicep-types-az/bicep-types-az/src/generator/node_modules/@autorest/core/dist' (3.4.3)
INFORMATION: > Loading local AutoRest extension '@autorest/bicep' (/home/runner/work/bicep-types-az/bicep-types-az/src/autorest.bicep)
INFORMATION: > Loading AutoRest extension '@autorest/modelerfour' (4.19.2->4.19.2)
Processing batch task - {"tag":"microsoft.securityinsights-2020-01-01"} .
INFORMATION: > Loading local AutoRest extension '@autorest/bicep' (/home/runner/work/bicep-types-az/bicep-types-az/src/autorest.bicep)
INFORMATION: > Loading AutoRest extension '@autorest/modelerfour' (4.19.2->4.19.2)
WARNING: Semantic validation was skipped.

WARNING (PreCheck/SchemaMissingType): The schema 'ActionsList' with an undefined type and declared properties is a bit ambiguous. This has been auto-corrected to 'type:object'

WARNING (PreCheck/SchemaMissingType): The schema 'AlertRuleTemplatesList' with an undefined type and declared properties is a bit ambiguous. This has been auto-corrected to 'type:object'

WARNING (PreCheck/SchemaMissingType): The schema 'AlertRulesList' with an undefined type and declared properties is a bit ambiguous. This has been auto-corrected to 'type:object'

WARNING (PreCheck/SchemaMissingType): The schema 'BookmarkList' with an undefined type and declared properties is a bit ambiguous. This has been auto-corrected to 'type:object'

WARNING (PreCheck/SchemaMissingType): The schema 'CloudError' with an undefined type and declared properties is a bit ambiguous. This has been auto-corrected to 'type:object'

WARNING (PreCheck/SchemaMissingType): The schema 'DataConnectorList' with an undefined type and declared properties is a bit ambiguous. This has been auto-corrected to 'type:object'

WARNING (PreCheck/SchemaMissingType): The schema 'IncidentCommentList' with an undefined type and declared properties is a bit ambiguous. This has been auto-corrected to 'type:object'

WARNING (PreCheck/SchemaMissingType): The schema 'IncidentList' with an undefined type and declared properties is a bit ambiguous. This has been auto-corrected to 'type:object'

WARNING (PreCheck/SchemaMissingType): The schema 'OfficeConsentList' with an undefined type and declared properties is a bit ambiguous. This has been auto-corrected to 'type:object'

WARNING (PreCheck/SchemaMissingType): The schema 'Operation' with an undefined type and declared properties is a bit ambiguous. This has been auto-corrected to 'type:object'

WARNING (PreCheck/SchemaMissingType): The schema 'OperationsList' with an undefined type and declared properties is a bit ambiguous. This has been auto-corrected to 'type:object'

WARNING (PreCheck/SchemaMissingType): The schema 'Resource' with an undefined type and declared properties is a bit ambiguous. This has been auto-corrected to 'type:object'

WARNING (PreCheck/SchemaMissingType): The schema 'ResourceWithEtag' with an undefined type and declared properties is a bit ambiguous. This has been auto-corrected to 'type:object'

WARNING (PreCheck/SchemaMissingType): The schema 'ErrorResponse' with an undefined type and declared properties is a bit ambiguous. This has been auto-corrected to 'type:object'

WARNING (PreCheck/SchemaMissingType): The schema 'ErrorAdditionalInfo' with an undefined type and declared properties is a bit ambiguous. This has been auto-corrected to 'type:object'

WARNING (PreCheck/CheckDuplicateSchemas): Checking for duplicate schemas, this could take a (long) while.  Run with --verbose for more detail.

WARNING (PreCheck/PropertyRedeclarationWarning): Schema 'MCASDataConnectorDataTypes' has a property 'alerts' that is already declared the parent schema 'AlertsDataTypeOfDataConnector' but isn't significantly different. The property has been removed from MCASDataConnectorDataTypes

WARNING (UnkownSecurityScheme): Security scheme azure_auth is unknown and will not be processed. Only supported types are AADToken,AzureKey
INFORMATION: autorest.bicep took 11ms
Processing batch task - {"tag":"microsoft.securityinsights-2021-03-01-preview"} .
INFORMATION: > Loading local AutoRest extension '@autorest/bicep' (/home/runner/work/bicep-types-az/bicep-types-az/src/autorest.bicep)
INFORMATION: > Loading AutoRest extension '@autorest/modelerfour' (4.19.2->4.19.2)
WARNING: Semantic validation was skipped.

WARNING (PreCheck/SchemaMissingType): The schema 'SettingList' with an undefined type and declared properties is a bit ambiguous. This has been auto-corrected to 'type:object'

WARNING (PreCheck/SchemaMissingType): The schema 'UebaProperties' with an undefined type and declared properties is a bit ambiguous. This has been auto-corrected to 'type:object'

WARNING (PreCheck/SchemaMissingType): The schema 'Sku' with an undefined type and declared properties is a bit ambiguous. This has been auto-corrected to 'type:object'

WARNING (PreCheck/SchemaMissingType): The schema 'SentinelOnboardingStatesList' with an undefined type and declared properties is a bit ambiguous. This has been auto-corrected to 'type:object'

WARNING (PreCheck/SchemaMissingType): The schema 'OperationsList' with an undefined type and declared properties is a bit ambiguous. This has been auto-corrected to 'type:object'

WARNING (PreCheck/SchemaMissingType): The schema 'Operation' with an undefined type and declared properties is a bit ambiguous. This has been auto-corrected to 'type:object'

WARNING (PreCheck/SchemaMissingType): The schema 'DataConnectorList' with an undefined type and declared properties is a bit ambiguous. This has been auto-corrected to 'type:object'

WARNING (PreCheck/SchemaMissingType): The schema 'CodelessUiConnectorConfigProperties-graphQueriesItem' with an undefined type and 'allOf'/'anyOf'/'oneOf' is a bit ambiguous. This has been auto-corrected to 'type:object'

WARNING (PreCheck/SchemaMissingType): The schema 'CodelessUiConnectorConfigProperties-sampleQueriesItem' with an undefined type and 'allOf'/'anyOf'/'oneOf' is a bit ambiguous. This has been auto-corrected to 'type:object'

WARNING (PreCheck/SchemaMissingType): The schema 'CodelessUiConnectorConfigProperties-dataTypesItem' with an undefined type and 'allOf'/'anyOf'/'oneOf' is a bit ambiguous. This has been auto-corrected to 'type:object'

WARNING (PreCheck/SchemaMissingType): The schema 'CodelessUiConnectorConfigProperties-connectivityCriteriaItem' with an undefined type and 'allOf'/'anyOf'/'oneOf' is a bit ambiguous. This has been auto-corrected to 'type:object'

WARNING (PreCheck/SchemaMissingType): The schema 'CodelessUiConnectorConfigProperties-instructionStepsItem' with an undefined type and 'allOf'/'anyOf'/'oneOf' is a bit ambiguous. This has been auto-corrected to 'type:object'

WARNING (PreCheck/SchemaMissingType): The schema 'Permissions-resourceProviderItem' with an undefined type and 'allOf'/'anyOf'/'oneOf' is a bit ambiguous. This has been auto-corrected to 'type:object'

WARNING (PreCheck/SchemaMissingType): The schema 'Permissions-customsItem' with an undefined type and 'allOf'/'anyOf'/'oneOf' is a bit ambiguous. This has been auto-corrected to 'type:object'

WARNING (PreCheck/SchemaMissingType): The schema 'InstructionSteps-instructionsItem' with an undefined type and 'allOf'/'anyOf'/'oneOf' is a bit ambiguous. This has been auto-corrected to 'type:object'

WARNING (PreCheck/SchemaMissingType): The schema 'WatchlistList' with an undefined type and declared properties is a bit ambiguous. This has been auto-corrected to 'type:object'

WARNING (PreCheck/SchemaMissingType): The schema 'WatchlistItemList' with an undefined type and declared properties is a bit ambiguous. This has been auto-corrected to 'type:object'

WARNING (PreCheck/SchemaMissingType): The schema 'ResourceWithEtag' with an undefined type and declared properties is a bit ambiguous. This has been auto-corrected to 'type:object'

WARNING (PreCheck/CheckDuplicateSchemas): Checking for duplicate schemas, this could take a (long) while.  Run with --verbose for more detail.

WARNING (UnkownSecurityScheme): Security scheme azure_auth is unknown and will not be processed. Only supported types are AADToken,AzureKey

WARNING (UnkownSecurityScheme): Security scheme azure_auth is unknown and will not be processed. Only supported types are AADToken,AzureKey

WARNING (UnkownSecurityScheme): Security scheme azure_auth is unknown and will not be processed. Only supported types are AADToken,AzureKey

WARNING (UnkownSecurityScheme): Security scheme azure_auth is unknown and will not be processed. Only supported types are AADToken,AzureKey

WARNING (UnkownSecurityScheme): Security scheme azure_auth is unknown and will not be processed. Only supported types are AADToken,AzureKey
WARNING: Unrecognized property type: any-object. Returning 'any'.
WARNING: Unrecognized property type: any-object. Returning 'any'.
WARNING: Unrecognized property type: any-object. Returning 'any'.
INFORMATION: autorest.bicep took 9ms
Processing batch task - {"tag":"microsoft.securityinsights-2019-01-01-preview"} .
INFORMATION: > Loading local AutoRest extension '@autorest/bicep' (/home/runner/work/bicep-types-az/bicep-types-az/src/autorest.bicep)
INFORMATION: > Loading AutoRest extension '@autorest/modelerfour' (4.19.2->4.19.2)
WARNING: Semantic validation was skipped.

WARNING (PreCheck/SchemaMissingType): The schema 'MLBehaviorAnalyticsAlertRuleTemplate-properties' with an undefined type and declared properties is a bit ambiguous. This has been auto-corrected to 'type:object'

WARNING (PreCheck/SchemaMissingType): The schema 'ActionsList' with an undefined type and declared properties is a bit ambiguous. This has been auto-corrected to 'type:object'

WARNING (PreCheck/SchemaMissingType): The schema 'AlertRuleTemplatesList' with an undefined type and declared properties is a bit ambiguous. This has been auto-corrected to 'type:object'

WARNING (PreCheck/SchemaMissingType): The schema 'AlertRulesList' with an undefined type and declared properties is a bit ambiguous. This has been auto-corrected to 'type:object'

WARNING (PreCheck/SchemaMissingType): The schema 'AutomationRulesList' with an undefined type and declared properties is a bit ambiguous. This has been auto-corrected to 'type:object'

WARNING (PreCheck/SchemaMissingType): The schema 'CaseRelationList' with an undefined type and declared properties is a bit ambiguous. This has been auto-corrected to 'type:object'

WARNING (PreCheck/SchemaMissingType): The schema 'BookmarkList' with an undefined type and declared properties is a bit ambiguous. This has been auto-corrected to 'type:object'

WARNING (PreCheck/SchemaMissingType): The schema 'BookmarkExpandParameters' with an undefined type and declared properties is a bit ambiguous. This has been auto-corrected to 'type:object'

WARNING (PreCheck/SchemaMissingType): The schema 'BookmarkExpandResponse' with an undefined type and declared properties is a bit ambiguous. This has been auto-corrected to 'type:object'

WARNING (PreCheck/SchemaMissingType): The schema 'CaseCommentList' with an undefined type and declared properties is a bit ambiguous. This has been auto-corrected to 'type:object'

WARNING (PreCheck/SchemaMissingType): The schema 'CaseList' with an undefined type and declared properties is a bit ambiguous. This has been auto-corrected to 'type:object'

WARNING (PreCheck/SchemaMissingType): The schema 'DataConnectorList' with an undefined type and declared properties is a bit ambiguous. This has been auto-corrected to 'type:object'

WARNING (PreCheck/SchemaMissingType): The schema 'EnrichmentDomainWhois' with an undefined type and declared properties is a bit ambiguous. This has been auto-corrected to 'type:object'

WARNING (PreCheck/SchemaMissingType): The schema 'EnrichmentDomainWhoisDetails' with an undefined type and declared properties is a bit ambiguous. This has been auto-corrected to 'type:object'

WARNING (PreCheck/SchemaMissingType): The schema 'EnrichmentDomainWhoisRegistrarDetails' with an undefined type and declared properties is a bit ambiguous. This has been auto-corrected to 'type:object'

WARNING (PreCheck/SchemaMissingType): The schema 'EnrichmentDomainWhoisContacts' with an undefined type and declared properties is a bit ambiguous. This has been auto-corrected to 'type:object'

WARNING (PreCheck/SchemaMissingType): The schema 'EnrichmentDomainWhoisContact' with an undefined type and declared properties is a bit ambiguous. This has been auto-corrected to 'type:object'

WARNING (PreCheck/SchemaMissingType): The schema 'EnrichmentIpGeodata' with an undefined type and declared properties is a bit ambiguous. This has been auto-corrected to 'type:object'

WARNING (PreCheck/SchemaMissingType): The schema 'EntityExpandParameters' with an undefined type and declared properties is a bit ambiguous. This has been auto-corrected to 'type:object'

WARNING (PreCheck/SchemaMissingType): The schema 'EntityTimelineParameters' with an undefined type and declared properties is a bit ambiguous. This has been auto-corrected to 'type:object'

WARNING (PreCheck/SchemaMissingType): The schema 'EntityExpandResponse' with an undefined type and declared properties is a bit ambiguous. This has been auto-corrected to 'type:object'

WARNING (PreCheck/SchemaMissingType): The schema 'EntityTimelineResponse' with an undefined type and declared properties is a bit ambiguous. This has been auto-corrected to 'type:object'

WARNING (PreCheck/SchemaMissingType): The schema 'GetQueriesResponse' with an undefined type and declared properties is a bit ambiguous. This has been auto-corrected to 'type:object'

WARNING (PreCheck/SchemaMissingType): The schema 'EntityList' with an undefined type and declared properties is a bit ambiguous. This has been auto-corrected to 'type:object'

WARNING (PreCheck/SchemaMissingType): The schema 'EntityQueryList' with an undefined type and declared properties is a bit ambiguous. This has been auto-corrected to 'type:object'

WARNING (PreCheck/SchemaMissingType): The schema 'ConnectedEntity' with an undefined type and declared properties is a bit ambiguous. This has been auto-corrected to 'type:object'

WARNING (PreCheck/SchemaMissingType): The schema 'InsightQueryItemProperties-tableQuery-columnsDefinitionsItem' with an undefined type and declared properties is a bit ambiguous. This has been auto-corrected to 'type:object'

WARNING (PreCheck/SchemaMissingType): The schema 'InsightQueryItemProperties-tableQuery-queriesDefinitionsItem' with an undefined type and declared properties is a bit ambiguous. This has been auto-corrected to 'type:object'

WARNING (PreCheck/SchemaMissingType): The schema 'InsightQueryItemProperties-tableQuery-queriesDefinitions-properties-itemsItem' with an undefined type and declared properties is a bit ambiguous. This has been auto-corrected to 'type:object'

WARNING (PreCheck/SchemaMissingType): The schema 'FusionAlertRuleTemplate-properties' with an undefined type and declared properties is a bit ambiguous. This has been auto-corrected to 'type:object'

WARNING (PreCheck/SchemaMissingType): The schema 'ThreatIntelligenceAlertRuleTemplate-properties' with an undefined type and declared properties is a bit ambiguous. This has been auto-corrected to 'type:object'

WARNING (PreCheck/SchemaMissingType): The schema 'IncidentAlertList' with an undefined type and declared properties is a bit ambiguous. This has been auto-corrected to 'type:object'

WARNING (PreCheck/SchemaMissingType): The schema 'IncidentBookmarkList' with an undefined type and declared properties is a bit ambiguous. This has been auto-corrected to 'type:object'

WARNING (PreCheck/SchemaMissingType): The schema 'IncidentCommentList' with an undefined type and declared properties is a bit ambiguous. This has been auto-corrected to 'type:object'

WARNING (PreCheck/SchemaMissingType): The schema 'IncidentEntitiesResponse' with an undefined type and declared properties is a bit ambiguous. This has been auto-corrected to 'type:object'

WARNING (PreCheck/SchemaMissingType): The schema 'IncidentList' with an undefined type and declared properties is a bit ambiguous. This has been auto-corrected to 'type:object'

WARNING (PreCheck/SchemaMissingType): The schema 'MicrosoftSecurityIncidentCreationAlertRuleTemplate-properties' with an undefined type and 'allOf'/'anyOf'/'oneOf' is a bit ambiguous. This has been auto-corrected to 'type:object'

WARNING (PreCheck/SchemaMissingType): The schema 'OfficeConsentList' with an undefined type and declared properties is a bit ambiguous. This has been auto-corrected to 'type:object'

WARNING (PreCheck/SchemaMissingType): The schema 'Operation' with an undefined type and declared properties is a bit ambiguous. This has been auto-corrected to 'type:object'

WARNING (PreCheck/SchemaMissingType): The schema 'OperationsList' with an undefined type and declared properties is a bit ambiguous. This has been auto-corrected to 'type:object'

WARNING (PreCheck/SchemaMissingType): The schema 'RelationList' with an undefined type and declared properties is a bit ambiguous. This has been auto-corrected to 'type:object'

WARNING (PreCheck/SchemaMissingType): The schema 'Resource' with an undefined type and declared properties is a bit ambiguous. This has been auto-corrected to 'type:object'

WARNING (PreCheck/SchemaMissingType): The schema 'ResourceWithEtag' with an undefined type and declared properties is a bit ambiguous. This has been auto-corrected to 'type:object'

WARNING (PreCheck/SchemaMissingType): The schema 'ScheduledAlertRuleTemplate-properties' with an undefined type and declared properties is a bit ambiguous. This has been auto-corrected to 'type:object'

WARNING (PreCheck/SchemaMissingType): The schema 'SettingList' with an undefined type and declared properties is a bit ambiguous. This has been auto-corrected to 'type:object'

WARNING (PreCheck/SchemaMissingType): The schema 'WatchlistList' with an undefined type and declared properties is a bit ambiguous. This has been auto-corrected to 'type:object'

WARNING (PreCheck/SchemaMissingType): The schema 'WatchlistItemList' with an undefined type and declared properties is a bit ambiguous. This has been auto-corrected to 'type:object'

WARNING (PreCheck/SchemaMissingType): The schema 'ThreatIntelligenceInformationList' with an undefined type and declared properties is a bit ambiguous. This has been auto-corrected to 'type:object'

WARNING (PreCheck/SchemaMissingType): The schema 'ThreatIntelligenceMetricsList' with an undefined type and declared properties is a bit ambiguous. This has been auto-corrected to 'type:object'

WARNING (PreCheck/SchemaMissingType): The schema 'ThreatIntelligenceMetrics' with an undefined type and declared properties is a bit ambiguous. This has been auto-corrected to 'type:object'

WARNING (PreCheck/SchemaMissingType): The schema 'EntityGetInsightsResponse' with an undefined type and declared properties is a bit ambiguous. This has been auto-corrected to 'type:object'

WARNING (PreCheck/SchemaMissingType): The schema 'EntityQueryItemProperties-dataTypesItem' with an undefined type and declared properties is a bit ambiguous. This has been auto-corrected to 'type:object'

WARNING (PreCheck/SchemaMissingType): The schema 'InsightsTableResult-columnsItem' with an undefined type and declared properties is a bit ambiguous. This has been auto-corrected to 'type:object'

WARNING (PreCheck/CheckDuplicateSchemas): Checking for duplicate schemas, this could take a (long) while.  Run with --verbose for more detail.

WARNING (PreCheck/DuplicateSchema): Duplicate Schema named 'AggregationsKind' (5 differences):
  - properties: {"kind":{"x-ms-enum":{"modelAsString":true,"name":"AggregationsKind"},"$ref":"#/components/schemas/AggregationsKind","description":"The kind of the setting"}} => <none>
  - type: "object" => "string"
  - required: ["kind"] => <none>
  - enum: <none> => ["CasesAggregation"]
  - x-ms-enum: <none> => {"modelAsString":true,"name":"AggregationsKind"}

WARNING (PreCheck/DuplicateSchema): Duplicate Schema named 'AlertRuleKind' (5 differences):
  - properties: {"kind":{"x-ms-enum":{"modelAsString":true,"name":"AlertRuleKind","values":[{"value":"Scheduled"},{"value":"MicrosoftSecurityIncidentCreation"},{"value":"Fusion"},{"value":"MLBehaviorAnalytics"},{"value":"ThreatIntelligence"}]},"$ref":"#/components/schemas/AlertRuleKind","description":"The kind of the alert rule"}} => <none>
  - type: "object" => "string"
  - required: ["kind"] => <none>
  - enum: <none> => ["Scheduled","MicrosoftSecurityIncidentCreation","Fusion","MLBehaviorAnalytics","ThreatIntelligence"]
  - x-ms-enum: <none> => {"modelAsString":true,"name":"AlertRuleKind","values":[{"value":"Scheduled"},{"value":"MicrosoftSecurityIncidentCreation"},{"value":"Fusion"},{"value":"MLBehaviorAnalytics"},{"value":"ThreatIntelligence"}]}

WARNING (PreCheck/DuplicateSchema): Duplicate Schema named 'DataConnectorKind' (5 differences):
  - properties: {"kind":{"x-ms-enum":{"modelAsString":true,"name":"DataConnectorKind","values":[{"value":"AzureActiveDirectory"},{"value":"AzureSecurityCenter"},{"value":"MicrosoftCloudAppSecurity"},{"value":"ThreatIntelligence"},{"value":"ThreatIntelligenceTaxii"},{"value":"Office365"},{"value":"OfficeATP"},{"value":"AmazonWebServicesCloudTrail"},{"value":"AzureAdvancedThreatProtection"},{"value":"MicrosoftDefenderAdvancedThreatProtection"},{"value":"Dynamics365"},{"value":"MicrosoftThreatProtection"},{"value":"MicrosoftThreatIntelligence"}]},"$ref":"#/components/schemas/DataConnectorKind","description":"The kind of the data connector"}} => <none>
  - type: "object" => "string"
  - required: ["kind"] => <none>
  - enum: <none> => ["AzureActiveDirectory","AzureSecurityCenter","MicrosoftCloudAppSecurity","ThreatIntelligence","ThreatIntelligenceTaxii","Office365","OfficeATP","AmazonWebServicesCloudTrail","AzureAdvancedThreatProtection","MicrosoftDefenderAdvancedThreatProtection","Dynamics365","MicrosoftThreatProtection","MicrosoftThreatIntelligence"]
  - x-ms-enum: <none> => {"modelAsString":true,"name":"DataConnectorKind","values":[{"value":"AzureActiveDirectory"},{"value":"AzureSecurityCenter"},{"value":"MicrosoftCloudAppSecurity"},{"value":"ThreatIntelligence"},{"value":"ThreatIntelligenceTaxii"},{"value":"Office365"},{"value":"OfficeATP"},{"value":"AmazonWebServicesCloudTrail"},{"value":"AzureAdvancedThreatProtection"},{"value":"MicrosoftDefenderAdvancedThreatProtection"},{"value":"Dynamics365"},{"value":"MicrosoftThreatProtection"},{"value":"MicrosoftThreatIntelligence"}]}

WARNING (PreCheck/DuplicateSchema): Duplicate Schema named 'EntityKind' (5 differences):
  - properties: {"kind":{"$ref":"#/components/schemas/EntityKind","description":"The kind of the entity."}} => <none>
  - type: "object" => "string"
  - required: ["kind"] => <none>
  - enum: <none> => ["Account","Host","File","AzureResource","CloudApplication","DnsResolution","FileHash","Ip","Malware","Process","RegistryKey","RegistryValue","SecurityGroup","Url","IoTDevice","SecurityAlert","Bookmark","Mailbox","MailCluster","MailMessage","SubmissionMail"]
  - x-ms-enum: <none> => {"modelAsString":true,"name":"EntityKind","values":[{"description":"Entity represents account in the system.","value":"Account"},{"description":"Entity represents host in the system.","value":"Host"},{"description":"Entity represents file in the system.","value":"File"},{"description":"Entity represents azure resource in the system.","value":"AzureResource"},{"description":"Entity represents cloud application in the system.","value":"CloudApplication"},{"description":"Entity represents dns resolution in the system.","value":"DnsResolution"},{"description":"Entity represents file hash in the system.","value":"FileHash"},{"description":"Entity represents ip in the system.","value":"Ip"},{"description":"Entity represents malware in the system.","value":"Malware"},{"description":"Entity represents process in the system.","value":"Process"},{"description":"Entity represents registry key in the system.","value":"RegistryKey"},{"description":"Entity represents registry value in the system.","value":"RegistryValue"},{"description":"Entity represents security group in the system.","value":"SecurityGroup"},{"description":"Entity represents url in the system.","value":"Url"},{"description":"Entity represents IoT device in the system.","value":"IoTDevice"},{"description":"Entity represents security alert in the system.","value":"SecurityAlert"},{"description":"Entity represents bookmark in the system.","value":"Bookmark"},{"description":"Entity represents mail cluster in the system.","value":"MailCluster"},{"description":"Entity represents mail message in the system.","value":"MailMessage"},{"description":"Entity represents mailbox in the system.","value":"Mailbox"},{"description":"Entity represents submission mail in the system.","value":"SubmissionMail"}]}

WARNING (PreCheck/DuplicateSchema): Duplicate Schema named 'EntityQueryKind' (5 differences):
  - properties: {"kind":{"x-ms-enum":{"modelAsString":true,"name":"EntityQueryKind","values":[{"value":"Expansion"},{"value":"Insight"}]},"$ref":"#/components/schemas/EntityQueryKind","description":"The kind of the entity query"}} => <none>
  - type: "object" => "string"
  - required: ["kind"] => <none>
  - enum: <none> => ["Expansion","Insight"]
  - x-ms-enum: <none> => {"modelAsString":true,"name":"EntityQueryKind","values":[{"value":"Expansion"},{"value":"Insight"}]}

WARNING (PreCheck/DuplicateSchema): Duplicate Schema named 'ThreatIntelligenceResourceKind' (5 differences):
  - properties: {"kind":{"$ref":"#/components/schemas/ThreatIntelligenceResourceKind","description":"The kind of the entity."}} => <none>
  - type: "object" => "string"
  - required: ["kind"] => <none>
  - enum: <none> => ["indicator"]
  - x-ms-enum: <none> => {"modelAsString":true,"name":"ThreatIntelligenceResourceKind","values":[{"description":"Entity represents threat intelligence indicator in the system.","value":"indicator"}]}

WARNING (PreCheck/DuplicateSchema): Duplicate Schema named 'ThreatIntelligenceSortingCriteria' (4 differences):
  - properties: {"itemKey":{"$ref":"#/components/schemas/schemas:979","description":"Column name"},"sortOrder":{"$ref":"#/components/schemas/ThreatIntelligenceSortingCriteria","description":"Sorting order (ascending/descending/unsorted)."}} => <none>
  - type: "object" => "string"
  - enum: <none> => ["unsorted","ascending","descending"]
  - x-ms-enum: <none> => {"modelAsString":true,"name":"ThreatIntelligenceSortingCriteria","values":[{"value":"unsorted"},{"value":"ascending"},{"value":"descending"}]}

WARNING (UnkownSecurityScheme): Security scheme azure_auth is unknown and will not be processed. Only supported types are AADToken,AzureKey

WARNING (Modeler/MissingType): The schema 'components·1qaufw0·schemas·threatintelligenceindicatorproperties·properties·extensions·additionalproperties' has no type or format information whatsoever. Location:
   file:///home/runner/work/bicep-types-az/bicep-types-az/workflow-temp/azure-rest-api-specs/specification/securityinsights/resource-manager/Microsoft.SecurityInsights/preview/2019-01-01-preview/SecurityInsights.json#/components/schemas/components·1qaufw0·schemas·threatintelligenceindicatorproperties·properties·extensions·additionalproperties
WARNING: Unrecognized property type: any-object. Returning 'any'.
WARNING: Unrecognized property type: any-object. Returning 'any'.
WARNING: Unrecognized property type: any-object. Returning 'any'.
INFORMATION: autorest.bicep took 14ms
[27.65 s] Generation Complete
