Executing: autorest --use=/home/runner/work/bicep-types-az/bicep-types-az/src/autorest.bicep --bicep --output-folder=/tmp/_bcp_1625795651387/azurearcdata --multiapi --title=none --skip-semantics-validation /home/runner/work/bicep-types-az/bicep-types-az/workflow-temp/azure-rest-api-specs/specification/azurearcdata/resource-manager/readme.md --debug --verbose
AutoRest code generation utility [cli version: 3.2.1; node: v14.17.1, max-memory: 4096 MB]
(C) 2018 Microsoft Corporation.
https://aka.ms/autorest
No configuration found at 'file:///home/runner/work/bicep-types-az/bicep-types-az/src/generator/src/cmd/'.
> Including configuration file 'file:///home/runner/work/bicep-types-az/bicep-types-az/src/generator/node_modules/autorest/dist/resources/default-configuration.md'
> Including configuration file 'file:///home/runner/work/bicep-types-az/bicep-types-az/src/generator/node_modules/autorest/dist/resources/inspect.md'
> Including configuration file 'file:///home/runner/work/bicep-types-az/bicep-types-az/src/generator/node_modules/autorest/dist/resources/directives.md'
> Including configuration file 'file:///home/runner/work/bicep-types-az/bicep-types-az/src/generator/node_modules/autorest/dist/resources/pipeline.md'
> Including configuration file 'file:///home/runner/work/bicep-types-az/bicep-types-az/src/generator/node_modules/autorest/dist/resources/loader-openapi.md'
> Including configuration file 'file:///home/runner/work/bicep-types-az/bicep-types-az/src/generator/node_modules/autorest/dist/resources/miscellaneous.md'
> Including configuration file 'file:///home/runner/work/bicep-types-az/bicep-types-az/src/generator/node_modules/autorest/dist/resources/plugin-powershell.md'
> Including configuration file 'file:///home/runner/work/bicep-types-az/bicep-types-az/src/generator/node_modules/autorest/dist/resources/plugin-azureresourceschema.md'
> Including configuration file 'file:///home/runner/work/bicep-types-az/bicep-types-az/src/generator/node_modules/autorest/dist/resources/plugin-csharp.md'
> Including configuration file 'file:///home/runner/work/bicep-types-az/bicep-types-az/src/generator/node_modules/autorest/dist/resources/plugin-go.md'
> Including configuration file 'file:///home/runner/work/bicep-types-az/bicep-types-az/src/generator/node_modules/autorest/dist/resources/plugin-java.md'
> Including configuration file 'file:///home/runner/work/bicep-types-az/bicep-types-az/src/generator/node_modules/autorest/dist/resources/plugin-nodejs.md'
> Including configuration file 'file:///home/runner/work/bicep-types-az/bicep-types-az/src/generator/node_modules/autorest/dist/resources/plugin-php.md'
> Including configuration file 'file:///home/runner/work/bicep-types-az/bicep-types-az/src/generator/node_modules/autorest/dist/resources/plugin-python.md'
> Including configuration file 'file:///home/runner/work/bicep-types-az/bicep-types-az/src/generator/node_modules/autorest/dist/resources/plugin-ruby.md'
> Including configuration file 'file:///home/runner/work/bicep-types-az/bicep-types-az/src/generator/node_modules/autorest/dist/resources/plugin-typescript.md'
> Including configuration file 'file:///home/runner/work/bicep-types-az/bicep-types-az/src/generator/node_modules/autorest/dist/resources/plugin-validators.md'
> Including configuration file 'file:///home/runner/work/bicep-types-az/bicep-types-az/src/generator/node_modules/autorest/dist/resources/plugin-az.md'
> Including configuration file 'file:///home/runner/work/bicep-types-az/bicep-types-az/src/generator/node_modules/autorest/dist/resources/plugin-terraform.md'
> Including configuration file 'file:///home/runner/work/bicep-types-az/bicep-types-az/src/generator/node_modules/autorest/dist/resources/plugin-azure-functions.md'
> Including configuration file 'file:///home/runner/work/bicep-types-az/bicep-types-az/src/generator/node_modules/autorest/dist/resources/graphs.md'
> Including configuration file 'file:///home/runner/work/bicep-types-az/bicep-types-az/src/generator/node_modules/autorest/dist/resources/help-configuration.md'
> Loading local AutoRest extension '@autorest/bicep' (/home/runner/work/bicep-types-az/bicep-types-az/src/autorest.bicep)
> Including extension configuration file 'file:///home/runner/work/bicep-types-az/bicep-types-az/src/autorest.bicep/README.md'
> Including configuration file 'file:///home/runner/work/bicep-types-az/bicep-types-az/src/autorest.bicep/README.md'
> Loading AutoRest extension '@autorest/modelerfour' (https://tinyurl.com/yhlkz69y->4.20.0-ci.b8e3f92c0)
> Including extension configuration file 'file:///home/runner/.autorest/@autorest_modelerfour@4.20.0-ci.b8e3f92c0/node_modules/@autorest/modelerfour/readme.md'
> Including configuration file 'file:///home/runner/.autorest/@autorest_modelerfour@4.20.0-ci.b8e3f92c0/node_modules/@autorest/modelerfour/readme.md'
NOTE: AutoRest core version selected from configuration: https://tinyurl.com/yfjyy27f.
Network Enabled: true

There is a new version of AutoRest available (3.2.3).
 > You can install the newer version with with npm install -g autorest@latest

Starting @autorest/core from /home/runner/.autorest/@autorest_core@3.5.0-ci.b8e3f92c0/node_modules/@autorest/core
   Loading AutoRest core      '/home/runner/.autorest/@autorest_core@3.5.0-ci.b8e3f92c0/node_modules/@autorest/core/dist' (3.5.0-ci.b8e3f92c0)
VERBOSE [0.69 s]: > Including configuration file 'file:///home/runner/work/bicep-types-az/bicep-types-az/workflow-temp/azure-rest-api-specs/specification/azurearcdata/resource-manager/readme.bicep.md'
VERBOSE [0.7 s]: > Initial configuration file 'file:///home/runner/work/bicep-types-az/bicep-types-az/workflow-temp/azure-rest-api-specs/specification/azurearcdata/resource-manager/readme.md'
VERBOSE [0.7 s]: > Including configuration file 'file:///home/runner/work/bicep-types-az/bicep-types-az/workflow-temp/azure-rest-api-specs/specification/azurearcdata/resource-manager/readme.md'
VERBOSE [0.71 s]: > Including configuration file 'file:///home/runner/.autorest/@autorest_core@3.5.0-ci.b8e3f92c0/node_modules/@autorest/core/dist/resources/default-configuration.md'
VERBOSE [0.73 s]: > Including configuration file 'file:///home/runner/.autorest/@autorest_core@3.5.0-ci.b8e3f92c0/node_modules/@autorest/core/dist/resources/inspect.md'
VERBOSE [0.74 s]: > Including configuration file 'file:///home/runner/.autorest/@autorest_core@3.5.0-ci.b8e3f92c0/node_modules/@autorest/core/dist/resources/directives.md'
VERBOSE [0.76 s]: > Including configuration file 'file:///home/runner/.autorest/@autorest_core@3.5.0-ci.b8e3f92c0/node_modules/@autorest/core/dist/resources/pipeline.md'
VERBOSE [0.77 s]: > Including configuration file 'file:///home/runner/.autorest/@autorest_core@3.5.0-ci.b8e3f92c0/node_modules/@autorest/core/dist/resources/loader-openapi.md'
VERBOSE [0.79 s]: > Including configuration file 'file:///home/runner/.autorest/@autorest_core@3.5.0-ci.b8e3f92c0/node_modules/@autorest/core/dist/resources/miscellaneous.md'
VERBOSE [0.81 s]: > Including configuration file 'file:///home/runner/.autorest/@autorest_core@3.5.0-ci.b8e3f92c0/node_modules/@autorest/core/dist/resources/plugin-powershell.md'
VERBOSE [0.82 s]: > Including configuration file 'file:///home/runner/.autorest/@autorest_core@3.5.0-ci.b8e3f92c0/node_modules/@autorest/core/dist/resources/plugin-azureresourceschema.md'
VERBOSE [0.84 s]: > Including configuration file 'file:///home/runner/.autorest/@autorest_core@3.5.0-ci.b8e3f92c0/node_modules/@autorest/core/dist/resources/plugin-csharp.md'
VERBOSE [0.86 s]: > Including configuration file 'file:///home/runner/.autorest/@autorest_core@3.5.0-ci.b8e3f92c0/node_modules/@autorest/core/dist/resources/plugin-go.md'
VERBOSE [0.87 s]: > Including configuration file 'file:///home/runner/.autorest/@autorest_core@3.5.0-ci.b8e3f92c0/node_modules/@autorest/core/dist/resources/plugin-java.md'
VERBOSE [0.89 s]: > Including configuration file 'file:///home/runner/.autorest/@autorest_core@3.5.0-ci.b8e3f92c0/node_modules/@autorest/core/dist/resources/plugin-nodejs.md'
VERBOSE [0.9 s]: > Including configuration file 'file:///home/runner/.autorest/@autorest_core@3.5.0-ci.b8e3f92c0/node_modules/@autorest/core/dist/resources/plugin-php.md'
VERBOSE [0.92 s]: > Including configuration file 'file:///home/runner/.autorest/@autorest_core@3.5.0-ci.b8e3f92c0/node_modules/@autorest/core/dist/resources/plugin-python.md'
VERBOSE [0.94 s]: > Including configuration file 'file:///home/runner/.autorest/@autorest_core@3.5.0-ci.b8e3f92c0/node_modules/@autorest/core/dist/resources/plugin-ruby.md'
VERBOSE [0.96 s]: > Including configuration file 'file:///home/runner/.autorest/@autorest_core@3.5.0-ci.b8e3f92c0/node_modules/@autorest/core/dist/resources/plugin-typescript.md'
VERBOSE [0.98 s]: > Including configuration file 'file:///home/runner/.autorest/@autorest_core@3.5.0-ci.b8e3f92c0/node_modules/@autorest/core/dist/resources/plugin-validators.md'
VERBOSE [1.01 s]: > Including configuration file 'file:///home/runner/.autorest/@autorest_core@3.5.0-ci.b8e3f92c0/node_modules/@autorest/core/dist/resources/plugin-az.md'
VERBOSE [1.02 s]: > Including configuration file 'file:///home/runner/.autorest/@autorest_core@3.5.0-ci.b8e3f92c0/node_modules/@autorest/core/dist/resources/plugin-terraform.md'
VERBOSE [1.05 s]: > Including configuration file 'file:///home/runner/.autorest/@autorest_core@3.5.0-ci.b8e3f92c0/node_modules/@autorest/core/dist/resources/plugin-azure-functions.md'
VERBOSE [1.07 s]: > Including configuration file 'file:///home/runner/.autorest/@autorest_core@3.5.0-ci.b8e3f92c0/node_modules/@autorest/core/dist/resources/graphs.md'
VERBOSE [1.09 s]: > Including configuration file 'file:///home/runner/.autorest/@autorest_core@3.5.0-ci.b8e3f92c0/node_modules/@autorest/core/dist/resources/help-configuration.md'
INFORMATION: > Loading local AutoRest extension '@autorest/bicep' (/home/runner/work/bicep-types-az/bicep-types-az/src/autorest.bicep)
VERBOSE [1.16 s]: > Including extension configuration file 'file:///home/runner/work/bicep-types-az/bicep-types-az/src/autorest.bicep/README.md'
VERBOSE [1.16 s]: > Including configuration file 'file:///home/runner/work/bicep-types-az/bicep-types-az/src/autorest.bicep/README.md'
INFORMATION: > Loading AutoRest extension '@autorest/modelerfour' (https://tinyurl.com/yhlkz69y->4.20.0-ci.b8e3f92c0)
VERBOSE [1.82 s]: > Including extension configuration file 'file:///home/runner/.autorest/@autorest_modelerfour@4.20.0-ci.b8e3f92c0/node_modules/@autorest/modelerfour/readme.md'
VERBOSE [1.82 s]: > Including configuration file 'file:///home/runner/.autorest/@autorest_modelerfour@4.20.0-ci.b8e3f92c0/node_modules/@autorest/modelerfour/readme.md'
Processing batch task - {"tag":"microsoft.azurearcdata-2021-06-01-preview"} .
VERBOSE [2.03 s]: > Including configuration file 'file:///home/runner/work/bicep-types-az/bicep-types-az/workflow-temp/azure-rest-api-specs/specification/azurearcdata/resource-manager/readme.bicep.md'
VERBOSE [2.04 s]: > Initial configuration file 'file:///home/runner/work/bicep-types-az/bicep-types-az/workflow-temp/azure-rest-api-specs/specification/azurearcdata/resource-manager/readme.md'
VERBOSE [2.04 s]: > Including configuration file 'file:///home/runner/work/bicep-types-az/bicep-types-az/workflow-temp/azure-rest-api-specs/specification/azurearcdata/resource-manager/readme.md'
VERBOSE [2.04 s]: > Including configuration file 'file:///home/runner/.autorest/@autorest_core@3.5.0-ci.b8e3f92c0/node_modules/@autorest/core/dist/resources/default-configuration.md'
VERBOSE [2.05 s]: > Including configuration file 'file:///home/runner/.autorest/@autorest_core@3.5.0-ci.b8e3f92c0/node_modules/@autorest/core/dist/resources/inspect.md'
VERBOSE [2.06 s]: > Including configuration file 'file:///home/runner/.autorest/@autorest_core@3.5.0-ci.b8e3f92c0/node_modules/@autorest/core/dist/resources/directives.md'
VERBOSE [2.07 s]: > Including configuration file 'file:///home/runner/.autorest/@autorest_core@3.5.0-ci.b8e3f92c0/node_modules/@autorest/core/dist/resources/pipeline.md'
VERBOSE [2.08 s]: > Including configuration file 'file:///home/runner/.autorest/@autorest_core@3.5.0-ci.b8e3f92c0/node_modules/@autorest/core/dist/resources/loader-openapi.md'
VERBOSE [2.09 s]: > Including configuration file 'file:///home/runner/.autorest/@autorest_core@3.5.0-ci.b8e3f92c0/node_modules/@autorest/core/dist/resources/miscellaneous.md'
VERBOSE [2.11 s]: > Including configuration file 'file:///home/runner/.autorest/@autorest_core@3.5.0-ci.b8e3f92c0/node_modules/@autorest/core/dist/resources/plugin-powershell.md'
VERBOSE [2.12 s]: > Including configuration file 'file:///home/runner/.autorest/@autorest_core@3.5.0-ci.b8e3f92c0/node_modules/@autorest/core/dist/resources/plugin-azureresourceschema.md'
VERBOSE [2.13 s]: > Including configuration file 'file:///home/runner/.autorest/@autorest_core@3.5.0-ci.b8e3f92c0/node_modules/@autorest/core/dist/resources/plugin-csharp.md'
VERBOSE [2.14 s]: > Including configuration file 'file:///home/runner/.autorest/@autorest_core@3.5.0-ci.b8e3f92c0/node_modules/@autorest/core/dist/resources/plugin-go.md'
VERBOSE [2.16 s]: > Including configuration file 'file:///home/runner/.autorest/@autorest_core@3.5.0-ci.b8e3f92c0/node_modules/@autorest/core/dist/resources/plugin-java.md'
VERBOSE [2.17 s]: > Including configuration file 'file:///home/runner/.autorest/@autorest_core@3.5.0-ci.b8e3f92c0/node_modules/@autorest/core/dist/resources/plugin-nodejs.md'
VERBOSE [2.19 s]: > Including configuration file 'file:///home/runner/.autorest/@autorest_core@3.5.0-ci.b8e3f92c0/node_modules/@autorest/core/dist/resources/plugin-php.md'
VERBOSE [2.2 s]: > Including configuration file 'file:///home/runner/.autorest/@autorest_core@3.5.0-ci.b8e3f92c0/node_modules/@autorest/core/dist/resources/plugin-python.md'
VERBOSE [2.22 s]: > Including configuration file 'file:///home/runner/.autorest/@autorest_core@3.5.0-ci.b8e3f92c0/node_modules/@autorest/core/dist/resources/plugin-ruby.md'
VERBOSE [2.23 s]: > Including configuration file 'file:///home/runner/.autorest/@autorest_core@3.5.0-ci.b8e3f92c0/node_modules/@autorest/core/dist/resources/plugin-typescript.md'
VERBOSE [2.25 s]: > Including configuration file 'file:///home/runner/.autorest/@autorest_core@3.5.0-ci.b8e3f92c0/node_modules/@autorest/core/dist/resources/plugin-validators.md'
VERBOSE [2.27 s]: > Including configuration file 'file:///home/runner/.autorest/@autorest_core@3.5.0-ci.b8e3f92c0/node_modules/@autorest/core/dist/resources/plugin-az.md'
VERBOSE [2.29 s]: > Including configuration file 'file:///home/runner/.autorest/@autorest_core@3.5.0-ci.b8e3f92c0/node_modules/@autorest/core/dist/resources/plugin-terraform.md'
VERBOSE [2.31 s]: > Including configuration file 'file:///home/runner/.autorest/@autorest_core@3.5.0-ci.b8e3f92c0/node_modules/@autorest/core/dist/resources/plugin-azure-functions.md'
VERBOSE [2.33 s]: > Including configuration file 'file:///home/runner/.autorest/@autorest_core@3.5.0-ci.b8e3f92c0/node_modules/@autorest/core/dist/resources/graphs.md'
VERBOSE [2.35 s]: > Including configuration file 'file:///home/runner/.autorest/@autorest_core@3.5.0-ci.b8e3f92c0/node_modules/@autorest/core/dist/resources/help-configuration.md'
INFORMATION: > Loading local AutoRest extension '@autorest/bicep' (/home/runner/work/bicep-types-az/bicep-types-az/src/autorest.bicep)
VERBOSE [2.41 s]: > Including extension configuration file 'file:///home/runner/work/bicep-types-az/bicep-types-az/src/autorest.bicep/README.md'
VERBOSE [2.41 s]: > Including configuration file 'file:///home/runner/work/bicep-types-az/bicep-types-az/src/autorest.bicep/README.md'
INFORMATION: > Loading AutoRest extension '@autorest/modelerfour' (https://tinyurl.com/yhlkz69y->4.20.0-ci.b8e3f92c0)
VERBOSE [3.01 s]: > Including extension configuration file 'file:///home/runner/.autorest/@autorest_modelerfour@4.20.0-ci.b8e3f92c0/node_modules/@autorest/modelerfour/readme.md'
VERBOSE [3.01 s]: > Including configuration file 'file:///home/runner/.autorest/@autorest_modelerfour@4.20.0-ci.b8e3f92c0/node_modules/@autorest/modelerfour/readme.md'
DEBUG [3.63 s]: swagger-document/loader-swagger - START inputs = 0
DEBUG [3.63 s]: openapi-document/loader-openapi - START inputs = 0
DEBUG [3.63 s]: pipeline-emitter - START inputs = 0
DEBUG [3.63 s]: configuration-emitter - START inputs = 0
DEBUG [3.63 s]: pipeline-emitter - END [0.06 s][81 MB]
DEBUG [3.64 s]: configuration-emitter - END [0.06 s][81 MB]
VERBOSE [3.68 s]: Reading OpenAPI 2.0 file file:///home/runner/work/bicep-types-az/bicep-types-az/workflow-temp/azure-rest-api-specs/specification/azurearcdata/resource-manager/Microsoft.AzureArcData/preview/2021-06-01-preview/azurearcdata.json
DEBUG [3.68 s]: openapi-document/loader-openapi - END [0.1 s][89 MB]
DEBUG [3.79 s]: openapi-document/individual/transform - SKIPPING
DEBUG [3.79 s]: openapi-document/individual/schema-validator-openapi - SKIPPING
DEBUG [3.8 s]: openapi-document/individual/identity - SKIPPING
DEBUG [3.87 s]: swagger-document/loader-swagger - END [0.29 s][101 MB]
DEBUG [3.87 s]: swagger-document/individual/transform - START inputs = 1
DEBUG [4.01 s]: swagger-document/individual/transform - END [0.13 s][106 MB]
DEBUG [4.01 s]: swagger-document/individual/schema-validator-swagger - START inputs = 1
DEBUG [4.3 s]: swagger-document/individual/schema-validator-swagger - END [0.29 s][117 MB]
DEBUG [4.3 s]: swagger-document/identity - START inputs = 1
DEBUG [4.3 s]: swagger-document/individual/identity - START inputs = 1
DEBUG [4.3 s]: swagger-document/identity - END [0 s][103 MB]
DEBUG [4.3 s]: swagger-document/individual/identity - END [0 s][103 MB]
DEBUG [4.3 s]: openapi-document/openapi-document-converter - START inputs = 1
DEBUG [4.41 s]: openapi-document/openapi-document-converter - END [0.11 s][111 MB]
DEBUG [4.41 s]: openapi-document/transform - START inputs = 1
DEBUG [4.42 s]: openapi-document/transform - END [0.01 s][118 MB]
DEBUG [4.42 s]: openapi-document/semantic-validator - START inputs = 1
WARNING: Semantic validation was skipped.
DEBUG [4.42 s]: openapi-document/semantic-validator - END [0 s][118 MB]
DEBUG [4.42 s]: openapi-document/allof-cleaner - START inputs = 1
DEBUG [4.43 s]: openapi-document/allof-cleaner - END [0 s][120 MB]
DEBUG [4.43 s]: openapi-document/tree-shaker - START inputs = 1
DEBUG [4.55 s]: openapi-document/tree-shaker - END [0.12 s][131 MB]
DEBUG [4.55 s]: openapi-document/multi-api-merger - START inputs = 1
DEBUG [4.71 s]: openapi-document/multi-api-merger - END [0.15 s][138 MB]
DEBUG [4.72 s]: openapi-document/components-cleaner - START inputs = 1
DEBUG [4.95 s]: openapi-document/components-cleaner - END [0.22 s][95 MB]
DEBUG [4.95 s]: openapi-document/component-modifiers - START inputs = 1
DEBUG [4.97 s]: openapi-document/component-modifiers - END [0.02 s][109 MB]
DEBUG [4.98 s]: openapi-document/api-version-parameter-handler - START inputs = 1
DEBUG [4.98 s]: openapi-document/api-version-parameter-handler - END [0 s][101 MB]
DEBUG [4.98 s]: openapi-document/profile-filter - START inputs = 1
DEBUG [4.98 s]: openapi-document/profile-filter - END [0 s][101 MB]
DEBUG [4.98 s]: openapi-document/model-deduplicator - START inputs = 1
DEBUG [4.98 s]: openapi-document/emitter - START inputs = 1
DEBUG [4.98 s]: openapi-document/model-deduplicator - END [0 s][101 MB]
DEBUG [4.98 s]: openapi-document/emitter - END [0 s][101 MB]
DEBUG [4.98 s]: openapi-document/enum-deduplicator - START inputs = 1
DEBUG [5.18 s]: openapi-document/enum-deduplicator - END [0.19 s][122 MB]
DEBUG [5.18 s]: openapi-document/subset-reducer - START inputs = 1
DEBUG [5.18 s]: openapi-document/subset-reducer - END [0 s][122 MB]
DEBUG [5.18 s]: openapi-document/quick-check - START inputs = 1
DEBUG [5.18 s]: openapi-document/multi-api/reset-identity - START inputs = 1
DEBUG [5.2 s]: openapi-document/quick-check - END [0.02 s][124 MB]
DEBUG [5.2 s]: openapi-document/multi-api/reset-identity - END [0.02 s][124 MB]
DEBUG [5.2 s]: openapi-document/multi-api/identity - START inputs = 1
DEBUG [5.2 s]: openapi-document/multi-api/identity - END [0 s][124 MB]
DEBUG [5.2 s]: openapi-document/multi-api/emitter - START inputs = 1
DEBUG [5.2 s]: prechecker - START inputs = 1
DEBUG [5.21 s]: openapi-document/multi-api/emitter - END [0 s][124 MB]

WARNING (PreCheck/CheckDuplicateSchemas): Checking for duplicate schemas, this could take a (long) while.  Run with --verbose for more detail.
VERBOSE [5.27 s]: Found and removed 0 duplicate schema
DEBUG [5.57 s]: prechecker - END [0.36 s][128 MB]
DEBUG [5.57 s]: modelerfour - START inputs = 2
VERBOSE [5.63 s]:   ModelerFour/api-version-mode:client
VERBOSE [5.63 s]:   ModelerFour/api-version-parameter:constant
VERBOSE [5.63 s]:   ModelerFour/use-model-namespace:false
DEBUG [5.85 s]: modelerfour - END [0.28 s][131 MB]
DEBUG [5.85 s]: modelerfour/new-transform - START inputs = 2
DEBUG [5.85 s]: modelerfour/new-transform - END [0 s][131 MB]
DEBUG [5.85 s]: modelerfour/flattener - START inputs = 2
DEBUG [5.97 s]: modelerfour/flattener - END [0.12 s][135 MB]
DEBUG [5.98 s]: modelerfour/flattener/new-transform - START inputs = 2
DEBUG [5.98 s]: modelerfour/flattener/new-transform - END [0 s][135 MB]
DEBUG [5.98 s]: modelerfour/grouper - START inputs = 2
DEBUG [6.09 s]: modelerfour/grouper - END [0.11 s][123 MB]
DEBUG [6.09 s]: modelerfour/grouper/new-transform - START inputs = 2
DEBUG [6.09 s]: modelerfour/grouper/new-transform - END [0 s][123 MB]
DEBUG [6.09 s]: modelerfour/pre-namer - START inputs = 2
DEBUG [6.23 s]: modelerfour/pre-namer - END [0.13 s][127 MB]
DEBUG [6.23 s]: modelerfour/pre-namer/new-transform - START inputs = 2
DEBUG [6.23 s]: modelerfour/pre-namer/new-transform - END [0 s][127 MB]
DEBUG [6.23 s]: modelerfour/checker - START inputs = 4
DEBUG [6.32 s]: modelerfour/checker - END [0.08 s][130 MB]
DEBUG [6.32 s]: modelerfour/identity - START inputs = 2
DEBUG [6.32 s]: modelerfour/identity - END [0 s][130 MB]
DEBUG [6.32 s]: bicep - START inputs = 2
DEBUG [6.32 s]: modelerfour/emitter - START inputs = 2
DEBUG [6.32 s]: modelerfour/notags/emitter - START inputs = 2
DEBUG [6.32 s]: modelerfour/emitter - END [0 s][130 MB]
DEBUG [6.32 s]: modelerfour/notags/emitter - END [0 s][130 MB]
WARNING: Unrecognized property type: any-object. Returning 'any'.
WARNING: Unrecognized property type: any-object. Returning 'any'.
WARNING: Unrecognized property type: any-object. Returning 'any'.
INFORMATION: autorest.bicep took 9ms
DEBUG [6.42 s]: bicep - END [0.09 s][131 MB]
DEBUG [6.42 s]: bicep/emitter - START inputs = 2
DEBUG [6.42 s]: Emitting 'bicep-files' at file:///tmp/_bcp_1625795651387/azurearcdata/microsoft.azurearcdata/2021-06-01-preview/types.json
DEBUG [6.42 s]: Emitting 'bicep-files' at file:///tmp/_bcp_1625795651387/azurearcdata/microsoft.azurearcdata/2021-06-01-preview/types.md
DEBUG [6.42 s]: bicep/emitter - END [0 s][131 MB]
[6.42 s] Clearing Folders.
[6.42 s] Writing Outputs.
[6.42 s] Generation Complete
[6.42 s] Shutting Down.
[6.43 s] Exiting.
