Executing: autorest --use=/home/runner/work/bicep-types-az/bicep-types-az/src/autorest.bicep --bicep --output-folder=/tmp/_bcp_1625795651387/marketplaceordering --multiapi --title=none --skip-semantics-validation /home/runner/work/bicep-types-az/bicep-types-az/workflow-temp/azure-rest-api-specs/specification/marketplaceordering/resource-manager/readme.md --debug --verbose
AutoRest code generation utility [cli version: 3.2.1; node: v14.17.1, max-memory: 4096 MB]
(C) 2018 Microsoft Corporation.
https://aka.ms/autorest
No configuration found at 'file:///home/runner/work/bicep-types-az/bicep-types-az/src/generator/src/cmd/'.
> Including configuration file 'file:///home/runner/work/bicep-types-az/bicep-types-az/src/generator/node_modules/autorest/dist/resources/default-configuration.md'
> Including configuration file 'file:///home/runner/work/bicep-types-az/bicep-types-az/src/generator/node_modules/autorest/dist/resources/inspect.md'
> Including configuration file 'file:///home/runner/work/bicep-types-az/bicep-types-az/src/generator/node_modules/autorest/dist/resources/directives.md'
> Including configuration file 'file:///home/runner/work/bicep-types-az/bicep-types-az/src/generator/node_modules/autorest/dist/resources/pipeline.md'
> Including configuration file 'file:///home/runner/work/bicep-types-az/bicep-types-az/src/generator/node_modules/autorest/dist/resources/loader-openapi.md'
> Including configuration file 'file:///home/runner/work/bicep-types-az/bicep-types-az/src/generator/node_modules/autorest/dist/resources/miscellaneous.md'
> Including configuration file 'file:///home/runner/work/bicep-types-az/bicep-types-az/src/generator/node_modules/autorest/dist/resources/plugin-powershell.md'
> Including configuration file 'file:///home/runner/work/bicep-types-az/bicep-types-az/src/generator/node_modules/autorest/dist/resources/plugin-azureresourceschema.md'
> Including configuration file 'file:///home/runner/work/bicep-types-az/bicep-types-az/src/generator/node_modules/autorest/dist/resources/plugin-csharp.md'
> Including configuration file 'file:///home/runner/work/bicep-types-az/bicep-types-az/src/generator/node_modules/autorest/dist/resources/plugin-go.md'
> Including configuration file 'file:///home/runner/work/bicep-types-az/bicep-types-az/src/generator/node_modules/autorest/dist/resources/plugin-java.md'
> Including configuration file 'file:///home/runner/work/bicep-types-az/bicep-types-az/src/generator/node_modules/autorest/dist/resources/plugin-nodejs.md'
> Including configuration file 'file:///home/runner/work/bicep-types-az/bicep-types-az/src/generator/node_modules/autorest/dist/resources/plugin-php.md'
> Including configuration file 'file:///home/runner/work/bicep-types-az/bicep-types-az/src/generator/node_modules/autorest/dist/resources/plugin-python.md'
> Including configuration file 'file:///home/runner/work/bicep-types-az/bicep-types-az/src/generator/node_modules/autorest/dist/resources/plugin-ruby.md'
> Including configuration file 'file:///home/runner/work/bicep-types-az/bicep-types-az/src/generator/node_modules/autorest/dist/resources/plugin-typescript.md'
> Including configuration file 'file:///home/runner/work/bicep-types-az/bicep-types-az/src/generator/node_modules/autorest/dist/resources/plugin-validators.md'
> Including configuration file 'file:///home/runner/work/bicep-types-az/bicep-types-az/src/generator/node_modules/autorest/dist/resources/plugin-az.md'
> Including configuration file 'file:///home/runner/work/bicep-types-az/bicep-types-az/src/generator/node_modules/autorest/dist/resources/plugin-terraform.md'
> Including configuration file 'file:///home/runner/work/bicep-types-az/bicep-types-az/src/generator/node_modules/autorest/dist/resources/plugin-azure-functions.md'
> Including configuration file 'file:///home/runner/work/bicep-types-az/bicep-types-az/src/generator/node_modules/autorest/dist/resources/graphs.md'
> Including configuration file 'file:///home/runner/work/bicep-types-az/bicep-types-az/src/generator/node_modules/autorest/dist/resources/help-configuration.md'
> Loading local AutoRest extension '@autorest/bicep' (/home/runner/work/bicep-types-az/bicep-types-az/src/autorest.bicep)
> Including extension configuration file 'file:///home/runner/work/bicep-types-az/bicep-types-az/src/autorest.bicep/README.md'
> Including configuration file 'file:///home/runner/work/bicep-types-az/bicep-types-az/src/autorest.bicep/README.md'
> Loading AutoRest extension '@autorest/modelerfour' (https://tinyurl.com/yhlkz69y->4.20.0-ci.b8e3f92c0)
> Including extension configuration file 'file:///home/runner/.autorest/@autorest_modelerfour@4.20.0-ci.b8e3f92c0/node_modules/@autorest/modelerfour/readme.md'
> Including configuration file 'file:///home/runner/.autorest/@autorest_modelerfour@4.20.0-ci.b8e3f92c0/node_modules/@autorest/modelerfour/readme.md'
NOTE: AutoRest core version selected from configuration: https://tinyurl.com/yfjyy27f.
Network Enabled: true

There is a new version of AutoRest available (3.2.3).
 > You can install the newer version with with npm install -g autorest@latest

Starting @autorest/core from /home/runner/.autorest/@autorest_core@3.5.0-ci.b8e3f92c0/node_modules/@autorest/core
   Loading AutoRest core      '/home/runner/.autorest/@autorest_core@3.5.0-ci.b8e3f92c0/node_modules/@autorest/core/dist' (3.5.0-ci.b8e3f92c0)
VERBOSE [0.69 s]: > Including configuration file 'file:///home/runner/work/bicep-types-az/bicep-types-az/workflow-temp/azure-rest-api-specs/specification/marketplaceordering/resource-manager/readme.bicep.md'
VERBOSE [0.71 s]: > Initial configuration file 'file:///home/runner/work/bicep-types-az/bicep-types-az/workflow-temp/azure-rest-api-specs/specification/marketplaceordering/resource-manager/readme.md'
VERBOSE [0.71 s]: > Including configuration file 'file:///home/runner/work/bicep-types-az/bicep-types-az/workflow-temp/azure-rest-api-specs/specification/marketplaceordering/resource-manager/readme.md'
VERBOSE [0.73 s]: > Including configuration file 'file:///home/runner/.autorest/@autorest_core@3.5.0-ci.b8e3f92c0/node_modules/@autorest/core/dist/resources/default-configuration.md'
VERBOSE [0.75 s]: > Including configuration file 'file:///home/runner/.autorest/@autorest_core@3.5.0-ci.b8e3f92c0/node_modules/@autorest/core/dist/resources/inspect.md'
VERBOSE [0.76 s]: > Including configuration file 'file:///home/runner/.autorest/@autorest_core@3.5.0-ci.b8e3f92c0/node_modules/@autorest/core/dist/resources/directives.md'
VERBOSE [0.78 s]: > Including configuration file 'file:///home/runner/.autorest/@autorest_core@3.5.0-ci.b8e3f92c0/node_modules/@autorest/core/dist/resources/pipeline.md'
VERBOSE [0.8 s]: > Including configuration file 'file:///home/runner/.autorest/@autorest_core@3.5.0-ci.b8e3f92c0/node_modules/@autorest/core/dist/resources/loader-openapi.md'
VERBOSE [0.82 s]: > Including configuration file 'file:///home/runner/.autorest/@autorest_core@3.5.0-ci.b8e3f92c0/node_modules/@autorest/core/dist/resources/miscellaneous.md'
VERBOSE [0.84 s]: > Including configuration file 'file:///home/runner/.autorest/@autorest_core@3.5.0-ci.b8e3f92c0/node_modules/@autorest/core/dist/resources/plugin-powershell.md'
VERBOSE [0.86 s]: > Including configuration file 'file:///home/runner/.autorest/@autorest_core@3.5.0-ci.b8e3f92c0/node_modules/@autorest/core/dist/resources/plugin-azureresourceschema.md'
VERBOSE [0.88 s]: > Including configuration file 'file:///home/runner/.autorest/@autorest_core@3.5.0-ci.b8e3f92c0/node_modules/@autorest/core/dist/resources/plugin-csharp.md'
VERBOSE [0.9 s]: > Including configuration file 'file:///home/runner/.autorest/@autorest_core@3.5.0-ci.b8e3f92c0/node_modules/@autorest/core/dist/resources/plugin-go.md'
VERBOSE [0.92 s]: > Including configuration file 'file:///home/runner/.autorest/@autorest_core@3.5.0-ci.b8e3f92c0/node_modules/@autorest/core/dist/resources/plugin-java.md'
VERBOSE [0.94 s]: > Including configuration file 'file:///home/runner/.autorest/@autorest_core@3.5.0-ci.b8e3f92c0/node_modules/@autorest/core/dist/resources/plugin-nodejs.md'
VERBOSE [0.95 s]: > Including configuration file 'file:///home/runner/.autorest/@autorest_core@3.5.0-ci.b8e3f92c0/node_modules/@autorest/core/dist/resources/plugin-php.md'
VERBOSE [0.98 s]: > Including configuration file 'file:///home/runner/.autorest/@autorest_core@3.5.0-ci.b8e3f92c0/node_modules/@autorest/core/dist/resources/plugin-python.md'
VERBOSE [1 s]: > Including configuration file 'file:///home/runner/.autorest/@autorest_core@3.5.0-ci.b8e3f92c0/node_modules/@autorest/core/dist/resources/plugin-ruby.md'
VERBOSE [1.03 s]: > Including configuration file 'file:///home/runner/.autorest/@autorest_core@3.5.0-ci.b8e3f92c0/node_modules/@autorest/core/dist/resources/plugin-typescript.md'
VERBOSE [1.04 s]: > Including configuration file 'file:///home/runner/.autorest/@autorest_core@3.5.0-ci.b8e3f92c0/node_modules/@autorest/core/dist/resources/plugin-validators.md'
VERBOSE [1.07 s]: > Including configuration file 'file:///home/runner/.autorest/@autorest_core@3.5.0-ci.b8e3f92c0/node_modules/@autorest/core/dist/resources/plugin-az.md'
VERBOSE [1.09 s]: > Including configuration file 'file:///home/runner/.autorest/@autorest_core@3.5.0-ci.b8e3f92c0/node_modules/@autorest/core/dist/resources/plugin-terraform.md'
VERBOSE [1.12 s]: > Including configuration file 'file:///home/runner/.autorest/@autorest_core@3.5.0-ci.b8e3f92c0/node_modules/@autorest/core/dist/resources/plugin-azure-functions.md'
VERBOSE [1.14 s]: > Including configuration file 'file:///home/runner/.autorest/@autorest_core@3.5.0-ci.b8e3f92c0/node_modules/@autorest/core/dist/resources/graphs.md'
VERBOSE [1.16 s]: > Including configuration file 'file:///home/runner/.autorest/@autorest_core@3.5.0-ci.b8e3f92c0/node_modules/@autorest/core/dist/resources/help-configuration.md'
INFORMATION: > Loading local AutoRest extension '@autorest/bicep' (/home/runner/work/bicep-types-az/bicep-types-az/src/autorest.bicep)
VERBOSE [1.24 s]: > Including extension configuration file 'file:///home/runner/work/bicep-types-az/bicep-types-az/src/autorest.bicep/README.md'
VERBOSE [1.24 s]: > Including configuration file 'file:///home/runner/work/bicep-types-az/bicep-types-az/src/autorest.bicep/README.md'
INFORMATION: > Loading AutoRest extension '@autorest/modelerfour' (https://tinyurl.com/yhlkz69y->4.20.0-ci.b8e3f92c0)
VERBOSE [2.08 s]: > Including extension configuration file 'file:///home/runner/.autorest/@autorest_modelerfour@4.20.0-ci.b8e3f92c0/node_modules/@autorest/modelerfour/readme.md'
VERBOSE [2.08 s]: > Including configuration file 'file:///home/runner/.autorest/@autorest_modelerfour@4.20.0-ci.b8e3f92c0/node_modules/@autorest/modelerfour/readme.md'
Processing batch task - {"tag":"microsoft.marketplaceordering-2021-01-01"} .
VERBOSE [2.3 s]: > Including configuration file 'file:///home/runner/work/bicep-types-az/bicep-types-az/workflow-temp/azure-rest-api-specs/specification/marketplaceordering/resource-manager/readme.bicep.md'
VERBOSE [2.31 s]: > Initial configuration file 'file:///home/runner/work/bicep-types-az/bicep-types-az/workflow-temp/azure-rest-api-specs/specification/marketplaceordering/resource-manager/readme.md'
VERBOSE [2.31 s]: > Including configuration file 'file:///home/runner/work/bicep-types-az/bicep-types-az/workflow-temp/azure-rest-api-specs/specification/marketplaceordering/resource-manager/readme.md'
VERBOSE [2.32 s]: > Including configuration file 'file:///home/runner/.autorest/@autorest_core@3.5.0-ci.b8e3f92c0/node_modules/@autorest/core/dist/resources/default-configuration.md'
VERBOSE [2.33 s]: > Including configuration file 'file:///home/runner/.autorest/@autorest_core@3.5.0-ci.b8e3f92c0/node_modules/@autorest/core/dist/resources/inspect.md'
VERBOSE [2.34 s]: > Including configuration file 'file:///home/runner/.autorest/@autorest_core@3.5.0-ci.b8e3f92c0/node_modules/@autorest/core/dist/resources/directives.md'
VERBOSE [2.35 s]: > Including configuration file 'file:///home/runner/.autorest/@autorest_core@3.5.0-ci.b8e3f92c0/node_modules/@autorest/core/dist/resources/pipeline.md'
VERBOSE [2.36 s]: > Including configuration file 'file:///home/runner/.autorest/@autorest_core@3.5.0-ci.b8e3f92c0/node_modules/@autorest/core/dist/resources/loader-openapi.md'
VERBOSE [2.38 s]: > Including configuration file 'file:///home/runner/.autorest/@autorest_core@3.5.0-ci.b8e3f92c0/node_modules/@autorest/core/dist/resources/miscellaneous.md'
VERBOSE [2.39 s]: > Including configuration file 'file:///home/runner/.autorest/@autorest_core@3.5.0-ci.b8e3f92c0/node_modules/@autorest/core/dist/resources/plugin-powershell.md'
VERBOSE [2.4 s]: > Including configuration file 'file:///home/runner/.autorest/@autorest_core@3.5.0-ci.b8e3f92c0/node_modules/@autorest/core/dist/resources/plugin-azureresourceschema.md'
VERBOSE [2.41 s]: > Including configuration file 'file:///home/runner/.autorest/@autorest_core@3.5.0-ci.b8e3f92c0/node_modules/@autorest/core/dist/resources/plugin-csharp.md'
VERBOSE [2.43 s]: > Including configuration file 'file:///home/runner/.autorest/@autorest_core@3.5.0-ci.b8e3f92c0/node_modules/@autorest/core/dist/resources/plugin-go.md'
VERBOSE [2.45 s]: > Including configuration file 'file:///home/runner/.autorest/@autorest_core@3.5.0-ci.b8e3f92c0/node_modules/@autorest/core/dist/resources/plugin-java.md'
VERBOSE [2.47 s]: > Including configuration file 'file:///home/runner/.autorest/@autorest_core@3.5.0-ci.b8e3f92c0/node_modules/@autorest/core/dist/resources/plugin-nodejs.md'
VERBOSE [2.48 s]: > Including configuration file 'file:///home/runner/.autorest/@autorest_core@3.5.0-ci.b8e3f92c0/node_modules/@autorest/core/dist/resources/plugin-php.md'
VERBOSE [2.5 s]: > Including configuration file 'file:///home/runner/.autorest/@autorest_core@3.5.0-ci.b8e3f92c0/node_modules/@autorest/core/dist/resources/plugin-python.md'
VERBOSE [2.52 s]: > Including configuration file 'file:///home/runner/.autorest/@autorest_core@3.5.0-ci.b8e3f92c0/node_modules/@autorest/core/dist/resources/plugin-ruby.md'
VERBOSE [2.53 s]: > Including configuration file 'file:///home/runner/.autorest/@autorest_core@3.5.0-ci.b8e3f92c0/node_modules/@autorest/core/dist/resources/plugin-typescript.md'
VERBOSE [2.55 s]: > Including configuration file 'file:///home/runner/.autorest/@autorest_core@3.5.0-ci.b8e3f92c0/node_modules/@autorest/core/dist/resources/plugin-validators.md'
VERBOSE [2.58 s]: > Including configuration file 'file:///home/runner/.autorest/@autorest_core@3.5.0-ci.b8e3f92c0/node_modules/@autorest/core/dist/resources/plugin-az.md'
VERBOSE [2.6 s]: > Including configuration file 'file:///home/runner/.autorest/@autorest_core@3.5.0-ci.b8e3f92c0/node_modules/@autorest/core/dist/resources/plugin-terraform.md'
VERBOSE [2.62 s]: > Including configuration file 'file:///home/runner/.autorest/@autorest_core@3.5.0-ci.b8e3f92c0/node_modules/@autorest/core/dist/resources/plugin-azure-functions.md'
VERBOSE [2.64 s]: > Including configuration file 'file:///home/runner/.autorest/@autorest_core@3.5.0-ci.b8e3f92c0/node_modules/@autorest/core/dist/resources/graphs.md'
VERBOSE [2.66 s]: > Including configuration file 'file:///home/runner/.autorest/@autorest_core@3.5.0-ci.b8e3f92c0/node_modules/@autorest/core/dist/resources/help-configuration.md'
INFORMATION: > Loading local AutoRest extension '@autorest/bicep' (/home/runner/work/bicep-types-az/bicep-types-az/src/autorest.bicep)
VERBOSE [2.73 s]: > Including extension configuration file 'file:///home/runner/work/bicep-types-az/bicep-types-az/src/autorest.bicep/README.md'
VERBOSE [2.73 s]: > Including configuration file 'file:///home/runner/work/bicep-types-az/bicep-types-az/src/autorest.bicep/README.md'
INFORMATION: > Loading AutoRest extension '@autorest/modelerfour' (https://tinyurl.com/yhlkz69y->4.20.0-ci.b8e3f92c0)
VERBOSE [3.3 s]: > Including extension configuration file 'file:///home/runner/.autorest/@autorest_modelerfour@4.20.0-ci.b8e3f92c0/node_modules/@autorest/modelerfour/readme.md'
VERBOSE [3.3 s]: > Including configuration file 'file:///home/runner/.autorest/@autorest_modelerfour@4.20.0-ci.b8e3f92c0/node_modules/@autorest/modelerfour/readme.md'
DEBUG [3.94 s]: swagger-document/loader-swagger - START inputs = 0
DEBUG [3.94 s]: openapi-document/loader-openapi - START inputs = 0
DEBUG [3.94 s]: pipeline-emitter - START inputs = 0
DEBUG [3.94 s]: configuration-emitter - START inputs = 0
DEBUG [3.95 s]: pipeline-emitter - END [0.05 s][85 MB]
DEBUG [3.95 s]: configuration-emitter - END [0.06 s][85 MB]
VERBOSE [3.97 s]: Reading OpenAPI 2.0 file file:///home/runner/work/bicep-types-az/bicep-types-az/workflow-temp/azure-rest-api-specs/specification/marketplaceordering/resource-manager/Microsoft.MarketplaceOrdering/stable/2021-01-01/Agreements.json
DEBUG [3.97 s]: openapi-document/loader-openapi - END [0.08 s][88 MB]
VERBOSE [4 s]: Reading $ref'd file file:///home/runner/work/bicep-types-az/bicep-types-az/workflow-temp/azure-rest-api-specs/specification/common-types/resource-management/v2/types.json
DEBUG [4 s]: openapi-document/individual/transform - SKIPPING
DEBUG [4 s]: openapi-document/individual/schema-validator-openapi - SKIPPING
DEBUG [4 s]: openapi-document/individual/identity - SKIPPING
DEBUG [4.07 s]: swagger-document/loader-swagger - END [0.18 s][97 MB]
DEBUG [4.07 s]: swagger-document/individual/transform - START inputs = 2
DEBUG [4.12 s]: swagger-document/individual/transform - END [0.04 s][96 MB]
DEBUG [4.12 s]: swagger-document/individual/schema-validator-swagger - START inputs = 2
DEBUG [4.41 s]: swagger-document/individual/schema-validator-swagger - END [0.28 s][104 MB]
DEBUG [4.41 s]: swagger-document/identity - START inputs = 2
DEBUG [4.41 s]: swagger-document/individual/identity - START inputs = 2
DEBUG [4.41 s]: swagger-document/identity - END [0 s][104 MB]
DEBUG [4.41 s]: swagger-document/individual/identity - END [0 s][104 MB]
DEBUG [4.41 s]: openapi-document/openapi-document-converter - START inputs = 2
DEBUG [4.46 s]: openapi-document/openapi-document-converter - END [0.04 s][101 MB]
DEBUG [4.46 s]: openapi-document/transform - START inputs = 2
DEBUG [4.46 s]: openapi-document/transform - END [0 s][104 MB]
DEBUG [4.46 s]: openapi-document/semantic-validator - START inputs = 2
WARNING: Semantic validation was skipped.
DEBUG [4.46 s]: openapi-document/semantic-validator - END [0 s][104 MB]
DEBUG [4.46 s]: openapi-document/allof-cleaner - START inputs = 2
DEBUG [4.47 s]: openapi-document/allof-cleaner - END [0 s][104 MB]
DEBUG [4.47 s]: openapi-document/tree-shaker - START inputs = 2
DEBUG [4.53 s]: openapi-document/tree-shaker - END [0.05 s][108 MB]
DEBUG [4.53 s]: openapi-document/multi-api-merger - START inputs = 2
DEBUG [4.61 s]: openapi-document/multi-api-merger - END [0.08 s][112 MB]
DEBUG [4.61 s]: openapi-document/components-cleaner - START inputs = 1
DEBUG [4.66 s]: openapi-document/components-cleaner - END [0.04 s][111 MB]
DEBUG [4.66 s]: openapi-document/component-modifiers - START inputs = 1
DEBUG [4.67 s]: openapi-document/component-modifiers - END [0 s][114 MB]
DEBUG [4.67 s]: openapi-document/api-version-parameter-handler - START inputs = 1
DEBUG [4.67 s]: openapi-document/api-version-parameter-handler - END [0 s][114 MB]
DEBUG [4.67 s]: openapi-document/profile-filter - START inputs = 1
DEBUG [4.67 s]: openapi-document/profile-filter - END [0 s][114 MB]
DEBUG [4.67 s]: openapi-document/model-deduplicator - START inputs = 1
DEBUG [4.67 s]: openapi-document/emitter - START inputs = 1
DEBUG [4.67 s]: openapi-document/model-deduplicator - END [0 s][114 MB]
DEBUG [4.67 s]: openapi-document/emitter - END [0 s][114 MB]
DEBUG [4.67 s]: openapi-document/enum-deduplicator - START inputs = 1
DEBUG [4.73 s]: openapi-document/enum-deduplicator - END [0.06 s][125 MB]
DEBUG [4.74 s]: openapi-document/subset-reducer - START inputs = 1
DEBUG [4.74 s]: openapi-document/subset-reducer - END [0 s][114 MB]
DEBUG [4.74 s]: openapi-document/quick-check - START inputs = 1
DEBUG [4.74 s]: openapi-document/multi-api/reset-identity - START inputs = 1
DEBUG [4.74 s]: openapi-document/quick-check - END [0 s][117 MB]
DEBUG [4.74 s]: openapi-document/multi-api/reset-identity - END [0 s][117 MB]
DEBUG [4.74 s]: openapi-document/multi-api/identity - START inputs = 1
DEBUG [4.74 s]: openapi-document/multi-api/identity - END [0 s][117 MB]
DEBUG [4.75 s]: openapi-document/multi-api/emitter - START inputs = 1
DEBUG [4.75 s]: prechecker - START inputs = 1
DEBUG [4.75 s]: openapi-document/multi-api/emitter - END [0 s][117 MB]

WARNING (PreCheck/SchemaMissingType): The schema 'AgreementTerms' with an undefined type and declared properties is a bit ambiguous. This has been auto-corrected to 'type:object'

WARNING (PreCheck/SchemaMissingType): The schema 'AgreementProperties' with an undefined type and declared properties is a bit ambiguous. This has been auto-corrected to 'type:object'

WARNING (PreCheck/SchemaMissingType): The schema 'ErrorResponse-error' with an undefined type and declared properties is a bit ambiguous. This has been auto-corrected to 'type:object'

WARNING (PreCheck/SchemaMissingType): The schema 'Operation-display' with an undefined type and declared properties is a bit ambiguous. This has been auto-corrected to 'type:object'

WARNING (PreCheck/SchemaMissingType): The schema 'OperationListResult' with an undefined type and declared properties is a bit ambiguous. This has been auto-corrected to 'type:object'

WARNING (PreCheck/SchemaMissingType): The schema 'Resource' with an undefined type and declared properties is a bit ambiguous. This has been auto-corrected to 'type:object'

WARNING (PreCheck/CheckDuplicateSchemas): Checking for duplicate schemas, this could take a (long) while.  Run with --verbose for more detail.
VERBOSE [4.78 s]: Found and removed 0 duplicate schema
DEBUG [4.98 s]: prechecker - END [0.23 s][119 MB]
DEBUG [4.98 s]: modelerfour - START inputs = 2
VERBOSE [5.04 s]:   ModelerFour/api-version-mode:client
VERBOSE [5.04 s]:   ModelerFour/api-version-parameter:constant
VERBOSE [5.04 s]:   ModelerFour/use-model-namespace:false

WARNING (UnkownSecurityScheme): Security scheme azure_auth is unknown and will not be processed. Only supported types are AADToken,AzureKey,Anonymous
DEBUG [5.11 s]: modelerfour - END [0.12 s][120 MB]
DEBUG [5.11 s]: modelerfour/new-transform - START inputs = 2
DEBUG [5.11 s]: modelerfour/new-transform - END [0 s][120 MB]
DEBUG [5.11 s]: modelerfour/flattener - START inputs = 2
DEBUG [5.16 s]: modelerfour/flattener - END [0.05 s][121 MB]
DEBUG [5.17 s]: modelerfour/flattener/new-transform - START inputs = 2
DEBUG [5.17 s]: modelerfour/flattener/new-transform - END [0 s][121 MB]
DEBUG [5.17 s]: modelerfour/grouper - START inputs = 2
DEBUG [5.2 s]: modelerfour/grouper - END [0.03 s][123 MB]
DEBUG [5.2 s]: modelerfour/grouper/new-transform - START inputs = 2
DEBUG [5.2 s]: modelerfour/grouper/new-transform - END [0 s][123 MB]
DEBUG [5.2 s]: modelerfour/pre-namer - START inputs = 2
DEBUG [5.25 s]: modelerfour/pre-namer - END [0.05 s][124 MB]
DEBUG [5.25 s]: modelerfour/pre-namer/new-transform - START inputs = 2
DEBUG [5.25 s]: modelerfour/pre-namer/new-transform - END [0 s][124 MB]
DEBUG [5.25 s]: modelerfour/checker - START inputs = 4
DEBUG [5.28 s]: modelerfour/checker - END [0.02 s][125 MB]
DEBUG [5.28 s]: modelerfour/identity - START inputs = 2
DEBUG [5.28 s]: modelerfour/identity - END [0 s][125 MB]
DEBUG [5.28 s]: bicep - START inputs = 2
DEBUG [5.28 s]: modelerfour/emitter - START inputs = 2
DEBUG [5.28 s]: modelerfour/notags/emitter - START inputs = 2
DEBUG [5.28 s]: modelerfour/emitter - END [0 s][125 MB]
DEBUG [5.28 s]: modelerfour/notags/emitter - END [0 s][125 MB]
INFORMATION: autorest.bicep took 7ms
DEBUG [5.33 s]: bicep - END [0.05 s][126 MB]
DEBUG [5.33 s]: bicep/emitter - START inputs = 2
DEBUG [5.33 s]: Emitting 'bicep-files' at file:///tmp/_bcp_1625795651387/marketplaceordering/microsoft.marketplaceordering/2021-01-01/types.json
DEBUG [5.33 s]: Emitting 'bicep-files' at file:///tmp/_bcp_1625795651387/marketplaceordering/microsoft.marketplaceordering/2021-01-01/types.md
DEBUG [5.34 s]: bicep/emitter - END [0 s][126 MB]
Processing batch task - {"tag":"microsoft.marketplaceordering-2015-06-01"} .
VERBOSE [5.35 s]: > Including configuration file 'file:///home/runner/work/bicep-types-az/bicep-types-az/workflow-temp/azure-rest-api-specs/specification/marketplaceordering/resource-manager/readme.bicep.md'
VERBOSE [5.35 s]: > Initial configuration file 'file:///home/runner/work/bicep-types-az/bicep-types-az/workflow-temp/azure-rest-api-specs/specification/marketplaceordering/resource-manager/readme.md'
VERBOSE [5.35 s]: > Including configuration file 'file:///home/runner/work/bicep-types-az/bicep-types-az/workflow-temp/azure-rest-api-specs/specification/marketplaceordering/resource-manager/readme.md'
VERBOSE [5.37 s]: > Including configuration file 'file:///home/runner/.autorest/@autorest_core@3.5.0-ci.b8e3f92c0/node_modules/@autorest/core/dist/resources/default-configuration.md'
VERBOSE [5.37 s]: > Including configuration file 'file:///home/runner/.autorest/@autorest_core@3.5.0-ci.b8e3f92c0/node_modules/@autorest/core/dist/resources/inspect.md'
VERBOSE [5.38 s]: > Including configuration file 'file:///home/runner/.autorest/@autorest_core@3.5.0-ci.b8e3f92c0/node_modules/@autorest/core/dist/resources/directives.md'
VERBOSE [5.39 s]: > Including configuration file 'file:///home/runner/.autorest/@autorest_core@3.5.0-ci.b8e3f92c0/node_modules/@autorest/core/dist/resources/pipeline.md'
VERBOSE [5.41 s]: > Including configuration file 'file:///home/runner/.autorest/@autorest_core@3.5.0-ci.b8e3f92c0/node_modules/@autorest/core/dist/resources/loader-openapi.md'
VERBOSE [5.42 s]: > Including configuration file 'file:///home/runner/.autorest/@autorest_core@3.5.0-ci.b8e3f92c0/node_modules/@autorest/core/dist/resources/miscellaneous.md'
VERBOSE [5.43 s]: > Including configuration file 'file:///home/runner/.autorest/@autorest_core@3.5.0-ci.b8e3f92c0/node_modules/@autorest/core/dist/resources/plugin-powershell.md'
VERBOSE [5.44 s]: > Including configuration file 'file:///home/runner/.autorest/@autorest_core@3.5.0-ci.b8e3f92c0/node_modules/@autorest/core/dist/resources/plugin-azureresourceschema.md'
VERBOSE [5.46 s]: > Including configuration file 'file:///home/runner/.autorest/@autorest_core@3.5.0-ci.b8e3f92c0/node_modules/@autorest/core/dist/resources/plugin-csharp.md'
VERBOSE [5.48 s]: > Including configuration file 'file:///home/runner/.autorest/@autorest_core@3.5.0-ci.b8e3f92c0/node_modules/@autorest/core/dist/resources/plugin-go.md'
VERBOSE [5.49 s]: > Including configuration file 'file:///home/runner/.autorest/@autorest_core@3.5.0-ci.b8e3f92c0/node_modules/@autorest/core/dist/resources/plugin-java.md'
VERBOSE [5.51 s]: > Including configuration file 'file:///home/runner/.autorest/@autorest_core@3.5.0-ci.b8e3f92c0/node_modules/@autorest/core/dist/resources/plugin-nodejs.md'
VERBOSE [5.54 s]: > Including configuration file 'file:///home/runner/.autorest/@autorest_core@3.5.0-ci.b8e3f92c0/node_modules/@autorest/core/dist/resources/plugin-php.md'
VERBOSE [5.58 s]: > Including configuration file 'file:///home/runner/.autorest/@autorest_core@3.5.0-ci.b8e3f92c0/node_modules/@autorest/core/dist/resources/plugin-python.md'
VERBOSE [5.62 s]: > Including configuration file 'file:///home/runner/.autorest/@autorest_core@3.5.0-ci.b8e3f92c0/node_modules/@autorest/core/dist/resources/plugin-ruby.md'
VERBOSE [5.64 s]: > Including configuration file 'file:///home/runner/.autorest/@autorest_core@3.5.0-ci.b8e3f92c0/node_modules/@autorest/core/dist/resources/plugin-typescript.md'
VERBOSE [5.66 s]: > Including configuration file 'file:///home/runner/.autorest/@autorest_core@3.5.0-ci.b8e3f92c0/node_modules/@autorest/core/dist/resources/plugin-validators.md'
VERBOSE [5.68 s]: > Including configuration file 'file:///home/runner/.autorest/@autorest_core@3.5.0-ci.b8e3f92c0/node_modules/@autorest/core/dist/resources/plugin-az.md'
VERBOSE [5.7 s]: > Including configuration file 'file:///home/runner/.autorest/@autorest_core@3.5.0-ci.b8e3f92c0/node_modules/@autorest/core/dist/resources/plugin-terraform.md'
VERBOSE [5.72 s]: > Including configuration file 'file:///home/runner/.autorest/@autorest_core@3.5.0-ci.b8e3f92c0/node_modules/@autorest/core/dist/resources/plugin-azure-functions.md'
VERBOSE [5.74 s]: > Including configuration file 'file:///home/runner/.autorest/@autorest_core@3.5.0-ci.b8e3f92c0/node_modules/@autorest/core/dist/resources/graphs.md'
VERBOSE [5.76 s]: > Including configuration file 'file:///home/runner/.autorest/@autorest_core@3.5.0-ci.b8e3f92c0/node_modules/@autorest/core/dist/resources/help-configuration.md'
INFORMATION: > Loading local AutoRest extension '@autorest/bicep' (/home/runner/work/bicep-types-az/bicep-types-az/src/autorest.bicep)
VERBOSE [5.83 s]: > Including extension configuration file 'file:///home/runner/work/bicep-types-az/bicep-types-az/src/autorest.bicep/README.md'
VERBOSE [5.83 s]: > Including configuration file 'file:///home/runner/work/bicep-types-az/bicep-types-az/src/autorest.bicep/README.md'
INFORMATION: > Loading AutoRest extension '@autorest/modelerfour' (https://tinyurl.com/yhlkz69y->4.20.0-ci.b8e3f92c0)
VERBOSE [6.52 s]: > Including extension configuration file 'file:///home/runner/.autorest/@autorest_modelerfour@4.20.0-ci.b8e3f92c0/node_modules/@autorest/modelerfour/readme.md'
VERBOSE [6.52 s]: > Including configuration file 'file:///home/runner/.autorest/@autorest_modelerfour@4.20.0-ci.b8e3f92c0/node_modules/@autorest/modelerfour/readme.md'
DEBUG [6.82 s]: swagger-document/loader-swagger - START inputs = 0
DEBUG [6.82 s]: openapi-document/loader-openapi - START inputs = 0
DEBUG [6.82 s]: pipeline-emitter - START inputs = 0
DEBUG [6.82 s]: configuration-emitter - START inputs = 0
DEBUG [6.82 s]: pipeline-emitter - END [0.04 s][88 MB]
DEBUG [6.82 s]: configuration-emitter - END [0.04 s][88 MB]
VERBOSE [6.83 s]: Reading OpenAPI 2.0 file file:///home/runner/work/bicep-types-az/bicep-types-az/workflow-temp/azure-rest-api-specs/specification/marketplaceordering/resource-manager/Microsoft.MarketplaceOrdering/stable/2015-06-01/Agreements.json
DEBUG [6.83 s]: openapi-document/loader-openapi - END [0.04 s][91 MB]
DEBUG [6.85 s]: openapi-document/individual/transform - SKIPPING
DEBUG [6.85 s]: openapi-document/individual/schema-validator-openapi - SKIPPING
DEBUG [6.85 s]: openapi-document/individual/identity - SKIPPING
DEBUG [6.86 s]: swagger-document/loader-swagger - END [0.07 s][102 MB]
DEBUG [6.86 s]: swagger-document/individual/transform - START inputs = 1
DEBUG [6.89 s]: swagger-document/individual/transform - END [0.02 s][92 MB]
DEBUG [6.89 s]: swagger-document/individual/schema-validator-swagger - START inputs = 1
DEBUG [6.89 s]: swagger-document/individual/schema-validator-swagger - END [0 s][93 MB]
DEBUG [6.89 s]: swagger-document/identity - START inputs = 1
DEBUG [6.89 s]: swagger-document/individual/identity - START inputs = 1
DEBUG [6.89 s]: swagger-document/identity - END [0 s][93 MB]
DEBUG [6.89 s]: swagger-document/individual/identity - END [0 s][93 MB]
DEBUG [6.89 s]: openapi-document/openapi-document-converter - START inputs = 1
DEBUG [6.9 s]: openapi-document/openapi-document-converter - END [0.01 s][99 MB]
DEBUG [6.9 s]: openapi-document/transform - START inputs = 1
DEBUG [6.9 s]: openapi-document/transform - END [0 s][100 MB]
DEBUG [6.91 s]: openapi-document/semantic-validator - START inputs = 1
WARNING: Semantic validation was skipped.
DEBUG [6.91 s]: openapi-document/semantic-validator - END [0 s][100 MB]
DEBUG [6.91 s]: openapi-document/allof-cleaner - START inputs = 1
DEBUG [6.91 s]: openapi-document/allof-cleaner - END [0 s][91 MB]
DEBUG [6.91 s]: openapi-document/tree-shaker - START inputs = 1
DEBUG [6.93 s]: openapi-document/tree-shaker - END [0.02 s][99 MB]
DEBUG [6.93 s]: openapi-document/multi-api-merger - START inputs = 1
DEBUG [6.96 s]: openapi-document/multi-api-merger - END [0.02 s][100 MB]
DEBUG [6.96 s]: openapi-document/components-cleaner - START inputs = 1
DEBUG [7 s]: openapi-document/components-cleaner - END [0.03 s][107 MB]
DEBUG [7 s]: openapi-document/component-modifiers - START inputs = 1
DEBUG [7 s]: openapi-document/component-modifiers - END [0 s][110 MB]
DEBUG [7.01 s]: openapi-document/api-version-parameter-handler - START inputs = 1
DEBUG [7.01 s]: openapi-document/api-version-parameter-handler - END [0 s][101 MB]
DEBUG [7.01 s]: openapi-document/profile-filter - START inputs = 1
DEBUG [7.01 s]: openapi-document/profile-filter - END [0 s][101 MB]
DEBUG [7.01 s]: openapi-document/model-deduplicator - START inputs = 1
DEBUG [7.01 s]: openapi-document/emitter - START inputs = 1
DEBUG [7.01 s]: openapi-document/model-deduplicator - END [0 s][101 MB]
DEBUG [7.01 s]: openapi-document/emitter - END [0 s][101 MB]
DEBUG [7.01 s]: openapi-document/enum-deduplicator - START inputs = 1
DEBUG [7.07 s]: openapi-document/enum-deduplicator - END [0.05 s][111 MB]
DEBUG [7.07 s]: openapi-document/subset-reducer - START inputs = 1
DEBUG [7.07 s]: openapi-document/subset-reducer - END [0 s][111 MB]
DEBUG [7.07 s]: openapi-document/quick-check - START inputs = 1
DEBUG [7.07 s]: openapi-document/multi-api/reset-identity - START inputs = 1
DEBUG [7.08 s]: openapi-document/quick-check - END [0 s][115 MB]
DEBUG [7.08 s]: openapi-document/multi-api/reset-identity - END [0 s][115 MB]
DEBUG [7.08 s]: openapi-document/multi-api/identity - START inputs = 1
DEBUG [7.08 s]: openapi-document/multi-api/identity - END [0 s][115 MB]
DEBUG [7.08 s]: openapi-document/multi-api/emitter - START inputs = 1
DEBUG [7.08 s]: prechecker - START inputs = 1
DEBUG [7.08 s]: openapi-document/multi-api/emitter - END [0 s][115 MB]

WARNING (PreCheck/SchemaMissingType): The schema 'AgreementTerms' with an undefined type and declared properties is a bit ambiguous. This has been auto-corrected to 'type:object'

WARNING (PreCheck/SchemaMissingType): The schema 'AgreementProperties' with an undefined type and declared properties is a bit ambiguous. This has been auto-corrected to 'type:object'

WARNING (PreCheck/SchemaMissingType): The schema 'Operation-display' with an undefined type and declared properties is a bit ambiguous. This has been auto-corrected to 'type:object'

WARNING (PreCheck/SchemaMissingType): The schema 'OperationListResult' with an undefined type and declared properties is a bit ambiguous. This has been auto-corrected to 'type:object'

WARNING (PreCheck/SchemaMissingType): The schema 'Resource' with an undefined type and declared properties is a bit ambiguous. This has been auto-corrected to 'type:object'

WARNING (PreCheck/CheckDuplicateSchemas): Checking for duplicate schemas, this could take a (long) while.  Run with --verbose for more detail.
VERBOSE [7.09 s]: Found and removed 0 duplicate schema
DEBUG [7.1 s]: prechecker - END [0.02 s][106 MB]
DEBUG [7.1 s]: modelerfour - START inputs = 2
VERBOSE [7.12 s]:   ModelerFour/api-version-mode:client
VERBOSE [7.12 s]:   ModelerFour/api-version-parameter:constant
VERBOSE [7.12 s]:   ModelerFour/use-model-namespace:false

WARNING (UnkownSecurityScheme): Security scheme azure_auth is unknown and will not be processed. Only supported types are AADToken,AzureKey,Anonymous
DEBUG [7.16 s]: modelerfour - END [0.05 s][107 MB]
DEBUG [7.16 s]: modelerfour/new-transform - START inputs = 2
DEBUG [7.16 s]: modelerfour/new-transform - END [0 s][108 MB]
DEBUG [7.16 s]: modelerfour/flattener - START inputs = 2
DEBUG [7.18 s]: modelerfour/flattener - END [0.02 s][109 MB]
DEBUG [7.18 s]: modelerfour/flattener/new-transform - START inputs = 2
DEBUG [7.18 s]: modelerfour/flattener/new-transform - END [0 s][109 MB]
DEBUG [7.18 s]: modelerfour/grouper - START inputs = 2
DEBUG [7.2 s]: modelerfour/grouper - END [0.02 s][110 MB]
DEBUG [7.2 s]: modelerfour/grouper/new-transform - START inputs = 2
DEBUG [7.2 s]: modelerfour/grouper/new-transform - END [0 s][110 MB]
DEBUG [7.2 s]: modelerfour/pre-namer - START inputs = 2
DEBUG [7.23 s]: modelerfour/pre-namer - END [0.02 s][111 MB]
DEBUG [7.23 s]: modelerfour/pre-namer/new-transform - START inputs = 2
DEBUG [7.23 s]: modelerfour/pre-namer/new-transform - END [0 s][112 MB]
DEBUG [7.23 s]: modelerfour/checker - START inputs = 4
DEBUG [7.25 s]: modelerfour/checker - END [0.02 s][113 MB]
DEBUG [7.25 s]: modelerfour/identity - START inputs = 2
DEBUG [7.25 s]: modelerfour/identity - END [0 s][113 MB]
DEBUG [7.25 s]: bicep - START inputs = 2
DEBUG [7.25 s]: modelerfour/emitter - START inputs = 2
DEBUG [7.25 s]: modelerfour/notags/emitter - START inputs = 2
DEBUG [7.25 s]: modelerfour/emitter - END [0 s][113 MB]
DEBUG [7.25 s]: modelerfour/notags/emitter - END [0 s][113 MB]
INFORMATION: autorest.bicep took 1ms
DEBUG [7.28 s]: bicep - END [0.02 s][114 MB]
DEBUG [7.28 s]: bicep/emitter - START inputs = 2
DEBUG [7.28 s]: Emitting 'bicep-files' at file:///tmp/_bcp_1625795651387/marketplaceordering/microsoft.marketplaceordering/2015-06-01/types.json
DEBUG [7.28 s]: Emitting 'bicep-files' at file:///tmp/_bcp_1625795651387/marketplaceordering/microsoft.marketplaceordering/2015-06-01/types.md
DEBUG [7.28 s]: bicep/emitter - END [0 s][114 MB]
[7.28 s] Clearing Folders.
[7.28 s] Writing Outputs.
[7.28 s] Generation Complete
[7.28 s] Shutting Down.
[7.28 s] Exiting.
