
Executing: autorest --use=/home/runner/work/bicep-types-az/bicep-types-az/src/autorest.bicep --azureresourceschema --output-folder=/tmp/_bcp_1617633171346/desktopvirtualization --multiapi --title=none /home/runner/work/bicep-types-az/bicep-types-az/workflow-temp/azure-rest-api-specs/specification/desktopvirtualization/resource-manager/readme.md
AutoRest code generation utility [cli version: 3.1.4; node: v14.16.0, max-memory: 2048 MB]
(C) 2018 Microsoft Corporation.
https://aka.ms/autorest
   Loading AutoRest core      '/home/runner/work/bicep-types-az/bicep-types-az/src/generator/node_modules/@autorest/core/dist' (3.2.4)
INFORMATION: > Loading local AutoRest extension '@autorest/azureresourceschema' (/home/runner/work/bicep-types-az/bicep-types-az/src/autorest.bicep)
INFORMATION: > Loading AutoRest extension '@autorest/modelerfour' (4.16.2->4.16.2)
Processing batch task - {"tag":"schema-desktopvirtualization-2021-02-01-preview"} .
INFORMATION: > Loading local AutoRest extension '@autorest/azureresourceschema' (/home/runner/work/bicep-types-az/bicep-types-az/src/autorest.bicep)
INFORMATION: > Loading AutoRest extension '@autorest/modelerfour' (4.16.2->4.16.2)

WARNING (PreCheck/SchemaMissingType): The schema 'CloudError' with an undefined type and decalared properties is a bit ambigious. This has been auto-corrected to 'type:object'

WARNING (PreCheck/SchemaMissingType): The schema 'ResourceProviderOperationList' with an undefined type and decalared properties is a bit ambigious. This has been auto-corrected to 'type:object'

WARNING (PreCheck/SchemaMissingType): The schema 'ResourceProviderOperation' with an undefined type and decalared properties is a bit ambigious. This has been auto-corrected to 'type:object'

WARNING (PreCheck/SchemaMissingType): The schema 'ResourceProviderOperation-display' with an undefined type and decalared properties is a bit ambigious. This has been auto-corrected to 'type:object'

WARNING (PreCheck/SchemaMissingType): The schema 'Resource' with an undefined type and decalared properties is a bit ambigious. This has been auto-corrected to 'type:object'

WARNING (PreCheck/SchemaMissingType): The schema 'ResourceModelWithAllowedPropertySet' with an undefined type and decalared properties is a bit ambigious. This has been auto-corrected to 'type:object'

WARNING (PreCheck/SchemaMissingType): The schema 'ResourceModelWithAllowedPropertySet-identity' with an undefined type and 'allOf'/'anyOf'/'oneOf' is a bit ambigious. This has been auto-corrected to 'type:object'

WARNING (PreCheck/SchemaMissingType): The schema 'ResourceModelWithAllowedPropertySet-sku' with an undefined type and 'allOf'/'anyOf'/'oneOf' is a bit ambigious. This has been auto-corrected to 'type:object'

WARNING (PreCheck/SchemaMissingType): The schema 'ResourceModelWithAllowedPropertySet-plan' with an undefined type and 'allOf'/'anyOf'/'oneOf' is a bit ambigious. This has been auto-corrected to 'type:object'

WARNING (PreCheck/SchemaMissingType): The schema 'Sku' with an undefined type and decalared properties is a bit ambigious. This has been auto-corrected to 'type:object'

WARNING (PreCheck/SchemaMissingType): The schema 'Identity' with an undefined type and decalared properties is a bit ambigious. This has been auto-corrected to 'type:object'

WARNING (PreCheck/SchemaMissingType): The schema 'Plan' with an undefined type and decalared properties is a bit ambigious. This has been auto-corrected to 'type:object'

WARNING (PreCheck/CheckDuplicateSchemas): Checking for duplicate schemas, this could take a (long) while.  Run with --verbose for more detail.
WARNING: Unrecognized property type: byte-array. Returning 'any'.
WARNING: Unrecognized property type: byte-array. Returning 'any'.
WARNING: Unrecognized property type: byte-array. Returning 'any'.
INFORMATION: Autorest.AzureResourceSchema took 17ms
Processing batch task - {"tag":"schema-desktopvirtualization-2021-01-14-preview"} .
INFORMATION: > Loading local AutoRest extension '@autorest/azureresourceschema' (/home/runner/work/bicep-types-az/bicep-types-az/src/autorest.bicep)
INFORMATION: > Loading AutoRest extension '@autorest/modelerfour' (4.16.2->4.16.2)

WARNING (PreCheck/SchemaMissingType): The schema 'CloudError' with an undefined type and decalared properties is a bit ambigious. This has been auto-corrected to 'type:object'

WARNING (PreCheck/SchemaMissingType): The schema 'ResourceProviderOperationList' with an undefined type and decalared properties is a bit ambigious. This has been auto-corrected to 'type:object'

WARNING (PreCheck/SchemaMissingType): The schema 'ResourceProviderOperation' with an undefined type and decalared properties is a bit ambigious. This has been auto-corrected to 'type:object'

WARNING (PreCheck/SchemaMissingType): The schema 'ResourceProviderOperation-display' with an undefined type and decalared properties is a bit ambigious. This has been auto-corrected to 'type:object'

WARNING (PreCheck/SchemaMissingType): The schema 'Resource' with an undefined type and decalared properties is a bit ambigious. This has been auto-corrected to 'type:object'

WARNING (PreCheck/SchemaMissingType): The schema 'ResourceModelWithAllowedPropertySet' with an undefined type and decalared properties is a bit ambigious. This has been auto-corrected to 'type:object'

WARNING (PreCheck/SchemaMissingType): The schema 'ResourceModelWithAllowedPropertySet-identity' with an undefined type and 'allOf'/'anyOf'/'oneOf' is a bit ambigious. This has been auto-corrected to 'type:object'

WARNING (PreCheck/SchemaMissingType): The schema 'ResourceModelWithAllowedPropertySet-sku' with an undefined type and 'allOf'/'anyOf'/'oneOf' is a bit ambigious. This has been auto-corrected to 'type:object'

WARNING (PreCheck/SchemaMissingType): The schema 'ResourceModelWithAllowedPropertySet-plan' with an undefined type and 'allOf'/'anyOf'/'oneOf' is a bit ambigious. This has been auto-corrected to 'type:object'

WARNING (PreCheck/SchemaMissingType): The schema 'Sku' with an undefined type and decalared properties is a bit ambigious. This has been auto-corrected to 'type:object'

WARNING (PreCheck/SchemaMissingType): The schema 'Identity' with an undefined type and decalared properties is a bit ambigious. This has been auto-corrected to 'type:object'

WARNING (PreCheck/SchemaMissingType): The schema 'Plan' with an undefined type and decalared properties is a bit ambigious. This has been auto-corrected to 'type:object'

WARNING (PreCheck/CheckDuplicateSchemas): Checking for duplicate schemas, this could take a (long) while.  Run with --verbose for more detail.
WARNING: Unrecognized property type: byte-array. Returning 'any'.
WARNING: Unrecognized property type: byte-array. Returning 'any'.
WARNING: Unrecognized property type: byte-array. Returning 'any'.
INFORMATION: Autorest.AzureResourceSchema took 6ms
Processing batch task - {"tag":"schema-desktopvirtualization-2020-11-10-preview"} .
INFORMATION: > Loading local AutoRest extension '@autorest/azureresourceschema' (/home/runner/work/bicep-types-az/bicep-types-az/src/autorest.bicep)
INFORMATION: > Loading AutoRest extension '@autorest/modelerfour' (4.16.2->4.16.2)

WARNING (PreCheck/SchemaMissingType): The schema 'CloudError' with an undefined type and decalared properties is a bit ambigious. This has been auto-corrected to 'type:object'

WARNING (PreCheck/SchemaMissingType): The schema 'ResourceProviderOperationList' with an undefined type and decalared properties is a bit ambigious. This has been auto-corrected to 'type:object'

WARNING (PreCheck/SchemaMissingType): The schema 'ResourceProviderOperation' with an undefined type and decalared properties is a bit ambigious. This has been auto-corrected to 'type:object'

WARNING (PreCheck/SchemaMissingType): The schema 'ResourceProviderOperation-display' with an undefined type and decalared properties is a bit ambigious. This has been auto-corrected to 'type:object'

WARNING (PreCheck/SchemaMissingType): The schema 'Resource' with an undefined type and decalared properties is a bit ambigious. This has been auto-corrected to 'type:object'

WARNING (PreCheck/SchemaMissingType): The schema 'TrackedResource' with an undefined type and decalared properties is a bit ambigious. This has been auto-corrected to 'type:object'

WARNING (PreCheck/CheckDuplicateSchemas): Checking for duplicate schemas, this could take a (long) while.  Run with --verbose for more detail.
WARNING: Unrecognized property type: byte-array. Returning 'any'.
WARNING: Unrecognized property type: byte-array. Returning 'any'.
WARNING: Unrecognized property type: byte-array. Returning 'any'.
INFORMATION: Autorest.AzureResourceSchema took 6ms
Processing batch task - {"tag":"schema-desktopvirtualization-2020-11-02-preview"} .
INFORMATION: > Loading local AutoRest extension '@autorest/azureresourceschema' (/home/runner/work/bicep-types-az/bicep-types-az/src/autorest.bicep)
INFORMATION: > Loading AutoRest extension '@autorest/modelerfour' (4.16.2->4.16.2)

WARNING (PreCheck/SchemaMissingType): The schema 'CloudError' with an undefined type and decalared properties is a bit ambigious. This has been auto-corrected to 'type:object'

WARNING (PreCheck/SchemaMissingType): The schema 'ResourceProviderOperationList' with an undefined type and decalared properties is a bit ambigious. This has been auto-corrected to 'type:object'

WARNING (PreCheck/SchemaMissingType): The schema 'ResourceProviderOperation' with an undefined type and decalared properties is a bit ambigious. This has been auto-corrected to 'type:object'

WARNING (PreCheck/SchemaMissingType): The schema 'ResourceProviderOperation-display' with an undefined type and decalared properties is a bit ambigious. This has been auto-corrected to 'type:object'

WARNING (PreCheck/SchemaMissingType): The schema 'Resource' with an undefined type and decalared properties is a bit ambigious. This has been auto-corrected to 'type:object'

WARNING (PreCheck/SchemaMissingType): The schema 'TrackedResource' with an undefined type and decalared properties is a bit ambigious. This has been auto-corrected to 'type:object'

WARNING (PreCheck/CheckDuplicateSchemas): Checking for duplicate schemas, this could take a (long) while.  Run with --verbose for more detail.
WARNING: Unrecognized property type: byte-array. Returning 'any'.
WARNING: Unrecognized property type: byte-array. Returning 'any'.
WARNING: Unrecognized property type: byte-array. Returning 'any'.
INFORMATION: Autorest.AzureResourceSchema took 4ms
Processing batch task - {"tag":"schema-desktopvirtualization-2020-10-19-preview"} .
INFORMATION: > Loading local AutoRest extension '@autorest/azureresourceschema' (/home/runner/work/bicep-types-az/bicep-types-az/src/autorest.bicep)
INFORMATION: > Loading AutoRest extension '@autorest/modelerfour' (4.16.2->4.16.2)

WARNING (PreCheck/SchemaMissingType): The schema 'CloudError' with an undefined type and decalared properties is a bit ambigious. This has been auto-corrected to 'type:object'

WARNING (PreCheck/SchemaMissingType): The schema 'ResourceProviderOperationList' with an undefined type and decalared properties is a bit ambigious. This has been auto-corrected to 'type:object'

WARNING (PreCheck/SchemaMissingType): The schema 'ResourceProviderOperation' with an undefined type and decalared properties is a bit ambigious. This has been auto-corrected to 'type:object'

WARNING (PreCheck/SchemaMissingType): The schema 'ResourceProviderOperation-display' with an undefined type and decalared properties is a bit ambigious. This has been auto-corrected to 'type:object'

WARNING (PreCheck/SchemaMissingType): The schema 'Resource' with an undefined type and decalared properties is a bit ambigious. This has been auto-corrected to 'type:object'

WARNING (PreCheck/SchemaMissingType): The schema 'TrackedResource' with an undefined type and decalared properties is a bit ambigious. This has been auto-corrected to 'type:object'

WARNING (PreCheck/CheckDuplicateSchemas): Checking for duplicate schemas, this could take a (long) while.  Run with --verbose for more detail.
WARNING: Unrecognized property type: byte-array. Returning 'any'.
WARNING: Unrecognized property type: byte-array. Returning 'any'.
WARNING: Unrecognized property type: byte-array. Returning 'any'.
INFORMATION: Autorest.AzureResourceSchema took 5ms
Processing batch task - {"tag":"schema-desktopvirtualization-2020-09-21-preview"} .
INFORMATION: > Loading local AutoRest extension '@autorest/azureresourceschema' (/home/runner/work/bicep-types-az/bicep-types-az/src/autorest.bicep)
INFORMATION: > Loading AutoRest extension '@autorest/modelerfour' (4.16.2->4.16.2)

WARNING (PreCheck/SchemaMissingType): The schema 'CloudError' with an undefined type and decalared properties is a bit ambigious. This has been auto-corrected to 'type:object'

WARNING (PreCheck/SchemaMissingType): The schema 'ResourceProviderOperationList' with an undefined type and decalared properties is a bit ambigious. This has been auto-corrected to 'type:object'

WARNING (PreCheck/SchemaMissingType): The schema 'ResourceProviderOperation' with an undefined type and decalared properties is a bit ambigious. This has been auto-corrected to 'type:object'

WARNING (PreCheck/SchemaMissingType): The schema 'ResourceProviderOperation-display' with an undefined type and decalared properties is a bit ambigious. This has been auto-corrected to 'type:object'

WARNING (PreCheck/SchemaMissingType): The schema 'Resource' with an undefined type and decalared properties is a bit ambigious. This has been auto-corrected to 'type:object'

WARNING (PreCheck/SchemaMissingType): The schema 'TrackedResource' with an undefined type and decalared properties is a bit ambigious. This has been auto-corrected to 'type:object'

WARNING (PreCheck/CheckDuplicateSchemas): Checking for duplicate schemas, this could take a (long) while.  Run with --verbose for more detail.
WARNING: Unrecognized property type: byte-array. Returning 'any'.
WARNING: Unrecognized property type: byte-array. Returning 'any'.
WARNING: Unrecognized property type: byte-array. Returning 'any'.
INFORMATION: Autorest.AzureResourceSchema took 4ms
Processing batch task - {"tag":"schema-desktopvirtualization-2019-12-10-preview"} .
INFORMATION: > Loading local AutoRest extension '@autorest/azureresourceschema' (/home/runner/work/bicep-types-az/bicep-types-az/src/autorest.bicep)
INFORMATION: > Loading AutoRest extension '@autorest/modelerfour' (4.16.2->4.16.2)

WARNING (PreCheck/SchemaMissingType): The schema 'ResourceProviderOperationList' with an undefined type and decalared properties is a bit ambigious. This has been auto-corrected to 'type:object'

WARNING (PreCheck/SchemaMissingType): The schema 'ResourceProviderOperation' with an undefined type and decalared properties is a bit ambigious. This has been auto-corrected to 'type:object'

WARNING (PreCheck/SchemaMissingType): The schema 'ResourceProviderOperation-display' with an undefined type and decalared properties is a bit ambigious. This has been auto-corrected to 'type:object'

WARNING (PreCheck/SchemaMissingType): The schema 'Resource' with an undefined type and decalared properties is a bit ambigious. This has been auto-corrected to 'type:object'

WARNING (PreCheck/SchemaMissingType): The schema 'TrackedResource' with an undefined type and decalared properties is a bit ambigious. This has been auto-corrected to 'type:object'

WARNING (PreCheck/CheckDuplicateSchemas): Checking for duplicate schemas, this could take a (long) while.  Run with --verbose for more detail.
WARNING: Unrecognized property type: byte-array. Returning 'any'.
INFORMATION: Autorest.AzureResourceSchema took 2ms
Processing batch task - {"tag":"schema-desktopvirtualization-2019-09-24-preview"} .
INFORMATION: > Loading local AutoRest extension '@autorest/azureresourceschema' (/home/runner/work/bicep-types-az/bicep-types-az/src/autorest.bicep)
INFORMATION: > Loading AutoRest extension '@autorest/modelerfour' (4.16.2->4.16.2)

WARNING (PreCheck/SchemaMissingType): The schema 'ResourceProviderOperationList' with an undefined type and decalared properties is a bit ambigious. This has been auto-corrected to 'type:object'

WARNING (PreCheck/SchemaMissingType): The schema 'ResourceProviderOperation' with an undefined type and decalared properties is a bit ambigious. This has been auto-corrected to 'type:object'

WARNING (PreCheck/SchemaMissingType): The schema 'ResourceProviderOperation-display' with an undefined type and decalared properties is a bit ambigious. This has been auto-corrected to 'type:object'

WARNING (PreCheck/SchemaMissingType): The schema 'Resource' with an undefined type and decalared properties is a bit ambigious. This has been auto-corrected to 'type:object'

WARNING (PreCheck/SchemaMissingType): The schema 'TrackedResource' with an undefined type and decalared properties is a bit ambigious. This has been auto-corrected to 'type:object'

WARNING (PreCheck/CheckDuplicateSchemas): Checking for duplicate schemas, this could take a (long) while.  Run with --verbose for more detail.
WARNING: Unrecognized property type: byte-array. Returning 'any'.
INFORMATION: Autorest.AzureResourceSchema took 4ms
Processing batch task - {"tag":"schema-desktopvirtualization-2019-01-23-preview"} .
INFORMATION: > Loading local AutoRest extension '@autorest/azureresourceschema' (/home/runner/work/bicep-types-az/bicep-types-az/src/autorest.bicep)
INFORMATION: > Loading AutoRest extension '@autorest/modelerfour' (4.16.2->4.16.2)

WARNING (PreCheck/SchemaMissingType): The schema 'ResourceProviderOperationList' with an undefined type and decalared properties is a bit ambigious. This has been auto-corrected to 'type:object'

WARNING (PreCheck/SchemaMissingType): The schema 'ResourceProviderOperation' with an undefined type and decalared properties is a bit ambigious. This has been auto-corrected to 'type:object'

WARNING (PreCheck/SchemaMissingType): The schema 'ResourceProviderOperation-display' with an undefined type and decalared properties is a bit ambigious. This has been auto-corrected to 'type:object'

WARNING (PreCheck/SchemaMissingType): The schema 'Resource' with an undefined type and decalared properties is a bit ambigious. This has been auto-corrected to 'type:object'

WARNING (PreCheck/SchemaMissingType): The schema 'TrackedResource' with an undefined type and decalared properties is a bit ambigious. This has been auto-corrected to 'type:object'

WARNING (PreCheck/CheckDuplicateSchemas): Checking for duplicate schemas, this could take a (long) while.  Run with --verbose for more detail.
WARNING: Unrecognized property type: byte-array. Returning 'any'.
INFORMATION: Autorest.AzureResourceSchema took 2ms
Processing batch task - {"tag":"schema-desktopvirtualization-2021-02-01-preview"} .
INFORMATION: > Loading local AutoRest extension '@autorest/azureresourceschema' (/home/runner/work/bicep-types-az/bicep-types-az/src/autorest.bicep)
INFORMATION: > Loading AutoRest extension '@autorest/modelerfour' (4.16.2->4.16.2)

WARNING (PreCheck/SchemaMissingType): The schema 'CloudError' with an undefined type and decalared properties is a bit ambigious. This has been auto-corrected to 'type:object'

WARNING (PreCheck/SchemaMissingType): The schema 'ResourceProviderOperationList' with an undefined type and decalared properties is a bit ambigious. This has been auto-corrected to 'type:object'

WARNING (PreCheck/SchemaMissingType): The schema 'ResourceProviderOperation' with an undefined type and decalared properties is a bit ambigious. This has been auto-corrected to 'type:object'

WARNING (PreCheck/SchemaMissingType): The schema 'ResourceProviderOperation-display' with an undefined type and decalared properties is a bit ambigious. This has been auto-corrected to 'type:object'

WARNING (PreCheck/SchemaMissingType): The schema 'Resource' with an undefined type and decalared properties is a bit ambigious. This has been auto-corrected to 'type:object'

WARNING (PreCheck/SchemaMissingType): The schema 'ResourceModelWithAllowedPropertySet' with an undefined type and decalared properties is a bit ambigious. This has been auto-corrected to 'type:object'

WARNING (PreCheck/SchemaMissingType): The schema 'ResourceModelWithAllowedPropertySet-identity' with an undefined type and 'allOf'/'anyOf'/'oneOf' is a bit ambigious. This has been auto-corrected to 'type:object'

WARNING (PreCheck/SchemaMissingType): The schema 'ResourceModelWithAllowedPropertySet-sku' with an undefined type and 'allOf'/'anyOf'/'oneOf' is a bit ambigious. This has been auto-corrected to 'type:object'

WARNING (PreCheck/SchemaMissingType): The schema 'ResourceModelWithAllowedPropertySet-plan' with an undefined type and 'allOf'/'anyOf'/'oneOf' is a bit ambigious. This has been auto-corrected to 'type:object'

WARNING (PreCheck/SchemaMissingType): The schema 'Sku' with an undefined type and decalared properties is a bit ambigious. This has been auto-corrected to 'type:object'

WARNING (PreCheck/SchemaMissingType): The schema 'Identity' with an undefined type and decalared properties is a bit ambigious. This has been auto-corrected to 'type:object'

WARNING (PreCheck/SchemaMissingType): The schema 'Plan' with an undefined type and decalared properties is a bit ambigious. This has been auto-corrected to 'type:object'

WARNING (PreCheck/CheckDuplicateSchemas): Checking for duplicate schemas, this could take a (long) while.  Run with --verbose for more detail.
WARNING: Unrecognized property type: byte-array. Returning 'any'.
WARNING: Unrecognized property type: byte-array. Returning 'any'.
WARNING: Unrecognized property type: byte-array. Returning 'any'.
INFORMATION: Autorest.AzureResourceSchema took 10ms
Processing batch task - {"tag":"schema-desktopvirtualization-2021-01-14-preview"} .
INFORMATION: > Loading local AutoRest extension '@autorest/azureresourceschema' (/home/runner/work/bicep-types-az/bicep-types-az/src/autorest.bicep)
INFORMATION: > Loading AutoRest extension '@autorest/modelerfour' (4.16.2->4.16.2)

WARNING (PreCheck/SchemaMissingType): The schema 'CloudError' with an undefined type and decalared properties is a bit ambigious. This has been auto-corrected to 'type:object'

WARNING (PreCheck/SchemaMissingType): The schema 'ResourceProviderOperationList' with an undefined type and decalared properties is a bit ambigious. This has been auto-corrected to 'type:object'

WARNING (PreCheck/SchemaMissingType): The schema 'ResourceProviderOperation' with an undefined type and decalared properties is a bit ambigious. This has been auto-corrected to 'type:object'

WARNING (PreCheck/SchemaMissingType): The schema 'ResourceProviderOperation-display' with an undefined type and decalared properties is a bit ambigious. This has been auto-corrected to 'type:object'

WARNING (PreCheck/SchemaMissingType): The schema 'Resource' with an undefined type and decalared properties is a bit ambigious. This has been auto-corrected to 'type:object'

WARNING (PreCheck/SchemaMissingType): The schema 'ResourceModelWithAllowedPropertySet' with an undefined type and decalared properties is a bit ambigious. This has been auto-corrected to 'type:object'

WARNING (PreCheck/SchemaMissingType): The schema 'ResourceModelWithAllowedPropertySet-identity' with an undefined type and 'allOf'/'anyOf'/'oneOf' is a bit ambigious. This has been auto-corrected to 'type:object'

WARNING (PreCheck/SchemaMissingType): The schema 'ResourceModelWithAllowedPropertySet-sku' with an undefined type and 'allOf'/'anyOf'/'oneOf' is a bit ambigious. This has been auto-corrected to 'type:object'

WARNING (PreCheck/SchemaMissingType): The schema 'ResourceModelWithAllowedPropertySet-plan' with an undefined type and 'allOf'/'anyOf'/'oneOf' is a bit ambigious. This has been auto-corrected to 'type:object'

WARNING (PreCheck/SchemaMissingType): The schema 'Sku' with an undefined type and decalared properties is a bit ambigious. This has been auto-corrected to 'type:object'

WARNING (PreCheck/SchemaMissingType): The schema 'Identity' with an undefined type and decalared properties is a bit ambigious. This has been auto-corrected to 'type:object'

WARNING (PreCheck/SchemaMissingType): The schema 'Plan' with an undefined type and decalared properties is a bit ambigious. This has been auto-corrected to 'type:object'

WARNING (PreCheck/CheckDuplicateSchemas): Checking for duplicate schemas, this could take a (long) while.  Run with --verbose for more detail.
WARNING: Unrecognized property type: byte-array. Returning 'any'.
WARNING: Unrecognized property type: byte-array. Returning 'any'.
WARNING: Unrecognized property type: byte-array. Returning 'any'.
INFORMATION: Autorest.AzureResourceSchema took 5ms
Processing batch task - {"tag":"schema-desktopvirtualization-2020-11-10-preview"} .
INFORMATION: > Loading local AutoRest extension '@autorest/azureresourceschema' (/home/runner/work/bicep-types-az/bicep-types-az/src/autorest.bicep)
INFORMATION: > Loading AutoRest extension '@autorest/modelerfour' (4.16.2->4.16.2)

WARNING (PreCheck/SchemaMissingType): The schema 'CloudError' with an undefined type and decalared properties is a bit ambigious. This has been auto-corrected to 'type:object'

WARNING (PreCheck/SchemaMissingType): The schema 'ResourceProviderOperationList' with an undefined type and decalared properties is a bit ambigious. This has been auto-corrected to 'type:object'

WARNING (PreCheck/SchemaMissingType): The schema 'ResourceProviderOperation' with an undefined type and decalared properties is a bit ambigious. This has been auto-corrected to 'type:object'

WARNING (PreCheck/SchemaMissingType): The schema 'ResourceProviderOperation-display' with an undefined type and decalared properties is a bit ambigious. This has been auto-corrected to 'type:object'

WARNING (PreCheck/SchemaMissingType): The schema 'Resource' with an undefined type and decalared properties is a bit ambigious. This has been auto-corrected to 'type:object'

WARNING (PreCheck/SchemaMissingType): The schema 'TrackedResource' with an undefined type and decalared properties is a bit ambigious. This has been auto-corrected to 'type:object'

WARNING (PreCheck/CheckDuplicateSchemas): Checking for duplicate schemas, this could take a (long) while.  Run with --verbose for more detail.
WARNING: Unrecognized property type: byte-array. Returning 'any'.
WARNING: Unrecognized property type: byte-array. Returning 'any'.
WARNING: Unrecognized property type: byte-array. Returning 'any'.
INFORMATION: Autorest.AzureResourceSchema took 3ms
Processing batch task - {"tag":"schema-desktopvirtualization-2020-11-02-preview"} .
INFORMATION: > Loading local AutoRest extension '@autorest/azureresourceschema' (/home/runner/work/bicep-types-az/bicep-types-az/src/autorest.bicep)
INFORMATION: > Loading AutoRest extension '@autorest/modelerfour' (4.16.2->4.16.2)

WARNING (PreCheck/SchemaMissingType): The schema 'CloudError' with an undefined type and decalared properties is a bit ambigious. This has been auto-corrected to 'type:object'

WARNING (PreCheck/SchemaMissingType): The schema 'ResourceProviderOperationList' with an undefined type and decalared properties is a bit ambigious. This has been auto-corrected to 'type:object'

WARNING (PreCheck/SchemaMissingType): The schema 'ResourceProviderOperation' with an undefined type and decalared properties is a bit ambigious. This has been auto-corrected to 'type:object'

WARNING (PreCheck/SchemaMissingType): The schema 'ResourceProviderOperation-display' with an undefined type and decalared properties is a bit ambigious. This has been auto-corrected to 'type:object'

WARNING (PreCheck/SchemaMissingType): The schema 'Resource' with an undefined type and decalared properties is a bit ambigious. This has been auto-corrected to 'type:object'

WARNING (PreCheck/SchemaMissingType): The schema 'TrackedResource' with an undefined type and decalared properties is a bit ambigious. This has been auto-corrected to 'type:object'

WARNING (PreCheck/CheckDuplicateSchemas): Checking for duplicate schemas, this could take a (long) while.  Run with --verbose for more detail.
WARNING: Unrecognized property type: byte-array. Returning 'any'.
WARNING: Unrecognized property type: byte-array. Returning 'any'.
WARNING: Unrecognized property type: byte-array. Returning 'any'.
INFORMATION: Autorest.AzureResourceSchema took 3ms
Processing batch task - {"tag":"schema-desktopvirtualization-2020-10-19-preview"} .
INFORMATION: > Loading local AutoRest extension '@autorest/azureresourceschema' (/home/runner/work/bicep-types-az/bicep-types-az/src/autorest.bicep)
INFORMATION: > Loading AutoRest extension '@autorest/modelerfour' (4.16.2->4.16.2)

WARNING (PreCheck/SchemaMissingType): The schema 'CloudError' with an undefined type and decalared properties is a bit ambigious. This has been auto-corrected to 'type:object'

WARNING (PreCheck/SchemaMissingType): The schema 'ResourceProviderOperationList' with an undefined type and decalared properties is a bit ambigious. This has been auto-corrected to 'type:object'

WARNING (PreCheck/SchemaMissingType): The schema 'ResourceProviderOperation' with an undefined type and decalared properties is a bit ambigious. This has been auto-corrected to 'type:object'

WARNING (PreCheck/SchemaMissingType): The schema 'ResourceProviderOperation-display' with an undefined type and decalared properties is a bit ambigious. This has been auto-corrected to 'type:object'

WARNING (PreCheck/SchemaMissingType): The schema 'Resource' with an undefined type and decalared properties is a bit ambigious. This has been auto-corrected to 'type:object'

WARNING (PreCheck/SchemaMissingType): The schema 'TrackedResource' with an undefined type and decalared properties is a bit ambigious. This has been auto-corrected to 'type:object'

WARNING (PreCheck/CheckDuplicateSchemas): Checking for duplicate schemas, this could take a (long) while.  Run with --verbose for more detail.
WARNING: Unrecognized property type: byte-array. Returning 'any'.
WARNING: Unrecognized property type: byte-array. Returning 'any'.
WARNING: Unrecognized property type: byte-array. Returning 'any'.
INFORMATION: Autorest.AzureResourceSchema took 3ms
Processing batch task - {"tag":"schema-desktopvirtualization-2020-09-21-preview"} .
INFORMATION: > Loading local AutoRest extension '@autorest/azureresourceschema' (/home/runner/work/bicep-types-az/bicep-types-az/src/autorest.bicep)
INFORMATION: > Loading AutoRest extension '@autorest/modelerfour' (4.16.2->4.16.2)

WARNING (PreCheck/SchemaMissingType): The schema 'CloudError' with an undefined type and decalared properties is a bit ambigious. This has been auto-corrected to 'type:object'

WARNING (PreCheck/SchemaMissingType): The schema 'ResourceProviderOperationList' with an undefined type and decalared properties is a bit ambigious. This has been auto-corrected to 'type:object'

WARNING (PreCheck/SchemaMissingType): The schema 'ResourceProviderOperation' with an undefined type and decalared properties is a bit ambigious. This has been auto-corrected to 'type:object'

WARNING (PreCheck/SchemaMissingType): The schema 'ResourceProviderOperation-display' with an undefined type and decalared properties is a bit ambigious. This has been auto-corrected to 'type:object'

WARNING (PreCheck/SchemaMissingType): The schema 'Resource' with an undefined type and decalared properties is a bit ambigious. This has been auto-corrected to 'type:object'

WARNING (PreCheck/SchemaMissingType): The schema 'TrackedResource' with an undefined type and decalared properties is a bit ambigious. This has been auto-corrected to 'type:object'

WARNING (PreCheck/CheckDuplicateSchemas): Checking for duplicate schemas, this could take a (long) while.  Run with --verbose for more detail.
WARNING: Unrecognized property type: byte-array. Returning 'any'.
WARNING: Unrecognized property type: byte-array. Returning 'any'.
WARNING: Unrecognized property type: byte-array. Returning 'any'.
INFORMATION: Autorest.AzureResourceSchema took 3ms
Processing batch task - {"tag":"schema-desktopvirtualization-2019-12-10-preview"} .
INFORMATION: > Loading local AutoRest extension '@autorest/azureresourceschema' (/home/runner/work/bicep-types-az/bicep-types-az/src/autorest.bicep)
INFORMATION: > Loading AutoRest extension '@autorest/modelerfour' (4.16.2->4.16.2)

WARNING (PreCheck/SchemaMissingType): The schema 'ResourceProviderOperationList' with an undefined type and decalared properties is a bit ambigious. This has been auto-corrected to 'type:object'

WARNING (PreCheck/SchemaMissingType): The schema 'ResourceProviderOperation' with an undefined type and decalared properties is a bit ambigious. This has been auto-corrected to 'type:object'

WARNING (PreCheck/SchemaMissingType): The schema 'ResourceProviderOperation-display' with an undefined type and decalared properties is a bit ambigious. This has been auto-corrected to 'type:object'

WARNING (PreCheck/SchemaMissingType): The schema 'Resource' with an undefined type and decalared properties is a bit ambigious. This has been auto-corrected to 'type:object'

WARNING (PreCheck/SchemaMissingType): The schema 'TrackedResource' with an undefined type and decalared properties is a bit ambigious. This has been auto-corrected to 'type:object'

WARNING (PreCheck/CheckDuplicateSchemas): Checking for duplicate schemas, this could take a (long) while.  Run with --verbose for more detail.
WARNING: Unrecognized property type: byte-array. Returning 'any'.
INFORMATION: Autorest.AzureResourceSchema took 2ms
Processing batch task - {"tag":"schema-desktopvirtualization-2019-09-24-preview"} .
INFORMATION: > Loading local AutoRest extension '@autorest/azureresourceschema' (/home/runner/work/bicep-types-az/bicep-types-az/src/autorest.bicep)
INFORMATION: > Loading AutoRest extension '@autorest/modelerfour' (4.16.2->4.16.2)

WARNING (PreCheck/SchemaMissingType): The schema 'ResourceProviderOperationList' with an undefined type and decalared properties is a bit ambigious. This has been auto-corrected to 'type:object'

WARNING (PreCheck/SchemaMissingType): The schema 'ResourceProviderOperation' with an undefined type and decalared properties is a bit ambigious. This has been auto-corrected to 'type:object'

WARNING (PreCheck/SchemaMissingType): The schema 'ResourceProviderOperation-display' with an undefined type and decalared properties is a bit ambigious. This has been auto-corrected to 'type:object'

WARNING (PreCheck/SchemaMissingType): The schema 'Resource' with an undefined type and decalared properties is a bit ambigious. This has been auto-corrected to 'type:object'

WARNING (PreCheck/SchemaMissingType): The schema 'TrackedResource' with an undefined type and decalared properties is a bit ambigious. This has been auto-corrected to 'type:object'

WARNING (PreCheck/CheckDuplicateSchemas): Checking for duplicate schemas, this could take a (long) while.  Run with --verbose for more detail.
WARNING: Unrecognized property type: byte-array. Returning 'any'.
INFORMATION: Autorest.AzureResourceSchema took 4ms
Processing batch task - {"tag":"schema-desktopvirtualization-2019-01-23-preview"} .
INFORMATION: > Loading local AutoRest extension '@autorest/azureresourceschema' (/home/runner/work/bicep-types-az/bicep-types-az/src/autorest.bicep)
INFORMATION: > Loading AutoRest extension '@autorest/modelerfour' (4.16.2->4.16.2)

WARNING (PreCheck/SchemaMissingType): The schema 'ResourceProviderOperationList' with an undefined type and decalared properties is a bit ambigious. This has been auto-corrected to 'type:object'

WARNING (PreCheck/SchemaMissingType): The schema 'ResourceProviderOperation' with an undefined type and decalared properties is a bit ambigious. This has been auto-corrected to 'type:object'

WARNING (PreCheck/SchemaMissingType): The schema 'ResourceProviderOperation-display' with an undefined type and decalared properties is a bit ambigious. This has been auto-corrected to 'type:object'

WARNING (PreCheck/SchemaMissingType): The schema 'Resource' with an undefined type and decalared properties is a bit ambigious. This has been auto-corrected to 'type:object'

WARNING (PreCheck/SchemaMissingType): The schema 'TrackedResource' with an undefined type and decalared properties is a bit ambigious. This has been auto-corrected to 'type:object'

WARNING (PreCheck/CheckDuplicateSchemas): Checking for duplicate schemas, this could take a (long) while.  Run with --verbose for more detail.
WARNING: Unrecognized property type: byte-array. Returning 'any'.
INFORMATION: Autorest.AzureResourceSchema took 3ms
[98.04 s] Generation Complete
