Executing: autorest --use=/home/runner/work/bicep-types-az/bicep-types-az/src/autorest.bicep --bicep --output-folder=/tmp/_bcp_1625795651387/machinelearningcompute --multiapi --title=none --skip-semantics-validation /home/runner/work/bicep-types-az/bicep-types-az/workflow-temp/azure-rest-api-specs/specification/machinelearningcompute/resource-manager/readme.md --debug --verbose
AutoRest code generation utility [cli version: 3.2.1; node: v14.17.1, max-memory: 4096 MB]
(C) 2018 Microsoft Corporation.
https://aka.ms/autorest
No configuration found at 'file:///home/runner/work/bicep-types-az/bicep-types-az/src/generator/src/cmd/'.
> Including configuration file 'file:///home/runner/work/bicep-types-az/bicep-types-az/src/generator/node_modules/autorest/dist/resources/default-configuration.md'
> Including configuration file 'file:///home/runner/work/bicep-types-az/bicep-types-az/src/generator/node_modules/autorest/dist/resources/inspect.md'
> Including configuration file 'file:///home/runner/work/bicep-types-az/bicep-types-az/src/generator/node_modules/autorest/dist/resources/directives.md'
> Including configuration file 'file:///home/runner/work/bicep-types-az/bicep-types-az/src/generator/node_modules/autorest/dist/resources/pipeline.md'
> Including configuration file 'file:///home/runner/work/bicep-types-az/bicep-types-az/src/generator/node_modules/autorest/dist/resources/loader-openapi.md'
> Including configuration file 'file:///home/runner/work/bicep-types-az/bicep-types-az/src/generator/node_modules/autorest/dist/resources/miscellaneous.md'
> Including configuration file 'file:///home/runner/work/bicep-types-az/bicep-types-az/src/generator/node_modules/autorest/dist/resources/plugin-powershell.md'
> Including configuration file 'file:///home/runner/work/bicep-types-az/bicep-types-az/src/generator/node_modules/autorest/dist/resources/plugin-azureresourceschema.md'
> Including configuration file 'file:///home/runner/work/bicep-types-az/bicep-types-az/src/generator/node_modules/autorest/dist/resources/plugin-csharp.md'
> Including configuration file 'file:///home/runner/work/bicep-types-az/bicep-types-az/src/generator/node_modules/autorest/dist/resources/plugin-go.md'
> Including configuration file 'file:///home/runner/work/bicep-types-az/bicep-types-az/src/generator/node_modules/autorest/dist/resources/plugin-java.md'
> Including configuration file 'file:///home/runner/work/bicep-types-az/bicep-types-az/src/generator/node_modules/autorest/dist/resources/plugin-nodejs.md'
> Including configuration file 'file:///home/runner/work/bicep-types-az/bicep-types-az/src/generator/node_modules/autorest/dist/resources/plugin-php.md'
> Including configuration file 'file:///home/runner/work/bicep-types-az/bicep-types-az/src/generator/node_modules/autorest/dist/resources/plugin-python.md'
> Including configuration file 'file:///home/runner/work/bicep-types-az/bicep-types-az/src/generator/node_modules/autorest/dist/resources/plugin-ruby.md'
> Including configuration file 'file:///home/runner/work/bicep-types-az/bicep-types-az/src/generator/node_modules/autorest/dist/resources/plugin-typescript.md'
> Including configuration file 'file:///home/runner/work/bicep-types-az/bicep-types-az/src/generator/node_modules/autorest/dist/resources/plugin-validators.md'
> Including configuration file 'file:///home/runner/work/bicep-types-az/bicep-types-az/src/generator/node_modules/autorest/dist/resources/plugin-az.md'
> Including configuration file 'file:///home/runner/work/bicep-types-az/bicep-types-az/src/generator/node_modules/autorest/dist/resources/plugin-terraform.md'
> Including configuration file 'file:///home/runner/work/bicep-types-az/bicep-types-az/src/generator/node_modules/autorest/dist/resources/plugin-azure-functions.md'
> Including configuration file 'file:///home/runner/work/bicep-types-az/bicep-types-az/src/generator/node_modules/autorest/dist/resources/graphs.md'
> Including configuration file 'file:///home/runner/work/bicep-types-az/bicep-types-az/src/generator/node_modules/autorest/dist/resources/help-configuration.md'
> Loading local AutoRest extension '@autorest/bicep' (/home/runner/work/bicep-types-az/bicep-types-az/src/autorest.bicep)
> Including extension configuration file 'file:///home/runner/work/bicep-types-az/bicep-types-az/src/autorest.bicep/README.md'
> Including configuration file 'file:///home/runner/work/bicep-types-az/bicep-types-az/src/autorest.bicep/README.md'
> Loading AutoRest extension '@autorest/modelerfour' (https://tinyurl.com/yhlkz69y->4.20.0-ci.b8e3f92c0)
> Including extension configuration file 'file:///home/runner/.autorest/@autorest_modelerfour@4.20.0-ci.b8e3f92c0/node_modules/@autorest/modelerfour/readme.md'
> Including configuration file 'file:///home/runner/.autorest/@autorest_modelerfour@4.20.0-ci.b8e3f92c0/node_modules/@autorest/modelerfour/readme.md'
NOTE: AutoRest core version selected from configuration: https://tinyurl.com/yfjyy27f.
Network Enabled: true

There is a new version of AutoRest available (3.2.3).
 > You can install the newer version with with npm install -g autorest@latest

Starting @autorest/core from /home/runner/.autorest/@autorest_core@3.5.0-ci.b8e3f92c0/node_modules/@autorest/core
   Loading AutoRest core      '/home/runner/.autorest/@autorest_core@3.5.0-ci.b8e3f92c0/node_modules/@autorest/core/dist' (3.5.0-ci.b8e3f92c0)
VERBOSE [0.69 s]: > Including configuration file 'file:///home/runner/work/bicep-types-az/bicep-types-az/workflow-temp/azure-rest-api-specs/specification/machinelearningcompute/resource-manager/readme.bicep.md'
VERBOSE [0.7 s]: > Initial configuration file 'file:///home/runner/work/bicep-types-az/bicep-types-az/workflow-temp/azure-rest-api-specs/specification/machinelearningcompute/resource-manager/readme.md'
VERBOSE [0.7 s]: > Including configuration file 'file:///home/runner/work/bicep-types-az/bicep-types-az/workflow-temp/azure-rest-api-specs/specification/machinelearningcompute/resource-manager/readme.md'
VERBOSE [0.72 s]: > Including configuration file 'file:///home/runner/.autorest/@autorest_core@3.5.0-ci.b8e3f92c0/node_modules/@autorest/core/dist/resources/default-configuration.md'
VERBOSE [0.74 s]: > Including configuration file 'file:///home/runner/.autorest/@autorest_core@3.5.0-ci.b8e3f92c0/node_modules/@autorest/core/dist/resources/inspect.md'
VERBOSE [0.75 s]: > Including configuration file 'file:///home/runner/.autorest/@autorest_core@3.5.0-ci.b8e3f92c0/node_modules/@autorest/core/dist/resources/directives.md'
VERBOSE [0.77 s]: > Including configuration file 'file:///home/runner/.autorest/@autorest_core@3.5.0-ci.b8e3f92c0/node_modules/@autorest/core/dist/resources/pipeline.md'
VERBOSE [0.79 s]: > Including configuration file 'file:///home/runner/.autorest/@autorest_core@3.5.0-ci.b8e3f92c0/node_modules/@autorest/core/dist/resources/loader-openapi.md'
VERBOSE [0.81 s]: > Including configuration file 'file:///home/runner/.autorest/@autorest_core@3.5.0-ci.b8e3f92c0/node_modules/@autorest/core/dist/resources/miscellaneous.md'
VERBOSE [0.83 s]: > Including configuration file 'file:///home/runner/.autorest/@autorest_core@3.5.0-ci.b8e3f92c0/node_modules/@autorest/core/dist/resources/plugin-powershell.md'
VERBOSE [0.84 s]: > Including configuration file 'file:///home/runner/.autorest/@autorest_core@3.5.0-ci.b8e3f92c0/node_modules/@autorest/core/dist/resources/plugin-azureresourceschema.md'
VERBOSE [0.86 s]: > Including configuration file 'file:///home/runner/.autorest/@autorest_core@3.5.0-ci.b8e3f92c0/node_modules/@autorest/core/dist/resources/plugin-csharp.md'
VERBOSE [0.88 s]: > Including configuration file 'file:///home/runner/.autorest/@autorest_core@3.5.0-ci.b8e3f92c0/node_modules/@autorest/core/dist/resources/plugin-go.md'
VERBOSE [0.89 s]: > Including configuration file 'file:///home/runner/.autorest/@autorest_core@3.5.0-ci.b8e3f92c0/node_modules/@autorest/core/dist/resources/plugin-java.md'
VERBOSE [0.91 s]: > Including configuration file 'file:///home/runner/.autorest/@autorest_core@3.5.0-ci.b8e3f92c0/node_modules/@autorest/core/dist/resources/plugin-nodejs.md'
VERBOSE [0.93 s]: > Including configuration file 'file:///home/runner/.autorest/@autorest_core@3.5.0-ci.b8e3f92c0/node_modules/@autorest/core/dist/resources/plugin-php.md'
VERBOSE [0.95 s]: > Including configuration file 'file:///home/runner/.autorest/@autorest_core@3.5.0-ci.b8e3f92c0/node_modules/@autorest/core/dist/resources/plugin-python.md'
VERBOSE [0.97 s]: > Including configuration file 'file:///home/runner/.autorest/@autorest_core@3.5.0-ci.b8e3f92c0/node_modules/@autorest/core/dist/resources/plugin-ruby.md'
VERBOSE [0.99 s]: > Including configuration file 'file:///home/runner/.autorest/@autorest_core@3.5.0-ci.b8e3f92c0/node_modules/@autorest/core/dist/resources/plugin-typescript.md'
VERBOSE [1.01 s]: > Including configuration file 'file:///home/runner/.autorest/@autorest_core@3.5.0-ci.b8e3f92c0/node_modules/@autorest/core/dist/resources/plugin-validators.md'
VERBOSE [1.03 s]: > Including configuration file 'file:///home/runner/.autorest/@autorest_core@3.5.0-ci.b8e3f92c0/node_modules/@autorest/core/dist/resources/plugin-az.md'
VERBOSE [1.06 s]: > Including configuration file 'file:///home/runner/.autorest/@autorest_core@3.5.0-ci.b8e3f92c0/node_modules/@autorest/core/dist/resources/plugin-terraform.md'
VERBOSE [1.08 s]: > Including configuration file 'file:///home/runner/.autorest/@autorest_core@3.5.0-ci.b8e3f92c0/node_modules/@autorest/core/dist/resources/plugin-azure-functions.md'
VERBOSE [1.1 s]: > Including configuration file 'file:///home/runner/.autorest/@autorest_core@3.5.0-ci.b8e3f92c0/node_modules/@autorest/core/dist/resources/graphs.md'
VERBOSE [1.12 s]: > Including configuration file 'file:///home/runner/.autorest/@autorest_core@3.5.0-ci.b8e3f92c0/node_modules/@autorest/core/dist/resources/help-configuration.md'
INFORMATION: > Loading local AutoRest extension '@autorest/bicep' (/home/runner/work/bicep-types-az/bicep-types-az/src/autorest.bicep)
VERBOSE [1.2 s]: > Including extension configuration file 'file:///home/runner/work/bicep-types-az/bicep-types-az/src/autorest.bicep/README.md'
VERBOSE [1.2 s]: > Including configuration file 'file:///home/runner/work/bicep-types-az/bicep-types-az/src/autorest.bicep/README.md'
INFORMATION: > Loading AutoRest extension '@autorest/modelerfour' (https://tinyurl.com/yhlkz69y->4.20.0-ci.b8e3f92c0)
VERBOSE [2.1 s]: > Including extension configuration file 'file:///home/runner/.autorest/@autorest_modelerfour@4.20.0-ci.b8e3f92c0/node_modules/@autorest/modelerfour/readme.md'
VERBOSE [2.1 s]: > Including configuration file 'file:///home/runner/.autorest/@autorest_modelerfour@4.20.0-ci.b8e3f92c0/node_modules/@autorest/modelerfour/readme.md'
Processing batch task - {"tag":"microsoft.machinelearningcompute-2017-08-01-preview"} .
VERBOSE [2.32 s]: > Including configuration file 'file:///home/runner/work/bicep-types-az/bicep-types-az/workflow-temp/azure-rest-api-specs/specification/machinelearningcompute/resource-manager/readme.bicep.md'
VERBOSE [2.32 s]: > Initial configuration file 'file:///home/runner/work/bicep-types-az/bicep-types-az/workflow-temp/azure-rest-api-specs/specification/machinelearningcompute/resource-manager/readme.md'
VERBOSE [2.32 s]: > Including configuration file 'file:///home/runner/work/bicep-types-az/bicep-types-az/workflow-temp/azure-rest-api-specs/specification/machinelearningcompute/resource-manager/readme.md'
VERBOSE [2.33 s]: > Including configuration file 'file:///home/runner/.autorest/@autorest_core@3.5.0-ci.b8e3f92c0/node_modules/@autorest/core/dist/resources/default-configuration.md'
VERBOSE [2.34 s]: > Including configuration file 'file:///home/runner/.autorest/@autorest_core@3.5.0-ci.b8e3f92c0/node_modules/@autorest/core/dist/resources/inspect.md'
VERBOSE [2.35 s]: > Including configuration file 'file:///home/runner/.autorest/@autorest_core@3.5.0-ci.b8e3f92c0/node_modules/@autorest/core/dist/resources/directives.md'
VERBOSE [2.36 s]: > Including configuration file 'file:///home/runner/.autorest/@autorest_core@3.5.0-ci.b8e3f92c0/node_modules/@autorest/core/dist/resources/pipeline.md'
VERBOSE [2.37 s]: > Including configuration file 'file:///home/runner/.autorest/@autorest_core@3.5.0-ci.b8e3f92c0/node_modules/@autorest/core/dist/resources/loader-openapi.md'
VERBOSE [2.39 s]: > Including configuration file 'file:///home/runner/.autorest/@autorest_core@3.5.0-ci.b8e3f92c0/node_modules/@autorest/core/dist/resources/miscellaneous.md'
VERBOSE [2.4 s]: > Including configuration file 'file:///home/runner/.autorest/@autorest_core@3.5.0-ci.b8e3f92c0/node_modules/@autorest/core/dist/resources/plugin-powershell.md'
VERBOSE [2.41 s]: > Including configuration file 'file:///home/runner/.autorest/@autorest_core@3.5.0-ci.b8e3f92c0/node_modules/@autorest/core/dist/resources/plugin-azureresourceschema.md'
VERBOSE [2.42 s]: > Including configuration file 'file:///home/runner/.autorest/@autorest_core@3.5.0-ci.b8e3f92c0/node_modules/@autorest/core/dist/resources/plugin-csharp.md'
VERBOSE [2.44 s]: > Including configuration file 'file:///home/runner/.autorest/@autorest_core@3.5.0-ci.b8e3f92c0/node_modules/@autorest/core/dist/resources/plugin-go.md'
VERBOSE [2.45 s]: > Including configuration file 'file:///home/runner/.autorest/@autorest_core@3.5.0-ci.b8e3f92c0/node_modules/@autorest/core/dist/resources/plugin-java.md'
VERBOSE [2.47 s]: > Including configuration file 'file:///home/runner/.autorest/@autorest_core@3.5.0-ci.b8e3f92c0/node_modules/@autorest/core/dist/resources/plugin-nodejs.md'
VERBOSE [2.48 s]: > Including configuration file 'file:///home/runner/.autorest/@autorest_core@3.5.0-ci.b8e3f92c0/node_modules/@autorest/core/dist/resources/plugin-php.md'
VERBOSE [2.5 s]: > Including configuration file 'file:///home/runner/.autorest/@autorest_core@3.5.0-ci.b8e3f92c0/node_modules/@autorest/core/dist/resources/plugin-python.md'
VERBOSE [2.52 s]: > Including configuration file 'file:///home/runner/.autorest/@autorest_core@3.5.0-ci.b8e3f92c0/node_modules/@autorest/core/dist/resources/plugin-ruby.md'
VERBOSE [2.53 s]: > Including configuration file 'file:///home/runner/.autorest/@autorest_core@3.5.0-ci.b8e3f92c0/node_modules/@autorest/core/dist/resources/plugin-typescript.md'
VERBOSE [2.55 s]: > Including configuration file 'file:///home/runner/.autorest/@autorest_core@3.5.0-ci.b8e3f92c0/node_modules/@autorest/core/dist/resources/plugin-validators.md'
VERBOSE [2.57 s]: > Including configuration file 'file:///home/runner/.autorest/@autorest_core@3.5.0-ci.b8e3f92c0/node_modules/@autorest/core/dist/resources/plugin-az.md'
VERBOSE [2.59 s]: > Including configuration file 'file:///home/runner/.autorest/@autorest_core@3.5.0-ci.b8e3f92c0/node_modules/@autorest/core/dist/resources/plugin-terraform.md'
VERBOSE [2.61 s]: > Including configuration file 'file:///home/runner/.autorest/@autorest_core@3.5.0-ci.b8e3f92c0/node_modules/@autorest/core/dist/resources/plugin-azure-functions.md'
VERBOSE [2.63 s]: > Including configuration file 'file:///home/runner/.autorest/@autorest_core@3.5.0-ci.b8e3f92c0/node_modules/@autorest/core/dist/resources/graphs.md'
VERBOSE [2.65 s]: > Including configuration file 'file:///home/runner/.autorest/@autorest_core@3.5.0-ci.b8e3f92c0/node_modules/@autorest/core/dist/resources/help-configuration.md'
INFORMATION: > Loading local AutoRest extension '@autorest/bicep' (/home/runner/work/bicep-types-az/bicep-types-az/src/autorest.bicep)
VERBOSE [2.72 s]: > Including extension configuration file 'file:///home/runner/work/bicep-types-az/bicep-types-az/src/autorest.bicep/README.md'
VERBOSE [2.72 s]: > Including configuration file 'file:///home/runner/work/bicep-types-az/bicep-types-az/src/autorest.bicep/README.md'
INFORMATION: > Loading AutoRest extension '@autorest/modelerfour' (https://tinyurl.com/yhlkz69y->4.20.0-ci.b8e3f92c0)
VERBOSE [3.32 s]: > Including extension configuration file 'file:///home/runner/.autorest/@autorest_modelerfour@4.20.0-ci.b8e3f92c0/node_modules/@autorest/modelerfour/readme.md'
VERBOSE [3.32 s]: > Including configuration file 'file:///home/runner/.autorest/@autorest_modelerfour@4.20.0-ci.b8e3f92c0/node_modules/@autorest/modelerfour/readme.md'
DEBUG [3.94 s]: swagger-document/loader-swagger - START inputs = 0
DEBUG [3.94 s]: openapi-document/loader-openapi - START inputs = 0
DEBUG [3.94 s]: pipeline-emitter - START inputs = 0
DEBUG [3.94 s]: configuration-emitter - START inputs = 0
DEBUG [3.94 s]: pipeline-emitter - END [0.05 s][84 MB]
DEBUG [3.94 s]: configuration-emitter - END [0.05 s][84 MB]
VERBOSE [3.98 s]: Reading OpenAPI 2.0 file file:///home/runner/work/bicep-types-az/bicep-types-az/workflow-temp/azure-rest-api-specs/specification/machinelearningcompute/resource-manager/Microsoft.MachineLearningCompute/preview/2017-08-01-preview/machineLearningCompute.json
DEBUG [3.98 s]: openapi-document/loader-openapi - END [0.09 s][89 MB]
DEBUG [4.04 s]: openapi-document/individual/transform - SKIPPING
DEBUG [4.04 s]: openapi-document/individual/schema-validator-openapi - SKIPPING
DEBUG [4.04 s]: openapi-document/individual/identity - SKIPPING
DEBUG [4.08 s]: swagger-document/loader-swagger - END [0.2 s][89 MB]
DEBUG [4.08 s]: swagger-document/individual/transform - START inputs = 1
DEBUG [4.16 s]: swagger-document/individual/transform - END [0.07 s][92 MB]
DEBUG [4.16 s]: swagger-document/individual/schema-validator-swagger - START inputs = 1
DEBUG [4.45 s]: swagger-document/individual/schema-validator-swagger - END [0.28 s][100 MB]
DEBUG [4.45 s]: swagger-document/identity - START inputs = 1
DEBUG [4.45 s]: swagger-document/individual/identity - START inputs = 1
DEBUG [4.45 s]: swagger-document/identity - END [0 s][100 MB]
DEBUG [4.45 s]: swagger-document/individual/identity - END [0 s][100 MB]
DEBUG [4.45 s]: openapi-document/openapi-document-converter - START inputs = 1
DEBUG [4.51 s]: openapi-document/openapi-document-converter - END [0.06 s][104 MB]
DEBUG [4.51 s]: openapi-document/transform - START inputs = 1
DEBUG [4.52 s]: openapi-document/transform - END [0 s][107 MB]
DEBUG [4.52 s]: openapi-document/semantic-validator - START inputs = 1
WARNING: Semantic validation was skipped.
DEBUG [4.52 s]: openapi-document/semantic-validator - END [0 s][107 MB]
DEBUG [4.52 s]: openapi-document/allof-cleaner - START inputs = 1
DEBUG [4.53 s]: openapi-document/allof-cleaner - END [0 s][108 MB]
DEBUG [4.53 s]: openapi-document/tree-shaker - START inputs = 1
DEBUG [4.6 s]: openapi-document/tree-shaker - END [0.07 s][106 MB]
DEBUG [4.6 s]: openapi-document/multi-api-merger - START inputs = 1
DEBUG [4.68 s]: openapi-document/multi-api-merger - END [0.07 s][116 MB]
DEBUG [4.68 s]: openapi-document/components-cleaner - START inputs = 1
DEBUG [4.76 s]: openapi-document/components-cleaner - END [0.07 s][122 MB]
DEBUG [4.76 s]: openapi-document/component-modifiers - START inputs = 1
DEBUG [4.77 s]: openapi-document/component-modifiers - END [0.01 s][129 MB]
DEBUG [4.77 s]: openapi-document/api-version-parameter-handler - START inputs = 1
DEBUG [4.77 s]: openapi-document/api-version-parameter-handler - END [0 s][129 MB]
DEBUG [4.77 s]: openapi-document/profile-filter - START inputs = 1
DEBUG [4.77 s]: openapi-document/profile-filter - END [0 s][129 MB]
DEBUG [4.77 s]: openapi-document/model-deduplicator - START inputs = 1
DEBUG [4.77 s]: openapi-document/emitter - START inputs = 1
DEBUG [4.77 s]: openapi-document/model-deduplicator - END [0 s][129 MB]
DEBUG [4.77 s]: openapi-document/emitter - END [0 s][129 MB]
DEBUG [4.77 s]: openapi-document/enum-deduplicator - START inputs = 1
DEBUG [4.91 s]: openapi-document/enum-deduplicator - END [0.14 s][143 MB]
DEBUG [4.92 s]: openapi-document/subset-reducer - START inputs = 1
DEBUG [4.92 s]: openapi-document/subset-reducer - END [0 s][131 MB]
DEBUG [4.92 s]: openapi-document/quick-check - START inputs = 1
DEBUG [4.92 s]: openapi-document/multi-api/reset-identity - START inputs = 1
DEBUG [4.95 s]: openapi-document/quick-check - END [0.02 s][138 MB]
DEBUG [4.95 s]: openapi-document/multi-api/reset-identity - END [0.02 s][138 MB]
DEBUG [4.95 s]: openapi-document/multi-api/identity - START inputs = 1
DEBUG [4.95 s]: openapi-document/multi-api/identity - END [0 s][139 MB]
DEBUG [4.95 s]: openapi-document/multi-api/emitter - START inputs = 1
DEBUG [4.95 s]: prechecker - START inputs = 1
DEBUG [4.95 s]: openapi-document/multi-api/emitter - END [0 s][139 MB]

WARNING (PreCheck/SchemaMissingType): The schema 'Resource' with an undefined type and declared properties is a bit ambiguous. This has been auto-corrected to 'type:object'

WARNING (PreCheck/CheckDuplicateSchemas): Checking for duplicate schemas, this could take a (long) while.  Run with --verbose for more detail.
VERBOSE [5.04 s]: Found and removed 0 duplicate schema
DEBUG [5.27 s]: prechecker - END [0.31 s][76 MB]
DEBUG [5.27 s]: modelerfour - START inputs = 2
VERBOSE [5.33 s]:   ModelerFour/api-version-mode:client
VERBOSE [5.33 s]:   ModelerFour/api-version-parameter:constant
VERBOSE [5.33 s]:   ModelerFour/use-model-namespace:false
DEBUG [5.47 s]: modelerfour - END [0.2 s][78 MB]
DEBUG [5.47 s]: modelerfour/new-transform - START inputs = 2
DEBUG [5.47 s]: modelerfour/new-transform - END [0 s][78 MB]
DEBUG [5.47 s]: modelerfour/flattener - START inputs = 2
DEBUG [5.55 s]: modelerfour/flattener - END [0.07 s][80 MB]
DEBUG [5.55 s]: modelerfour/flattener/new-transform - START inputs = 2
DEBUG [5.55 s]: modelerfour/flattener/new-transform - END [0 s][80 MB]
DEBUG [5.55 s]: modelerfour/grouper - START inputs = 2
DEBUG [5.62 s]: modelerfour/grouper - END [0.07 s][82 MB]
DEBUG [5.62 s]: modelerfour/grouper/new-transform - START inputs = 2
DEBUG [5.62 s]: modelerfour/grouper/new-transform - END [0 s][83 MB]
DEBUG [5.62 s]: modelerfour/pre-namer - START inputs = 2
DEBUG [5.7 s]: modelerfour/pre-namer - END [0.07 s][85 MB]
DEBUG [5.7 s]: modelerfour/pre-namer/new-transform - START inputs = 2
DEBUG [5.71 s]: modelerfour/pre-namer/new-transform - END [0 s][85 MB]
DEBUG [5.71 s]: modelerfour/checker - START inputs = 4
DEBUG [5.76 s]: modelerfour/checker - END [0.05 s][87 MB]
DEBUG [5.76 s]: modelerfour/identity - START inputs = 2
DEBUG [5.76 s]: modelerfour/identity - END [0 s][87 MB]
DEBUG [5.76 s]: bicep - START inputs = 2
DEBUG [5.76 s]: modelerfour/emitter - START inputs = 2
DEBUG [5.76 s]: modelerfour/notags/emitter - START inputs = 2
DEBUG [5.76 s]: modelerfour/emitter - END [0 s][87 MB]
DEBUG [5.76 s]: modelerfour/notags/emitter - END [0 s][87 MB]
INFORMATION: autorest.bicep took 7ms
DEBUG [5.83 s]: bicep - END [0.07 s][88 MB]
DEBUG [5.83 s]: bicep/emitter - START inputs = 2
DEBUG [5.83 s]: Emitting 'bicep-files' at file:///tmp/_bcp_1625795651387/machinelearningcompute/microsoft.machinelearningcompute/2017-08-01-preview/types.json
DEBUG [5.83 s]: Emitting 'bicep-files' at file:///tmp/_bcp_1625795651387/machinelearningcompute/microsoft.machinelearningcompute/2017-08-01-preview/types.md
DEBUG [5.83 s]: bicep/emitter - END [0 s][88 MB]
Processing batch task - {"tag":"microsoft.machinelearningcompute-2017-06-01-preview"} .
VERBOSE [5.84 s]: > Including configuration file 'file:///home/runner/work/bicep-types-az/bicep-types-az/workflow-temp/azure-rest-api-specs/specification/machinelearningcompute/resource-manager/readme.bicep.md'
VERBOSE [5.85 s]: > Initial configuration file 'file:///home/runner/work/bicep-types-az/bicep-types-az/workflow-temp/azure-rest-api-specs/specification/machinelearningcompute/resource-manager/readme.md'
VERBOSE [5.85 s]: > Including configuration file 'file:///home/runner/work/bicep-types-az/bicep-types-az/workflow-temp/azure-rest-api-specs/specification/machinelearningcompute/resource-manager/readme.md'
VERBOSE [5.86 s]: > Including configuration file 'file:///home/runner/.autorest/@autorest_core@3.5.0-ci.b8e3f92c0/node_modules/@autorest/core/dist/resources/default-configuration.md'
VERBOSE [5.87 s]: > Including configuration file 'file:///home/runner/.autorest/@autorest_core@3.5.0-ci.b8e3f92c0/node_modules/@autorest/core/dist/resources/inspect.md'
VERBOSE [5.88 s]: > Including configuration file 'file:///home/runner/.autorest/@autorest_core@3.5.0-ci.b8e3f92c0/node_modules/@autorest/core/dist/resources/directives.md'
VERBOSE [5.89 s]: > Including configuration file 'file:///home/runner/.autorest/@autorest_core@3.5.0-ci.b8e3f92c0/node_modules/@autorest/core/dist/resources/pipeline.md'
VERBOSE [5.9 s]: > Including configuration file 'file:///home/runner/.autorest/@autorest_core@3.5.0-ci.b8e3f92c0/node_modules/@autorest/core/dist/resources/loader-openapi.md'
VERBOSE [5.91 s]: > Including configuration file 'file:///home/runner/.autorest/@autorest_core@3.5.0-ci.b8e3f92c0/node_modules/@autorest/core/dist/resources/miscellaneous.md'
VERBOSE [5.92 s]: > Including configuration file 'file:///home/runner/.autorest/@autorest_core@3.5.0-ci.b8e3f92c0/node_modules/@autorest/core/dist/resources/plugin-powershell.md'
VERBOSE [5.93 s]: > Including configuration file 'file:///home/runner/.autorest/@autorest_core@3.5.0-ci.b8e3f92c0/node_modules/@autorest/core/dist/resources/plugin-azureresourceschema.md'
VERBOSE [5.95 s]: > Including configuration file 'file:///home/runner/.autorest/@autorest_core@3.5.0-ci.b8e3f92c0/node_modules/@autorest/core/dist/resources/plugin-csharp.md'
VERBOSE [5.96 s]: > Including configuration file 'file:///home/runner/.autorest/@autorest_core@3.5.0-ci.b8e3f92c0/node_modules/@autorest/core/dist/resources/plugin-go.md'
VERBOSE [5.98 s]: > Including configuration file 'file:///home/runner/.autorest/@autorest_core@3.5.0-ci.b8e3f92c0/node_modules/@autorest/core/dist/resources/plugin-java.md'
VERBOSE [6 s]: > Including configuration file 'file:///home/runner/.autorest/@autorest_core@3.5.0-ci.b8e3f92c0/node_modules/@autorest/core/dist/resources/plugin-nodejs.md'
VERBOSE [6.01 s]: > Including configuration file 'file:///home/runner/.autorest/@autorest_core@3.5.0-ci.b8e3f92c0/node_modules/@autorest/core/dist/resources/plugin-php.md'
VERBOSE [6.03 s]: > Including configuration file 'file:///home/runner/.autorest/@autorest_core@3.5.0-ci.b8e3f92c0/node_modules/@autorest/core/dist/resources/plugin-python.md'
VERBOSE [6.05 s]: > Including configuration file 'file:///home/runner/.autorest/@autorest_core@3.5.0-ci.b8e3f92c0/node_modules/@autorest/core/dist/resources/plugin-ruby.md'
VERBOSE [6.06 s]: > Including configuration file 'file:///home/runner/.autorest/@autorest_core@3.5.0-ci.b8e3f92c0/node_modules/@autorest/core/dist/resources/plugin-typescript.md'
VERBOSE [6.08 s]: > Including configuration file 'file:///home/runner/.autorest/@autorest_core@3.5.0-ci.b8e3f92c0/node_modules/@autorest/core/dist/resources/plugin-validators.md'
VERBOSE [6.1 s]: > Including configuration file 'file:///home/runner/.autorest/@autorest_core@3.5.0-ci.b8e3f92c0/node_modules/@autorest/core/dist/resources/plugin-az.md'
VERBOSE [6.12 s]: > Including configuration file 'file:///home/runner/.autorest/@autorest_core@3.5.0-ci.b8e3f92c0/node_modules/@autorest/core/dist/resources/plugin-terraform.md'
VERBOSE [6.14 s]: > Including configuration file 'file:///home/runner/.autorest/@autorest_core@3.5.0-ci.b8e3f92c0/node_modules/@autorest/core/dist/resources/plugin-azure-functions.md'
VERBOSE [6.16 s]: > Including configuration file 'file:///home/runner/.autorest/@autorest_core@3.5.0-ci.b8e3f92c0/node_modules/@autorest/core/dist/resources/graphs.md'
VERBOSE [6.18 s]: > Including configuration file 'file:///home/runner/.autorest/@autorest_core@3.5.0-ci.b8e3f92c0/node_modules/@autorest/core/dist/resources/help-configuration.md'
INFORMATION: > Loading local AutoRest extension '@autorest/bicep' (/home/runner/work/bicep-types-az/bicep-types-az/src/autorest.bicep)
VERBOSE [6.25 s]: > Including extension configuration file 'file:///home/runner/work/bicep-types-az/bicep-types-az/src/autorest.bicep/README.md'
VERBOSE [6.25 s]: > Including configuration file 'file:///home/runner/work/bicep-types-az/bicep-types-az/src/autorest.bicep/README.md'
INFORMATION: > Loading AutoRest extension '@autorest/modelerfour' (https://tinyurl.com/yhlkz69y->4.20.0-ci.b8e3f92c0)
VERBOSE [6.84 s]: > Including extension configuration file 'file:///home/runner/.autorest/@autorest_modelerfour@4.20.0-ci.b8e3f92c0/node_modules/@autorest/modelerfour/readme.md'
VERBOSE [6.84 s]: > Including configuration file 'file:///home/runner/.autorest/@autorest_modelerfour@4.20.0-ci.b8e3f92c0/node_modules/@autorest/modelerfour/readme.md'
DEBUG [7.12 s]: swagger-document/loader-swagger - START inputs = 0
DEBUG [7.12 s]: openapi-document/loader-openapi - START inputs = 0
DEBUG [7.13 s]: pipeline-emitter - START inputs = 0
DEBUG [7.13 s]: configuration-emitter - START inputs = 0
DEBUG [7.13 s]: pipeline-emitter - END [0.03 s][107 MB]
DEBUG [7.13 s]: configuration-emitter - END [0.03 s][107 MB]
VERBOSE [7.13 s]: Reading OpenAPI 2.0 file file:///home/runner/work/bicep-types-az/bicep-types-az/workflow-temp/azure-rest-api-specs/specification/machinelearningcompute/resource-manager/Microsoft.MachineLearningCompute/preview/2017-06-01-preview/machineLearningCompute.json
DEBUG [7.14 s]: openapi-document/loader-openapi - END [0.04 s][111 MB]
DEBUG [7.18 s]: openapi-document/individual/transform - SKIPPING
DEBUG [7.18 s]: openapi-document/individual/schema-validator-openapi - SKIPPING
DEBUG [7.18 s]: openapi-document/individual/identity - SKIPPING
DEBUG [7.2 s]: swagger-document/loader-swagger - END [0.11 s][122 MB]
DEBUG [7.21 s]: swagger-document/individual/transform - START inputs = 1
DEBUG [7.27 s]: swagger-document/individual/transform - END [0.05 s][123 MB]
DEBUG [7.28 s]: swagger-document/individual/schema-validator-swagger - START inputs = 1
DEBUG [7.28 s]: swagger-document/individual/schema-validator-swagger - END [0 s][114 MB]
DEBUG [7.28 s]: swagger-document/identity - START inputs = 1
DEBUG [7.28 s]: swagger-document/individual/identity - START inputs = 1
DEBUG [7.28 s]: swagger-document/identity - END [0 s][115 MB]
DEBUG [7.28 s]: swagger-document/individual/identity - END [0 s][115 MB]
DEBUG [7.28 s]: openapi-document/openapi-document-converter - START inputs = 1
DEBUG [7.33 s]: openapi-document/openapi-document-converter - END [0.04 s][118 MB]
DEBUG [7.33 s]: openapi-document/transform - START inputs = 1
DEBUG [7.34 s]: openapi-document/transform - END [0 s][122 MB]
DEBUG [7.34 s]: openapi-document/semantic-validator - START inputs = 1
WARNING: Semantic validation was skipped.
DEBUG [7.34 s]: openapi-document/semantic-validator - END [0 s][122 MB]
DEBUG [7.34 s]: openapi-document/allof-cleaner - START inputs = 1
DEBUG [7.34 s]: openapi-document/allof-cleaner - END [0 s][122 MB]
DEBUG [7.34 s]: openapi-document/tree-shaker - START inputs = 1
DEBUG [7.39 s]: openapi-document/tree-shaker - END [0.04 s][133 MB]
DEBUG [7.39 s]: openapi-document/multi-api-merger - START inputs = 1
DEBUG [7.46 s]: openapi-document/multi-api-merger - END [0.06 s][132 MB]
DEBUG [7.46 s]: openapi-document/components-cleaner - START inputs = 1
DEBUG [7.53 s]: openapi-document/components-cleaner - END [0.07 s][150 MB]
DEBUG [7.54 s]: openapi-document/component-modifiers - START inputs = 1
DEBUG [7.55 s]: openapi-document/component-modifiers - END [0.01 s][147 MB]
DEBUG [7.55 s]: openapi-document/api-version-parameter-handler - START inputs = 1
DEBUG [7.55 s]: openapi-document/api-version-parameter-handler - END [0 s][147 MB]
DEBUG [7.55 s]: openapi-document/profile-filter - START inputs = 1
DEBUG [7.55 s]: openapi-document/profile-filter - END [0 s][147 MB]
DEBUG [7.55 s]: openapi-document/model-deduplicator - START inputs = 1
DEBUG [7.56 s]: openapi-document/emitter - START inputs = 1
DEBUG [7.56 s]: openapi-document/model-deduplicator - END [0 s][147 MB]
DEBUG [7.56 s]: openapi-document/emitter - END [0 s][147 MB]
DEBUG [7.56 s]: openapi-document/enum-deduplicator - START inputs = 1
DEBUG [7.66 s]: openapi-document/enum-deduplicator - END [0.1 s][162 MB]
DEBUG [7.66 s]: openapi-document/subset-reducer - START inputs = 1
DEBUG [7.66 s]: openapi-document/subset-reducer - END [0 s][149 MB]
DEBUG [7.66 s]: openapi-document/quick-check - START inputs = 1
DEBUG [7.66 s]: openapi-document/multi-api/reset-identity - START inputs = 1
DEBUG [7.68 s]: openapi-document/quick-check - END [0.01 s][157 MB]
DEBUG [7.68 s]: openapi-document/multi-api/reset-identity - END [0.01 s][157 MB]
DEBUG [7.68 s]: openapi-document/multi-api/identity - START inputs = 1
DEBUG [7.68 s]: openapi-document/multi-api/identity - END [0 s][157 MB]
DEBUG [7.68 s]: openapi-document/multi-api/emitter - START inputs = 1
DEBUG [7.68 s]: prechecker - START inputs = 1
DEBUG [7.68 s]: openapi-document/multi-api/emitter - END [0 s][157 MB]

WARNING (PreCheck/SchemaMissingType): The schema 'Resource' with an undefined type and declared properties is a bit ambiguous. This has been auto-corrected to 'type:object'

WARNING (PreCheck/CheckDuplicateSchemas): Checking for duplicate schemas, this could take a (long) while.  Run with --verbose for more detail.
VERBOSE [7.69 s]: Found and removed 0 duplicate schema
DEBUG [7.72 s]: prechecker - END [0.03 s][159 MB]
DEBUG [7.72 s]: modelerfour - START inputs = 2
VERBOSE [7.74 s]:   ModelerFour/api-version-mode:client
VERBOSE [7.74 s]:   ModelerFour/api-version-parameter:constant
VERBOSE [7.74 s]:   ModelerFour/use-model-namespace:false
DEBUG [7.83 s]: modelerfour - END [0.1 s][161 MB]
DEBUG [7.83 s]: modelerfour/new-transform - START inputs = 2
DEBUG [7.83 s]: modelerfour/new-transform - END [0 s][161 MB]
DEBUG [7.83 s]: modelerfour/flattener - START inputs = 2
DEBUG [7.88 s]: modelerfour/flattener - END [0.05 s][163 MB]
DEBUG [7.88 s]: modelerfour/flattener/new-transform - START inputs = 2
DEBUG [7.88 s]: modelerfour/flattener/new-transform - END [0 s][163 MB]
DEBUG [7.88 s]: modelerfour/grouper - START inputs = 2
DEBUG [7.93 s]: modelerfour/grouper - END [0.04 s][165 MB]
DEBUG [7.93 s]: modelerfour/grouper/new-transform - START inputs = 2
DEBUG [7.93 s]: modelerfour/grouper/new-transform - END [0 s][165 MB]
DEBUG [7.93 s]: modelerfour/pre-namer - START inputs = 2
DEBUG [8 s]: modelerfour/pre-namer - END [0.06 s][167 MB]
DEBUG [8 s]: modelerfour/pre-namer/new-transform - START inputs = 2
DEBUG [8 s]: modelerfour/pre-namer/new-transform - END [0 s][167 MB]
DEBUG [8 s]: modelerfour/checker - START inputs = 4
DEBUG [8.05 s]: modelerfour/checker - END [0.04 s][169 MB]
DEBUG [8.05 s]: modelerfour/identity - START inputs = 2
DEBUG [8.05 s]: modelerfour/identity - END [0 s][169 MB]
DEBUG [8.05 s]: bicep - START inputs = 2
DEBUG [8.05 s]: modelerfour/emitter - START inputs = 2
DEBUG [8.05 s]: modelerfour/notags/emitter - START inputs = 2
DEBUG [8.05 s]: modelerfour/emitter - END [0 s][170 MB]
DEBUG [8.05 s]: modelerfour/notags/emitter - END [0 s][170 MB]
INFORMATION: autorest.bicep took 3ms
DEBUG [8.09 s]: bicep - END [0.04 s][170 MB]
DEBUG [8.09 s]: bicep/emitter - START inputs = 2
DEBUG [8.1 s]: Emitting 'bicep-files' at file:///tmp/_bcp_1625795651387/machinelearningcompute/microsoft.machinelearningcompute/2017-06-01-preview/types.json
DEBUG [8.1 s]: Emitting 'bicep-files' at file:///tmp/_bcp_1625795651387/machinelearningcompute/microsoft.machinelearningcompute/2017-06-01-preview/types.md
DEBUG [8.1 s]: bicep/emitter - END [0 s][170 MB]
[8.1 s] Clearing Folders.
[8.1 s] Writing Outputs.
[8.1 s] Generation Complete
[8.1 s] Shutting Down.
[8.1 s] Exiting.
