WARNING: Unable to parse swagger path "$(this-folder)/Microsoft.Datadog/stable/2021-03-01/datadog.json"
WARNING: Unable to parse swagger path "$(this-folder)/Microsoft.Datadog/preview/2020-02-01-preview/datadog.json"
Executing: autorest --use=/home/runner/work/bicep-types-az/bicep-types-az/src/autorest.bicep --bicep --output-folder=/tmp/_bcp_1625795651387/datadog --multiapi --title=none --skip-semantics-validation /home/runner/work/bicep-types-az/bicep-types-az/workflow-temp/azure-rest-api-specs/specification/datadog/resource-manager/readme.md --debug --verbose
AutoRest code generation utility [cli version: 3.2.1; node: v14.17.1, max-memory: 4096 MB]
(C) 2018 Microsoft Corporation.
https://aka.ms/autorest
No configuration found at 'file:///home/runner/work/bicep-types-az/bicep-types-az/src/generator/src/cmd/'.
> Including configuration file 'file:///home/runner/work/bicep-types-az/bicep-types-az/src/generator/node_modules/autorest/dist/resources/default-configuration.md'
> Including configuration file 'file:///home/runner/work/bicep-types-az/bicep-types-az/src/generator/node_modules/autorest/dist/resources/inspect.md'
> Including configuration file 'file:///home/runner/work/bicep-types-az/bicep-types-az/src/generator/node_modules/autorest/dist/resources/directives.md'
> Including configuration file 'file:///home/runner/work/bicep-types-az/bicep-types-az/src/generator/node_modules/autorest/dist/resources/pipeline.md'
> Including configuration file 'file:///home/runner/work/bicep-types-az/bicep-types-az/src/generator/node_modules/autorest/dist/resources/loader-openapi.md'
> Including configuration file 'file:///home/runner/work/bicep-types-az/bicep-types-az/src/generator/node_modules/autorest/dist/resources/miscellaneous.md'
> Including configuration file 'file:///home/runner/work/bicep-types-az/bicep-types-az/src/generator/node_modules/autorest/dist/resources/plugin-powershell.md'
> Including configuration file 'file:///home/runner/work/bicep-types-az/bicep-types-az/src/generator/node_modules/autorest/dist/resources/plugin-azureresourceschema.md'
> Including configuration file 'file:///home/runner/work/bicep-types-az/bicep-types-az/src/generator/node_modules/autorest/dist/resources/plugin-csharp.md'
> Including configuration file 'file:///home/runner/work/bicep-types-az/bicep-types-az/src/generator/node_modules/autorest/dist/resources/plugin-go.md'
> Including configuration file 'file:///home/runner/work/bicep-types-az/bicep-types-az/src/generator/node_modules/autorest/dist/resources/plugin-java.md'
> Including configuration file 'file:///home/runner/work/bicep-types-az/bicep-types-az/src/generator/node_modules/autorest/dist/resources/plugin-nodejs.md'
> Including configuration file 'file:///home/runner/work/bicep-types-az/bicep-types-az/src/generator/node_modules/autorest/dist/resources/plugin-php.md'
> Including configuration file 'file:///home/runner/work/bicep-types-az/bicep-types-az/src/generator/node_modules/autorest/dist/resources/plugin-python.md'
> Including configuration file 'file:///home/runner/work/bicep-types-az/bicep-types-az/src/generator/node_modules/autorest/dist/resources/plugin-ruby.md'
> Including configuration file 'file:///home/runner/work/bicep-types-az/bicep-types-az/src/generator/node_modules/autorest/dist/resources/plugin-typescript.md'
> Including configuration file 'file:///home/runner/work/bicep-types-az/bicep-types-az/src/generator/node_modules/autorest/dist/resources/plugin-validators.md'
> Including configuration file 'file:///home/runner/work/bicep-types-az/bicep-types-az/src/generator/node_modules/autorest/dist/resources/plugin-az.md'
> Including configuration file 'file:///home/runner/work/bicep-types-az/bicep-types-az/src/generator/node_modules/autorest/dist/resources/plugin-terraform.md'
> Including configuration file 'file:///home/runner/work/bicep-types-az/bicep-types-az/src/generator/node_modules/autorest/dist/resources/plugin-azure-functions.md'
> Including configuration file 'file:///home/runner/work/bicep-types-az/bicep-types-az/src/generator/node_modules/autorest/dist/resources/graphs.md'
> Including configuration file 'file:///home/runner/work/bicep-types-az/bicep-types-az/src/generator/node_modules/autorest/dist/resources/help-configuration.md'
> Loading local AutoRest extension '@autorest/bicep' (/home/runner/work/bicep-types-az/bicep-types-az/src/autorest.bicep)
> Including extension configuration file 'file:///home/runner/work/bicep-types-az/bicep-types-az/src/autorest.bicep/README.md'
> Including configuration file 'file:///home/runner/work/bicep-types-az/bicep-types-az/src/autorest.bicep/README.md'
> Loading AutoRest extension '@autorest/modelerfour' (https://tinyurl.com/yhlkz69y->4.20.0-ci.b8e3f92c0)
> Including extension configuration file 'file:///home/runner/.autorest/@autorest_modelerfour@4.20.0-ci.b8e3f92c0/node_modules/@autorest/modelerfour/readme.md'
> Including configuration file 'file:///home/runner/.autorest/@autorest_modelerfour@4.20.0-ci.b8e3f92c0/node_modules/@autorest/modelerfour/readme.md'
NOTE: AutoRest core version selected from configuration: https://tinyurl.com/yfjyy27f.
Network Enabled: true

There is a new version of AutoRest available (3.2.3).
 > You can install the newer version with with npm install -g autorest@latest

Starting @autorest/core from /home/runner/.autorest/@autorest_core@3.5.0-ci.b8e3f92c0/node_modules/@autorest/core
   Loading AutoRest core      '/home/runner/.autorest/@autorest_core@3.5.0-ci.b8e3f92c0/node_modules/@autorest/core/dist' (3.5.0-ci.b8e3f92c0)
VERBOSE [0.7 s]: > Including configuration file 'file:///home/runner/work/bicep-types-az/bicep-types-az/workflow-temp/azure-rest-api-specs/specification/datadog/resource-manager/readme.bicep.md'
VERBOSE [0.71 s]: > Initial configuration file 'file:///home/runner/work/bicep-types-az/bicep-types-az/workflow-temp/azure-rest-api-specs/specification/datadog/resource-manager/readme.md'
VERBOSE [0.71 s]: > Including configuration file 'file:///home/runner/work/bicep-types-az/bicep-types-az/workflow-temp/azure-rest-api-specs/specification/datadog/resource-manager/readme.md'
VERBOSE [0.73 s]: > Including configuration file 'file:///home/runner/.autorest/@autorest_core@3.5.0-ci.b8e3f92c0/node_modules/@autorest/core/dist/resources/default-configuration.md'
VERBOSE [0.74 s]: > Including configuration file 'file:///home/runner/.autorest/@autorest_core@3.5.0-ci.b8e3f92c0/node_modules/@autorest/core/dist/resources/inspect.md'
VERBOSE [0.75 s]: > Including configuration file 'file:///home/runner/.autorest/@autorest_core@3.5.0-ci.b8e3f92c0/node_modules/@autorest/core/dist/resources/directives.md'
VERBOSE [0.77 s]: > Including configuration file 'file:///home/runner/.autorest/@autorest_core@3.5.0-ci.b8e3f92c0/node_modules/@autorest/core/dist/resources/pipeline.md'
VERBOSE [0.79 s]: > Including configuration file 'file:///home/runner/.autorest/@autorest_core@3.5.0-ci.b8e3f92c0/node_modules/@autorest/core/dist/resources/loader-openapi.md'
VERBOSE [0.81 s]: > Including configuration file 'file:///home/runner/.autorest/@autorest_core@3.5.0-ci.b8e3f92c0/node_modules/@autorest/core/dist/resources/miscellaneous.md'
VERBOSE [0.83 s]: > Including configuration file 'file:///home/runner/.autorest/@autorest_core@3.5.0-ci.b8e3f92c0/node_modules/@autorest/core/dist/resources/plugin-powershell.md'
VERBOSE [0.85 s]: > Including configuration file 'file:///home/runner/.autorest/@autorest_core@3.5.0-ci.b8e3f92c0/node_modules/@autorest/core/dist/resources/plugin-azureresourceschema.md'
VERBOSE [0.86 s]: > Including configuration file 'file:///home/runner/.autorest/@autorest_core@3.5.0-ci.b8e3f92c0/node_modules/@autorest/core/dist/resources/plugin-csharp.md'
VERBOSE [0.88 s]: > Including configuration file 'file:///home/runner/.autorest/@autorest_core@3.5.0-ci.b8e3f92c0/node_modules/@autorest/core/dist/resources/plugin-go.md'
VERBOSE [0.89 s]: > Including configuration file 'file:///home/runner/.autorest/@autorest_core@3.5.0-ci.b8e3f92c0/node_modules/@autorest/core/dist/resources/plugin-java.md'
VERBOSE [0.91 s]: > Including configuration file 'file:///home/runner/.autorest/@autorest_core@3.5.0-ci.b8e3f92c0/node_modules/@autorest/core/dist/resources/plugin-nodejs.md'
VERBOSE [0.93 s]: > Including configuration file 'file:///home/runner/.autorest/@autorest_core@3.5.0-ci.b8e3f92c0/node_modules/@autorest/core/dist/resources/plugin-php.md'
VERBOSE [0.95 s]: > Including configuration file 'file:///home/runner/.autorest/@autorest_core@3.5.0-ci.b8e3f92c0/node_modules/@autorest/core/dist/resources/plugin-python.md'
VERBOSE [0.97 s]: > Including configuration file 'file:///home/runner/.autorest/@autorest_core@3.5.0-ci.b8e3f92c0/node_modules/@autorest/core/dist/resources/plugin-ruby.md'
VERBOSE [0.99 s]: > Including configuration file 'file:///home/runner/.autorest/@autorest_core@3.5.0-ci.b8e3f92c0/node_modules/@autorest/core/dist/resources/plugin-typescript.md'
VERBOSE [1.01 s]: > Including configuration file 'file:///home/runner/.autorest/@autorest_core@3.5.0-ci.b8e3f92c0/node_modules/@autorest/core/dist/resources/plugin-validators.md'
VERBOSE [1.04 s]: > Including configuration file 'file:///home/runner/.autorest/@autorest_core@3.5.0-ci.b8e3f92c0/node_modules/@autorest/core/dist/resources/plugin-az.md'
VERBOSE [1.06 s]: > Including configuration file 'file:///home/runner/.autorest/@autorest_core@3.5.0-ci.b8e3f92c0/node_modules/@autorest/core/dist/resources/plugin-terraform.md'
VERBOSE [1.08 s]: > Including configuration file 'file:///home/runner/.autorest/@autorest_core@3.5.0-ci.b8e3f92c0/node_modules/@autorest/core/dist/resources/plugin-azure-functions.md'
VERBOSE [1.11 s]: > Including configuration file 'file:///home/runner/.autorest/@autorest_core@3.5.0-ci.b8e3f92c0/node_modules/@autorest/core/dist/resources/graphs.md'
VERBOSE [1.13 s]: > Including configuration file 'file:///home/runner/.autorest/@autorest_core@3.5.0-ci.b8e3f92c0/node_modules/@autorest/core/dist/resources/help-configuration.md'
INFORMATION: > Loading local AutoRest extension '@autorest/bicep' (/home/runner/work/bicep-types-az/bicep-types-az/src/autorest.bicep)
VERBOSE [1.2 s]: > Including extension configuration file 'file:///home/runner/work/bicep-types-az/bicep-types-az/src/autorest.bicep/README.md'
VERBOSE [1.21 s]: > Including configuration file 'file:///home/runner/work/bicep-types-az/bicep-types-az/src/autorest.bicep/README.md'
INFORMATION: > Loading AutoRest extension '@autorest/modelerfour' (https://tinyurl.com/yhlkz69y->4.20.0-ci.b8e3f92c0)
VERBOSE [2.06 s]: > Including extension configuration file 'file:///home/runner/.autorest/@autorest_modelerfour@4.20.0-ci.b8e3f92c0/node_modules/@autorest/modelerfour/readme.md'
VERBOSE [2.06 s]: > Including configuration file 'file:///home/runner/.autorest/@autorest_modelerfour@4.20.0-ci.b8e3f92c0/node_modules/@autorest/modelerfour/readme.md'
Processing batch task - {"tag":"microsoft.datadog-2021-03-01"} .
VERBOSE [2.28 s]: > Including configuration file 'file:///home/runner/work/bicep-types-az/bicep-types-az/workflow-temp/azure-rest-api-specs/specification/datadog/resource-manager/readme.bicep.md'
VERBOSE [2.28 s]: > Initial configuration file 'file:///home/runner/work/bicep-types-az/bicep-types-az/workflow-temp/azure-rest-api-specs/specification/datadog/resource-manager/readme.md'
VERBOSE [2.28 s]: > Including configuration file 'file:///home/runner/work/bicep-types-az/bicep-types-az/workflow-temp/azure-rest-api-specs/specification/datadog/resource-manager/readme.md'
VERBOSE [2.29 s]: > Including configuration file 'file:///home/runner/.autorest/@autorest_core@3.5.0-ci.b8e3f92c0/node_modules/@autorest/core/dist/resources/default-configuration.md'
VERBOSE [2.3 s]: > Including configuration file 'file:///home/runner/.autorest/@autorest_core@3.5.0-ci.b8e3f92c0/node_modules/@autorest/core/dist/resources/inspect.md'
VERBOSE [2.3 s]: > Including configuration file 'file:///home/runner/.autorest/@autorest_core@3.5.0-ci.b8e3f92c0/node_modules/@autorest/core/dist/resources/directives.md'
VERBOSE [2.32 s]: > Including configuration file 'file:///home/runner/.autorest/@autorest_core@3.5.0-ci.b8e3f92c0/node_modules/@autorest/core/dist/resources/pipeline.md'
VERBOSE [2.33 s]: > Including configuration file 'file:///home/runner/.autorest/@autorest_core@3.5.0-ci.b8e3f92c0/node_modules/@autorest/core/dist/resources/loader-openapi.md'
VERBOSE [2.34 s]: > Including configuration file 'file:///home/runner/.autorest/@autorest_core@3.5.0-ci.b8e3f92c0/node_modules/@autorest/core/dist/resources/miscellaneous.md'
VERBOSE [2.36 s]: > Including configuration file 'file:///home/runner/.autorest/@autorest_core@3.5.0-ci.b8e3f92c0/node_modules/@autorest/core/dist/resources/plugin-powershell.md'
VERBOSE [2.37 s]: > Including configuration file 'file:///home/runner/.autorest/@autorest_core@3.5.0-ci.b8e3f92c0/node_modules/@autorest/core/dist/resources/plugin-azureresourceschema.md'
VERBOSE [2.38 s]: > Including configuration file 'file:///home/runner/.autorest/@autorest_core@3.5.0-ci.b8e3f92c0/node_modules/@autorest/core/dist/resources/plugin-csharp.md'
VERBOSE [2.4 s]: > Including configuration file 'file:///home/runner/.autorest/@autorest_core@3.5.0-ci.b8e3f92c0/node_modules/@autorest/core/dist/resources/plugin-go.md'
VERBOSE [2.41 s]: > Including configuration file 'file:///home/runner/.autorest/@autorest_core@3.5.0-ci.b8e3f92c0/node_modules/@autorest/core/dist/resources/plugin-java.md'
VERBOSE [2.43 s]: > Including configuration file 'file:///home/runner/.autorest/@autorest_core@3.5.0-ci.b8e3f92c0/node_modules/@autorest/core/dist/resources/plugin-nodejs.md'
VERBOSE [2.44 s]: > Including configuration file 'file:///home/runner/.autorest/@autorest_core@3.5.0-ci.b8e3f92c0/node_modules/@autorest/core/dist/resources/plugin-php.md'
VERBOSE [2.46 s]: > Including configuration file 'file:///home/runner/.autorest/@autorest_core@3.5.0-ci.b8e3f92c0/node_modules/@autorest/core/dist/resources/plugin-python.md'
VERBOSE [2.47 s]: > Including configuration file 'file:///home/runner/.autorest/@autorest_core@3.5.0-ci.b8e3f92c0/node_modules/@autorest/core/dist/resources/plugin-ruby.md'
VERBOSE [2.49 s]: > Including configuration file 'file:///home/runner/.autorest/@autorest_core@3.5.0-ci.b8e3f92c0/node_modules/@autorest/core/dist/resources/plugin-typescript.md'
VERBOSE [2.51 s]: > Including configuration file 'file:///home/runner/.autorest/@autorest_core@3.5.0-ci.b8e3f92c0/node_modules/@autorest/core/dist/resources/plugin-validators.md'
VERBOSE [2.53 s]: > Including configuration file 'file:///home/runner/.autorest/@autorest_core@3.5.0-ci.b8e3f92c0/node_modules/@autorest/core/dist/resources/plugin-az.md'
VERBOSE [2.55 s]: > Including configuration file 'file:///home/runner/.autorest/@autorest_core@3.5.0-ci.b8e3f92c0/node_modules/@autorest/core/dist/resources/plugin-terraform.md'
VERBOSE [2.57 s]: > Including configuration file 'file:///home/runner/.autorest/@autorest_core@3.5.0-ci.b8e3f92c0/node_modules/@autorest/core/dist/resources/plugin-azure-functions.md'
VERBOSE [2.59 s]: > Including configuration file 'file:///home/runner/.autorest/@autorest_core@3.5.0-ci.b8e3f92c0/node_modules/@autorest/core/dist/resources/graphs.md'
VERBOSE [2.61 s]: > Including configuration file 'file:///home/runner/.autorest/@autorest_core@3.5.0-ci.b8e3f92c0/node_modules/@autorest/core/dist/resources/help-configuration.md'
INFORMATION: > Loading local AutoRest extension '@autorest/bicep' (/home/runner/work/bicep-types-az/bicep-types-az/src/autorest.bicep)
VERBOSE [2.68 s]: > Including extension configuration file 'file:///home/runner/work/bicep-types-az/bicep-types-az/src/autorest.bicep/README.md'
VERBOSE [2.68 s]: > Including configuration file 'file:///home/runner/work/bicep-types-az/bicep-types-az/src/autorest.bicep/README.md'
INFORMATION: > Loading AutoRest extension '@autorest/modelerfour' (https://tinyurl.com/yhlkz69y->4.20.0-ci.b8e3f92c0)
VERBOSE [3.25 s]: > Including extension configuration file 'file:///home/runner/.autorest/@autorest_modelerfour@4.20.0-ci.b8e3f92c0/node_modules/@autorest/modelerfour/readme.md'
VERBOSE [3.26 s]: > Including configuration file 'file:///home/runner/.autorest/@autorest_modelerfour@4.20.0-ci.b8e3f92c0/node_modules/@autorest/modelerfour/readme.md'
DEBUG [3.86 s]: swagger-document/loader-swagger - START inputs = 0
DEBUG [3.86 s]: openapi-document/loader-openapi - START inputs = 0
DEBUG [3.86 s]: pipeline-emitter - START inputs = 0
DEBUG [3.86 s]: configuration-emitter - START inputs = 0
DEBUG [3.86 s]: pipeline-emitter - END [0.04 s][82 MB]
DEBUG [3.86 s]: configuration-emitter - END [0.05 s][82 MB]
VERBOSE [3.91 s]: Reading OpenAPI 2.0 file file:///home/runner/work/bicep-types-az/bicep-types-az/workflow-temp/azure-rest-api-specs/specification/datadog/resource-manager/Microsoft.Datadog/stable/2021-03-01/datadog.json
DEBUG [3.91 s]: openapi-document/loader-openapi - END [0.09 s][90 MB]
VERBOSE [4.01 s]: Reading $ref'd file file:///home/runner/work/bicep-types-az/bicep-types-az/workflow-temp/azure-rest-api-specs/specification/common-types/resource-management/v1/types.json
DEBUG [4.01 s]: openapi-document/individual/transform - SKIPPING
DEBUG [4.01 s]: openapi-document/individual/schema-validator-openapi - SKIPPING
DEBUG [4.01 s]: openapi-document/individual/identity - SKIPPING
VERBOSE [4.06 s]: Reading $ref'd file file:///home/runner/work/bicep-types-az/bicep-types-az/workflow-temp/azure-rest-api-specs/specification/common-types/resource-management/v2/types.json
DEBUG [4.14 s]: swagger-document/loader-swagger - END [0.32 s][104 MB]
DEBUG [4.14 s]: swagger-document/individual/transform - START inputs = 3
DEBUG [4.28 s]: swagger-document/individual/transform - END [0.13 s][110 MB]
DEBUG [4.28 s]: swagger-document/individual/schema-validator-swagger - START inputs = 3
DEBUG [4.57 s]: swagger-document/individual/schema-validator-swagger - END [0.29 s][108 MB]
DEBUG [4.58 s]: swagger-document/identity - START inputs = 3
DEBUG [4.58 s]: swagger-document/individual/identity - START inputs = 3
DEBUG [4.58 s]: swagger-document/identity - END [0 s][108 MB]
DEBUG [4.58 s]: swagger-document/individual/identity - END [0 s][108 MB]
DEBUG [4.58 s]: openapi-document/openapi-document-converter - START inputs = 3
DEBUG [4.67 s]: openapi-document/openapi-document-converter - END [0.09 s][112 MB]
DEBUG [4.67 s]: openapi-document/transform - START inputs = 3
DEBUG [4.68 s]: openapi-document/transform - END [0 s][119 MB]
DEBUG [4.68 s]: openapi-document/semantic-validator - START inputs = 3
WARNING: Semantic validation was skipped.
DEBUG [4.68 s]: openapi-document/semantic-validator - END [0 s][119 MB]
DEBUG [4.69 s]: openapi-document/allof-cleaner - START inputs = 3
DEBUG [4.69 s]: openapi-document/allof-cleaner - END [0 s][120 MB]
DEBUG [4.69 s]: openapi-document/tree-shaker - START inputs = 3
DEBUG [4.81 s]: openapi-document/tree-shaker - END [0.11 s][131 MB]
DEBUG [4.81 s]: openapi-document/multi-api-merger - START inputs = 3
DEBUG [4.97 s]: openapi-document/multi-api-merger - END [0.15 s][147 MB]
DEBUG [4.97 s]: openapi-document/components-cleaner - START inputs = 1
DEBUG [5.17 s]: openapi-document/components-cleaner - END [0.2 s][92 MB]
DEBUG [5.17 s]: openapi-document/component-modifiers - START inputs = 1
DEBUG [5.19 s]: openapi-document/component-modifiers - END [0.01 s][103 MB]
DEBUG [5.19 s]: openapi-document/api-version-parameter-handler - START inputs = 1
DEBUG [5.19 s]: openapi-document/api-version-parameter-handler - END [0 s][103 MB]
DEBUG [5.19 s]: openapi-document/profile-filter - START inputs = 1
DEBUG [5.19 s]: openapi-document/profile-filter - END [0 s][103 MB]
DEBUG [5.19 s]: openapi-document/model-deduplicator - START inputs = 1
DEBUG [5.19 s]: openapi-document/emitter - START inputs = 1
DEBUG [5.19 s]: openapi-document/model-deduplicator - END [0 s][103 MB]
DEBUG [5.19 s]: openapi-document/emitter - END [0 s][103 MB]
DEBUG [5.19 s]: openapi-document/enum-deduplicator - START inputs = 1
DEBUG [5.35 s]: openapi-document/enum-deduplicator - END [0.16 s][118 MB]
DEBUG [5.36 s]: openapi-document/subset-reducer - START inputs = 1
DEBUG [5.36 s]: openapi-document/subset-reducer - END [0 s][106 MB]
DEBUG [5.36 s]: openapi-document/quick-check - START inputs = 1
DEBUG [5.36 s]: openapi-document/multi-api/reset-identity - START inputs = 1
DEBUG [5.37 s]: openapi-document/quick-check - END [0.01 s][117 MB]
DEBUG [5.37 s]: openapi-document/multi-api/reset-identity - END [0.01 s][117 MB]
DEBUG [5.37 s]: openapi-document/multi-api/identity - START inputs = 1
DEBUG [5.37 s]: openapi-document/multi-api/identity - END [0 s][117 MB]
DEBUG [5.38 s]: openapi-document/multi-api/emitter - START inputs = 1
DEBUG [5.38 s]: prechecker - START inputs = 1
DEBUG [5.38 s]: openapi-document/multi-api/emitter - END [0 s][117 MB]

WARNING (PreCheck/CheckDuplicateSchemas): Checking for duplicate schemas, this could take a (long) while.  Run with --verbose for more detail.
VERBOSE [5.43 s]: Found and removed 0 duplicate schema
DEBUG [5.7 s]: prechecker - END [0.32 s][120 MB]
DEBUG [5.7 s]: modelerfour - START inputs = 2
VERBOSE [5.76 s]:   ModelerFour/api-version-mode:client
VERBOSE [5.76 s]:   ModelerFour/api-version-parameter:constant
VERBOSE [5.76 s]:   ModelerFour/use-model-namespace:false
DEBUG [5.97 s]: modelerfour - END [0.26 s][123 MB]
DEBUG [5.97 s]: modelerfour/new-transform - START inputs = 2
DEBUG [5.97 s]: modelerfour/new-transform - END [0 s][123 MB]
DEBUG [5.97 s]: modelerfour/flattener - START inputs = 2
DEBUG [6.1 s]: modelerfour/flattener - END [0.12 s][126 MB]
DEBUG [6.1 s]: modelerfour/flattener/new-transform - START inputs = 2
DEBUG [6.1 s]: modelerfour/flattener/new-transform - END [0 s][126 MB]
DEBUG [6.1 s]: modelerfour/grouper - START inputs = 2
DEBUG [6.18 s]: modelerfour/grouper - END [0.08 s][128 MB]
DEBUG [6.18 s]: modelerfour/grouper/new-transform - START inputs = 2
DEBUG [6.18 s]: modelerfour/grouper/new-transform - END [0 s][128 MB]
DEBUG [6.18 s]: modelerfour/pre-namer - START inputs = 2
DEBUG [6.3 s]: modelerfour/pre-namer - END [0.11 s][116 MB]
DEBUG [6.3 s]: modelerfour/pre-namer/new-transform - START inputs = 2
DEBUG [6.3 s]: modelerfour/pre-namer/new-transform - END [0 s][116 MB]
DEBUG [6.3 s]: modelerfour/checker - START inputs = 4
DEBUG [6.38 s]: modelerfour/checker - END [0.07 s][119 MB]
DEBUG [6.38 s]: modelerfour/identity - START inputs = 2
DEBUG [6.38 s]: modelerfour/identity - END [0 s][119 MB]
DEBUG [6.38 s]: bicep - START inputs = 2
DEBUG [6.38 s]: modelerfour/emitter - START inputs = 2
DEBUG [6.38 s]: modelerfour/notags/emitter - START inputs = 2
DEBUG [6.38 s]: modelerfour/emitter - END [0 s][119 MB]
DEBUG [6.38 s]: modelerfour/notags/emitter - END [0 s][119 MB]
INFORMATION: autorest.bicep took 8ms
DEBUG [6.46 s]: bicep - END [0.07 s][120 MB]
DEBUG [6.46 s]: bicep/emitter - START inputs = 2
DEBUG [6.46 s]: Emitting 'bicep-files' at file:///tmp/_bcp_1625795651387/datadog/microsoft.datadog/2021-03-01/types.json
DEBUG [6.46 s]: Emitting 'bicep-files' at file:///tmp/_bcp_1625795651387/datadog/microsoft.datadog/2021-03-01/types.md
DEBUG [6.46 s]: bicep/emitter - END [0 s][120 MB]
Processing batch task - {"tag":"microsoft.datadog-2020-02-01-preview"} .
VERBOSE [6.47 s]: > Including configuration file 'file:///home/runner/work/bicep-types-az/bicep-types-az/workflow-temp/azure-rest-api-specs/specification/datadog/resource-manager/readme.bicep.md'
VERBOSE [6.47 s]: > Initial configuration file 'file:///home/runner/work/bicep-types-az/bicep-types-az/workflow-temp/azure-rest-api-specs/specification/datadog/resource-manager/readme.md'
VERBOSE [6.47 s]: > Including configuration file 'file:///home/runner/work/bicep-types-az/bicep-types-az/workflow-temp/azure-rest-api-specs/specification/datadog/resource-manager/readme.md'
VERBOSE [6.48 s]: > Including configuration file 'file:///home/runner/.autorest/@autorest_core@3.5.0-ci.b8e3f92c0/node_modules/@autorest/core/dist/resources/default-configuration.md'
VERBOSE [6.49 s]: > Including configuration file 'file:///home/runner/.autorest/@autorest_core@3.5.0-ci.b8e3f92c0/node_modules/@autorest/core/dist/resources/inspect.md'
VERBOSE [6.5 s]: > Including configuration file 'file:///home/runner/.autorest/@autorest_core@3.5.0-ci.b8e3f92c0/node_modules/@autorest/core/dist/resources/directives.md'
VERBOSE [6.51 s]: > Including configuration file 'file:///home/runner/.autorest/@autorest_core@3.5.0-ci.b8e3f92c0/node_modules/@autorest/core/dist/resources/pipeline.md'
VERBOSE [6.52 s]: > Including configuration file 'file:///home/runner/.autorest/@autorest_core@3.5.0-ci.b8e3f92c0/node_modules/@autorest/core/dist/resources/loader-openapi.md'
VERBOSE [6.53 s]: > Including configuration file 'file:///home/runner/.autorest/@autorest_core@3.5.0-ci.b8e3f92c0/node_modules/@autorest/core/dist/resources/miscellaneous.md'
VERBOSE [6.54 s]: > Including configuration file 'file:///home/runner/.autorest/@autorest_core@3.5.0-ci.b8e3f92c0/node_modules/@autorest/core/dist/resources/plugin-powershell.md'
VERBOSE [6.55 s]: > Including configuration file 'file:///home/runner/.autorest/@autorest_core@3.5.0-ci.b8e3f92c0/node_modules/@autorest/core/dist/resources/plugin-azureresourceschema.md'
VERBOSE [6.57 s]: > Including configuration file 'file:///home/runner/.autorest/@autorest_core@3.5.0-ci.b8e3f92c0/node_modules/@autorest/core/dist/resources/plugin-csharp.md'
VERBOSE [6.58 s]: > Including configuration file 'file:///home/runner/.autorest/@autorest_core@3.5.0-ci.b8e3f92c0/node_modules/@autorest/core/dist/resources/plugin-go.md'
VERBOSE [6.6 s]: > Including configuration file 'file:///home/runner/.autorest/@autorest_core@3.5.0-ci.b8e3f92c0/node_modules/@autorest/core/dist/resources/plugin-java.md'
VERBOSE [6.62 s]: > Including configuration file 'file:///home/runner/.autorest/@autorest_core@3.5.0-ci.b8e3f92c0/node_modules/@autorest/core/dist/resources/plugin-nodejs.md'
VERBOSE [6.63 s]: > Including configuration file 'file:///home/runner/.autorest/@autorest_core@3.5.0-ci.b8e3f92c0/node_modules/@autorest/core/dist/resources/plugin-php.md'
VERBOSE [6.65 s]: > Including configuration file 'file:///home/runner/.autorest/@autorest_core@3.5.0-ci.b8e3f92c0/node_modules/@autorest/core/dist/resources/plugin-python.md'
VERBOSE [6.67 s]: > Including configuration file 'file:///home/runner/.autorest/@autorest_core@3.5.0-ci.b8e3f92c0/node_modules/@autorest/core/dist/resources/plugin-ruby.md'
VERBOSE [6.69 s]: > Including configuration file 'file:///home/runner/.autorest/@autorest_core@3.5.0-ci.b8e3f92c0/node_modules/@autorest/core/dist/resources/plugin-typescript.md'
VERBOSE [6.7 s]: > Including configuration file 'file:///home/runner/.autorest/@autorest_core@3.5.0-ci.b8e3f92c0/node_modules/@autorest/core/dist/resources/plugin-validators.md'
VERBOSE [6.72 s]: > Including configuration file 'file:///home/runner/.autorest/@autorest_core@3.5.0-ci.b8e3f92c0/node_modules/@autorest/core/dist/resources/plugin-az.md'
VERBOSE [6.74 s]: > Including configuration file 'file:///home/runner/.autorest/@autorest_core@3.5.0-ci.b8e3f92c0/node_modules/@autorest/core/dist/resources/plugin-terraform.md'
VERBOSE [6.76 s]: > Including configuration file 'file:///home/runner/.autorest/@autorest_core@3.5.0-ci.b8e3f92c0/node_modules/@autorest/core/dist/resources/plugin-azure-functions.md'
VERBOSE [6.78 s]: > Including configuration file 'file:///home/runner/.autorest/@autorest_core@3.5.0-ci.b8e3f92c0/node_modules/@autorest/core/dist/resources/graphs.md'
VERBOSE [6.8 s]: > Including configuration file 'file:///home/runner/.autorest/@autorest_core@3.5.0-ci.b8e3f92c0/node_modules/@autorest/core/dist/resources/help-configuration.md'
INFORMATION: > Loading local AutoRest extension '@autorest/bicep' (/home/runner/work/bicep-types-az/bicep-types-az/src/autorest.bicep)
VERBOSE [6.87 s]: > Including extension configuration file 'file:///home/runner/work/bicep-types-az/bicep-types-az/src/autorest.bicep/README.md'
VERBOSE [6.87 s]: > Including configuration file 'file:///home/runner/work/bicep-types-az/bicep-types-az/src/autorest.bicep/README.md'
INFORMATION: > Loading AutoRest extension '@autorest/modelerfour' (https://tinyurl.com/yhlkz69y->4.20.0-ci.b8e3f92c0)
VERBOSE [7.45 s]: > Including extension configuration file 'file:///home/runner/.autorest/@autorest_modelerfour@4.20.0-ci.b8e3f92c0/node_modules/@autorest/modelerfour/readme.md'
VERBOSE [7.46 s]: > Including configuration file 'file:///home/runner/.autorest/@autorest_modelerfour@4.20.0-ci.b8e3f92c0/node_modules/@autorest/modelerfour/readme.md'
DEBUG [7.74 s]: swagger-document/loader-swagger - START inputs = 0
DEBUG [7.74 s]: openapi-document/loader-openapi - START inputs = 0
DEBUG [7.74 s]: pipeline-emitter - START inputs = 0
DEBUG [7.74 s]: configuration-emitter - START inputs = 0
DEBUG [7.74 s]: pipeline-emitter - END [0.03 s][144 MB]
DEBUG [7.74 s]: configuration-emitter - END [0.04 s][144 MB]
VERBOSE [7.75 s]: Reading OpenAPI 2.0 file file:///home/runner/work/bicep-types-az/bicep-types-az/workflow-temp/azure-rest-api-specs/specification/datadog/resource-manager/Microsoft.Datadog/preview/2020-02-01-preview/datadog.json
DEBUG [7.75 s]: openapi-document/loader-openapi - END [0.05 s][151 MB]
VERBOSE [7.8 s]: Reading $ref'd file file:///home/runner/work/bicep-types-az/bicep-types-az/workflow-temp/azure-rest-api-specs/specification/common-types/resource-management/v1/types.json
DEBUG [7.81 s]: openapi-document/individual/transform - SKIPPING
DEBUG [7.81 s]: openapi-document/individual/schema-validator-openapi - SKIPPING
DEBUG [7.81 s]: openapi-document/individual/identity - SKIPPING
DEBUG [7.87 s]: swagger-document/loader-swagger - END [0.16 s][165 MB]
DEBUG [7.87 s]: swagger-document/individual/transform - START inputs = 2
DEBUG [7.98 s]: swagger-document/individual/transform - END [0.1 s][165 MB]
DEBUG [7.98 s]: swagger-document/individual/schema-validator-swagger - START inputs = 2
DEBUG [7.99 s]: swagger-document/individual/schema-validator-swagger - END [0 s][166 MB]
DEBUG [7.99 s]: swagger-document/identity - START inputs = 2
DEBUG [7.99 s]: swagger-document/individual/identity - START inputs = 2
DEBUG [7.99 s]: swagger-document/identity - END [0 s][166 MB]
DEBUG [7.99 s]: swagger-document/individual/identity - END [0 s][166 MB]
DEBUG [7.99 s]: openapi-document/openapi-document-converter - START inputs = 2
DEBUG [8.04 s]: openapi-document/openapi-document-converter - END [0.05 s][166 MB]
DEBUG [8.04 s]: openapi-document/transform - START inputs = 2
DEBUG [8.05 s]: openapi-document/transform - END [0 s][171 MB]
DEBUG [8.05 s]: openapi-document/semantic-validator - START inputs = 2
WARNING: Semantic validation was skipped.
DEBUG [8.05 s]: openapi-document/semantic-validator - END [0 s][171 MB]
DEBUG [8.05 s]: openapi-document/allof-cleaner - START inputs = 2
DEBUG [8.05 s]: openapi-document/allof-cleaner - END [0 s][172 MB]
DEBUG [8.05 s]: openapi-document/tree-shaker - START inputs = 2
DEBUG [8.14 s]: openapi-document/tree-shaker - END [0.08 s][175 MB]
DEBUG [8.14 s]: openapi-document/multi-api-merger - START inputs = 2
DEBUG [8.25 s]: openapi-document/multi-api-merger - END [0.1 s][198 MB]
DEBUG [8.25 s]: openapi-document/components-cleaner - START inputs = 1
DEBUG [8.36 s]: openapi-document/components-cleaner - END [0.1 s][202 MB]
DEBUG [8.36 s]: openapi-document/component-modifiers - START inputs = 1
DEBUG [8.38 s]: openapi-document/component-modifiers - END [0.01 s][213 MB]
DEBUG [8.39 s]: openapi-document/api-version-parameter-handler - START inputs = 1
DEBUG [8.39 s]: openapi-document/api-version-parameter-handler - END [0 s][206 MB]
DEBUG [8.39 s]: openapi-document/profile-filter - START inputs = 1
DEBUG [8.39 s]: openapi-document/profile-filter - END [0 s][207 MB]
DEBUG [8.39 s]: openapi-document/model-deduplicator - START inputs = 1
DEBUG [8.39 s]: openapi-document/emitter - START inputs = 1
DEBUG [8.39 s]: openapi-document/model-deduplicator - END [0 s][207 MB]
DEBUG [8.39 s]: openapi-document/emitter - END [0 s][207 MB]
DEBUG [8.39 s]: openapi-document/enum-deduplicator - START inputs = 1
DEBUG [8.52 s]: openapi-document/enum-deduplicator - END [0.12 s][228 MB]
DEBUG [8.53 s]: openapi-document/subset-reducer - START inputs = 1
DEBUG [8.53 s]: openapi-document/subset-reducer - END [0 s][215 MB]
DEBUG [8.53 s]: openapi-document/quick-check - START inputs = 1
DEBUG [8.53 s]: openapi-document/multi-api/reset-identity - START inputs = 1
DEBUG [8.54 s]: openapi-document/quick-check - END [0.01 s][225 MB]
DEBUG [8.54 s]: openapi-document/multi-api/reset-identity - END [0.01 s][225 MB]
DEBUG [8.55 s]: openapi-document/multi-api/identity - START inputs = 1
DEBUG [8.55 s]: openapi-document/multi-api/identity - END [0 s][225 MB]
DEBUG [8.55 s]: openapi-document/multi-api/emitter - START inputs = 1
DEBUG [8.55 s]: prechecker - START inputs = 1
DEBUG [8.55 s]: openapi-document/multi-api/emitter - END [0 s][226 MB]

WARNING (PreCheck/CheckDuplicateSchemas): Checking for duplicate schemas, this could take a (long) while.  Run with --verbose for more detail.
VERBOSE [8.56 s]: Found and removed 0 duplicate schema
DEBUG [8.6 s]: prechecker - END [0.05 s][228 MB]
DEBUG [8.6 s]: modelerfour - START inputs = 2
VERBOSE [8.62 s]:   ModelerFour/api-version-mode:client
VERBOSE [8.62 s]:   ModelerFour/api-version-parameter:constant
VERBOSE [8.62 s]:   ModelerFour/use-model-namespace:false
DEBUG [8.77 s]: modelerfour - END [0.16 s][231 MB]
DEBUG [8.77 s]: modelerfour/new-transform - START inputs = 2
DEBUG [8.77 s]: modelerfour/new-transform - END [0 s][231 MB]
DEBUG [8.77 s]: modelerfour/flattener - START inputs = 2
DEBUG [8.84 s]: modelerfour/flattener - END [0.07 s][234 MB]
DEBUG [8.84 s]: modelerfour/flattener/new-transform - START inputs = 2
DEBUG [8.84 s]: modelerfour/flattener/new-transform - END [0 s][234 MB]
DEBUG [8.84 s]: modelerfour/grouper - START inputs = 2
DEBUG [8.91 s]: modelerfour/grouper - END [0.07 s][236 MB]
DEBUG [8.91 s]: modelerfour/grouper/new-transform - START inputs = 2
DEBUG [8.91 s]: modelerfour/grouper/new-transform - END [0 s][236 MB]
DEBUG [8.92 s]: modelerfour/pre-namer - START inputs = 2
DEBUG [9.02 s]: modelerfour/pre-namer - END [0.09 s][224 MB]
DEBUG [9.02 s]: modelerfour/pre-namer/new-transform - START inputs = 2
DEBUG [9.02 s]: modelerfour/pre-namer/new-transform - END [0 s][224 MB]
DEBUG [9.02 s]: modelerfour/checker - START inputs = 4
DEBUG [9.09 s]: modelerfour/checker - END [0.07 s][227 MB]
DEBUG [9.09 s]: modelerfour/identity - START inputs = 2
DEBUG [9.09 s]: modelerfour/identity - END [0 s][227 MB]
DEBUG [9.09 s]: bicep - START inputs = 2
DEBUG [9.09 s]: modelerfour/emitter - START inputs = 2
DEBUG [9.09 s]: modelerfour/notags/emitter - START inputs = 2
DEBUG [9.09 s]: modelerfour/emitter - END [0 s][227 MB]
DEBUG [9.09 s]: modelerfour/notags/emitter - END [0 s][227 MB]
INFORMATION: autorest.bicep took 3ms
DEBUG [9.14 s]: bicep - END [0.04 s][228 MB]
DEBUG [9.14 s]: bicep/emitter - START inputs = 2
DEBUG [9.14 s]: Emitting 'bicep-files' at file:///tmp/_bcp_1625795651387/datadog/microsoft.datadog/2020-02-01-preview/types.json
DEBUG [9.14 s]: Emitting 'bicep-files' at file:///tmp/_bcp_1625795651387/datadog/microsoft.datadog/2020-02-01-preview/types.md
DEBUG [9.14 s]: bicep/emitter - END [0 s][228 MB]
[9.14 s] Clearing Folders.
[9.14 s] Writing Outputs.
[9.14 s] Generation Complete
[9.14 s] Shutting Down.
[9.14 s] Exiting.
